<module 'opts' from '/u/suhubdyd/research/projects/jumble_lstm/code/auxiliary-nmt/opts.pyc'>
Namespace(batch_size=64, brnn=False, brnn_merge='concat', cnn_kernel_width=3, context_gate=None, copy_attn=False, copy_attn_force=False, coverage_attn=False, data='/data/lisatmp3/suhubdyd/multi30k.atok.low', dec_layers=1, decay_method='', decoder_type='rnn', dropout=0.3, enc_layers=2, encoder_type='rnn', epochs=17, exp='', exp_host='', feat_merge='concat', feat_vec_exponent=0.7, feat_vec_size=-1, fix_word_vecs_dec=False, fix_word_vecs_enc=False, global_attention='general', gpuid=[0], input_feed=1, kappa_dec=0.6, kappa_enc=0.5, lambda_coverage=1, layers=-1, learning_rate=1.0, learning_rate_decay=0.5, max_generator_batches=32, max_grad_norm=5, model_type='text', optim='sgd', param_init=0.1, position_encoding=False, pre_word_vecs_dec=None, pre_word_vecs_enc=None, report_every=50, rnn_size=500, rnn_type='LSTM', save_model='/data/lisatmp3/suhubdyd/models/seeds/encoder0.5decoder0.6dropout0.3wdropFalseseed4', seed=4, share_decoder_embeddings=False, share_embeddings=False, src_word_vec_size=500, start_checkpoint_at=0, start_decay_at=8, start_epoch=1, tgt_word_vec_size=500, train_from='', truncated_decoder=0, warmup_steps=4000, weightdropout=False, word_vec_size=-1)
('Using Kappa L2 loss on encoder', 0.5)
('Using Kappa L2 loss on decoder', 0.6)
Loading train and validate data from '/data/lisatmp3/suhubdyd/multi30k.atok.low'
 * number of training sentences: 29000
 * maximum batch size: 64
 * vocabulary size. source = 10841; target = 18563
Building model...
Intializing model parameters.
NMTModel (
  (encoder): RNNEncoder (
    (embeddings): Embeddings (
      (make_embedding): Sequential (
        (emb_luts): Elementwise (
          (0): Embedding(10841, 500, padding_idx=1)
        )
      )
    )
    (dropout): Dropout (p = 0.3)
    (rnn): LSTM(500, 500, dropout=0.3)
  )
  (decoder): InputFeedRNNDecoder (
    (embeddings): Embeddings (
      (make_embedding): Sequential (
        (emb_luts): Elementwise (
          (0): Embedding(18563, 500, padding_idx=1)
        )
      )
    )
    (dropout): Dropout (p = 0.3)
    (rnn): StackedLSTM (
      (dropout): Dropout (p = 0.3)
      (layers): ModuleList (
        (0): LSTMCell(1000, 500)
      )
    )
    (attn): GlobalAttention (
      (linear_in): Linear (500 -> 500)
      (linear_out): Linear (1000 -> 500)
      (sm): Softmax ()
      (tanh): Tanh ()
    )
  )
  (generator): Sequential (
    (0): Linear (500 -> 18563)
    (1): LogSoftmax ()
  )
)
* number of parameters: 29760063
('encoder: ', 7424500)
('decoder: ', 22335563)

Epoch  1,    50/  454; acc:   8.04; ppl: 21239.62; 3057 src tok/s; 3175 tgt tok/s;     14 s elapsed
Epoch  1,   100/  454; acc:  14.85; ppl: 2157.36; 3324 src tok/s; 3446 tgt tok/s;     26 s elapsed
Epoch  1,   150/  454; acc:  18.21; ppl: 561.08; 3312 src tok/s; 3442 tgt tok/s;     39 s elapsed
Epoch  1,   200/  454; acc:  19.91; ppl: 309.03; 3299 src tok/s; 3416 tgt tok/s;     52 s elapsed
Epoch  1,   250/  454; acc:  24.18; ppl: 179.62; 3292 src tok/s; 3400 tgt tok/s;     65 s elapsed
Epoch  1,   300/  454; acc:  28.20; ppl: 116.80; 3291 src tok/s; 3432 tgt tok/s;     77 s elapsed
Epoch  1,   350/  454; acc:  30.08; ppl:  93.77; 3277 src tok/s; 3423 tgt tok/s;     90 s elapsed
Epoch  1,   400/  454; acc:  30.86; ppl:  83.25; 3343 src tok/s; 3449 tgt tok/s;    103 s elapsed
Epoch  1,   450/  454; acc:  33.03; ppl:  69.07; 3304 src tok/s; 3430 tgt tok/s;    115 s elapsed
Train perplexity: 351.325
Train accuracy: 23.117
Validation perplexity: 68.4573
Validation accuracy: 36.1856

Epoch  2,    50/  454; acc:  36.35; ppl:  50.61; 3309 src tok/s; 3422 tgt tok/s;     13 s elapsed
Epoch  2,   100/  454; acc:  38.51; ppl:  45.61; 3243 src tok/s; 3377 tgt tok/s;     26 s elapsed
Epoch  2,   150/  454; acc:  40.11; ppl:  39.97; 3300 src tok/s; 3403 tgt tok/s;     39 s elapsed
Epoch  2,   200/  454; acc:  43.56; ppl:  30.96; 3259 src tok/s; 3395 tgt tok/s;     51 s elapsed
Epoch  2,   250/  454; acc:  44.62; ppl:  29.78; 3331 src tok/s; 3456 tgt tok/s;     64 s elapsed
Epoch  2,   300/  454; acc:  48.17; ppl:  22.52; 3359 src tok/s; 3491 tgt tok/s;     76 s elapsed
Epoch  2,   350/  454; acc:  49.17; ppl:  22.14; 3279 src tok/s; 3406 tgt tok/s;     89 s elapsed
Epoch  2,   400/  454; acc:  49.23; ppl:  21.41; 3357 src tok/s; 3485 tgt tok/s;    102 s elapsed
Epoch  2,   450/  454; acc:  50.71; ppl:  19.13; 3283 src tok/s; 3408 tgt tok/s;    114 s elapsed
Train perplexity: 29.5442
Train accuracy: 44.5235
Validation perplexity: 15.8751
Validation accuracy: 54.4842

Epoch  3,    50/  454; acc:  53.73; ppl:  15.26; 3274 src tok/s; 3381 tgt tok/s;     13 s elapsed
Epoch  3,   100/  454; acc:  55.14; ppl:  14.14; 3336 src tok/s; 3475 tgt tok/s;     25 s elapsed
Epoch  3,   150/  454; acc:  55.37; ppl:  13.66; 3323 src tok/s; 3465 tgt tok/s;     38 s elapsed
Epoch  3,   200/  454; acc:  56.51; ppl:  12.38; 3294 src tok/s; 3419 tgt tok/s;     51 s elapsed
Epoch  3,   250/  454; acc:  56.32; ppl:  12.74; 3264 src tok/s; 3384 tgt tok/s;     64 s elapsed
Epoch  3,   300/  454; acc:  57.33; ppl:  12.17; 3320 src tok/s; 3437 tgt tok/s;     76 s elapsed
Epoch  3,   350/  454; acc:  57.72; ppl:  11.57; 3282 src tok/s; 3427 tgt tok/s;     89 s elapsed
Epoch  3,   400/  454; acc:  58.11; ppl:  11.38; 3338 src tok/s; 3443 tgt tok/s;    102 s elapsed
Epoch  3,   450/  454; acc:  57.93; ppl:  11.41; 3285 src tok/s; 3412 tgt tok/s;    114 s elapsed
Train perplexity: 12.6735
Train accuracy: 56.4796
Validation perplexity: 11.2355
Validation accuracy: 58.0815

Epoch  4,    50/  454; acc:  60.94; ppl:   8.87; 3325 src tok/s; 3434 tgt tok/s;     13 s elapsed
Epoch  4,   100/  454; acc:  62.26; ppl:   8.27; 3336 src tok/s; 3492 tgt tok/s;     25 s elapsed
Epoch  4,   150/  454; acc:  61.70; ppl:   8.43; 3315 src tok/s; 3447 tgt tok/s;     38 s elapsed
Epoch  4,   200/  454; acc:  61.02; ppl:   8.88; 3241 src tok/s; 3374 tgt tok/s;     51 s elapsed
Epoch  4,   250/  454; acc:  62.19; ppl:   8.30; 3199 src tok/s; 3325 tgt tok/s;     64 s elapsed
Epoch  4,   300/  454; acc:  61.83; ppl:   8.10; 3347 src tok/s; 3455 tgt tok/s;     76 s elapsed
Epoch  4,   350/  454; acc:  60.84; ppl:   8.83; 3303 src tok/s; 3415 tgt tok/s;     90 s elapsed
Epoch  4,   400/  454; acc:  63.27; ppl:   7.61; 3293 src tok/s; 3436 tgt tok/s;    102 s elapsed
Epoch  4,   450/  454; acc:  63.83; ppl:   7.46; 3276 src tok/s; 3400 tgt tok/s;    114 s elapsed
Train perplexity: 8.35072
Train accuracy: 61.8682
Validation perplexity: 8.3254
Validation accuracy: 63.5661

Epoch  5,    50/  454; acc:  64.61; ppl:   6.65; 3307 src tok/s; 3398 tgt tok/s;     13 s elapsed
Epoch  5,   100/  454; acc:  66.01; ppl:   6.05; 3304 src tok/s; 3458 tgt tok/s;     25 s elapsed
Epoch  5,   150/  454; acc:  65.15; ppl:   6.51; 3321 src tok/s; 3441 tgt tok/s;     38 s elapsed
Epoch  5,   200/  454; acc:  65.96; ppl:   6.03; 3309 src tok/s; 3452 tgt tok/s;     51 s elapsed
Epoch  5,   250/  454; acc:  65.43; ppl:   6.32; 3315 src tok/s; 3428 tgt tok/s;     63 s elapsed
Epoch  5,   300/  454; acc:  65.35; ppl:   6.19; 3332 src tok/s; 3465 tgt tok/s;     76 s elapsed
Epoch  5,   350/  454; acc:  65.90; ppl:   6.06; 3357 src tok/s; 3487 tgt tok/s;     88 s elapsed
Epoch  5,   400/  454; acc:  65.03; ppl:   6.47; 3286 src tok/s; 3409 tgt tok/s;    101 s elapsed
Epoch  5,   450/  454; acc:  65.62; ppl:   6.25; 3246 src tok/s; 3365 tgt tok/s;    114 s elapsed
Train perplexity: 6.29512
Train accuracy: 65.4096
Validation perplexity: 7.08311
Validation accuracy: 66.1416

Epoch  6,    50/  454; acc:  68.36; ppl:   4.95; 3305 src tok/s; 3419 tgt tok/s;     13 s elapsed
Epoch  6,   100/  454; acc:  68.49; ppl:   4.94; 3304 src tok/s; 3446 tgt tok/s;     25 s elapsed
Epoch  6,   150/  454; acc:  68.58; ppl:   4.86; 3330 src tok/s; 3472 tgt tok/s;     38 s elapsed
Epoch  6,   200/  454; acc:  67.20; ppl:   5.24; 3265 src tok/s; 3389 tgt tok/s;     51 s elapsed
Epoch  6,   250/  454; acc:  67.85; ppl:   5.14; 3256 src tok/s; 3389 tgt tok/s;     63 s elapsed
Epoch  6,   300/  454; acc:  67.66; ppl:   5.21; 3309 src tok/s; 3430 tgt tok/s;     76 s elapsed
Epoch  6,   350/  454; acc:  67.53; ppl:   5.27; 3329 src tok/s; 3442 tgt tok/s;     89 s elapsed
Epoch  6,   400/  454; acc:  68.55; ppl:   4.98; 3338 src tok/s; 3470 tgt tok/s;    101 s elapsed
Epoch  6,   450/  454; acc:  67.57; ppl:   5.23; 3306 src tok/s; 3424 tgt tok/s;    114 s elapsed
Train perplexity: 5.11098
Train accuracy: 67.8962
Validation perplexity: 7.05342
Validation accuracy: 65.9642

Epoch  7,    50/  454; acc:  71.24; ppl:   3.99; 3243 src tok/s; 3398 tgt tok/s;     12 s elapsed
Epoch  7,   100/  454; acc:  70.07; ppl:   4.25; 3280 src tok/s; 3387 tgt tok/s;     26 s elapsed
Epoch  7,   150/  454; acc:  69.80; ppl:   4.32; 3335 src tok/s; 3450 tgt tok/s;     38 s elapsed
Epoch  7,   200/  454; acc:  70.76; ppl:   4.09; 3277 src tok/s; 3430 tgt tok/s;     51 s elapsed
Epoch  7,   250/  454; acc:  69.28; ppl:   4.47; 3312 src tok/s; 3425 tgt tok/s;     64 s elapsed
Epoch  7,   300/  454; acc:  70.01; ppl:   4.23; 3352 src tok/s; 3454 tgt tok/s;     76 s elapsed
Epoch  7,   350/  454; acc:  68.98; ppl:   4.51; 3296 src tok/s; 3403 tgt tok/s;     90 s elapsed
Epoch  7,   400/  454; acc:  70.04; ppl:   4.35; 3306 src tok/s; 3452 tgt tok/s;    102 s elapsed
Epoch  7,   450/  454; acc:  68.97; ppl:   4.49; 3270 src tok/s; 3392 tgt tok/s;    115 s elapsed
Train perplexity: 4.29489
Train accuracy: 69.9097
Validation perplexity: 6.56481
Validation accuracy: 67.5678

Epoch  8,    50/  454; acc:  72.45; ppl:   3.60; 3225 src tok/s; 3365 tgt tok/s;     13 s elapsed
Epoch  8,   100/  454; acc:  72.47; ppl:   3.58; 3321 src tok/s; 3442 tgt tok/s;     26 s elapsed
Epoch  8,   150/  454; acc:  72.35; ppl:   3.66; 3321 src tok/s; 3440 tgt tok/s;     38 s elapsed
Epoch  8,   200/  454; acc:  71.59; ppl:   3.72; 3297 src tok/s; 3418 tgt tok/s;     51 s elapsed
Epoch  8,   250/  454; acc:  71.20; ppl:   3.84; 3299 src tok/s; 3435 tgt tok/s;     64 s elapsed
Epoch  8,   300/  454; acc:  72.09; ppl:   3.58; 3280 src tok/s; 3405 tgt tok/s;     77 s elapsed
Epoch  8,   350/  454; acc:  71.91; ppl:   3.66; 3338 src tok/s; 3458 tgt tok/s;     89 s elapsed
Epoch  8,   400/  454; acc:  70.54; ppl:   4.00; 3305 src tok/s; 3423 tgt tok/s;    102 s elapsed
Epoch  8,   450/  454; acc:  70.93; ppl:   3.88; 3265 src tok/s; 3385 tgt tok/s;    115 s elapsed
Train perplexity: 3.718
Train accuracy: 71.7501
Validation perplexity: 6.71883
Validation accuracy: 66.7234
Decaying learning rate to 0.5

Epoch  9,    50/  454; acc:  75.82; ppl:   2.94; 3276 src tok/s; 3384 tgt tok/s;     13 s elapsed
Epoch  9,   100/  454; acc:  77.17; ppl:   2.71; 3400 src tok/s; 3522 tgt tok/s;     25 s elapsed
Epoch  9,   150/  454; acc:  77.03; ppl:   2.71; 3304 src tok/s; 3453 tgt tok/s;     37 s elapsed
Epoch  9,   200/  454; acc:  75.92; ppl:   2.85; 3359 src tok/s; 3466 tgt tok/s;     50 s elapsed
Epoch  9,   250/  454; acc:  76.59; ppl:   2.85; 3243 src tok/s; 3362 tgt tok/s;     63 s elapsed
Epoch  9,   300/  454; acc:  76.85; ppl:   2.76; 3292 src tok/s; 3432 tgt tok/s;     76 s elapsed
Epoch  9,   350/  454; acc:  76.37; ppl:   2.84; 3234 src tok/s; 3371 tgt tok/s;     89 s elapsed
Epoch  9,   400/  454; acc:  76.67; ppl:   2.80; 3345 src tok/s; 3461 tgt tok/s;    101 s elapsed
Epoch  9,   450/  454; acc:  76.62; ppl:   2.81; 3221 src tok/s; 3341 tgt tok/s;    114 s elapsed
Train perplexity: 2.805
Train accuracy: 76.5746
Validation perplexity: 6.08836
Validation accuracy: 68.93
Decaying learning rate to 0.25

Epoch 10,    50/  454; acc:  79.16; ppl:   2.44; 3264 src tok/s; 3383 tgt tok/s;     13 s elapsed
Epoch 10,   100/  454; acc:  81.32; ppl:   2.18; 3315 src tok/s; 3475 tgt tok/s;     25 s elapsed
Epoch 10,   150/  454; acc:  79.80; ppl:   2.38; 3283 src tok/s; 3399 tgt tok/s;     38 s elapsed
Epoch 10,   200/  454; acc:  80.14; ppl:   2.33; 3314 src tok/s; 3436 tgt tok/s;     51 s elapsed
Epoch 10,   250/  454; acc:  81.04; ppl:   2.21; 3364 src tok/s; 3506 tgt tok/s;     63 s elapsed
Epoch 10,   300/  454; acc:  79.57; ppl:   2.43; 3295 src tok/s; 3400 tgt tok/s;     76 s elapsed
Epoch 10,   350/  454; acc:  80.17; ppl:   2.29; 3358 src tok/s; 3492 tgt tok/s;     88 s elapsed
Epoch 10,   400/  454; acc:  79.99; ppl:   2.38; 3350 src tok/s; 3459 tgt tok/s;    101 s elapsed
Epoch 10,   450/  454; acc:  79.62; ppl:   2.36; 3201 src tok/s; 3325 tgt tok/s;    114 s elapsed
Train perplexity: 2.33089
Train accuracy: 80.0945
Validation perplexity: 6.18614
Validation accuracy: 69.4267
Decaying learning rate to 0.125

Epoch 11,    50/  454; acc:  82.17; ppl:   2.13; 3261 src tok/s; 3382 tgt tok/s;     13 s elapsed
Epoch 11,   100/  454; acc:  82.68; ppl:   2.06; 3269 src tok/s; 3406 tgt tok/s;     26 s elapsed
Epoch 11,   150/  454; acc:  82.02; ppl:   2.13; 3226 src tok/s; 3357 tgt tok/s;     38 s elapsed
Epoch 11,   200/  454; acc:  81.76; ppl:   2.14; 3351 src tok/s; 3455 tgt tok/s;     51 s elapsed
Epoch 11,   250/  454; acc:  81.70; ppl:   2.17; 3329 src tok/s; 3456 tgt tok/s;     64 s elapsed
Epoch 11,   300/  454; acc:  82.32; ppl:   2.08; 3297 src tok/s; 3426 tgt tok/s;     77 s elapsed
Epoch 11,   350/  454; acc:  81.70; ppl:   2.14; 3327 src tok/s; 3450 tgt tok/s;     89 s elapsed
Epoch 11,   400/  454; acc:  82.36; ppl:   2.09; 3312 src tok/s; 3443 tgt tok/s;    102 s elapsed
Epoch 11,   450/  454; acc:  81.69; ppl:   2.15; 3313 src tok/s; 3426 tgt tok/s;    114 s elapsed
Train perplexity: 2.11827
Train accuracy: 82.066
Validation perplexity: 6.31935
Validation accuracy: 69.5189
Decaying learning rate to 0.0625

Epoch 12,    50/  454; acc:  82.91; ppl:   2.04; 3258 src tok/s; 3369 tgt tok/s;     13 s elapsed
Epoch 12,   100/  454; acc:  83.48; ppl:   1.97; 3355 src tok/s; 3495 tgt tok/s;     25 s elapsed
Epoch 12,   150/  454; acc:  83.31; ppl:   2.01; 3340 src tok/s; 3460 tgt tok/s;     38 s elapsed
Epoch 12,   200/  454; acc:  83.21; ppl:   2.00; 3253 src tok/s; 3401 tgt tok/s;     51 s elapsed
Epoch 12,   250/  454; acc:  82.96; ppl:   2.03; 3324 src tok/s; 3449 tgt tok/s;     63 s elapsed
Epoch 12,   300/  454; acc:  83.03; ppl:   2.02; 3364 src tok/s; 3465 tgt tok/s;     76 s elapsed
Epoch 12,   350/  454; acc:  83.15; ppl:   2.00; 3355 src tok/s; 3470 tgt tok/s;     89 s elapsed
Epoch 12,   400/  454; acc:  83.11; ppl:   2.01; 3271 src tok/s; 3406 tgt tok/s;    101 s elapsed
Epoch 12,   450/  454; acc:  82.47; ppl:   2.06; 3215 src tok/s; 3336 tgt tok/s;    114 s elapsed
Train perplexity: 2.01266
Train accuracy: 83.0929
Validation perplexity: 6.38913
Validation accuracy: 69.5118
Decaying learning rate to 0.03125

Epoch 13,    50/  454; acc:  83.31; ppl:   2.00; 3281 src tok/s; 3392 tgt tok/s;     13 s elapsed
Epoch 13,   100/  454; acc:  84.24; ppl:   1.91; 3258 src tok/s; 3397 tgt tok/s;     25 s elapsed
Epoch 13,   150/  454; acc:  83.43; ppl:   1.96; 3369 src tok/s; 3475 tgt tok/s;     38 s elapsed
Epoch 13,   200/  454; acc:  83.97; ppl:   1.96; 3256 src tok/s; 3384 tgt tok/s;     51 s elapsed
Epoch 13,   250/  454; acc:  84.16; ppl:   1.90; 3285 src tok/s; 3428 tgt tok/s;     63 s elapsed
Epoch 13,   300/  454; acc:  83.30; ppl:   2.01; 3332 src tok/s; 3443 tgt tok/s;     76 s elapsed
Epoch 13,   350/  454; acc:  83.54; ppl:   1.99; 3338 src tok/s; 3454 tgt tok/s;     89 s elapsed
Epoch 13,   400/  454; acc:  83.38; ppl:   1.97; 3304 src tok/s; 3435 tgt tok/s;    102 s elapsed
Epoch 13,   450/  454; acc:  83.59; ppl:   1.98; 3264 src tok/s; 3401 tgt tok/s;    114 s elapsed
Train perplexity: 1.96485
Train accuracy: 83.6586
Validation perplexity: 6.42598
Validation accuracy: 69.4054
Decaying learning rate to 0.015625

Epoch 14,    50/  454; acc:  83.35; ppl:   2.02; 3194 src tok/s; 3311 tgt tok/s;     13 s elapsed
Epoch 14,   100/  454; acc:  84.60; ppl:   1.89; 3270 src tok/s; 3394 tgt tok/s;     26 s elapsed
Epoch 14,   150/  454; acc:  83.58; ppl:   1.99; 3336 src tok/s; 3440 tgt tok/s;     39 s elapsed
Epoch 14,   200/  454; acc:  84.37; ppl:   1.91; 3282 src tok/s; 3433 tgt tok/s;     51 s elapsed
Epoch 14,   250/  454; acc:  84.69; ppl:   1.89; 3334 src tok/s; 3487 tgt tok/s;     63 s elapsed
Epoch 14,   300/  454; acc:  83.30; ppl:   2.02; 3353 src tok/s; 3454 tgt tok/s;     76 s elapsed
Epoch 14,   350/  454; acc:  85.03; ppl:   1.84; 3265 src tok/s; 3429 tgt tok/s;     89 s elapsed
Epoch 14,   400/  454; acc:  82.78; ppl:   2.03; 3357 src tok/s; 3444 tgt tok/s;    102 s elapsed
Epoch 14,   450/  454; acc:  84.09; ppl:   1.92; 3275 src tok/s; 3405 tgt tok/s;    114 s elapsed
Train perplexity: 1.94396
Train accuracy: 83.9609
Validation perplexity: 6.45227
Validation accuracy: 69.5189
Decaying learning rate to 0.0078125

Epoch 15,    50/  454; acc:  84.70; ppl:   1.89; 3378 src tok/s; 3494 tgt tok/s;     12 s elapsed
Epoch 15,   100/  454; acc:  83.78; ppl:   1.96; 3341 src tok/s; 3460 tgt tok/s;     25 s elapsed
Epoch 15,   150/  454; acc:  83.85; ppl:   1.96; 3312 src tok/s; 3433 tgt tok/s;     38 s elapsed
Epoch 15,   200/  454; acc:  84.78; ppl:   1.89; 3317 src tok/s; 3465 tgt tok/s;     50 s elapsed
Epoch 15,   250/  454; acc:  84.01; ppl:   1.94; 3306 src tok/s; 3440 tgt tok/s;     63 s elapsed
Epoch 15,   300/  454; acc:  84.20; ppl:   1.92; 3302 src tok/s; 3437 tgt tok/s;     76 s elapsed
Epoch 15,   350/  454; acc:  83.89; ppl:   1.93; 3184 src tok/s; 3312 tgt tok/s;     89 s elapsed
Epoch 15,   400/  454; acc:  83.88; ppl:   1.94; 3372 src tok/s; 3482 tgt tok/s;    101 s elapsed
Epoch 15,   450/  454; acc:  84.22; ppl:   1.93; 3277 src tok/s; 3406 tgt tok/s;    114 s elapsed
Train perplexity: 1.93253
Train accuracy: 84.1074
Validation perplexity: 6.47282
Validation accuracy: 69.4267
Decaying learning rate to 0.00390625

Epoch 16,    50/  454; acc:  84.37; ppl:   1.93; 3209 src tok/s; 3337 tgt tok/s;     13 s elapsed
Epoch 16,   100/  454; acc:  84.34; ppl:   1.90; 3333 src tok/s; 3441 tgt tok/s;     26 s elapsed
Epoch 16,   150/  454; acc:  84.27; ppl:   1.90; 3291 src tok/s; 3427 tgt tok/s;     38 s elapsed
Epoch 16,   200/  454; acc:  84.01; ppl:   1.94; 3288 src tok/s; 3403 tgt tok/s;     51 s elapsed
Epoch 16,   250/  454; acc:  84.35; ppl:   1.90; 3331 src tok/s; 3471 tgt tok/s;     63 s elapsed
Epoch 16,   300/  454; acc:  83.78; ppl:   1.94; 3364 src tok/s; 3480 tgt tok/s;     76 s elapsed
Epoch 16,   350/  454; acc:  82.73; ppl:   2.02; 3302 src tok/s; 3420 tgt tok/s;     89 s elapsed
Epoch 16,   400/  454; acc:  84.67; ppl:   1.87; 3298 src tok/s; 3443 tgt tok/s;    102 s elapsed
Epoch 16,   450/  454; acc:  83.80; ppl:   1.94; 3266 src tok/s; 3373 tgt tok/s;    115 s elapsed
Train perplexity: 1.92502
Train accuracy: 84.0489
Validation perplexity: 6.48255
Validation accuracy: 69.4196
Decaying learning rate to 0.00195312

Epoch 17,    50/  454; acc:  84.37; ppl:   1.93; 3206 src tok/s; 3319 tgt tok/s;     13 s elapsed
Epoch 17,   100/  454; acc:  84.12; ppl:   1.87; 3223 src tok/s; 3344 tgt tok/s;     26 s elapsed
Epoch 17,   150/  454; acc:  84.01; ppl:   1.92; 3298 src tok/s; 3429 tgt tok/s;     39 s elapsed
Epoch 17,   200/  454; acc:  84.03; ppl:   1.92; 3312 src tok/s; 3444 tgt tok/s;     51 s elapsed
Epoch 17,   250/  454; acc:  83.64; ppl:   1.96; 3344 src tok/s; 3450 tgt tok/s;     64 s elapsed
Epoch 17,   300/  454; acc:  84.09; ppl:   1.92; 3358 src tok/s; 3507 tgt tok/s;     77 s elapsed
Epoch 17,   350/  454; acc:  83.77; ppl:   1.97; 3306 src tok/s; 3428 tgt tok/s;     89 s elapsed
Epoch 17,   400/  454; acc:  84.50; ppl:   1.87; 3336 src tok/s; 3471 tgt tok/s;    102 s elapsed
Epoch 17,   450/  454; acc:  83.85; ppl:   1.95; 3301 src tok/s; 3409 tgt tok/s;    114 s elapsed
Train perplexity: 1.92132
Train accuracy: 84.0587
Validation perplexity: 6.48738
Validation accuracy: 69.4054
Decaying learning rate to 0.000976562
