<module 'opts' from '/u/suhubdyd/research/projects/jumble_lstm/code/auxiliary-nmt/opts.pyc'>
Namespace(batch_size=64, brnn=False, brnn_merge='concat', cnn_kernel_width=3, context_gate=None, copy_attn=False, copy_attn_force=False, coverage_attn=False, data='/data/lisatmp3/suhubdyd/multi30k.atok.low', dec_layers=1, decay_method='', decoder_type='rnn', dropout=0.4, enc_layers=2, encoder_type='rnn', epochs=17, exp='', exp_host='', feat_merge='concat', feat_vec_exponent=0.7, feat_vec_size=-1, fix_word_vecs_dec=False, fix_word_vecs_enc=False, global_attention='general', gpuid=[0], input_feed=1, kappa_dec=0.15, kappa_enc=0.15, lambda_coverage=1, layers=-1, learning_rate=1.0, learning_rate_decay=0.5, max_generator_batches=32, max_grad_norm=5, model_type='text', optim='sgd', param_init=0.1, position_encoding=False, pre_word_vecs_dec=None, pre_word_vecs_enc=None, report_every=50, rnn_size=500, rnn_type='LSTM', save_model='/data/lisatmp3/suhubdyd/models/encoder0.15_decoder0.15_dropout0.4', seed=1, share_decoder_embeddings=False, share_embeddings=False, src_word_vec_size=500, start_checkpoint_at=0, start_decay_at=8, start_epoch=1, tgt_word_vec_size=500, train_from='', truncated_decoder=0, warmup_steps=4000, word_vec_size=-1)
('Using Kappa L2 loss on encoder', 0.15)
('Using Kappa L2 loss on decoder', 0.15)
Loading train and validate data from '/data/lisatmp3/suhubdyd/multi30k.atok.low'
 * number of training sentences: 29000
 * maximum batch size: 64
 * vocabulary size. source = 10841; target = 18563
Building model...
Intializing model parameters.
NMTModel (
  (encoder): RNNEncoder (
    (embeddings): Embeddings (
      (make_embedding): Sequential (
        (emb_luts): Elementwise (
          (0): Embedding(10841, 500, padding_idx=1)
        )
      )
    )
    (dropout): Dropout (p = 0.4)
    (rnn): LSTM(500, 500, dropout=0.4)
  )
  (decoder): InputFeedRNNDecoder (
    (embeddings): Embeddings (
      (make_embedding): Sequential (
        (emb_luts): Elementwise (
          (0): Embedding(18563, 500, padding_idx=1)
        )
      )
    )
    (dropout): Dropout (p = 0.4)
    (rnn): StackedLSTM (
      (dropout): Dropout (p = 0.4)
      (layers): ModuleList (
        (0): LSTMCell(1000, 500)
      )
    )
    (attn): GlobalAttention (
      (linear_in): Linear (500 -> 500)
      (linear_out): Linear (1000 -> 500)
      (sm): Softmax ()
      (tanh): Tanh ()
    )
  )
  (generator): Sequential (
    (0): Linear (500 -> 18563)
    (1): LogSoftmax ()
  )
)
* number of parameters: 29760063
('encoder: ', 7424500)
('decoder: ', 22335563)

Epoch  1,    50/  454; acc:   8.22; ppl: 18493.54; 4448 src tok/s; 4633 tgt tok/s;      9 s elapsed
Epoch  1,   100/  454; acc:  14.38; ppl: 1385.57; 4861 src tok/s; 5025 tgt tok/s;     18 s elapsed
Epoch  1,   150/  454; acc:  18.30; ppl: 439.06; 4905 src tok/s; 5051 tgt tok/s;     27 s elapsed
Epoch  1,   200/  454; acc:  21.70; ppl: 245.64; 4808 src tok/s; 5007 tgt tok/s;     35 s elapsed
Epoch  1,   250/  454; acc:  23.96; ppl: 168.09; 4911 src tok/s; 5064 tgt tok/s;     44 s elapsed
Epoch  1,   300/  454; acc:  28.87; ppl: 108.41; 4790 src tok/s; 4991 tgt tok/s;     53 s elapsed
Epoch  1,   350/  454; acc:  29.78; ppl:  92.44; 4370 src tok/s; 4543 tgt tok/s;     62 s elapsed
Epoch  1,   400/  454; acc:  32.36; ppl:  73.47; 4797 src tok/s; 4985 tgt tok/s;     71 s elapsed
Epoch  1,   450/  454; acc:  33.22; ppl:  65.30; 4786 src tok/s; 4986 tgt tok/s;     80 s elapsed
Train perplexity: 298.905
Train accuracy: 23.523
Validation perplexity: 52.5591
Validation accuracy: 37.633

Epoch  2,    50/  454; acc:  35.47; ppl:  54.99; 4901 src tok/s; 5085 tgt tok/s;      9 s elapsed
Epoch  2,   100/  454; acc:  40.21; ppl:  40.08; 4864 src tok/s; 5071 tgt tok/s;     17 s elapsed
Epoch  2,   150/  454; acc:  42.18; ppl:  34.14; 4891 src tok/s; 5085 tgt tok/s;     26 s elapsed
Epoch  2,   200/  454; acc:  43.46; ppl:  31.03; 4798 src tok/s; 4980 tgt tok/s;     34 s elapsed
Epoch  2,   250/  454; acc:  46.80; ppl:  25.23; 4863 src tok/s; 5059 tgt tok/s;     43 s elapsed
Epoch  2,   300/  454; acc:  46.85; ppl:  24.33; 4837 src tok/s; 5014 tgt tok/s;     52 s elapsed
Epoch  2,   350/  454; acc:  49.63; ppl:  21.00; 4687 src tok/s; 4854 tgt tok/s;     61 s elapsed
Epoch  2,   400/  454; acc:  52.07; ppl:  17.74; 5062 src tok/s; 5221 tgt tok/s;     69 s elapsed
Epoch  2,   450/  454; acc:  51.88; ppl:  17.98; 4737 src tok/s; 4918 tgt tok/s;     78 s elapsed
Train perplexity: 27.6485
Train accuracy: 45.414
Validation perplexity: 15.4703
Validation accuracy: 54.5551

Epoch  3,    50/  454; acc:  54.86; ppl:  14.23; 4881 src tok/s; 5025 tgt tok/s;      9 s elapsed
Epoch  3,   100/  454; acc:  55.89; ppl:  13.12; 4764 src tok/s; 4960 tgt tok/s;     17 s elapsed
Epoch  3,   150/  454; acc:  55.79; ppl:  12.84; 4973 src tok/s; 5148 tgt tok/s;     26 s elapsed
Epoch  3,   200/  454; acc:  57.23; ppl:  11.70; 4901 src tok/s; 5094 tgt tok/s;     35 s elapsed
Epoch  3,   250/  454; acc:  57.81; ppl:  11.43; 4938 src tok/s; 5163 tgt tok/s;     43 s elapsed
Epoch  3,   300/  454; acc:  57.57; ppl:  11.45; 4896 src tok/s; 5079 tgt tok/s;     52 s elapsed
Epoch  3,   350/  454; acc:  58.69; ppl:  10.84; 3388 src tok/s; 3535 tgt tok/s;     64 s elapsed
Epoch  3,   400/  454; acc:  59.22; ppl:  10.45; 3663 src tok/s; 3802 tgt tok/s;     75 s elapsed
Epoch  3,   450/  454; acc:  59.72; ppl:   9.93; 3444 src tok/s; 3551 tgt tok/s;     87 s elapsed
Train perplexity: 11.7106
Train accuracy: 57.4241
Validation perplexity: 9.9741
Validation accuracy: 60.6428

Epoch  4,    50/  454; acc:  63.07; ppl:   7.62; 3952 src tok/s; 4121 tgt tok/s;     10 s elapsed
Epoch  4,   100/  454; acc:  61.09; ppl:   8.37; 4058 src tok/s; 4175 tgt tok/s;     21 s elapsed
Epoch  4,   150/  454; acc:  62.46; ppl:   7.86; 4821 src tok/s; 5017 tgt tok/s;     30 s elapsed
Epoch  4,   200/  454; acc:  62.44; ppl:   7.87; 4892 src tok/s; 5068 tgt tok/s;     38 s elapsed
Epoch  4,   250/  454; acc:  62.65; ppl:   7.69; 4896 src tok/s; 5085 tgt tok/s;     47 s elapsed
Epoch  4,   300/  454; acc:  63.10; ppl:   7.52; 4906 src tok/s; 5088 tgt tok/s;     55 s elapsed
Epoch  4,   350/  454; acc:  63.62; ppl:   7.36; 5051 src tok/s; 5250 tgt tok/s;     63 s elapsed
Epoch  4,   400/  454; acc:  62.63; ppl:   7.68; 4840 src tok/s; 5012 tgt tok/s;     72 s elapsed
Epoch  4,   450/  454; acc:  63.35; ppl:   7.48; 4738 src tok/s; 4953 tgt tok/s;     81 s elapsed
Train perplexity: 7.73742
Train accuracy: 62.6536
Validation perplexity: 7.97778
Validation accuracy: 63.6015

Epoch  5,    50/  454; acc:  66.98; ppl:   5.64; 4774 src tok/s; 4964 tgt tok/s;      9 s elapsed
Epoch  5,   100/  454; acc:  65.90; ppl:   5.86; 4672 src tok/s; 4829 tgt tok/s;     18 s elapsed
Epoch  5,   150/  454; acc:  65.88; ppl:   5.84; 4787 src tok/s; 4972 tgt tok/s;     26 s elapsed
Epoch  5,   200/  454; acc:  65.64; ppl:   5.93; 4915 src tok/s; 5097 tgt tok/s;     35 s elapsed
Epoch  5,   250/  454; acc:  66.12; ppl:   5.77; 4963 src tok/s; 5146 tgt tok/s;     44 s elapsed
Epoch  5,   300/  454; acc:  65.71; ppl:   5.92; 4848 src tok/s; 5046 tgt tok/s;     52 s elapsed
Epoch  5,   350/  454; acc:  65.84; ppl:   5.84; 4968 src tok/s; 5173 tgt tok/s;     61 s elapsed
Epoch  5,   400/  454; acc:  66.00; ppl:   5.90; 4785 src tok/s; 4955 tgt tok/s;     69 s elapsed
Epoch  5,   450/  454; acc:  66.04; ppl:   5.83; 4707 src tok/s; 4878 tgt tok/s;     78 s elapsed
Train perplexity: 5.83961
Train accuracy: 65.9978
Validation perplexity: 7.30957
Validation accuracy: 64.9922

Epoch  6,    50/  454; acc:  69.33; ppl:   4.52; 4913 src tok/s; 5088 tgt tok/s;      9 s elapsed
Epoch  6,   100/  454; acc:  69.49; ppl:   4.47; 4582 src tok/s; 4792 tgt tok/s;     18 s elapsed
Epoch  6,   150/  454; acc:  67.51; ppl:   4.96; 4863 src tok/s; 5047 tgt tok/s;     27 s elapsed
Epoch  6,   200/  454; acc:  69.84; ppl:   4.45; 4834 src tok/s; 5029 tgt tok/s;     35 s elapsed
Epoch  6,   250/  454; acc:  68.14; ppl:   4.81; 4984 src tok/s; 5148 tgt tok/s;     44 s elapsed
Epoch  6,   300/  454; acc:  68.95; ppl:   4.68; 4856 src tok/s; 5047 tgt tok/s;     52 s elapsed
Epoch  6,   350/  454; acc:  67.15; ppl:   5.12; 4982 src tok/s; 5154 tgt tok/s;     61 s elapsed
Epoch  6,   400/  454; acc:  69.69; ppl:   4.48; 4749 src tok/s; 4953 tgt tok/s;     69 s elapsed
Epoch  6,   450/  454; acc:  67.63; ppl:   5.02; 4880 src tok/s; 5039 tgt tok/s;     78 s elapsed
Train perplexity: 4.71564
Train accuracy: 68.6268
Validation perplexity: 6.73584
Validation accuracy: 65.943

Epoch  7,    50/  454; acc:  71.28; ppl:   3.87; 4877 src tok/s; 5037 tgt tok/s;      9 s elapsed
Epoch  7,   100/  454; acc:  72.12; ppl:   3.66; 4574 src tok/s; 4797 tgt tok/s;     18 s elapsed
Epoch  7,   150/  454; acc:  70.77; ppl:   3.90; 4740 src tok/s; 4952 tgt tok/s;     26 s elapsed
Epoch  7,   200/  454; acc:  71.25; ppl:   3.82; 4973 src tok/s; 5133 tgt tok/s;     35 s elapsed
Epoch  7,   250/  454; acc:  71.50; ppl:   3.81; 4953 src tok/s; 5157 tgt tok/s;     43 s elapsed
Epoch  7,   300/  454; acc:  69.24; ppl:   4.33; 5014 src tok/s; 5160 tgt tok/s;     52 s elapsed
Epoch  7,   350/  454; acc:  69.92; ppl:   4.18; 4832 src tok/s; 5014 tgt tok/s;     61 s elapsed
Epoch  7,   400/  454; acc:  70.23; ppl:   4.08; 4847 src tok/s; 5028 tgt tok/s;     69 s elapsed
Epoch  7,   450/  454; acc:  70.42; ppl:   4.07; 4837 src tok/s; 5021 tgt tok/s;     78 s elapsed
Train perplexity: 3.96302
Train accuracy: 70.7493
Validation perplexity: 6.69744
Validation accuracy: 66.7163

Epoch  8,    50/  454; acc:  74.40; ppl:   3.11; 4736 src tok/s; 4938 tgt tok/s;      9 s elapsed
Epoch  8,   100/  454; acc:  73.49; ppl:   3.29; 4628 src tok/s; 4794 tgt tok/s;     18 s elapsed
Epoch  8,   150/  454; acc:  73.25; ppl:   3.24; 4965 src tok/s; 5143 tgt tok/s;     26 s elapsed
Epoch  8,   200/  454; acc:  72.48; ppl:   3.48; 4824 src tok/s; 4995 tgt tok/s;     35 s elapsed
Epoch  8,   250/  454; acc:  73.68; ppl:   3.18; 4922 src tok/s; 5166 tgt tok/s;     43 s elapsed
Epoch  8,   300/  454; acc:  70.97; ppl:   3.80; 4943 src tok/s; 5094 tgt tok/s;     52 s elapsed
Epoch  8,   350/  454; acc:  71.33; ppl:   3.64; 4888 src tok/s; 5063 tgt tok/s;     61 s elapsed
Epoch  8,   400/  454; acc:  72.30; ppl:   3.48; 4865 src tok/s; 5048 tgt tok/s;     69 s elapsed
Epoch  8,   450/  454; acc:  71.33; ppl:   3.68; 4749 src tok/s; 4933 tgt tok/s;     78 s elapsed
Train perplexity: 3.4313
Train accuracy: 72.5575
Validation perplexity: 6.56787
Validation accuracy: 66.8086
Decaying learning rate to 0.5

Epoch  9,    50/  454; acc:  78.66; ppl:   2.44; 4724 src tok/s; 4948 tgt tok/s;      8 s elapsed
Epoch  9,   100/  454; acc:  76.82; ppl:   2.72; 4818 src tok/s; 4979 tgt tok/s;     18 s elapsed
Epoch  9,   150/  454; acc:  77.78; ppl:   2.59; 4788 src tok/s; 4957 tgt tok/s;     26 s elapsed
Epoch  9,   200/  454; acc:  77.28; ppl:   2.64; 4904 src tok/s; 5067 tgt tok/s;     35 s elapsed
Epoch  9,   250/  454; acc:  77.94; ppl:   2.53; 4822 src tok/s; 5004 tgt tok/s;     44 s elapsed
Epoch  9,   300/  454; acc:  77.54; ppl:   2.59; 4984 src tok/s; 5155 tgt tok/s;     52 s elapsed
Epoch  9,   350/  454; acc:  77.10; ppl:   2.66; 4937 src tok/s; 5123 tgt tok/s;     61 s elapsed
Epoch  9,   400/  454; acc:  78.36; ppl:   2.48; 4823 src tok/s; 5029 tgt tok/s;     70 s elapsed
Epoch  9,   450/  454; acc:  77.54; ppl:   2.60; 4888 src tok/s; 5085 tgt tok/s;     78 s elapsed
Train perplexity: 2.58769
Train accuracy: 77.6332
Validation perplexity: 6.20093
Validation accuracy: 68.7456
Decaying learning rate to 0.25

Epoch 10,    50/  454; acc:  81.97; ppl:   2.09; 4568 src tok/s; 4761 tgt tok/s;      9 s elapsed
Epoch 10,   100/  454; acc:  81.58; ppl:   2.13; 4973 src tok/s; 5159 tgt tok/s;     18 s elapsed
Epoch 10,   150/  454; acc:  81.36; ppl:   2.16; 4908 src tok/s; 5108 tgt tok/s;     26 s elapsed
Epoch 10,   200/  454; acc:  81.23; ppl:   2.18; 4909 src tok/s; 5094 tgt tok/s;     35 s elapsed
Epoch 10,   250/  454; acc:  81.15; ppl:   2.16; 4936 src tok/s; 5110 tgt tok/s;     43 s elapsed
Epoch 10,   300/  454; acc:  81.38; ppl:   2.13; 4879 src tok/s; 5068 tgt tok/s;     52 s elapsed
Epoch 10,   350/  454; acc:  80.26; ppl:   2.28; 4962 src tok/s; 5095 tgt tok/s;     61 s elapsed
Epoch 10,   400/  454; acc:  82.26; ppl:   2.06; 4809 src tok/s; 5049 tgt tok/s;     69 s elapsed
Epoch 10,   450/  454; acc:  80.88; ppl:   2.21; 4802 src tok/s; 4964 tgt tok/s;     78 s elapsed
Train perplexity: 2.15659
Train accuracy: 81.3359
Validation perplexity: 6.1327
Validation accuracy: 69.1571
Decaying learning rate to 0.125

Epoch 11,    50/  454; acc:  82.60; ppl:   2.03; 4792 src tok/s; 4923 tgt tok/s;      9 s elapsed
Epoch 11,   100/  454; acc:  85.03; ppl:   1.84; 4805 src tok/s; 5039 tgt tok/s;     17 s elapsed
Epoch 11,   150/  454; acc:  84.26; ppl:   1.89; 4895 src tok/s; 5093 tgt tok/s;     26 s elapsed
Epoch 11,   200/  454; acc:  82.65; ppl:   2.06; 4800 src tok/s; 4983 tgt tok/s;     35 s elapsed
Epoch 11,   250/  454; acc:  83.36; ppl:   1.95; 4678 src tok/s; 4887 tgt tok/s;     43 s elapsed
Epoch 11,   300/  454; acc:  83.42; ppl:   1.96; 4920 src tok/s; 5091 tgt tok/s;     52 s elapsed
Epoch 11,   350/  454; acc:  83.00; ppl:   1.99; 4883 src tok/s; 5053 tgt tok/s;     61 s elapsed
Epoch 11,   400/  454; acc:  83.89; ppl:   1.93; 4852 src tok/s; 5016 tgt tok/s;     70 s elapsed
Epoch 11,   450/  454; acc:  82.75; ppl:   2.02; 4810 src tok/s; 4990 tgt tok/s;     78 s elapsed
Train perplexity: 1.96605
Train accuracy: 83.4024
Validation perplexity: 6.19775
Validation accuracy: 69.3345
Decaying learning rate to 0.0625

Epoch 12,    50/  454; acc:  84.53; ppl:   1.88; 4640 src tok/s; 4819 tgt tok/s;      9 s elapsed
Epoch 12,   100/  454; acc:  84.97; ppl:   1.84; 4993 src tok/s; 5176 tgt tok/s;     17 s elapsed
Epoch 12,   150/  454; acc:  84.67; ppl:   1.88; 4940 src tok/s; 5126 tgt tok/s;     26 s elapsed
Epoch 12,   200/  454; acc:  84.62; ppl:   1.84; 4987 src tok/s; 5193 tgt tok/s;     34 s elapsed
Epoch 12,   250/  454; acc:  85.20; ppl:   1.80; 4848 src tok/s; 5033 tgt tok/s;     43 s elapsed
Epoch 12,   300/  454; acc:  83.80; ppl:   1.95; 5038 src tok/s; 5220 tgt tok/s;     51 s elapsed
Epoch 12,   350/  454; acc:  83.87; ppl:   1.91; 4808 src tok/s; 4976 tgt tok/s;     60 s elapsed
Epoch 12,   400/  454; acc:  84.29; ppl:   1.87; 4949 src tok/s; 5150 tgt tok/s;     68 s elapsed
Epoch 12,   450/  454; acc:  84.79; ppl:   1.85; 4825 src tok/s; 5014 tgt tok/s;     77 s elapsed
Train perplexity: 1.87251
Train accuracy: 84.4754
Validation perplexity: 6.27093
Validation accuracy: 69.0507
Decaying learning rate to 0.03125

Epoch 13,    50/  454; acc:  85.18; ppl:   1.83; 4588 src tok/s; 4759 tgt tok/s;      9 s elapsed
Epoch 13,   100/  454; acc:  85.52; ppl:   1.80; 4990 src tok/s; 5172 tgt tok/s;     18 s elapsed
Epoch 13,   150/  454; acc:  84.83; ppl:   1.86; 4898 src tok/s; 5071 tgt tok/s;     26 s elapsed
Epoch 13,   200/  454; acc:  85.24; ppl:   1.82; 4885 src tok/s; 5051 tgt tok/s;     35 s elapsed
Epoch 13,   250/  454; acc:  85.66; ppl:   1.79; 4742 src tok/s; 4965 tgt tok/s;     43 s elapsed
Epoch 13,   300/  454; acc:  84.54; ppl:   1.88; 5047 src tok/s; 5215 tgt tok/s;     52 s elapsed
Epoch 13,   350/  454; acc:  85.07; ppl:   1.83; 4848 src tok/s; 5043 tgt tok/s;     61 s elapsed
Epoch 13,   400/  454; acc:  85.09; ppl:   1.82; 4787 src tok/s; 4956 tgt tok/s;     69 s elapsed
Epoch 13,   450/  454; acc:  84.75; ppl:   1.86; 4787 src tok/s; 4989 tgt tok/s;     78 s elapsed
Train perplexity: 1.83155
Train accuracy: 85.0914
Validation perplexity: 6.28891
Validation accuracy: 69.1216
Decaying learning rate to 0.015625

Epoch 14,    50/  454; acc:  87.26; ppl:   1.65; 4436 src tok/s; 4663 tgt tok/s;      9 s elapsed
Epoch 14,   100/  454; acc:  83.55; ppl:   1.97; 4946 src tok/s; 5081 tgt tok/s;     18 s elapsed
Epoch 14,   150/  454; acc:  85.19; ppl:   1.83; 5087 src tok/s; 5230 tgt tok/s;     27 s elapsed
Epoch 14,   200/  454; acc:  85.55; ppl:   1.79; 4881 src tok/s; 5127 tgt tok/s;     35 s elapsed
Epoch 14,   250/  454; acc:  84.81; ppl:   1.87; 4904 src tok/s; 5086 tgt tok/s;     43 s elapsed
Epoch 14,   300/  454; acc:  86.14; ppl:   1.75; 4942 src tok/s; 5161 tgt tok/s;     52 s elapsed
Epoch 14,   350/  454; acc:  84.98; ppl:   1.83; 4987 src tok/s; 5123 tgt tok/s;     60 s elapsed
Epoch 14,   400/  454; acc:  85.65; ppl:   1.78; 4936 src tok/s; 5125 tgt tok/s;     69 s elapsed
Epoch 14,   450/  454; acc:  85.63; ppl:   1.79; 4763 src tok/s; 4968 tgt tok/s;     77 s elapsed
Train perplexity: 1.8104
Train accuracy: 85.3512
Validation perplexity: 6.3098
Validation accuracy: 69.1287
Decaying learning rate to 0.0078125

Epoch 15,    50/  454; acc:  85.79; ppl:   1.77; 4680 src tok/s; 4846 tgt tok/s;      9 s elapsed
Epoch 15,   100/  454; acc:  85.33; ppl:   1.80; 4866 src tok/s; 5028 tgt tok/s;     18 s elapsed
Epoch 15,   150/  454; acc:  86.55; ppl:   1.72; 4966 src tok/s; 5176 tgt tok/s;     26 s elapsed
Epoch 15,   200/  454; acc:  84.49; ppl:   1.87; 4781 src tok/s; 4948 tgt tok/s;     35 s elapsed
Epoch 15,   250/  454; acc:  85.69; ppl:   1.81; 4939 src tok/s; 5105 tgt tok/s;     43 s elapsed
Epoch 15,   300/  454; acc:  85.62; ppl:   1.79; 4873 src tok/s; 5075 tgt tok/s;     52 s elapsed
Epoch 15,   350/  454; acc:  85.54; ppl:   1.81; 4895 src tok/s; 5059 tgt tok/s;     61 s elapsed
Epoch 15,   400/  454; acc:  85.01; ppl:   1.83; 4881 src tok/s; 5102 tgt tok/s;     69 s elapsed
Epoch 15,   450/  454; acc:  85.43; ppl:   1.82; 4878 src tok/s; 5080 tgt tok/s;     78 s elapsed
Train perplexity: 1.7997
Train accuracy: 85.4997
Validation perplexity: 6.31938
Validation accuracy: 69.1003
Decaying learning rate to 0.00390625

Epoch 16,    50/  454; acc:  84.72; ppl:   1.88; 4989 src tok/s; 5127 tgt tok/s;      9 s elapsed
Epoch 16,   100/  454; acc:  87.04; ppl:   1.68; 4808 src tok/s; 5021 tgt tok/s;     17 s elapsed
Epoch 16,   150/  454; acc:  85.61; ppl:   1.80; 4801 src tok/s; 5044 tgt tok/s;     26 s elapsed
Epoch 16,   200/  454; acc:  85.37; ppl:   1.80; 5007 src tok/s; 5198 tgt tok/s;     34 s elapsed
Epoch 16,   250/  454; acc:  84.22; ppl:   1.91; 5004 src tok/s; 5146 tgt tok/s;     43 s elapsed
Epoch 16,   300/  454; acc:  87.03; ppl:   1.67; 4809 src tok/s; 5006 tgt tok/s;     51 s elapsed
Epoch 16,   350/  454; acc:  85.44; ppl:   1.79; 4839 src tok/s; 5039 tgt tok/s;     60 s elapsed
Epoch 16,   400/  454; acc:  85.34; ppl:   1.80; 4783 src tok/s; 4942 tgt tok/s;     69 s elapsed
Epoch 16,   450/  454; acc:  85.89; ppl:   1.76; 4790 src tok/s; 4977 tgt tok/s;     77 s elapsed
Train perplexity: 1.79324
Train accuracy: 85.5775
Validation perplexity: 6.32547
Validation accuracy: 69.1784
Decaying learning rate to 0.00195312

Epoch 17,    50/  454; acc:  85.28; ppl:   1.81; 4890 src tok/s; 5054 tgt tok/s;      9 s elapsed
Epoch 17,   100/  454; acc:  86.14; ppl:   1.75; 4929 src tok/s; 5134 tgt tok/s;     17 s elapsed
Epoch 17,   150/  454; acc:  84.70; ppl:   1.88; 4882 src tok/s; 5012 tgt tok/s;     26 s elapsed
Epoch 17,   200/  454; acc:  86.82; ppl:   1.69; 4875 src tok/s; 5108 tgt tok/s;     34 s elapsed
Epoch 17,   250/  454; acc:  85.97; ppl:   1.76; 4859 src tok/s; 5049 tgt tok/s;     43 s elapsed
Epoch 17,   300/  454; acc:  85.20; ppl:   1.83; 4975 src tok/s; 5161 tgt tok/s;     51 s elapsed
Epoch 17,   350/  454; acc:  85.32; ppl:   1.80; 4930 src tok/s; 5117 tgt tok/s;     60 s elapsed
Epoch 17,   400/  454; acc:  85.73; ppl:   1.78; 4768 src tok/s; 4964 tgt tok/s;     69 s elapsed
Epoch 17,   450/  454; acc:  85.14; ppl:   1.82; 4758 src tok/s; 4929 tgt tok/s;     77 s elapsed
Train perplexity: 1.78955
Train accuracy: 85.6003
Validation perplexity: 6.32787
Validation accuracy: 69.1358
Decaying learning rate to 0.000976562
