<module 'opts' from '/u/suhubdyd/research/projects/jumble_lstm/code/auxiliary-nmt/opts.pyc'>
Namespace(batch_size=64, brnn=False, brnn_merge='concat', cnn_kernel_width=3, context_gate=None, copy_attn=False, copy_attn_force=False, coverage_attn=False, data='/data/lisatmp3/suhubdyd/multi30k.atok.low', dec_layers=1, decay_method='', decoder_type='rnn', dropout=0.3, enc_layers=2, encoder_type='rnn', epochs=17, exp='', exp_host='', feat_merge='concat', feat_vec_exponent=0.7, feat_vec_size=-1, fix_word_vecs_dec=False, fix_word_vecs_enc=False, global_attention='general', gpuid=[0], input_feed=1, kappa_dec=0.0, kappa_enc=0.0, lambda_coverage=1, layers=-1, learning_rate=1.0, learning_rate_decay=0.5, max_generator_batches=32, max_grad_norm=5, model_type='text', optim='sgd', param_init=0.1, position_encoding=False, pre_word_vecs_dec=None, pre_word_vecs_enc=None, report_every=50, rnn_size=500, rnn_type='LSTM', save_model='/data/lisatmp3/suhubdyd/models/seeds/encoder0decoder0dropout0.3wdropFalseseed3', seed=3, share_decoder_embeddings=False, share_embeddings=False, src_word_vec_size=500, start_checkpoint_at=0, start_decay_at=8, start_epoch=1, tgt_word_vec_size=500, train_from='', truncated_decoder=0, warmup_steps=4000, weightdropout=False, word_vec_size=-1)
Loading train and validate data from '/data/lisatmp3/suhubdyd/multi30k.atok.low'
 * number of training sentences: 29000
 * maximum batch size: 64
 * vocabulary size. source = 10841; target = 18563
Building model...
Intializing model parameters.
NMTModel (
  (encoder): RNNEncoder (
    (embeddings): Embeddings (
      (make_embedding): Sequential (
        (emb_luts): Elementwise (
          (0): Embedding(10841, 500, padding_idx=1)
        )
      )
    )
    (dropout): Dropout (p = 0.3)
    (rnn): LSTM(500, 500, dropout=0.3)
  )
  (decoder): InputFeedRNNDecoder (
    (embeddings): Embeddings (
      (make_embedding): Sequential (
        (emb_luts): Elementwise (
          (0): Embedding(18563, 500, padding_idx=1)
        )
      )
    )
    (dropout): Dropout (p = 0.3)
    (rnn): StackedLSTM (
      (dropout): Dropout (p = 0.3)
      (layers): ModuleList (
        (0): LSTMCell(1000, 500)
      )
    )
    (attn): GlobalAttention (
      (linear_in): Linear (500 -> 500)
      (linear_out): Linear (1000 -> 500)
      (sm): Softmax ()
      (tanh): Tanh ()
    )
  )
  (generator): Sequential (
    (0): Linear (500 -> 18563)
    (1): LogSoftmax ()
  )
)
* number of parameters: 29760063
('encoder: ', 7424500)
('decoder: ', 22335563)

Epoch  1,    50/  454; acc:   9.33; ppl: 13973.79; 5501 src tok/s; 5800 tgt tok/s;      7 s elapsed
Epoch  1,   100/  454; acc:  13.47; ppl: 2351.99; 5371 src tok/s; 5523 tgt tok/s;     15 s elapsed
Epoch  1,   150/  454; acc:  17.70; ppl: 533.23; 5318 src tok/s; 5518 tgt tok/s;     23 s elapsed
Epoch  1,   200/  454; acc:  20.50; ppl: 297.85; 5287 src tok/s; 5490 tgt tok/s;     31 s elapsed
Epoch  1,   250/  454; acc:  23.39; ppl: 190.97; 5299 src tok/s; 5516 tgt tok/s;     39 s elapsed
Epoch  1,   300/  454; acc:  26.95; ppl: 130.48; 5293 src tok/s; 5492 tgt tok/s;     47 s elapsed
Epoch  1,   350/  454; acc:  29.47; ppl:  96.62; 5442 src tok/s; 5630 tgt tok/s;     55 s elapsed
Epoch  1,   400/  454; acc:  31.23; ppl:  82.08; 5450 src tok/s; 5649 tgt tok/s;     63 s elapsed
Epoch  1,   450/  454; acc:  33.27; ppl:  68.00; 5333 src tok/s; 5519 tgt tok/s;     70 s elapsed
Train perplexity: 337.803
Train accuracy: 22.8859
Validation perplexity: 55.5298
Validation accuracy: 35.767

Epoch  2,    50/  454; acc:  35.54; ppl:  57.21; 5328 src tok/s; 5543 tgt tok/s;      8 s elapsed
Epoch  2,   100/  454; acc:  37.15; ppl:  47.81; 5378 src tok/s; 5569 tgt tok/s;     16 s elapsed
Epoch  2,   150/  454; acc:  39.15; ppl:  41.98; 5347 src tok/s; 5521 tgt tok/s;     24 s elapsed
Epoch  2,   200/  454; acc:  43.50; ppl:  31.17; 5351 src tok/s; 5566 tgt tok/s;     31 s elapsed
Epoch  2,   250/  454; acc:  45.97; ppl:  27.81; 5305 src tok/s; 5560 tgt tok/s;     39 s elapsed
Epoch  2,   300/  454; acc:  45.99; ppl:  26.58; 5344 src tok/s; 5529 tgt tok/s;     47 s elapsed
Epoch  2,   350/  454; acc:  49.09; ppl:  22.49; 5373 src tok/s; 5552 tgt tok/s;     55 s elapsed
Epoch  2,   400/  454; acc:  50.87; ppl:  20.27; 5362 src tok/s; 5563 tgt tok/s;     63 s elapsed
Epoch  2,   450/  454; acc:  51.89; ppl:  18.22; 5385 src tok/s; 5601 tgt tok/s;     70 s elapsed
Train perplexity: 30.2902
Train accuracy: 44.3815
Validation perplexity: 16.0775
Validation accuracy: 54.2287

Epoch  3,    50/  454; acc:  52.76; ppl:  16.30; 5360 src tok/s; 5511 tgt tok/s;      8 s elapsed
Epoch  3,   100/  454; acc:  56.41; ppl:  13.19; 5354 src tok/s; 5607 tgt tok/s;     16 s elapsed
Epoch  3,   150/  454; acc:  55.03; ppl:  14.02; 5424 src tok/s; 5589 tgt tok/s;     24 s elapsed
Epoch  3,   200/  454; acc:  56.96; ppl:  12.63; 5343 src tok/s; 5578 tgt tok/s;     31 s elapsed
Epoch  3,   250/  454; acc:  57.78; ppl:  12.16; 5422 src tok/s; 5672 tgt tok/s;     39 s elapsed
Epoch  3,   300/  454; acc:  56.67; ppl:  12.59; 5420 src tok/s; 5613 tgt tok/s;     47 s elapsed
Epoch  3,   350/  454; acc:  57.35; ppl:  11.95; 5439 src tok/s; 5604 tgt tok/s;     55 s elapsed
Epoch  3,   400/  454; acc:  58.90; ppl:  10.98; 5307 src tok/s; 5517 tgt tok/s;     62 s elapsed
Epoch  3,   450/  454; acc:  59.34; ppl:  10.40; 5265 src tok/s; 5514 tgt tok/s;     70 s elapsed
Train perplexity: 12.689
Train accuracy: 56.6598
Validation perplexity: 10.3481
Validation accuracy: 60.3661

Epoch  4,    50/  454; acc:  60.08; ppl:   9.43; 5296 src tok/s; 5489 tgt tok/s;      8 s elapsed
Epoch  4,   100/  454; acc:  62.63; ppl:   8.02; 5455 src tok/s; 5681 tgt tok/s;     16 s elapsed
Epoch  4,   150/  454; acc:  62.64; ppl:   8.14; 5341 src tok/s; 5581 tgt tok/s;     23 s elapsed
Epoch  4,   200/  454; acc:  60.84; ppl:   8.94; 5470 src tok/s; 5616 tgt tok/s;     31 s elapsed
Epoch  4,   250/  454; acc:  61.88; ppl:   8.60; 5312 src tok/s; 5526 tgt tok/s;     39 s elapsed
Epoch  4,   300/  454; acc:  61.78; ppl:   8.66; 5420 src tok/s; 5610 tgt tok/s;     47 s elapsed
Epoch  4,   350/  454; acc:  62.29; ppl:   8.21; 5379 src tok/s; 5566 tgt tok/s;     55 s elapsed
Epoch  4,   400/  454; acc:  63.86; ppl:   7.34; 5341 src tok/s; 5554 tgt tok/s;     62 s elapsed
Epoch  4,   450/  454; acc:  62.29; ppl:   8.00; 5294 src tok/s; 5501 tgt tok/s;     70 s elapsed
Train perplexity: 8.34616
Train accuracy: 62.035
Validation perplexity: 7.95034
Validation accuracy: 65.0348

Epoch  5,    50/  454; acc:  66.29; ppl:   5.96; 5301 src tok/s; 5516 tgt tok/s;      8 s elapsed
Epoch  5,   100/  454; acc:  65.25; ppl:   6.35; 5328 src tok/s; 5507 tgt tok/s;     16 s elapsed
Epoch  5,   150/  454; acc:  64.98; ppl:   6.53; 5350 src tok/s; 5561 tgt tok/s;     24 s elapsed
Epoch  5,   200/  454; acc:  65.03; ppl:   6.42; 5376 src tok/s; 5583 tgt tok/s;     31 s elapsed
Epoch  5,   250/  454; acc:  64.85; ppl:   6.51; 5355 src tok/s; 5569 tgt tok/s;     39 s elapsed
Epoch  5,   300/  454; acc:  65.84; ppl:   6.08; 5446 src tok/s; 5664 tgt tok/s;     47 s elapsed
Epoch  5,   350/  454; acc:  65.54; ppl:   6.34; 5306 src tok/s; 5521 tgt tok/s;     55 s elapsed
Epoch  5,   400/  454; acc:  65.12; ppl:   6.36; 5484 src tok/s; 5654 tgt tok/s;     63 s elapsed
Epoch  5,   450/  454; acc:  66.19; ppl:   6.07; 5381 src tok/s; 5580 tgt tok/s;     70 s elapsed
Train perplexity: 6.29736
Train accuracy: 65.4314
Validation perplexity: 7.50395
Validation accuracy: 64.8006

Epoch  6,    50/  454; acc:  68.86; ppl:   4.82; 5231 src tok/s; 5473 tgt tok/s;      8 s elapsed
Epoch  6,   100/  454; acc:  67.86; ppl:   5.10; 5351 src tok/s; 5534 tgt tok/s;     16 s elapsed
Epoch  6,   150/  454; acc:  68.48; ppl:   4.88; 5287 src tok/s; 5519 tgt tok/s;     24 s elapsed
Epoch  6,   200/  454; acc:  67.72; ppl:   5.16; 5408 src tok/s; 5608 tgt tok/s;     32 s elapsed
Epoch  6,   250/  454; acc:  66.78; ppl:   5.40; 5412 src tok/s; 5595 tgt tok/s;     40 s elapsed
Epoch  6,   300/  454; acc:  68.57; ppl:   4.89; 5398 src tok/s; 5629 tgt tok/s;     47 s elapsed
Epoch  6,   350/  454; acc:  66.41; ppl:   5.55; 5556 src tok/s; 5674 tgt tok/s;     55 s elapsed
Epoch  6,   400/  454; acc:  68.72; ppl:   4.89; 5258 src tok/s; 5520 tgt tok/s;     63 s elapsed
Epoch  6,   450/  454; acc:  67.74; ppl:   5.11; 5324 src tok/s; 5508 tgt tok/s;     70 s elapsed
Train perplexity: 5.09324
Train accuracy: 67.8884
Validation perplexity: 6.6803
Validation accuracy: 66.468

Epoch  7,    50/  454; acc:  70.40; ppl:   4.18; 5346 src tok/s; 5514 tgt tok/s;      8 s elapsed
Epoch  7,   100/  454; acc:  71.25; ppl:   3.93; 5363 src tok/s; 5599 tgt tok/s;     16 s elapsed
Epoch  7,   150/  454; acc:  69.44; ppl:   4.48; 5334 src tok/s; 5510 tgt tok/s;     24 s elapsed
Epoch  7,   200/  454; acc:  70.78; ppl:   4.04; 5396 src tok/s; 5621 tgt tok/s;     31 s elapsed
Epoch  7,   250/  454; acc:  69.72; ppl:   4.40; 5372 src tok/s; 5588 tgt tok/s;     39 s elapsed
Epoch  7,   300/  454; acc:  68.96; ppl:   4.53; 5405 src tok/s; 5597 tgt tok/s;     47 s elapsed
Epoch  7,   350/  454; acc:  69.97; ppl:   4.30; 5358 src tok/s; 5546 tgt tok/s;     55 s elapsed
Epoch  7,   400/  454; acc:  70.25; ppl:   4.24; 5451 src tok/s; 5673 tgt tok/s;     62 s elapsed
Epoch  7,   450/  454; acc:  69.72; ppl:   4.38; 5219 src tok/s; 5432 tgt tok/s;     70 s elapsed
Train perplexity: 4.28075
Train accuracy: 70.0189
Validation perplexity: 6.7229
Validation accuracy: 67.1208
Decaying learning rate to 0.5

Epoch  8,    50/  454; acc:  74.87; ppl:   3.20; 5284 src tok/s; 5490 tgt tok/s;      8 s elapsed
Epoch  8,   100/  454; acc:  74.98; ppl:   3.16; 5364 src tok/s; 5562 tgt tok/s;     16 s elapsed
Epoch  8,   150/  454; acc:  74.71; ppl:   3.26; 5486 src tok/s; 5665 tgt tok/s;     24 s elapsed
Epoch  8,   200/  454; acc:  75.02; ppl:   3.13; 5399 src tok/s; 5588 tgt tok/s;     31 s elapsed
Epoch  8,   250/  454; acc:  75.37; ppl:   3.06; 5424 src tok/s; 5654 tgt tok/s;     39 s elapsed
Epoch  8,   300/  454; acc:  74.96; ppl:   3.15; 5432 src tok/s; 5606 tgt tok/s;     47 s elapsed
Epoch  8,   350/  454; acc:  75.34; ppl:   3.06; 5573 src tok/s; 5782 tgt tok/s;     54 s elapsed
Epoch  8,   400/  454; acc:  74.67; ppl:   3.20; 5279 src tok/s; 5474 tgt tok/s;     62 s elapsed
Epoch  8,   450/  454; acc:  74.19; ppl:   3.27; 5163 src tok/s; 5407 tgt tok/s;     70 s elapsed
Train perplexity: 3.16212
Train accuracy: 74.909
Validation perplexity: 6.00581
Validation accuracy: 68.8804
Decaying learning rate to 0.25

Epoch  9,    50/  454; acc:  77.22; ppl:   2.81; 5490 src tok/s; 5665 tgt tok/s;      8 s elapsed
Epoch  9,   100/  454; acc:  79.76; ppl:   2.44; 5180 src tok/s; 5417 tgt tok/s;     16 s elapsed
Epoch  9,   150/  454; acc:  79.40; ppl:   2.42; 5469 src tok/s; 5700 tgt tok/s;     23 s elapsed
Epoch  9,   200/  454; acc:  77.85; ppl:   2.65; 5487 src tok/s; 5667 tgt tok/s;     31 s elapsed
Epoch  9,   250/  454; acc:  77.95; ppl:   2.69; 5403 src tok/s; 5561 tgt tok/s;     39 s elapsed
Epoch  9,   300/  454; acc:  78.92; ppl:   2.54; 5414 src tok/s; 5638 tgt tok/s;     47 s elapsed
Epoch  9,   350/  454; acc:  78.91; ppl:   2.49; 5307 src tok/s; 5557 tgt tok/s;     54 s elapsed
Epoch  9,   400/  454; acc:  77.35; ppl:   2.73; 5309 src tok/s; 5486 tgt tok/s;     62 s elapsed
Epoch  9,   450/  454; acc:  77.90; ppl:   2.61; 5307 src tok/s; 5519 tgt tok/s;     70 s elapsed
Train perplexity: 2.59845
Train accuracy: 78.3229
Validation perplexity: 5.99309
Validation accuracy: 69.6892
Decaying learning rate to 0.125

Epoch 10,    50/  454; acc:  80.72; ppl:   2.31; 5341 src tok/s; 5537 tgt tok/s;      8 s elapsed
Epoch 10,   100/  454; acc:  80.70; ppl:   2.30; 5382 src tok/s; 5602 tgt tok/s;     16 s elapsed
Epoch 10,   150/  454; acc:  80.27; ppl:   2.36; 5415 src tok/s; 5592 tgt tok/s;     23 s elapsed
Epoch 10,   200/  454; acc:  80.44; ppl:   2.36; 5427 src tok/s; 5637 tgt tok/s;     31 s elapsed
Epoch 10,   250/  454; acc:  80.44; ppl:   2.33; 5336 src tok/s; 5591 tgt tok/s;     39 s elapsed
Epoch 10,   300/  454; acc:  80.01; ppl:   2.36; 5234 src tok/s; 5418 tgt tok/s;     47 s elapsed
Epoch 10,   350/  454; acc:  79.96; ppl:   2.38; 5524 src tok/s; 5681 tgt tok/s;     55 s elapsed
Epoch 10,   400/  454; acc:  80.45; ppl:   2.30; 5326 src tok/s; 5565 tgt tok/s;     62 s elapsed
Epoch 10,   450/  454; acc:  80.21; ppl:   2.38; 5315 src tok/s; 5517 tgt tok/s;     70 s elapsed
Train perplexity: 2.34137
Train accuracy: 80.354
Validation perplexity: 6.07836
Validation accuracy: 69.895
Decaying learning rate to 0.0625

Epoch 11,    50/  454; acc:  81.78; ppl:   2.18; 5396 src tok/s; 5591 tgt tok/s;      8 s elapsed
Epoch 11,   100/  454; acc:  81.56; ppl:   2.21; 5514 src tok/s; 5713 tgt tok/s;     15 s elapsed
Epoch 11,   150/  454; acc:  81.70; ppl:   2.17; 5347 src tok/s; 5552 tgt tok/s;     23 s elapsed
Epoch 11,   200/  454; acc:  81.16; ppl:   2.24; 5383 src tok/s; 5613 tgt tok/s;     31 s elapsed
Epoch 11,   250/  454; acc:  80.13; ppl:   2.36; 5426 src tok/s; 5569 tgt tok/s;     39 s elapsed
Epoch 11,   300/  454; acc:  82.41; ppl:   2.11; 5254 src tok/s; 5510 tgt tok/s;     47 s elapsed
Epoch 11,   350/  454; acc:  80.63; ppl:   2.27; 5439 src tok/s; 5616 tgt tok/s;     55 s elapsed
Epoch 11,   400/  454; acc:  81.63; ppl:   2.19; 5278 src tok/s; 5522 tgt tok/s;     62 s elapsed
Epoch 11,   450/  454; acc:  81.29; ppl:   2.23; 5394 src tok/s; 5591 tgt tok/s;     70 s elapsed
Train perplexity: 2.21849
Train accuracy: 81.3573
Validation perplexity: 6.16159
Validation accuracy: 69.8879
Decaying learning rate to 0.03125

Epoch 12,    50/  454; acc:  82.24; ppl:   2.14; 5321 src tok/s; 5537 tgt tok/s;      8 s elapsed
Epoch 12,   100/  454; acc:  81.37; ppl:   2.21; 5333 src tok/s; 5532 tgt tok/s;     16 s elapsed
Epoch 12,   150/  454; acc:  82.75; ppl:   2.07; 5391 src tok/s; 5641 tgt tok/s;     23 s elapsed
Epoch 12,   200/  454; acc:  81.01; ppl:   2.28; 5412 src tok/s; 5574 tgt tok/s;     31 s elapsed
Epoch 12,   250/  454; acc:  81.36; ppl:   2.22; 5399 src tok/s; 5599 tgt tok/s;     39 s elapsed
Epoch 12,   300/  454; acc:  82.46; ppl:   2.09; 5338 src tok/s; 5579 tgt tok/s;     47 s elapsed
Epoch 12,   350/  454; acc:  81.40; ppl:   2.21; 5410 src tok/s; 5578 tgt tok/s;     55 s elapsed
Epoch 12,   400/  454; acc:  82.35; ppl:   2.10; 5413 src tok/s; 5608 tgt tok/s;     62 s elapsed
Epoch 12,   450/  454; acc:  82.27; ppl:   2.11; 5289 src tok/s; 5503 tgt tok/s;     70 s elapsed
Train perplexity: 2.15944
Train accuracy: 81.8851
Validation perplexity: 6.19223
Validation accuracy: 69.9872
Decaying learning rate to 0.015625

Epoch 13,    50/  454; acc:  81.45; ppl:   2.23; 5369 src tok/s; 5550 tgt tok/s;      8 s elapsed
Epoch 13,   100/  454; acc:  82.84; ppl:   2.06; 5392 src tok/s; 5612 tgt tok/s;     16 s elapsed
Epoch 13,   150/  454; acc:  81.98; ppl:   2.15; 5430 src tok/s; 5604 tgt tok/s;     24 s elapsed
Epoch 13,   200/  454; acc:  82.56; ppl:   2.09; 5339 src tok/s; 5583 tgt tok/s;     31 s elapsed
Epoch 13,   250/  454; acc:  82.38; ppl:   2.13; 5492 src tok/s; 5671 tgt tok/s;     39 s elapsed
Epoch 13,   300/  454; acc:  81.91; ppl:   2.18; 5306 src tok/s; 5514 tgt tok/s;     47 s elapsed
Epoch 13,   350/  454; acc:  81.49; ppl:   2.20; 5349 src tok/s; 5515 tgt tok/s;     55 s elapsed
Epoch 13,   400/  454; acc:  83.05; ppl:   2.03; 5284 src tok/s; 5538 tgt tok/s;     63 s elapsed
Epoch 13,   450/  454; acc:  82.59; ppl:   2.07; 5327 src tok/s; 5546 tgt tok/s;     70 s elapsed
Train perplexity: 2.13008
Train accuracy: 82.2168
Validation perplexity: 6.2194
Validation accuracy: 69.8098
Decaying learning rate to 0.0078125

Epoch 14,    50/  454; acc:  82.16; ppl:   2.13; 5155 src tok/s; 5342 tgt tok/s;      8 s elapsed
Epoch 14,   100/  454; acc:  82.51; ppl:   2.08; 5409 src tok/s; 5575 tgt tok/s;     16 s elapsed
Epoch 14,   150/  454; acc:  81.97; ppl:   2.20; 5376 src tok/s; 5549 tgt tok/s;     24 s elapsed
Epoch 14,   200/  454; acc:  82.70; ppl:   2.06; 5312 src tok/s; 5506 tgt tok/s;     32 s elapsed
Epoch 14,   250/  454; acc:  81.81; ppl:   2.16; 5316 src tok/s; 5533 tgt tok/s;     40 s elapsed
Epoch 14,   300/  454; acc:  82.59; ppl:   2.10; 5243 src tok/s; 5487 tgt tok/s;     47 s elapsed
Epoch 14,   350/  454; acc:  81.94; ppl:   2.16; 5436 src tok/s; 5618 tgt tok/s;     55 s elapsed
Epoch 14,   400/  454; acc:  82.92; ppl:   2.05; 5337 src tok/s; 5572 tgt tok/s;     63 s elapsed
Epoch 14,   450/  454; acc:  82.55; ppl:   2.12; 5309 src tok/s; 5529 tgt tok/s;     71 s elapsed
Train perplexity: 2.11986
Train accuracy: 82.3329
Validation perplexity: 6.23212
Validation accuracy: 69.8595
Decaying learning rate to 0.00390625

Epoch 15,    50/  454; acc:  82.60; ppl:   2.11; 5212 src tok/s; 5437 tgt tok/s;      8 s elapsed
Epoch 15,   100/  454; acc:  81.89; ppl:   2.16; 5419 src tok/s; 5586 tgt tok/s;     16 s elapsed
Epoch 15,   150/  454; acc:  82.94; ppl:   2.05; 5337 src tok/s; 5553 tgt tok/s;     24 s elapsed
Epoch 15,   200/  454; acc:  81.91; ppl:   2.14; 5222 src tok/s; 5416 tgt tok/s;     32 s elapsed
Epoch 15,   250/  454; acc:  82.44; ppl:   2.09; 5346 src tok/s; 5563 tgt tok/s;     40 s elapsed
Epoch 15,   300/  454; acc:  82.41; ppl:   2.12; 5379 src tok/s; 5560 tgt tok/s;     47 s elapsed
Epoch 15,   350/  454; acc:  81.96; ppl:   2.19; 5390 src tok/s; 5563 tgt tok/s;     55 s elapsed
Epoch 15,   400/  454; acc:  83.36; ppl:   2.02; 5239 src tok/s; 5474 tgt tok/s;     63 s elapsed
Epoch 15,   450/  454; acc:  82.68; ppl:   2.09; 5188 src tok/s; 5387 tgt tok/s;     71 s elapsed
Train perplexity: 2.10973
Train accuracy: 82.4276
Validation perplexity: 6.23806
Validation accuracy: 69.8098
Decaying learning rate to 0.00195312

Epoch 16,    50/  454; acc:  81.76; ppl:   2.18; 5269 src tok/s; 5453 tgt tok/s;      8 s elapsed
Epoch 16,   100/  454; acc:  83.01; ppl:   2.05; 5391 src tok/s; 5583 tgt tok/s;     16 s elapsed
Epoch 16,   150/  454; acc:  83.33; ppl:   2.01; 5266 src tok/s; 5500 tgt tok/s;     23 s elapsed
Epoch 16,   200/  454; acc:  81.77; ppl:   2.17; 5458 src tok/s; 5643 tgt tok/s;     31 s elapsed
Epoch 16,   250/  454; acc:  82.95; ppl:   2.03; 5396 src tok/s; 5633 tgt tok/s;     39 s elapsed
Epoch 16,   300/  454; acc:  81.77; ppl:   2.17; 5383 src tok/s; 5545 tgt tok/s;     47 s elapsed
Epoch 16,   350/  454; acc:  83.61; ppl:   1.98; 5315 src tok/s; 5546 tgt tok/s;     54 s elapsed
Epoch 16,   400/  454; acc:  81.08; ppl:   2.23; 5216 src tok/s; 5393 tgt tok/s;     63 s elapsed
Epoch 16,   450/  454; acc:  82.33; ppl:   2.12; 5252 src tok/s; 5472 tgt tok/s;     71 s elapsed
Train perplexity: 2.10477
Train accuracy: 82.3823
Validation perplexity: 6.24213
Validation accuracy: 69.824
Decaying learning rate to 0.000976562

Epoch 17,    50/  454; acc:  83.24; ppl:   2.02; 5328 src tok/s; 5566 tgt tok/s;      8 s elapsed
Epoch 17,   100/  454; acc:  81.98; ppl:   2.18; 5360 src tok/s; 5527 tgt tok/s;     16 s elapsed
Epoch 17,   150/  454; acc:  81.93; ppl:   2.18; 5321 src tok/s; 5482 tgt tok/s;     24 s elapsed
Epoch 17,   200/  454; acc:  82.62; ppl:   2.08; 5321 src tok/s; 5537 tgt tok/s;     32 s elapsed
Epoch 17,   250/  454; acc:  82.59; ppl:   2.08; 5276 src tok/s; 5483 tgt tok/s;     40 s elapsed
Epoch 17,   300/  454; acc:  82.82; ppl:   2.06; 5354 src tok/s; 5584 tgt tok/s;     47 s elapsed
Epoch 17,   350/  454; acc:  81.52; ppl:   2.21; 5368 src tok/s; 5530 tgt tok/s;     55 s elapsed
Epoch 17,   400/  454; acc:  83.39; ppl:   2.02; 5380 src tok/s; 5625 tgt tok/s;     63 s elapsed
Epoch 17,   450/  454; acc:  82.25; ppl:   2.12; 5168 src tok/s; 5361 tgt tok/s;     71 s elapsed
Train perplexity: 2.10364
Train accuracy: 82.4907
Validation perplexity: 6.24333
Validation accuracy: 69.8098
Decaying learning rate to 0.000488281
