<module 'opts' from '/u/suhubdyd/research/projects/jumble_lstm/code/auxiliary-nmt/opts.pyc'>
Namespace(batch_size=64, brnn=False, brnn_merge='concat', cnn_kernel_width=3, context_gate=None, copy_attn=False, copy_attn_force=False, coverage_attn=False, data='/data/lisatmp3/suhubdyd/multi30k.atok.low', dec_layers=1, decay_method='', decoder_type='rnn', dropout=0.3, enc_layers=2, encoder_type='rnn', epochs=17, exp='', exp_host='', feat_merge='concat', feat_vec_exponent=0.7, feat_vec_size=-1, fix_word_vecs_dec=False, fix_word_vecs_enc=False, global_attention='general', gpuid=[0], input_feed=1, kappa_dec=0.4, kappa_enc=0.4, lambda_coverage=1, layers=-1, learning_rate=1.0, learning_rate_decay=0.5, max_generator_batches=32, max_grad_norm=5, model_type='text', optim='sgd', param_init=0.1, position_encoding=False, pre_word_vecs_dec=None, pre_word_vecs_enc=None, report_every=50, rnn_size=500, rnn_type='LSTM', save_model='/data/lisatmp3/suhubdyd/models/seeds/encoder0.4decoder0.4dropout0.3wdropFalseseed2', seed=2, share_decoder_embeddings=False, share_embeddings=False, src_word_vec_size=500, start_checkpoint_at=0, start_decay_at=8, start_epoch=1, tgt_word_vec_size=500, train_from='', truncated_decoder=0, warmup_steps=4000, weightdropout=False, word_vec_size=-1)
('Using Kappa L2 loss on encoder', 0.4)
('Using Kappa L2 loss on decoder', 0.4)
Loading train and validate data from '/data/lisatmp3/suhubdyd/multi30k.atok.low'
 * number of training sentences: 29000
 * maximum batch size: 64
 * vocabulary size. source = 10841; target = 18563
Building model...
Intializing model parameters.
NMTModel (
  (encoder): RNNEncoder (
    (embeddings): Embeddings (
      (make_embedding): Sequential (
        (emb_luts): Elementwise (
          (0): Embedding(10841, 500, padding_idx=1)
        )
      )
    )
    (dropout): Dropout (p = 0.3)
    (rnn): LSTM(500, 500, dropout=0.3)
  )
  (decoder): InputFeedRNNDecoder (
    (embeddings): Embeddings (
      (make_embedding): Sequential (
        (emb_luts): Elementwise (
          (0): Embedding(18563, 500, padding_idx=1)
        )
      )
    )
    (dropout): Dropout (p = 0.3)
    (rnn): StackedLSTM (
      (dropout): Dropout (p = 0.3)
      (layers): ModuleList (
        (0): LSTMCell(1000, 500)
      )
    )
    (attn): GlobalAttention (
      (linear_in): Linear (500 -> 500)
      (linear_out): Linear (1000 -> 500)
      (sm): Softmax ()
      (tanh): Tanh ()
    )
  )
  (generator): Sequential (
    (0): Linear (500 -> 18563)
    (1): LogSoftmax ()
  )
)
* number of parameters: 29760063
('encoder: ', 7424500)
('decoder: ', 22335563)

Epoch  1,    50/  454; acc:  10.42; ppl: 8835.00; 5300 src tok/s; 5507 tgt tok/s;      8 s elapsed
Epoch  1,   100/  454; acc:  15.53; ppl: 1129.93; 5307 src tok/s; 5490 tgt tok/s;     16 s elapsed
Epoch  1,   150/  454; acc:  18.62; ppl: 410.42; 5306 src tok/s; 5500 tgt tok/s;     24 s elapsed
Epoch  1,   200/  454; acc:  21.92; ppl: 247.07; 5369 src tok/s; 5600 tgt tok/s;     32 s elapsed
Epoch  1,   250/  454; acc:  23.97; ppl: 168.26; 5410 src tok/s; 5619 tgt tok/s;     39 s elapsed
Epoch  1,   300/  454; acc:  28.31; ppl: 115.09; 5437 src tok/s; 5624 tgt tok/s;     47 s elapsed
Epoch  1,   350/  454; acc:  30.25; ppl:  92.31; 5358 src tok/s; 5578 tgt tok/s;     55 s elapsed
Epoch  1,   400/  454; acc:  31.19; ppl:  79.07; 5432 src tok/s; 5615 tgt tok/s;     63 s elapsed
Epoch  1,   450/  454; acc:  32.44; ppl:  70.66; 5268 src tok/s; 5478 tgt tok/s;     70 s elapsed
Train perplexity: 274.974
Train accuracy: 23.7037
Validation perplexity: 60.6562
Validation accuracy: 32.3755

Epoch  2,    50/  454; acc:  35.37; ppl:  54.40; 5319 src tok/s; 5534 tgt tok/s;      8 s elapsed
Epoch  2,   100/  454; acc:  36.67; ppl:  50.79; 5471 src tok/s; 5656 tgt tok/s;     16 s elapsed
Epoch  2,   150/  454; acc:  40.31; ppl:  40.04; 5412 src tok/s; 5632 tgt tok/s;     23 s elapsed
Epoch  2,   200/  454; acc:  41.48; ppl:  35.55; 5417 src tok/s; 5613 tgt tok/s;     31 s elapsed
Epoch  2,   250/  454; acc:  45.67; ppl:  27.37; 5204 src tok/s; 5456 tgt tok/s;     39 s elapsed
Epoch  2,   300/  454; acc:  45.20; ppl:  27.62; 5444 src tok/s; 5610 tgt tok/s;     47 s elapsed
Epoch  2,   350/  454; acc:  47.76; ppl:  22.98; 5428 src tok/s; 5631 tgt tok/s;     55 s elapsed
Epoch  2,   400/  454; acc:  49.95; ppl:  20.51; 5388 src tok/s; 5607 tgt tok/s;     62 s elapsed
Epoch  2,   450/  454; acc:  51.61; ppl:  18.15; 5433 src tok/s; 5627 tgt tok/s;     70 s elapsed
Train perplexity: 30.8586
Train accuracy: 43.784
Validation perplexity: 16.2996
Validation accuracy: 53.4979

Epoch  3,    50/  454; acc:  54.65; ppl:  14.47; 5288 src tok/s; 5511 tgt tok/s;      8 s elapsed
Epoch  3,   100/  454; acc:  52.85; ppl:  15.99; 5503 src tok/s; 5673 tgt tok/s;     16 s elapsed
Epoch  3,   150/  454; acc:  54.89; ppl:  14.42; 5368 src tok/s; 5572 tgt tok/s;     23 s elapsed
Epoch  3,   200/  454; acc:  56.46; ppl:  12.59; 5386 src tok/s; 5588 tgt tok/s;     31 s elapsed
Epoch  3,   250/  454; acc:  55.73; ppl:  13.29; 5343 src tok/s; 5534 tgt tok/s;     39 s elapsed
Epoch  3,   300/  454; acc:  57.06; ppl:  12.26; 5381 src tok/s; 5588 tgt tok/s;     47 s elapsed
Epoch  3,   350/  454; acc:  57.51; ppl:  11.50; 5361 src tok/s; 5582 tgt tok/s;     55 s elapsed
Epoch  3,   400/  454; acc:  57.69; ppl:  11.76; 5425 src tok/s; 5635 tgt tok/s;     62 s elapsed
Epoch  3,   450/  454; acc:  58.57; ppl:  10.89; 5378 src tok/s; 5601 tgt tok/s;     70 s elapsed
Train perplexity: 12.9558
Train accuracy: 56.1075
Validation perplexity: 10.5297
Validation accuracy: 60.0965

Epoch  4,    50/  454; acc:  60.65; ppl:   9.03; 5434 src tok/s; 5638 tgt tok/s;      8 s elapsed
Epoch  4,   100/  454; acc:  61.78; ppl:   8.50; 5401 src tok/s; 5595 tgt tok/s;     15 s elapsed
Epoch  4,   150/  454; acc:  61.42; ppl:   8.49; 5400 src tok/s; 5595 tgt tok/s;     24 s elapsed
Epoch  4,   200/  454; acc:  61.50; ppl:   8.61; 5351 src tok/s; 5549 tgt tok/s;     31 s elapsed
Epoch  4,   250/  454; acc:  61.61; ppl:   8.59; 5339 src tok/s; 5549 tgt tok/s;     39 s elapsed
Epoch  4,   300/  454; acc:  61.82; ppl:   8.33; 5467 src tok/s; 5691 tgt tok/s;     47 s elapsed
Epoch  4,   350/  454; acc:  62.82; ppl:   7.90; 5392 src tok/s; 5628 tgt tok/s;     55 s elapsed
Epoch  4,   400/  454; acc:  62.33; ppl:   8.09; 5428 src tok/s; 5623 tgt tok/s;     62 s elapsed
Epoch  4,   450/  454; acc:  62.26; ppl:   8.16; 5305 src tok/s; 5481 tgt tok/s;     70 s elapsed
Train perplexity: 8.41182
Train accuracy: 61.7896
Validation perplexity: 8.33984
Validation accuracy: 63.1262

Epoch  5,    50/  454; acc:  65.06; ppl:   6.44; 5394 src tok/s; 5581 tgt tok/s;      8 s elapsed
Epoch  5,   100/  454; acc:  66.26; ppl:   6.03; 5339 src tok/s; 5554 tgt tok/s;     16 s elapsed
Epoch  5,   150/  454; acc:  64.38; ppl:   6.64; 5433 src tok/s; 5595 tgt tok/s;     24 s elapsed
Epoch  5,   200/  454; acc:  65.25; ppl:   6.35; 5416 src tok/s; 5640 tgt tok/s;     31 s elapsed
Epoch  5,   250/  454; acc:  65.29; ppl:   6.38; 5435 src tok/s; 5653 tgt tok/s;     39 s elapsed
Epoch  5,   300/  454; acc:  65.29; ppl:   6.31; 5451 src tok/s; 5624 tgt tok/s;     47 s elapsed
Epoch  5,   350/  454; acc:  64.83; ppl:   6.51; 5358 src tok/s; 5560 tgt tok/s;     55 s elapsed
Epoch  5,   400/  454; acc:  65.20; ppl:   6.25; 5384 src tok/s; 5599 tgt tok/s;     62 s elapsed
Epoch  5,   450/  454; acc:  65.43; ppl:   6.19; 5212 src tok/s; 5462 tgt tok/s;     70 s elapsed
Train perplexity: 6.34962
Train accuracy: 65.1876
Validation perplexity: 7.22777
Validation accuracy: 65.6521

Epoch  6,    50/  454; acc:  69.18; ppl:   4.65; 5386 src tok/s; 5624 tgt tok/s;      7 s elapsed
Epoch  6,   100/  454; acc:  67.51; ppl:   5.26; 5558 src tok/s; 5721 tgt tok/s;     15 s elapsed
Epoch  6,   150/  454; acc:  68.91; ppl:   4.86; 5454 src tok/s; 5648 tgt tok/s;     23 s elapsed
Epoch  6,   200/  454; acc:  67.00; ppl:   5.26; 5456 src tok/s; 5654 tgt tok/s;     31 s elapsed
Epoch  6,   250/  454; acc:  67.40; ppl:   5.27; 5348 src tok/s; 5554 tgt tok/s;     38 s elapsed
Epoch  6,   300/  454; acc:  66.93; ppl:   5.39; 5425 src tok/s; 5640 tgt tok/s;     46 s elapsed
Epoch  6,   350/  454; acc:  67.53; ppl:   5.27; 5346 src tok/s; 5554 tgt tok/s;     54 s elapsed
Epoch  6,   400/  454; acc:  68.75; ppl:   4.92; 5418 src tok/s; 5645 tgt tok/s;     62 s elapsed
Epoch  6,   450/  454; acc:  67.74; ppl:   5.18; 5398 src tok/s; 5589 tgt tok/s;     69 s elapsed
Train perplexity: 5.12208
Train accuracy: 67.8623
Validation perplexity: 6.86712
Validation accuracy: 66.0636

Epoch  7,    50/  454; acc:  70.41; ppl:   4.21; 5331 src tok/s; 5516 tgt tok/s;      8 s elapsed
Epoch  7,   100/  454; acc:  70.64; ppl:   4.14; 5446 src tok/s; 5632 tgt tok/s;     16 s elapsed
Epoch  7,   150/  454; acc:  71.63; ppl:   3.93; 5364 src tok/s; 5635 tgt tok/s;     23 s elapsed
Epoch  7,   200/  454; acc:  68.31; ppl:   4.72; 5494 src tok/s; 5664 tgt tok/s;     31 s elapsed
Epoch  7,   250/  454; acc:  69.48; ppl:   4.38; 5346 src tok/s; 5551 tgt tok/s;     39 s elapsed
Epoch  7,   300/  454; acc:  70.32; ppl:   4.25; 5380 src tok/s; 5597 tgt tok/s;     47 s elapsed
Epoch  7,   350/  454; acc:  70.00; ppl:   4.25; 5351 src tok/s; 5580 tgt tok/s;     54 s elapsed
Epoch  7,   400/  454; acc:  69.21; ppl:   4.46; 5350 src tok/s; 5521 tgt tok/s;     62 s elapsed
Epoch  7,   450/  454; acc:  69.58; ppl:   4.39; 5448 src tok/s; 5666 tgt tok/s;     70 s elapsed
Train perplexity: 4.31477
Train accuracy: 69.8942
Validation perplexity: 6.52836
Validation accuracy: 67.4897

Epoch  8,    50/  454; acc:  72.32; ppl:   3.62; 5353 src tok/s; 5514 tgt tok/s;      8 s elapsed
Epoch  8,   100/  454; acc:  73.19; ppl:   3.40; 5410 src tok/s; 5640 tgt tok/s;     16 s elapsed
Epoch  8,   150/  454; acc:  71.70; ppl:   3.74; 5441 src tok/s; 5617 tgt tok/s;     23 s elapsed
Epoch  8,   200/  454; acc:  72.12; ppl:   3.68; 5251 src tok/s; 5517 tgt tok/s;     31 s elapsed
Epoch  8,   250/  454; acc:  70.77; ppl:   3.91; 5397 src tok/s; 5591 tgt tok/s;     39 s elapsed
Epoch  8,   300/  454; acc:  71.68; ppl:   3.70; 5454 src tok/s; 5640 tgt tok/s;     47 s elapsed
Epoch  8,   350/  454; acc:  71.30; ppl:   3.91; 5431 src tok/s; 5629 tgt tok/s;     55 s elapsed
Epoch  8,   400/  454; acc:  71.29; ppl:   3.80; 5401 src tok/s; 5628 tgt tok/s;     62 s elapsed
Epoch  8,   450/  454; acc:  71.12; ppl:   3.88; 5360 src tok/s; 5543 tgt tok/s;     70 s elapsed
Train perplexity: 3.73328
Train accuracy: 71.7333
Validation perplexity: 6.57476
Validation accuracy: 67.2698
Decaying learning rate to 0.5

Epoch  9,    50/  454; acc:  76.60; ppl:   2.79; 5296 src tok/s; 5538 tgt tok/s;      8 s elapsed
Epoch  9,   100/  454; acc:  75.82; ppl:   2.95; 5322 src tok/s; 5506 tgt tok/s;     16 s elapsed
Epoch  9,   150/  454; acc:  76.27; ppl:   2.84; 5449 src tok/s; 5615 tgt tok/s;     24 s elapsed
Epoch  9,   200/  454; acc:  77.04; ppl:   2.70; 5372 src tok/s; 5605 tgt tok/s;     31 s elapsed
Epoch  9,   250/  454; acc:  75.79; ppl:   2.96; 5457 src tok/s; 5617 tgt tok/s;     39 s elapsed
Epoch  9,   300/  454; acc:  77.58; ppl:   2.60; 5342 src tok/s; 5573 tgt tok/s;     47 s elapsed
Epoch  9,   350/  454; acc:  78.10; ppl:   2.56; 5319 src tok/s; 5612 tgt tok/s;     54 s elapsed
Epoch  9,   400/  454; acc:  75.15; ppl:   3.02; 5493 src tok/s; 5641 tgt tok/s;     62 s elapsed
Epoch  9,   450/  454; acc:  76.06; ppl:   2.86; 5406 src tok/s; 5595 tgt tok/s;     70 s elapsed
Train perplexity: 2.80751
Train accuracy: 76.479
Validation perplexity: 6.16181
Validation accuracy: 69.2493
Decaying learning rate to 0.25

Epoch 10,    50/  454; acc:  80.01; ppl:   2.36; 5374 src tok/s; 5606 tgt tok/s;      8 s elapsed
Epoch 10,   100/  454; acc:  80.81; ppl:   2.27; 5506 src tok/s; 5682 tgt tok/s;     15 s elapsed
Epoch 10,   150/  454; acc:  80.60; ppl:   2.27; 5495 src tok/s; 5710 tgt tok/s;     23 s elapsed
Epoch 10,   200/  454; acc:  79.83; ppl:   2.32; 5289 src tok/s; 5504 tgt tok/s;     31 s elapsed
Epoch 10,   250/  454; acc:  79.11; ppl:   2.42; 5383 src tok/s; 5560 tgt tok/s;     39 s elapsed
Epoch 10,   300/  454; acc:  80.64; ppl:   2.26; 5420 src tok/s; 5640 tgt tok/s;     46 s elapsed
Epoch 10,   350/  454; acc:  79.02; ppl:   2.47; 5384 src tok/s; 5563 tgt tok/s;     55 s elapsed
Epoch 10,   400/  454; acc:  80.53; ppl:   2.27; 5476 src tok/s; 5682 tgt tok/s;     62 s elapsed
Epoch 10,   450/  454; acc:  80.08; ppl:   2.30; 5219 src tok/s; 5433 tgt tok/s;     70 s elapsed
Train perplexity: 2.33174
Train accuracy: 80.0379
Validation perplexity: 6.10574
Validation accuracy: 69.5828
Decaying learning rate to 0.125

Epoch 11,    50/  454; acc:  81.97; ppl:   2.14; 5393 src tok/s; 5558 tgt tok/s;      8 s elapsed
Epoch 11,   100/  454; acc:  82.70; ppl:   2.07; 5428 src tok/s; 5665 tgt tok/s;     16 s elapsed
Epoch 11,   150/  454; acc:  81.83; ppl:   2.12; 5428 src tok/s; 5629 tgt tok/s;     23 s elapsed
Epoch 11,   200/  454; acc:  82.23; ppl:   2.10; 5441 src tok/s; 5665 tgt tok/s;     31 s elapsed
Epoch 11,   250/  454; acc:  82.76; ppl:   2.04; 5393 src tok/s; 5647 tgt tok/s;     38 s elapsed
Epoch 11,   300/  454; acc:  81.62; ppl:   2.18; 5422 src tok/s; 5601 tgt tok/s;     47 s elapsed
Epoch 11,   350/  454; acc:  81.31; ppl:   2.21; 5461 src tok/s; 5617 tgt tok/s;     55 s elapsed
Epoch 11,   400/  454; acc:  82.59; ppl:   2.03; 5282 src tok/s; 5550 tgt tok/s;     62 s elapsed
Epoch 11,   450/  454; acc:  82.07; ppl:   2.10; 5319 src tok/s; 5496 tgt tok/s;     70 s elapsed
Train perplexity: 2.1158
Train accuracy: 82.0623
Validation perplexity: 6.22911
Validation accuracy: 69.7318
Decaying learning rate to 0.0625

Epoch 12,    50/  454; acc:  83.62; ppl:   1.96; 5435 src tok/s; 5650 tgt tok/s;      8 s elapsed
Epoch 12,   100/  454; acc:  82.79; ppl:   2.05; 5298 src tok/s; 5490 tgt tok/s;     16 s elapsed
Epoch 12,   150/  454; acc:  82.65; ppl:   2.06; 5515 src tok/s; 5680 tgt tok/s;     24 s elapsed
Epoch 12,   200/  454; acc:  83.29; ppl:   2.00; 5395 src tok/s; 5628 tgt tok/s;     31 s elapsed
Epoch 12,   250/  454; acc:  82.94; ppl:   2.03; 5392 src tok/s; 5600 tgt tok/s;     39 s elapsed
Epoch 12,   300/  454; acc:  83.42; ppl:   1.97; 5426 src tok/s; 5617 tgt tok/s;     46 s elapsed
Epoch 12,   350/  454; acc:  82.54; ppl:   2.07; 5304 src tok/s; 5492 tgt tok/s;     54 s elapsed
Epoch 12,   400/  454; acc:  83.13; ppl:   2.00; 5402 src tok/s; 5627 tgt tok/s;     62 s elapsed
Epoch 12,   450/  454; acc:  82.74; ppl:   2.02; 5330 src tok/s; 5526 tgt tok/s;     70 s elapsed
Train perplexity: 2.01458
Train accuracy: 83.0341
Validation perplexity: 6.31948
Validation accuracy: 69.7602
Decaying learning rate to 0.03125

Epoch 13,    50/  454; acc:  83.51; ppl:   1.98; 5333 src tok/s; 5517 tgt tok/s;      8 s elapsed
Epoch 13,   100/  454; acc:  83.97; ppl:   1.93; 5429 src tok/s; 5667 tgt tok/s;     16 s elapsed
Epoch 13,   150/  454; acc:  83.21; ppl:   1.99; 5309 src tok/s; 5472 tgt tok/s;     24 s elapsed
Epoch 13,   200/  454; acc:  84.40; ppl:   1.92; 5490 src tok/s; 5709 tgt tok/s;     31 s elapsed
Epoch 13,   250/  454; acc:  83.98; ppl:   1.92; 5399 src tok/s; 5606 tgt tok/s;     39 s elapsed
Epoch 13,   300/  454; acc:  83.31; ppl:   2.02; 5438 src tok/s; 5653 tgt tok/s;     47 s elapsed
Epoch 13,   350/  454; acc:  83.57; ppl:   1.98; 5432 src tok/s; 5641 tgt tok/s;     55 s elapsed
Epoch 13,   400/  454; acc:  83.93; ppl:   1.96; 5442 src tok/s; 5649 tgt tok/s;     62 s elapsed
Epoch 13,   450/  454; acc:  83.34; ppl:   2.00; 5336 src tok/s; 5538 tgt tok/s;     70 s elapsed
Train perplexity: 1.9644
Train accuracy: 83.7029
Validation perplexity: 6.35855
Validation accuracy: 69.7815
Decaying learning rate to 0.015625

Epoch 14,    50/  454; acc:  84.47; ppl:   1.88; 5449 src tok/s; 5655 tgt tok/s;      8 s elapsed
Epoch 14,   100/  454; acc:  83.02; ppl:   2.02; 5295 src tok/s; 5496 tgt tok/s;     16 s elapsed
Epoch 14,   150/  454; acc:  84.17; ppl:   1.94; 5305 src tok/s; 5530 tgt tok/s;     23 s elapsed
Epoch 14,   200/  454; acc:  83.63; ppl:   1.94; 5427 src tok/s; 5643 tgt tok/s;     31 s elapsed
Epoch 14,   250/  454; acc:  83.40; ppl:   2.04; 5451 src tok/s; 5642 tgt tok/s;     39 s elapsed
Epoch 14,   300/  454; acc:  84.97; ppl:   1.82; 5331 src tok/s; 5550 tgt tok/s;     47 s elapsed
Epoch 14,   350/  454; acc:  82.75; ppl:   2.07; 5466 src tok/s; 5591 tgt tok/s;     55 s elapsed
Epoch 14,   400/  454; acc:  85.49; ppl:   1.79; 5364 src tok/s; 5632 tgt tok/s;     62 s elapsed
Epoch 14,   450/  454; acc:  83.71; ppl:   1.95; 5359 src tok/s; 5548 tgt tok/s;     70 s elapsed
Train perplexity: 1.94051
Train accuracy: 83.9245
Validation perplexity: 6.38811
Validation accuracy: 69.8737
Decaying learning rate to 0.0078125

Epoch 15,    50/  454; acc:  83.58; ppl:   1.96; 5439 src tok/s; 5613 tgt tok/s;      8 s elapsed
Epoch 15,   100/  454; acc:  84.34; ppl:   1.90; 5263 src tok/s; 5509 tgt tok/s;     16 s elapsed
Epoch 15,   150/  454; acc:  83.12; ppl:   2.01; 5400 src tok/s; 5580 tgt tok/s;     24 s elapsed
Epoch 15,   200/  454; acc:  85.00; ppl:   1.86; 5401 src tok/s; 5645 tgt tok/s;     31 s elapsed
Epoch 15,   250/  454; acc:  84.08; ppl:   1.93; 5332 src tok/s; 5506 tgt tok/s;     39 s elapsed
Epoch 15,   300/  454; acc:  83.91; ppl:   1.89; 5384 src tok/s; 5600 tgt tok/s;     47 s elapsed
Epoch 15,   350/  454; acc:  84.48; ppl:   1.86; 5306 src tok/s; 5570 tgt tok/s;     54 s elapsed
Epoch 15,   400/  454; acc:  83.64; ppl:   1.99; 5461 src tok/s; 5634 tgt tok/s;     62 s elapsed
Epoch 15,   450/  454; acc:  83.89; ppl:   1.94; 5399 src tok/s; 5561 tgt tok/s;     70 s elapsed
Train perplexity: 1.92727
Train accuracy: 83.9999
Validation perplexity: 6.3949
Validation accuracy: 69.824
Decaying learning rate to 0.00390625

Epoch 16,    50/  454; acc:  84.46; ppl:   1.90; 5364 src tok/s; 5590 tgt tok/s;      8 s elapsed
Epoch 16,   100/  454; acc:  84.17; ppl:   1.92; 5449 src tok/s; 5645 tgt tok/s;     15 s elapsed
Epoch 16,   150/  454; acc:  84.52; ppl:   1.88; 5449 src tok/s; 5639 tgt tok/s;     23 s elapsed
Epoch 16,   200/  454; acc:  83.93; ppl:   1.95; 5356 src tok/s; 5564 tgt tok/s;     31 s elapsed
Epoch 16,   250/  454; acc:  83.93; ppl:   1.97; 5354 src tok/s; 5579 tgt tok/s;     39 s elapsed
Epoch 16,   300/  454; acc:  84.20; ppl:   1.93; 5468 src tok/s; 5685 tgt tok/s;     47 s elapsed
Epoch 16,   350/  454; acc:  83.96; ppl:   1.92; 5306 src tok/s; 5454 tgt tok/s;     55 s elapsed
Epoch 16,   400/  454; acc:  84.50; ppl:   1.91; 5446 src tok/s; 5666 tgt tok/s;     62 s elapsed
Epoch 16,   450/  454; acc:  84.20; ppl:   1.95; 5309 src tok/s; 5513 tgt tok/s;     70 s elapsed
Train perplexity: 1.9248
Train accuracy: 84.2166
Validation perplexity: 6.40226
Validation accuracy: 69.8028
Decaying learning rate to 0.00195312

Epoch 17,    50/  454; acc:  84.32; ppl:   1.91; 5268 src tok/s; 5471 tgt tok/s;      8 s elapsed
Epoch 17,   100/  454; acc:  84.65; ppl:   1.88; 5433 src tok/s; 5636 tgt tok/s;     16 s elapsed
Epoch 17,   150/  454; acc:  83.98; ppl:   1.93; 5432 src tok/s; 5652 tgt tok/s;     23 s elapsed
Epoch 17,   200/  454; acc:  84.14; ppl:   1.92; 5338 src tok/s; 5532 tgt tok/s;     31 s elapsed
Epoch 17,   250/  454; acc:  84.04; ppl:   1.95; 5376 src tok/s; 5556 tgt tok/s;     39 s elapsed
Epoch 17,   300/  454; acc:  84.08; ppl:   1.92; 5372 src tok/s; 5566 tgt tok/s;     47 s elapsed
Epoch 17,   350/  454; acc:  84.15; ppl:   1.94; 5452 src tok/s; 5672 tgt tok/s;     55 s elapsed
Epoch 17,   400/  454; acc:  84.31; ppl:   1.92; 5372 src tok/s; 5583 tgt tok/s;     62 s elapsed
Epoch 17,   450/  454; acc:  83.71; ppl:   1.94; 5376 src tok/s; 5566 tgt tok/s;     70 s elapsed
Train perplexity: 1.91954
Train accuracy: 84.1846
Validation perplexity: 6.40391
Validation accuracy: 69.8098
Decaying learning rate to 0.000976562
