<module 'opts' from '/u/suhubdyd/research/projects/jumble_lstm/code/auxiliary-nmt/opts.pyc'>
Namespace(batch_size=64, brnn=False, brnn_merge='concat', cnn_kernel_width=3, context_gate=None, copy_attn=False, copy_attn_force=False, coverage_attn=False, data='/data/lisatmp3/suhubdyd/multi30k.atok.low', dec_layers=1, decay_method='', decoder_type='rnn', dropout=0.3, enc_layers=2, encoder_type='rnn', epochs=17, exp='', exp_host='', feat_merge='concat', feat_vec_exponent=0.7, feat_vec_size=-1, fix_word_vecs_dec=False, fix_word_vecs_enc=False, global_attention='general', gpuid=[0], input_feed=1, kappa_dec=0.0, kappa_enc=0.15, lambda_coverage=1, layers=-1, learning_rate=1.0, learning_rate_decay=0.5, max_generator_batches=32, max_grad_norm=5, model_type='text', optim='sgd', param_init=0.1, position_encoding=False, pre_word_vecs_dec=None, pre_word_vecs_enc=None, report_every=50, rnn_size=500, rnn_type='LSTM', save_model='/data/lisatmp3/suhubdyd/models/encoder0.15decoder0dropout0.3wdropFalse', seed=-1, share_decoder_embeddings=False, share_embeddings=False, src_word_vec_size=500, start_checkpoint_at=0, start_decay_at=8, start_epoch=1, tgt_word_vec_size=500, train_from='', truncated_decoder=0, warmup_steps=4000, weightdropout=False, word_vec_size=-1)
('Using Kappa L2 loss on encoder', 0.15)
Loading train and validate data from '/data/lisatmp3/suhubdyd/multi30k.atok.low'
 * number of training sentences: 29000
 * maximum batch size: 64
 * vocabulary size. source = 10841; target = 18563
Building model...
Intializing model parameters.
NMTModel (
  (encoder): RNNEncoder (
    (embeddings): Embeddings (
      (make_embedding): Sequential (
        (emb_luts): Elementwise (
          (0): Embedding(10841, 500, padding_idx=1)
        )
      )
    )
    (dropout): Dropout (p = 0.3)
    (rnn): LSTM(500, 500, dropout=0.3)
  )
  (decoder): InputFeedRNNDecoder (
    (embeddings): Embeddings (
      (make_embedding): Sequential (
        (emb_luts): Elementwise (
          (0): Embedding(18563, 500, padding_idx=1)
        )
      )
    )
    (dropout): Dropout (p = 0.3)
    (rnn): StackedLSTM (
      (dropout): Dropout (p = 0.3)
      (layers): ModuleList (
        (0): LSTMCell(1000, 500)
      )
    )
    (attn): GlobalAttention (
      (linear_in): Linear (500 -> 500)
      (linear_out): Linear (1000 -> 500)
      (sm): Softmax ()
      (tanh): Tanh ()
    )
  )
  (generator): Sequential (
    (0): Linear (500 -> 18563)
    (1): LogSoftmax ()
  )
)
* number of parameters: 29760063
('encoder: ', 7424500)
('decoder: ', 22335563)

Epoch  1,    50/  454; acc:   8.12; ppl: 46521.41; 3184 src tok/s; 3272 tgt tok/s;     14 s elapsed
Epoch  1,   100/  454; acc:  14.95; ppl: 1647.05; 3218 src tok/s; 3357 tgt tok/s;     26 s elapsed
Epoch  1,   150/  454; acc:  18.05; ppl: 484.25; 3275 src tok/s; 3415 tgt tok/s;     39 s elapsed
Epoch  1,   200/  454; acc:  21.30; ppl: 273.09; 3303 src tok/s; 3423 tgt tok/s;     52 s elapsed
Epoch  1,   250/  454; acc:  24.52; ppl: 172.76; 3262 src tok/s; 3395 tgt tok/s;     65 s elapsed
Epoch  1,   300/  454; acc:  28.11; ppl: 118.29; 3238 src tok/s; 3379 tgt tok/s;     78 s elapsed
Epoch  1,   350/  454; acc:  29.06; ppl: 102.01; 3291 src tok/s; 3392 tgt tok/s;     91 s elapsed
Epoch  1,   400/  454; acc:  32.41; ppl:  76.75; 3353 src tok/s; 3483 tgt tok/s;    103 s elapsed
Epoch  1,   450/  454; acc:  32.59; ppl:  72.51; 3297 src tok/s; 3416 tgt tok/s;    115 s elapsed
Train perplexity: 364.56
Train accuracy: 23.3243
Validation perplexity: 59.8557
Validation accuracy: 37.2215

Epoch  2,    50/  454; acc:  36.14; ppl:  53.04; 3209 src tok/s; 3332 tgt tok/s;     13 s elapsed
Epoch  2,   100/  454; acc:  40.24; ppl:  40.92; 3329 src tok/s; 3462 tgt tok/s;     26 s elapsed
Epoch  2,   150/  454; acc:  42.00; ppl:  35.63; 3292 src tok/s; 3414 tgt tok/s;     38 s elapsed
Epoch  2,   200/  454; acc:  43.10; ppl:  32.16; 3295 src tok/s; 3417 tgt tok/s;     51 s elapsed
Epoch  2,   250/  454; acc:  45.98; ppl:  27.37; 3261 src tok/s; 3390 tgt tok/s;     64 s elapsed
Epoch  2,   300/  454; acc:  46.74; ppl:  25.78; 3213 src tok/s; 3327 tgt tok/s;     77 s elapsed
Epoch  2,   350/  454; acc:  48.31; ppl:  22.88; 3301 src tok/s; 3420 tgt tok/s;     90 s elapsed
Epoch  2,   400/  454; acc:  50.54; ppl:  19.95; 3307 src tok/s; 3425 tgt tok/s;    103 s elapsed
Epoch  2,   450/  454; acc:  51.71; ppl:  18.83; 3204 src tok/s; 3333 tgt tok/s;    115 s elapsed
Train perplexity: 29.0762
Train accuracy: 44.998
Validation perplexity: 16.778
Validation accuracy: 52.9161

Epoch  3,    50/  454; acc:  53.91; ppl:  15.24; 3217 src tok/s; 3338 tgt tok/s;     13 s elapsed
Epoch  3,   100/  454; acc:  54.92; ppl:  14.06; 3320 src tok/s; 3460 tgt tok/s;     26 s elapsed
Epoch  3,   150/  454; acc:  54.67; ppl:  14.36; 3283 src tok/s; 3390 tgt tok/s;     39 s elapsed
Epoch  3,   200/  454; acc:  56.94; ppl:  12.68; 3284 src tok/s; 3407 tgt tok/s;     51 s elapsed
Epoch  3,   250/  454; acc:  56.63; ppl:  12.56; 3238 src tok/s; 3360 tgt tok/s;     64 s elapsed
Epoch  3,   300/  454; acc:  56.96; ppl:  12.25; 3304 src tok/s; 3418 tgt tok/s;     77 s elapsed
Epoch  3,   350/  454; acc:  59.68; ppl:  10.58; 3237 src tok/s; 3398 tgt tok/s;     89 s elapsed
Epoch  3,   400/  454; acc:  57.75; ppl:  11.63; 3306 src tok/s; 3403 tgt tok/s;    103 s elapsed
Epoch  3,   450/  454; acc:  58.71; ppl:  10.96; 3189 src tok/s; 3318 tgt tok/s;    115 s elapsed
Train perplexity: 12.6075
Train accuracy: 56.6873
Validation perplexity: 10.1551
Validation accuracy: 60.8628

Epoch  4,    50/  454; acc:  62.50; ppl:   8.23; 3209 src tok/s; 3356 tgt tok/s;     13 s elapsed
Epoch  4,   100/  454; acc:  60.47; ppl:   9.19; 3321 src tok/s; 3428 tgt tok/s;     26 s elapsed
Epoch  4,   150/  454; acc:  61.15; ppl:   8.87; 3315 src tok/s; 3425 tgt tok/s;     39 s elapsed
Epoch  4,   200/  454; acc:  62.58; ppl:   8.14; 3328 src tok/s; 3464 tgt tok/s;     51 s elapsed
Epoch  4,   250/  454; acc:  61.84; ppl:   8.52; 3246 src tok/s; 3397 tgt tok/s;     64 s elapsed
Epoch  4,   300/  454; acc:  62.31; ppl:   8.12; 3324 src tok/s; 3420 tgt tok/s;     76 s elapsed
Epoch  4,   350/  454; acc:  62.27; ppl:   8.06; 3277 src tok/s; 3401 tgt tok/s;     89 s elapsed
Epoch  4,   400/  454; acc:  62.01; ppl:   8.09; 3308 src tok/s; 3432 tgt tok/s;    102 s elapsed
Epoch  4,   450/  454; acc:  62.36; ppl:   8.01; 3258 src tok/s; 3379 tgt tok/s;    115 s elapsed
Train perplexity: 8.34139
Train accuracy: 61.9564
Validation perplexity: 9.07248
Validation accuracy: 61.0331

Epoch  5,    50/  454; acc:  65.30; ppl:   6.45; 3314 src tok/s; 3414 tgt tok/s;     13 s elapsed
Epoch  5,   100/  454; acc:  65.99; ppl:   6.21; 3333 src tok/s; 3455 tgt tok/s;     25 s elapsed
Epoch  5,   150/  454; acc:  65.38; ppl:   6.25; 3298 src tok/s; 3407 tgt tok/s;     38 s elapsed
Epoch  5,   200/  454; acc:  65.73; ppl:   6.19; 3308 src tok/s; 3445 tgt tok/s;     51 s elapsed
Epoch  5,   250/  454; acc:  65.67; ppl:   6.23; 3302 src tok/s; 3460 tgt tok/s;     63 s elapsed
Epoch  5,   300/  454; acc:  64.70; ppl:   6.51; 3170 src tok/s; 3293 tgt tok/s;     77 s elapsed
Epoch  5,   350/  454; acc:  64.98; ppl:   6.45; 3275 src tok/s; 3379 tgt tok/s;     90 s elapsed
Epoch  5,   400/  454; acc:  66.35; ppl:   6.01; 3312 src tok/s; 3451 tgt tok/s;    102 s elapsed
Epoch  5,   450/  454; acc:  65.16; ppl:   6.26; 3173 src tok/s; 3297 tgt tok/s;    115 s elapsed
Train perplexity: 6.2942
Train accuracy: 65.4494
Validation perplexity: 7.14773
Validation accuracy: 65.8862

Epoch  6,    50/  454; acc:  68.11; ppl:   5.23; 3253 src tok/s; 3372 tgt tok/s;     13 s elapsed
Epoch  6,   100/  454; acc:  68.72; ppl:   4.86; 3331 src tok/s; 3454 tgt tok/s;     25 s elapsed
Epoch  6,   150/  454; acc:  67.55; ppl:   5.14; 3315 src tok/s; 3436 tgt tok/s;     39 s elapsed
Epoch  6,   200/  454; acc:  68.04; ppl:   5.10; 3279 src tok/s; 3415 tgt tok/s;     51 s elapsed
Epoch  6,   250/  454; acc:  67.66; ppl:   5.19; 3201 src tok/s; 3336 tgt tok/s;     64 s elapsed
Epoch  6,   300/  454; acc:  68.16; ppl:   4.93; 3266 src tok/s; 3400 tgt tok/s;     77 s elapsed
Epoch  6,   350/  454; acc:  67.65; ppl:   5.16; 3270 src tok/s; 3383 tgt tok/s;     90 s elapsed
Epoch  6,   400/  454; acc:  67.84; ppl:   5.14; 3327 src tok/s; 3448 tgt tok/s;    102 s elapsed
Epoch  6,   450/  454; acc:  67.85; ppl:   5.18; 3187 src tok/s; 3296 tgt tok/s;    115 s elapsed
Train perplexity: 5.09445
Train accuracy: 67.977
Validation perplexity: 6.8502
Validation accuracy: 66.0849

Epoch  7,    50/  454; acc:  70.58; ppl:   4.17; 3211 src tok/s; 3339 tgt tok/s;     13 s elapsed
Epoch  7,   100/  454; acc:  70.36; ppl:   4.18; 3290 src tok/s; 3410 tgt tok/s;     26 s elapsed
Epoch  7,   150/  454; acc:  70.49; ppl:   4.13; 3291 src tok/s; 3423 tgt tok/s;     38 s elapsed
Epoch  7,   200/  454; acc:  70.15; ppl:   4.29; 3286 src tok/s; 3429 tgt tok/s;     51 s elapsed
Epoch  7,   250/  454; acc:  69.73; ppl:   4.41; 3372 src tok/s; 3474 tgt tok/s;     64 s elapsed
Epoch  7,   300/  454; acc:  69.82; ppl:   4.36; 3320 src tok/s; 3440 tgt tok/s;     77 s elapsed
Epoch  7,   350/  454; acc:  69.87; ppl:   4.34; 3342 src tok/s; 3463 tgt tok/s;     89 s elapsed
Epoch  7,   400/  454; acc:  69.97; ppl:   4.36; 3362 src tok/s; 3476 tgt tok/s;    102 s elapsed
Epoch  7,   450/  454; acc:  70.14; ppl:   4.33; 3276 src tok/s; 3422 tgt tok/s;    114 s elapsed
Train perplexity: 4.28798
Train accuracy: 70.1089
Validation perplexity: 6.72019
Validation accuracy: 66.7447

Epoch  8,    50/  454; acc:  72.39; ppl:   3.59; 3290 src tok/s; 3415 tgt tok/s;     13 s elapsed
Epoch  8,   100/  454; acc:  72.78; ppl:   3.54; 3351 src tok/s; 3473 tgt tok/s;     25 s elapsed
Epoch  8,   150/  454; acc:  71.88; ppl:   3.70; 3339 src tok/s; 3472 tgt tok/s;     38 s elapsed
Epoch  8,   200/  454; acc:  72.01; ppl:   3.66; 3270 src tok/s; 3399 tgt tok/s;     51 s elapsed
Epoch  8,   250/  454; acc:  72.02; ppl:   3.70; 3344 src tok/s; 3459 tgt tok/s;     63 s elapsed
Epoch  8,   300/  454; acc:  71.42; ppl:   3.84; 3246 src tok/s; 3370 tgt tok/s;     76 s elapsed
Epoch  8,   350/  454; acc:  71.24; ppl:   3.85; 3277 src tok/s; 3402 tgt tok/s;     89 s elapsed
Epoch  8,   400/  454; acc:  71.42; ppl:   3.78; 3256 src tok/s; 3390 tgt tok/s;    102 s elapsed
Epoch  8,   450/  454; acc:  71.38; ppl:   3.80; 3214 src tok/s; 3326 tgt tok/s;    115 s elapsed
Train perplexity: 3.7164
Train accuracy: 71.8422
Validation perplexity: 6.71643
Validation accuracy: 67.0072
Decaying learning rate to 0.5

Epoch  9,    50/  454; acc:  76.08; ppl:   2.92; 3277 src tok/s; 3397 tgt tok/s;     13 s elapsed
Epoch  9,   100/  454; acc:  77.02; ppl:   2.75; 3249 src tok/s; 3390 tgt tok/s;     26 s elapsed
Epoch  9,   150/  454; acc:  76.72; ppl:   2.82; 3264 src tok/s; 3381 tgt tok/s;     38 s elapsed
Epoch  9,   200/  454; acc:  76.83; ppl:   2.75; 3345 src tok/s; 3476 tgt tok/s;     51 s elapsed
Epoch  9,   250/  454; acc:  76.50; ppl:   2.81; 3307 src tok/s; 3419 tgt tok/s;     64 s elapsed
Epoch  9,   300/  454; acc:  76.86; ppl:   2.75; 3298 src tok/s; 3422 tgt tok/s;     77 s elapsed
Epoch  9,   350/  454; acc:  77.38; ppl:   2.69; 3261 src tok/s; 3390 tgt tok/s;     89 s elapsed
Epoch  9,   400/  454; acc:  76.50; ppl:   2.87; 3331 src tok/s; 3435 tgt tok/s;    102 s elapsed
Epoch  9,   450/  454; acc:  76.27; ppl:   2.85; 3211 src tok/s; 3357 tgt tok/s;    115 s elapsed
Train perplexity: 2.80326
Train accuracy: 76.6575
Validation perplexity: 5.98393
Validation accuracy: 69.1003
Decaying learning rate to 0.25

Epoch 10,    50/  454; acc:  81.05; ppl:   2.22; 3207 src tok/s; 3362 tgt tok/s;     12 s elapsed
Epoch 10,   100/  454; acc:  79.22; ppl:   2.48; 3289 src tok/s; 3404 tgt tok/s;     26 s elapsed
Epoch 10,   150/  454; acc:  81.85; ppl:   2.12; 3265 src tok/s; 3421 tgt tok/s;     38 s elapsed
Epoch 10,   200/  454; acc:  79.46; ppl:   2.40; 3285 src tok/s; 3378 tgt tok/s;     51 s elapsed
Epoch 10,   250/  454; acc:  79.44; ppl:   2.46; 3312 src tok/s; 3424 tgt tok/s;     64 s elapsed
Epoch 10,   300/  454; acc:  80.37; ppl:   2.26; 3300 src tok/s; 3436 tgt tok/s;     77 s elapsed
Epoch 10,   350/  454; acc:  80.34; ppl:   2.37; 3304 src tok/s; 3426 tgt tok/s;     89 s elapsed
Epoch 10,   400/  454; acc:  80.32; ppl:   2.26; 3400 src tok/s; 3522 tgt tok/s;    102 s elapsed
Epoch 10,   450/  454; acc:  79.62; ppl:   2.36; 3302 src tok/s; 3408 tgt tok/s;    115 s elapsed
Train perplexity: 2.32213
Train accuracy: 80.1956
Validation perplexity: 6.07304
Validation accuracy: 69.7886
Decaying learning rate to 0.125

Epoch 11,    50/  454; acc:  81.47; ppl:   2.19; 3285 src tok/s; 3404 tgt tok/s;     13 s elapsed
Epoch 11,   100/  454; acc:  83.16; ppl:   2.02; 3291 src tok/s; 3424 tgt tok/s;     25 s elapsed
Epoch 11,   150/  454; acc:  82.67; ppl:   2.05; 3317 src tok/s; 3455 tgt tok/s;     38 s elapsed
Epoch 11,   200/  454; acc:  82.32; ppl:   2.10; 3263 src tok/s; 3405 tgt tok/s;     51 s elapsed
Epoch 11,   250/  454; acc:  81.88; ppl:   2.15; 3298 src tok/s; 3407 tgt tok/s;     64 s elapsed
Epoch 11,   300/  454; acc:  82.37; ppl:   2.10; 3268 src tok/s; 3394 tgt tok/s;     76 s elapsed
Epoch 11,   350/  454; acc:  81.58; ppl:   2.17; 3298 src tok/s; 3415 tgt tok/s;     89 s elapsed
Epoch 11,   400/  454; acc:  82.22; ppl:   2.08; 3272 src tok/s; 3391 tgt tok/s;    102 s elapsed
Epoch 11,   450/  454; acc:  81.65; ppl:   2.16; 3269 src tok/s; 3382 tgt tok/s;    115 s elapsed
Train perplexity: 2.11087
Train accuracy: 82.159
Validation perplexity: 6.15378
Validation accuracy: 69.8737
Decaying learning rate to 0.0625

Epoch 12,    50/  454; acc:  83.07; ppl:   2.00; 3294 src tok/s; 3397 tgt tok/s;     13 s elapsed
Epoch 12,   100/  454; acc:  83.69; ppl:   1.96; 3285 src tok/s; 3411 tgt tok/s;     26 s elapsed
Epoch 12,   150/  454; acc:  83.00; ppl:   2.05; 3261 src tok/s; 3384 tgt tok/s;     39 s elapsed
Epoch 12,   200/  454; acc:  83.84; ppl:   1.94; 3313 src tok/s; 3448 tgt tok/s;     51 s elapsed
Epoch 12,   250/  454; acc:  83.21; ppl:   2.00; 3260 src tok/s; 3383 tgt tok/s;     64 s elapsed
Epoch 12,   300/  454; acc:  82.79; ppl:   2.03; 3310 src tok/s; 3427 tgt tok/s;     77 s elapsed
Epoch 12,   350/  454; acc:  83.10; ppl:   2.01; 3247 src tok/s; 3375 tgt tok/s;     90 s elapsed
Epoch 12,   400/  454; acc:  83.10; ppl:   2.03; 3302 src tok/s; 3432 tgt tok/s;    102 s elapsed
Epoch 12,   450/  454; acc:  82.64; ppl:   2.06; 3261 src tok/s; 3388 tgt tok/s;    115 s elapsed
Train perplexity: 2.00872
Train accuracy: 83.157
Validation perplexity: 6.2351
Validation accuracy: 69.8808
Decaying learning rate to 0.03125

Epoch 13,    50/  454; acc:  84.94; ppl:   1.86; 3289 src tok/s; 3434 tgt tok/s;     12 s elapsed
Epoch 13,   100/  454; acc:  82.86; ppl:   2.05; 3307 src tok/s; 3405 tgt tok/s;     25 s elapsed
Epoch 13,   150/  454; acc:  83.56; ppl:   1.98; 3313 src tok/s; 3425 tgt tok/s;     38 s elapsed
Epoch 13,   200/  454; acc:  84.29; ppl:   1.92; 3342 src tok/s; 3482 tgt tok/s;     51 s elapsed
Epoch 13,   250/  454; acc:  83.70; ppl:   1.95; 3297 src tok/s; 3448 tgt tok/s;     63 s elapsed
Epoch 13,   300/  454; acc:  83.55; ppl:   1.98; 3285 src tok/s; 3395 tgt tok/s;     76 s elapsed
Epoch 13,   350/  454; acc:  84.22; ppl:   1.92; 3194 src tok/s; 3334 tgt tok/s;     89 s elapsed
Epoch 13,   400/  454; acc:  83.45; ppl:   1.98; 3368 src tok/s; 3472 tgt tok/s;    102 s elapsed
Epoch 13,   450/  454; acc:  83.57; ppl:   2.00; 3271 src tok/s; 3396 tgt tok/s;    114 s elapsed
Train perplexity: 1.95947
Train accuracy: 83.7888
Validation perplexity: 6.28479
Validation accuracy: 69.8524
Decaying learning rate to 0.015625

Epoch 14,    50/  454; acc:  83.19; ppl:   2.01; 3263 src tok/s; 3383 tgt tok/s;     13 s elapsed
Epoch 14,   100/  454; acc:  84.96; ppl:   1.84; 3269 src tok/s; 3392 tgt tok/s;     26 s elapsed
Epoch 14,   150/  454; acc:  84.61; ppl:   1.88; 3237 src tok/s; 3388 tgt tok/s;     38 s elapsed
Epoch 14,   200/  454; acc:  83.37; ppl:   1.99; 3377 src tok/s; 3492 tgt tok/s;     51 s elapsed
Epoch 14,   250/  454; acc:  83.52; ppl:   2.01; 3313 src tok/s; 3408 tgt tok/s;     64 s elapsed
Epoch 14,   300/  454; acc:  84.76; ppl:   1.85; 3258 src tok/s; 3410 tgt tok/s;     77 s elapsed
Epoch 14,   350/  454; acc:  84.76; ppl:   1.84; 3320 src tok/s; 3457 tgt tok/s;     89 s elapsed
Epoch 14,   400/  454; acc:  83.06; ppl:   2.07; 3341 src tok/s; 3462 tgt tok/s;    102 s elapsed
Epoch 14,   450/  454; acc:  83.67; ppl:   1.97; 3285 src tok/s; 3399 tgt tok/s;    114 s elapsed
Train perplexity: 1.93722
Train accuracy: 83.9781
Validation perplexity: 6.31907
Validation accuracy: 69.8666
Decaying learning rate to 0.0078125

Epoch 15,    50/  454; acc:  84.60; ppl:   1.87; 3220 src tok/s; 3372 tgt tok/s;     13 s elapsed
Epoch 15,   100/  454; acc:  83.48; ppl:   1.99; 3260 src tok/s; 3369 tgt tok/s;     26 s elapsed
Epoch 15,   150/  454; acc:  83.10; ppl:   2.02; 3221 src tok/s; 3337 tgt tok/s;     40 s elapsed
Epoch 15,   200/  454; acc:  85.16; ppl:   1.83; 3340 src tok/s; 3494 tgt tok/s;     52 s elapsed
Epoch 15,   250/  454; acc:  83.48; ppl:   1.97; 3259 src tok/s; 3386 tgt tok/s;     64 s elapsed
Epoch 15,   300/  454; acc:  84.11; ppl:   1.90; 3349 src tok/s; 3464 tgt tok/s;     77 s elapsed
Epoch 15,   350/  454; acc:  83.75; ppl:   1.98; 3267 src tok/s; 3373 tgt tok/s;     90 s elapsed
Epoch 15,   400/  454; acc:  84.95; ppl:   1.84; 3360 src tok/s; 3491 tgt tok/s;    102 s elapsed
Epoch 15,   450/  454; acc:  84.83; ppl:   1.88; 3241 src tok/s; 3358 tgt tok/s;    115 s elapsed
Train perplexity: 1.92509
Train accuracy: 84.0965
Validation perplexity: 6.33411
Validation accuracy: 69.8666
Decaying learning rate to 0.00390625

Epoch 16,    50/  454; acc:  85.79; ppl:   1.77; 3187 src tok/s; 3317 tgt tok/s;     13 s elapsed
Epoch 16,   100/  454; acc:  83.24; ppl:   2.00; 3297 src tok/s; 3386 tgt tok/s;     26 s elapsed
Epoch 16,   150/  454; acc:  83.97; ppl:   1.96; 3363 src tok/s; 3485 tgt tok/s;     39 s elapsed
Epoch 16,   200/  454; acc:  84.14; ppl:   1.92; 3293 src tok/s; 3404 tgt tok/s;     51 s elapsed
Epoch 16,   250/  454; acc:  85.59; ppl:   1.79; 3250 src tok/s; 3416 tgt tok/s;     63 s elapsed
Epoch 16,   300/  454; acc:  82.94; ppl:   2.04; 3340 src tok/s; 3428 tgt tok/s;     77 s elapsed
Epoch 16,   350/  454; acc:  83.01; ppl:   2.04; 3329 src tok/s; 3458 tgt tok/s;     90 s elapsed
Epoch 16,   400/  454; acc:  85.26; ppl:   1.81; 3211 src tok/s; 3345 tgt tok/s;    102 s elapsed
Epoch 16,   450/  454; acc:  84.28; ppl:   1.91; 3248 src tok/s; 3401 tgt tok/s;    115 s elapsed
Train perplexity: 1.9188
Train accuracy: 84.1999
Validation perplexity: 6.34334
Validation accuracy: 69.8666
Decaying learning rate to 0.00195312

Epoch 17,    50/  454; acc:  85.20; ppl:   1.82; 3314 src tok/s; 3446 tgt tok/s;     12 s elapsed
Epoch 17,   100/  454; acc:  83.63; ppl:   1.98; 3358 src tok/s; 3462 tgt tok/s;     25 s elapsed
Epoch 17,   150/  454; acc:  82.79; ppl:   2.05; 3313 src tok/s; 3417 tgt tok/s;     39 s elapsed
Epoch 17,   200/  454; acc:  85.74; ppl:   1.78; 3222 src tok/s; 3391 tgt tok/s;     51 s elapsed
Epoch 17,   250/  454; acc:  84.22; ppl:   1.91; 3246 src tok/s; 3367 tgt tok/s;     63 s elapsed
Epoch 17,   300/  454; acc:  84.06; ppl:   1.92; 3362 src tok/s; 3485 tgt tok/s;     76 s elapsed
Epoch 17,   350/  454; acc:  84.68; ppl:   1.86; 3270 src tok/s; 3403 tgt tok/s;     89 s elapsed
Epoch 17,   400/  454; acc:  83.83; ppl:   1.96; 3227 src tok/s; 3342 tgt tok/s;    102 s elapsed
Epoch 17,   450/  454; acc:  83.97; ppl:   1.94; 3285 src tok/s; 3405 tgt tok/s;    115 s elapsed
Train perplexity: 1.91195
Train accuracy: 84.2304
Validation perplexity: 6.34701
Validation accuracy: 69.8382
Decaying learning rate to 0.000976562
