<module 'opts' from '/u/suhubdyd/research/projects/jumble_lstm/code/auxiliary-nmt/opts.pyc'>
Namespace(batch_size=64, brnn=False, brnn_merge='concat', cnn_kernel_width=3, context_gate=None, copy_attn=False, copy_attn_force=False, coverage_attn=False, data='/data/lisatmp3/suhubdyd/multi30k.atok.low', dec_layers=1, decay_method='', decoder_type='rnn', dropout=0.15, enc_layers=2, encoder_type='rnn', epochs=17, exp='', exp_host='', feat_merge='concat', feat_vec_exponent=0.7, feat_vec_size=-1, fix_word_vecs_dec=False, fix_word_vecs_enc=False, global_attention='general', gpuid=[0], input_feed=1, kappa_dec=0.0, kappa_enc=0.15, lambda_coverage=1, layers=-1, learning_rate=1.0, learning_rate_decay=0.5, max_generator_batches=32, max_grad_norm=5, model_type='text', optim='sgd', param_init=0.1, position_encoding=False, pre_word_vecs_dec=None, pre_word_vecs_enc=None, report_every=50, rnn_size=500, rnn_type='LSTM', save_model='/data/lisatmp3/suhubdyd/models/encoder0.15_decoder0_dropout0.15', seed=1, share_decoder_embeddings=False, share_embeddings=False, src_word_vec_size=500, start_checkpoint_at=0, start_decay_at=8, start_epoch=1, tgt_word_vec_size=500, train_from='', truncated_decoder=0, warmup_steps=4000, word_vec_size=-1)
('Using Kappa L2 loss on encoder', 0.15)
Loading train and validate data from '/data/lisatmp3/suhubdyd/multi30k.atok.low'
 * number of training sentences: 29000
 * maximum batch size: 64
 * vocabulary size. source = 10841; target = 18563
Building model...
Intializing model parameters.
NMTModel (
  (encoder): RNNEncoder (
    (embeddings): Embeddings (
      (make_embedding): Sequential (
        (emb_luts): Elementwise (
          (0): Embedding(10841, 500, padding_idx=1)
        )
      )
    )
    (dropout): Dropout (p = 0.15)
    (rnn): LSTM(500, 500, dropout=0.15)
  )
  (decoder): InputFeedRNNDecoder (
    (embeddings): Embeddings (
      (make_embedding): Sequential (
        (emb_luts): Elementwise (
          (0): Embedding(18563, 500, padding_idx=1)
        )
      )
    )
    (dropout): Dropout (p = 0.15)
    (rnn): StackedLSTM (
      (dropout): Dropout (p = 0.15)
      (layers): ModuleList (
        (0): LSTMCell(1000, 500)
      )
    )
    (attn): GlobalAttention (
      (linear_in): Linear (500 -> 500)
      (linear_out): Linear (1000 -> 500)
      (sm): Softmax ()
      (tanh): Tanh ()
    )
  )
  (generator): Sequential (
    (0): Linear (500 -> 18563)
    (1): LogSoftmax ()
  )
)
* number of parameters: 29760063
('encoder: ', 7424500)
('decoder: ', 22335563)

Epoch  1,    50/  454; acc:   8.73; ppl: 13479.41; 5323 src tok/s; 5548 tgt tok/s;      8 s elapsed
Epoch  1,   100/  454; acc:  14.30; ppl: 1584.17; 5954 src tok/s; 6134 tgt tok/s;     15 s elapsed
Epoch  1,   150/  454; acc:  18.70; ppl: 478.26; 5792 src tok/s; 6032 tgt tok/s;     22 s elapsed
Epoch  1,   200/  454; acc:  20.63; ppl: 266.77; 5546 src tok/s; 5778 tgt tok/s;     30 s elapsed
Epoch  1,   250/  454; acc:  24.59; ppl: 164.50; 5468 src tok/s; 5664 tgt tok/s;     37 s elapsed
Epoch  1,   300/  454; acc:  27.28; ppl: 127.47; 5245 src tok/s; 5447 tgt tok/s;     45 s elapsed
Epoch  1,   350/  454; acc:  30.06; ppl:  89.10; 5357 src tok/s; 5586 tgt tok/s;     53 s elapsed
Epoch  1,   400/  454; acc:  31.39; ppl:  76.49; 5353 src tok/s; 5531 tgt tok/s;     61 s elapsed
Epoch  1,   450/  454; acc:  33.62; ppl:  66.34; 5419 src tok/s; 5599 tgt tok/s;     69 s elapsed
Train perplexity: 302.135
Train accuracy: 23.3862
Validation perplexity: 66.9027
Validation accuracy: 29.1117

Epoch  2,    50/  454; acc:  35.11; ppl:  56.88; 5451 src tok/s; 5678 tgt tok/s;      8 s elapsed
Epoch  2,   100/  454; acc:  38.98; ppl:  41.54; 5417 src tok/s; 5615 tgt tok/s;     15 s elapsed
Epoch  2,   150/  454; acc:  40.88; ppl:  37.31; 5497 src tok/s; 5610 tgt tok/s;     23 s elapsed
Epoch  2,   200/  454; acc:  44.44; ppl:  29.41; 5414 src tok/s; 5677 tgt tok/s;     31 s elapsed
Epoch  2,   250/  454; acc:  46.11; ppl:  26.30; 5372 src tok/s; 5548 tgt tok/s;     39 s elapsed
Epoch  2,   300/  454; acc:  47.65; ppl:  23.82; 5450 src tok/s; 5671 tgt tok/s;     46 s elapsed
Epoch  2,   350/  454; acc:  49.52; ppl:  20.51; 5338 src tok/s; 5526 tgt tok/s;     55 s elapsed
Epoch  2,   400/  454; acc:  52.00; ppl:  17.75; 5394 src tok/s; 5621 tgt tok/s;     62 s elapsed
Epoch  2,   450/  454; acc:  52.49; ppl:  17.03; 5337 src tok/s; 5573 tgt tok/s;     70 s elapsed
Train perplexity: 27.7478
Train accuracy: 45.3015
Validation perplexity: 15.7879
Validation accuracy: 54.6048

Epoch  3,    50/  454; acc:  55.24; ppl:  13.53; 5484 src tok/s; 5690 tgt tok/s;      8 s elapsed
Epoch  3,   100/  454; acc:  56.03; ppl:  13.00; 5419 src tok/s; 5618 tgt tok/s;     15 s elapsed
Epoch  3,   150/  454; acc:  57.23; ppl:  11.84; 5570 src tok/s; 5790 tgt tok/s;     23 s elapsed
Epoch  3,   200/  454; acc:  56.76; ppl:  12.27; 5394 src tok/s; 5591 tgt tok/s;     31 s elapsed
Epoch  3,   250/  454; acc:  57.75; ppl:  11.64; 5345 src tok/s; 5540 tgt tok/s;     39 s elapsed
Epoch  3,   300/  454; acc:  59.35; ppl:  10.54; 5459 src tok/s; 5680 tgt tok/s;     46 s elapsed
Epoch  3,   350/  454; acc:  59.63; ppl:  10.23; 5503 src tok/s; 5703 tgt tok/s;     54 s elapsed
Epoch  3,   400/  454; acc:  58.86; ppl:  10.48; 5395 src tok/s; 5609 tgt tok/s;     62 s elapsed
Epoch  3,   450/  454; acc:  59.49; ppl:  10.04; 5392 src tok/s; 5582 tgt tok/s;     69 s elapsed
Train perplexity: 11.4072
Train accuracy: 57.8729
Validation perplexity: 9.81027
Validation accuracy: 61.1537

Epoch  4,    50/  454; acc:  63.23; ppl:   7.58; 5556 src tok/s; 5770 tgt tok/s;      7 s elapsed
Epoch  4,   100/  454; acc:  63.23; ppl:   7.44; 5532 src tok/s; 5739 tgt tok/s;     15 s elapsed
Epoch  4,   150/  454; acc:  62.92; ppl:   7.55; 5559 src tok/s; 5762 tgt tok/s;     23 s elapsed
Epoch  4,   200/  454; acc:  63.38; ppl:   7.44; 5507 src tok/s; 5734 tgt tok/s;     30 s elapsed
Epoch  4,   250/  454; acc:  63.62; ppl:   7.31; 5393 src tok/s; 5617 tgt tok/s;     38 s elapsed
Epoch  4,   300/  454; acc:  63.25; ppl:   7.38; 5517 src tok/s; 5700 tgt tok/s;     46 s elapsed
Epoch  4,   350/  454; acc:  63.43; ppl:   7.48; 5552 src tok/s; 5741 tgt tok/s;     53 s elapsed
Epoch  4,   400/  454; acc:  64.05; ppl:   7.12; 5416 src tok/s; 5636 tgt tok/s;     61 s elapsed
Epoch  4,   450/  454; acc:  64.16; ppl:   7.13; 5384 src tok/s; 5594 tgt tok/s;     69 s elapsed
Train perplexity: 7.39021
Train accuracy: 63.4486
Validation perplexity: 8.14512
Validation accuracy: 62.9842

Epoch  5,    50/  454; acc:  67.27; ppl:   5.42; 5593 src tok/s; 5807 tgt tok/s;      7 s elapsed
Epoch  5,   100/  454; acc:  67.09; ppl:   5.48; 5522 src tok/s; 5743 tgt tok/s;     15 s elapsed
Epoch  5,   150/  454; acc:  65.89; ppl:   5.88; 5494 src tok/s; 5679 tgt tok/s;     23 s elapsed
Epoch  5,   200/  454; acc:  67.40; ppl:   5.26; 5490 src tok/s; 5714 tgt tok/s;     30 s elapsed
Epoch  5,   250/  454; acc:  65.86; ppl:   5.83; 5623 src tok/s; 5816 tgt tok/s;     38 s elapsed
Epoch  5,   300/  454; acc:  67.51; ppl:   5.38; 5530 src tok/s; 5747 tgt tok/s;     45 s elapsed
Epoch  5,   350/  454; acc:  68.31; ppl:   5.05; 5511 src tok/s; 5755 tgt tok/s;     53 s elapsed
Epoch  5,   400/  454; acc:  65.79; ppl:   5.87; 5518 src tok/s; 5704 tgt tok/s;     61 s elapsed
Epoch  5,   450/  454; acc:  66.31; ppl:   5.68; 5424 src tok/s; 5636 tgt tok/s;     68 s elapsed
Train perplexity: 5.54095
Train accuracy: 66.8057
Validation perplexity: 7.31146
Validation accuracy: 65.3682

Epoch  6,    50/  454; acc:  69.90; ppl:   4.35; 5521 src tok/s; 5715 tgt tok/s;      8 s elapsed
Epoch  6,   100/  454; acc:  70.83; ppl:   4.10; 5527 src tok/s; 5784 tgt tok/s;     15 s elapsed
Epoch  6,   150/  454; acc:  69.57; ppl:   4.45; 5562 src tok/s; 5779 tgt tok/s;     23 s elapsed
Epoch  6,   200/  454; acc:  69.46; ppl:   4.42; 5644 src tok/s; 5852 tgt tok/s;     30 s elapsed
Epoch  6,   250/  454; acc:  68.77; ppl:   4.68; 5393 src tok/s; 5567 tgt tok/s;     38 s elapsed
Epoch  6,   300/  454; acc:  70.41; ppl:   4.19; 5540 src tok/s; 5767 tgt tok/s;     45 s elapsed
Epoch  6,   350/  454; acc:  69.59; ppl:   4.50; 5371 src tok/s; 5581 tgt tok/s;     53 s elapsed
Epoch  6,   400/  454; acc:  69.03; ppl:   4.50; 5560 src tok/s; 5760 tgt tok/s;     61 s elapsed
Epoch  6,   450/  454; acc:  68.92; ppl:   4.61; 5547 src tok/s; 5753 tgt tok/s;     68 s elapsed
Train perplexity: 4.41951
Train accuracy: 69.6103
Validation perplexity: 7.0273
Validation accuracy: 66.0352

Epoch  7,    50/  454; acc:  72.81; ppl:   3.50; 5632 src tok/s; 5818 tgt tok/s;      8 s elapsed
Epoch  7,   100/  454; acc:  72.52; ppl:   3.57; 5347 src tok/s; 5557 tgt tok/s;     15 s elapsed
Epoch  7,   150/  454; acc:  73.28; ppl:   3.43; 5461 src tok/s; 5694 tgt tok/s;     23 s elapsed
Epoch  7,   200/  454; acc:  71.30; ppl:   3.85; 5598 src tok/s; 5770 tgt tok/s;     31 s elapsed
Epoch  7,   250/  454; acc:  71.72; ppl:   3.71; 5397 src tok/s; 5630 tgt tok/s;     38 s elapsed
Epoch  7,   300/  454; acc:  71.33; ppl:   3.81; 5490 src tok/s; 5695 tgt tok/s;     46 s elapsed
Epoch  7,   350/  454; acc:  71.36; ppl:   3.84; 5521 src tok/s; 5749 tgt tok/s;     53 s elapsed
Epoch  7,   400/  454; acc:  71.58; ppl:   3.77; 5560 src tok/s; 5748 tgt tok/s;     61 s elapsed
Epoch  7,   450/  454; acc:  71.40; ppl:   3.76; 5562 src tok/s; 5795 tgt tok/s;     68 s elapsed
Train perplexity: 3.70036
Train accuracy: 71.8803
Validation perplexity: 7.19527
Validation accuracy: 65.2547
Decaying learning rate to 0.5

Epoch  8,    50/  454; acc:  77.30; ppl:   2.72; 5635 src tok/s; 5838 tgt tok/s;      7 s elapsed
Epoch  8,   100/  454; acc:  77.76; ppl:   2.71; 5549 src tok/s; 5749 tgt tok/s;     15 s elapsed
Epoch  8,   150/  454; acc:  77.85; ppl:   2.62; 5436 src tok/s; 5637 tgt tok/s;     23 s elapsed
Epoch  8,   200/  454; acc:  78.42; ppl:   2.53; 5472 src tok/s; 5711 tgt tok/s;     30 s elapsed
Epoch  8,   250/  454; acc:  76.84; ppl:   2.76; 5507 src tok/s; 5694 tgt tok/s;     39 s elapsed
Epoch  8,   300/  454; acc:  78.65; ppl:   2.50; 5439 src tok/s; 5670 tgt tok/s;     46 s elapsed
Epoch  8,   350/  454; acc:  78.05; ppl:   2.63; 5462 src tok/s; 5684 tgt tok/s;     53 s elapsed
Epoch  8,   400/  454; acc:  77.80; ppl:   2.62; 5511 src tok/s; 5694 tgt tok/s;     61 s elapsed
Epoch  8,   450/  454; acc:  77.66; ppl:   2.64; 5419 src tok/s; 5630 tgt tok/s;     69 s elapsed
Train perplexity: 2.64177
Train accuracy: 77.7841
Validation perplexity: 6.49083
Validation accuracy: 67.8445
Decaying learning rate to 0.25

Epoch  9,    50/  454; acc:  81.53; ppl:   2.23; 5606 src tok/s; 5749 tgt tok/s;      8 s elapsed
Epoch  9,   100/  454; acc:  84.21; ppl:   1.94; 5482 src tok/s; 5751 tgt tok/s;     15 s elapsed
Epoch  9,   150/  454; acc:  82.57; ppl:   2.09; 5596 src tok/s; 5783 tgt tok/s;     23 s elapsed
Epoch  9,   200/  454; acc:  83.23; ppl:   2.04; 5488 src tok/s; 5720 tgt tok/s;     30 s elapsed
Epoch  9,   250/  454; acc:  83.72; ppl:   1.97; 5588 src tok/s; 5809 tgt tok/s;     37 s elapsed
Epoch  9,   300/  454; acc:  81.83; ppl:   2.18; 5526 src tok/s; 5720 tgt tok/s;     45 s elapsed
Epoch  9,   350/  454; acc:  81.80; ppl:   2.17; 5542 src tok/s; 5733 tgt tok/s;     53 s elapsed
Epoch  9,   400/  454; acc:  82.87; ppl:   2.04; 5588 src tok/s; 5825 tgt tok/s;     60 s elapsed
Epoch  9,   450/  454; acc:  82.52; ppl:   2.10; 5423 src tok/s; 5643 tgt tok/s;     68 s elapsed
Train perplexity: 2.087
Train accuracy: 82.6603
Validation perplexity: 6.7027
Validation accuracy: 68.4618
Decaying learning rate to 0.125

Epoch 10,    50/  454; acc:  85.11; ppl:   1.90; 5578 src tok/s; 5781 tgt tok/s;      8 s elapsed
Epoch 10,   100/  454; acc:  86.62; ppl:   1.78; 5520 src tok/s; 5750 tgt tok/s;     15 s elapsed
Epoch 10,   150/  454; acc:  86.31; ppl:   1.78; 5453 src tok/s; 5691 tgt tok/s;     23 s elapsed
Epoch 10,   200/  454; acc:  85.28; ppl:   1.88; 5573 src tok/s; 5762 tgt tok/s;     30 s elapsed
Epoch 10,   250/  454; acc:  85.30; ppl:   1.87; 5671 src tok/s; 5849 tgt tok/s;     38 s elapsed
Epoch 10,   300/  454; acc:  85.83; ppl:   1.82; 5510 src tok/s; 5785 tgt tok/s;     45 s elapsed
Epoch 10,   350/  454; acc:  86.41; ppl:   1.76; 5551 src tok/s; 5761 tgt tok/s;     53 s elapsed
Epoch 10,   400/  454; acc:  85.03; ppl:   1.90; 5516 src tok/s; 5707 tgt tok/s;     60 s elapsed
Epoch 10,   450/  454; acc:  85.26; ppl:   1.86; 5453 src tok/s; 5631 tgt tok/s;     68 s elapsed
Train perplexity: 1.83801
Train accuracy: 85.6923
Validation perplexity: 7.00394
Validation accuracy: 68.405
Decaying learning rate to 0.0625

Epoch 11,    50/  454; acc:  86.52; ppl:   1.79; 5622 src tok/s; 5793 tgt tok/s;      8 s elapsed
Epoch 11,   100/  454; acc:  88.06; ppl:   1.67; 5513 src tok/s; 5779 tgt tok/s;     15 s elapsed
Epoch 11,   150/  454; acc:  86.48; ppl:   1.78; 5624 src tok/s; 5837 tgt tok/s;     23 s elapsed
Epoch 11,   200/  454; acc:  87.81; ppl:   1.66; 5474 src tok/s; 5687 tgt tok/s;     30 s elapsed
Epoch 11,   250/  454; acc:  88.02; ppl:   1.65; 5523 src tok/s; 5747 tgt tok/s;     37 s elapsed
Epoch 11,   300/  454; acc:  86.05; ppl:   1.83; 5503 src tok/s; 5680 tgt tok/s;     45 s elapsed
Epoch 11,   350/  454; acc:  87.21; ppl:   1.70; 5606 src tok/s; 5812 tgt tok/s;     53 s elapsed
Epoch 11,   400/  454; acc:  87.13; ppl:   1.74; 5523 src tok/s; 5719 tgt tok/s;     61 s elapsed
Epoch 11,   450/  454; acc:  87.54; ppl:   1.71; 5531 src tok/s; 5761 tgt tok/s;     68 s elapsed
Train perplexity: 1.72481
Train accuracy: 87.2053
Validation perplexity: 7.25629
Validation accuracy: 68.3624
Decaying learning rate to 0.03125

Epoch 12,    50/  454; acc:  88.65; ppl:   1.63; 5622 src tok/s; 5865 tgt tok/s;      7 s elapsed
Epoch 12,   100/  454; acc:  87.82; ppl:   1.69; 5468 src tok/s; 5667 tgt tok/s;     15 s elapsed
Epoch 12,   150/  454; acc:  87.61; ppl:   1.72; 5477 src tok/s; 5664 tgt tok/s;     23 s elapsed
Epoch 12,   200/  454; acc:  88.14; ppl:   1.66; 5540 src tok/s; 5753 tgt tok/s;     30 s elapsed
Epoch 12,   250/  454; acc:  88.23; ppl:   1.67; 5497 src tok/s; 5731 tgt tok/s;     38 s elapsed
Epoch 12,   300/  454; acc:  88.00; ppl:   1.66; 5522 src tok/s; 5724 tgt tok/s;     46 s elapsed
Epoch 12,   350/  454; acc:  87.80; ppl:   1.68; 5475 src tok/s; 5703 tgt tok/s;     53 s elapsed
Epoch 12,   400/  454; acc:  87.94; ppl:   1.67; 5554 src tok/s; 5729 tgt tok/s;     61 s elapsed
Epoch 12,   450/  454; acc:  87.81; ppl:   1.68; 5443 src tok/s; 5638 tgt tok/s;     68 s elapsed
Train perplexity: 1.67241
Train accuracy: 87.9915
Validation perplexity: 7.29988
Validation accuracy: 68.3057
Decaying learning rate to 0.015625

Epoch 13,    50/  454; acc:  88.34; ppl:   1.66; 5586 src tok/s; 5812 tgt tok/s;      8 s elapsed
Epoch 13,   100/  454; acc:  88.54; ppl:   1.63; 5615 src tok/s; 5830 tgt tok/s;     15 s elapsed
Epoch 13,   150/  454; acc:  87.20; ppl:   1.74; 5537 src tok/s; 5692 tgt tok/s;     23 s elapsed
Epoch 13,   200/  454; acc:  89.94; ppl:   1.52; 5506 src tok/s; 5796 tgt tok/s;     30 s elapsed
Epoch 13,   250/  454; acc:  88.36; ppl:   1.65; 5521 src tok/s; 5723 tgt tok/s;     38 s elapsed
Epoch 13,   300/  454; acc:  88.26; ppl:   1.65; 5640 src tok/s; 5840 tgt tok/s;     45 s elapsed
Epoch 13,   350/  454; acc:  88.05; ppl:   1.68; 5492 src tok/s; 5698 tgt tok/s;     53 s elapsed
Epoch 13,   400/  454; acc:  88.54; ppl:   1.63; 5535 src tok/s; 5738 tgt tok/s;     60 s elapsed
Epoch 13,   450/  454; acc:  88.52; ppl:   1.63; 5460 src tok/s; 5675 tgt tok/s;     68 s elapsed
Train perplexity: 1.64669
Train accuracy: 88.3497
Validation perplexity: 7.38151
Validation accuracy: 68.2844
Decaying learning rate to 0.0078125

Epoch 14,    50/  454; acc:  87.64; ppl:   1.73; 5681 src tok/s; 5861 tgt tok/s;      8 s elapsed
Epoch 14,   100/  454; acc:  89.91; ppl:   1.54; 5558 src tok/s; 5817 tgt tok/s;     15 s elapsed
Epoch 14,   150/  454; acc:  88.27; ppl:   1.66; 5505 src tok/s; 5686 tgt tok/s;     23 s elapsed
Epoch 14,   200/  454; acc:  88.81; ppl:   1.61; 5591 src tok/s; 5809 tgt tok/s;     30 s elapsed
Epoch 14,   250/  454; acc:  89.65; ppl:   1.54; 5445 src tok/s; 5708 tgt tok/s;     37 s elapsed
Epoch 14,   300/  454; acc:  87.42; ppl:   1.72; 5634 src tok/s; 5794 tgt tok/s;     45 s elapsed
Epoch 14,   350/  454; acc:  88.23; ppl:   1.68; 5581 src tok/s; 5781 tgt tok/s;     53 s elapsed
Epoch 14,   400/  454; acc:  88.83; ppl:   1.61; 5488 src tok/s; 5734 tgt tok/s;     60 s elapsed
Epoch 14,   450/  454; acc:  88.72; ppl:   1.62; 5551 src tok/s; 5757 tgt tok/s;     68 s elapsed
Train perplexity: 1.6363
Train accuracy: 88.5748
Validation perplexity: 7.41075
Validation accuracy: 68.2773
Decaying learning rate to 0.00390625

Epoch 15,    50/  454; acc:  89.16; ppl:   1.60; 5786 src tok/s; 6022 tgt tok/s;      7 s elapsed
Epoch 15,   100/  454; acc:  88.17; ppl:   1.66; 5627 src tok/s; 5804 tgt tok/s;     15 s elapsed
Epoch 15,   150/  454; acc:  88.58; ppl:   1.63; 5555 src tok/s; 5773 tgt tok/s;     22 s elapsed
Epoch 15,   200/  454; acc:  88.70; ppl:   1.63; 5498 src tok/s; 5697 tgt tok/s;     30 s elapsed
Epoch 15,   250/  454; acc:  88.07; ppl:   1.67; 5488 src tok/s; 5671 tgt tok/s;     38 s elapsed
Epoch 15,   300/  454; acc:  89.12; ppl:   1.59; 5390 src tok/s; 5637 tgt tok/s;     45 s elapsed
Epoch 15,   350/  454; acc:  89.12; ppl:   1.60; 5523 src tok/s; 5739 tgt tok/s;     53 s elapsed
Epoch 15,   400/  454; acc:  88.50; ppl:   1.64; 5470 src tok/s; 5680 tgt tok/s;     61 s elapsed
Epoch 15,   450/  454; acc:  88.77; ppl:   1.64; 5577 src tok/s; 5771 tgt tok/s;     68 s elapsed
Train perplexity: 1.6288
Train accuracy: 88.7061
Validation perplexity: 7.41993
Validation accuracy: 68.334
Decaying learning rate to 0.00195312

Epoch 16,    50/  454; acc:  89.67; ppl:   1.55; 5619 src tok/s; 5874 tgt tok/s;      7 s elapsed
Epoch 16,   100/  454; acc:  87.33; ppl:   1.73; 5583 src tok/s; 5738 tgt tok/s;     15 s elapsed
Epoch 16,   150/  454; acc:  88.75; ppl:   1.62; 5406 src tok/s; 5628 tgt tok/s;     23 s elapsed
Epoch 16,   200/  454; acc:  88.90; ppl:   1.61; 5541 src tok/s; 5740 tgt tok/s;     30 s elapsed
Epoch 16,   250/  454; acc:  88.09; ppl:   1.69; 5477 src tok/s; 5667 tgt tok/s;     38 s elapsed
Epoch 16,   300/  454; acc:  89.65; ppl:   1.57; 5543 src tok/s; 5777 tgt tok/s;     46 s elapsed
Epoch 16,   350/  454; acc:  89.40; ppl:   1.59; 5567 src tok/s; 5802 tgt tok/s;     53 s elapsed
Epoch 16,   400/  454; acc:  88.24; ppl:   1.65; 5617 src tok/s; 5834 tgt tok/s;     61 s elapsed
Epoch 16,   450/  454; acc:  88.61; ppl:   1.63; 5575 src tok/s; 5753 tgt tok/s;     68 s elapsed
Train perplexity: 1.62581
Train accuracy: 88.7264
Validation perplexity: 7.42757
Validation accuracy: 68.2986
Decaying learning rate to 0.000976562

Epoch 17,    50/  454; acc:  89.36; ppl:   1.58; 5593 src tok/s; 5842 tgt tok/s;      7 s elapsed
Epoch 17,   100/  454; acc:  88.57; ppl:   1.65; 5456 src tok/s; 5662 tgt tok/s;     15 s elapsed
Epoch 17,   150/  454; acc:  89.17; ppl:   1.59; 5553 src tok/s; 5779 tgt tok/s;     22 s elapsed
Epoch 17,   200/  454; acc:  88.09; ppl:   1.68; 5534 src tok/s; 5720 tgt tok/s;     30 s elapsed
Epoch 17,   250/  454; acc:  89.29; ppl:   1.59; 5483 src tok/s; 5709 tgt tok/s;     38 s elapsed
Epoch 17,   300/  454; acc:  88.54; ppl:   1.66; 5614 src tok/s; 5797 tgt tok/s;     46 s elapsed
Epoch 17,   350/  454; acc:  89.86; ppl:   1.54; 5641 src tok/s; 5887 tgt tok/s;     53 s elapsed
Epoch 17,   400/  454; acc:  87.84; ppl:   1.70; 5534 src tok/s; 5716 tgt tok/s;     60 s elapsed
Epoch 17,   450/  454; acc:  88.64; ppl:   1.63; 5602 src tok/s; 5791 tgt tok/s;     68 s elapsed
Train perplexity: 1.62336
Train accuracy: 88.8218
Validation perplexity: 7.43092
Validation accuracy: 68.2915
Decaying learning rate to 0.000488281
