<module 'opts' from '/u/suhubdyd/research/projects/jumble_lstm/code/auxiliary-nmt/opts.pyc'>
Namespace(batch_size=64, brnn=False, brnn_merge='concat', cnn_kernel_width=3, context_gate=None, copy_attn=False, copy_attn_force=False, coverage_attn=False, data='/data/lisatmp3/suhubdyd/multi30k.atok.low', dec_layers=1, decay_method='', decoder_type='rnn', dropout=0.15, enc_layers=2, encoder_type='rnn', epochs=17, exp='', exp_host='', feat_merge='concat', feat_vec_exponent=0.7, feat_vec_size=-1, fix_word_vecs_dec=False, fix_word_vecs_enc=False, global_attention='general', gpuid=[0], input_feed=1, kappa_dec=0.15, kappa_enc=0.15, lambda_coverage=1, layers=-1, learning_rate=1.0, learning_rate_decay=0.5, max_generator_batches=32, max_grad_norm=5, model_type='text', optim='sgd', param_init=0.1, position_encoding=False, pre_word_vecs_dec=None, pre_word_vecs_enc=None, report_every=50, rnn_size=500, rnn_type='LSTM', save_model='/data/lisatmp3/suhubdyd/models/encoder0.15_decoder0.15_dropout0.15', seed=1, share_decoder_embeddings=False, share_embeddings=False, src_word_vec_size=500, start_checkpoint_at=0, start_decay_at=8, start_epoch=1, tgt_word_vec_size=500, train_from='', truncated_decoder=0, warmup_steps=4000, word_vec_size=-1)
('Using Kappa L2 loss on encoder', 0.15)
('Using Kappa L2 loss on decoder', 0.15)
Loading train and validate data from '/data/lisatmp3/suhubdyd/multi30k.atok.low'
 * number of training sentences: 29000
 * maximum batch size: 64
 * vocabulary size. source = 10841; target = 18563
Building model...
Intializing model parameters.
NMTModel (
  (encoder): RNNEncoder (
    (embeddings): Embeddings (
      (make_embedding): Sequential (
        (emb_luts): Elementwise (
          (0): Embedding(10841, 500, padding_idx=1)
        )
      )
    )
    (dropout): Dropout (p = 0.15)
    (rnn): LSTM(500, 500, dropout=0.15)
  )
  (decoder): InputFeedRNNDecoder (
    (embeddings): Embeddings (
      (make_embedding): Sequential (
        (emb_luts): Elementwise (
          (0): Embedding(18563, 500, padding_idx=1)
        )
      )
    )
    (dropout): Dropout (p = 0.15)
    (rnn): StackedLSTM (
      (dropout): Dropout (p = 0.15)
      (layers): ModuleList (
        (0): LSTMCell(1000, 500)
      )
    )
    (attn): GlobalAttention (
      (linear_in): Linear (500 -> 500)
      (linear_out): Linear (1000 -> 500)
      (sm): Softmax ()
      (tanh): Tanh ()
    )
  )
  (generator): Sequential (
    (0): Linear (500 -> 18563)
    (1): LogSoftmax ()
  )
)
* number of parameters: 29760063
('encoder: ', 7424500)
('decoder: ', 22335563)

Epoch  1,    50/  454; acc:   9.57; ppl: 22259.69; 4387 src tok/s; 4565 tgt tok/s;      9 s elapsed
Epoch  1,   100/  454; acc:  16.00; ppl: 1161.50; 5107 src tok/s; 5293 tgt tok/s;     18 s elapsed
Epoch  1,   150/  454; acc:  18.05; ppl: 501.05; 5011 src tok/s; 5207 tgt tok/s;     26 s elapsed
Epoch  1,   200/  454; acc:  20.57; ppl: 281.72; 5242 src tok/s; 5421 tgt tok/s;     34 s elapsed
Epoch  1,   250/  454; acc:  24.75; ppl: 171.45; 5142 src tok/s; 5356 tgt tok/s;     42 s elapsed
Epoch  1,   300/  454; acc:  26.17; ppl: 131.55; 5259 src tok/s; 5433 tgt tok/s;     50 s elapsed
Epoch  1,   350/  454; acc:  29.49; ppl:  92.39; 5084 src tok/s; 5286 tgt tok/s;     59 s elapsed
Epoch  1,   400/  454; acc:  31.22; ppl:  78.06; 5239 src tok/s; 5448 tgt tok/s;     67 s elapsed
Epoch  1,   450/  454; acc:  32.59; ppl:  70.92; 5092 src tok/s; 5277 tgt tok/s;     75 s elapsed
Train perplexity: 320.698
Train accuracy: 23.2587
Validation perplexity: 66.8149
Validation accuracy: 35.0362

Epoch  2,    50/  454; acc:  35.43; ppl:  52.74; 5134 src tok/s; 5370 tgt tok/s;      8 s elapsed
Epoch  2,   100/  454; acc:  37.23; ppl:  48.01; 5157 src tok/s; 5341 tgt tok/s;     16 s elapsed
Epoch  2,   150/  454; acc:  40.97; ppl:  37.25; 5269 src tok/s; 5471 tgt tok/s;     24 s elapsed
Epoch  2,   200/  454; acc:  41.73; ppl:  35.28; 5251 src tok/s; 5403 tgt tok/s;     32 s elapsed
Epoch  2,   250/  454; acc:  45.86; ppl:  26.72; 5148 src tok/s; 5350 tgt tok/s;     41 s elapsed
Epoch  2,   300/  454; acc:  46.84; ppl:  24.67; 5205 src tok/s; 5403 tgt tok/s;     49 s elapsed
Epoch  2,   350/  454; acc:  49.77; ppl:  21.16; 5060 src tok/s; 5251 tgt tok/s;     57 s elapsed
Epoch  2,   400/  454; acc:  51.87; ppl:  18.46; 5196 src tok/s; 5392 tgt tok/s;     65 s elapsed
Epoch  2,   450/  454; acc:  52.24; ppl:  18.01; 5062 src tok/s; 5252 tgt tok/s;     73 s elapsed
Train perplexity: 29.0542
Train accuracy: 44.7386
Validation perplexity: 15.5872
Validation accuracy: 54.5551

Epoch  3,    50/  454; acc:  55.69; ppl:  13.34; 5150 src tok/s; 5391 tgt tok/s;      8 s elapsed
Epoch  3,   100/  454; acc:  55.86; ppl:  13.45; 5126 src tok/s; 5292 tgt tok/s;     16 s elapsed
Epoch  3,   150/  454; acc:  55.48; ppl:  13.42; 5126 src tok/s; 5281 tgt tok/s;     25 s elapsed
Epoch  3,   200/  454; acc:  58.14; ppl:  11.40; 5147 src tok/s; 5360 tgt tok/s;     33 s elapsed
Epoch  3,   250/  454; acc:  58.25; ppl:  11.39; 5154 src tok/s; 5385 tgt tok/s;     41 s elapsed
Epoch  3,   300/  454; acc:  57.74; ppl:  11.51; 5232 src tok/s; 5402 tgt tok/s;     49 s elapsed
Epoch  3,   350/  454; acc:  59.01; ppl:  10.58; 5075 src tok/s; 5280 tgt tok/s;     57 s elapsed
Epoch  3,   400/  454; acc:  59.86; ppl:  10.13; 5161 src tok/s; 5344 tgt tok/s;     65 s elapsed
Epoch  3,   450/  454; acc:  60.21; ppl:   9.85; 5138 src tok/s; 5330 tgt tok/s;     73 s elapsed
Train perplexity: 11.6044
Train accuracy: 57.7911
Validation perplexity: 10.3464
Validation accuracy: 60.5719

Epoch  4,    50/  454; acc:  63.90; ppl:   7.28; 4993 src tok/s; 5223 tgt tok/s;      8 s elapsed
Epoch  4,   100/  454; acc:  61.59; ppl:   8.28; 5231 src tok/s; 5397 tgt tok/s;     16 s elapsed
Epoch  4,   150/  454; acc:  62.29; ppl:   8.05; 5271 src tok/s; 5438 tgt tok/s;     25 s elapsed
Epoch  4,   200/  454; acc:  63.37; ppl:   7.40; 5074 src tok/s; 5303 tgt tok/s;     33 s elapsed
Epoch  4,   250/  454; acc:  62.85; ppl:   7.75; 5249 src tok/s; 5427 tgt tok/s;     41 s elapsed
Epoch  4,   300/  454; acc:  64.07; ppl:   7.15; 5106 src tok/s; 5326 tgt tok/s;     49 s elapsed
Epoch  4,   350/  454; acc:  63.67; ppl:   7.29; 5181 src tok/s; 5350 tgt tok/s;     57 s elapsed
Epoch  4,   400/  454; acc:  64.06; ppl:   7.11; 5132 src tok/s; 5341 tgt tok/s;     65 s elapsed
Epoch  4,   450/  454; acc:  64.02; ppl:   7.15; 4970 src tok/s; 5157 tgt tok/s;     73 s elapsed
Train perplexity: 7.48595
Train accuracy: 63.3201
Validation perplexity: 8.37823
Validation accuracy: 63.0694

Epoch  5,    50/  454; acc:  66.66; ppl:   5.63; 5141 src tok/s; 5296 tgt tok/s;      9 s elapsed
Epoch  5,   100/  454; acc:  68.26; ppl:   5.12; 5066 src tok/s; 5321 tgt tok/s;     16 s elapsed
Epoch  5,   150/  454; acc:  67.44; ppl:   5.40; 5065 src tok/s; 5278 tgt tok/s;     24 s elapsed
Epoch  5,   200/  454; acc:  66.38; ppl:   5.75; 5267 src tok/s; 5424 tgt tok/s;     33 s elapsed
Epoch  5,   250/  454; acc:  66.33; ppl:   5.76; 5087 src tok/s; 5283 tgt tok/s;     41 s elapsed
Epoch  5,   300/  454; acc:  67.11; ppl:   5.44; 5170 src tok/s; 5376 tgt tok/s;     49 s elapsed
Epoch  5,   350/  454; acc:  65.71; ppl:   6.04; 5165 src tok/s; 5329 tgt tok/s;     57 s elapsed
Epoch  5,   400/  454; acc:  67.65; ppl:   5.32; 4988 src tok/s; 5207 tgt tok/s;     65 s elapsed
Epoch  5,   450/  454; acc:  66.44; ppl:   5.70; 5113 src tok/s; 5308 tgt tok/s;     74 s elapsed
Train perplexity: 5.57457
Train accuracy: 66.8714
Validation perplexity: 7.20997
Validation accuracy: 65.276

Epoch  6,    50/  454; acc:  71.03; ppl:   4.06; 5116 src tok/s; 5370 tgt tok/s;      8 s elapsed
Epoch  6,   100/  454; acc:  69.50; ppl:   4.49; 5179 src tok/s; 5362 tgt tok/s;     16 s elapsed
Epoch  6,   150/  454; acc:  69.70; ppl:   4.43; 5263 src tok/s; 5409 tgt tok/s;     24 s elapsed
Epoch  6,   200/  454; acc:  69.78; ppl:   4.38; 5048 src tok/s; 5240 tgt tok/s;     33 s elapsed
Epoch  6,   250/  454; acc:  70.35; ppl:   4.22; 5025 src tok/s; 5245 tgt tok/s;     40 s elapsed
Epoch  6,   300/  454; acc:  68.11; ppl:   4.84; 5270 src tok/s; 5456 tgt tok/s;     49 s elapsed
Epoch  6,   350/  454; acc:  69.67; ppl:   4.40; 5141 src tok/s; 5336 tgt tok/s;     57 s elapsed
Epoch  6,   400/  454; acc:  68.29; ppl:   4.78; 5087 src tok/s; 5276 tgt tok/s;     65 s elapsed
Epoch  6,   450/  454; acc:  69.50; ppl:   4.47; 5141 src tok/s; 5335 tgt tok/s;     73 s elapsed
Train perplexity: 4.45581
Train accuracy: 69.5103
Validation perplexity: 7.27784
Validation accuracy: 65.4818
Decaying learning rate to 0.5

Epoch  7,    50/  454; acc:  75.25; ppl:   3.10; 5189 src tok/s; 5352 tgt tok/s;      8 s elapsed
Epoch  7,   100/  454; acc:  75.75; ppl:   3.10; 5022 src tok/s; 5250 tgt tok/s;     16 s elapsed
Epoch  7,   150/  454; acc:  76.29; ppl:   2.93; 5097 src tok/s; 5297 tgt tok/s;     24 s elapsed
Epoch  7,   200/  454; acc:  74.66; ppl:   3.24; 5168 src tok/s; 5346 tgt tok/s;     33 s elapsed
Epoch  7,   250/  454; acc:  75.38; ppl:   3.10; 5134 src tok/s; 5321 tgt tok/s;     41 s elapsed
Epoch  7,   300/  454; acc:  75.08; ppl:   3.13; 5187 src tok/s; 5376 tgt tok/s;     49 s elapsed
Epoch  7,   350/  454; acc:  75.22; ppl:   3.09; 5037 src tok/s; 5244 tgt tok/s;     57 s elapsed
Epoch  7,   400/  454; acc:  75.76; ppl:   3.03; 5078 src tok/s; 5277 tgt tok/s;     66 s elapsed
Epoch  7,   450/  454; acc:  74.96; ppl:   3.14; 5249 src tok/s; 5438 tgt tok/s;     74 s elapsed
Train perplexity: 3.0917
Train accuracy: 75.389
Validation perplexity: 6.48217
Validation accuracy: 68.0644
Decaying learning rate to 0.25

Epoch  8,    50/  454; acc:  79.29; ppl:   2.56; 5216 src tok/s; 5368 tgt tok/s;      9 s elapsed
Epoch  8,   100/  454; acc:  81.07; ppl:   2.28; 5007 src tok/s; 5235 tgt tok/s;     16 s elapsed
Epoch  8,   150/  454; acc:  80.72; ppl:   2.35; 5197 src tok/s; 5397 tgt tok/s;     24 s elapsed
Epoch  8,   200/  454; acc:  80.29; ppl:   2.41; 5094 src tok/s; 5332 tgt tok/s;     33 s elapsed
Epoch  8,   250/  454; acc:  79.94; ppl:   2.45; 5087 src tok/s; 5260 tgt tok/s;     41 s elapsed
Epoch  8,   300/  454; acc:  80.10; ppl:   2.37; 5105 src tok/s; 5311 tgt tok/s;     49 s elapsed
Epoch  8,   350/  454; acc:  80.75; ppl:   2.31; 5064 src tok/s; 5268 tgt tok/s;     57 s elapsed
Epoch  8,   400/  454; acc:  79.03; ppl:   2.56; 5227 src tok/s; 5391 tgt tok/s;     65 s elapsed
Epoch  8,   450/  454; acc:  79.39; ppl:   2.44; 5064 src tok/s; 5241 tgt tok/s;     74 s elapsed
Train perplexity: 2.41318
Train accuracy: 80.0719
Validation perplexity: 6.52796
Validation accuracy: 68.0928
Decaying learning rate to 0.125

Epoch  9,    50/  454; acc:  84.02; ppl:   2.02; 5148 src tok/s; 5383 tgt tok/s;      8 s elapsed
Epoch  9,   100/  454; acc:  82.87; ppl:   2.12; 5158 src tok/s; 5338 tgt tok/s;     16 s elapsed
Epoch  9,   150/  454; acc:  83.95; ppl:   2.01; 5128 src tok/s; 5332 tgt tok/s;     24 s elapsed
Epoch  9,   200/  454; acc:  82.67; ppl:   2.15; 5117 src tok/s; 5283 tgt tok/s;     33 s elapsed
Epoch  9,   250/  454; acc:  84.16; ppl:   1.98; 5129 src tok/s; 5364 tgt tok/s;     40 s elapsed
Epoch  9,   300/  454; acc:  81.74; ppl:   2.27; 5266 src tok/s; 5413 tgt tok/s;     49 s elapsed
Epoch  9,   350/  454; acc:  84.16; ppl:   1.97; 4955 src tok/s; 5217 tgt tok/s;     57 s elapsed
Epoch  9,   400/  454; acc:  81.96; ppl:   2.22; 5254 src tok/s; 5388 tgt tok/s;     65 s elapsed
Epoch  9,   450/  454; acc:  83.03; ppl:   2.08; 5027 src tok/s; 5241 tgt tok/s;     73 s elapsed
Train perplexity: 2.09826
Train accuracy: 83.0937
Validation perplexity: 6.75009
Validation accuracy: 68.4547
Decaying learning rate to 0.0625

Epoch 10,    50/  454; acc:  85.37; ppl:   1.89; 5191 src tok/s; 5373 tgt tok/s;      8 s elapsed
Epoch 10,   100/  454; acc:  84.71; ppl:   1.97; 5065 src tok/s; 5255 tgt tok/s;     16 s elapsed
Epoch 10,   150/  454; acc:  83.73; ppl:   2.06; 5227 src tok/s; 5393 tgt tok/s;     25 s elapsed
Epoch 10,   200/  454; acc:  86.13; ppl:   1.82; 5074 src tok/s; 5293 tgt tok/s;     33 s elapsed
Epoch 10,   250/  454; acc:  84.22; ppl:   2.03; 5133 src tok/s; 5305 tgt tok/s;     41 s elapsed
Epoch 10,   300/  454; acc:  84.85; ppl:   1.95; 5171 src tok/s; 5402 tgt tok/s;     49 s elapsed
Epoch 10,   350/  454; acc:  83.94; ppl:   2.03; 5155 src tok/s; 5329 tgt tok/s;     58 s elapsed
Epoch 10,   400/  454; acc:  85.50; ppl:   1.87; 5101 src tok/s; 5327 tgt tok/s;     65 s elapsed
Epoch 10,   450/  454; acc:  84.69; ppl:   1.94; 5065 src tok/s; 5260 tgt tok/s;     73 s elapsed
Train perplexity: 1.95217
Train accuracy: 84.7648
Validation perplexity: 6.96093
Validation accuracy: 68.3482
Decaying learning rate to 0.03125

Epoch 11,    50/  454; acc:  86.40; ppl:   1.82; 5126 src tok/s; 5322 tgt tok/s;      8 s elapsed
Epoch 11,   100/  454; acc:  85.17; ppl:   1.94; 5023 src tok/s; 5249 tgt tok/s;     16 s elapsed
Epoch 11,   150/  454; acc:  85.74; ppl:   1.88; 5229 src tok/s; 5414 tgt tok/s;     25 s elapsed
Epoch 11,   200/  454; acc:  85.47; ppl:   1.88; 5106 src tok/s; 5284 tgt tok/s;     33 s elapsed
Epoch 11,   250/  454; acc:  85.71; ppl:   1.87; 5148 src tok/s; 5368 tgt tok/s;     41 s elapsed
Epoch 11,   300/  454; acc:  85.74; ppl:   1.88; 5153 src tok/s; 5344 tgt tok/s;     49 s elapsed
Epoch 11,   350/  454; acc:  86.25; ppl:   1.81; 5168 src tok/s; 5350 tgt tok/s;     57 s elapsed
Epoch 11,   400/  454; acc:  84.80; ppl:   1.95; 5162 src tok/s; 5327 tgt tok/s;     65 s elapsed
Epoch 11,   450/  454; acc:  85.29; ppl:   1.91; 4956 src tok/s; 5166 tgt tok/s;     74 s elapsed
Train perplexity: 1.88279
Train accuracy: 85.6029
Validation perplexity: 7.08187
Validation accuracy: 68.2134
Decaying learning rate to 0.015625

Epoch 12,    50/  454; acc:  85.25; ppl:   1.92; 5162 src tok/s; 5336 tgt tok/s;      8 s elapsed
Epoch 12,   100/  454; acc:  86.62; ppl:   1.80; 5118 src tok/s; 5355 tgt tok/s;     16 s elapsed
Epoch 12,   150/  454; acc:  86.15; ppl:   1.83; 5056 src tok/s; 5273 tgt tok/s;     24 s elapsed
Epoch 12,   200/  454; acc:  85.99; ppl:   1.84; 5190 src tok/s; 5372 tgt tok/s;     33 s elapsed
Epoch 12,   250/  454; acc:  86.20; ppl:   1.83; 5132 src tok/s; 5317 tgt tok/s;     41 s elapsed
Epoch 12,   300/  454; acc:  85.78; ppl:   1.89; 5190 src tok/s; 5352 tgt tok/s;     49 s elapsed
Epoch 12,   350/  454; acc:  85.82; ppl:   1.85; 5149 src tok/s; 5367 tgt tok/s;     57 s elapsed
Epoch 12,   400/  454; acc:  86.01; ppl:   1.84; 5045 src tok/s; 5239 tgt tok/s;     65 s elapsed
Epoch 12,   450/  454; acc:  87.17; ppl:   1.75; 5058 src tok/s; 5258 tgt tok/s;     73 s elapsed
Train perplexity: 1.84959
Train accuracy: 85.9946
Validation perplexity: 7.12447
Validation accuracy: 68.1638
Decaying learning rate to 0.0078125

Epoch 13,    50/  454; acc:  86.61; ppl:   1.81; 5069 src tok/s; 5276 tgt tok/s;      8 s elapsed
Epoch 13,   100/  454; acc:  86.48; ppl:   1.82; 5063 src tok/s; 5232 tgt tok/s;     17 s elapsed
Epoch 13,   150/  454; acc:  86.73; ppl:   1.80; 5217 src tok/s; 5424 tgt tok/s;     24 s elapsed
Epoch 13,   200/  454; acc:  85.54; ppl:   1.90; 5165 src tok/s; 5354 tgt tok/s;     33 s elapsed
Epoch 13,   250/  454; acc:  86.29; ppl:   1.84; 5025 src tok/s; 5209 tgt tok/s;     41 s elapsed
Epoch 13,   300/  454; acc:  86.20; ppl:   1.82; 5087 src tok/s; 5272 tgt tok/s;     49 s elapsed
Epoch 13,   350/  454; acc:  87.05; ppl:   1.77; 5060 src tok/s; 5304 tgt tok/s;     57 s elapsed
Epoch 13,   400/  454; acc:  85.55; ppl:   1.89; 5306 src tok/s; 5458 tgt tok/s;     66 s elapsed
Epoch 13,   450/  454; acc:  86.39; ppl:   1.84; 4970 src tok/s; 5179 tgt tok/s;     74 s elapsed
Train perplexity: 1.83336
Train accuracy: 86.2766
Validation perplexity: 7.14662
Validation accuracy: 68.0928
Decaying learning rate to 0.00390625

Epoch 14,    50/  454; acc:  85.50; ppl:   1.91; 5192 src tok/s; 5346 tgt tok/s;      9 s elapsed
Epoch 14,   100/  454; acc:  87.00; ppl:   1.76; 5113 src tok/s; 5339 tgt tok/s;     16 s elapsed
Epoch 14,   150/  454; acc:  86.53; ppl:   1.82; 5095 src tok/s; 5273 tgt tok/s;     25 s elapsed
Epoch 14,   200/  454; acc:  86.76; ppl:   1.79; 5172 src tok/s; 5369 tgt tok/s;     33 s elapsed
Epoch 14,   250/  454; acc:  87.33; ppl:   1.74; 5144 src tok/s; 5334 tgt tok/s;     41 s elapsed
Epoch 14,   300/  454; acc:  85.37; ppl:   1.92; 5068 src tok/s; 5252 tgt tok/s;     49 s elapsed
Epoch 14,   350/  454; acc:  86.98; ppl:   1.77; 5108 src tok/s; 5338 tgt tok/s;     57 s elapsed
Epoch 14,   400/  454; acc:  85.84; ppl:   1.87; 5164 src tok/s; 5355 tgt tok/s;     65 s elapsed
Epoch 14,   450/  454; acc:  86.29; ppl:   1.82; 5059 src tok/s; 5266 tgt tok/s;     73 s elapsed
Train perplexity: 1.82509
Train accuracy: 86.3672
Validation perplexity: 7.16342
Validation accuracy: 68.1283
Decaying learning rate to 0.00195312

Epoch 15,    50/  454; acc:  85.80; ppl:   1.87; 5189 src tok/s; 5333 tgt tok/s;      9 s elapsed
Epoch 15,   100/  454; acc:  87.38; ppl:   1.73; 5031 src tok/s; 5270 tgt tok/s;     16 s elapsed
Epoch 15,   150/  454; acc:  87.18; ppl:   1.76; 5070 src tok/s; 5290 tgt tok/s;     24 s elapsed
Epoch 15,   200/  454; acc:  85.49; ppl:   1.92; 5219 src tok/s; 5375 tgt tok/s;     33 s elapsed
Epoch 15,   250/  454; acc:  86.60; ppl:   1.80; 5148 src tok/s; 5351 tgt tok/s;     41 s elapsed
Epoch 15,   300/  454; acc:  86.26; ppl:   1.85; 5147 src tok/s; 5344 tgt tok/s;     49 s elapsed
Epoch 15,   350/  454; acc:  86.74; ppl:   1.77; 5080 src tok/s; 5299 tgt tok/s;     57 s elapsed
Epoch 15,   400/  454; acc:  85.77; ppl:   1.87; 5099 src tok/s; 5282 tgt tok/s;     65 s elapsed
Epoch 15,   450/  454; acc:  86.51; ppl:   1.81; 5064 src tok/s; 5245 tgt tok/s;     74 s elapsed
Train perplexity: 1.82062
Train accuracy: 86.3989
Validation perplexity: 7.17131
Validation accuracy: 68.1283
Decaying learning rate to 0.000976562

Epoch 16,    50/  454; acc:  86.74; ppl:   1.79; 5047 src tok/s; 5237 tgt tok/s;      8 s elapsed
Epoch 16,   100/  454; acc:  86.43; ppl:   1.81; 5160 src tok/s; 5324 tgt tok/s;     16 s elapsed
Epoch 16,   150/  454; acc:  85.81; ppl:   1.86; 5093 src tok/s; 5279 tgt tok/s;     25 s elapsed
Epoch 16,   200/  454; acc:  86.35; ppl:   1.82; 5115 src tok/s; 5306 tgt tok/s;     33 s elapsed
Epoch 16,   250/  454; acc:  86.38; ppl:   1.81; 5104 src tok/s; 5295 tgt tok/s;     41 s elapsed
Epoch 16,   300/  454; acc:  86.63; ppl:   1.82; 5142 src tok/s; 5350 tgt tok/s;     49 s elapsed
Epoch 16,   350/  454; acc:  86.38; ppl:   1.83; 5049 src tok/s; 5233 tgt tok/s;     58 s elapsed
Epoch 16,   400/  454; acc:  86.64; ppl:   1.82; 5136 src tok/s; 5339 tgt tok/s;     66 s elapsed
Epoch 16,   450/  454; acc:  86.60; ppl:   1.82; 5109 src tok/s; 5336 tgt tok/s;     74 s elapsed
Train perplexity: 1.81953
Train accuracy: 86.4326
Validation perplexity: 7.1737
Validation accuracy: 68.1354
Decaying learning rate to 0.000488281

Epoch 17,    50/  454; acc:  85.46; ppl:   1.92; 5126 src tok/s; 5312 tgt tok/s;      8 s elapsed
Epoch 17,   100/  454; acc:  87.41; ppl:   1.74; 5141 src tok/s; 5347 tgt tok/s;     16 s elapsed
Epoch 17,   150/  454; acc:  85.30; ppl:   1.93; 5225 src tok/s; 5412 tgt tok/s;     25 s elapsed
Epoch 17,   200/  454; acc:  87.58; ppl:   1.70; 5068 src tok/s; 5302 tgt tok/s;     33 s elapsed
Epoch 17,   250/  454; acc:  86.93; ppl:   1.77; 5075 src tok/s; 5264 tgt tok/s;     41 s elapsed
Epoch 17,   300/  454; acc:  86.53; ppl:   1.82; 5016 src tok/s; 5213 tgt tok/s;     49 s elapsed
Epoch 17,   350/  454; acc:  85.97; ppl:   1.86; 5204 src tok/s; 5372 tgt tok/s;     58 s elapsed
Epoch 17,   400/  454; acc:  86.78; ppl:   1.79; 5119 src tok/s; 5321 tgt tok/s;     66 s elapsed
Epoch 17,   450/  454; acc:  85.92; ppl:   1.85; 5075 src tok/s; 5244 tgt tok/s;     74 s elapsed
Train perplexity: 1.81975
Train accuracy: 86.4186
Validation perplexity: 7.17438
Validation accuracy: 68.1354
Decaying learning rate to 0.000244141
