<module 'opts' from '/u/suhubdyd/research/projects/jumble_lstm/code/auxiliary-nmt/opts.pyc'>
Namespace(batch_size=64, brnn=False, brnn_merge='concat', cnn_kernel_width=3, context_gate=None, copy_attn=False, copy_attn_force=False, coverage_attn=False, data='/data/lisatmp3/suhubdyd/multi30k.atok.low', dec_layers=1, decay_method='', decoder_type='rnn', dropout=0.3, enc_layers=2, encoder_type='rnn', epochs=17, exp='', exp_host='', feat_merge='concat', feat_vec_exponent=0.7, feat_vec_size=-1, fix_word_vecs_dec=False, fix_word_vecs_enc=False, global_attention='general', gpuid=[0], input_feed=1, kappa_dec=0.3, kappa_enc=0.05, lambda_coverage=1, layers=-1, learning_rate=1.0, learning_rate_decay=0.5, max_generator_batches=32, max_grad_norm=5, model_type='text', optim='sgd', param_init=0.1, position_encoding=False, pre_word_vecs_dec=None, pre_word_vecs_enc=None, report_every=50, rnn_size=500, rnn_type='LSTM', save_model='/data/lisatmp3/suhubdyd/models/seeds/encoder0.05decoder0.3dropout0.3wdropFalseseed3', seed=3, share_decoder_embeddings=False, share_embeddings=False, src_word_vec_size=500, start_checkpoint_at=0, start_decay_at=8, start_epoch=1, tgt_word_vec_size=500, train_from='', truncated_decoder=0, warmup_steps=4000, weightdropout=False, word_vec_size=-1)
('Using Kappa L2 loss on encoder', 0.05)
('Using Kappa L2 loss on decoder', 0.3)
Loading train and validate data from '/data/lisatmp3/suhubdyd/multi30k.atok.low'
 * number of training sentences: 29000
 * maximum batch size: 64
 * vocabulary size. source = 10841; target = 18563
Building model...
Intializing model parameters.
NMTModel (
  (encoder): RNNEncoder (
    (embeddings): Embeddings (
      (make_embedding): Sequential (
        (emb_luts): Elementwise (
          (0): Embedding(10841, 500, padding_idx=1)
        )
      )
    )
    (dropout): Dropout (p = 0.3)
    (rnn): LSTM(500, 500, dropout=0.3)
  )
  (decoder): InputFeedRNNDecoder (
    (embeddings): Embeddings (
      (make_embedding): Sequential (
        (emb_luts): Elementwise (
          (0): Embedding(18563, 500, padding_idx=1)
        )
      )
    )
    (dropout): Dropout (p = 0.3)
    (rnn): StackedLSTM (
      (dropout): Dropout (p = 0.3)
      (layers): ModuleList (
        (0): LSTMCell(1000, 500)
      )
    )
    (attn): GlobalAttention (
      (linear_in): Linear (500 -> 500)
      (linear_out): Linear (1000 -> 500)
      (sm): Softmax ()
      (tanh): Tanh ()
    )
  )
  (generator): Sequential (
    (0): Linear (500 -> 18563)
    (1): LogSoftmax ()
  )
)
* number of parameters: 29760063
('encoder: ', 7424500)
('decoder: ', 22335563)

Epoch  1,    50/  454; acc:   8.22; ppl: 25333.36; 5529 src tok/s; 5698 tgt tok/s;      8 s elapsed
Epoch  1,   100/  454; acc:  14.85; ppl: 2260.33; 6326 src tok/s; 6669 tgt tok/s;     14 s elapsed
Epoch  1,   150/  454; acc:  16.72; ppl: 787.56; 6488 src tok/s; 6775 tgt tok/s;     21 s elapsed
Epoch  1,   200/  454; acc:  19.69; ppl: 335.85; 6651 src tok/s; 6885 tgt tok/s;     27 s elapsed
Epoch  1,   250/  454; acc:  23.49; ppl: 196.91; 6797 src tok/s; 7048 tgt tok/s;     33 s elapsed
Epoch  1,   300/  454; acc:  25.64; ppl: 144.10; 6677 src tok/s; 6909 tgt tok/s;     39 s elapsed
Epoch  1,   350/  454; acc:  28.78; ppl: 105.25; 6668 src tok/s; 6892 tgt tok/s;     46 s elapsed
Epoch  1,   400/  454; acc:  30.66; ppl:  86.76; 6692 src tok/s; 6929 tgt tok/s;     52 s elapsed
Epoch  1,   450/  454; acc:  32.91; ppl:  70.63; 6608 src tok/s; 6853 tgt tok/s;     58 s elapsed
Train perplexity: 401.372
Train accuracy: 22.3836
Validation perplexity: 60.6006
Validation accuracy: 33.7732

Epoch  2,    50/  454; acc:  36.21; ppl:  54.06; 6469 src tok/s; 6735 tgt tok/s;      6 s elapsed
Epoch  2,   100/  454; acc:  38.07; ppl:  46.13; 6539 src tok/s; 6781 tgt tok/s;     13 s elapsed
Epoch  2,   150/  454; acc:  41.60; ppl:  36.13; 6633 src tok/s; 6881 tgt tok/s;     19 s elapsed
Epoch  2,   200/  454; acc:  42.80; ppl:  32.38; 6583 src tok/s; 6852 tgt tok/s;     25 s elapsed
Epoch  2,   250/  454; acc:  44.60; ppl:  28.83; 6458 src tok/s; 6712 tgt tok/s;     32 s elapsed
Epoch  2,   300/  454; acc:  47.25; ppl:  24.99; 6580 src tok/s; 6827 tgt tok/s;     38 s elapsed
Epoch  2,   350/  454; acc:  48.47; ppl:  22.49; 6543 src tok/s; 6802 tgt tok/s;     45 s elapsed
Epoch  2,   400/  454; acc:  49.56; ppl:  21.47; 6546 src tok/s; 6764 tgt tok/s;     51 s elapsed
Epoch  2,   450/  454; acc:  51.49; ppl:  18.77; 6358 src tok/s; 6590 tgt tok/s;     58 s elapsed
Train perplexity: 29.8263
Train accuracy: 44.4647
Validation perplexity: 16.6735
Validation accuracy: 52.5117

Epoch  3,    50/  454; acc:  53.40; ppl:  15.58; 6491 src tok/s; 6674 tgt tok/s;      7 s elapsed
Epoch  3,   100/  454; acc:  54.91; ppl:  14.14; 6504 src tok/s; 6760 tgt tok/s;     13 s elapsed
Epoch  3,   150/  454; acc:  56.40; ppl:  13.13; 6416 src tok/s; 6714 tgt tok/s;     19 s elapsed
Epoch  3,   200/  454; acc:  54.84; ppl:  13.81; 6378 src tok/s; 6602 tgt tok/s;     26 s elapsed
Epoch  3,   250/  454; acc:  56.91; ppl:  12.34; 6410 src tok/s; 6670 tgt tok/s;     32 s elapsed
Epoch  3,   300/  454; acc:  56.32; ppl:  12.72; 6382 src tok/s; 6615 tgt tok/s;     39 s elapsed
Epoch  3,   350/  454; acc:  58.23; ppl:  11.35; 6106 src tok/s; 6361 tgt tok/s;     46 s elapsed
Epoch  3,   400/  454; acc:  57.66; ppl:  11.59; 6465 src tok/s; 6680 tgt tok/s;     53 s elapsed
Epoch  3,   450/  454; acc:  58.57; ppl:  11.00; 6184 src tok/s; 6418 tgt tok/s;     59 s elapsed
Train perplexity: 12.745
Train accuracy: 56.3932
Validation perplexity: 12.3531
Validation accuracy: 58.0318

Epoch  4,    50/  454; acc:  61.30; ppl:   8.68; 6147 src tok/s; 6362 tgt tok/s;      7 s elapsed
Epoch  4,   100/  454; acc:  61.38; ppl:   8.58; 6365 src tok/s; 6564 tgt tok/s;     13 s elapsed
Epoch  4,   150/  454; acc:  61.08; ppl:   8.91; 6365 src tok/s; 6606 tgt tok/s;     20 s elapsed
Epoch  4,   200/  454; acc:  61.57; ppl:   8.39; 6247 src tok/s; 6490 tgt tok/s;     27 s elapsed
Epoch  4,   250/  454; acc:  62.16; ppl:   8.17; 6217 src tok/s; 6484 tgt tok/s;     33 s elapsed
Epoch  4,   300/  454; acc:  61.75; ppl:   8.44; 6381 src tok/s; 6634 tgt tok/s;     40 s elapsed
Epoch  4,   350/  454; acc:  62.81; ppl:   7.81; 6338 src tok/s; 6589 tgt tok/s;     46 s elapsed
Epoch  4,   400/  454; acc:  61.33; ppl:   8.52; 6346 src tok/s; 6570 tgt tok/s;     53 s elapsed
Epoch  4,   450/  454; acc:  62.62; ppl:   8.13; 6282 src tok/s; 6529 tgt tok/s;     60 s elapsed
Train perplexity: 8.39253
Train accuracy: 61.7857
Validation perplexity: 8.43011
Validation accuracy: 62.594

Epoch  5,    50/  454; acc:  65.51; ppl:   6.20; 6132 src tok/s; 6387 tgt tok/s;      7 s elapsed
Epoch  5,   100/  454; acc:  64.80; ppl:   6.54; 6423 src tok/s; 6642 tgt tok/s;     13 s elapsed
Epoch  5,   150/  454; acc:  65.67; ppl:   6.19; 6375 src tok/s; 6612 tgt tok/s;     20 s elapsed
Epoch  5,   200/  454; acc:  65.07; ppl:   6.37; 6405 src tok/s; 6652 tgt tok/s;     26 s elapsed
Epoch  5,   250/  454; acc:  65.63; ppl:   6.18; 6475 src tok/s; 6721 tgt tok/s;     33 s elapsed
Epoch  5,   300/  454; acc:  65.41; ppl:   6.41; 6405 src tok/s; 6629 tgt tok/s;     39 s elapsed
Epoch  5,   350/  454; acc:  66.02; ppl:   6.06; 6188 src tok/s; 6490 tgt tok/s;     46 s elapsed
Epoch  5,   400/  454; acc:  64.62; ppl:   6.54; 6443 src tok/s; 6665 tgt tok/s;     53 s elapsed
Epoch  5,   450/  454; acc:  64.63; ppl:   6.54; 6458 src tok/s; 6669 tgt tok/s;     59 s elapsed
Train perplexity: 6.32807
Train accuracy: 65.2776
Validation perplexity: 7.5863
Validation accuracy: 64.9425

Epoch  6,    50/  454; acc:  68.86; ppl:   4.73; 6473 src tok/s; 6755 tgt tok/s;      6 s elapsed
Epoch  6,   100/  454; acc:  67.15; ppl:   5.38; 6630 src tok/s; 6853 tgt tok/s;     13 s elapsed
Epoch  6,   150/  454; acc:  67.56; ppl:   5.20; 6484 src tok/s; 6717 tgt tok/s;     19 s elapsed
Epoch  6,   200/  454; acc:  68.59; ppl:   4.89; 6567 src tok/s; 6852 tgt tok/s;     26 s elapsed
Epoch  6,   250/  454; acc:  67.97; ppl:   5.03; 6549 src tok/s; 6814 tgt tok/s;     32 s elapsed
Epoch  6,   300/  454; acc:  67.65; ppl:   5.15; 6421 src tok/s; 6646 tgt tok/s;     39 s elapsed
Epoch  6,   350/  454; acc:  67.54; ppl:   5.16; 6370 src tok/s; 6647 tgt tok/s;     45 s elapsed
Epoch  6,   400/  454; acc:  67.22; ppl:   5.33; 6573 src tok/s; 6766 tgt tok/s;     52 s elapsed
Epoch  6,   450/  454; acc:  67.65; ppl:   5.07; 6482 src tok/s; 6717 tgt tok/s;     58 s elapsed
Train perplexity: 5.11806
Train accuracy: 67.7578
Validation perplexity: 6.66537
Validation accuracy: 67.1633

Epoch  7,    50/  454; acc:  70.97; ppl:   4.05; 6281 src tok/s; 6496 tgt tok/s;      7 s elapsed
Epoch  7,   100/  454; acc:  70.84; ppl:   4.14; 6652 src tok/s; 6852 tgt tok/s;     13 s elapsed
Epoch  7,   150/  454; acc:  70.01; ppl:   4.26; 6384 src tok/s; 6614 tgt tok/s;     20 s elapsed
Epoch  7,   200/  454; acc:  70.62; ppl:   4.04; 6283 src tok/s; 6548 tgt tok/s;     26 s elapsed
Epoch  7,   250/  454; acc:  68.53; ppl:   4.77; 6532 src tok/s; 6748 tgt tok/s;     33 s elapsed
Epoch  7,   300/  454; acc:  70.72; ppl:   4.12; 6471 src tok/s; 6746 tgt tok/s;     39 s elapsed
Epoch  7,   350/  454; acc:  68.83; ppl:   4.63; 6446 src tok/s; 6677 tgt tok/s;     46 s elapsed
Epoch  7,   400/  454; acc:  70.57; ppl:   4.21; 6417 src tok/s; 6703 tgt tok/s;     52 s elapsed
Epoch  7,   450/  454; acc:  68.67; ppl:   4.57; 6236 src tok/s; 6494 tgt tok/s;     59 s elapsed
Train perplexity: 4.30696
Train accuracy: 69.949
Validation perplexity: 6.75846
Validation accuracy: 66.9292
Decaying learning rate to 0.5

Epoch  8,    50/  454; acc:  73.96; ppl:   3.42; 6347 src tok/s; 6570 tgt tok/s;      7 s elapsed
Epoch  8,   100/  454; acc:  75.44; ppl:   3.10; 6599 src tok/s; 6868 tgt tok/s;     13 s elapsed
Epoch  8,   150/  454; acc:  75.45; ppl:   3.08; 6166 src tok/s; 6409 tgt tok/s;     20 s elapsed
Epoch  8,   200/  454; acc:  75.32; ppl:   3.08; 6436 src tok/s; 6681 tgt tok/s;     26 s elapsed
Epoch  8,   250/  454; acc:  75.79; ppl:   3.01; 6380 src tok/s; 6624 tgt tok/s;     33 s elapsed
Epoch  8,   300/  454; acc:  74.08; ppl:   3.27; 6316 src tok/s; 6545 tgt tok/s;     40 s elapsed
Epoch  8,   350/  454; acc:  74.62; ppl:   3.21; 6294 src tok/s; 6570 tgt tok/s;     46 s elapsed
Epoch  8,   400/  454; acc:  74.66; ppl:   3.20; 6322 src tok/s; 6509 tgt tok/s;     53 s elapsed
Epoch  8,   450/  454; acc:  74.69; ppl:   3.17; 6205 src tok/s; 6462 tgt tok/s;     59 s elapsed
Train perplexity: 3.16827
Train accuracy: 74.8936
Validation perplexity: 6.07919
Validation accuracy: 68.4192
Decaying learning rate to 0.25

Epoch  9,    50/  454; acc:  79.00; ppl:   2.52; 6224 src tok/s; 6483 tgt tok/s;      7 s elapsed
Epoch  9,   100/  454; acc:  77.71; ppl:   2.69; 6387 src tok/s; 6594 tgt tok/s;     13 s elapsed
Epoch  9,   150/  454; acc:  78.78; ppl:   2.56; 6402 src tok/s; 6661 tgt tok/s;     20 s elapsed
Epoch  9,   200/  454; acc:  78.37; ppl:   2.61; 6343 src tok/s; 6534 tgt tok/s;     27 s elapsed
Epoch  9,   250/  454; acc:  77.69; ppl:   2.67; 6388 src tok/s; 6585 tgt tok/s;     33 s elapsed
Epoch  9,   300/  454; acc:  79.10; ppl:   2.51; 6319 src tok/s; 6594 tgt tok/s;     40 s elapsed
Epoch  9,   350/  454; acc:  78.13; ppl:   2.61; 6318 src tok/s; 6561 tgt tok/s;     46 s elapsed
Epoch  9,   400/  454; acc:  78.19; ppl:   2.63; 6196 src tok/s; 6472 tgt tok/s;     53 s elapsed
Epoch  9,   450/  454; acc:  78.20; ppl:   2.59; 6166 src tok/s; 6419 tgt tok/s;     60 s elapsed
Train perplexity: 2.60672
Train accuracy: 78.288
Validation perplexity: 6.04977
Validation accuracy: 69.3416
Decaying learning rate to 0.125

Epoch 10,    50/  454; acc:  80.63; ppl:   2.30; 6292 src tok/s; 6525 tgt tok/s;      7 s elapsed
Epoch 10,   100/  454; acc:  80.62; ppl:   2.35; 6302 src tok/s; 6553 tgt tok/s;     13 s elapsed
Epoch 10,   150/  454; acc:  79.67; ppl:   2.43; 6380 src tok/s; 6589 tgt tok/s;     20 s elapsed
Epoch 10,   200/  454; acc:  80.69; ppl:   2.31; 6325 src tok/s; 6577 tgt tok/s;     27 s elapsed
Epoch 10,   250/  454; acc:  80.25; ppl:   2.33; 6318 src tok/s; 6595 tgt tok/s;     33 s elapsed
Epoch 10,   300/  454; acc:  80.21; ppl:   2.35; 6386 src tok/s; 6606 tgt tok/s;     40 s elapsed
Epoch 10,   350/  454; acc:  79.89; ppl:   2.39; 6353 src tok/s; 6575 tgt tok/s;     47 s elapsed
Epoch 10,   400/  454; acc:  80.92; ppl:   2.29; 6316 src tok/s; 6571 tgt tok/s;     53 s elapsed
Epoch 10,   450/  454; acc:  80.03; ppl:   2.37; 6264 src tok/s; 6506 tgt tok/s;     60 s elapsed
Train perplexity: 2.3459
Train accuracy: 80.3312
Validation perplexity: 6.15694
Validation accuracy: 69.2422
Decaying learning rate to 0.0625

Epoch 11,    50/  454; acc:  81.85; ppl:   2.15; 6255 src tok/s; 6516 tgt tok/s;      7 s elapsed
Epoch 11,   100/  454; acc:  80.58; ppl:   2.33; 6471 src tok/s; 6688 tgt tok/s;     13 s elapsed
Epoch 11,   150/  454; acc:  82.34; ppl:   2.12; 6230 src tok/s; 6516 tgt tok/s;     20 s elapsed
Epoch 11,   200/  454; acc:  80.51; ppl:   2.31; 6212 src tok/s; 6440 tgt tok/s;     27 s elapsed
Epoch 11,   250/  454; acc:  82.16; ppl:   2.16; 6386 src tok/s; 6611 tgt tok/s;     33 s elapsed
Epoch 11,   300/  454; acc:  81.38; ppl:   2.20; 6462 src tok/s; 6712 tgt tok/s;     40 s elapsed
Epoch 11,   350/  454; acc:  81.61; ppl:   2.20; 6638 src tok/s; 6869 tgt tok/s;     46 s elapsed
Epoch 11,   400/  454; acc:  80.90; ppl:   2.29; 6490 src tok/s; 6735 tgt tok/s;     53 s elapsed
Epoch 11,   450/  454; acc:  81.02; ppl:   2.28; 6446 src tok/s; 6694 tgt tok/s;     59 s elapsed
Train perplexity: 2.22577
Train accuracy: 81.3744
Validation perplexity: 6.22866
Validation accuracy: 69.5118
Decaying learning rate to 0.03125

Epoch 12,    50/  454; acc:  80.95; ppl:   2.28; 6528 src tok/s; 6708 tgt tok/s;      7 s elapsed
Epoch 12,   100/  454; acc:  82.79; ppl:   2.07; 6500 src tok/s; 6800 tgt tok/s;     13 s elapsed
Epoch 12,   150/  454; acc:  82.36; ppl:   2.12; 6545 src tok/s; 6829 tgt tok/s;     19 s elapsed
Epoch 12,   200/  454; acc:  81.82; ppl:   2.18; 6642 src tok/s; 6870 tgt tok/s;     26 s elapsed
Epoch 12,   250/  454; acc:  81.79; ppl:   2.18; 6472 src tok/s; 6731 tgt tok/s;     32 s elapsed
Epoch 12,   300/  454; acc:  81.71; ppl:   2.19; 6554 src tok/s; 6780 tgt tok/s;     38 s elapsed
Epoch 12,   350/  454; acc:  82.48; ppl:   2.10; 6435 src tok/s; 6724 tgt tok/s;     45 s elapsed
Epoch 12,   400/  454; acc:  81.64; ppl:   2.20; 6494 src tok/s; 6709 tgt tok/s;     51 s elapsed
Epoch 12,   450/  454; acc:  81.71; ppl:   2.18; 6467 src tok/s; 6710 tgt tok/s;     58 s elapsed
Train perplexity: 2.16788
Train accuracy: 81.8887
Validation perplexity: 6.22731
Validation accuracy: 69.7673
Decaying learning rate to 0.015625

Epoch 13,    50/  454; acc:  81.85; ppl:   2.19; 6323 src tok/s; 6541 tgt tok/s;      7 s elapsed
Epoch 13,   100/  454; acc:  82.72; ppl:   2.08; 6350 src tok/s; 6618 tgt tok/s;     13 s elapsed
Epoch 13,   150/  454; acc:  82.15; ppl:   2.15; 6415 src tok/s; 6704 tgt tok/s;     20 s elapsed
Epoch 13,   200/  454; acc:  82.15; ppl:   2.15; 6437 src tok/s; 6689 tgt tok/s;     26 s elapsed
Epoch 13,   250/  454; acc:  82.60; ppl:   2.10; 6441 src tok/s; 6667 tgt tok/s;     33 s elapsed
Epoch 13,   300/  454; acc:  82.27; ppl:   2.12; 6402 src tok/s; 6640 tgt tok/s;     39 s elapsed
Epoch 13,   350/  454; acc:  83.04; ppl:   2.01; 6197 src tok/s; 6501 tgt tok/s;     46 s elapsed
Epoch 13,   400/  454; acc:  81.35; ppl:   2.24; 6598 src tok/s; 6763 tgt tok/s;     52 s elapsed
Epoch 13,   450/  454; acc:  81.89; ppl:   2.19; 6273 src tok/s; 6502 tgt tok/s;     59 s elapsed
Train perplexity: 2.1382
Train accuracy: 82.2161
Validation perplexity: 6.28043
Validation accuracy: 69.6679
Decaying learning rate to 0.0078125

Epoch 14,    50/  454; acc:  82.18; ppl:   2.15; 6239 src tok/s; 6500 tgt tok/s;      7 s elapsed
Epoch 14,   100/  454; acc:  82.79; ppl:   2.10; 6382 src tok/s; 6605 tgt tok/s;     13 s elapsed
Epoch 14,   150/  454; acc:  81.71; ppl:   2.21; 6278 src tok/s; 6494 tgt tok/s;     20 s elapsed
Epoch 14,   200/  454; acc:  82.94; ppl:   2.05; 6256 src tok/s; 6521 tgt tok/s;     27 s elapsed
Epoch 14,   250/  454; acc:  82.52; ppl:   2.08; 6331 src tok/s; 6563 tgt tok/s;     33 s elapsed
Epoch 14,   300/  454; acc:  82.00; ppl:   2.14; 6363 src tok/s; 6601 tgt tok/s;     40 s elapsed
Epoch 14,   350/  454; acc:  81.44; ppl:   2.22; 6419 src tok/s; 6616 tgt tok/s;     47 s elapsed
Epoch 14,   400/  454; acc:  83.50; ppl:   2.02; 6310 src tok/s; 6602 tgt tok/s;     53 s elapsed
Epoch 14,   450/  454; acc:  82.42; ppl:   2.14; 6357 src tok/s; 6593 tgt tok/s;     60 s elapsed
Train perplexity: 2.12062
Train accuracy: 82.406
Validation perplexity: 6.2919
Validation accuracy: 69.6821
Decaying learning rate to 0.00390625

Epoch 15,    50/  454; acc:  82.01; ppl:   2.15; 6358 src tok/s; 6561 tgt tok/s;      7 s elapsed
Epoch 15,   100/  454; acc:  82.90; ppl:   2.06; 6241 src tok/s; 6529 tgt tok/s;     13 s elapsed
Epoch 15,   150/  454; acc:  83.07; ppl:   2.01; 6376 src tok/s; 6622 tgt tok/s;     20 s elapsed
Epoch 15,   200/  454; acc:  81.80; ppl:   2.20; 6308 src tok/s; 6528 tgt tok/s;     27 s elapsed
Epoch 15,   250/  454; acc:  81.98; ppl:   2.14; 6315 src tok/s; 6556 tgt tok/s;     33 s elapsed
Epoch 15,   300/  454; acc:  82.45; ppl:   2.10; 6417 src tok/s; 6640 tgt tok/s;     40 s elapsed
Epoch 15,   350/  454; acc:  82.13; ppl:   2.14; 6319 src tok/s; 6540 tgt tok/s;     47 s elapsed
Epoch 15,   400/  454; acc:  82.58; ppl:   2.09; 6304 src tok/s; 6565 tgt tok/s;     53 s elapsed
Epoch 15,   450/  454; acc:  82.29; ppl:   2.15; 6149 src tok/s; 6403 tgt tok/s;     60 s elapsed
Train perplexity: 2.11452
Train accuracy: 82.3481
Validation perplexity: 6.29952
Validation accuracy: 69.6963
Decaying learning rate to 0.00195312

Epoch 16,    50/  454; acc:  81.81; ppl:   2.16; 6369 src tok/s; 6593 tgt tok/s;      7 s elapsed
Epoch 16,   100/  454; acc:  83.08; ppl:   2.06; 6212 src tok/s; 6480 tgt tok/s;     13 s elapsed
Epoch 16,   150/  454; acc:  83.11; ppl:   2.03; 6234 src tok/s; 6507 tgt tok/s;     20 s elapsed
Epoch 16,   200/  454; acc:  81.75; ppl:   2.23; 6342 src tok/s; 6549 tgt tok/s;     27 s elapsed
Epoch 16,   250/  454; acc:  82.47; ppl:   2.12; 6320 src tok/s; 6572 tgt tok/s;     33 s elapsed
Epoch 16,   300/  454; acc:  82.76; ppl:   2.10; 6388 src tok/s; 6628 tgt tok/s;     40 s elapsed
Epoch 16,   350/  454; acc:  81.61; ppl:   2.20; 6508 src tok/s; 6747 tgt tok/s;     46 s elapsed
Epoch 16,   400/  454; acc:  83.29; ppl:   2.04; 6606 src tok/s; 6855 tgt tok/s;     53 s elapsed
Epoch 16,   450/  454; acc:  82.61; ppl:   2.08; 6555 src tok/s; 6794 tgt tok/s;     59 s elapsed
Train perplexity: 2.11295
Train accuracy: 82.4832
Validation perplexity: 6.30246
Validation accuracy: 69.6538
Decaying learning rate to 0.000976562

Epoch 17,    50/  454; acc:  82.69; ppl:   2.10; 6122 src tok/s; 6351 tgt tok/s;      7 s elapsed
Epoch 17,   100/  454; acc:  82.27; ppl:   2.14; 6438 src tok/s; 6685 tgt tok/s;     13 s elapsed
Epoch 17,   150/  454; acc:  84.00; ppl:   1.93; 6279 src tok/s; 6602 tgt tok/s;     19 s elapsed
Epoch 17,   200/  454; acc:  80.86; ppl:   2.28; 6599 src tok/s; 6727 tgt tok/s;     26 s elapsed
Epoch 17,   250/  454; acc:  82.42; ppl:   2.11; 6277 src tok/s; 6473 tgt tok/s;     33 s elapsed
Epoch 17,   300/  454; acc:  82.53; ppl:   2.11; 6361 src tok/s; 6623 tgt tok/s;     40 s elapsed
Epoch 17,   350/  454; acc:  82.30; ppl:   2.12; 6365 src tok/s; 6618 tgt tok/s;     46 s elapsed
Epoch 17,   400/  454; acc:  82.71; ppl:   2.05; 6383 src tok/s; 6673 tgt tok/s;     53 s elapsed
Epoch 17,   450/  454; acc:  82.08; ppl:   2.14; 6509 src tok/s; 6765 tgt tok/s;     59 s elapsed
Train perplexity: 2.11018
Train accuracy: 82.3998
Validation perplexity: 6.30444
Validation accuracy: 69.6467
Decaying learning rate to 0.000488281
