<module 'opts' from '/u/suhubdyd/research/projects/jumble_lstm/code/auxiliary-nmt/opts.pyc'>
Namespace(batch_size=64, brnn=False, brnn_merge='concat', cnn_kernel_width=3, context_gate=None, copy_attn=False, copy_attn_force=False, coverage_attn=False, data='/data/lisatmp3/suhubdyd/multi30k.atok.low', dec_layers=1, decay_method='', decoder_type='rnn', dropout=0.3, enc_layers=2, encoder_type='rnn', epochs=40, exp='', exp_host='', feat_merge='concat', feat_vec_exponent=0.7, feat_vec_size=-1, fix_word_vecs_dec=False, fix_word_vecs_enc=False, global_attention='general', gpuid=[0], input_feed=1, kappa_dec=0.0, kappa_enc=0.14, lambda_coverage=1, layers=-1, learning_rate=1.0, learning_rate_decay=0.5, max_generator_batches=32, max_grad_norm=5, model_type='text', optim='sgd', param_init=0.1, position_encoding=False, pre_word_vecs_dec=None, pre_word_vecs_enc=None, report_every=50, rnn_size=500, rnn_type='LSTM', save_model='/data/lisatmp3/suhubdyd/models/encoder0.14_decoder0_dropout0.3', seed=-1, share_decoder_embeddings=False, share_embeddings=False, src_word_vec_size=500, start_checkpoint_at=0, start_decay_at=8, start_epoch=1, tgt_word_vec_size=500, train_from='', truncated_decoder=0, warmup_steps=4000, word_vec_size=-1)
('Using Kappa L2 loss on encoder', 0.14)
Loading train and validate data from '/data/lisatmp3/suhubdyd/multi30k.atok.low'
 * number of training sentences: 29000
 * maximum batch size: 64
 * vocabulary size. source = 10841; target = 18563
Building model...
Intializing model parameters.
NMTModel (
  (encoder): RNNEncoder (
    (embeddings): Embeddings (
      (make_embedding): Sequential (
        (emb_luts): Elementwise (
          (0): Embedding(10841, 500, padding_idx=1)
        )
      )
    )
    (dropout): Dropout (p = 0.3)
    (rnn): LSTM(500, 500, dropout=0.3)
  )
  (decoder): InputFeedRNNDecoder (
    (embeddings): Embeddings (
      (make_embedding): Sequential (
        (emb_luts): Elementwise (
          (0): Embedding(18563, 500, padding_idx=1)
        )
      )
    )
    (dropout): Dropout (p = 0.3)
    (rnn): StackedLSTM (
      (dropout): Dropout (p = 0.3)
      (layers): ModuleList (
        (0): LSTMCell(1000, 500)
      )
    )
    (attn): GlobalAttention (
      (linear_in): Linear (500 -> 500)
      (linear_out): Linear (1000 -> 500)
      (sm): Softmax ()
      (tanh): Tanh ()
    )
  )
  (generator): Sequential (
    (0): Linear (500 -> 18563)
    (1): LogSoftmax ()
  )
)
* number of parameters: 29760063
('encoder: ', 7424500)
('decoder: ', 22335563)

Epoch  1,    50/  454; acc:   7.93; ppl: 43127.99; 3256 src tok/s; 3389 tgt tok/s;     12 s elapsed
Epoch  1,   100/  454; acc:  13.60; ppl: 2455.41; 3390 src tok/s; 3512 tgt tok/s;     25 s elapsed
Epoch  1,   150/  454; acc:  17.42; ppl: 911.71; 3429 src tok/s; 3572 tgt tok/s;     37 s elapsed
Epoch  1,   200/  454; acc:  21.05; ppl: 300.87; 3360 src tok/s; 3491 tgt tok/s;     50 s elapsed
Epoch  1,   250/  454; acc:  25.86; ppl: 167.56; 3203 src tok/s; 3335 tgt tok/s;     63 s elapsed
Epoch  1,   300/  454; acc:  26.73; ppl: 130.48; 3278 src tok/s; 3394 tgt tok/s;     76 s elapsed
Epoch  1,   350/  454; acc:  30.59; ppl:  92.08; 3293 src tok/s; 3398 tgt tok/s;     88 s elapsed
Epoch  1,   400/  454; acc:  32.56; ppl:  74.57; 3218 src tok/s; 3314 tgt tok/s;    102 s elapsed
Epoch  1,   450/  454; acc:  34.00; ppl:  63.68; 3213 src tok/s; 3358 tgt tok/s;    114 s elapsed
Train perplexity: 391.115
Train accuracy: 23.41
Validation perplexity: 57.2704
Validation accuracy: 36.4978

Epoch  2,    50/  454; acc:  35.22; ppl:  55.09; 3290 src tok/s; 3409 tgt tok/s;     13 s elapsed
Epoch  2,   100/  454; acc:  39.22; ppl:  40.73; 3147 src tok/s; 3294 tgt tok/s;     26 s elapsed
Epoch  2,   150/  454; acc:  38.00; ppl:  44.84; 3261 src tok/s; 3362 tgt tok/s;     40 s elapsed
Epoch  2,   200/  454; acc:  42.58; ppl:  34.41; 3200 src tok/s; 3332 tgt tok/s;     52 s elapsed
Epoch  2,   250/  454; acc:  44.68; ppl:  29.23; 3153 src tok/s; 3297 tgt tok/s;     65 s elapsed
Epoch  2,   300/  454; acc:  45.35; ppl:  27.36; 3242 src tok/s; 3352 tgt tok/s;     78 s elapsed
Epoch  2,   350/  454; acc:  48.83; ppl:  22.02; 3148 src tok/s; 3289 tgt tok/s;     91 s elapsed
Epoch  2,   400/  454; acc:  48.82; ppl:  21.81; 3219 src tok/s; 3308 tgt tok/s;    105 s elapsed
Epoch  2,   450/  454; acc:  51.39; ppl:  18.75; 3181 src tok/s; 3295 tgt tok/s;    118 s elapsed
Train perplexity: 30.7118
Train accuracy: 43.826
Validation perplexity: 16.5743
Validation accuracy: 52.3272

Epoch  3,    50/  454; acc:  54.28; ppl:  14.09; 3261 src tok/s; 3383 tgt tok/s;     13 s elapsed
Epoch  3,   100/  454; acc:  54.00; ppl:  14.72; 3138 src tok/s; 3259 tgt tok/s;     26 s elapsed
Epoch  3,   150/  454; acc:  55.76; ppl:  13.52; 3170 src tok/s; 3292 tgt tok/s;     40 s elapsed
Epoch  3,   200/  454; acc:  56.41; ppl:  12.55; 3216 src tok/s; 3353 tgt tok/s;     53 s elapsed
Epoch  3,   250/  454; acc:  57.36; ppl:  11.89; 3282 src tok/s; 3392 tgt tok/s;     65 s elapsed
Epoch  3,   300/  454; acc:  57.59; ppl:  11.51; 3185 src tok/s; 3323 tgt tok/s;     78 s elapsed
Epoch  3,   350/  454; acc:  58.49; ppl:  10.91; 3236 src tok/s; 3361 tgt tok/s;     91 s elapsed
Epoch  3,   400/  454; acc:  58.89; ppl:  10.63; 3218 src tok/s; 3331 tgt tok/s;    104 s elapsed
Epoch  3,   450/  454; acc:  59.54; ppl:  10.15; 3213 src tok/s; 3314 tgt tok/s;    117 s elapsed
Train perplexity: 12.112
Train accuracy: 56.9391
Validation perplexity: 10.1435
Validation accuracy: 60.5932

Epoch  4,    50/  454; acc:  61.53; ppl:   8.41; 3218 src tok/s; 3340 tgt tok/s;     13 s elapsed
Epoch  4,   100/  454; acc:  62.60; ppl:   7.76; 3162 src tok/s; 3296 tgt tok/s;     26 s elapsed
Epoch  4,   150/  454; acc:  62.34; ppl:   7.93; 3206 src tok/s; 3321 tgt tok/s;     39 s elapsed
Epoch  4,   200/  454; acc:  62.26; ppl:   7.84; 3278 src tok/s; 3402 tgt tok/s;     52 s elapsed
Epoch  4,   250/  454; acc:  62.25; ppl:   8.00; 3220 src tok/s; 3317 tgt tok/s;     66 s elapsed
Epoch  4,   300/  454; acc:  63.43; ppl:   7.35; 3198 src tok/s; 3321 tgt tok/s;     78 s elapsed
Epoch  4,   350/  454; acc:  63.52; ppl:   7.41; 3136 src tok/s; 3277 tgt tok/s;     91 s elapsed
Epoch  4,   400/  454; acc:  62.49; ppl:   7.78; 3217 src tok/s; 3338 tgt tok/s;    105 s elapsed
Epoch  4,   450/  454; acc:  63.43; ppl:   7.34; 3194 src tok/s; 3310 tgt tok/s;    118 s elapsed
Train perplexity: 7.75187
Train accuracy: 62.6472
Validation perplexity: 8.12759
Validation accuracy: 63.19

Epoch  5,    50/  454; acc:  65.77; ppl:   6.10; 3242 src tok/s; 3371 tgt tok/s;     13 s elapsed
Epoch  5,   100/  454; acc:  66.74; ppl:   5.66; 3182 src tok/s; 3313 tgt tok/s;     26 s elapsed
Epoch  5,   150/  454; acc:  65.82; ppl:   5.86; 3235 src tok/s; 3342 tgt tok/s;     39 s elapsed
Epoch  5,   200/  454; acc:  66.53; ppl:   5.54; 3204 src tok/s; 3335 tgt tok/s;     52 s elapsed
Epoch  5,   250/  454; acc:  67.06; ppl:   5.42; 3218 src tok/s; 3371 tgt tok/s;     64 s elapsed
Epoch  5,   300/  454; acc:  64.70; ppl:   6.32; 3240 src tok/s; 3328 tgt tok/s;     78 s elapsed
Epoch  5,   350/  454; acc:  65.79; ppl:   6.00; 3196 src tok/s; 3311 tgt tok/s;     92 s elapsed
Epoch  5,   400/  454; acc:  67.48; ppl:   5.45; 3255 src tok/s; 3378 tgt tok/s;    104 s elapsed
Epoch  5,   450/  454; acc:  66.63; ppl:   5.64; 3177 src tok/s; 3296 tgt tok/s;    117 s elapsed
Train perplexity: 5.77313
Train accuracy: 66.271
Validation perplexity: 7.2026
Validation accuracy: 65.496

Epoch  6,    50/  454; acc:  70.23; ppl:   4.33; 3265 src tok/s; 3400 tgt tok/s;     12 s elapsed
Epoch  6,   100/  454; acc:  69.03; ppl:   4.56; 3278 src tok/s; 3373 tgt tok/s;     25 s elapsed
Epoch  6,   150/  454; acc:  68.89; ppl:   4.59; 3170 src tok/s; 3296 tgt tok/s;     39 s elapsed
Epoch  6,   200/  454; acc:  68.67; ppl:   4.70; 3226 src tok/s; 3344 tgt tok/s;     52 s elapsed
Epoch  6,   250/  454; acc:  68.66; ppl:   4.73; 3219 src tok/s; 3319 tgt tok/s;     65 s elapsed
Epoch  6,   300/  454; acc:  69.24; ppl:   4.61; 3130 src tok/s; 3269 tgt tok/s;     78 s elapsed
Epoch  6,   350/  454; acc:  68.20; ppl:   4.82; 3239 src tok/s; 3358 tgt tok/s;     92 s elapsed
Epoch  6,   400/  454; acc:  69.28; ppl:   4.54; 3176 src tok/s; 3324 tgt tok/s;    104 s elapsed
Epoch  6,   450/  454; acc:  68.17; ppl:   4.83; 3205 src tok/s; 3317 tgt tok/s;    117 s elapsed
Train perplexity: 4.63423
Train accuracy: 68.9289
Validation perplexity: 6.888
Validation accuracy: 65.2192

Epoch  7,    50/  454; acc:  71.87; ppl:   3.72; 3219 src tok/s; 3355 tgt tok/s;     13 s elapsed
Epoch  7,   100/  454; acc:  71.71; ppl:   3.71; 3247 src tok/s; 3379 tgt tok/s;     26 s elapsed
Epoch  7,   150/  454; acc:  70.64; ppl:   3.89; 3196 src tok/s; 3306 tgt tok/s;     39 s elapsed
Epoch  7,   200/  454; acc:  72.18; ppl:   3.63; 3268 src tok/s; 3404 tgt tok/s;     52 s elapsed
Epoch  7,   250/  454; acc:  70.61; ppl:   3.99; 3171 src tok/s; 3298 tgt tok/s;     65 s elapsed
Epoch  7,   300/  454; acc:  70.91; ppl:   3.84; 3192 src tok/s; 3307 tgt tok/s;     78 s elapsed
Epoch  7,   350/  454; acc:  70.49; ppl:   4.03; 3198 src tok/s; 3309 tgt tok/s;     91 s elapsed
Epoch  7,   400/  454; acc:  70.96; ppl:   3.90; 3264 src tok/s; 3384 tgt tok/s;    104 s elapsed
Epoch  7,   450/  454; acc:  69.86; ppl:   4.10; 3257 src tok/s; 3372 tgt tok/s;    117 s elapsed
Train perplexity: 3.87266
Train accuracy: 70.9865
Validation perplexity: 6.87471
Validation accuracy: 65.8862

Epoch  8,    50/  454; acc:  75.08; ppl:   3.03; 3219 src tok/s; 3337 tgt tok/s;     13 s elapsed
Epoch  8,   100/  454; acc:  73.47; ppl:   3.28; 3202 src tok/s; 3321 tgt tok/s;     26 s elapsed
Epoch  8,   150/  454; acc:  74.65; ppl:   3.03; 3131 src tok/s; 3268 tgt tok/s;     39 s elapsed
Epoch  8,   200/  454; acc:  71.54; ppl:   3.59; 3231 src tok/s; 3342 tgt tok/s;     52 s elapsed
Epoch  8,   250/  454; acc:  74.02; ppl:   3.18; 3218 src tok/s; 3363 tgt tok/s;     65 s elapsed
Epoch  8,   300/  454; acc:  72.28; ppl:   3.48; 3226 src tok/s; 3340 tgt tok/s;     79 s elapsed
Epoch  8,   350/  454; acc:  72.88; ppl:   3.39; 3168 src tok/s; 3289 tgt tok/s;     91 s elapsed
Epoch  8,   400/  454; acc:  72.36; ppl:   3.47; 3232 src tok/s; 3345 tgt tok/s;    105 s elapsed
Epoch  8,   450/  454; acc:  72.61; ppl:   3.41; 3193 src tok/s; 3312 tgt tok/s;    118 s elapsed
Train perplexity: 3.3289
Train accuracy: 73.1246
Validation perplexity: 6.63444
Validation accuracy: 67.0711
Decaying learning rate to 0.5

Epoch  9,    50/  454; acc:  77.63; ppl:   2.63; 3305 src tok/s; 3418 tgt tok/s;     13 s elapsed
Epoch  9,   100/  454; acc:  79.58; ppl:   2.36; 3215 src tok/s; 3359 tgt tok/s;     26 s elapsed
Epoch  9,   150/  454; acc:  79.10; ppl:   2.44; 3240 src tok/s; 3348 tgt tok/s;     39 s elapsed
Epoch  9,   200/  454; acc:  79.02; ppl:   2.45; 3201 src tok/s; 3325 tgt tok/s;     52 s elapsed
Epoch  9,   250/  454; acc:  78.56; ppl:   2.45; 3242 src tok/s; 3359 tgt tok/s;     65 s elapsed
Epoch  9,   300/  454; acc:  78.80; ppl:   2.45; 3197 src tok/s; 3326 tgt tok/s;     78 s elapsed
Epoch  9,   350/  454; acc:  78.95; ppl:   2.42; 3158 src tok/s; 3304 tgt tok/s;     91 s elapsed
Epoch  9,   400/  454; acc:  78.19; ppl:   2.56; 3269 src tok/s; 3372 tgt tok/s;    104 s elapsed
Epoch  9,   450/  454; acc:  77.77; ppl:   2.55; 3180 src tok/s; 3299 tgt tok/s;    117 s elapsed
Train perplexity: 2.47913
Train accuracy: 78.6103
Validation perplexity: 6.40044
Validation accuracy: 68.6817
Decaying learning rate to 0.25

Epoch 10,    50/  454; acc:  82.36; ppl:   2.08; 3149 src tok/s; 3263 tgt tok/s;     13 s elapsed
Epoch 10,   100/  454; acc:  82.93; ppl:   2.03; 3246 src tok/s; 3349 tgt tok/s;     26 s elapsed
Epoch 10,   150/  454; acc:  82.20; ppl:   2.09; 3227 src tok/s; 3341 tgt tok/s;     40 s elapsed
Epoch 10,   200/  454; acc:  83.30; ppl:   1.97; 3198 src tok/s; 3330 tgt tok/s;     53 s elapsed
Epoch 10,   250/  454; acc:  82.25; ppl:   2.08; 3186 src tok/s; 3315 tgt tok/s;     66 s elapsed
Epoch 10,   300/  454; acc:  83.15; ppl:   1.99; 3216 src tok/s; 3350 tgt tok/s;     79 s elapsed
Epoch 10,   350/  454; acc:  82.99; ppl:   2.00; 3181 src tok/s; 3307 tgt tok/s;     92 s elapsed
Epoch 10,   400/  454; acc:  82.74; ppl:   2.03; 3158 src tok/s; 3272 tgt tok/s;    105 s elapsed
Epoch 10,   450/  454; acc:  82.92; ppl:   2.02; 3214 src tok/s; 3342 tgt tok/s;    118 s elapsed
Train perplexity: 2.03648
Train accuracy: 82.7014
Validation perplexity: 6.46028
Validation accuracy: 68.6037
Decaying learning rate to 0.125

Epoch 11,    50/  454; acc:  84.47; ppl:   1.89; 3243 src tok/s; 3353 tgt tok/s;     13 s elapsed
Epoch 11,   100/  454; acc:  86.02; ppl:   1.77; 3291 src tok/s; 3426 tgt tok/s;     26 s elapsed
Epoch 11,   150/  454; acc:  86.14; ppl:   1.76; 3199 src tok/s; 3322 tgt tok/s;     38 s elapsed
Epoch 11,   200/  454; acc:  84.38; ppl:   1.92; 3224 src tok/s; 3341 tgt tok/s;     52 s elapsed
Epoch 11,   250/  454; acc:  85.35; ppl:   1.80; 3193 src tok/s; 3321 tgt tok/s;     65 s elapsed
Epoch 11,   300/  454; acc:  84.12; ppl:   1.92; 3252 src tok/s; 3372 tgt tok/s;     78 s elapsed
Epoch 11,   350/  454; acc:  85.47; ppl:   1.81; 3209 src tok/s; 3336 tgt tok/s;     91 s elapsed
Epoch 11,   400/  454; acc:  84.80; ppl:   1.84; 3260 src tok/s; 3373 tgt tok/s;    104 s elapsed
Epoch 11,   450/  454; acc:  84.62; ppl:   1.87; 3168 src tok/s; 3288 tgt tok/s;    117 s elapsed
Train perplexity: 1.83967
Train accuracy: 85.0567
Validation perplexity: 6.59847
Validation accuracy: 68.7952
Decaying learning rate to 0.0625

Epoch 12,    50/  454; acc:  86.09; ppl:   1.75; 3315 src tok/s; 3420 tgt tok/s;     13 s elapsed
Epoch 12,   100/  454; acc:  87.04; ppl:   1.70; 3176 src tok/s; 3300 tgt tok/s;     26 s elapsed
Epoch 12,   150/  454; acc:  85.32; ppl:   1.83; 3287 src tok/s; 3392 tgt tok/s;     39 s elapsed
Epoch 12,   200/  454; acc:  86.98; ppl:   1.70; 3150 src tok/s; 3292 tgt tok/s;     52 s elapsed
Epoch 12,   250/  454; acc:  87.64; ppl:   1.64; 3169 src tok/s; 3313 tgt tok/s;     64 s elapsed
Epoch 12,   300/  454; acc:  85.13; ppl:   1.84; 3265 src tok/s; 3362 tgt tok/s;     78 s elapsed
Epoch 12,   350/  454; acc:  86.42; ppl:   1.73; 3272 src tok/s; 3397 tgt tok/s;     91 s elapsed
Epoch 12,   400/  454; acc:  85.65; ppl:   1.79; 3206 src tok/s; 3335 tgt tok/s;    104 s elapsed
Epoch 12,   450/  454; acc:  85.98; ppl:   1.77; 3184 src tok/s; 3315 tgt tok/s;    117 s elapsed
Train perplexity: 1.74955
Train accuracy: 86.2296
Validation perplexity: 6.69404
Validation accuracy: 68.6462
Decaying learning rate to 0.03125

Epoch 13,    50/  454; acc:  87.26; ppl:   1.68; 3228 src tok/s; 3348 tgt tok/s;     13 s elapsed
Epoch 13,   100/  454; acc:  87.30; ppl:   1.69; 3174 src tok/s; 3304 tgt tok/s;     26 s elapsed
Epoch 13,   150/  454; acc:  86.92; ppl:   1.71; 3218 src tok/s; 3326 tgt tok/s;     39 s elapsed
Epoch 13,   200/  454; acc:  86.77; ppl:   1.72; 3197 src tok/s; 3331 tgt tok/s;     52 s elapsed
Epoch 13,   250/  454; acc:  87.64; ppl:   1.63; 3135 src tok/s; 3290 tgt tok/s;     65 s elapsed
Epoch 13,   300/  454; acc:  85.72; ppl:   1.80; 3240 src tok/s; 3328 tgt tok/s;     79 s elapsed
Epoch 13,   350/  454; acc:  86.63; ppl:   1.73; 3099 src tok/s; 3216 tgt tok/s;     92 s elapsed
Epoch 13,   400/  454; acc:  86.80; ppl:   1.70; 3209 src tok/s; 3332 tgt tok/s;    105 s elapsed
Epoch 13,   450/  454; acc:  86.97; ppl:   1.70; 3169 src tok/s; 3286 tgt tok/s;    118 s elapsed
Train perplexity: 1.7088
Train accuracy: 86.8574
Validation perplexity: 6.73538
Validation accuracy: 68.8449
Decaying learning rate to 0.015625

Epoch 14,    50/  454; acc:  87.79; ppl:   1.63; 3192 src tok/s; 3328 tgt tok/s;     13 s elapsed
Epoch 14,   100/  454; acc:  86.24; ppl:   1.75; 3200 src tok/s; 3302 tgt tok/s;     26 s elapsed
Epoch 14,   150/  454; acc:  86.07; ppl:   1.78; 3234 src tok/s; 3333 tgt tok/s;     40 s elapsed
Epoch 14,   200/  454; acc:  88.50; ppl:   1.59; 3205 src tok/s; 3341 tgt tok/s;     52 s elapsed
Epoch 14,   250/  454; acc:  88.13; ppl:   1.61; 3245 src tok/s; 3382 tgt tok/s;     65 s elapsed
Epoch 14,   300/  454; acc:  86.53; ppl:   1.75; 3235 src tok/s; 3343 tgt tok/s;     78 s elapsed
Epoch 14,   350/  454; acc:  87.66; ppl:   1.64; 3218 src tok/s; 3361 tgt tok/s;     91 s elapsed
Epoch 14,   400/  454; acc:  86.54; ppl:   1.72; 3224 src tok/s; 3342 tgt tok/s;    104 s elapsed
Epoch 14,   450/  454; acc:  86.72; ppl:   1.71; 3176 src tok/s; 3285 tgt tok/s;    117 s elapsed
Train perplexity: 1.6867
Train accuracy: 87.1325
Validation perplexity: 6.7664
Validation accuracy: 68.852
Decaying learning rate to 0.0078125

Epoch 15,    50/  454; acc:  87.14; ppl:   1.68; 3216 src tok/s; 3356 tgt tok/s;     13 s elapsed
Epoch 15,   100/  454; acc:  87.47; ppl:   1.66; 3297 src tok/s; 3400 tgt tok/s;     26 s elapsed
Epoch 15,   150/  454; acc:  87.32; ppl:   1.68; 3177 src tok/s; 3314 tgt tok/s;     39 s elapsed
Epoch 15,   200/  454; acc:  87.13; ppl:   1.69; 3177 src tok/s; 3285 tgt tok/s;     52 s elapsed
Epoch 15,   250/  454; acc:  87.02; ppl:   1.72; 3214 src tok/s; 3317 tgt tok/s;     66 s elapsed
Epoch 15,   300/  454; acc:  87.94; ppl:   1.63; 3229 src tok/s; 3369 tgt tok/s;     78 s elapsed
Epoch 15,   350/  454; acc:  86.89; ppl:   1.71; 3182 src tok/s; 3314 tgt tok/s;     91 s elapsed
Epoch 15,   400/  454; acc:  87.41; ppl:   1.65; 3197 src tok/s; 3321 tgt tok/s;    105 s elapsed
Epoch 15,   450/  454; acc:  87.30; ppl:   1.68; 3223 src tok/s; 3328 tgt tok/s;    117 s elapsed
Train perplexity: 1.67609
Train accuracy: 87.3085
Validation perplexity: 6.77288
Validation accuracy: 68.8662
Decaying learning rate to 0.00390625

Epoch 16,    50/  454; acc:  87.84; ppl:   1.65; 3242 src tok/s; 3370 tgt tok/s;     13 s elapsed
Epoch 16,   100/  454; acc:  87.16; ppl:   1.67; 3239 src tok/s; 3369 tgt tok/s;     26 s elapsed
Epoch 16,   150/  454; acc:  86.65; ppl:   1.73; 3262 src tok/s; 3380 tgt tok/s;     39 s elapsed
Epoch 16,   200/  454; acc:  88.32; ppl:   1.61; 3171 src tok/s; 3307 tgt tok/s;     52 s elapsed
Epoch 16,   250/  454; acc:  86.83; ppl:   1.73; 3232 src tok/s; 3317 tgt tok/s;     65 s elapsed
Epoch 16,   300/  454; acc:  87.87; ppl:   1.63; 3225 src tok/s; 3353 tgt tok/s;     78 s elapsed
Epoch 16,   350/  454; acc:  86.76; ppl:   1.70; 3186 src tok/s; 3309 tgt tok/s;     91 s elapsed
Epoch 16,   400/  454; acc:  87.76; ppl:   1.63; 3181 src tok/s; 3312 tgt tok/s;    104 s elapsed
Epoch 16,   450/  454; acc:  87.69; ppl:   1.64; 3212 src tok/s; 3337 tgt tok/s;    117 s elapsed
Train perplexity: 1.67084
Train accuracy: 87.3615
Validation perplexity: 6.78065
Validation accuracy: 68.8378
Decaying learning rate to 0.00195312

Epoch 17,    50/  454; acc:  87.23; ppl:   1.67; 3256 src tok/s; 3374 tgt tok/s;     13 s elapsed
Epoch 17,   100/  454; acc:  87.84; ppl:   1.64; 3222 src tok/s; 3352 tgt tok/s;     26 s elapsed
Epoch 17,   150/  454; acc:  87.16; ppl:   1.69; 3302 src tok/s; 3399 tgt tok/s;     39 s elapsed
Epoch 17,   200/  454; acc:  87.64; ppl:   1.64; 3171 src tok/s; 3311 tgt tok/s;     52 s elapsed
Epoch 17,   250/  454; acc:  86.47; ppl:   1.74; 3223 src tok/s; 3335 tgt tok/s;     66 s elapsed
Epoch 17,   300/  454; acc:  88.28; ppl:   1.60; 3168 src tok/s; 3320 tgt tok/s;     78 s elapsed
Epoch 17,   350/  454; acc:  87.76; ppl:   1.63; 3196 src tok/s; 3312 tgt tok/s;     91 s elapsed
Epoch 17,   400/  454; acc:  86.64; ppl:   1.73; 3183 src tok/s; 3291 tgt tok/s;    104 s elapsed
Epoch 17,   450/  454; acc:  87.82; ppl:   1.65; 3162 src tok/s; 3293 tgt tok/s;    117 s elapsed
Train perplexity: 1.66852
Train accuracy: 87.3761
Validation perplexity: 6.78554
Validation accuracy: 68.8378
Decaying learning rate to 0.000976562

Epoch 18,    50/  454; acc:  86.94; ppl:   1.72; 3185 src tok/s; 3305 tgt tok/s;     13 s elapsed
Epoch 18,   100/  454; acc:  87.87; ppl:   1.62; 3242 src tok/s; 3369 tgt tok/s;     26 s elapsed
Epoch 18,   150/  454; acc:  88.45; ppl:   1.60; 3215 src tok/s; 3332 tgt tok/s;     39 s elapsed
Epoch 18,   200/  454; acc:  86.47; ppl:   1.72; 3239 src tok/s; 3355 tgt tok/s;     52 s elapsed
Epoch 18,   250/  454; acc:  87.90; ppl:   1.62; 3216 src tok/s; 3341 tgt tok/s;     65 s elapsed
Epoch 18,   300/  454; acc:  86.70; ppl:   1.73; 3235 src tok/s; 3341 tgt tok/s;     78 s elapsed
Epoch 18,   350/  454; acc:  86.85; ppl:   1.73; 3238 src tok/s; 3333 tgt tok/s;     92 s elapsed
Epoch 18,   400/  454; acc:  88.24; ppl:   1.62; 3159 src tok/s; 3305 tgt tok/s;    104 s elapsed
Epoch 18,   450/  454; acc:  87.24; ppl:   1.68; 3186 src tok/s; 3323 tgt tok/s;    117 s elapsed
Train perplexity: 1.66931
Train accuracy: 87.4072
Validation perplexity: 6.7871
Validation accuracy: 68.8378
Decaying learning rate to 0.000488281

Epoch 19,    50/  454; acc:  86.64; ppl:   1.73; 3203 src tok/s; 3317 tgt tok/s;     14 s elapsed
Epoch 19,   100/  454; acc:  88.12; ppl:   1.63; 3213 src tok/s; 3346 tgt tok/s;     26 s elapsed
Epoch 19,   150/  454; acc:  87.13; ppl:   1.71; 3222 src tok/s; 3340 tgt tok/s;     40 s elapsed
Epoch 19,   200/  454; acc:  87.95; ppl:   1.62; 3142 src tok/s; 3291 tgt tok/s;     53 s elapsed
Epoch 19,   250/  454; acc:  87.38; ppl:   1.68; 3240 src tok/s; 3353 tgt tok/s;     66 s elapsed
Epoch 19,   300/  454; acc:  88.08; ppl:   1.62; 3192 src tok/s; 3314 tgt tok/s;     79 s elapsed
Epoch 19,   350/  454; acc:  88.28; ppl:   1.60; 3173 src tok/s; 3304 tgt tok/s;     91 s elapsed
Epoch 19,   400/  454; acc:  86.75; ppl:   1.74; 3224 src tok/s; 3323 tgt tok/s;    105 s elapsed
Epoch 19,   450/  454; acc:  87.34; ppl:   1.68; 3203 src tok/s; 3314 tgt tok/s;    118 s elapsed
Train perplexity: 1.66776
Train accuracy: 87.5049
Validation perplexity: 6.78781
Validation accuracy: 68.8378
Decaying learning rate to 0.000244141

Epoch 20,    50/  454; acc:  87.20; ppl:   1.69; 3263 src tok/s; 3388 tgt tok/s;     13 s elapsed
Epoch 20,   100/  454; acc:  87.78; ppl:   1.63; 3199 src tok/s; 3307 tgt tok/s;     26 s elapsed
Epoch 20,   150/  454; acc:  86.92; ppl:   1.72; 3198 src tok/s; 3297 tgt tok/s;     40 s elapsed
Epoch 20,   200/  454; acc:  87.95; ppl:   1.63; 3140 src tok/s; 3274 tgt tok/s;     52 s elapsed
Epoch 20,   250/  454; acc:  87.63; ppl:   1.63; 3251 src tok/s; 3391 tgt tok/s;     65 s elapsed
Epoch 20,   300/  454; acc:  87.42; ppl:   1.67; 3242 src tok/s; 3376 tgt tok/s;     78 s elapsed
Epoch 20,   350/  454; acc:  88.42; ppl:   1.60; 3196 src tok/s; 3315 tgt tok/s;     91 s elapsed
Epoch 20,   400/  454; acc:  86.82; ppl:   1.72; 3182 src tok/s; 3304 tgt tok/s;    105 s elapsed
Epoch 20,   450/  454; acc:  87.19; ppl:   1.70; 3190 src tok/s; 3297 tgt tok/s;    118 s elapsed
Train perplexity: 1.6665
Train accuracy: 87.4881
Validation perplexity: 6.78835
Validation accuracy: 68.8307
Decaying learning rate to 0.00012207

Epoch 21,    50/  454; acc:  87.95; ppl:   1.63; 3271 src tok/s; 3400 tgt tok/s;     13 s elapsed
Epoch 21,   100/  454; acc:  87.05; ppl:   1.69; 3246 src tok/s; 3361 tgt tok/s;     26 s elapsed
Epoch 21,   150/  454; acc:  87.34; ppl:   1.67; 3191 src tok/s; 3316 tgt tok/s;     39 s elapsed
Epoch 21,   200/  454; acc:  87.75; ppl:   1.65; 3205 src tok/s; 3319 tgt tok/s;     52 s elapsed
Epoch 21,   250/  454; acc:  87.52; ppl:   1.66; 3169 src tok/s; 3299 tgt tok/s;     65 s elapsed
Epoch 21,   300/  454; acc:  87.12; ppl:   1.68; 3274 src tok/s; 3386 tgt tok/s;     78 s elapsed
Epoch 21,   350/  454; acc:  87.15; ppl:   1.71; 3249 src tok/s; 3358 tgt tok/s;     91 s elapsed
Epoch 21,   400/  454; acc:  87.84; ppl:   1.63; 3219 src tok/s; 3358 tgt tok/s;    104 s elapsed
Epoch 21,   450/  454; acc:  87.18; ppl:   1.68; 3133 src tok/s; 3253 tgt tok/s;    117 s elapsed
Train perplexity: 1.66574
Train accuracy: 87.4455
Validation perplexity: 6.78855
Validation accuracy: 68.8378
Decaying learning rate to 6.10352e-05

Epoch 22,    50/  454; acc:  86.50; ppl:   1.75; 3263 src tok/s; 3359 tgt tok/s;     14 s elapsed
Epoch 22,   100/  454; acc:  88.27; ppl:   1.60; 3203 src tok/s; 3356 tgt tok/s;     26 s elapsed
Epoch 22,   150/  454; acc:  87.68; ppl:   1.64; 3102 src tok/s; 3244 tgt tok/s;     39 s elapsed
Epoch 22,   200/  454; acc:  87.23; ppl:   1.68; 3232 src tok/s; 3334 tgt tok/s;     53 s elapsed
Epoch 22,   250/  454; acc:  87.62; ppl:   1.64; 3207 src tok/s; 3333 tgt tok/s;     65 s elapsed
Epoch 22,   300/  454; acc:  87.25; ppl:   1.66; 3242 src tok/s; 3346 tgt tok/s;     78 s elapsed
Epoch 22,   350/  454; acc:  88.11; ppl:   1.62; 3227 src tok/s; 3341 tgt tok/s;     91 s elapsed
Epoch 22,   400/  454; acc:  86.49; ppl:   1.74; 3146 src tok/s; 3269 tgt tok/s;    105 s elapsed
Epoch 22,   450/  454; acc:  87.45; ppl:   1.68; 3216 src tok/s; 3341 tgt tok/s;    118 s elapsed
Train perplexity: 1.66612
Train accuracy: 87.4094
Validation perplexity: 6.78862
Validation accuracy: 68.8449
Decaying learning rate to 3.05176e-05

Epoch 23,    50/  454; acc:  87.40; ppl:   1.68; 3221 src tok/s; 3333 tgt tok/s;     13 s elapsed
Epoch 23,   100/  454; acc:  87.48; ppl:   1.65; 3222 src tok/s; 3319 tgt tok/s;     26 s elapsed
Epoch 23,   150/  454; acc:  87.63; ppl:   1.66; 3229 src tok/s; 3363 tgt tok/s;     39 s elapsed
Epoch 23,   200/  454; acc:  87.47; ppl:   1.67; 3210 src tok/s; 3341 tgt tok/s;     52 s elapsed
Epoch 23,   250/  454; acc:  86.82; ppl:   1.73; 3193 src tok/s; 3318 tgt tok/s;     65 s elapsed
Epoch 23,   300/  454; acc:  88.29; ppl:   1.60; 3215 src tok/s; 3347 tgt tok/s;     78 s elapsed
Epoch 23,   350/  454; acc:  87.62; ppl:   1.64; 3171 src tok/s; 3300 tgt tok/s;     91 s elapsed
Epoch 23,   400/  454; acc:  87.33; ppl:   1.69; 3176 src tok/s; 3293 tgt tok/s;    105 s elapsed
Epoch 23,   450/  454; acc:  87.28; ppl:   1.69; 3133 src tok/s; 3242 tgt tok/s;    118 s elapsed
Train perplexity: 1.66711
Train accuracy: 87.4982
Validation perplexity: 6.78868
Validation accuracy: 68.8449
Decaying learning rate to 1.52588e-05

Epoch 24,    50/  454; acc:  87.05; ppl:   1.71; 3233 src tok/s; 3356 tgt tok/s;     13 s elapsed
Epoch 24,   100/  454; acc:  87.89; ppl:   1.62; 3201 src tok/s; 3332 tgt tok/s;     26 s elapsed
Epoch 24,   150/  454; acc:  87.32; ppl:   1.68; 3196 src tok/s; 3308 tgt tok/s;     39 s elapsed
Epoch 24,   200/  454; acc:  87.90; ppl:   1.64; 3270 src tok/s; 3392 tgt tok/s;     52 s elapsed
Epoch 24,   250/  454; acc:  86.97; ppl:   1.71; 3187 src tok/s; 3308 tgt tok/s;     65 s elapsed
Epoch 24,   300/  454; acc:  88.18; ppl:   1.62; 3155 src tok/s; 3293 tgt tok/s;     79 s elapsed
Epoch 24,   350/  454; acc:  87.02; ppl:   1.71; 3216 src tok/s; 3322 tgt tok/s;     92 s elapsed
Epoch 24,   400/  454; acc:  87.66; ppl:   1.62; 3208 src tok/s; 3336 tgt tok/s;    105 s elapsed
Epoch 24,   450/  454; acc:  87.81; ppl:   1.65; 3166 src tok/s; 3286 tgt tok/s;    117 s elapsed
Train perplexity: 1.66479
Train accuracy: 87.493
Validation perplexity: 6.78873
Validation accuracy: 68.8449
Decaying learning rate to 7.62939e-06

Epoch 25,    50/  454; acc:  87.45; ppl:   1.65; 3224 src tok/s; 3341 tgt tok/s;     13 s elapsed
Epoch 25,   100/  454; acc:  87.56; ppl:   1.68; 3187 src tok/s; 3300 tgt tok/s;     26 s elapsed
Epoch 25,   150/  454; acc:  87.11; ppl:   1.71; 3212 src tok/s; 3334 tgt tok/s;     39 s elapsed
Epoch 25,   200/  454; acc:  87.95; ppl:   1.62; 3236 src tok/s; 3359 tgt tok/s;     52 s elapsed
Epoch 25,   250/  454; acc:  88.20; ppl:   1.62; 3122 src tok/s; 3254 tgt tok/s;     65 s elapsed
Epoch 25,   300/  454; acc:  86.75; ppl:   1.73; 3217 src tok/s; 3332 tgt tok/s;     79 s elapsed
Epoch 25,   350/  454; acc:  87.85; ppl:   1.65; 3228 src tok/s; 3357 tgt tok/s;     92 s elapsed
Epoch 25,   400/  454; acc:  87.69; ppl:   1.64; 3224 src tok/s; 3357 tgt tok/s;    105 s elapsed
Epoch 25,   450/  454; acc:  87.31; ppl:   1.68; 3129 src tok/s; 3235 tgt tok/s;    118 s elapsed
Train perplexity: 1.66551
Train accuracy: 87.5542
Validation perplexity: 6.78875
Validation accuracy: 68.8449
Decaying learning rate to 3.8147e-06

Epoch 26,    50/  454; acc:  87.63; ppl:   1.65; 3300 src tok/s; 3409 tgt tok/s;     13 s elapsed
Epoch 26,   100/  454; acc:  86.88; ppl:   1.71; 3156 src tok/s; 3279 tgt tok/s;     26 s elapsed
Epoch 26,   150/  454; acc:  86.35; ppl:   1.76; 3226 src tok/s; 3348 tgt tok/s;     39 s elapsed
Epoch 26,   200/  454; acc:  88.70; ppl:   1.58; 3201 src tok/s; 3330 tgt tok/s;     52 s elapsed
Epoch 26,   250/  454; acc:  87.83; ppl:   1.63; 3220 src tok/s; 3336 tgt tok/s;     65 s elapsed
Epoch 26,   300/  454; acc:  87.20; ppl:   1.68; 3139 src tok/s; 3263 tgt tok/s;     79 s elapsed
Epoch 26,   350/  454; acc:  86.32; ppl:   1.75; 3274 src tok/s; 3361 tgt tok/s;     92 s elapsed
Epoch 26,   400/  454; acc:  88.96; ppl:   1.56; 3165 src tok/s; 3331 tgt tok/s;    105 s elapsed
Epoch 26,   450/  454; acc:  87.07; ppl:   1.69; 3156 src tok/s; 3272 tgt tok/s;    118 s elapsed
Train perplexity: 1.66763
Train accuracy: 87.4365
Validation perplexity: 6.78875
Validation accuracy: 68.8449
Decaying learning rate to 1.90735e-06

Epoch 27,    50/  454; acc:  87.21; ppl:   1.67; 3280 src tok/s; 3408 tgt tok/s;     13 s elapsed
Epoch 27,   100/  454; acc:  87.55; ppl:   1.66; 3250 src tok/s; 3349 tgt tok/s;     26 s elapsed
Epoch 27,   150/  454; acc:  87.04; ppl:   1.69; 3155 src tok/s; 3264 tgt tok/s;     39 s elapsed
Epoch 27,   200/  454; acc:  87.50; ppl:   1.64; 3190 src tok/s; 3314 tgt tok/s;     52 s elapsed
Epoch 27,   250/  454; acc:  87.42; ppl:   1.67; 3192 src tok/s; 3324 tgt tok/s;     65 s elapsed
Epoch 27,   300/  454; acc:  87.77; ppl:   1.64; 3183 src tok/s; 3298 tgt tok/s;     79 s elapsed
Epoch 27,   350/  454; acc:  88.26; ppl:   1.61; 3214 src tok/s; 3355 tgt tok/s;     92 s elapsed
Epoch 27,   400/  454; acc:  86.91; ppl:   1.72; 3189 src tok/s; 3289 tgt tok/s;    105 s elapsed
Epoch 27,   450/  454; acc:  87.21; ppl:   1.69; 3164 src tok/s; 3304 tgt tok/s;    118 s elapsed
Train perplexity: 1.66368
Train accuracy: 87.4595
Validation perplexity: 6.78875
Validation accuracy: 68.8449
Decaying learning rate to 9.53674e-07

Epoch 28,    50/  454; acc:  88.21; ppl:   1.61; 3170 src tok/s; 3302 tgt tok/s;     13 s elapsed
Epoch 28,   100/  454; acc:  86.94; ppl:   1.70; 3283 src tok/s; 3399 tgt tok/s;     26 s elapsed
Epoch 28,   150/  454; acc:  87.24; ppl:   1.69; 3194 src tok/s; 3319 tgt tok/s;     39 s elapsed
Epoch 28,   200/  454; acc:  87.83; ppl:   1.65; 3223 src tok/s; 3336 tgt tok/s;     52 s elapsed
Epoch 28,   250/  454; acc:  87.19; ppl:   1.70; 3187 src tok/s; 3331 tgt tok/s;     65 s elapsed
Epoch 28,   300/  454; acc:  87.51; ppl:   1.64; 3242 src tok/s; 3362 tgt tok/s;     78 s elapsed
Epoch 28,   350/  454; acc:  88.00; ppl:   1.62; 3198 src tok/s; 3331 tgt tok/s;     91 s elapsed
Epoch 28,   400/  454; acc:  86.88; ppl:   1.71; 3201 src tok/s; 3296 tgt tok/s;    105 s elapsed
Epoch 28,   450/  454; acc:  87.43; ppl:   1.69; 3241 src tok/s; 3353 tgt tok/s;    117 s elapsed
Train perplexity: 1.665
Train accuracy: 87.483
Validation perplexity: 6.78875
Validation accuracy: 68.8449
Decaying learning rate to 4.76837e-07

Epoch 29,    50/  454; acc:  86.80; ppl:   1.72; 3273 src tok/s; 3368 tgt tok/s;     13 s elapsed
Epoch 29,   100/  454; acc:  88.39; ppl:   1.59; 3211 src tok/s; 3363 tgt tok/s;     26 s elapsed
Epoch 29,   150/  454; acc:  86.76; ppl:   1.71; 3208 src tok/s; 3305 tgt tok/s;     39 s elapsed
Epoch 29,   200/  454; acc:  88.00; ppl:   1.64; 3232 src tok/s; 3371 tgt tok/s;     52 s elapsed
Epoch 29,   250/  454; acc:  87.30; ppl:   1.70; 3144 src tok/s; 3266 tgt tok/s;     65 s elapsed
Epoch 29,   300/  454; acc:  87.79; ppl:   1.63; 3231 src tok/s; 3351 tgt tok/s;     78 s elapsed
Epoch 29,   350/  454; acc:  87.49; ppl:   1.65; 3244 src tok/s; 3349 tgt tok/s;     91 s elapsed
Epoch 29,   400/  454; acc:  87.55; ppl:   1.67; 3177 src tok/s; 3300 tgt tok/s;    104 s elapsed
Epoch 29,   450/  454; acc:  87.56; ppl:   1.68; 3138 src tok/s; 3278 tgt tok/s;    118 s elapsed
Train perplexity: 1.66617
Train accuracy: 87.4914
Validation perplexity: 6.78875
Validation accuracy: 68.8449
Decaying learning rate to 2.38419e-07

Epoch 30,    50/  454; acc:  86.34; ppl:   1.76; 3241 src tok/s; 3343 tgt tok/s;     14 s elapsed
Epoch 30,   100/  454; acc:  88.79; ppl:   1.57; 3194 src tok/s; 3327 tgt tok/s;     26 s elapsed
Epoch 30,   150/  454; acc:  88.28; ppl:   1.61; 3157 src tok/s; 3297 tgt tok/s;     39 s elapsed
Epoch 30,   200/  454; acc:  86.75; ppl:   1.74; 3254 src tok/s; 3354 tgt tok/s;     52 s elapsed
Epoch 30,   250/  454; acc:  87.46; ppl:   1.66; 3176 src tok/s; 3295 tgt tok/s;     65 s elapsed
Epoch 30,   300/  454; acc:  87.39; ppl:   1.67; 3230 src tok/s; 3365 tgt tok/s;     78 s elapsed
Epoch 30,   350/  454; acc:  86.73; ppl:   1.72; 3184 src tok/s; 3306 tgt tok/s;     92 s elapsed
Epoch 30,   400/  454; acc:  88.27; ppl:   1.61; 3222 src tok/s; 3354 tgt tok/s;    105 s elapsed
Epoch 30,   450/  454; acc:  87.43; ppl:   1.66; 3224 src tok/s; 3331 tgt tok/s;    118 s elapsed
Train perplexity: 1.66804
Train accuracy: 87.4786
Validation perplexity: 6.78875
Validation accuracy: 68.8449
Decaying learning rate to 1.19209e-07

Epoch 31,    50/  454; acc:  86.93; ppl:   1.70; 3357 src tok/s; 3460 tgt tok/s;     13 s elapsed
Epoch 31,   100/  454; acc:  88.00; ppl:   1.64; 3164 src tok/s; 3284 tgt tok/s;     26 s elapsed
Epoch 31,   150/  454; acc:  86.39; ppl:   1.75; 3234 src tok/s; 3327 tgt tok/s;     40 s elapsed
Epoch 31,   200/  454; acc:  88.58; ppl:   1.58; 3161 src tok/s; 3315 tgt tok/s;     52 s elapsed
Epoch 31,   250/  454; acc:  86.84; ppl:   1.71; 3154 src tok/s; 3283 tgt tok/s;     66 s elapsed
Epoch 31,   300/  454; acc:  88.35; ppl:   1.62; 3275 src tok/s; 3403 tgt tok/s;     78 s elapsed
Epoch 31,   350/  454; acc:  87.89; ppl:   1.64; 3211 src tok/s; 3331 tgt tok/s;     91 s elapsed
Epoch 31,   400/  454; acc:  87.12; ppl:   1.69; 3252 src tok/s; 3368 tgt tok/s;    104 s elapsed
Epoch 31,   450/  454; acc:  88.45; ppl:   1.61; 3033 src tok/s; 3176 tgt tok/s;    117 s elapsed
Train perplexity: 1.667
Train accuracy: 87.5165
Validation perplexity: 6.78875
Validation accuracy: 68.8449
Decaying learning rate to 5.96046e-08

Epoch 32,    50/  454; acc:  87.85; ppl:   1.64; 3150 src tok/s; 3284 tgt tok/s;     13 s elapsed
Epoch 32,   100/  454; acc:  87.31; ppl:   1.67; 3304 src tok/s; 3400 tgt tok/s;     26 s elapsed
Epoch 32,   150/  454; acc:  87.92; ppl:   1.62; 3228 src tok/s; 3364 tgt tok/s;     39 s elapsed
Epoch 32,   200/  454; acc:  86.74; ppl:   1.71; 3210 src tok/s; 3328 tgt tok/s;     52 s elapsed
Epoch 32,   250/  454; acc:  87.17; ppl:   1.69; 3171 src tok/s; 3286 tgt tok/s;     65 s elapsed
Epoch 32,   300/  454; acc:  87.87; ppl:   1.62; 3266 src tok/s; 3389 tgt tok/s;     78 s elapsed
Epoch 32,   350/  454; acc:  87.96; ppl:   1.64; 3240 src tok/s; 3391 tgt tok/s;     90 s elapsed
Epoch 32,   400/  454; acc:  86.64; ppl:   1.72; 3202 src tok/s; 3315 tgt tok/s;    104 s elapsed
Epoch 32,   450/  454; acc:  87.19; ppl:   1.70; 3178 src tok/s; 3283 tgt tok/s;    117 s elapsed
Train perplexity: 1.66512
Train accuracy: 87.4276
Validation perplexity: 6.78875
Validation accuracy: 68.8449
Decaying learning rate to 2.98023e-08

Epoch 33,    50/  454; acc:  86.84; ppl:   1.72; 3238 src tok/s; 3359 tgt tok/s;     13 s elapsed
Epoch 33,   100/  454; acc:  87.86; ppl:   1.63; 3231 src tok/s; 3347 tgt tok/s;     26 s elapsed
Epoch 33,   150/  454; acc:  87.41; ppl:   1.66; 3202 src tok/s; 3330 tgt tok/s;     39 s elapsed
Epoch 33,   200/  454; acc:  87.79; ppl:   1.64; 3264 src tok/s; 3374 tgt tok/s;     52 s elapsed
Epoch 33,   250/  454; acc:  88.24; ppl:   1.61; 3191 src tok/s; 3338 tgt tok/s;     64 s elapsed
Epoch 33,   300/  454; acc:  86.48; ppl:   1.75; 3283 src tok/s; 3378 tgt tok/s;     78 s elapsed
Epoch 33,   350/  454; acc:  87.22; ppl:   1.69; 3191 src tok/s; 3302 tgt tok/s;     91 s elapsed
Epoch 33,   400/  454; acc:  87.66; ppl:   1.64; 3179 src tok/s; 3317 tgt tok/s;    104 s elapsed
Epoch 33,   450/  454; acc:  87.30; ppl:   1.68; 3119 src tok/s; 3234 tgt tok/s;    118 s elapsed
Train perplexity: 1.66579
Train accuracy: 87.442
Validation perplexity: 6.78875
Validation accuracy: 68.8449
Decaying learning rate to 1.49012e-08

Epoch 34,    50/  454; acc:  87.28; ppl:   1.69; 3227 src tok/s; 3333 tgt tok/s;     13 s elapsed
Epoch 34,   100/  454; acc:  88.24; ppl:   1.61; 3173 src tok/s; 3320 tgt tok/s;     26 s elapsed
Epoch 34,   150/  454; acc:  87.19; ppl:   1.68; 3235 src tok/s; 3346 tgt tok/s;     40 s elapsed
Epoch 34,   200/  454; acc:  87.64; ppl:   1.67; 3103 src tok/s; 3252 tgt tok/s;     53 s elapsed
Epoch 34,   250/  454; acc:  87.53; ppl:   1.68; 3174 src tok/s; 3301 tgt tok/s;     66 s elapsed
Epoch 34,   300/  454; acc:  87.55; ppl:   1.66; 3187 src tok/s; 3299 tgt tok/s;     79 s elapsed
Epoch 34,   350/  454; acc:  87.98; ppl:   1.62; 3181 src tok/s; 3325 tgt tok/s;     92 s elapsed
Epoch 34,   400/  454; acc:  87.06; ppl:   1.71; 3309 src tok/s; 3400 tgt tok/s;    105 s elapsed
Epoch 34,   450/  454; acc:  87.21; ppl:   1.68; 3211 src tok/s; 3317 tgt tok/s;    118 s elapsed
Train perplexity: 1.6666
Train accuracy: 87.5215
Validation perplexity: 6.78875
Validation accuracy: 68.8449
Decaying learning rate to 7.45058e-09

Epoch 35,    50/  454; acc:  88.41; ppl:   1.60; 3301 src tok/s; 3424 tgt tok/s;     13 s elapsed
Epoch 35,   100/  454; acc:  87.08; ppl:   1.70; 3196 src tok/s; 3319 tgt tok/s;     26 s elapsed
Epoch 35,   150/  454; acc:  87.88; ppl:   1.64; 3228 src tok/s; 3349 tgt tok/s;     39 s elapsed
Epoch 35,   200/  454; acc:  87.02; ppl:   1.70; 3206 src tok/s; 3327 tgt tok/s;     52 s elapsed
Epoch 35,   250/  454; acc:  87.40; ppl:   1.67; 3154 src tok/s; 3265 tgt tok/s;     65 s elapsed
Epoch 35,   300/  454; acc:  87.38; ppl:   1.68; 3216 src tok/s; 3343 tgt tok/s;     78 s elapsed
Epoch 35,   350/  454; acc:  87.38; ppl:   1.68; 3258 src tok/s; 3370 tgt tok/s;     91 s elapsed
Epoch 35,   400/  454; acc:  87.49; ppl:   1.67; 3172 src tok/s; 3307 tgt tok/s;    104 s elapsed
Epoch 35,   450/  454; acc:  87.26; ppl:   1.67; 3208 src tok/s; 3324 tgt tok/s;    117 s elapsed
Train perplexity: 1.66517
Train accuracy: 87.4975
Validation perplexity: 6.78875
Validation accuracy: 68.8449
Decaying learning rate to 3.72529e-09

Epoch 36,    50/  454; acc:  87.99; ppl:   1.62; 3285 src tok/s; 3413 tgt tok/s;     13 s elapsed
Epoch 36,   100/  454; acc:  87.20; ppl:   1.67; 3219 src tok/s; 3349 tgt tok/s;     26 s elapsed
Epoch 36,   150/  454; acc:  87.08; ppl:   1.71; 3200 src tok/s; 3311 tgt tok/s;     39 s elapsed
Epoch 36,   200/  454; acc:  87.64; ppl:   1.64; 3226 src tok/s; 3374 tgt tok/s;     52 s elapsed
Epoch 36,   250/  454; acc:  87.45; ppl:   1.67; 3290 src tok/s; 3403 tgt tok/s;     65 s elapsed
Epoch 36,   300/  454; acc:  87.77; ppl:   1.65; 3278 src tok/s; 3388 tgt tok/s;     77 s elapsed
Epoch 36,   350/  454; acc:  88.51; ppl:   1.60; 3198 src tok/s; 3347 tgt tok/s;     90 s elapsed
Epoch 36,   400/  454; acc:  86.48; ppl:   1.75; 3272 src tok/s; 3380 tgt tok/s;    103 s elapsed
Epoch 36,   450/  454; acc:  87.34; ppl:   1.68; 3234 src tok/s; 3338 tgt tok/s;    116 s elapsed
Train perplexity: 1.66579
Train accuracy: 87.5073
Validation perplexity: 6.78875
Validation accuracy: 68.8449
Decaying learning rate to 1.86265e-09

Epoch 37,    50/  454; acc:  86.84; ppl:   1.72; 3317 src tok/s; 3427 tgt tok/s;     13 s elapsed
Epoch 37,   100/  454; acc:  88.06; ppl:   1.62; 3258 src tok/s; 3406 tgt tok/s;     25 s elapsed
Epoch 37,   150/  454; acc:  88.19; ppl:   1.62; 3129 src tok/s; 3276 tgt tok/s;     38 s elapsed
Epoch 37,   200/  454; acc:  87.23; ppl:   1.68; 3285 src tok/s; 3393 tgt tok/s;     51 s elapsed
Epoch 37,   250/  454; acc:  86.64; ppl:   1.72; 3325 src tok/s; 3433 tgt tok/s;     65 s elapsed
Epoch 37,   300/  454; acc:  88.36; ppl:   1.61; 3181 src tok/s; 3317 tgt tok/s;     77 s elapsed
Epoch 37,   350/  454; acc:  88.19; ppl:   1.62; 3224 src tok/s; 3369 tgt tok/s;     90 s elapsed
Epoch 37,   400/  454; acc:  86.60; ppl:   1.75; 3223 src tok/s; 3310 tgt tok/s;    104 s elapsed
Epoch 37,   450/  454; acc:  87.87; ppl:   1.65; 3202 src tok/s; 3323 tgt tok/s;    116 s elapsed
Train perplexity: 1.66706
Train accuracy: 87.5322
Validation perplexity: 6.78875
Validation accuracy: 68.8449
Decaying learning rate to 9.31323e-10

Epoch 38,    50/  454; acc:  87.66; ppl:   1.64; 3256 src tok/s; 3370 tgt tok/s;     13 s elapsed
Epoch 38,   100/  454; acc:  86.89; ppl:   1.71; 3194 src tok/s; 3313 tgt tok/s;     26 s elapsed
Epoch 38,   150/  454; acc:  86.94; ppl:   1.72; 3199 src tok/s; 3325 tgt tok/s;     39 s elapsed
Epoch 38,   200/  454; acc:  88.32; ppl:   1.62; 3205 src tok/s; 3337 tgt tok/s;     52 s elapsed
Epoch 38,   250/  454; acc:  88.36; ppl:   1.59; 3262 src tok/s; 3407 tgt tok/s;     65 s elapsed
Epoch 38,   300/  454; acc:  86.62; ppl:   1.74; 3224 src tok/s; 3325 tgt tok/s;     78 s elapsed
Epoch 38,   350/  454; acc:  87.88; ppl:   1.65; 3182 src tok/s; 3338 tgt tok/s;     91 s elapsed
Epoch 38,   400/  454; acc:  86.94; ppl:   1.69; 3337 src tok/s; 3423 tgt tok/s;    104 s elapsed
Epoch 38,   450/  454; acc:  87.63; ppl:   1.66; 3139 src tok/s; 3260 tgt tok/s;    117 s elapsed
Train perplexity: 1.66694
Train accuracy: 87.4568
Validation perplexity: 6.78875
Validation accuracy: 68.8449
Decaying learning rate to 4.65661e-10

Epoch 39,    50/  454; acc:  87.96; ppl:   1.65; 3168 src tok/s; 3318 tgt tok/s;     13 s elapsed
Epoch 39,   100/  454; acc:  87.45; ppl:   1.66; 3213 src tok/s; 3324 tgt tok/s;     26 s elapsed
Epoch 39,   150/  454; acc:  87.88; ppl:   1.62; 3211 src tok/s; 3338 tgt tok/s;     39 s elapsed
Epoch 39,   200/  454; acc:  87.10; ppl:   1.70; 3202 src tok/s; 3314 tgt tok/s;     52 s elapsed
Epoch 39,   250/  454; acc:  87.87; ppl:   1.64; 3222 src tok/s; 3345 tgt tok/s;     65 s elapsed
Epoch 39,   300/  454; acc:  86.88; ppl:   1.70; 3290 src tok/s; 3404 tgt tok/s;     78 s elapsed
Epoch 39,   350/  454; acc:  86.86; ppl:   1.72; 3227 src tok/s; 3333 tgt tok/s;     91 s elapsed
Epoch 39,   400/  454; acc:  87.52; ppl:   1.67; 3205 src tok/s; 3330 tgt tok/s;    104 s elapsed
Epoch 39,   450/  454; acc:  88.09; ppl:   1.61; 3201 src tok/s; 3334 tgt tok/s;    117 s elapsed
Train perplexity: 1.66492
Train accuracy: 87.4642
Validation perplexity: 6.78875
Validation accuracy: 68.8449
Decaying learning rate to 2.32831e-10

Epoch 40,    50/  454; acc:  87.62; ppl:   1.64; 3280 src tok/s; 3412 tgt tok/s;     13 s elapsed
Epoch 40,   100/  454; acc:  87.07; ppl:   1.68; 3246 src tok/s; 3356 tgt tok/s;     26 s elapsed
Epoch 40,   150/  454; acc:  86.85; ppl:   1.73; 3279 src tok/s; 3382 tgt tok/s;     39 s elapsed
Epoch 40,   200/  454; acc:  88.36; ppl:   1.59; 3195 src tok/s; 3344 tgt tok/s;     52 s elapsed
Epoch 40,   250/  454; acc:  87.86; ppl:   1.63; 3249 src tok/s; 3383 tgt tok/s;     64 s elapsed
Epoch 40,   300/  454; acc:  86.94; ppl:   1.71; 3183 src tok/s; 3303 tgt tok/s;     78 s elapsed
Epoch 40,   350/  454; acc:  88.03; ppl:   1.63; 3199 src tok/s; 3341 tgt tok/s;     90 s elapsed
Epoch 40,   400/  454; acc:  87.14; ppl:   1.69; 3203 src tok/s; 3311 tgt tok/s;    104 s elapsed
Epoch 40,   450/  454; acc:  87.30; ppl:   1.68; 3187 src tok/s; 3292 tgt tok/s;    117 s elapsed
Train perplexity: 1.66685
Train accuracy: 87.4415
Validation perplexity: 6.78875
Validation accuracy: 68.8449
Decaying learning rate to 1.16415e-10
