<module 'opts' from '/u/suhubdyd/research/projects/jumble_lstm/code/auxiliary-nmt/opts.pyc'>
Namespace(batch_size=64, brnn=False, brnn_merge='concat', cnn_kernel_width=3, context_gate=None, copy_attn=False, copy_attn_force=False, coverage_attn=False, data='/data/lisatmp3/suhubdyd/multi30k.atok.low', dec_layers=1, decay_method='', decoder_type='rnn', dropout=0.3, enc_layers=2, encoder_type='rnn', epochs=17, exp='', exp_host='', feat_merge='concat', feat_vec_exponent=0.7, feat_vec_size=-1, fix_word_vecs_dec=False, fix_word_vecs_enc=False, global_attention='general', gpuid=[0], input_feed=1, kappa_dec=0.3, kappa_enc=0.15, lambda_coverage=1, layers=-1, learning_rate=1.0, learning_rate_decay=0.5, max_generator_batches=32, max_grad_norm=5, model_type='text', optim='sgd', param_init=0.1, position_encoding=False, pre_word_vecs_dec=None, pre_word_vecs_enc=None, report_every=50, rnn_size=500, rnn_type='LSTM', save_model='/data/lisatmp3/suhubdyd/models/seeds/encoder0.15decoder0.3dropout0.3wdropFalseseed3', seed=3, share_decoder_embeddings=False, share_embeddings=False, src_word_vec_size=500, start_checkpoint_at=0, start_decay_at=8, start_epoch=1, tgt_word_vec_size=500, train_from='', truncated_decoder=0, warmup_steps=4000, weightdropout=False, word_vec_size=-1)
('Using Kappa L2 loss on encoder', 0.15)
('Using Kappa L2 loss on decoder', 0.3)
Loading train and validate data from '/data/lisatmp3/suhubdyd/multi30k.atok.low'
 * number of training sentences: 29000
 * maximum batch size: 64
 * vocabulary size. source = 10841; target = 18563
Building model...
Intializing model parameters.
NMTModel (
  (encoder): RNNEncoder (
    (embeddings): Embeddings (
      (make_embedding): Sequential (
        (emb_luts): Elementwise (
          (0): Embedding(10841, 500, padding_idx=1)
        )
      )
    )
    (dropout): Dropout (p = 0.3)
    (rnn): LSTM(500, 500, dropout=0.3)
  )
  (decoder): InputFeedRNNDecoder (
    (embeddings): Embeddings (
      (make_embedding): Sequential (
        (emb_luts): Elementwise (
          (0): Embedding(18563, 500, padding_idx=1)
        )
      )
    )
    (dropout): Dropout (p = 0.3)
    (rnn): StackedLSTM (
      (dropout): Dropout (p = 0.3)
      (layers): ModuleList (
        (0): LSTMCell(1000, 500)
      )
    )
    (attn): GlobalAttention (
      (linear_in): Linear (500 -> 500)
      (linear_out): Linear (1000 -> 500)
      (sm): Softmax ()
      (tanh): Tanh ()
    )
  )
  (generator): Sequential (
    (0): Linear (500 -> 18563)
    (1): LogSoftmax ()
  )
)
* number of parameters: 29760063
('encoder: ', 7424500)
('decoder: ', 22335563)

Epoch  1,    50/  454; acc:   8.66; ppl: 21264.03; 5289 src tok/s; 5471 tgt tok/s;      8 s elapsed
Epoch  1,   100/  454; acc:  15.16; ppl: 1125.09; 5476 src tok/s; 5683 tgt tok/s;     16 s elapsed
Epoch  1,   150/  454; acc:  19.08; ppl: 430.64; 5207 src tok/s; 5423 tgt tok/s;     23 s elapsed
Epoch  1,   200/  454; acc:  21.22; ppl: 271.75; 5233 src tok/s; 5431 tgt tok/s;     32 s elapsed
Epoch  1,   250/  454; acc:  23.55; ppl: 182.70; 5255 src tok/s; 5434 tgt tok/s;     40 s elapsed
Epoch  1,   300/  454; acc:  28.60; ppl: 116.80; 5069 src tok/s; 5326 tgt tok/s;     48 s elapsed
Epoch  1,   350/  454; acc:  29.74; ppl:  93.99; 5316 src tok/s; 5499 tgt tok/s;     56 s elapsed
Epoch  1,   400/  454; acc:  31.11; ppl:  80.90; 5393 src tok/s; 5592 tgt tok/s;     64 s elapsed
Epoch  1,   450/  454; acc:  32.63; ppl:  67.26; 5198 src tok/s; 5373 tgt tok/s;     72 s elapsed
Train perplexity: 309.965
Train accuracy: 23.3887
Validation perplexity: 64.0652
Validation accuracy: 34.5963

Epoch  2,    50/  454; acc:  34.15; ppl:  59.69; 5138 src tok/s; 5332 tgt tok/s;      8 s elapsed
Epoch  2,   100/  454; acc:  37.07; ppl:  45.94; 5302 src tok/s; 5522 tgt tok/s;     16 s elapsed
Epoch  2,   150/  454; acc:  38.89; ppl:  43.20; 5311 src tok/s; 5510 tgt tok/s;     24 s elapsed
Epoch  2,   200/  454; acc:  40.92; ppl:  36.63; 5302 src tok/s; 5503 tgt tok/s;     32 s elapsed
Epoch  2,   250/  454; acc:  43.78; ppl:  31.02; 5399 src tok/s; 5576 tgt tok/s;     39 s elapsed
Epoch  2,   300/  454; acc:  46.19; ppl:  26.77; 5251 src tok/s; 5414 tgt tok/s;     48 s elapsed
Epoch  2,   350/  454; acc:  46.85; ppl:  24.79; 5122 src tok/s; 5323 tgt tok/s;     56 s elapsed
Epoch  2,   400/  454; acc:  50.75; ppl:  19.70; 5354 src tok/s; 5577 tgt tok/s;     64 s elapsed
Epoch  2,   450/  454; acc:  50.44; ppl:  19.96; 5216 src tok/s; 5422 tgt tok/s;     72 s elapsed
Train perplexity: 31.8117
Train accuracy: 43.3189
Validation perplexity: 16.7673
Validation accuracy: 52.5401

Epoch  3,    50/  454; acc:  53.88; ppl:  15.12; 5196 src tok/s; 5414 tgt tok/s;      8 s elapsed
Epoch  3,   100/  454; acc:  54.67; ppl:  14.64; 5239 src tok/s; 5444 tgt tok/s;     16 s elapsed
Epoch  3,   150/  454; acc:  55.74; ppl:  13.34; 5245 src tok/s; 5489 tgt tok/s;     24 s elapsed
Epoch  3,   200/  454; acc:  54.56; ppl:  14.36; 5332 src tok/s; 5508 tgt tok/s;     32 s elapsed
Epoch  3,   250/  454; acc:  55.55; ppl:  13.38; 5338 src tok/s; 5457 tgt tok/s;     40 s elapsed
Epoch  3,   300/  454; acc:  58.17; ppl:  11.77; 5353 src tok/s; 5581 tgt tok/s;     48 s elapsed
Epoch  3,   350/  454; acc:  56.75; ppl:  12.42; 5353 src tok/s; 5503 tgt tok/s;     56 s elapsed
Epoch  3,   400/  454; acc:  59.03; ppl:  10.84; 5169 src tok/s; 5418 tgt tok/s;     64 s elapsed
Epoch  3,   450/  454; acc:  58.43; ppl:  11.12; 5098 src tok/s; 5299 tgt tok/s;     72 s elapsed
Train perplexity: 12.9129
Train accuracy: 56.3118
Validation perplexity: 9.90929
Validation accuracy: 61.3027

Epoch  4,    50/  454; acc:  60.23; ppl:   9.29; 5298 src tok/s; 5475 tgt tok/s;      8 s elapsed
Epoch  4,   100/  454; acc:  61.78; ppl:   8.53; 5294 src tok/s; 5495 tgt tok/s;     16 s elapsed
Epoch  4,   150/  454; acc:  61.17; ppl:   8.64; 5207 src tok/s; 5369 tgt tok/s;     24 s elapsed
Epoch  4,   200/  454; acc:  62.15; ppl:   8.22; 5255 src tok/s; 5470 tgt tok/s;     32 s elapsed
Epoch  4,   250/  454; acc:  62.41; ppl:   8.25; 5329 src tok/s; 5561 tgt tok/s;     40 s elapsed
Epoch  4,   300/  454; acc:  62.22; ppl:   8.17; 5275 src tok/s; 5476 tgt tok/s;     48 s elapsed
Epoch  4,   350/  454; acc:  62.42; ppl:   8.00; 5237 src tok/s; 5463 tgt tok/s;     56 s elapsed
Epoch  4,   400/  454; acc:  61.97; ppl:   8.17; 5342 src tok/s; 5511 tgt tok/s;     64 s elapsed
Epoch  4,   450/  454; acc:  61.80; ppl:   8.42; 5263 src tok/s; 5466 tgt tok/s;     72 s elapsed
Train perplexity: 8.38674
Train accuracy: 61.8201
Validation perplexity: 8.0514
Validation accuracy: 64.6161

Epoch  5,    50/  454; acc:  65.36; ppl:   6.36; 5292 src tok/s; 5483 tgt tok/s;      8 s elapsed
Epoch  5,   100/  454; acc:  66.03; ppl:   6.09; 5244 src tok/s; 5446 tgt tok/s;     16 s elapsed
Epoch  5,   150/  454; acc:  63.87; ppl:   6.99; 5357 src tok/s; 5521 tgt tok/s;     24 s elapsed
Epoch  5,   200/  454; acc:  66.53; ppl:   5.83; 5161 src tok/s; 5437 tgt tok/s;     32 s elapsed
Epoch  5,   250/  454; acc:  65.35; ppl:   6.37; 5386 src tok/s; 5595 tgt tok/s;     40 s elapsed
Epoch  5,   300/  454; acc:  65.49; ppl:   6.36; 5373 src tok/s; 5541 tgt tok/s;     48 s elapsed
Epoch  5,   350/  454; acc:  65.38; ppl:   6.36; 5310 src tok/s; 5505 tgt tok/s;     55 s elapsed
Epoch  5,   400/  454; acc:  65.44; ppl:   6.25; 5347 src tok/s; 5565 tgt tok/s;     63 s elapsed
Epoch  5,   450/  454; acc:  65.20; ppl:   6.37; 5224 src tok/s; 5432 tgt tok/s;     71 s elapsed
Train perplexity: 6.33056
Train accuracy: 65.3873
Validation perplexity: 7.36122
Validation accuracy: 65.3257

Epoch  6,    50/  454; acc:  67.86; ppl:   5.07; 5200 src tok/s; 5375 tgt tok/s;      8 s elapsed
Epoch  6,   100/  454; acc:  68.50; ppl:   4.99; 5338 src tok/s; 5539 tgt tok/s;     16 s elapsed
Epoch  6,   150/  454; acc:  66.83; ppl:   5.43; 5262 src tok/s; 5485 tgt tok/s;     24 s elapsed
Epoch  6,   200/  454; acc:  68.92; ppl:   4.84; 5278 src tok/s; 5501 tgt tok/s;     32 s elapsed
Epoch  6,   250/  454; acc:  68.36; ppl:   4.93; 5401 src tok/s; 5612 tgt tok/s;     40 s elapsed
Epoch  6,   300/  454; acc:  66.96; ppl:   5.41; 5322 src tok/s; 5527 tgt tok/s;     48 s elapsed
Epoch  6,   350/  454; acc:  68.08; ppl:   5.13; 5327 src tok/s; 5526 tgt tok/s;     55 s elapsed
Epoch  6,   400/  454; acc:  67.43; ppl:   5.22; 5267 src tok/s; 5475 tgt tok/s;     63 s elapsed
Epoch  6,   450/  454; acc:  67.69; ppl:   5.21; 5300 src tok/s; 5444 tgt tok/s;     71 s elapsed
Train perplexity: 5.12508
Train accuracy: 67.8805
Validation perplexity: 6.91433
Validation accuracy: 66.2339

Epoch  7,    50/  454; acc:  70.45; ppl:   4.27; 5228 src tok/s; 5389 tgt tok/s;      8 s elapsed
Epoch  7,   100/  454; acc:  70.73; ppl:   4.04; 5243 src tok/s; 5494 tgt tok/s;     16 s elapsed
Epoch  7,   150/  454; acc:  69.45; ppl:   4.35; 5233 src tok/s; 5390 tgt tok/s;     25 s elapsed
Epoch  7,   200/  454; acc:  70.45; ppl:   4.15; 5281 src tok/s; 5528 tgt tok/s;     32 s elapsed
Epoch  7,   250/  454; acc:  68.75; ppl:   4.68; 5365 src tok/s; 5517 tgt tok/s;     40 s elapsed
Epoch  7,   300/  454; acc:  70.96; ppl:   4.11; 5205 src tok/s; 5418 tgt tok/s;     48 s elapsed
Epoch  7,   350/  454; acc:  69.31; ppl:   4.47; 5378 src tok/s; 5571 tgt tok/s;     56 s elapsed
Epoch  7,   400/  454; acc:  69.91; ppl:   4.36; 5363 src tok/s; 5568 tgt tok/s;     63 s elapsed
Epoch  7,   450/  454; acc:  68.96; ppl:   4.52; 5169 src tok/s; 5385 tgt tok/s;     72 s elapsed
Train perplexity: 4.32059
Train accuracy: 69.9008
Validation perplexity: 6.48355
Validation accuracy: 67.5536

Epoch  8,    50/  454; acc:  73.00; ppl:   3.52; 5348 src tok/s; 5569 tgt tok/s;      8 s elapsed
Epoch  8,   100/  454; acc:  72.68; ppl:   3.53; 5305 src tok/s; 5505 tgt tok/s;     16 s elapsed
Epoch  8,   150/  454; acc:  72.86; ppl:   3.49; 5272 src tok/s; 5469 tgt tok/s;     24 s elapsed
Epoch  8,   200/  454; acc:  70.71; ppl:   3.99; 5191 src tok/s; 5373 tgt tok/s;     32 s elapsed
Epoch  8,   250/  454; acc:  72.21; ppl:   3.63; 5221 src tok/s; 5439 tgt tok/s;     40 s elapsed
Epoch  8,   300/  454; acc:  70.49; ppl:   3.97; 5308 src tok/s; 5485 tgt tok/s;     48 s elapsed
Epoch  8,   350/  454; acc:  71.79; ppl:   3.65; 5261 src tok/s; 5480 tgt tok/s;     56 s elapsed
Epoch  8,   400/  454; acc:  70.59; ppl:   4.02; 5256 src tok/s; 5426 tgt tok/s;     64 s elapsed
Epoch  8,   450/  454; acc:  70.58; ppl:   3.98; 5177 src tok/s; 5388 tgt tok/s;     72 s elapsed
Train perplexity: 3.74304
Train accuracy: 71.67
Validation perplexity: 6.73453
Validation accuracy: 67.4471
Decaying learning rate to 0.5

Epoch  9,    50/  454; acc:  76.58; ppl:   2.81; 5304 src tok/s; 5495 tgt tok/s;      8 s elapsed
Epoch  9,   100/  454; acc:  76.63; ppl:   2.81; 5302 src tok/s; 5505 tgt tok/s;     16 s elapsed
Epoch  9,   150/  454; acc:  77.17; ppl:   2.74; 5273 src tok/s; 5492 tgt tok/s;     23 s elapsed
Epoch  9,   200/  454; acc:  75.86; ppl:   2.90; 5259 src tok/s; 5441 tgt tok/s;     32 s elapsed
Epoch  9,   250/  454; acc:  75.75; ppl:   2.95; 5313 src tok/s; 5499 tgt tok/s;     40 s elapsed
Epoch  9,   300/  454; acc:  77.16; ppl:   2.68; 5276 src tok/s; 5494 tgt tok/s;     48 s elapsed
Epoch  9,   350/  454; acc:  76.47; ppl:   2.83; 5341 src tok/s; 5563 tgt tok/s;     55 s elapsed
Epoch  9,   400/  454; acc:  76.70; ppl:   2.79; 5254 src tok/s; 5448 tgt tok/s;     63 s elapsed
Epoch  9,   450/  454; acc:  76.36; ppl:   2.83; 5248 src tok/s; 5443 tgt tok/s;     71 s elapsed
Train perplexity: 2.81522
Train accuracy: 76.5086
Validation perplexity: 6.073
Validation accuracy: 68.9868
Decaying learning rate to 0.25

Epoch 10,    50/  454; acc:  78.91; ppl:   2.48; 5224 src tok/s; 5392 tgt tok/s;      8 s elapsed
Epoch 10,   100/  454; acc:  81.18; ppl:   2.22; 5189 src tok/s; 5410 tgt tok/s;     16 s elapsed
Epoch 10,   150/  454; acc:  81.00; ppl:   2.24; 5208 src tok/s; 5438 tgt tok/s;     24 s elapsed
Epoch 10,   200/  454; acc:  79.50; ppl:   2.41; 5170 src tok/s; 5346 tgt tok/s;     32 s elapsed
Epoch 10,   250/  454; acc:  81.31; ppl:   2.18; 5256 src tok/s; 5505 tgt tok/s;     40 s elapsed
Epoch 10,   300/  454; acc:  79.19; ppl:   2.48; 5296 src tok/s; 5441 tgt tok/s;     48 s elapsed
Epoch 10,   350/  454; acc:  79.81; ppl:   2.35; 5372 src tok/s; 5547 tgt tok/s;     56 s elapsed
Epoch 10,   400/  454; acc:  80.11; ppl:   2.31; 5369 src tok/s; 5597 tgt tok/s;     64 s elapsed
Epoch 10,   450/  454; acc:  79.25; ppl:   2.39; 5141 src tok/s; 5348 tgt tok/s;     72 s elapsed
Train perplexity: 2.33956
Train accuracy: 79.9984
Validation perplexity: 6.06581
Validation accuracy: 70.1008
Decaying learning rate to 0.125

Epoch 11,    50/  454; acc:  81.71; ppl:   2.15; 5300 src tok/s; 5487 tgt tok/s;      8 s elapsed
Epoch 11,   100/  454; acc:  82.91; ppl:   2.04; 5253 src tok/s; 5477 tgt tok/s;     16 s elapsed
Epoch 11,   150/  454; acc:  81.57; ppl:   2.18; 5336 src tok/s; 5536 tgt tok/s;     24 s elapsed
Epoch 11,   200/  454; acc:  82.49; ppl:   2.04; 5129 src tok/s; 5360 tgt tok/s;     32 s elapsed
Epoch 11,   250/  454; acc:  81.80; ppl:   2.15; 5336 src tok/s; 5518 tgt tok/s;     40 s elapsed
Epoch 11,   300/  454; acc:  82.20; ppl:   2.09; 5315 src tok/s; 5487 tgt tok/s;     48 s elapsed
Epoch 11,   350/  454; acc:  81.93; ppl:   2.12; 5286 src tok/s; 5486 tgt tok/s;     56 s elapsed
Epoch 11,   400/  454; acc:  81.53; ppl:   2.18; 5275 src tok/s; 5459 tgt tok/s;     64 s elapsed
Epoch 11,   450/  454; acc:  81.91; ppl:   2.10; 5318 src tok/s; 5546 tgt tok/s;     71 s elapsed
Train perplexity: 2.11974
Train accuracy: 81.9561
Validation perplexity: 6.18882
Validation accuracy: 69.7957
Decaying learning rate to 0.0625

Epoch 12,    50/  454; acc:  83.35; ppl:   1.99; 5321 src tok/s; 5542 tgt tok/s;      8 s elapsed
Epoch 12,   100/  454; acc:  82.90; ppl:   2.07; 5377 src tok/s; 5557 tgt tok/s;     16 s elapsed
Epoch 12,   150/  454; acc:  83.75; ppl:   1.96; 5297 src tok/s; 5511 tgt tok/s;     23 s elapsed
Epoch 12,   200/  454; acc:  82.73; ppl:   2.04; 5285 src tok/s; 5467 tgt tok/s;     32 s elapsed
Epoch 12,   250/  454; acc:  82.43; ppl:   2.08; 5212 src tok/s; 5397 tgt tok/s;     40 s elapsed
Epoch 12,   300/  454; acc:  83.42; ppl:   1.96; 5333 src tok/s; 5532 tgt tok/s;     48 s elapsed
Epoch 12,   350/  454; acc:  82.41; ppl:   2.09; 5259 src tok/s; 5443 tgt tok/s;     56 s elapsed
Epoch 12,   400/  454; acc:  84.41; ppl:   1.89; 5310 src tok/s; 5548 tgt tok/s;     63 s elapsed
Epoch 12,   450/  454; acc:  82.51; ppl:   2.07; 5132 src tok/s; 5318 tgt tok/s;     71 s elapsed
Train perplexity: 2.01551
Train accuracy: 83.0993
Validation perplexity: 6.30139
Validation accuracy: 69.9801
Decaying learning rate to 0.03125

Epoch 13,    50/  454; acc:  83.81; ppl:   1.96; 5223 src tok/s; 5432 tgt tok/s;      8 s elapsed
Epoch 13,   100/  454; acc:  83.70; ppl:   1.98; 5320 src tok/s; 5500 tgt tok/s;     16 s elapsed
Epoch 13,   150/  454; acc:  83.69; ppl:   1.95; 5295 src tok/s; 5523 tgt tok/s;     24 s elapsed
Epoch 13,   200/  454; acc:  83.62; ppl:   1.96; 5324 src tok/s; 5484 tgt tok/s;     32 s elapsed
Epoch 13,   250/  454; acc:  84.42; ppl:   1.89; 5175 src tok/s; 5445 tgt tok/s;     39 s elapsed
Epoch 13,   300/  454; acc:  82.59; ppl:   2.07; 5307 src tok/s; 5465 tgt tok/s;     48 s elapsed
Epoch 13,   350/  454; acc:  83.86; ppl:   1.93; 5214 src tok/s; 5420 tgt tok/s;     55 s elapsed
Epoch 13,   400/  454; acc:  83.36; ppl:   2.00; 5307 src tok/s; 5489 tgt tok/s;     64 s elapsed
Epoch 13,   450/  454; acc:  84.01; ppl:   1.94; 5197 src tok/s; 5398 tgt tok/s;     72 s elapsed
Train perplexity: 1.96725
Train accuracy: 83.6441
Validation perplexity: 6.32358
Validation accuracy: 70.0014
Decaying learning rate to 0.015625

Epoch 14,    50/  454; acc:  84.72; ppl:   1.86; 5240 src tok/s; 5448 tgt tok/s;      8 s elapsed
Epoch 14,   100/  454; acc:  83.09; ppl:   2.02; 5339 src tok/s; 5507 tgt tok/s;     16 s elapsed
Epoch 14,   150/  454; acc:  83.16; ppl:   2.03; 5184 src tok/s; 5364 tgt tok/s;     24 s elapsed
Epoch 14,   200/  454; acc:  84.95; ppl:   1.83; 5290 src tok/s; 5534 tgt tok/s;     32 s elapsed
Epoch 14,   250/  454; acc:  84.62; ppl:   1.86; 5281 src tok/s; 5533 tgt tok/s;     40 s elapsed
Epoch 14,   300/  454; acc:  83.16; ppl:   2.02; 5249 src tok/s; 5405 tgt tok/s;     48 s elapsed
Epoch 14,   350/  454; acc:  83.68; ppl:   1.96; 5324 src tok/s; 5533 tgt tok/s;     56 s elapsed
Epoch 14,   400/  454; acc:  84.09; ppl:   1.92; 5199 src tok/s; 5388 tgt tok/s;     64 s elapsed
Epoch 14,   450/  454; acc:  83.74; ppl:   1.96; 5279 src tok/s; 5463 tgt tok/s;     72 s elapsed
Train perplexity: 1.94009
Train accuracy: 83.9062
Validation perplexity: 6.35885
Validation accuracy: 70.0582
Decaying learning rate to 0.0078125

Epoch 15,    50/  454; acc:  83.46; ppl:   1.98; 5194 src tok/s; 5360 tgt tok/s;      8 s elapsed
Epoch 15,   100/  454; acc:  84.72; ppl:   1.88; 5366 src tok/s; 5567 tgt tok/s;     16 s elapsed
Epoch 15,   150/  454; acc:  84.18; ppl:   1.90; 5255 src tok/s; 5480 tgt tok/s;     24 s elapsed
Epoch 15,   200/  454; acc:  83.74; ppl:   1.95; 5330 src tok/s; 5511 tgt tok/s;     32 s elapsed
Epoch 15,   250/  454; acc:  83.84; ppl:   1.93; 5206 src tok/s; 5447 tgt tok/s;     40 s elapsed
Epoch 15,   300/  454; acc:  83.70; ppl:   1.96; 5332 src tok/s; 5517 tgt tok/s;     48 s elapsed
Epoch 15,   350/  454; acc:  84.27; ppl:   1.92; 5246 src tok/s; 5443 tgt tok/s;     56 s elapsed
Epoch 15,   400/  454; acc:  84.10; ppl:   1.91; 5204 src tok/s; 5423 tgt tok/s;     64 s elapsed
Epoch 15,   450/  454; acc:  84.66; ppl:   1.90; 5314 src tok/s; 5507 tgt tok/s;     71 s elapsed
Train perplexity: 1.92882
Train accuracy: 84.0408
Validation perplexity: 6.36894
Validation accuracy: 70.0511
Decaying learning rate to 0.00390625

Epoch 16,    50/  454; acc:  83.71; ppl:   1.93; 5275 src tok/s; 5486 tgt tok/s;      8 s elapsed
Epoch 16,   100/  454; acc:  84.48; ppl:   1.88; 5294 src tok/s; 5495 tgt tok/s;     16 s elapsed
Epoch 16,   150/  454; acc:  84.59; ppl:   1.89; 5332 src tok/s; 5524 tgt tok/s;     24 s elapsed
Epoch 16,   200/  454; acc:  83.71; ppl:   1.98; 5326 src tok/s; 5546 tgt tok/s;     32 s elapsed
Epoch 16,   250/  454; acc:  85.08; ppl:   1.84; 5343 src tok/s; 5574 tgt tok/s;     39 s elapsed
Epoch 16,   300/  454; acc:  82.95; ppl:   2.05; 5206 src tok/s; 5344 tgt tok/s;     48 s elapsed
Epoch 16,   350/  454; acc:  84.51; ppl:   1.89; 5321 src tok/s; 5493 tgt tok/s;     56 s elapsed
Epoch 16,   400/  454; acc:  84.02; ppl:   1.93; 5300 src tok/s; 5511 tgt tok/s;     63 s elapsed
Epoch 16,   450/  454; acc:  83.84; ppl:   1.94; 5132 src tok/s; 5358 tgt tok/s;     71 s elapsed
Train perplexity: 1.92618
Train accuracy: 84.095
Validation perplexity: 6.37817
Validation accuracy: 70.1291
Decaying learning rate to 0.00195312

Epoch 17,    50/  454; acc:  84.25; ppl:   1.90; 5313 src tok/s; 5511 tgt tok/s;      8 s elapsed
Epoch 17,   100/  454; acc:  84.00; ppl:   1.94; 5397 src tok/s; 5595 tgt tok/s;     16 s elapsed
Epoch 17,   150/  454; acc:  84.76; ppl:   1.85; 5311 src tok/s; 5549 tgt tok/s;     23 s elapsed
Epoch 17,   200/  454; acc:  83.46; ppl:   1.96; 5490 src tok/s; 5647 tgt tok/s;     31 s elapsed
Epoch 17,   250/  454; acc:  85.65; ppl:   1.77; 5135 src tok/s; 5420 tgt tok/s;     39 s elapsed
Epoch 17,   300/  454; acc:  82.99; ppl:   2.05; 5391 src tok/s; 5516 tgt tok/s;     47 s elapsed
Epoch 17,   350/  454; acc:  83.47; ppl:   1.98; 5258 src tok/s; 5457 tgt tok/s;     55 s elapsed
Epoch 17,   400/  454; acc:  84.59; ppl:   1.87; 5374 src tok/s; 5570 tgt tok/s;     63 s elapsed
Epoch 17,   450/  454; acc:  83.90; ppl:   1.94; 5145 src tok/s; 5376 tgt tok/s;     71 s elapsed
Train perplexity: 1.91998
Train accuracy: 84.0929
Validation perplexity: 6.38073
Validation accuracy: 70.0866
Decaying learning rate to 0.000976562
