<module 'opts' from '/u/suhubdyd/research/projects/jumble_lstm/code/auxiliary-nmt/opts.pyc'>
Namespace(batch_size=64, brnn=False, brnn_merge='concat', cnn_kernel_width=3, context_gate=None, copy_attn=False, copy_attn_force=False, coverage_attn=False, data='/data/lisatmp3/suhubdyd/multi30k.atok.low', dec_layers=1, decay_method='', decoder_type='rnn', dropout=0.3, enc_layers=2, encoder_type='rnn', epochs=17, exp='', exp_host='', feat_merge='concat', feat_vec_exponent=0.7, feat_vec_size=-1, fix_word_vecs_dec=False, fix_word_vecs_enc=False, global_attention='general', gpuid=[0], input_feed=1, kappa_dec=0.25, kappa_enc=0.15, lambda_coverage=1, layers=-1, learning_rate=1.0, learning_rate_decay=0.5, max_generator_batches=32, max_grad_norm=5, model_type='text', optim='sgd', param_init=0.1, position_encoding=False, pre_word_vecs_dec=None, pre_word_vecs_enc=None, report_every=50, rnn_size=500, rnn_type='LSTM', save_model='/data/lisatmp3/suhubdyd/models/encoder0.15_decoder0.25_dropout0.3', seed=-1, share_decoder_embeddings=False, share_embeddings=False, src_word_vec_size=500, start_checkpoint_at=0, start_decay_at=8, start_epoch=1, tgt_word_vec_size=500, train_from='', truncated_decoder=0, warmup_steps=4000, word_vec_size=-1)
('Using Kappa L2 loss on encoder', 0.15)
('Using Kappa L2 loss on decoder', 0.25)
Loading train and validate data from '/data/lisatmp3/suhubdyd/multi30k.atok.low'
 * number of training sentences: 29000
 * maximum batch size: 64
 * vocabulary size. source = 10841; target = 18563
Building model...
Intializing model parameters.
NMTModel (
  (encoder): RNNEncoder (
    (embeddings): Embeddings (
      (make_embedding): Sequential (
        (emb_luts): Elementwise (
          (0): Embedding(10841, 500, padding_idx=1)
        )
      )
    )
    (dropout): Dropout (p = 0.3)
    (rnn): LSTM(500, 500, dropout=0.3)
  )
  (decoder): InputFeedRNNDecoder (
    (embeddings): Embeddings (
      (make_embedding): Sequential (
        (emb_luts): Elementwise (
          (0): Embedding(18563, 500, padding_idx=1)
        )
      )
    )
    (dropout): Dropout (p = 0.3)
    (rnn): StackedLSTM (
      (dropout): Dropout (p = 0.3)
      (layers): ModuleList (
        (0): LSTMCell(1000, 500)
      )
    )
    (attn): GlobalAttention (
      (linear_in): Linear (500 -> 500)
      (linear_out): Linear (1000 -> 500)
      (sm): Softmax ()
      (tanh): Tanh ()
    )
  )
  (generator): Sequential (
    (0): Linear (500 -> 18563)
    (1): LogSoftmax ()
  )
)
* number of parameters: 29760063
('encoder: ', 7424500)
('decoder: ', 22335563)

Epoch  1,    50/  454; acc:   8.77; ppl: 15327.50; 4880 src tok/s; 5044 tgt tok/s;      9 s elapsed
Epoch  1,   100/  454; acc:  13.17; ppl: 9259.97; 4937 src tok/s; 5158 tgt tok/s;     17 s elapsed
Epoch  1,   150/  454; acc:  17.19; ppl: 716.67; 4898 src tok/s; 5085 tgt tok/s;     26 s elapsed
Epoch  1,   200/  454; acc:  20.16; ppl: 317.72; 4979 src tok/s; 5149 tgt tok/s;     34 s elapsed
Epoch  1,   250/  454; acc:  22.54; ppl: 193.52; 4888 src tok/s; 5040 tgt tok/s;     43 s elapsed
Epoch  1,   300/  454; acc:  27.06; ppl: 129.95; 5076 src tok/s; 5296 tgt tok/s;     51 s elapsed
Epoch  1,   350/  454; acc:  30.50; ppl:  89.33; 4972 src tok/s; 5206 tgt tok/s;     59 s elapsed
Epoch  1,   400/  454; acc:  29.81; ppl:  87.03; 4848 src tok/s; 4990 tgt tok/s;     68 s elapsed
Epoch  1,   450/  454; acc:  32.73; ppl:  68.10; 4863 src tok/s; 5065 tgt tok/s;     76 s elapsed
Train perplexity: 421.376
Train accuracy: 22.4298
Validation perplexity: 71.2421
Validation accuracy: 29.58

Epoch  2,    50/  454; acc:  35.53; ppl:  55.20; 4743 src tok/s; 4962 tgt tok/s;      8 s elapsed
Epoch  2,   100/  454; acc:  36.12; ppl:  52.14; 5039 src tok/s; 5185 tgt tok/s;     17 s elapsed
Epoch  2,   150/  454; acc:  39.95; ppl:  38.82; 5089 src tok/s; 5310 tgt tok/s;     25 s elapsed
Epoch  2,   200/  454; acc:  41.72; ppl:  34.89; 4909 src tok/s; 5076 tgt tok/s;     34 s elapsed
Epoch  2,   250/  454; acc:  43.63; ppl:  29.77; 4967 src tok/s; 5135 tgt tok/s;     43 s elapsed
Epoch  2,   300/  454; acc:  47.61; ppl:  23.80; 4930 src tok/s; 5137 tgt tok/s;     51 s elapsed
Epoch  2,   350/  454; acc:  47.48; ppl:  23.36; 5123 src tok/s; 5279 tgt tok/s;     60 s elapsed
Epoch  2,   400/  454; acc:  51.97; ppl:  17.70; 4768 src tok/s; 4986 tgt tok/s;     68 s elapsed
Epoch  2,   450/  454; acc:  52.42; ppl:  17.85; 4739 src tok/s; 4939 tgt tok/s;     76 s elapsed
Train perplexity: 30.1713
Train accuracy: 43.9964
Validation perplexity: 17.3049
Validation accuracy: 52.1357

Epoch  3,    50/  454; acc:  54.08; ppl:  14.55; 4954 src tok/s; 5136 tgt tok/s;      9 s elapsed
Epoch  3,   100/  454; acc:  55.48; ppl:  13.23; 5053 src tok/s; 5254 tgt tok/s;     17 s elapsed
Epoch  3,   150/  454; acc:  57.64; ppl:  11.49; 4830 src tok/s; 5063 tgt tok/s;     25 s elapsed
Epoch  3,   200/  454; acc:  54.83; ppl:  14.01; 5152 src tok/s; 5284 tgt tok/s;     33 s elapsed
Epoch  3,   250/  454; acc:  55.50; ppl:  12.76; 5098 src tok/s; 5251 tgt tok/s;     42 s elapsed
Epoch  3,   300/  454; acc:  59.42; ppl:  10.40; 4908 src tok/s; 5156 tgt tok/s;     50 s elapsed
Epoch  3,   350/  454; acc:  58.42; ppl:  11.29; 5081 src tok/s; 5275 tgt tok/s;     58 s elapsed
Epoch  3,   400/  454; acc:  58.07; ppl:  11.22; 4751 src tok/s; 4905 tgt tok/s;     67 s elapsed
Epoch  3,   450/  454; acc:  59.25; ppl:  10.37; 4818 src tok/s; 5019 tgt tok/s;     76 s elapsed
Train perplexity: 12.0692
Train accuracy: 56.953
Validation perplexity: 9.76204
Validation accuracy: 61.92

Epoch  4,    50/  454; acc:  61.78; ppl:   8.28; 4844 src tok/s; 5008 tgt tok/s;      9 s elapsed
Epoch  4,   100/  454; acc:  62.17; ppl:   8.04; 4876 src tok/s; 5090 tgt tok/s;     17 s elapsed
Epoch  4,   150/  454; acc:  61.44; ppl:   8.36; 5035 src tok/s; 5213 tgt tok/s;     26 s elapsed
Epoch  4,   200/  454; acc:  62.70; ppl:   7.70; 4937 src tok/s; 5130 tgt tok/s;     34 s elapsed
Epoch  4,   250/  454; acc:  62.04; ppl:   8.06; 5046 src tok/s; 5225 tgt tok/s;     43 s elapsed
Epoch  4,   300/  454; acc:  63.48; ppl:   7.47; 4941 src tok/s; 5143 tgt tok/s;     51 s elapsed
Epoch  4,   350/  454; acc:  63.54; ppl:   7.18; 4914 src tok/s; 5114 tgt tok/s;     59 s elapsed
Epoch  4,   400/  454; acc:  63.76; ppl:   7.28; 4818 src tok/s; 4965 tgt tok/s;     68 s elapsed
Epoch  4,   450/  454; acc:  62.53; ppl:   7.91; 4958 src tok/s; 5159 tgt tok/s;     77 s elapsed
Train perplexity: 7.78855
Train accuracy: 62.6369
Validation perplexity: 8.04795
Validation accuracy: 64.531

Epoch  5,    50/  454; acc:  65.89; ppl:   5.90; 5032 src tok/s; 5181 tgt tok/s;      9 s elapsed
Epoch  5,   100/  454; acc:  67.14; ppl:   5.60; 4997 src tok/s; 5219 tgt tok/s;     17 s elapsed
Epoch  5,   150/  454; acc:  65.87; ppl:   5.94; 4861 src tok/s; 5073 tgt tok/s;     25 s elapsed
Epoch  5,   200/  454; acc:  65.92; ppl:   5.82; 4949 src tok/s; 5139 tgt tok/s;     34 s elapsed
Epoch  5,   250/  454; acc:  66.09; ppl:   5.95; 4995 src tok/s; 5169 tgt tok/s;     42 s elapsed
Epoch  5,   300/  454; acc:  66.60; ppl:   5.63; 5058 src tok/s; 5235 tgt tok/s;     51 s elapsed
Epoch  5,   350/  454; acc:  65.16; ppl:   6.22; 4998 src tok/s; 5165 tgt tok/s;     59 s elapsed
Epoch  5,   400/  454; acc:  67.23; ppl:   5.53; 4892 src tok/s; 5103 tgt tok/s;     67 s elapsed
Epoch  5,   450/  454; acc:  66.89; ppl:   5.63; 4841 src tok/s; 5028 tgt tok/s;     76 s elapsed
Train perplexity: 5.80661
Train accuracy: 66.29
Validation perplexity: 7.34851
Validation accuracy: 64.8077

Epoch  6,    50/  454; acc:  69.77; ppl:   4.39; 5010 src tok/s; 5177 tgt tok/s;      8 s elapsed
Epoch  6,   100/  454; acc:  69.92; ppl:   4.42; 4891 src tok/s; 5103 tgt tok/s;     17 s elapsed
Epoch  6,   150/  454; acc:  69.35; ppl:   4.61; 4897 src tok/s; 5098 tgt tok/s;     25 s elapsed
Epoch  6,   200/  454; acc:  68.71; ppl:   4.65; 4991 src tok/s; 5149 tgt tok/s;     34 s elapsed
Epoch  6,   250/  454; acc:  70.42; ppl:   4.29; 4861 src tok/s; 5122 tgt tok/s;     42 s elapsed
Epoch  6,   300/  454; acc:  67.41; ppl:   5.10; 5047 src tok/s; 5179 tgt tok/s;     51 s elapsed
Epoch  6,   350/  454; acc:  68.28; ppl:   4.76; 4890 src tok/s; 5079 tgt tok/s;     59 s elapsed
Epoch  6,   400/  454; acc:  68.10; ppl:   4.71; 4990 src tok/s; 5161 tgt tok/s;     68 s elapsed
Epoch  6,   450/  454; acc:  68.08; ppl:   4.92; 4677 src tok/s; 4871 tgt tok/s;     77 s elapsed
Train perplexity: 4.65163
Train accuracy: 68.8554
Validation perplexity: 6.80153
Validation accuracy: 65.8791

Epoch  7,    50/  454; acc:  72.33; ppl:   3.63; 4976 src tok/s; 5154 tgt tok/s;      8 s elapsed
Epoch  7,   100/  454; acc:  71.92; ppl:   3.72; 4992 src tok/s; 5178 tgt tok/s;     17 s elapsed
Epoch  7,   150/  454; acc:  71.14; ppl:   3.84; 5126 src tok/s; 5336 tgt tok/s;     25 s elapsed
Epoch  7,   200/  454; acc:  71.40; ppl:   3.79; 4921 src tok/s; 5091 tgt tok/s;     34 s elapsed
Epoch  7,   250/  454; acc:  70.40; ppl:   4.03; 5119 src tok/s; 5275 tgt tok/s;     42 s elapsed
Epoch  7,   300/  454; acc:  71.04; ppl:   3.83; 4743 src tok/s; 4954 tgt tok/s;     51 s elapsed
Epoch  7,   350/  454; acc:  70.93; ppl:   3.87; 4910 src tok/s; 5118 tgt tok/s;     59 s elapsed
Epoch  7,   400/  454; acc:  70.50; ppl:   4.02; 5015 src tok/s; 5187 tgt tok/s;     67 s elapsed
Epoch  7,   450/  454; acc:  70.47; ppl:   4.14; 4729 src tok/s; 4914 tgt tok/s;     76 s elapsed
Train perplexity: 3.86964
Train accuracy: 71.1365
Validation perplexity: 6.89993
Validation accuracy: 66.1913
Decaying learning rate to 0.5

Epoch  8,    50/  454; acc:  76.68; ppl:   2.84; 4824 src tok/s; 5024 tgt tok/s;      9 s elapsed
Epoch  8,   100/  454; acc:  76.19; ppl:   2.89; 4840 src tok/s; 4990 tgt tok/s;     17 s elapsed
Epoch  8,   150/  454; acc:  77.46; ppl:   2.71; 5026 src tok/s; 5236 tgt tok/s;     26 s elapsed
Epoch  8,   200/  454; acc:  76.03; ppl:   2.92; 5056 src tok/s; 5230 tgt tok/s;     34 s elapsed
Epoch  8,   250/  454; acc:  77.29; ppl:   2.69; 4978 src tok/s; 5173 tgt tok/s;     42 s elapsed
Epoch  8,   300/  454; acc:  76.48; ppl:   2.82; 5047 src tok/s; 5199 tgt tok/s;     51 s elapsed
Epoch  8,   350/  454; acc:  77.19; ppl:   2.67; 4922 src tok/s; 5117 tgt tok/s;     59 s elapsed
Epoch  8,   400/  454; acc:  75.67; ppl:   2.94; 5087 src tok/s; 5290 tgt tok/s;     68 s elapsed
Epoch  8,   450/  454; acc:  75.89; ppl:   2.86; 4725 src tok/s; 4930 tgt tok/s;     76 s elapsed
Train perplexity: 2.81652
Train accuracy: 76.5333
Validation perplexity: 6.31896
Validation accuracy: 68.0431
Decaying learning rate to 0.25

Epoch  9,    50/  454; acc:  81.50; ppl:   2.22; 4922 src tok/s; 5110 tgt tok/s;      8 s elapsed
Epoch  9,   100/  454; acc:  80.15; ppl:   2.32; 5106 src tok/s; 5281 tgt tok/s;     17 s elapsed
Epoch  9,   150/  454; acc:  81.88; ppl:   2.13; 4874 src tok/s; 5112 tgt tok/s;     25 s elapsed
Epoch  9,   200/  454; acc:  79.36; ppl:   2.43; 5181 src tok/s; 5326 tgt tok/s;     34 s elapsed
Epoch  9,   250/  454; acc:  81.31; ppl:   2.21; 4822 src tok/s; 5055 tgt tok/s;     42 s elapsed
Epoch  9,   300/  454; acc:  80.03; ppl:   2.36; 4977 src tok/s; 5137 tgt tok/s;     51 s elapsed
Epoch  9,   350/  454; acc:  81.53; ppl:   2.18; 4817 src tok/s; 5024 tgt tok/s;     59 s elapsed
Epoch  9,   400/  454; acc:  79.87; ppl:   2.34; 4929 src tok/s; 5084 tgt tok/s;     68 s elapsed
Epoch  9,   450/  454; acc:  80.15; ppl:   2.32; 4825 src tok/s; 5005 tgt tok/s;     76 s elapsed
Train perplexity: 2.27863
Train accuracy: 80.6243
Validation perplexity: 6.33256
Validation accuracy: 68.8378
Decaying learning rate to 0.125

Epoch 10,    50/  454; acc:  84.29; ppl:   1.93; 4837 src tok/s; 5034 tgt tok/s;      8 s elapsed
Epoch 10,   100/  454; acc:  82.60; ppl:   2.11; 4976 src tok/s; 5112 tgt tok/s;     17 s elapsed
Epoch 10,   150/  454; acc:  83.68; ppl:   1.98; 4849 src tok/s; 5048 tgt tok/s;     26 s elapsed
Epoch 10,   200/  454; acc:  82.60; ppl:   2.09; 4852 src tok/s; 5024 tgt tok/s;     34 s elapsed
Epoch 10,   250/  454; acc:  82.08; ppl:   2.14; 4961 src tok/s; 5127 tgt tok/s;     43 s elapsed
Epoch 10,   300/  454; acc:  83.72; ppl:   1.98; 4892 src tok/s; 5083 tgt tok/s;     51 s elapsed
Epoch 10,   350/  454; acc:  82.36; ppl:   2.11; 4882 src tok/s; 5060 tgt tok/s;     60 s elapsed
Epoch 10,   400/  454; acc:  83.22; ppl:   2.01; 4866 src tok/s; 5103 tgt tok/s;     69 s elapsed
Epoch 10,   450/  454; acc:  83.00; ppl:   2.02; 5055 src tok/s; 5247 tgt tok/s;     77 s elapsed
Train perplexity: 2.0412
Train accuracy: 83.0553
Validation perplexity: 6.45611
Validation accuracy: 69.0578
Decaying learning rate to 0.0625

Epoch 11,    50/  454; acc:  85.00; ppl:   1.87; 4908 src tok/s; 5065 tgt tok/s;      8 s elapsed
Epoch 11,   100/  454; acc:  84.35; ppl:   1.93; 4982 src tok/s; 5165 tgt tok/s;     17 s elapsed
Epoch 11,   150/  454; acc:  83.68; ppl:   2.03; 4902 src tok/s; 5073 tgt tok/s;     26 s elapsed
Epoch 11,   200/  454; acc:  85.53; ppl:   1.82; 5043 src tok/s; 5243 tgt tok/s;     34 s elapsed
Epoch 11,   250/  454; acc:  84.28; ppl:   1.93; 5014 src tok/s; 5194 tgt tok/s;     42 s elapsed
Epoch 11,   300/  454; acc:  83.84; ppl:   1.99; 4915 src tok/s; 5122 tgt tok/s;     51 s elapsed
Epoch 11,   350/  454; acc:  84.94; ppl:   1.88; 4928 src tok/s; 5158 tgt tok/s;     59 s elapsed
Epoch 11,   400/  454; acc:  83.82; ppl:   1.97; 5044 src tok/s; 5222 tgt tok/s;     68 s elapsed
Epoch 11,   450/  454; acc:  84.11; ppl:   1.95; 4872 src tok/s; 5051 tgt tok/s;     76 s elapsed
Train perplexity: 1.93212
Train accuracy: 84.3708
Validation perplexity: 6.56075
Validation accuracy: 68.9371
Decaying learning rate to 0.03125

Epoch 12,    50/  454; acc:  85.56; ppl:   1.84; 4821 src tok/s; 5004 tgt tok/s;      9 s elapsed
Epoch 12,   100/  454; acc:  84.93; ppl:   1.87; 4892 src tok/s; 5082 tgt tok/s;     17 s elapsed
Epoch 12,   150/  454; acc:  85.56; ppl:   1.82; 4953 src tok/s; 5163 tgt tok/s;     25 s elapsed
Epoch 12,   200/  454; acc:  83.90; ppl:   1.95; 4994 src tok/s; 5154 tgt tok/s;     34 s elapsed
Epoch 12,   250/  454; acc:  84.94; ppl:   1.88; 4933 src tok/s; 5139 tgt tok/s;     43 s elapsed
Epoch 12,   300/  454; acc:  85.40; ppl:   1.86; 5040 src tok/s; 5212 tgt tok/s;     51 s elapsed
Epoch 12,   350/  454; acc:  85.10; ppl:   1.87; 4927 src tok/s; 5116 tgt tok/s;     59 s elapsed
Epoch 12,   400/  454; acc:  84.19; ppl:   1.95; 5030 src tok/s; 5216 tgt tok/s;     68 s elapsed
Epoch 12,   450/  454; acc:  85.25; ppl:   1.85; 4948 src tok/s; 5129 tgt tok/s;     76 s elapsed
Train perplexity: 1.87896
Train accuracy: 84.9468
Validation perplexity: 6.60078
Validation accuracy: 68.9017
Decaying learning rate to 0.015625

Epoch 13,    50/  454; acc:  86.36; ppl:   1.78; 2980 src tok/s; 3109 tgt tok/s;     13 s elapsed
Epoch 13,   100/  454; acc:  84.97; ppl:   1.89; 2938 src tok/s; 3033 tgt tok/s;     28 s elapsed
Epoch 13,   150/  454; acc:  84.43; ppl:   1.94; 3253 src tok/s; 3345 tgt tok/s;     42 s elapsed
Epoch 13,   200/  454; acc:  86.15; ppl:   1.77; 3661 src tok/s; 3823 tgt tok/s;     53 s elapsed
Epoch 13,   250/  454; acc:  84.69; ppl:   1.87; 3707 src tok/s; 3839 tgt tok/s;     64 s elapsed
Epoch 13,   300/  454; acc:  86.00; ppl:   1.81; 3603 src tok/s; 3748 tgt tok/s;     76 s elapsed
Epoch 13,   350/  454; acc:  85.38; ppl:   1.85; 3690 src tok/s; 3869 tgt tok/s;     87 s elapsed
Epoch 13,   400/  454; acc:  84.88; ppl:   1.88; 3889 src tok/s; 4027 tgt tok/s;     98 s elapsed
Epoch 13,   450/  454; acc:  85.00; ppl:   1.88; 3960 src tok/s; 4095 tgt tok/s;    108 s elapsed
Train perplexity: 1.85168
Train accuracy: 85.3112
Validation perplexity: 6.65673
Validation accuracy: 68.8449
Decaying learning rate to 0.0078125

Epoch 14,    50/  454; acc:  85.35; ppl:   1.86; 3703 src tok/s; 3844 tgt tok/s;     11 s elapsed
Epoch 14,   100/  454; acc:  85.72; ppl:   1.82; 4259 src tok/s; 4441 tgt tok/s;     21 s elapsed
Epoch 14,   150/  454; acc:  85.31; ppl:   1.86; 4211 src tok/s; 4358 tgt tok/s;     31 s elapsed
Epoch 14,   200/  454; acc:  85.33; ppl:   1.85; 4908 src tok/s; 5096 tgt tok/s;     40 s elapsed
Epoch 14,   250/  454; acc:  85.50; ppl:   1.82; 4999 src tok/s; 5173 tgt tok/s;     48 s elapsed
Epoch 14,   300/  454; acc:  85.38; ppl:   1.85; 4961 src tok/s; 5168 tgt tok/s;     56 s elapsed
Epoch 14,   350/  454; acc:  85.61; ppl:   1.82; 5080 src tok/s; 5273 tgt tok/s;     65 s elapsed
Epoch 14,   400/  454; acc:  85.10; ppl:   1.87; 4859 src tok/s; 5031 tgt tok/s;     74 s elapsed
Epoch 14,   450/  454; acc:  85.61; ppl:   1.83; 4988 src tok/s; 5165 tgt tok/s;     82 s elapsed
Train perplexity: 1.83896
Train accuracy: 85.457
Validation perplexity: 6.66277
Validation accuracy: 68.93
Decaying learning rate to 0.00390625

Epoch 15,    50/  454; acc:  85.52; ppl:   1.85; 4891 src tok/s; 5094 tgt tok/s;      8 s elapsed
Epoch 15,   100/  454; acc:  85.82; ppl:   1.80; 5057 src tok/s; 5219 tgt tok/s;     17 s elapsed
Epoch 15,   150/  454; acc:  85.95; ppl:   1.80; 4959 src tok/s; 5153 tgt tok/s;     25 s elapsed
Epoch 15,   200/  454; acc:  85.40; ppl:   1.84; 4802 src tok/s; 4978 tgt tok/s;     34 s elapsed
Epoch 15,   250/  454; acc:  86.03; ppl:   1.79; 5016 src tok/s; 5211 tgt tok/s;     42 s elapsed
Epoch 15,   300/  454; acc:  85.29; ppl:   1.88; 5055 src tok/s; 5254 tgt tok/s;     51 s elapsed
Epoch 15,   350/  454; acc:  86.32; ppl:   1.78; 4932 src tok/s; 5132 tgt tok/s;     59 s elapsed
Epoch 15,   400/  454; acc:  84.54; ppl:   1.92; 5025 src tok/s; 5205 tgt tok/s;     68 s elapsed
Epoch 15,   450/  454; acc:  85.56; ppl:   1.84; 4914 src tok/s; 5096 tgt tok/s;     76 s elapsed
Train perplexity: 1.83223
Train accuracy: 85.6026
Validation perplexity: 6.66263
Validation accuracy: 68.8449
Decaying learning rate to 0.00195312

Epoch 16,    50/  454; acc:  85.72; ppl:   1.82; 4904 src tok/s; 5123 tgt tok/s;      9 s elapsed
Epoch 16,   100/  454; acc:  85.51; ppl:   1.88; 5050 src tok/s; 5231 tgt tok/s;     17 s elapsed
Epoch 16,   150/  454; acc:  85.67; ppl:   1.81; 5044 src tok/s; 5260 tgt tok/s;     25 s elapsed
Epoch 16,   200/  454; acc:  85.10; ppl:   1.86; 4898 src tok/s; 5058 tgt tok/s;     34 s elapsed
Epoch 16,   250/  454; acc:  85.49; ppl:   1.84; 4961 src tok/s; 5163 tgt tok/s;     42 s elapsed
Epoch 16,   300/  454; acc:  85.81; ppl:   1.81; 4944 src tok/s; 5120 tgt tok/s;     51 s elapsed
Epoch 16,   350/  454; acc:  85.55; ppl:   1.83; 5083 src tok/s; 5288 tgt tok/s;     59 s elapsed
Epoch 16,   400/  454; acc:  85.40; ppl:   1.83; 4939 src tok/s; 5107 tgt tok/s;     68 s elapsed
Epoch 16,   450/  454; acc:  85.79; ppl:   1.82; 4837 src tok/s; 4999 tgt tok/s;     76 s elapsed
Train perplexity: 1.83193
Train accuracy: 85.5831
Validation perplexity: 6.66841
Validation accuracy: 68.8307
Decaying learning rate to 0.000976562

Epoch 17,    50/  454; acc:  85.84; ppl:   1.79; 4929 src tok/s; 5147 tgt tok/s;      8 s elapsed
Epoch 17,   100/  454; acc:  85.57; ppl:   1.84; 4981 src tok/s; 5156 tgt tok/s;     17 s elapsed
Epoch 17,   150/  454; acc:  85.32; ppl:   1.85; 5104 src tok/s; 5258 tgt tok/s;     26 s elapsed
Epoch 17,   200/  454; acc:  86.00; ppl:   1.79; 4714 src tok/s; 4937 tgt tok/s;     34 s elapsed
Epoch 17,   250/  454; acc:  84.67; ppl:   1.91; 5034 src tok/s; 5208 tgt tok/s;     43 s elapsed
Epoch 17,   300/  454; acc:  87.02; ppl:   1.72; 4964 src tok/s; 5195 tgt tok/s;     51 s elapsed
Epoch 17,   350/  454; acc:  84.54; ppl:   1.93; 5071 src tok/s; 5238 tgt tok/s;     59 s elapsed
Epoch 17,   400/  454; acc:  86.20; ppl:   1.77; 5035 src tok/s; 5248 tgt tok/s;     67 s elapsed
Epoch 17,   450/  454; acc:  85.70; ppl:   1.83; 4919 src tok/s; 5072 tgt tok/s;     76 s elapsed
Train perplexity: 1.82785
Train accuracy: 85.6139
Validation perplexity: 6.67159
Validation accuracy: 68.8165
Decaying learning rate to 0.000488281
