<module 'opts' from '/u/suhubdyd/research/projects/jumble_lstm/code/auxiliary-nmt/opts.pyc'>
Namespace(batch_size=64, brnn=False, brnn_merge='concat', cnn_kernel_width=3, context_gate=None, copy_attn=False, copy_attn_force=False, coverage_attn=False, data='/data/lisatmp3/suhubdyd/multi30k.atok.low', dec_layers=1, decay_method='', decoder_type='rnn', dropout=0.3, enc_layers=2, encoder_type='rnn', epochs=17, exp='', exp_host='', feat_merge='concat', feat_vec_exponent=0.7, feat_vec_size=-1, fix_word_vecs_dec=False, fix_word_vecs_enc=False, global_attention='general', gpuid=[0], input_feed=1, kappa_dec=0.0, kappa_enc=0.0, lambda_coverage=1, layers=-1, learning_rate=1.0, learning_rate_decay=0.5, max_generator_batches=32, max_grad_norm=5, model_type='text', optim='sgd', param_init=0.1, position_encoding=False, pre_word_vecs_dec=None, pre_word_vecs_enc=None, report_every=50, rnn_size=500, rnn_type='LSTM', save_model='/data/lisatmp3/suhubdyd/models/seeds/encoder0decoder0dropout0.3wdropFalseseed4', seed=4, share_decoder_embeddings=False, share_embeddings=False, src_word_vec_size=500, start_checkpoint_at=0, start_decay_at=8, start_epoch=1, tgt_word_vec_size=500, train_from='', truncated_decoder=0, warmup_steps=4000, weightdropout=False, word_vec_size=-1)
Loading train and validate data from '/data/lisatmp3/suhubdyd/multi30k.atok.low'
 * number of training sentences: 29000
 * maximum batch size: 64
 * vocabulary size. source = 10841; target = 18563
Building model...
Intializing model parameters.
NMTModel (
  (encoder): RNNEncoder (
    (embeddings): Embeddings (
      (make_embedding): Sequential (
        (emb_luts): Elementwise (
          (0): Embedding(10841, 500, padding_idx=1)
        )
      )
    )
    (dropout): Dropout (p = 0.3)
    (rnn): LSTM(500, 500, dropout=0.3)
  )
  (decoder): InputFeedRNNDecoder (
    (embeddings): Embeddings (
      (make_embedding): Sequential (
        (emb_luts): Elementwise (
          (0): Embedding(18563, 500, padding_idx=1)
        )
      )
    )
    (dropout): Dropout (p = 0.3)
    (rnn): StackedLSTM (
      (dropout): Dropout (p = 0.3)
      (layers): ModuleList (
        (0): LSTMCell(1000, 500)
      )
    )
    (attn): GlobalAttention (
      (linear_in): Linear (500 -> 500)
      (linear_out): Linear (1000 -> 500)
      (sm): Softmax ()
      (tanh): Tanh ()
    )
  )
  (generator): Sequential (
    (0): Linear (500 -> 18563)
    (1): LogSoftmax ()
  )
)
* number of parameters: 29760063
('encoder: ', 7424500)
('decoder: ', 22335563)

Epoch  1,    50/  454; acc:   8.34; ppl: 32654.79; 4976 src tok/s; 5177 tgt tok/s;      8 s elapsed
Epoch  1,   100/  454; acc:  13.36; ppl: 1652.99; 5276 src tok/s; 5455 tgt tok/s;     16 s elapsed
Epoch  1,   150/  454; acc:  17.26; ppl: 568.86; 5380 src tok/s; 5549 tgt tok/s;     25 s elapsed
Epoch  1,   200/  454; acc:  21.40; ppl: 296.06; 5303 src tok/s; 5532 tgt tok/s;     32 s elapsed
Epoch  1,   250/  454; acc:  23.06; ppl: 194.38; 5387 src tok/s; 5579 tgt tok/s;     40 s elapsed
Epoch  1,   300/  454; acc:  26.22; ppl: 136.96; 5229 src tok/s; 5445 tgt tok/s;     48 s elapsed
Epoch  1,   350/  454; acc:  29.06; ppl: 102.72; 5430 src tok/s; 5639 tgt tok/s;     56 s elapsed
Epoch  1,   400/  454; acc:  30.83; ppl:  86.76; 5370 src tok/s; 5579 tgt tok/s;     63 s elapsed
Epoch  1,   450/  454; acc:  33.73; ppl:  66.56; 5223 src tok/s; 5441 tgt tok/s;     71 s elapsed
Train perplexity: 367.296
Train accuracy: 22.6239
Validation perplexity: 55.2981
Validation accuracy: 36.9519

Epoch  2,    50/  454; acc:  36.91; ppl:  51.36; 5236 src tok/s; 5437 tgt tok/s;      8 s elapsed
Epoch  2,   100/  454; acc:  38.97; ppl:  43.65; 5454 src tok/s; 5618 tgt tok/s;     16 s elapsed
Epoch  2,   150/  454; acc:  40.28; ppl:  40.87; 5357 src tok/s; 5554 tgt tok/s;     24 s elapsed
Epoch  2,   200/  454; acc:  44.64; ppl:  30.10; 5238 src tok/s; 5430 tgt tok/s;     32 s elapsed
Epoch  2,   250/  454; acc:  44.43; ppl:  29.79; 5394 src tok/s; 5585 tgt tok/s;     40 s elapsed
Epoch  2,   300/  454; acc:  48.49; ppl:  23.13; 5329 src tok/s; 5564 tgt tok/s;     47 s elapsed
Epoch  2,   350/  454; acc:  48.68; ppl:  22.52; 5422 src tok/s; 5619 tgt tok/s;     55 s elapsed
Epoch  2,   400/  454; acc:  50.97; ppl:  19.44; 5159 src tok/s; 5397 tgt tok/s;     63 s elapsed
Epoch  2,   450/  454; acc:  51.07; ppl:  19.32; 5283 src tok/s; 5485 tgt tok/s;     71 s elapsed
Train perplexity: 29.2682
Train accuracy: 44.9634
Validation perplexity: 17.0336
Validation accuracy: 53.0155

Epoch  3,    50/  454; acc:  55.23; ppl:  13.87; 5366 src tok/s; 5572 tgt tok/s;      8 s elapsed
Epoch  3,   100/  454; acc:  54.00; ppl:  15.13; 5429 src tok/s; 5621 tgt tok/s;     16 s elapsed
Epoch  3,   150/  454; acc:  55.37; ppl:  13.61; 5306 src tok/s; 5527 tgt tok/s;     23 s elapsed
Epoch  3,   200/  454; acc:  55.88; ppl:  13.41; 5317 src tok/s; 5497 tgt tok/s;     31 s elapsed
Epoch  3,   250/  454; acc:  56.56; ppl:  12.56; 5538 src tok/s; 5697 tgt tok/s;     39 s elapsed
Epoch  3,   300/  454; acc:  57.88; ppl:  11.77; 5312 src tok/s; 5543 tgt tok/s;     47 s elapsed
Epoch  3,   350/  454; acc:  58.36; ppl:  11.06; 5352 src tok/s; 5604 tgt tok/s;     54 s elapsed
Epoch  3,   400/  454; acc:  57.47; ppl:  11.83; 5266 src tok/s; 5450 tgt tok/s;     63 s elapsed
Epoch  3,   450/  454; acc:  58.76; ppl:  10.98; 5253 src tok/s; 5445 tgt tok/s;     71 s elapsed
Train perplexity: 12.5898
Train accuracy: 56.6448
Validation perplexity: 10.4799
Validation accuracy: 59.5502

Epoch  4,    50/  454; acc:  61.50; ppl:   8.58; 5351 src tok/s; 5546 tgt tok/s;      8 s elapsed
Epoch  4,   100/  454; acc:  61.31; ppl:   8.68; 5456 src tok/s; 5676 tgt tok/s;     16 s elapsed
Epoch  4,   150/  454; acc:  61.31; ppl:   8.82; 5297 src tok/s; 5481 tgt tok/s;     24 s elapsed
Epoch  4,   200/  454; acc:  62.29; ppl:   8.15; 5324 src tok/s; 5549 tgt tok/s;     31 s elapsed
Epoch  4,   250/  454; acc:  62.46; ppl:   8.04; 5308 src tok/s; 5521 tgt tok/s;     39 s elapsed
Epoch  4,   300/  454; acc:  62.09; ppl:   8.22; 5412 src tok/s; 5583 tgt tok/s;     47 s elapsed
Epoch  4,   350/  454; acc:  61.82; ppl:   8.27; 5431 src tok/s; 5610 tgt tok/s;     55 s elapsed
Epoch  4,   400/  454; acc:  62.92; ppl:   7.98; 5265 src tok/s; 5496 tgt tok/s;     63 s elapsed
Epoch  4,   450/  454; acc:  62.21; ppl:   8.17; 5327 src tok/s; 5525 tgt tok/s;     70 s elapsed
Train perplexity: 8.31367
Train accuracy: 62.0038
Validation perplexity: 8.12024
Validation accuracy: 63.6867

Epoch  5,    50/  454; acc:  66.66; ppl:   5.82; 5410 src tok/s; 5651 tgt tok/s;      8 s elapsed
Epoch  5,   100/  454; acc:  65.48; ppl:   6.27; 5425 src tok/s; 5610 tgt tok/s;     15 s elapsed
Epoch  5,   150/  454; acc:  64.52; ppl:   6.65; 5290 src tok/s; 5510 tgt tok/s;     23 s elapsed
Epoch  5,   200/  454; acc:  65.14; ppl:   6.38; 5267 src tok/s; 5466 tgt tok/s;     31 s elapsed
Epoch  5,   250/  454; acc:  64.15; ppl:   6.72; 5306 src tok/s; 5487 tgt tok/s;     39 s elapsed
Epoch  5,   300/  454; acc:  65.97; ppl:   6.03; 5180 src tok/s; 5400 tgt tok/s;     47 s elapsed
Epoch  5,   350/  454; acc:  66.35; ppl:   5.99; 5274 src tok/s; 5487 tgt tok/s;     55 s elapsed
Epoch  5,   400/  454; acc:  65.24; ppl:   6.49; 5422 src tok/s; 5595 tgt tok/s;     63 s elapsed
Epoch  5,   450/  454; acc:  65.93; ppl:   6.16; 5163 src tok/s; 5358 tgt tok/s;     71 s elapsed
Train perplexity: 6.30024
Train accuracy: 65.4174
Validation perplexity: 7.54624
Validation accuracy: 64.5239

Epoch  6,    50/  454; acc:  67.23; ppl:   5.23; 5224 src tok/s; 5404 tgt tok/s;      8 s elapsed
Epoch  6,   100/  454; acc:  69.15; ppl:   4.73; 5250 src tok/s; 5486 tgt tok/s;     16 s elapsed
Epoch  6,   150/  454; acc:  67.83; ppl:   5.15; 5258 src tok/s; 5440 tgt tok/s;     24 s elapsed
Epoch  6,   200/  454; acc:  68.40; ppl:   5.01; 5351 src tok/s; 5566 tgt tok/s;     32 s elapsed
Epoch  6,   250/  454; acc:  67.70; ppl:   5.15; 5356 src tok/s; 5543 tgt tok/s;     40 s elapsed
Epoch  6,   300/  454; acc:  68.23; ppl:   5.01; 5356 src tok/s; 5579 tgt tok/s;     48 s elapsed
Epoch  6,   350/  454; acc:  67.38; ppl:   5.31; 5315 src tok/s; 5508 tgt tok/s;     55 s elapsed
Epoch  6,   400/  454; acc:  68.43; ppl:   4.99; 5353 src tok/s; 5553 tgt tok/s;     63 s elapsed
Epoch  6,   450/  454; acc:  67.36; ppl:   5.33; 5310 src tok/s; 5510 tgt tok/s;     71 s elapsed
Train perplexity: 5.09701
Train accuracy: 67.9798
Validation perplexity: 6.96624
Validation accuracy: 65.9926

Epoch  7,    50/  454; acc:  71.24; ppl:   4.08; 5405 src tok/s; 5578 tgt tok/s;      8 s elapsed
Epoch  7,   100/  454; acc:  71.21; ppl:   4.02; 5298 src tok/s; 5515 tgt tok/s;     16 s elapsed
Epoch  7,   150/  454; acc:  68.88; ppl:   4.47; 5389 src tok/s; 5568 tgt tok/s;     24 s elapsed
Epoch  7,   200/  454; acc:  71.42; ppl:   3.91; 5297 src tok/s; 5551 tgt tok/s;     31 s elapsed
Epoch  7,   250/  454; acc:  70.25; ppl:   4.19; 5291 src tok/s; 5519 tgt tok/s;     39 s elapsed
Epoch  7,   300/  454; acc:  68.76; ppl:   4.63; 5301 src tok/s; 5469 tgt tok/s;     47 s elapsed
Epoch  7,   350/  454; acc:  69.27; ppl:   4.52; 5426 src tok/s; 5607 tgt tok/s;     55 s elapsed
Epoch  7,   400/  454; acc:  70.36; ppl:   4.19; 5340 src tok/s; 5586 tgt tok/s;     63 s elapsed
Epoch  7,   450/  454; acc:  69.13; ppl:   4.50; 5289 src tok/s; 5449 tgt tok/s;     71 s elapsed
Train perplexity: 4.27395
Train accuracy: 70.0586
Validation perplexity: 6.79648
Validation accuracy: 66.4325

Epoch  8,    50/  454; acc:  73.55; ppl:   3.43; 5380 src tok/s; 5569 tgt tok/s;      8 s elapsed
Epoch  8,   100/  454; acc:  72.43; ppl:   3.60; 5252 src tok/s; 5474 tgt tok/s;     16 s elapsed
Epoch  8,   150/  454; acc:  71.87; ppl:   3.65; 5312 src tok/s; 5511 tgt tok/s;     24 s elapsed
Epoch  8,   200/  454; acc:  71.91; ppl:   3.65; 5315 src tok/s; 5517 tgt tok/s;     32 s elapsed
Epoch  8,   250/  454; acc:  70.88; ppl:   3.92; 5318 src tok/s; 5495 tgt tok/s;     40 s elapsed
Epoch  8,   300/  454; acc:  72.62; ppl:   3.53; 5396 src tok/s; 5622 tgt tok/s;     47 s elapsed
Epoch  8,   350/  454; acc:  70.49; ppl:   4.02; 5453 src tok/s; 5637 tgt tok/s;     55 s elapsed
Epoch  8,   400/  454; acc:  71.87; ppl:   3.69; 5235 src tok/s; 5443 tgt tok/s;     63 s elapsed
Epoch  8,   450/  454; acc:  71.22; ppl:   3.88; 5311 src tok/s; 5519 tgt tok/s;     71 s elapsed
Train perplexity: 3.70409
Train accuracy: 71.8666
Validation perplexity: 6.60965
Validation accuracy: 67.3407
Decaying learning rate to 0.5

Epoch  9,    50/  454; acc:  75.22; ppl:   3.05; 5418 src tok/s; 5571 tgt tok/s;      8 s elapsed
Epoch  9,   100/  454; acc:  77.54; ppl:   2.64; 5301 src tok/s; 5527 tgt tok/s;     16 s elapsed
Epoch  9,   150/  454; acc:  76.48; ppl:   2.80; 5013 src tok/s; 5224 tgt tok/s;     24 s elapsed
Epoch  9,   200/  454; acc:  77.59; ppl:   2.72; 5282 src tok/s; 5477 tgt tok/s;     32 s elapsed
Epoch  9,   250/  454; acc:  77.09; ppl:   2.75; 5246 src tok/s; 5467 tgt tok/s;     40 s elapsed
Epoch  9,   300/  454; acc:  76.78; ppl:   2.77; 5402 src tok/s; 5586 tgt tok/s;     48 s elapsed
Epoch  9,   350/  454; acc:  77.77; ppl:   2.60; 5175 src tok/s; 5433 tgt tok/s;     55 s elapsed
Epoch  9,   400/  454; acc:  75.09; ppl:   3.02; 5415 src tok/s; 5584 tgt tok/s;     63 s elapsed
Epoch  9,   450/  454; acc:  77.35; ppl:   2.67; 5219 src tok/s; 5429 tgt tok/s;     71 s elapsed
Train perplexity: 2.79869
Train accuracy: 76.6318
Validation perplexity: 6.06753
Validation accuracy: 68.7101
Decaying learning rate to 0.25

Epoch 10,    50/  454; acc:  80.42; ppl:   2.29; 5275 src tok/s; 5489 tgt tok/s;      8 s elapsed
Epoch 10,   100/  454; acc:  80.00; ppl:   2.35; 5406 src tok/s; 5579 tgt tok/s;     16 s elapsed
Epoch 10,   150/  454; acc:  80.40; ppl:   2.30; 5305 src tok/s; 5517 tgt tok/s;     24 s elapsed
Epoch 10,   200/  454; acc:  80.68; ppl:   2.25; 5443 src tok/s; 5638 tgt tok/s;     31 s elapsed
Epoch 10,   250/  454; acc:  80.43; ppl:   2.27; 5328 src tok/s; 5534 tgt tok/s;     39 s elapsed
Epoch 10,   300/  454; acc:  79.37; ppl:   2.40; 5318 src tok/s; 5514 tgt tok/s;     47 s elapsed
Epoch 10,   350/  454; acc:  79.94; ppl:   2.36; 5446 src tok/s; 5641 tgt tok/s;     55 s elapsed
Epoch 10,   400/  454; acc:  80.64; ppl:   2.28; 5295 src tok/s; 5540 tgt tok/s;     63 s elapsed
Epoch 10,   450/  454; acc:  79.31; ppl:   2.41; 5233 src tok/s; 5413 tgt tok/s;     71 s elapsed
Train perplexity: 2.32049
Train accuracy: 80.1473
Validation perplexity: 6.24203
Validation accuracy: 69.4125
Decaying learning rate to 0.125

Epoch 11,    50/  454; acc:  83.11; ppl:   2.03; 5199 src tok/s; 5457 tgt tok/s;      8 s elapsed
Epoch 11,   100/  454; acc:  81.90; ppl:   2.14; 5417 src tok/s; 5602 tgt tok/s;     16 s elapsed
Epoch 11,   150/  454; acc:  82.56; ppl:   2.09; 5275 src tok/s; 5458 tgt tok/s;     24 s elapsed
Epoch 11,   200/  454; acc:  82.26; ppl:   2.08; 5347 src tok/s; 5535 tgt tok/s;     32 s elapsed
Epoch 11,   250/  454; acc:  81.95; ppl:   2.15; 5374 src tok/s; 5566 tgt tok/s;     40 s elapsed
Epoch 11,   300/  454; acc:  82.40; ppl:   2.05; 5406 src tok/s; 5612 tgt tok/s;     47 s elapsed
Epoch 11,   350/  454; acc:  81.00; ppl:   2.24; 5375 src tok/s; 5541 tgt tok/s;     55 s elapsed
Epoch 11,   400/  454; acc:  82.79; ppl:   2.06; 5234 src tok/s; 5469 tgt tok/s;     63 s elapsed
Epoch 11,   450/  454; acc:  81.75; ppl:   2.13; 5341 src tok/s; 5543 tgt tok/s;     71 s elapsed
Train perplexity: 2.10476
Train accuracy: 82.1882
Validation perplexity: 6.26124
Validation accuracy: 69.4693
Decaying learning rate to 0.0625

Epoch 12,    50/  454; acc:  82.73; ppl:   2.08; 5319 src tok/s; 5478 tgt tok/s;      8 s elapsed
Epoch 12,   100/  454; acc:  84.01; ppl:   1.93; 5398 src tok/s; 5618 tgt tok/s;     16 s elapsed
Epoch 12,   150/  454; acc:  84.32; ppl:   1.88; 5274 src tok/s; 5530 tgt tok/s;     23 s elapsed
Epoch 12,   200/  454; acc:  82.42; ppl:   2.09; 5399 src tok/s; 5569 tgt tok/s;     31 s elapsed
Epoch 12,   250/  454; acc:  82.90; ppl:   2.03; 5361 src tok/s; 5559 tgt tok/s;     39 s elapsed
Epoch 12,   300/  454; acc:  83.45; ppl:   2.00; 5259 src tok/s; 5459 tgt tok/s;     47 s elapsed
Epoch 12,   350/  454; acc:  83.26; ppl:   1.99; 5288 src tok/s; 5502 tgt tok/s;     55 s elapsed
Epoch 12,   400/  454; acc:  83.08; ppl:   2.03; 5329 src tok/s; 5529 tgt tok/s;     63 s elapsed
Epoch 12,   450/  454; acc:  82.65; ppl:   2.03; 5204 src tok/s; 5393 tgt tok/s;     71 s elapsed
Train perplexity: 2.00472
Train accuracy: 83.2143
Validation perplexity: 6.3376
Validation accuracy: 69.3841
Decaying learning rate to 0.03125

Epoch 13,    50/  454; acc:  84.44; ppl:   1.90; 5219 src tok/s; 5404 tgt tok/s;      8 s elapsed
Epoch 13,   100/  454; acc:  83.20; ppl:   2.01; 5306 src tok/s; 5484 tgt tok/s;     16 s elapsed
Epoch 13,   150/  454; acc:  84.66; ppl:   1.86; 5218 src tok/s; 5450 tgt tok/s;     24 s elapsed
Epoch 13,   200/  454; acc:  83.26; ppl:   2.02; 5383 src tok/s; 5541 tgt tok/s;     32 s elapsed
Epoch 13,   250/  454; acc:  82.55; ppl:   2.08; 5360 src tok/s; 5539 tgt tok/s;     40 s elapsed
Epoch 13,   300/  454; acc:  84.55; ppl:   1.87; 5295 src tok/s; 5556 tgt tok/s;     47 s elapsed
Epoch 13,   350/  454; acc:  84.45; ppl:   1.87; 5286 src tok/s; 5531 tgt tok/s;     55 s elapsed
Epoch 13,   400/  454; acc:  82.80; ppl:   2.02; 5351 src tok/s; 5516 tgt tok/s;     63 s elapsed
Epoch 13,   450/  454; acc:  83.61; ppl:   1.99; 5290 src tok/s; 5484 tgt tok/s;     71 s elapsed
Train perplexity: 1.95887
Train accuracy: 83.7298
Validation perplexity: 6.39345
Validation accuracy: 69.3628
Decaying learning rate to 0.015625

Epoch 14,    50/  454; acc:  84.72; ppl:   1.88; 5295 src tok/s; 5515 tgt tok/s;      8 s elapsed
Epoch 14,   100/  454; acc:  83.51; ppl:   1.98; 5261 src tok/s; 5471 tgt tok/s;     16 s elapsed
Epoch 14,   150/  454; acc:  82.99; ppl:   2.03; 5488 src tok/s; 5657 tgt tok/s;     24 s elapsed
Epoch 14,   200/  454; acc:  84.45; ppl:   1.86; 5295 src tok/s; 5548 tgt tok/s;     32 s elapsed
Epoch 14,   250/  454; acc:  83.16; ppl:   2.04; 5481 src tok/s; 5635 tgt tok/s;     40 s elapsed
Epoch 14,   300/  454; acc:  85.56; ppl:   1.80; 5328 src tok/s; 5536 tgt tok/s;     47 s elapsed
Epoch 14,   350/  454; acc:  84.59; ppl:   1.88; 5303 src tok/s; 5521 tgt tok/s;     55 s elapsed
Epoch 14,   400/  454; acc:  83.50; ppl:   1.99; 5329 src tok/s; 5526 tgt tok/s;     63 s elapsed
Epoch 14,   450/  454; acc:  83.98; ppl:   1.95; 5336 src tok/s; 5525 tgt tok/s;     71 s elapsed
Train perplexity: 1.93222
Train accuracy: 84.0401
Validation perplexity: 6.42998
Validation accuracy: 69.3345
Decaying learning rate to 0.0078125

Epoch 15,    50/  454; acc:  84.96; ppl:   1.85; 5343 src tok/s; 5592 tgt tok/s;      8 s elapsed
Epoch 15,   100/  454; acc:  83.44; ppl:   2.00; 5380 src tok/s; 5575 tgt tok/s;     16 s elapsed
Epoch 15,   150/  454; acc:  83.67; ppl:   1.98; 5308 src tok/s; 5510 tgt tok/s;     24 s elapsed
Epoch 15,   200/  454; acc:  84.68; ppl:   1.87; 5362 src tok/s; 5557 tgt tok/s;     31 s elapsed
Epoch 15,   250/  454; acc:  84.53; ppl:   1.89; 5351 src tok/s; 5537 tgt tok/s;     39 s elapsed
Epoch 15,   300/  454; acc:  84.12; ppl:   1.93; 5365 src tok/s; 5521 tgt tok/s;     47 s elapsed
Epoch 15,   350/  454; acc:  83.71; ppl:   1.95; 5321 src tok/s; 5517 tgt tok/s;     55 s elapsed
Epoch 15,   400/  454; acc:  84.33; ppl:   1.93; 5286 src tok/s; 5503 tgt tok/s;     63 s elapsed
Epoch 15,   450/  454; acc:  84.06; ppl:   1.93; 5219 src tok/s; 5425 tgt tok/s;     71 s elapsed
Train perplexity: 1.92252
Train accuracy: 84.1844
Validation perplexity: 6.43496
Validation accuracy: 69.3983
Decaying learning rate to 0.00390625

Epoch 16,    50/  454; acc:  83.87; ppl:   1.93; 5248 src tok/s; 5444 tgt tok/s;      8 s elapsed
Epoch 16,   100/  454; acc:  84.52; ppl:   1.88; 5357 src tok/s; 5567 tgt tok/s;     16 s elapsed
Epoch 16,   150/  454; acc:  84.59; ppl:   1.89; 5373 src tok/s; 5599 tgt tok/s;     23 s elapsed
Epoch 16,   200/  454; acc:  84.13; ppl:   1.92; 5291 src tok/s; 5483 tgt tok/s;     31 s elapsed
Epoch 16,   250/  454; acc:  84.73; ppl:   1.85; 5272 src tok/s; 5500 tgt tok/s;     39 s elapsed
Epoch 16,   300/  454; acc:  83.98; ppl:   1.94; 5542 src tok/s; 5707 tgt tok/s;     47 s elapsed
Epoch 16,   350/  454; acc:  85.48; ppl:   1.79; 5084 src tok/s; 5364 tgt tok/s;     55 s elapsed
Epoch 16,   400/  454; acc:  82.71; ppl:   2.05; 5379 src tok/s; 5519 tgt tok/s;     63 s elapsed
Epoch 16,   450/  454; acc:  83.95; ppl:   1.97; 5312 src tok/s; 5495 tgt tok/s;     71 s elapsed
Train perplexity: 1.91277
Train accuracy: 84.206
Validation perplexity: 6.4394
Validation accuracy: 69.4338
Decaying learning rate to 0.00195312

Epoch 17,    50/  454; acc:  84.45; ppl:   1.88; 4958 src tok/s; 5129 tgt tok/s;      8 s elapsed
Epoch 17,   100/  454; acc:  84.32; ppl:   1.91; 5357 src tok/s; 5581 tgt tok/s;     16 s elapsed
Epoch 17,   150/  454; acc:  83.94; ppl:   1.93; 5439 src tok/s; 5639 tgt tok/s;     24 s elapsed
Epoch 17,   200/  454; acc:  84.25; ppl:   1.91; 5314 src tok/s; 5531 tgt tok/s;     32 s elapsed
Epoch 17,   250/  454; acc:  84.74; ppl:   1.86; 5374 src tok/s; 5602 tgt tok/s;     39 s elapsed
Epoch 17,   300/  454; acc:  83.46; ppl:   2.01; 4972 src tok/s; 5156 tgt tok/s;     48 s elapsed
Epoch 17,   350/  454; acc:  84.94; ppl:   1.86; 5250 src tok/s; 5445 tgt tok/s;     56 s elapsed
Epoch 17,   400/  454; acc:  83.90; ppl:   1.95; 5032 src tok/s; 5200 tgt tok/s;     64 s elapsed
Epoch 17,   450/  454; acc:  84.46; ppl:   1.90; 5313 src tok/s; 5502 tgt tok/s;     72 s elapsed
Train perplexity: 1.91289
Train accuracy: 84.2777
Validation perplexity: 6.44218
Validation accuracy: 69.4551
Decaying learning rate to 0.000976562
