<module 'opts' from '/u/suhubdyd/research/projects/jumble_lstm/code/auxiliary-nmt/opts.pyc'>
Namespace(batch_size=64, brnn=False, brnn_merge='concat', cnn_kernel_width=3, context_gate=None, copy_attn=False, copy_attn_force=False, coverage_attn=False, data='/data/lisatmp3/suhubdyd/multi30k.atok.low', dec_layers=1, decay_method='', decoder_type='rnn', dropout=0.1, enc_layers=2, encoder_type='rnn', epochs=17, exp='', exp_host='', feat_merge='concat', feat_vec_exponent=0.7, feat_vec_size=-1, fix_word_vecs_dec=False, fix_word_vecs_enc=False, global_attention='general', gpuid=[0], input_feed=1, kappa_dec=0.0, kappa_enc=0.15, lambda_coverage=1, layers=-1, learning_rate=1.0, learning_rate_decay=0.5, max_generator_batches=32, max_grad_norm=5, model_type='text', optim='sgd', param_init=0.1, position_encoding=False, pre_word_vecs_dec=None, pre_word_vecs_enc=None, report_every=50, rnn_size=500, rnn_type='LSTM', save_model='/data/lisatmp3/suhubdyd/models/encoder0.15_decoder0_dropout0.10', seed=1, share_decoder_embeddings=False, share_embeddings=False, src_word_vec_size=500, start_checkpoint_at=0, start_decay_at=8, start_epoch=1, tgt_word_vec_size=500, train_from='', truncated_decoder=0, warmup_steps=4000, word_vec_size=-1)
('Using Kappa L2 loss on encoder', 0.15)
Loading train and validate data from '/data/lisatmp3/suhubdyd/multi30k.atok.low'
 * number of training sentences: 29000
 * maximum batch size: 64
 * vocabulary size. source = 10841; target = 18563
Building model...
Intializing model parameters.
NMTModel (
  (encoder): RNNEncoder (
    (embeddings): Embeddings (
      (make_embedding): Sequential (
        (emb_luts): Elementwise (
          (0): Embedding(10841, 500, padding_idx=1)
        )
      )
    )
    (dropout): Dropout (p = 0.1)
    (rnn): LSTM(500, 500, dropout=0.1)
  )
  (decoder): InputFeedRNNDecoder (
    (embeddings): Embeddings (
      (make_embedding): Sequential (
        (emb_luts): Elementwise (
          (0): Embedding(18563, 500, padding_idx=1)
        )
      )
    )
    (dropout): Dropout (p = 0.1)
    (rnn): StackedLSTM (
      (dropout): Dropout (p = 0.1)
      (layers): ModuleList (
        (0): LSTMCell(1000, 500)
      )
    )
    (attn): GlobalAttention (
      (linear_in): Linear (500 -> 500)
      (linear_out): Linear (1000 -> 500)
      (sm): Softmax ()
      (tanh): Tanh ()
    )
  )
  (generator): Sequential (
    (0): Linear (500 -> 18563)
    (1): LogSoftmax ()
  )
)
* number of parameters: 29760063
('encoder: ', 7424500)
('decoder: ', 22335563)

Epoch  1,    50/  454; acc:   8.98; ppl: 14233.89; 5933 src tok/s; 6153 tgt tok/s;      7 s elapsed
Epoch  1,   100/  454; acc:  14.71; ppl: 1615.85; 6600 src tok/s; 6859 tgt tok/s;     13 s elapsed
Epoch  1,   150/  454; acc:  17.68; ppl: 599.81; 6587 src tok/s; 6835 tgt tok/s;     20 s elapsed
Epoch  1,   200/  454; acc:  21.72; ppl: 267.24; 6409 src tok/s; 6696 tgt tok/s;     26 s elapsed
Epoch  1,   250/  454; acc:  24.12; ppl: 173.65; 6539 src tok/s; 6774 tgt tok/s;     33 s elapsed
Epoch  1,   300/  454; acc:  27.62; ppl: 121.25; 6489 src tok/s; 6724 tgt tok/s;     39 s elapsed
Epoch  1,   350/  454; acc:  28.57; ppl: 104.87; 6681 src tok/s; 6876 tgt tok/s;     46 s elapsed
Epoch  1,   400/  454; acc:  33.50; ppl:  67.80; 6329 src tok/s; 6611 tgt tok/s;     52 s elapsed
Epoch  1,   450/  454; acc:  33.87; ppl:  65.02; 6254 src tok/s; 6490 tgt tok/s;     59 s elapsed
Train perplexity: 320.66
Train accuracy: 23.4407
Validation perplexity: 59.4069
Validation accuracy: 36.8597

Epoch  2,    50/  454; acc:  36.22; ppl:  51.98; 6384 src tok/s; 6602 tgt tok/s;      7 s elapsed
Epoch  2,   100/  454; acc:  40.38; ppl:  38.93; 6540 src tok/s; 6774 tgt tok/s;     13 s elapsed
Epoch  2,   150/  454; acc:  42.44; ppl:  34.02; 6449 src tok/s; 6696 tgt tok/s;     20 s elapsed
Epoch  2,   200/  454; acc:  45.10; ppl:  27.87; 6557 src tok/s; 6814 tgt tok/s;     26 s elapsed
Epoch  2,   250/  454; acc:  47.14; ppl:  24.64; 6291 src tok/s; 6568 tgt tok/s;     32 s elapsed
Epoch  2,   300/  454; acc:  47.21; ppl:  23.92; 6561 src tok/s; 6778 tgt tok/s;     39 s elapsed
Epoch  2,   350/  454; acc:  51.46; ppl:  18.29; 6425 src tok/s; 6701 tgt tok/s;     45 s elapsed
Epoch  2,   400/  454; acc:  50.51; ppl:  18.93; 6583 src tok/s; 6817 tgt tok/s;     52 s elapsed
Epoch  2,   450/  454; acc:  52.41; ppl:  17.27; 6374 src tok/s; 6608 tgt tok/s;     58 s elapsed
Train perplexity: 26.5412
Train accuracy: 45.9254
Validation perplexity: 17.5503
Validation accuracy: 52.0718

Epoch  3,    50/  454; acc:  54.88; ppl:  13.55; 6448 src tok/s; 6668 tgt tok/s;      7 s elapsed
Epoch  3,   100/  454; acc:  57.11; ppl:  12.00; 6378 src tok/s; 6621 tgt tok/s;     13 s elapsed
Epoch  3,   150/  454; acc:  55.90; ppl:  12.64; 6518 src tok/s; 6710 tgt tok/s;     20 s elapsed
Epoch  3,   200/  454; acc:  57.73; ppl:  11.59; 6446 src tok/s; 6731 tgt tok/s;     26 s elapsed
Epoch  3,   250/  454; acc:  58.89; ppl:  10.63; 6468 src tok/s; 6713 tgt tok/s;     32 s elapsed
Epoch  3,   300/  454; acc:  57.08; ppl:  11.90; 6462 src tok/s; 6711 tgt tok/s;     39 s elapsed
Epoch  3,   350/  454; acc:  58.89; ppl:  10.59; 6676 src tok/s; 6907 tgt tok/s;     45 s elapsed
Epoch  3,   400/  454; acc:  59.58; ppl:  10.05; 6384 src tok/s; 6644 tgt tok/s;     52 s elapsed
Epoch  3,   450/  454; acc:  59.00; ppl:  10.36; 6348 src tok/s; 6616 tgt tok/s;     58 s elapsed
Train perplexity: 11.403
Train accuracy: 57.7135
Validation perplexity: 9.80205
Validation accuracy: 61.2743

Epoch  4,    50/  454; acc:  63.64; ppl:   7.24; 6478 src tok/s; 6701 tgt tok/s;      6 s elapsed
Epoch  4,   100/  454; acc:  63.06; ppl:   7.45; 6550 src tok/s; 6776 tgt tok/s;     13 s elapsed
Epoch  4,   150/  454; acc:  62.95; ppl:   7.79; 6389 src tok/s; 6648 tgt tok/s;     19 s elapsed
Epoch  4,   200/  454; acc:  63.16; ppl:   7.47; 6376 src tok/s; 6609 tgt tok/s;     26 s elapsed
Epoch  4,   250/  454; acc:  62.90; ppl:   7.60; 6527 src tok/s; 6776 tgt tok/s;     32 s elapsed
Epoch  4,   300/  454; acc:  63.48; ppl:   7.36; 6452 src tok/s; 6698 tgt tok/s;     39 s elapsed
Epoch  4,   350/  454; acc:  62.91; ppl:   7.58; 6572 src tok/s; 6785 tgt tok/s;     46 s elapsed
Epoch  4,   400/  454; acc:  64.09; ppl:   6.95; 6412 src tok/s; 6694 tgt tok/s;     52 s elapsed
Epoch  4,   450/  454; acc:  63.72; ppl:   7.23; 6482 src tok/s; 6748 tgt tok/s;     58 s elapsed
Train perplexity: 7.39822
Train accuracy: 63.3386
Validation perplexity: 8.59839
Validation accuracy: 61.92

Epoch  5,    50/  454; acc:  67.53; ppl:   5.27; 6401 src tok/s; 6641 tgt tok/s;      7 s elapsed
Epoch  5,   100/  454; acc:  66.33; ppl:   5.73; 6488 src tok/s; 6731 tgt tok/s;     13 s elapsed
Epoch  5,   150/  454; acc:  66.75; ppl:   5.62; 6354 src tok/s; 6629 tgt tok/s;     19 s elapsed
Epoch  5,   200/  454; acc:  67.18; ppl:   5.45; 6610 src tok/s; 6854 tgt tok/s;     26 s elapsed
Epoch  5,   250/  454; acc:  66.35; ppl:   5.64; 6466 src tok/s; 6725 tgt tok/s;     32 s elapsed
Epoch  5,   300/  454; acc:  67.29; ppl:   5.48; 6685 src tok/s; 6913 tgt tok/s;     39 s elapsed
Epoch  5,   350/  454; acc:  66.15; ppl:   5.65; 6321 src tok/s; 6550 tgt tok/s;     45 s elapsed
Epoch  5,   400/  454; acc:  66.83; ppl:   5.55; 6498 src tok/s; 6764 tgt tok/s;     52 s elapsed
Epoch  5,   450/  454; acc:  66.81; ppl:   5.47; 6342 src tok/s; 6563 tgt tok/s;     58 s elapsed
Train perplexity: 5.53964
Train accuracy: 66.8006
Validation perplexity: 7.51765
Validation accuracy: 64.2046

Epoch  6,    50/  454; acc:  70.08; ppl:   4.21; 6509 src tok/s; 6694 tgt tok/s;      7 s elapsed
Epoch  6,   100/  454; acc:  70.85; ppl:   4.14; 6282 src tok/s; 6588 tgt tok/s;     13 s elapsed
Epoch  6,   150/  454; acc:  69.23; ppl:   4.46; 6543 src tok/s; 6745 tgt tok/s;     20 s elapsed
Epoch  6,   200/  454; acc:  70.10; ppl:   4.26; 6432 src tok/s; 6703 tgt tok/s;     26 s elapsed
Epoch  6,   250/  454; acc:  68.55; ppl:   4.80; 6511 src tok/s; 6702 tgt tok/s;     33 s elapsed
Epoch  6,   300/  454; acc:  70.37; ppl:   4.24; 6333 src tok/s; 6646 tgt tok/s;     39 s elapsed
Epoch  6,   350/  454; acc:  68.81; ppl:   4.58; 6524 src tok/s; 6768 tgt tok/s;     46 s elapsed
Epoch  6,   400/  454; acc:  69.43; ppl:   4.44; 6462 src tok/s; 6722 tgt tok/s;     52 s elapsed
Epoch  6,   450/  454; acc:  69.92; ppl:   4.44; 6384 src tok/s; 6626 tgt tok/s;     58 s elapsed
Train perplexity: 4.41226
Train accuracy: 69.6287
Validation perplexity: 7.72814
Validation accuracy: 63.5377
Decaying learning rate to 0.5

Epoch  7,    50/  454; acc:  74.32; ppl:   3.34; 6472 src tok/s; 6690 tgt tok/s;      7 s elapsed
Epoch  7,   100/  454; acc:  77.07; ppl:   2.86; 6491 src tok/s; 6759 tgt tok/s;     13 s elapsed
Epoch  7,   150/  454; acc:  76.55; ppl:   2.95; 6468 src tok/s; 6739 tgt tok/s;     19 s elapsed
Epoch  7,   200/  454; acc:  75.35; ppl:   3.11; 6413 src tok/s; 6651 tgt tok/s;     26 s elapsed
Epoch  7,   250/  454; acc:  75.58; ppl:   3.10; 6500 src tok/s; 6724 tgt tok/s;     33 s elapsed
Epoch  7,   300/  454; acc:  75.48; ppl:   3.08; 6383 src tok/s; 6607 tgt tok/s;     39 s elapsed
Epoch  7,   350/  454; acc:  75.82; ppl:   2.99; 6480 src tok/s; 6743 tgt tok/s;     45 s elapsed
Epoch  7,   400/  454; acc:  75.86; ppl:   3.02; 6447 src tok/s; 6697 tgt tok/s;     52 s elapsed
Epoch  7,   450/  454; acc:  75.71; ppl:   3.04; 6260 src tok/s; 6504 tgt tok/s;     59 s elapsed
Train perplexity: 3.05339
Train accuracy: 75.7375
Validation perplexity: 6.53388
Validation accuracy: 67.6032
Decaying learning rate to 0.25

Epoch  8,    50/  454; acc:  80.22; ppl:   2.44; 6539 src tok/s; 6743 tgt tok/s;      7 s elapsed
Epoch  8,   100/  454; acc:  81.12; ppl:   2.32; 6385 src tok/s; 6647 tgt tok/s;     13 s elapsed
Epoch  8,   150/  454; acc:  80.16; ppl:   2.45; 6467 src tok/s; 6707 tgt tok/s;     20 s elapsed
Epoch  8,   200/  454; acc:  81.53; ppl:   2.25; 6427 src tok/s; 6717 tgt tok/s;     26 s elapsed
Epoch  8,   250/  454; acc:  79.98; ppl:   2.44; 6484 src tok/s; 6678 tgt tok/s;     33 s elapsed
Epoch  8,   300/  454; acc:  81.37; ppl:   2.27; 6389 src tok/s; 6659 tgt tok/s;     39 s elapsed
Epoch  8,   350/  454; acc:  79.49; ppl:   2.47; 6426 src tok/s; 6645 tgt tok/s;     46 s elapsed
Epoch  8,   400/  454; acc:  81.58; ppl:   2.21; 6468 src tok/s; 6753 tgt tok/s;     52 s elapsed
Epoch  8,   450/  454; acc:  80.49; ppl:   2.38; 6385 src tok/s; 6622 tgt tok/s;     59 s elapsed
Train perplexity: 2.35816
Train accuracy: 80.641
Validation perplexity: 6.73929
Validation accuracy: 68.2702
Decaying learning rate to 0.125

Epoch  9,    50/  454; acc:  83.62; ppl:   2.08; 6351 src tok/s; 6561 tgt tok/s;      7 s elapsed
Epoch  9,   100/  454; acc:  84.59; ppl:   2.00; 6405 src tok/s; 6710 tgt tok/s;     13 s elapsed
Epoch  9,   150/  454; acc:  84.26; ppl:   1.98; 6591 src tok/s; 6821 tgt tok/s;     20 s elapsed
Epoch  9,   200/  454; acc:  84.03; ppl:   2.03; 6322 src tok/s; 6571 tgt tok/s;     26 s elapsed
Epoch  9,   250/  454; acc:  83.82; ppl:   2.05; 6451 src tok/s; 6667 tgt tok/s;     33 s elapsed
Epoch  9,   300/  454; acc:  83.79; ppl:   2.05; 6433 src tok/s; 6715 tgt tok/s;     39 s elapsed
Epoch  9,   350/  454; acc:  83.59; ppl:   2.07; 6396 src tok/s; 6647 tgt tok/s;     46 s elapsed
Epoch  9,   400/  454; acc:  84.22; ppl:   1.98; 6450 src tok/s; 6667 tgt tok/s;     52 s elapsed
Epoch  9,   450/  454; acc:  84.15; ppl:   2.00; 6366 src tok/s; 6595 tgt tok/s;     59 s elapsed
Train perplexity: 2.0333
Train accuracy: 83.9541
Validation perplexity: 6.93996
Validation accuracy: 68.5895
Decaying learning rate to 0.0625

Epoch 10,    50/  454; acc:  86.27; ppl:   1.84; 6474 src tok/s; 6726 tgt tok/s;      6 s elapsed
Epoch 10,   100/  454; acc:  85.35; ppl:   1.93; 6398 src tok/s; 6629 tgt tok/s;     13 s elapsed
Epoch 10,   150/  454; acc:  86.17; ppl:   1.85; 6266 src tok/s; 6521 tgt tok/s;     20 s elapsed
Epoch 10,   200/  454; acc:  85.84; ppl:   1.88; 6550 src tok/s; 6775 tgt tok/s;     26 s elapsed
Epoch 10,   250/  454; acc:  85.17; ppl:   1.95; 6450 src tok/s; 6698 tgt tok/s;     33 s elapsed
Epoch 10,   300/  454; acc:  86.06; ppl:   1.86; 6315 src tok/s; 6581 tgt tok/s;     39 s elapsed
Epoch 10,   350/  454; acc:  85.78; ppl:   1.90; 6432 src tok/s; 6654 tgt tok/s;     46 s elapsed
Epoch 10,   400/  454; acc:  85.43; ppl:   1.90; 6457 src tok/s; 6693 tgt tok/s;     52 s elapsed
Epoch 10,   450/  454; acc:  85.82; ppl:   1.85; 6225 src tok/s; 6488 tgt tok/s;     59 s elapsed
Train perplexity: 1.8859
Train accuracy: 85.7272
Validation perplexity: 7.21677
Validation accuracy: 68.4263
Decaying learning rate to 0.03125

Epoch 11,    50/  454; acc:  87.19; ppl:   1.77; 6285 src tok/s; 6543 tgt tok/s;      7 s elapsed
Epoch 11,   100/  454; acc:  85.68; ppl:   1.92; 6455 src tok/s; 6675 tgt tok/s;     13 s elapsed
Epoch 11,   150/  454; acc:  85.96; ppl:   1.88; 6463 src tok/s; 6662 tgt tok/s;     20 s elapsed
Epoch 11,   200/  454; acc:  87.47; ppl:   1.75; 6421 src tok/s; 6708 tgt tok/s;     26 s elapsed
Epoch 11,   250/  454; acc:  85.76; ppl:   1.90; 6507 src tok/s; 6695 tgt tok/s;     33 s elapsed
Epoch 11,   300/  454; acc:  87.96; ppl:   1.69; 6392 src tok/s; 6702 tgt tok/s;     39 s elapsed
Epoch 11,   350/  454; acc:  86.58; ppl:   1.82; 6359 src tok/s; 6644 tgt tok/s;     46 s elapsed
Epoch 11,   400/  454; acc:  86.95; ppl:   1.76; 6365 src tok/s; 6593 tgt tok/s;     52 s elapsed
Epoch 11,   450/  454; acc:  86.63; ppl:   1.83; 6377 src tok/s; 6608 tgt tok/s;     59 s elapsed
Train perplexity: 1.81519
Train accuracy: 86.652
Validation perplexity: 7.33239
Validation accuracy: 68.2276
Decaying learning rate to 0.015625

Epoch 12,    50/  454; acc:  86.30; ppl:   1.88; 6505 src tok/s; 6677 tgt tok/s;      7 s elapsed
Epoch 12,   100/  454; acc:  88.53; ppl:   1.65; 6397 src tok/s; 6685 tgt tok/s;     13 s elapsed
Epoch 12,   150/  454; acc:  86.82; ppl:   1.81; 6474 src tok/s; 6689 tgt tok/s;     20 s elapsed
Epoch 12,   200/  454; acc:  87.72; ppl:   1.74; 6218 src tok/s; 6483 tgt tok/s;     26 s elapsed
Epoch 12,   250/  454; acc:  86.34; ppl:   1.83; 6495 src tok/s; 6702 tgt tok/s;     33 s elapsed
Epoch 12,   300/  454; acc:  87.64; ppl:   1.73; 6257 src tok/s; 6521 tgt tok/s;     39 s elapsed
Epoch 12,   350/  454; acc:  87.72; ppl:   1.73; 6392 src tok/s; 6667 tgt tok/s;     46 s elapsed
Epoch 12,   400/  454; acc:  86.33; ppl:   1.84; 6478 src tok/s; 6729 tgt tok/s;     52 s elapsed
Epoch 12,   450/  454; acc:  87.06; ppl:   1.80; 6416 src tok/s; 6657 tgt tok/s;     59 s elapsed
Train perplexity: 1.78045
Train accuracy: 87.1503
Validation perplexity: 7.43386
Validation accuracy: 68.3057
Decaying learning rate to 0.0078125

Epoch 13,    50/  454; acc:  87.73; ppl:   1.74; 6178 src tok/s; 6441 tgt tok/s;      7 s elapsed
Epoch 13,   100/  454; acc:  87.34; ppl:   1.76; 6635 src tok/s; 6848 tgt tok/s;     13 s elapsed
Epoch 13,   150/  454; acc:  87.85; ppl:   1.73; 6419 src tok/s; 6644 tgt tok/s;     20 s elapsed
Epoch 13,   200/  454; acc:  87.14; ppl:   1.78; 6461 src tok/s; 6681 tgt tok/s;     26 s elapsed
Epoch 13,   250/  454; acc:  87.34; ppl:   1.77; 6440 src tok/s; 6659 tgt tok/s;     33 s elapsed
Epoch 13,   300/  454; acc:  87.50; ppl:   1.77; 6483 src tok/s; 6748 tgt tok/s;     39 s elapsed
Epoch 13,   350/  454; acc:  88.08; ppl:   1.70; 6492 src tok/s; 6823 tgt tok/s;     45 s elapsed
Epoch 13,   400/  454; acc:  86.29; ppl:   1.87; 6645 src tok/s; 6845 tgt tok/s;     52 s elapsed
Epoch 13,   450/  454; acc:  87.16; ppl:   1.78; 6439 src tok/s; 6698 tgt tok/s;     58 s elapsed
Train perplexity: 1.76453
Train accuracy: 87.3958
Validation perplexity: 7.47076
Validation accuracy: 68.2418
Decaying learning rate to 0.00390625

Epoch 14,    50/  454; acc:  86.47; ppl:   1.86; 6487 src tok/s; 6655 tgt tok/s;      7 s elapsed
Epoch 14,   100/  454; acc:  88.60; ppl:   1.66; 6368 src tok/s; 6696 tgt tok/s;     13 s elapsed
Epoch 14,   150/  454; acc:  87.78; ppl:   1.73; 6450 src tok/s; 6725 tgt tok/s;     19 s elapsed
Epoch 14,   200/  454; acc:  87.60; ppl:   1.76; 6577 src tok/s; 6829 tgt tok/s;     26 s elapsed
Epoch 14,   250/  454; acc:  88.01; ppl:   1.71; 6527 src tok/s; 6773 tgt tok/s;     32 s elapsed
Epoch 14,   300/  454; acc:  87.26; ppl:   1.80; 6511 src tok/s; 6754 tgt tok/s;     39 s elapsed
Epoch 14,   350/  454; acc:  87.57; ppl:   1.74; 6647 src tok/s; 6881 tgt tok/s;     45 s elapsed
Epoch 14,   400/  454; acc:  87.27; ppl:   1.78; 6580 src tok/s; 6799 tgt tok/s;     51 s elapsed
Epoch 14,   450/  454; acc:  87.44; ppl:   1.76; 6463 src tok/s; 6723 tgt tok/s;     58 s elapsed
Train perplexity: 1.75575
Train accuracy: 87.5428
Validation perplexity: 7.48927
Validation accuracy: 68.1496
Decaying learning rate to 0.00195312

Epoch 15,    50/  454; acc:  88.00; ppl:   1.70; 6470 src tok/s; 6744 tgt tok/s;      6 s elapsed
Epoch 15,   100/  454; acc:  86.61; ppl:   1.82; 6532 src tok/s; 6778 tgt tok/s;     13 s elapsed
Epoch 15,   150/  454; acc:  87.74; ppl:   1.74; 6599 src tok/s; 6804 tgt tok/s;     19 s elapsed
Epoch 15,   200/  454; acc:  87.49; ppl:   1.76; 6560 src tok/s; 6826 tgt tok/s;     26 s elapsed
Epoch 15,   250/  454; acc:  87.67; ppl:   1.75; 6419 src tok/s; 6666 tgt tok/s;     32 s elapsed
Epoch 15,   300/  454; acc:  87.73; ppl:   1.74; 6635 src tok/s; 6910 tgt tok/s;     38 s elapsed
Epoch 15,   350/  454; acc:  87.65; ppl:   1.75; 6457 src tok/s; 6705 tgt tok/s;     45 s elapsed
Epoch 15,   400/  454; acc:  87.18; ppl:   1.79; 6534 src tok/s; 6757 tgt tok/s;     51 s elapsed
Epoch 15,   450/  454; acc:  88.14; ppl:   1.69; 6473 src tok/s; 6736 tgt tok/s;     58 s elapsed
Train perplexity: 1.75214
Train accuracy: 87.5409
Validation perplexity: 7.49839
Validation accuracy: 68.1779
Decaying learning rate to 0.000976562

Epoch 16,    50/  454; acc:  88.49; ppl:   1.67; 6268 src tok/s; 6540 tgt tok/s;      6 s elapsed
Epoch 16,   100/  454; acc:  86.82; ppl:   1.82; 6599 src tok/s; 6813 tgt tok/s;     13 s elapsed
Epoch 16,   150/  454; acc:  88.52; ppl:   1.67; 6492 src tok/s; 6809 tgt tok/s;     19 s elapsed
Epoch 16,   200/  454; acc:  86.72; ppl:   1.82; 6620 src tok/s; 6820 tgt tok/s;     26 s elapsed
Epoch 16,   250/  454; acc:  87.26; ppl:   1.77; 6637 src tok/s; 6858 tgt tok/s;     33 s elapsed
Epoch 16,   300/  454; acc:  88.17; ppl:   1.71; 6373 src tok/s; 6664 tgt tok/s;     39 s elapsed
Epoch 16,   350/  454; acc:  87.50; ppl:   1.76; 6667 src tok/s; 6888 tgt tok/s;     45 s elapsed
Epoch 16,   400/  454; acc:  87.65; ppl:   1.74; 6576 src tok/s; 6828 tgt tok/s;     51 s elapsed
Epoch 16,   450/  454; acc:  87.15; ppl:   1.78; 6452 src tok/s; 6685 tgt tok/s;     58 s elapsed
Train perplexity: 1.74943
Train accuracy: 87.5796
Validation perplexity: 7.50405
Validation accuracy: 68.185
Decaying learning rate to 0.000488281

Epoch 17,    50/  454; acc:  87.53; ppl:   1.74; 6407 src tok/s; 6678 tgt tok/s;      7 s elapsed
Epoch 17,   100/  454; acc:  87.84; ppl:   1.74; 6637 src tok/s; 6895 tgt tok/s;     13 s elapsed
Epoch 17,   150/  454; acc:  87.15; ppl:   1.79; 6501 src tok/s; 6711 tgt tok/s;     20 s elapsed
Epoch 17,   200/  454; acc:  88.03; ppl:   1.72; 6379 src tok/s; 6617 tgt tok/s;     26 s elapsed
Epoch 17,   250/  454; acc:  86.92; ppl:   1.82; 6697 src tok/s; 6926 tgt tok/s;     32 s elapsed
Epoch 17,   300/  454; acc:  88.10; ppl:   1.69; 6509 src tok/s; 6781 tgt tok/s;     39 s elapsed
Epoch 17,   350/  454; acc:  87.47; ppl:   1.77; 6663 src tok/s; 6879 tgt tok/s;     45 s elapsed
Epoch 17,   400/  454; acc:  88.01; ppl:   1.71; 6525 src tok/s; 6805 tgt tok/s;     51 s elapsed
Epoch 17,   450/  454; acc:  87.30; ppl:   1.77; 6486 src tok/s; 6734 tgt tok/s;     58 s elapsed
Train perplexity: 1.74759
Train accuracy: 87.6042
Validation perplexity: 7.50687
Validation accuracy: 68.2063
Decaying learning rate to 0.000244141
