<module 'opts' from '/u/suhubdyd/research/projects/jumble_lstm/code/auxiliary-nmt/opts.pyc'>
Namespace(batch_size=64, brnn=False, brnn_merge='concat', cnn_kernel_width=3, context_gate=None, copy_attn=False, copy_attn_force=False, coverage_attn=False, data='/data/lisatmp3/suhubdyd/multi30k.atok.low', dec_layers=1, decay_method='', decoder_type='rnn', dropout=0.3, enc_layers=2, encoder_type='rnn', epochs=17, exp='', exp_host='', feat_merge='concat', feat_vec_exponent=0.7, feat_vec_size=-1, fix_word_vecs_dec=False, fix_word_vecs_enc=False, global_attention='general', gpuid=[0], input_feed=1, kappa_dec=0.3, kappa_enc=0.25, lambda_coverage=1, layers=-1, learning_rate=1.0, learning_rate_decay=0.5, max_generator_batches=32, max_grad_norm=5, model_type='text', optim='sgd', param_init=0.1, position_encoding=False, pre_word_vecs_dec=None, pre_word_vecs_enc=None, report_every=50, rnn_size=500, rnn_type='LSTM', save_model='/data/lisatmp3/suhubdyd/models/seeds/encoder0.25decoder0.3dropout0.3wdropFalseseed4', seed=4, share_decoder_embeddings=False, share_embeddings=False, src_word_vec_size=500, start_checkpoint_at=0, start_decay_at=8, start_epoch=1, tgt_word_vec_size=500, train_from='', truncated_decoder=0, warmup_steps=4000, weightdropout=False, word_vec_size=-1)
('Using Kappa L2 loss on encoder', 0.25)
('Using Kappa L2 loss on decoder', 0.3)
Loading train and validate data from '/data/lisatmp3/suhubdyd/multi30k.atok.low'
 * number of training sentences: 29000
 * maximum batch size: 64
 * vocabulary size. source = 10841; target = 18563
Building model...
Intializing model parameters.
NMTModel (
  (encoder): RNNEncoder (
    (embeddings): Embeddings (
      (make_embedding): Sequential (
        (emb_luts): Elementwise (
          (0): Embedding(10841, 500, padding_idx=1)
        )
      )
    )
    (dropout): Dropout (p = 0.3)
    (rnn): LSTM(500, 500, dropout=0.3)
  )
  (decoder): InputFeedRNNDecoder (
    (embeddings): Embeddings (
      (make_embedding): Sequential (
        (emb_luts): Elementwise (
          (0): Embedding(18563, 500, padding_idx=1)
        )
      )
    )
    (dropout): Dropout (p = 0.3)
    (rnn): StackedLSTM (
      (dropout): Dropout (p = 0.3)
      (layers): ModuleList (
        (0): LSTMCell(1000, 500)
      )
    )
    (attn): GlobalAttention (
      (linear_in): Linear (500 -> 500)
      (linear_out): Linear (1000 -> 500)
      (sm): Softmax ()
      (tanh): Tanh ()
    )
  )
  (generator): Sequential (
    (0): Linear (500 -> 18563)
    (1): LogSoftmax ()
  )
)
* number of parameters: 29760063
('encoder: ', 7424500)
('decoder: ', 22335563)

Epoch  1,    50/  454; acc:  10.45; ppl: 12763.34; 5219 src tok/s; 5460 tgt tok/s;      8 s elapsed
Epoch  1,   100/  454; acc:  14.58; ppl: 1549.53; 6077 src tok/s; 6275 tgt tok/s;     15 s elapsed
Epoch  1,   150/  454; acc:  18.33; ppl: 482.07; 5817 src tok/s; 6037 tgt tok/s;     22 s elapsed
Epoch  1,   200/  454; acc:  20.85; ppl: 269.19; 5528 src tok/s; 5739 tgt tok/s;     30 s elapsed
Epoch  1,   250/  454; acc:  25.95; ppl: 153.10; 5524 src tok/s; 5768 tgt tok/s;     37 s elapsed
Epoch  1,   300/  454; acc:  27.40; ppl: 120.75; 5470 src tok/s; 5646 tgt tok/s;     45 s elapsed
Epoch  1,   350/  454; acc:  29.12; ppl: 100.76; 5585 src tok/s; 5758 tgt tok/s;     53 s elapsed
Epoch  1,   400/  454; acc:  31.88; ppl:  78.50; 5406 src tok/s; 5635 tgt tok/s;     60 s elapsed
Epoch  1,   450/  454; acc:  33.04; ppl:  67.98; 5481 src tok/s; 5674 tgt tok/s;     68 s elapsed
Train perplexity: 304.05
Train accuracy: 23.5988
Validation perplexity: 60.422
Validation accuracy: 33.4823

Epoch  2,    50/  454; acc:  36.80; ppl:  50.22; 5539 src tok/s; 5748 tgt tok/s;      7 s elapsed
Epoch  2,   100/  454; acc:  37.73; ppl:  47.37; 5626 src tok/s; 5810 tgt tok/s;     15 s elapsed
Epoch  2,   150/  454; acc:  39.94; ppl:  39.18; 5544 src tok/s; 5746 tgt tok/s;     23 s elapsed
Epoch  2,   200/  454; acc:  43.78; ppl:  32.79; 5453 src tok/s; 5697 tgt tok/s;     30 s elapsed
Epoch  2,   250/  454; acc:  45.41; ppl:  27.07; 5496 src tok/s; 5711 tgt tok/s;     38 s elapsed
Epoch  2,   300/  454; acc:  45.79; ppl:  26.15; 5472 src tok/s; 5674 tgt tok/s;     46 s elapsed
Epoch  2,   350/  454; acc:  48.02; ppl:  23.14; 5682 src tok/s; 5874 tgt tok/s;     53 s elapsed
Epoch  2,   400/  454; acc:  50.33; ppl:  19.81; 5514 src tok/s; 5750 tgt tok/s;     61 s elapsed
Epoch  2,   450/  454; acc:  52.05; ppl:  17.18; 5458 src tok/s; 5666 tgt tok/s;     68 s elapsed
Train perplexity: 29.469
Train accuracy: 44.4385
Validation perplexity: 16.6883
Validation accuracy: 52.8097

Epoch  3,    50/  454; acc:  53.59; ppl:  15.38; 5544 src tok/s; 5771 tgt tok/s;      8 s elapsed
Epoch  3,   100/  454; acc:  55.28; ppl:  13.79; 5564 src tok/s; 5766 tgt tok/s;     15 s elapsed
Epoch  3,   150/  454; acc:  55.67; ppl:  13.21; 5535 src tok/s; 5727 tgt tok/s;     23 s elapsed
Epoch  3,   200/  454; acc:  55.41; ppl:  13.37; 5480 src tok/s; 5707 tgt tok/s;     30 s elapsed
Epoch  3,   250/  454; acc:  56.20; ppl:  12.77; 5492 src tok/s; 5713 tgt tok/s;     38 s elapsed
Epoch  3,   300/  454; acc:  57.40; ppl:  11.83; 5576 src tok/s; 5769 tgt tok/s;     45 s elapsed
Epoch  3,   350/  454; acc:  58.21; ppl:  11.37; 5529 src tok/s; 5757 tgt tok/s;     53 s elapsed
Epoch  3,   400/  454; acc:  57.74; ppl:  11.47; 5605 src tok/s; 5777 tgt tok/s;     61 s elapsed
Epoch  3,   450/  454; acc:  58.90; ppl:  10.73; 5481 src tok/s; 5705 tgt tok/s;     68 s elapsed
Train perplexity: 12.6071
Train accuracy: 56.457
Validation perplexity: 11.0387
Validation accuracy: 58.1027

Epoch  4,    50/  454; acc:  60.65; ppl:   8.96; 5545 src tok/s; 5725 tgt tok/s;      8 s elapsed
Epoch  4,   100/  454; acc:  61.88; ppl:   8.29; 5446 src tok/s; 5679 tgt tok/s;     15 s elapsed
Epoch  4,   150/  454; acc:  62.31; ppl:   8.05; 5543 src tok/s; 5761 tgt tok/s;     23 s elapsed
Epoch  4,   200/  454; acc:  61.43; ppl:   8.58; 5508 src tok/s; 5715 tgt tok/s;     30 s elapsed
Epoch  4,   250/  454; acc:  61.54; ppl:   8.59; 5461 src tok/s; 5686 tgt tok/s;     38 s elapsed
Epoch  4,   300/  454; acc:  61.91; ppl:   8.33; 5542 src tok/s; 5754 tgt tok/s;     46 s elapsed
Epoch  4,   350/  454; acc:  60.81; ppl:   8.88; 5576 src tok/s; 5728 tgt tok/s;     54 s elapsed
Epoch  4,   400/  454; acc:  64.44; ppl:   7.13; 5695 src tok/s; 5928 tgt tok/s;     61 s elapsed
Epoch  4,   450/  454; acc:  62.40; ppl:   8.09; 5510 src tok/s; 5735 tgt tok/s;     68 s elapsed
Train perplexity: 8.30672
Train accuracy: 61.9308
Validation perplexity: 8.48654
Validation accuracy: 62.5372

Epoch  5,    50/  454; acc:  66.33; ppl:   5.90; 5494 src tok/s; 5683 tgt tok/s;      7 s elapsed
Epoch  5,   100/  454; acc:  64.52; ppl:   6.66; 5483 src tok/s; 5687 tgt tok/s;     15 s elapsed
Epoch  5,   150/  454; acc:  66.18; ppl:   6.01; 5519 src tok/s; 5734 tgt tok/s;     23 s elapsed
Epoch  5,   200/  454; acc:  65.10; ppl:   6.49; 5504 src tok/s; 5710 tgt tok/s;     31 s elapsed
Epoch  5,   250/  454; acc:  65.40; ppl:   6.24; 5463 src tok/s; 5708 tgt tok/s;     38 s elapsed
Epoch  5,   300/  454; acc:  65.22; ppl:   6.35; 5601 src tok/s; 5819 tgt tok/s;     46 s elapsed
Epoch  5,   350/  454; acc:  65.77; ppl:   6.11; 5512 src tok/s; 5743 tgt tok/s;     53 s elapsed
Epoch  5,   400/  454; acc:  64.72; ppl:   6.49; 5533 src tok/s; 5717 tgt tok/s;     61 s elapsed
Epoch  5,   450/  454; acc:  65.40; ppl:   6.23; 5455 src tok/s; 5651 tgt tok/s;     68 s elapsed
Train perplexity: 6.28621
Train accuracy: 65.3564
Validation perplexity: 7.38984
Validation accuracy: 64.8006

Epoch  6,    50/  454; acc:  68.21; ppl:   5.00; 5506 src tok/s; 5698 tgt tok/s;      8 s elapsed
Epoch  6,   100/  454; acc:  68.42; ppl:   4.85; 5576 src tok/s; 5810 tgt tok/s;     15 s elapsed
Epoch  6,   150/  454; acc:  67.79; ppl:   5.10; 5463 src tok/s; 5656 tgt tok/s;     23 s elapsed
Epoch  6,   200/  454; acc:  67.45; ppl:   5.19; 5489 src tok/s; 5704 tgt tok/s;     31 s elapsed
Epoch  6,   250/  454; acc:  68.31; ppl:   5.03; 5595 src tok/s; 5795 tgt tok/s;     38 s elapsed
Epoch  6,   300/  454; acc:  67.82; ppl:   5.08; 5494 src tok/s; 5697 tgt tok/s;     46 s elapsed
Epoch  6,   350/  454; acc:  66.76; ppl:   5.45; 5600 src tok/s; 5785 tgt tok/s;     53 s elapsed
Epoch  6,   400/  454; acc:  68.23; ppl:   5.03; 5504 src tok/s; 5751 tgt tok/s;     61 s elapsed
Epoch  6,   450/  454; acc:  67.27; ppl:   5.22; 5461 src tok/s; 5678 tgt tok/s;     68 s elapsed
Train perplexity: 5.09717
Train accuracy: 67.8225
Validation perplexity: 6.98129
Validation accuracy: 66.3119

Epoch  7,    50/  454; acc:  71.32; ppl:   4.00; 5507 src tok/s; 5761 tgt tok/s;      7 s elapsed
Epoch  7,   100/  454; acc:  70.60; ppl:   4.12; 5493 src tok/s; 5683 tgt tok/s;     15 s elapsed
Epoch  7,   150/  454; acc:  70.71; ppl:   4.15; 5624 src tok/s; 5816 tgt tok/s;     23 s elapsed
Epoch  7,   200/  454; acc:  69.44; ppl:   4.40; 5412 src tok/s; 5616 tgt tok/s;     31 s elapsed
Epoch  7,   250/  454; acc:  70.58; ppl:   4.21; 5455 src tok/s; 5671 tgt tok/s;     38 s elapsed
Epoch  7,   300/  454; acc:  69.56; ppl:   4.41; 5551 src tok/s; 5735 tgt tok/s;     46 s elapsed
Epoch  7,   350/  454; acc:  70.20; ppl:   4.26; 5516 src tok/s; 5756 tgt tok/s;     53 s elapsed
Epoch  7,   400/  454; acc:  68.84; ppl:   4.62; 5655 src tok/s; 5841 tgt tok/s;     61 s elapsed
Epoch  7,   450/  454; acc:  69.50; ppl:   4.39; 5500 src tok/s; 5713 tgt tok/s;     68 s elapsed
Train perplexity: 4.28792
Train accuracy: 70.0455
Validation perplexity: 6.94237
Validation accuracy: 65.8294

Epoch  8,    50/  454; acc:  73.67; ppl:   3.34; 5505 src tok/s; 5766 tgt tok/s;      7 s elapsed
Epoch  8,   100/  454; acc:  71.92; ppl:   3.75; 5447 src tok/s; 5621 tgt tok/s;     15 s elapsed
Epoch  8,   150/  454; acc:  72.82; ppl:   3.49; 5590 src tok/s; 5800 tgt tok/s;     23 s elapsed
Epoch  8,   200/  454; acc:  71.46; ppl:   3.79; 5448 src tok/s; 5625 tgt tok/s;     31 s elapsed
Epoch  8,   250/  454; acc:  72.88; ppl:   3.48; 5478 src tok/s; 5710 tgt tok/s;     38 s elapsed
Epoch  8,   300/  454; acc:  70.46; ppl:   3.99; 5579 src tok/s; 5754 tgt tok/s;     46 s elapsed
Epoch  8,   350/  454; acc:  70.73; ppl:   3.92; 5536 src tok/s; 5764 tgt tok/s;     53 s elapsed
Epoch  8,   400/  454; acc:  71.56; ppl:   3.81; 5541 src tok/s; 5764 tgt tok/s;     61 s elapsed
Epoch  8,   450/  454; acc:  71.37; ppl:   3.82; 5488 src tok/s; 5707 tgt tok/s;     68 s elapsed
Train perplexity: 3.72397
Train accuracy: 71.7764
Validation perplexity: 6.60063
Validation accuracy: 66.6028
Decaying learning rate to 0.5

Epoch  9,    50/  454; acc:  77.31; ppl:   2.68; 5443 src tok/s; 5695 tgt tok/s;      7 s elapsed
Epoch  9,   100/  454; acc:  75.83; ppl:   2.98; 5613 src tok/s; 5773 tgt tok/s;     15 s elapsed
Epoch  9,   150/  454; acc:  76.73; ppl:   2.77; 5559 src tok/s; 5767 tgt tok/s;     23 s elapsed
Epoch  9,   200/  454; acc:  76.43; ppl:   2.80; 5625 src tok/s; 5849 tgt tok/s;     30 s elapsed
Epoch  9,   250/  454; acc:  76.77; ppl:   2.78; 5502 src tok/s; 5692 tgt tok/s;     38 s elapsed
Epoch  9,   300/  454; acc:  77.20; ppl:   2.71; 5578 src tok/s; 5752 tgt tok/s;     45 s elapsed
Epoch  9,   350/  454; acc:  76.05; ppl:   2.91; 5429 src tok/s; 5630 tgt tok/s;     53 s elapsed
Epoch  9,   400/  454; acc:  77.15; ppl:   2.74; 5535 src tok/s; 5784 tgt tok/s;     61 s elapsed
Epoch  9,   450/  454; acc:  76.11; ppl:   2.92; 5404 src tok/s; 5613 tgt tok/s;     68 s elapsed
Train perplexity: 2.80589
Train accuracy: 76.6389
Validation perplexity: 6.1871
Validation accuracy: 68.7101
Decaying learning rate to 0.25

Epoch 10,    50/  454; acc:  80.54; ppl:   2.26; 5524 src tok/s; 5741 tgt tok/s;      7 s elapsed
Epoch 10,   100/  454; acc:  79.87; ppl:   2.38; 5577 src tok/s; 5762 tgt tok/s;     15 s elapsed
Epoch 10,   150/  454; acc:  79.80; ppl:   2.38; 5675 src tok/s; 5835 tgt tok/s;     23 s elapsed
Epoch 10,   200/  454; acc:  80.56; ppl:   2.27; 5514 src tok/s; 5777 tgt tok/s;     30 s elapsed
Epoch 10,   250/  454; acc:  79.53; ppl:   2.36; 5576 src tok/s; 5776 tgt tok/s;     38 s elapsed
Epoch 10,   300/  454; acc:  80.28; ppl:   2.27; 5495 src tok/s; 5754 tgt tok/s;     45 s elapsed
Epoch 10,   350/  454; acc:  79.99; ppl:   2.34; 5526 src tok/s; 5727 tgt tok/s;     53 s elapsed
Epoch 10,   400/  454; acc:  80.02; ppl:   2.32; 5477 src tok/s; 5704 tgt tok/s;     60 s elapsed
Epoch 10,   450/  454; acc:  79.65; ppl:   2.37; 5455 src tok/s; 5619 tgt tok/s;     68 s elapsed
Train perplexity: 2.32501
Train accuracy: 80.0515
Validation perplexity: 6.22237
Validation accuracy: 69.7105
Decaying learning rate to 0.125

Epoch 11,    50/  454; acc:  82.17; ppl:   2.12; 5383 src tok/s; 5571 tgt tok/s;      8 s elapsed
Epoch 11,   100/  454; acc:  82.53; ppl:   2.06; 5568 src tok/s; 5761 tgt tok/s;     15 s elapsed
Epoch 11,   150/  454; acc:  81.55; ppl:   2.15; 5410 src tok/s; 5637 tgt tok/s;     23 s elapsed
Epoch 11,   200/  454; acc:  82.52; ppl:   2.06; 5581 src tok/s; 5817 tgt tok/s;     31 s elapsed
Epoch 11,   250/  454; acc:  81.68; ppl:   2.15; 5652 src tok/s; 5831 tgt tok/s;     38 s elapsed
Epoch 11,   300/  454; acc:  82.89; ppl:   2.04; 5533 src tok/s; 5756 tgt tok/s;     46 s elapsed
Epoch 11,   350/  454; acc:  81.91; ppl:   2.13; 5537 src tok/s; 5749 tgt tok/s;     53 s elapsed
Epoch 11,   400/  454; acc:  81.58; ppl:   2.18; 5512 src tok/s; 5731 tgt tok/s;     61 s elapsed
Epoch 11,   450/  454; acc:  81.91; ppl:   2.11; 5543 src tok/s; 5750 tgt tok/s;     68 s elapsed
Train perplexity: 2.11085
Train accuracy: 82.085
Validation perplexity: 6.31093
Validation accuracy: 69.5899
Decaying learning rate to 0.0625

Epoch 12,    50/  454; acc:  83.69; ppl:   1.95; 5516 src tok/s; 5736 tgt tok/s;      7 s elapsed
Epoch 12,   100/  454; acc:  82.51; ppl:   2.06; 5549 src tok/s; 5773 tgt tok/s;     15 s elapsed
Epoch 12,   150/  454; acc:  83.07; ppl:   2.01; 5470 src tok/s; 5666 tgt tok/s;     23 s elapsed
Epoch 12,   200/  454; acc:  83.25; ppl:   2.02; 5421 src tok/s; 5619 tgt tok/s;     31 s elapsed
Epoch 12,   250/  454; acc:  84.47; ppl:   1.87; 5591 src tok/s; 5846 tgt tok/s;     38 s elapsed
Epoch 12,   300/  454; acc:  81.96; ppl:   2.13; 5583 src tok/s; 5743 tgt tok/s;     46 s elapsed
Epoch 12,   350/  454; acc:  83.01; ppl:   2.03; 5569 src tok/s; 5790 tgt tok/s;     53 s elapsed
Epoch 12,   400/  454; acc:  83.17; ppl:   2.00; 5587 src tok/s; 5797 tgt tok/s;     61 s elapsed
Epoch 12,   450/  454; acc:  82.87; ppl:   2.04; 5378 src tok/s; 5572 tgt tok/s;     68 s elapsed
Train perplexity: 2.0117
Train accuracy: 83.0986
Validation perplexity: 6.40546
Validation accuracy: 69.3699
Decaying learning rate to 0.03125

Epoch 13,    50/  454; acc:  83.60; ppl:   1.98; 5490 src tok/s; 5686 tgt tok/s;      8 s elapsed
Epoch 13,   100/  454; acc:  83.90; ppl:   1.94; 5617 src tok/s; 5851 tgt tok/s;     15 s elapsed
Epoch 13,   150/  454; acc:  83.35; ppl:   2.00; 5529 src tok/s; 5708 tgt tok/s;     23 s elapsed
Epoch 13,   200/  454; acc:  84.04; ppl:   1.92; 5515 src tok/s; 5728 tgt tok/s;     30 s elapsed
Epoch 13,   250/  454; acc:  84.29; ppl:   1.89; 5432 src tok/s; 5650 tgt tok/s;     38 s elapsed
Epoch 13,   300/  454; acc:  83.40; ppl:   2.01; 5508 src tok/s; 5730 tgt tok/s;     46 s elapsed
Epoch 13,   350/  454; acc:  83.28; ppl:   2.00; 5559 src tok/s; 5776 tgt tok/s;     53 s elapsed
Epoch 13,   400/  454; acc:  83.70; ppl:   1.92; 5581 src tok/s; 5781 tgt tok/s;     61 s elapsed
Epoch 13,   450/  454; acc:  83.07; ppl:   2.02; 5459 src tok/s; 5645 tgt tok/s;     68 s elapsed
Train perplexity: 1.96233
Train accuracy: 83.6404
Validation perplexity: 6.45387
Validation accuracy: 69.4977
Decaying learning rate to 0.015625

Epoch 14,    50/  454; acc:  84.75; ppl:   1.87; 5416 src tok/s; 5617 tgt tok/s;      8 s elapsed
Epoch 14,   100/  454; acc:  83.54; ppl:   1.98; 5537 src tok/s; 5741 tgt tok/s;     15 s elapsed
Epoch 14,   150/  454; acc:  84.16; ppl:   1.92; 5562 src tok/s; 5787 tgt tok/s;     23 s elapsed
Epoch 14,   200/  454; acc:  83.85; ppl:   1.94; 5484 src tok/s; 5705 tgt tok/s;     31 s elapsed
Epoch 14,   250/  454; acc:  84.26; ppl:   1.89; 5546 src tok/s; 5742 tgt tok/s;     38 s elapsed
Epoch 14,   300/  454; acc:  83.38; ppl:   1.99; 5532 src tok/s; 5735 tgt tok/s;     46 s elapsed
Epoch 14,   350/  454; acc:  83.93; ppl:   1.93; 5621 src tok/s; 5817 tgt tok/s;     53 s elapsed
Epoch 14,   400/  454; acc:  83.60; ppl:   1.95; 5504 src tok/s; 5744 tgt tok/s;     61 s elapsed
Epoch 14,   450/  454; acc:  83.45; ppl:   1.98; 5521 src tok/s; 5710 tgt tok/s;     68 s elapsed
Train perplexity: 1.93678
Train accuracy: 83.9019
Validation perplexity: 6.47574
Validation accuracy: 69.4764
Decaying learning rate to 0.0078125

Epoch 15,    50/  454; acc:  83.96; ppl:   1.93; 5495 src tok/s; 5705 tgt tok/s;      8 s elapsed
Epoch 15,   100/  454; acc:  84.50; ppl:   1.88; 5538 src tok/s; 5745 tgt tok/s;     15 s elapsed
Epoch 15,   150/  454; acc:  84.20; ppl:   1.92; 5421 src tok/s; 5655 tgt tok/s;     23 s elapsed
Epoch 15,   200/  454; acc:  83.90; ppl:   1.95; 5549 src tok/s; 5728 tgt tok/s;     30 s elapsed
Epoch 15,   250/  454; acc:  83.52; ppl:   1.99; 5488 src tok/s; 5665 tgt tok/s;     38 s elapsed
Epoch 15,   300/  454; acc:  84.83; ppl:   1.85; 5670 src tok/s; 5924 tgt tok/s;     46 s elapsed
Epoch 15,   350/  454; acc:  82.77; ppl:   2.07; 5653 src tok/s; 5805 tgt tok/s;     53 s elapsed
Epoch 15,   400/  454; acc:  85.54; ppl:   1.79; 5574 src tok/s; 5836 tgt tok/s;     60 s elapsed
Epoch 15,   450/  454; acc:  84.23; ppl:   1.92; 5302 src tok/s; 5531 tgt tok/s;     68 s elapsed
Train perplexity: 1.92592
Train accuracy: 84.0904
Validation perplexity: 6.48748
Validation accuracy: 69.3841
Decaying learning rate to 0.00390625

Epoch 16,    50/  454; acc:  83.49; ppl:   1.98; 5470 src tok/s; 5679 tgt tok/s;      8 s elapsed
Epoch 16,   100/  454; acc:  85.14; ppl:   1.83; 5502 src tok/s; 5746 tgt tok/s;     15 s elapsed
Epoch 16,   150/  454; acc:  85.29; ppl:   1.83; 5571 src tok/s; 5782 tgt tok/s;     22 s elapsed
Epoch 16,   200/  454; acc:  83.28; ppl:   2.01; 5409 src tok/s; 5589 tgt tok/s;     31 s elapsed
Epoch 16,   250/  454; acc:  84.17; ppl:   1.90; 5609 src tok/s; 5803 tgt tok/s;     38 s elapsed
Epoch 16,   300/  454; acc:  84.10; ppl:   1.93; 5587 src tok/s; 5835 tgt tok/s;     46 s elapsed
Epoch 16,   350/  454; acc:  84.67; ppl:   1.87; 5520 src tok/s; 5739 tgt tok/s;     53 s elapsed
Epoch 16,   400/  454; acc:  83.65; ppl:   1.97; 5611 src tok/s; 5779 tgt tok/s;     61 s elapsed
Epoch 16,   450/  454; acc:  83.96; ppl:   1.94; 5393 src tok/s; 5616 tgt tok/s;     68 s elapsed
Train perplexity: 1.91897
Train accuracy: 84.1842
Validation perplexity: 6.49572
Validation accuracy: 69.448
Decaying learning rate to 0.00195312

Epoch 17,    50/  454; acc:  83.88; ppl:   1.99; 5388 src tok/s; 5584 tgt tok/s;      8 s elapsed
Epoch 17,   100/  454; acc:  84.82; ppl:   1.85; 5602 src tok/s; 5825 tgt tok/s;     15 s elapsed
Epoch 17,   150/  454; acc:  84.09; ppl:   1.92; 5558 src tok/s; 5751 tgt tok/s;     23 s elapsed
Epoch 17,   200/  454; acc:  84.57; ppl:   1.87; 5531 src tok/s; 5760 tgt tok/s;     30 s elapsed
Epoch 17,   250/  454; acc:  84.21; ppl:   1.92; 5569 src tok/s; 5739 tgt tok/s;     38 s elapsed
Epoch 17,   300/  454; acc:  84.68; ppl:   1.88; 5567 src tok/s; 5818 tgt tok/s;     45 s elapsed
Epoch 17,   350/  454; acc:  84.26; ppl:   1.91; 5470 src tok/s; 5678 tgt tok/s;     53 s elapsed
Epoch 17,   400/  454; acc:  83.71; ppl:   1.94; 5565 src tok/s; 5773 tgt tok/s;     61 s elapsed
Epoch 17,   450/  454; acc:  83.86; ppl:   1.95; 5445 src tok/s; 5641 tgt tok/s;     68 s elapsed
Train perplexity: 1.91377
Train accuracy: 84.2349
Validation perplexity: 6.49898
Validation accuracy: 69.4267
Decaying learning rate to 0.000976562
