<module 'opts' from '/u/suhubdyd/research/projects/jumble_lstm/code/auxiliary-nmt/opts.pyc'>
Namespace(batch_size=64, brnn=False, brnn_merge='concat', cnn_kernel_width=3, context_gate=None, copy_attn=False, copy_attn_force=False, coverage_attn=False, data='/data/lisatmp3/suhubdyd/multi30k.atok.low', dec_layers=1, decay_method='', decoder_type='rnn', dropout=0.3, enc_layers=2, encoder_type='rnn', epochs=17, exp='', exp_host='', feat_merge='concat', feat_vec_exponent=0.7, feat_vec_size=-1, fix_word_vecs_dec=False, fix_word_vecs_enc=False, global_attention='general', gpuid=[0], input_feed=1, kappa_dec=0.15, kappa_enc=0.0, lambda_coverage=1, layers=-1, learning_rate=1.0, learning_rate_decay=0.5, max_generator_batches=32, max_grad_norm=5, model_type='text', optim='sgd', param_init=0.1, position_encoding=False, pre_word_vecs_dec=None, pre_word_vecs_enc=None, report_every=50, rnn_size=500, rnn_type='LSTM', save_model='/data/lisatmp3/suhubdyd/models/encoder0decoder0.15dropout0.3wdropFalse', seed=-1, share_decoder_embeddings=False, share_embeddings=False, src_word_vec_size=500, start_checkpoint_at=0, start_decay_at=8, start_epoch=1, tgt_word_vec_size=500, train_from='', truncated_decoder=0, warmup_steps=4000, weightdropout=False, word_vec_size=-1)
('Using Kappa L2 loss on decoder', 0.15)
Loading train and validate data from '/data/lisatmp3/suhubdyd/multi30k.atok.low'
 * number of training sentences: 29000
 * maximum batch size: 64
 * vocabulary size. source = 10841; target = 18563
Building model...
Intializing model parameters.
NMTModel (
  (encoder): RNNEncoder (
    (embeddings): Embeddings (
      (make_embedding): Sequential (
        (emb_luts): Elementwise (
          (0): Embedding(10841, 500, padding_idx=1)
        )
      )
    )
    (dropout): Dropout (p = 0.3)
    (rnn): LSTM(500, 500, dropout=0.3)
  )
  (decoder): InputFeedRNNDecoder (
    (embeddings): Embeddings (
      (make_embedding): Sequential (
        (emb_luts): Elementwise (
          (0): Embedding(18563, 500, padding_idx=1)
        )
      )
    )
    (dropout): Dropout (p = 0.3)
    (rnn): StackedLSTM (
      (dropout): Dropout (p = 0.3)
      (layers): ModuleList (
        (0): LSTMCell(1000, 500)
      )
    )
    (attn): GlobalAttention (
      (linear_in): Linear (500 -> 500)
      (linear_out): Linear (1000 -> 500)
      (sm): Softmax ()
      (tanh): Tanh ()
    )
  )
  (generator): Sequential (
    (0): Linear (500 -> 18563)
    (1): LogSoftmax ()
  )
)
* number of parameters: 29760063
('encoder: ', 7424500)
('decoder: ', 22335563)

Epoch  1,    50/  454; acc:   8.68; ppl: 22260.00; 3264 src tok/s; 3388 tgt tok/s;     13 s elapsed
Epoch  1,   100/  454; acc:  14.36; ppl: 1518.91; 3425 src tok/s; 3566 tgt tok/s;     25 s elapsed
Epoch  1,   150/  454; acc:  17.54; ppl: 527.42; 3529 src tok/s; 3633 tgt tok/s;     37 s elapsed
Epoch  1,   200/  454; acc:  21.50; ppl: 260.13; 3434 src tok/s; 3587 tgt tok/s;     49 s elapsed
Epoch  1,   250/  454; acc:  22.78; ppl: 193.39; 3491 src tok/s; 3594 tgt tok/s;     62 s elapsed
Epoch  1,   300/  454; acc:  28.17; ppl: 117.68; 3421 src tok/s; 3587 tgt tok/s;     73 s elapsed
Epoch  1,   350/  454; acc:  30.66; ppl:  89.76; 3473 src tok/s; 3619 tgt tok/s;     85 s elapsed
Epoch  1,   400/  454; acc:  29.74; ppl:  88.37; 3460 src tok/s; 3575 tgt tok/s;     98 s elapsed
Epoch  1,   450/  454; acc:  32.91; ppl:  69.80; 3411 src tok/s; 3530 tgt tok/s;    110 s elapsed
Train perplexity: 337.942
Train accuracy: 22.9348
Validation perplexity: 52.8671
Validation accuracy: 36.6113

Epoch  2,    50/  454; acc:  35.53; ppl:  54.77; 3394 src tok/s; 3540 tgt tok/s;     12 s elapsed
Epoch  2,   100/  454; acc:  37.58; ppl:  48.41; 3431 src tok/s; 3548 tgt tok/s;     25 s elapsed
Epoch  2,   150/  454; acc:  39.42; ppl:  41.82; 3448 src tok/s; 3582 tgt tok/s;     37 s elapsed
Epoch  2,   200/  454; acc:  42.37; ppl:  33.65; 3472 src tok/s; 3607 tgt tok/s;     49 s elapsed
Epoch  2,   250/  454; acc:  46.35; ppl:  26.20; 3336 src tok/s; 3497 tgt tok/s;     60 s elapsed
Epoch  2,   300/  454; acc:  44.53; ppl:  29.17; 3466 src tok/s; 3547 tgt tok/s;     74 s elapsed
Epoch  2,   350/  454; acc:  49.33; ppl:  21.44; 3323 src tok/s; 3489 tgt tok/s;     86 s elapsed
Epoch  2,   400/  454; acc:  49.78; ppl:  20.98; 3407 src tok/s; 3511 tgt tok/s;     98 s elapsed
Epoch  2,   450/  454; acc:  51.08; ppl:  19.28; 3443 src tok/s; 3574 tgt tok/s;    110 s elapsed
Train perplexity: 30.7579
Train accuracy: 43.9984
Validation perplexity: 18.7577
Validation accuracy: 50.8301

Epoch  3,    50/  454; acc:  53.00; ppl:  16.23; 3335 src tok/s; 3457 tgt tok/s;     13 s elapsed
Epoch  3,   100/  454; acc:  54.43; ppl:  14.50; 3409 src tok/s; 3525 tgt tok/s;     25 s elapsed
Epoch  3,   150/  454; acc:  55.80; ppl:  13.62; 3451 src tok/s; 3601 tgt tok/s;     37 s elapsed
Epoch  3,   200/  454; acc:  55.17; ppl:  13.60; 3474 src tok/s; 3590 tgt tok/s;     49 s elapsed
Epoch  3,   250/  454; acc:  57.74; ppl:  11.83; 3347 src tok/s; 3522 tgt tok/s;     61 s elapsed
Epoch  3,   300/  454; acc:  55.67; ppl:  13.06; 3550 src tok/s; 3648 tgt tok/s;     73 s elapsed
Epoch  3,   350/  454; acc:  57.99; ppl:  11.49; 3438 src tok/s; 3577 tgt tok/s;     86 s elapsed
Epoch  3,   400/  454; acc:  58.29; ppl:  11.01; 3411 src tok/s; 3538 tgt tok/s;     98 s elapsed
Epoch  3,   450/  454; acc:  57.82; ppl:  11.52; 3381 src tok/s; 3499 tgt tok/s;    110 s elapsed
Train perplexity: 12.8666
Train accuracy: 56.2353
Validation perplexity: 10.303
Validation accuracy: 60.5719

Epoch  4,    50/  454; acc:  60.60; ppl:   9.13; 3433 src tok/s; 3568 tgt tok/s;     12 s elapsed
Epoch  4,   100/  454; acc:  61.45; ppl:   8.74; 3483 src tok/s; 3607 tgt tok/s;     24 s elapsed
Epoch  4,   150/  454; acc:  61.77; ppl:   8.36; 3469 src tok/s; 3594 tgt tok/s;     36 s elapsed
Epoch  4,   200/  454; acc:  61.18; ppl:   8.81; 3393 src tok/s; 3532 tgt tok/s;     49 s elapsed
Epoch  4,   250/  454; acc:  62.54; ppl:   8.11; 3323 src tok/s; 3474 tgt tok/s;     61 s elapsed
Epoch  4,   300/  454; acc:  61.01; ppl:   8.82; 3477 src tok/s; 3579 tgt tok/s;     73 s elapsed
Epoch  4,   350/  454; acc:  63.07; ppl:   7.67; 3481 src tok/s; 3624 tgt tok/s;     85 s elapsed
Epoch  4,   400/  454; acc:  61.81; ppl:   8.33; 3399 src tok/s; 3519 tgt tok/s;     98 s elapsed
Epoch  4,   450/  454; acc:  61.82; ppl:   8.36; 3425 src tok/s; 3555 tgt tok/s;    110 s elapsed
Train perplexity: 8.46315
Train accuracy: 61.7107
Validation perplexity: 8.53817
Validation accuracy: 62.5798

Epoch  5,    50/  454; acc:  66.03; ppl:   6.12; 3350 src tok/s; 3484 tgt tok/s;     12 s elapsed
Epoch  5,   100/  454; acc:  64.98; ppl:   6.48; 3448 src tok/s; 3570 tgt tok/s;     25 s elapsed
Epoch  5,   150/  454; acc:  64.63; ppl:   6.54; 3370 src tok/s; 3513 tgt tok/s;     37 s elapsed
Epoch  5,   200/  454; acc:  65.20; ppl:   6.31; 3417 src tok/s; 3553 tgt tok/s;     49 s elapsed
Epoch  5,   250/  454; acc:  66.66; ppl:   5.91; 3425 src tok/s; 3609 tgt tok/s;     61 s elapsed
Epoch  5,   300/  454; acc:  63.47; ppl:   7.04; 3466 src tok/s; 3551 tgt tok/s;     74 s elapsed
Epoch  5,   350/  454; acc:  64.51; ppl:   6.59; 3376 src tok/s; 3500 tgt tok/s;     86 s elapsed
Epoch  5,   400/  454; acc:  65.43; ppl:   6.28; 3466 src tok/s; 3597 tgt tok/s;     98 s elapsed
Epoch  5,   450/  454; acc:  65.22; ppl:   6.28; 3440 src tok/s; 3543 tgt tok/s;    111 s elapsed
Train perplexity: 6.37643
Train accuracy: 65.1539
Validation perplexity: 7.20633
Validation accuracy: 65.4747

Epoch  6,    50/  454; acc:  68.76; ppl:   4.84; 3480 src tok/s; 3575 tgt tok/s;     12 s elapsed
Epoch  6,   100/  454; acc:  67.83; ppl:   5.07; 3379 src tok/s; 3524 tgt tok/s;     24 s elapsed
Epoch  6,   150/  454; acc:  67.06; ppl:   5.37; 3438 src tok/s; 3546 tgt tok/s;     37 s elapsed
Epoch  6,   200/  454; acc:  68.11; ppl:   5.05; 3409 src tok/s; 3560 tgt tok/s;     49 s elapsed
Epoch  6,   250/  454; acc:  67.98; ppl:   5.06; 3516 src tok/s; 3642 tgt tok/s;     61 s elapsed
Epoch  6,   300/  454; acc:  67.80; ppl:   5.19; 3359 src tok/s; 3502 tgt tok/s;     73 s elapsed
Epoch  6,   350/  454; acc:  66.92; ppl:   5.39; 3432 src tok/s; 3567 tgt tok/s;     86 s elapsed
Epoch  6,   400/  454; acc:  67.78; ppl:   5.14; 3366 src tok/s; 3485 tgt tok/s;     98 s elapsed
Epoch  6,   450/  454; acc:  66.93; ppl:   5.41; 3362 src tok/s; 3493 tgt tok/s;    111 s elapsed
Train perplexity: 5.15772
Train accuracy: 67.7044
Validation perplexity: 6.88912
Validation accuracy: 66.5744

Epoch  7,    50/  454; acc:  71.74; ppl:   3.83; 3371 src tok/s; 3528 tgt tok/s;     12 s elapsed
Epoch  7,   100/  454; acc:  68.60; ppl:   4.57; 3434 src tok/s; 3539 tgt tok/s;     25 s elapsed
Epoch  7,   150/  454; acc:  69.76; ppl:   4.38; 3492 src tok/s; 3612 tgt tok/s;     37 s elapsed
Epoch  7,   200/  454; acc:  70.48; ppl:   4.15; 3354 src tok/s; 3516 tgt tok/s;     49 s elapsed
Epoch  7,   250/  454; acc:  68.45; ppl:   4.67; 3525 src tok/s; 3633 tgt tok/s;     62 s elapsed
Epoch  7,   300/  454; acc:  70.60; ppl:   4.07; 3456 src tok/s; 3609 tgt tok/s;     73 s elapsed
Epoch  7,   350/  454; acc:  68.95; ppl:   4.66; 3428 src tok/s; 3537 tgt tok/s;     86 s elapsed
Epoch  7,   400/  454; acc:  70.56; ppl:   4.24; 3350 src tok/s; 3494 tgt tok/s;     98 s elapsed
Epoch  7,   450/  454; acc:  69.55; ppl:   4.45; 3380 src tok/s; 3506 tgt tok/s;    110 s elapsed
Train perplexity: 4.3528
Train accuracy: 69.7546
Validation perplexity: 6.65606
Validation accuracy: 66.8582

Epoch  8,    50/  454; acc:  73.64; ppl:   3.40; 3352 src tok/s; 3517 tgt tok/s;     12 s elapsed
Epoch  8,   100/  454; acc:  71.69; ppl:   3.73; 3437 src tok/s; 3547 tgt tok/s;     25 s elapsed
Epoch  8,   150/  454; acc:  71.78; ppl:   3.71; 3394 src tok/s; 3511 tgt tok/s;     37 s elapsed
Epoch  8,   200/  454; acc:  71.50; ppl:   3.77; 3405 src tok/s; 3522 tgt tok/s;     49 s elapsed
Epoch  8,   250/  454; acc:  71.87; ppl:   3.72; 3488 src tok/s; 3617 tgt tok/s;     61 s elapsed
Epoch  8,   300/  454; acc:  71.03; ppl:   3.89; 3452 src tok/s; 3584 tgt tok/s;     74 s elapsed
Epoch  8,   350/  454; acc:  71.32; ppl:   3.89; 3368 src tok/s; 3501 tgt tok/s;     86 s elapsed
Epoch  8,   400/  454; acc:  70.43; ppl:   4.05; 3444 src tok/s; 3566 tgt tok/s;     98 s elapsed
Epoch  8,   450/  454; acc:  71.48; ppl:   3.78; 3386 src tok/s; 3531 tgt tok/s;    110 s elapsed
Train perplexity: 3.77396
Train accuracy: 71.5906
Validation perplexity: 6.4322
Validation accuracy: 67.6742
Decaying learning rate to 0.5

Epoch  9,    50/  454; acc:  76.14; ppl:   2.90; 3459 src tok/s; 3595 tgt tok/s;     12 s elapsed
Epoch  9,   100/  454; acc:  76.41; ppl:   2.82; 3419 src tok/s; 3530 tgt tok/s;     24 s elapsed
Epoch  9,   150/  454; acc:  76.15; ppl:   2.86; 3420 src tok/s; 3534 tgt tok/s;     37 s elapsed
Epoch  9,   200/  454; acc:  76.50; ppl:   2.80; 3392 src tok/s; 3531 tgt tok/s;     49 s elapsed
Epoch  9,   250/  454; acc:  76.26; ppl:   2.86; 3457 src tok/s; 3579 tgt tok/s;     61 s elapsed
Epoch  9,   300/  454; acc:  76.38; ppl:   2.80; 3448 src tok/s; 3594 tgt tok/s;     73 s elapsed
Epoch  9,   350/  454; acc:  76.65; ppl:   2.77; 3451 src tok/s; 3572 tgt tok/s;     85 s elapsed
Epoch  9,   400/  454; acc:  75.87; ppl:   2.90; 3373 src tok/s; 3517 tgt tok/s;     98 s elapsed
Epoch  9,   450/  454; acc:  76.66; ppl:   2.80; 3421 src tok/s; 3552 tgt tok/s;    110 s elapsed
Train perplexity: 2.83509
Train accuracy: 76.3308
Validation perplexity: 6.06277
Validation accuracy: 69.0365
Decaying learning rate to 0.25

Epoch 10,    50/  454; acc:  80.90; ppl:   2.25; 3309 src tok/s; 3476 tgt tok/s;     12 s elapsed
Epoch 10,   100/  454; acc:  79.38; ppl:   2.43; 3481 src tok/s; 3577 tgt tok/s;     24 s elapsed
Epoch 10,   150/  454; acc:  80.46; ppl:   2.30; 3391 src tok/s; 3520 tgt tok/s;     37 s elapsed
Epoch 10,   200/  454; acc:  79.38; ppl:   2.41; 3441 src tok/s; 3559 tgt tok/s;     49 s elapsed
Epoch 10,   250/  454; acc:  80.78; ppl:   2.25; 3415 src tok/s; 3577 tgt tok/s;     61 s elapsed
Epoch 10,   300/  454; acc:  79.69; ppl:   2.39; 3424 src tok/s; 3542 tgt tok/s;     74 s elapsed
Epoch 10,   350/  454; acc:  79.23; ppl:   2.46; 3548 src tok/s; 3651 tgt tok/s;     86 s elapsed
Epoch 10,   400/  454; acc:  80.02; ppl:   2.34; 3354 src tok/s; 3499 tgt tok/s;     98 s elapsed
Epoch 10,   450/  454; acc:  79.46; ppl:   2.38; 3451 src tok/s; 3580 tgt tok/s;    110 s elapsed
Train perplexity: 2.35498
Train accuracy: 79.9215
Validation perplexity: 6.09538
Validation accuracy: 69.7318
Decaying learning rate to 0.125

Epoch 11,    50/  454; acc:  81.67; ppl:   2.17; 3404 src tok/s; 3538 tgt tok/s;     12 s elapsed
Epoch 11,   100/  454; acc:  82.56; ppl:   2.07; 3428 src tok/s; 3551 tgt tok/s;     24 s elapsed
Epoch 11,   150/  454; acc:  81.59; ppl:   2.17; 3476 src tok/s; 3600 tgt tok/s;     37 s elapsed
Epoch 11,   200/  454; acc:  82.35; ppl:   2.10; 3405 src tok/s; 3554 tgt tok/s;     49 s elapsed
Epoch 11,   250/  454; acc:  81.52; ppl:   2.21; 3376 src tok/s; 3499 tgt tok/s;     62 s elapsed
Epoch 11,   300/  454; acc:  82.78; ppl:   2.05; 3469 src tok/s; 3617 tgt tok/s;     73 s elapsed
Epoch 11,   350/  454; acc:  81.11; ppl:   2.24; 3555 src tok/s; 3666 tgt tok/s;     86 s elapsed
Epoch 11,   400/  454; acc:  82.35; ppl:   2.11; 3377 src tok/s; 3511 tgt tok/s;     98 s elapsed
Epoch 11,   450/  454; acc:  81.84; ppl:   2.15; 3360 src tok/s; 3478 tgt tok/s;    110 s elapsed
Train perplexity: 2.14104
Train accuracy: 81.9566
Validation perplexity: 6.20051
Validation accuracy: 69.973
Decaying learning rate to 0.0625

Epoch 12,    50/  454; acc:  81.89; ppl:   2.15; 3426 src tok/s; 3545 tgt tok/s;     13 s elapsed
Epoch 12,   100/  454; acc:  83.90; ppl:   1.91; 3383 src tok/s; 3522 tgt tok/s;     25 s elapsed
Epoch 12,   150/  454; acc:  83.53; ppl:   1.96; 3412 src tok/s; 3555 tgt tok/s;     37 s elapsed
Epoch 12,   200/  454; acc:  82.59; ppl:   2.08; 3459 src tok/s; 3576 tgt tok/s;     49 s elapsed
Epoch 12,   250/  454; acc:  83.31; ppl:   1.96; 3393 src tok/s; 3535 tgt tok/s;     61 s elapsed
Epoch 12,   300/  454; acc:  82.26; ppl:   2.09; 3471 src tok/s; 3578 tgt tok/s;     74 s elapsed
Epoch 12,   350/  454; acc:  83.42; ppl:   1.95; 3430 src tok/s; 3577 tgt tok/s;     85 s elapsed
Epoch 12,   400/  454; acc:  81.98; ppl:   2.12; 3382 src tok/s; 3494 tgt tok/s;     98 s elapsed
Epoch 12,   450/  454; acc:  82.67; ppl:   2.05; 3390 src tok/s; 3517 tgt tok/s;    111 s elapsed
Train perplexity: 2.03214
Train accuracy: 82.8357
Validation perplexity: 6.32647
Validation accuracy: 69.6325
Decaying learning rate to 0.03125

Epoch 13,    50/  454; acc:  83.54; ppl:   1.96; 3428 src tok/s; 3542 tgt tok/s;     12 s elapsed
Epoch 13,   100/  454; acc:  83.69; ppl:   1.98; 3409 src tok/s; 3555 tgt tok/s;     24 s elapsed
Epoch 13,   150/  454; acc:  82.40; ppl:   2.08; 3449 src tok/s; 3562 tgt tok/s;     37 s elapsed
Epoch 13,   200/  454; acc:  83.98; ppl:   1.94; 3423 src tok/s; 3569 tgt tok/s;     49 s elapsed
Epoch 13,   250/  454; acc:  83.15; ppl:   2.00; 3488 src tok/s; 3613 tgt tok/s;     61 s elapsed
Epoch 13,   300/  454; acc:  83.82; ppl:   1.93; 3488 src tok/s; 3609 tgt tok/s;     73 s elapsed
Epoch 13,   350/  454; acc:  82.90; ppl:   2.04; 3376 src tok/s; 3508 tgt tok/s;     86 s elapsed
Epoch 13,   400/  454; acc:  83.64; ppl:   1.98; 3414 src tok/s; 3555 tgt tok/s;     98 s elapsed
Epoch 13,   450/  454; acc:  83.32; ppl:   1.98; 3383 src tok/s; 3512 tgt tok/s;    110 s elapsed
Train perplexity: 1.98464
Train accuracy: 83.3911
Validation perplexity: 6.35534
Validation accuracy: 69.6821
Decaying learning rate to 0.015625

Epoch 14,    50/  454; acc:  84.18; ppl:   1.95; 3389 src tok/s; 3522 tgt tok/s;     12 s elapsed
Epoch 14,   100/  454; acc:  83.25; ppl:   2.00; 3435 src tok/s; 3543 tgt tok/s;     25 s elapsed
Epoch 14,   150/  454; acc:  83.12; ppl:   2.03; 3410 src tok/s; 3518 tgt tok/s;     38 s elapsed
Epoch 14,   200/  454; acc:  84.34; ppl:   1.91; 3473 src tok/s; 3618 tgt tok/s;     49 s elapsed
Epoch 14,   250/  454; acc:  84.65; ppl:   1.86; 3341 src tok/s; 3500 tgt tok/s;     61 s elapsed
Epoch 14,   300/  454; acc:  83.06; ppl:   2.03; 3440 src tok/s; 3566 tgt tok/s;     74 s elapsed
Epoch 14,   350/  454; acc:  83.51; ppl:   1.95; 3377 src tok/s; 3527 tgt tok/s;     86 s elapsed
Epoch 14,   400/  454; acc:  83.56; ppl:   1.98; 3445 src tok/s; 3574 tgt tok/s;     98 s elapsed
Epoch 14,   450/  454; acc:  84.35; ppl:   1.90; 3495 src tok/s; 3615 tgt tok/s;    110 s elapsed
Train perplexity: 1.96052
Train accuracy: 83.7268
Validation perplexity: 6.386
Validation accuracy: 69.8808
Decaying learning rate to 0.0078125

Epoch 15,    50/  454; acc:  83.74; ppl:   1.96; 3321 src tok/s; 3450 tgt tok/s;     12 s elapsed
Epoch 15,   100/  454; acc:  84.01; ppl:   1.93; 3476 src tok/s; 3602 tgt tok/s;     25 s elapsed
Epoch 15,   150/  454; acc:  82.96; ppl:   2.00; 3519 src tok/s; 3638 tgt tok/s;     37 s elapsed
Epoch 15,   200/  454; acc:  84.63; ppl:   1.90; 3387 src tok/s; 3534 tgt tok/s;     49 s elapsed
Epoch 15,   250/  454; acc:  84.02; ppl:   1.93; 3424 src tok/s; 3547 tgt tok/s;     61 s elapsed
Epoch 15,   300/  454; acc:  83.68; ppl:   1.96; 3400 src tok/s; 3537 tgt tok/s;     73 s elapsed
Epoch 15,   350/  454; acc:  84.44; ppl:   1.91; 3465 src tok/s; 3596 tgt tok/s;     85 s elapsed
Epoch 15,   400/  454; acc:  83.46; ppl:   1.99; 3418 src tok/s; 3549 tgt tok/s;     98 s elapsed
Epoch 15,   450/  454; acc:  84.27; ppl:   1.88; 3332 src tok/s; 3461 tgt tok/s;    110 s elapsed
Train perplexity: 1.94851
Train accuracy: 83.8387
Validation perplexity: 6.3901
Validation accuracy: 69.8524
Decaying learning rate to 0.00390625

Epoch 16,    50/  454; acc:  85.09; ppl:   1.84; 3409 src tok/s; 3579 tgt tok/s;     12 s elapsed
Epoch 16,   100/  454; acc:  82.67; ppl:   2.06; 3513 src tok/s; 3612 tgt tok/s;     24 s elapsed
Epoch 16,   150/  454; acc:  83.80; ppl:   1.97; 3386 src tok/s; 3508 tgt tok/s;     37 s elapsed
Epoch 16,   200/  454; acc:  84.04; ppl:   1.91; 3384 src tok/s; 3526 tgt tok/s;     49 s elapsed
Epoch 16,   250/  454; acc:  83.72; ppl:   1.98; 3418 src tok/s; 3544 tgt tok/s;     61 s elapsed
Epoch 16,   300/  454; acc:  84.97; ppl:   1.86; 3466 src tok/s; 3602 tgt tok/s;     73 s elapsed
Epoch 16,   350/  454; acc:  84.06; ppl:   1.92; 3491 src tok/s; 3615 tgt tok/s;     85 s elapsed
Epoch 16,   400/  454; acc:  83.36; ppl:   1.98; 3473 src tok/s; 3604 tgt tok/s;     97 s elapsed
Epoch 16,   450/  454; acc:  83.86; ppl:   1.95; 3339 src tok/s; 3462 tgt tok/s;    110 s elapsed
Train perplexity: 1.94088
Train accuracy: 83.9414
Validation perplexity: 6.39896
Validation accuracy: 69.8382
Decaying learning rate to 0.00195312

Epoch 17,    50/  454; acc:  83.25; ppl:   2.02; 3383 src tok/s; 3483 tgt tok/s;     13 s elapsed
Epoch 17,   100/  454; acc:  85.15; ppl:   1.84; 3381 src tok/s; 3527 tgt tok/s;     25 s elapsed
Epoch 17,   150/  454; acc:  84.58; ppl:   1.86; 3440 src tok/s; 3593 tgt tok/s;     36 s elapsed
Epoch 17,   200/  454; acc:  83.42; ppl:   1.99; 3445 src tok/s; 3564 tgt tok/s;     49 s elapsed
Epoch 17,   250/  454; acc:  84.08; ppl:   1.92; 3554 src tok/s; 3683 tgt tok/s;     61 s elapsed
Epoch 17,   300/  454; acc:  83.68; ppl:   1.96; 3462 src tok/s; 3595 tgt tok/s;     73 s elapsed
Epoch 17,   350/  454; acc:  84.26; ppl:   1.90; 3411 src tok/s; 3559 tgt tok/s;     85 s elapsed
Epoch 17,   400/  454; acc:  83.18; ppl:   2.04; 3418 src tok/s; 3531 tgt tok/s;     98 s elapsed
Epoch 17,   450/  454; acc:  83.82; ppl:   1.95; 3349 src tok/s; 3479 tgt tok/s;    110 s elapsed
Train perplexity: 1.94105
Train accuracy: 83.9237
Validation perplexity: 6.40172
Validation accuracy: 69.8524
Decaying learning rate to 0.000976562
