<module 'opts' from '/u/suhubdyd/research/projects/jumble_lstm/code/auxiliary-nmt/opts.pyc'>
Namespace(batch_size=64, brnn=False, brnn_merge='concat', cnn_kernel_width=3, context_gate=None, copy_attn=False, copy_attn_force=False, coverage_attn=False, data='/data/lisatmp3/suhubdyd/multi30k.atok.low', dec_layers=1, decay_method='', decoder_type='rnn', dropout=0.3, enc_layers=2, encoder_type='rnn', epochs=17, exp='', exp_host='', feat_merge='concat', feat_vec_exponent=0.7, feat_vec_size=-1, fix_word_vecs_dec=False, fix_word_vecs_enc=False, global_attention='general', gpuid=[0], input_feed=1, kappa_dec=0.15, kappa_enc=0.15, lambda_coverage=1, layers=-1, learning_rate=1.0, learning_rate_decay=0.5, max_generator_batches=32, max_grad_norm=5, model_type='text', optim='sgd', param_init=0.1, position_encoding=False, pre_word_vecs_dec=None, pre_word_vecs_enc=None, report_every=50, rnn_size=500, rnn_type='LSTM', save_model='/data/lisatmp3/suhubdyd/models/encoder0.15_decoder0.15_dropout0.3', seed=-1, share_decoder_embeddings=False, share_embeddings=False, src_word_vec_size=500, start_checkpoint_at=0, start_decay_at=8, start_epoch=1, tgt_word_vec_size=500, train_from='', truncated_decoder=0, warmup_steps=4000, word_vec_size=-1)
('Using Kappa L2 loss on encoder', 0.15)
('Using Kappa L2 loss on decoder', 0.15)
Loading train and validate data from '/data/lisatmp3/suhubdyd/multi30k.atok.low'
 * number of training sentences: 29000
 * maximum batch size: 64
 * vocabulary size. source = 10841; target = 18563
Building model...
Intializing model parameters.
NMTModel (
  (encoder): RNNEncoder (
    (embeddings): Embeddings (
      (make_embedding): Sequential (
        (emb_luts): Elementwise (
          (0): Embedding(10841, 500, padding_idx=1)
        )
      )
    )
    (dropout): Dropout (p = 0.3)
    (rnn): LSTM(500, 500, dropout=0.3)
  )
  (decoder): InputFeedRNNDecoder (
    (embeddings): Embeddings (
      (make_embedding): Sequential (
        (emb_luts): Elementwise (
          (0): Embedding(18563, 500, padding_idx=1)
        )
      )
    )
    (dropout): Dropout (p = 0.3)
    (rnn): StackedLSTM (
      (dropout): Dropout (p = 0.3)
      (layers): ModuleList (
        (0): LSTMCell(1000, 500)
      )
    )
    (attn): GlobalAttention (
      (linear_in): Linear (500 -> 500)
      (linear_out): Linear (1000 -> 500)
      (sm): Softmax ()
      (tanh): Tanh ()
    )
  )
  (generator): Sequential (
    (0): Linear (500 -> 18563)
    (1): LogSoftmax ()
  )
)
* number of parameters: 29760063
('encoder: ', 7424500)
('decoder: ', 22335563)

Epoch  1,    50/  454; acc:   8.45; ppl: 13594.88; 5162 src tok/s; 5373 tgt tok/s;      8 s elapsed
Epoch  1,   100/  454; acc:  14.58; ppl: 1419.31; 5886 src tok/s; 6126 tgt tok/s;     15 s elapsed
Epoch  1,   150/  454; acc:  18.58; ppl: 438.05; 5836 src tok/s; 6101 tgt tok/s;     22 s elapsed
Epoch  1,   200/  454; acc:  22.01; ppl: 237.97; 5759 src tok/s; 5953 tgt tok/s;     30 s elapsed
Epoch  1,   250/  454; acc:  26.50; ppl: 147.88; 5353 src tok/s; 5570 tgt tok/s;     37 s elapsed
Epoch  1,   300/  454; acc:  28.06; ppl: 116.79; 5388 src tok/s; 5569 tgt tok/s;     45 s elapsed
Epoch  1,   350/  454; acc:  29.86; ppl:  93.06; 5224 src tok/s; 5426 tgt tok/s;     53 s elapsed
Epoch  1,   400/  454; acc:  32.10; ppl:  75.56; 5459 src tok/s; 5623 tgt tok/s;     61 s elapsed
Epoch  1,   450/  454; acc:  34.45; ppl:  61.86; 5375 src tok/s; 5587 tgt tok/s;     69 s elapsed
Train perplexity: 288.058
Train accuracy: 23.8958
Validation perplexity: 60.0679
Validation accuracy: 33.7236

Epoch  2,    50/  454; acc:  37.22; ppl:  47.94; 5557 src tok/s; 5757 tgt tok/s;      8 s elapsed
Epoch  2,   100/  454; acc:  39.25; ppl:  43.75; 5323 src tok/s; 5496 tgt tok/s;     15 s elapsed
Epoch  2,   150/  454; acc:  42.92; ppl:  33.79; 5282 src tok/s; 5507 tgt tok/s;     23 s elapsed
Epoch  2,   200/  454; acc:  43.73; ppl:  30.57; 5534 src tok/s; 5717 tgt tok/s;     31 s elapsed
Epoch  2,   250/  454; acc:  46.48; ppl:  25.18; 5360 src tok/s; 5599 tgt tok/s;     39 s elapsed
Epoch  2,   300/  454; acc:  47.76; ppl:  23.62; 5390 src tok/s; 5607 tgt tok/s;     46 s elapsed
Epoch  2,   350/  454; acc:  48.67; ppl:  21.65; 5562 src tok/s; 5746 tgt tok/s;     54 s elapsed
Epoch  2,   400/  454; acc:  51.83; ppl:  18.23; 5388 src tok/s; 5650 tgt tok/s;     62 s elapsed
Epoch  2,   450/  454; acc:  52.20; ppl:  17.46; 5404 src tok/s; 5565 tgt tok/s;     70 s elapsed
Train perplexity: 27.3164
Train accuracy: 45.6393
Validation perplexity: 18.4458
Validation accuracy: 52.0079

Epoch  3,    50/  454; acc:  54.59; ppl:  14.30; 5701 src tok/s; 5932 tgt tok/s;      7 s elapsed
Epoch  3,   100/  454; acc:  55.69; ppl:  13.24; 5580 src tok/s; 5779 tgt tok/s;     15 s elapsed
Epoch  3,   150/  454; acc:  57.14; ppl:  12.17; 5449 src tok/s; 5655 tgt tok/s;     22 s elapsed
Epoch  3,   200/  454; acc:  56.61; ppl:  12.36; 5416 src tok/s; 5606 tgt tok/s;     30 s elapsed
Epoch  3,   250/  454; acc:  57.33; ppl:  11.72; 5389 src tok/s; 5605 tgt tok/s;     38 s elapsed
Epoch  3,   300/  454; acc:  58.84; ppl:  10.68; 5523 src tok/s; 5732 tgt tok/s;     46 s elapsed
Epoch  3,   350/  454; acc:  59.23; ppl:  10.41; 5254 src tok/s; 5504 tgt tok/s;     53 s elapsed
Epoch  3,   400/  454; acc:  57.97; ppl:  11.01; 5534 src tok/s; 5696 tgt tok/s;     61 s elapsed
Epoch  3,   450/  454; acc:  60.20; ppl:   9.70; 5402 src tok/s; 5587 tgt tok/s;     69 s elapsed
Train perplexity: 11.6217
Train accuracy: 57.5458
Validation perplexity: 9.48766
Validation accuracy: 62.0619

Epoch  4,    50/  454; acc:  62.78; ppl:   7.84; 5539 src tok/s; 5744 tgt tok/s;      7 s elapsed
Epoch  4,   100/  454; acc:  62.50; ppl:   7.71; 5526 src tok/s; 5731 tgt tok/s;     15 s elapsed
Epoch  4,   150/  454; acc:  63.09; ppl:   7.50; 5408 src tok/s; 5621 tgt tok/s;     23 s elapsed
Epoch  4,   200/  454; acc:  62.43; ppl:   8.00; 5479 src tok/s; 5665 tgt tok/s;     31 s elapsed
Epoch  4,   250/  454; acc:  63.74; ppl:   7.21; 5295 src tok/s; 5535 tgt tok/s;     38 s elapsed
Epoch  4,   300/  454; acc:  62.81; ppl:   7.61; 5606 src tok/s; 5780 tgt tok/s;     46 s elapsed
Epoch  4,   350/  454; acc:  64.77; ppl:   6.87; 5437 src tok/s; 5679 tgt tok/s;     53 s elapsed
Epoch  4,   400/  454; acc:  61.60; ppl:   8.21; 5564 src tok/s; 5757 tgt tok/s;     61 s elapsed
Epoch  4,   450/  454; acc:  63.61; ppl:   7.31; 5373 src tok/s; 5583 tgt tok/s;     69 s elapsed
Train perplexity: 7.59216
Train accuracy: 62.9873
Validation perplexity: 7.92449
Validation accuracy: 64.2756

Epoch  5,    50/  454; acc:  66.42; ppl:   5.75; 5599 src tok/s; 5785 tgt tok/s;      8 s elapsed
Epoch  5,   100/  454; acc:  66.79; ppl:   5.64; 5539 src tok/s; 5733 tgt tok/s;     15 s elapsed
Epoch  5,   150/  454; acc:  66.05; ppl:   5.80; 5524 src tok/s; 5732 tgt tok/s;     23 s elapsed
Epoch  5,   200/  454; acc:  66.53; ppl:   5.63; 5374 src tok/s; 5614 tgt tok/s;     30 s elapsed
Epoch  5,   250/  454; acc:  65.86; ppl:   5.81; 5432 src tok/s; 5621 tgt tok/s;     38 s elapsed
Epoch  5,   300/  454; acc:  67.13; ppl:   5.57; 5417 src tok/s; 5626 tgt tok/s;     46 s elapsed
Epoch  5,   350/  454; acc:  65.41; ppl:   6.04; 5346 src tok/s; 5538 tgt tok/s;     54 s elapsed
Epoch  5,   400/  454; acc:  66.85; ppl:   5.53; 5492 src tok/s; 5711 tgt tok/s;     61 s elapsed
Epoch  5,   450/  454; acc:  66.35; ppl:   5.73; 5491 src tok/s; 5705 tgt tok/s;     69 s elapsed
Train perplexity: 5.71767
Train accuracy: 66.3915
Validation perplexity: 7.3986
Validation accuracy: 64.8432

Epoch  6,    50/  454; acc:  71.20; ppl:   4.06; 5562 src tok/s; 5840 tgt tok/s;      7 s elapsed
Epoch  6,   100/  454; acc:  68.29; ppl:   4.75; 5564 src tok/s; 5738 tgt tok/s;     15 s elapsed
Epoch  6,   150/  454; acc:  68.62; ppl:   4.71; 5511 src tok/s; 5683 tgt tok/s;     23 s elapsed
Epoch  6,   200/  454; acc:  69.51; ppl:   4.44; 5451 src tok/s; 5672 tgt tok/s;     30 s elapsed
Epoch  6,   250/  454; acc:  68.02; ppl:   4.90; 5543 src tok/s; 5690 tgt tok/s;     38 s elapsed
Epoch  6,   300/  454; acc:  70.26; ppl:   4.33; 5462 src tok/s; 5699 tgt tok/s;     46 s elapsed
Epoch  6,   350/  454; acc:  68.91; ppl:   4.64; 5404 src tok/s; 5626 tgt tok/s;     53 s elapsed
Epoch  6,   400/  454; acc:  67.88; ppl:   4.85; 5464 src tok/s; 5661 tgt tok/s;     61 s elapsed
Epoch  6,   450/  454; acc:  68.47; ppl:   4.72; 5415 src tok/s; 5640 tgt tok/s;     69 s elapsed
Train perplexity: 4.59287
Train accuracy: 69.0105
Validation perplexity: 6.87823
Validation accuracy: 66.2055

Epoch  7,    50/  454; acc:  72.90; ppl:   3.54; 5701 src tok/s; 5919 tgt tok/s;      7 s elapsed
Epoch  7,   100/  454; acc:  71.09; ppl:   3.85; 5459 src tok/s; 5649 tgt tok/s;     15 s elapsed
Epoch  7,   150/  454; acc:  72.13; ppl:   3.63; 5466 src tok/s; 5704 tgt tok/s;     22 s elapsed
Epoch  7,   200/  454; acc:  70.58; ppl:   3.97; 5429 src tok/s; 5641 tgt tok/s;     30 s elapsed
Epoch  7,   250/  454; acc:  72.39; ppl:   3.60; 5488 src tok/s; 5761 tgt tok/s;     38 s elapsed
Epoch  7,   300/  454; acc:  69.46; ppl:   4.31; 5573 src tok/s; 5714 tgt tok/s;     46 s elapsed
Epoch  7,   350/  454; acc:  71.76; ppl:   3.73; 5439 src tok/s; 5679 tgt tok/s;     53 s elapsed
Epoch  7,   400/  454; acc:  70.24; ppl:   4.07; 5513 src tok/s; 5666 tgt tok/s;     61 s elapsed
Epoch  7,   450/  454; acc:  71.07; ppl:   3.88; 5424 src tok/s; 5640 tgt tok/s;     69 s elapsed
Train perplexity: 3.84449
Train accuracy: 71.248
Validation perplexity: 6.75725
Validation accuracy: 66.5673

Epoch  8,    50/  454; acc:  74.67; ppl:   3.08; 5561 src tok/s; 5777 tgt tok/s;      8 s elapsed
Epoch  8,   100/  454; acc:  74.71; ppl:   3.06; 5471 src tok/s; 5697 tgt tok/s;     15 s elapsed
Epoch  8,   150/  454; acc:  73.02; ppl:   3.32; 5484 src tok/s; 5704 tgt tok/s;     23 s elapsed
Epoch  8,   200/  454; acc:  73.35; ppl:   3.23; 5606 src tok/s; 5825 tgt tok/s;     30 s elapsed
Epoch  8,   250/  454; acc:  72.91; ppl:   3.37; 5402 src tok/s; 5607 tgt tok/s;     38 s elapsed
Epoch  8,   300/  454; acc:  72.72; ppl:   3.34; 5524 src tok/s; 5734 tgt tok/s;     46 s elapsed
Epoch  8,   350/  454; acc:  72.73; ppl:   3.39; 5412 src tok/s; 5585 tgt tok/s;     54 s elapsed
Epoch  8,   400/  454; acc:  72.37; ppl:   3.48; 5531 src tok/s; 5746 tgt tok/s;     61 s elapsed
Epoch  8,   450/  454; acc:  72.70; ppl:   3.39; 5500 src tok/s; 5701 tgt tok/s;     68 s elapsed
Train perplexity: 3.3067
Train accuracy: 73.1827
Validation perplexity: 6.61967
Validation accuracy: 67.6742
Decaying learning rate to 0.5

Epoch  9,    50/  454; acc:  78.10; ppl:   2.56; 5550 src tok/s; 5774 tgt tok/s;      7 s elapsed
Epoch  9,   100/  454; acc:  78.74; ppl:   2.48; 5534 src tok/s; 5745 tgt tok/s;     15 s elapsed
Epoch  9,   150/  454; acc:  79.10; ppl:   2.41; 5538 src tok/s; 5760 tgt tok/s;     23 s elapsed
Epoch  9,   200/  454; acc:  78.32; ppl:   2.49; 5553 src tok/s; 5739 tgt tok/s;     30 s elapsed
Epoch  9,   250/  454; acc:  78.32; ppl:   2.52; 5377 src tok/s; 5571 tgt tok/s;     38 s elapsed
Epoch  9,   300/  454; acc:  79.51; ppl:   2.36; 5471 src tok/s; 5698 tgt tok/s;     46 s elapsed
Epoch  9,   350/  454; acc:  78.51; ppl:   2.48; 5408 src tok/s; 5595 tgt tok/s;     54 s elapsed
Epoch  9,   400/  454; acc:  78.98; ppl:   2.44; 5547 src tok/s; 5743 tgt tok/s;     61 s elapsed
Epoch  9,   450/  454; acc:  78.72; ppl:   2.42; 5409 src tok/s; 5641 tgt tok/s;     69 s elapsed
Train perplexity: 2.4628
Train accuracy: 78.6762
Validation perplexity: 6.38066
Validation accuracy: 68.483
Decaying learning rate to 0.25

Epoch 10,    50/  454; acc:  83.04; ppl:   1.99; 5546 src tok/s; 5760 tgt tok/s;      7 s elapsed
Epoch 10,   100/  454; acc:  82.20; ppl:   2.07; 5478 src tok/s; 5658 tgt tok/s;     15 s elapsed
Epoch 10,   150/  454; acc:  83.16; ppl:   2.00; 5613 src tok/s; 5806 tgt tok/s;     23 s elapsed
Epoch 10,   200/  454; acc:  83.46; ppl:   1.99; 5479 src tok/s; 5730 tgt tok/s;     30 s elapsed
Epoch 10,   250/  454; acc:  82.80; ppl:   2.03; 5470 src tok/s; 5697 tgt tok/s;     38 s elapsed
Epoch 10,   300/  454; acc:  83.12; ppl:   1.99; 5535 src tok/s; 5749 tgt tok/s;     46 s elapsed
Epoch 10,   350/  454; acc:  82.72; ppl:   2.01; 5465 src tok/s; 5666 tgt tok/s;     54 s elapsed
Epoch 10,   400/  454; acc:  82.88; ppl:   2.01; 5430 src tok/s; 5628 tgt tok/s;     61 s elapsed
Epoch 10,   450/  454; acc:  82.25; ppl:   2.07; 5482 src tok/s; 5665 tgt tok/s;     69 s elapsed
Train perplexity: 2.01779
Train accuracy: 82.849
Validation perplexity: 6.45968
Validation accuracy: 68.5753
Decaying learning rate to 0.125

Epoch 11,    50/  454; acc:  84.27; ppl:   1.92; 5714 src tok/s; 5877 tgt tok/s;      8 s elapsed
Epoch 11,   100/  454; acc:  86.77; ppl:   1.71; 5464 src tok/s; 5737 tgt tok/s;     15 s elapsed
Epoch 11,   150/  454; acc:  84.79; ppl:   1.87; 5447 src tok/s; 5649 tgt tok/s;     23 s elapsed
Epoch 11,   200/  454; acc:  85.78; ppl:   1.78; 5632 src tok/s; 5849 tgt tok/s;     30 s elapsed
Epoch 11,   250/  454; acc:  85.62; ppl:   1.78; 5550 src tok/s; 5747 tgt tok/s;     38 s elapsed
Epoch 11,   300/  454; acc:  84.81; ppl:   1.87; 5456 src tok/s; 5667 tgt tok/s;     45 s elapsed
Epoch 11,   350/  454; acc:  84.79; ppl:   1.85; 5425 src tok/s; 5642 tgt tok/s;     53 s elapsed
Epoch 11,   400/  454; acc:  85.34; ppl:   1.82; 5536 src tok/s; 5730 tgt tok/s;     61 s elapsed
Epoch 11,   450/  454; acc:  84.79; ppl:   1.87; 5459 src tok/s; 5657 tgt tok/s;     68 s elapsed
Train perplexity: 1.82851
Train accuracy: 85.2192
Validation perplexity: 6.57775
Validation accuracy: 69.0649
Decaying learning rate to 0.0625

Epoch 12,    50/  454; acc:  85.69; ppl:   1.82; 5698 src tok/s; 5878 tgt tok/s;      8 s elapsed
Epoch 12,   100/  454; acc:  87.09; ppl:   1.68; 5574 src tok/s; 5798 tgt tok/s;     15 s elapsed
Epoch 12,   150/  454; acc:  86.28; ppl:   1.75; 5400 src tok/s; 5636 tgt tok/s;     23 s elapsed
Epoch 12,   200/  454; acc:  86.25; ppl:   1.75; 5548 src tok/s; 5741 tgt tok/s;     30 s elapsed
Epoch 12,   250/  454; acc:  86.97; ppl:   1.70; 5470 src tok/s; 5730 tgt tok/s;     38 s elapsed
Epoch 12,   300/  454; acc:  85.84; ppl:   1.79; 5525 src tok/s; 5692 tgt tok/s;     46 s elapsed
Epoch 12,   350/  454; acc:  86.51; ppl:   1.73; 5512 src tok/s; 5734 tgt tok/s;     53 s elapsed
Epoch 12,   400/  454; acc:  86.74; ppl:   1.71; 5553 src tok/s; 5751 tgt tok/s;     61 s elapsed
Epoch 12,   450/  454; acc:  86.47; ppl:   1.71; 5358 src tok/s; 5559 tgt tok/s;     68 s elapsed
Train perplexity: 1.73821
Train accuracy: 86.4021
Validation perplexity: 6.68652
Validation accuracy: 69.0223
Decaying learning rate to 0.03125

Epoch 13,    50/  454; acc:  87.41; ppl:   1.67; 5513 src tok/s; 5756 tgt tok/s;      7 s elapsed
Epoch 13,   100/  454; acc:  87.16; ppl:   1.70; 5550 src tok/s; 5741 tgt tok/s;     15 s elapsed
Epoch 13,   150/  454; acc:  86.97; ppl:   1.70; 5465 src tok/s; 5667 tgt tok/s;     23 s elapsed
Epoch 13,   200/  454; acc:  87.13; ppl:   1.69; 5532 src tok/s; 5746 tgt tok/s;     30 s elapsed
Epoch 13,   250/  454; acc:  87.37; ppl:   1.66; 5530 src tok/s; 5745 tgt tok/s;     38 s elapsed
Epoch 13,   300/  454; acc:  86.56; ppl:   1.74; 5467 src tok/s; 5661 tgt tok/s;     46 s elapsed
Epoch 13,   350/  454; acc:  85.63; ppl:   1.81; 5564 src tok/s; 5714 tgt tok/s;     54 s elapsed
Epoch 13,   400/  454; acc:  88.47; ppl:   1.58; 5515 src tok/s; 5795 tgt tok/s;     61 s elapsed
Epoch 13,   450/  454; acc:  86.50; ppl:   1.75; 5547 src tok/s; 5741 tgt tok/s;     68 s elapsed
Train perplexity: 1.69756
Train accuracy: 87.0128
Validation perplexity: 6.76299
Validation accuracy: 69.0436
Decaying learning rate to 0.015625

Epoch 14,    50/  454; acc:  86.37; ppl:   1.76; 5694 src tok/s; 5890 tgt tok/s;      8 s elapsed
Epoch 14,   100/  454; acc:  88.04; ppl:   1.62; 5635 src tok/s; 5844 tgt tok/s;     15 s elapsed
Epoch 14,   150/  454; acc:  88.26; ppl:   1.61; 5529 src tok/s; 5760 tgt tok/s;     22 s elapsed
Epoch 14,   200/  454; acc:  86.23; ppl:   1.77; 5470 src tok/s; 5652 tgt tok/s;     30 s elapsed
Epoch 14,   250/  454; acc:  87.00; ppl:   1.70; 5404 src tok/s; 5597 tgt tok/s;     38 s elapsed
Epoch 14,   300/  454; acc:  88.06; ppl:   1.63; 5468 src tok/s; 5700 tgt tok/s;     46 s elapsed
Epoch 14,   350/  454; acc:  88.00; ppl:   1.62; 5459 src tok/s; 5710 tgt tok/s;     53 s elapsed
Epoch 14,   400/  454; acc:  87.04; ppl:   1.69; 5585 src tok/s; 5787 tgt tok/s;     61 s elapsed
Epoch 14,   450/  454; acc:  86.82; ppl:   1.70; 5444 src tok/s; 5644 tgt tok/s;     68 s elapsed
Train perplexity: 1.67689
Train accuracy: 87.2998
Validation perplexity: 6.7711
Validation accuracy: 68.9442
Decaying learning rate to 0.0078125

Epoch 15,    50/  454; acc:  88.86; ppl:   1.57; 5523 src tok/s; 5766 tgt tok/s;      7 s elapsed
Epoch 15,   100/  454; acc:  86.51; ppl:   1.74; 5539 src tok/s; 5709 tgt tok/s;     15 s elapsed
Epoch 15,   150/  454; acc:  88.19; ppl:   1.60; 5458 src tok/s; 5705 tgt tok/s;     22 s elapsed
Epoch 15,   200/  454; acc:  86.90; ppl:   1.71; 5617 src tok/s; 5791 tgt tok/s;     30 s elapsed
Epoch 15,   250/  454; acc:  87.93; ppl:   1.63; 5625 src tok/s; 5861 tgt tok/s;     38 s elapsed
Epoch 15,   300/  454; acc:  87.13; ppl:   1.71; 5502 src tok/s; 5692 tgt tok/s;     45 s elapsed
Epoch 15,   350/  454; acc:  87.52; ppl:   1.66; 5503 src tok/s; 5720 tgt tok/s;     53 s elapsed
Epoch 15,   400/  454; acc:  86.92; ppl:   1.69; 5563 src tok/s; 5765 tgt tok/s;     61 s elapsed
Epoch 15,   450/  454; acc:  87.90; ppl:   1.62; 5436 src tok/s; 5662 tgt tok/s;     68 s elapsed
Train perplexity: 1.66563
Train accuracy: 87.4412
Validation perplexity: 6.7896
Validation accuracy: 68.9371
Decaying learning rate to 0.00390625

Epoch 16,    50/  454; acc:  88.55; ppl:   1.61; 5684 src tok/s; 5904 tgt tok/s;      7 s elapsed
Epoch 16,   100/  454; acc:  87.05; ppl:   1.70; 5555 src tok/s; 5769 tgt tok/s;     15 s elapsed
Epoch 16,   150/  454; acc:  87.65; ppl:   1.66; 5361 src tok/s; 5595 tgt tok/s;     23 s elapsed
Epoch 16,   200/  454; acc:  87.13; ppl:   1.68; 5564 src tok/s; 5774 tgt tok/s;     30 s elapsed
Epoch 16,   250/  454; acc:  88.25; ppl:   1.60; 5568 src tok/s; 5798 tgt tok/s;     38 s elapsed
Epoch 16,   300/  454; acc:  86.74; ppl:   1.71; 5566 src tok/s; 5758 tgt tok/s;     45 s elapsed
Epoch 16,   350/  454; acc:  88.69; ppl:   1.56; 5524 src tok/s; 5763 tgt tok/s;     52 s elapsed
Epoch 16,   400/  454; acc:  86.36; ppl:   1.76; 5444 src tok/s; 5597 tgt tok/s;     61 s elapsed
Epoch 16,   450/  454; acc:  87.85; ppl:   1.63; 5491 src tok/s; 5696 tgt tok/s;     68 s elapsed
Train perplexity: 1.66115
Train accuracy: 87.5248
Validation perplexity: 6.79297
Validation accuracy: 68.9371
Decaying learning rate to 0.00195312

Epoch 17,    50/  454; acc:  87.94; ppl:   1.64; 5609 src tok/s; 5838 tgt tok/s;      7 s elapsed
Epoch 17,   100/  454; acc:  86.87; ppl:   1.72; 5584 src tok/s; 5764 tgt tok/s;     15 s elapsed
Epoch 17,   150/  454; acc:  88.02; ppl:   1.63; 5470 src tok/s; 5689 tgt tok/s;     23 s elapsed
Epoch 17,   200/  454; acc:  87.17; ppl:   1.69; 5455 src tok/s; 5657 tgt tok/s;     30 s elapsed
Epoch 17,   250/  454; acc:  88.45; ppl:   1.59; 5490 src tok/s; 5753 tgt tok/s;     38 s elapsed
Epoch 17,   300/  454; acc:  86.88; ppl:   1.72; 5489 src tok/s; 5670 tgt tok/s;     46 s elapsed
Epoch 17,   350/  454; acc:  87.23; ppl:   1.67; 5490 src tok/s; 5693 tgt tok/s;     53 s elapsed
Epoch 17,   400/  454; acc:  87.84; ppl:   1.63; 5700 src tok/s; 5908 tgt tok/s;     61 s elapsed
Epoch 17,   450/  454; acc:  88.41; ppl:   1.62; 5357 src tok/s; 5568 tgt tok/s;     68 s elapsed
Train perplexity: 1.65854
Train accuracy: 87.5948
Validation perplexity: 6.79866
Validation accuracy: 68.9726
Decaying learning rate to 0.000976562
