<module 'opts' from '/u/suhubdyd/research/projects/jumble_lstm/code/auxiliary-nmt/opts.pyc'>
Namespace(batch_size=64, brnn=False, brnn_merge='concat', cnn_kernel_width=3, context_gate=None, copy_attn=False, copy_attn_force=False, coverage_attn=False, data='/data/lisatmp3/suhubdyd/multi30k.atok.low', dec_layers=1, decay_method='', decoder_type='rnn', dropout=0.3, enc_layers=2, encoder_type='rnn', epochs=17, exp='', exp_host='', feat_merge='concat', feat_vec_exponent=0.7, feat_vec_size=-1, fix_word_vecs_dec=False, fix_word_vecs_enc=False, global_attention='general', gpuid=[0], input_feed=1, kappa_dec=0.15, kappa_enc=0.25, lambda_coverage=1, layers=-1, learning_rate=1.0, learning_rate_decay=0.5, max_generator_batches=32, max_grad_norm=5, model_type='text', optim='sgd', param_init=0.1, position_encoding=False, pre_word_vecs_dec=None, pre_word_vecs_enc=None, report_every=50, rnn_size=500, rnn_type='LSTM', save_model='/data/lisatmp3/suhubdyd/models/encoder0.25decoder0.15dropout0.3wdropFalse', seed=-1, share_decoder_embeddings=False, share_embeddings=False, src_word_vec_size=500, start_checkpoint_at=0, start_decay_at=8, start_epoch=1, tgt_word_vec_size=500, train_from='', truncated_decoder=0, warmup_steps=4000, weightdropout=False, word_vec_size=-1)
('Using Kappa L2 loss on encoder', 0.25)
('Using Kappa L2 loss on decoder', 0.15)
Loading train and validate data from '/data/lisatmp3/suhubdyd/multi30k.atok.low'
 * number of training sentences: 29000
 * maximum batch size: 64
 * vocabulary size. source = 10841; target = 18563
Building model...
Intializing model parameters.
NMTModel (
  (encoder): RNNEncoder (
    (embeddings): Embeddings (
      (make_embedding): Sequential (
        (emb_luts): Elementwise (
          (0): Embedding(10841, 500, padding_idx=1)
        )
      )
    )
    (dropout): Dropout (p = 0.3)
    (rnn): LSTM(500, 500, dropout=0.3)
  )
  (decoder): InputFeedRNNDecoder (
    (embeddings): Embeddings (
      (make_embedding): Sequential (
        (emb_luts): Elementwise (
          (0): Embedding(18563, 500, padding_idx=1)
        )
      )
    )
    (dropout): Dropout (p = 0.3)
    (rnn): StackedLSTM (
      (dropout): Dropout (p = 0.3)
      (layers): ModuleList (
        (0): LSTMCell(1000, 500)
      )
    )
    (attn): GlobalAttention (
      (linear_in): Linear (500 -> 500)
      (linear_out): Linear (1000 -> 500)
      (sm): Softmax ()
      (tanh): Tanh ()
    )
  )
  (generator): Sequential (
    (0): Linear (500 -> 18563)
    (1): LogSoftmax ()
  )
)
* number of parameters: 29760063
('encoder: ', 7424500)
('decoder: ', 22335563)

Epoch  1,    50/  454; acc:   7.66; ppl: 55128.76; 5125 src tok/s; 5301 tgt tok/s;      8 s elapsed
Epoch  1,   100/  454; acc:  14.09; ppl: 2264.24; 5545 src tok/s; 5752 tgt tok/s;     16 s elapsed
Epoch  1,   150/  454; acc:  19.33; ppl: 439.26; 5428 src tok/s; 5620 tgt tok/s;     24 s elapsed
Epoch  1,   200/  454; acc:  22.06; ppl: 269.37; 5594 src tok/s; 5849 tgt tok/s;     31 s elapsed
Epoch  1,   250/  454; acc:  24.59; ppl: 178.11; 5538 src tok/s; 5718 tgt tok/s;     39 s elapsed
Epoch  1,   300/  454; acc:  28.53; ppl: 116.33; 5501 src tok/s; 5728 tgt tok/s;     46 s elapsed
Epoch  1,   350/  454; acc:  30.41; ppl:  93.11; 5431 src tok/s; 5671 tgt tok/s;     54 s elapsed
Epoch  1,   400/  454; acc:  31.24; ppl:  79.95; 5588 src tok/s; 5792 tgt tok/s;     61 s elapsed
Epoch  1,   450/  454; acc:  33.07; ppl:  67.49; 5457 src tok/s; 5641 tgt tok/s;     69 s elapsed
Train perplexity: 372.859
Train accuracy: 23.523
Validation perplexity: 49.9942
Validation accuracy: 36.3985

Epoch  2,    50/  454; acc:  35.35; ppl:  54.87; 5549 src tok/s; 5743 tgt tok/s;      8 s elapsed
Epoch  2,   100/  454; acc:  39.20; ppl:  44.09; 5416 src tok/s; 5651 tgt tok/s;     15 s elapsed
Epoch  2,   150/  454; acc:  41.83; ppl:  36.88; 5487 src tok/s; 5728 tgt tok/s;     23 s elapsed
Epoch  2,   200/  454; acc:  42.61; ppl:  32.66; 5545 src tok/s; 5750 tgt tok/s;     30 s elapsed
Epoch  2,   250/  454; acc:  45.34; ppl:  27.39; 5639 src tok/s; 5840 tgt tok/s;     38 s elapsed
Epoch  2,   300/  454; acc:  47.50; ppl:  24.45; 5557 src tok/s; 5778 tgt tok/s;     45 s elapsed
Epoch  2,   350/  454; acc:  49.75; ppl:  21.35; 5583 src tok/s; 5803 tgt tok/s;     53 s elapsed
Epoch  2,   400/  454; acc:  49.75; ppl:  20.75; 5699 src tok/s; 5870 tgt tok/s;     60 s elapsed
Epoch  2,   450/  454; acc:  51.87; ppl:  17.82; 5541 src tok/s; 5743 tgt tok/s;     68 s elapsed
Train perplexity: 29.0707
Train accuracy: 44.8375
Validation perplexity: 17.009
Validation accuracy: 52.98

Epoch  3,    50/  454; acc:  52.96; ppl:  15.81; 5656 src tok/s; 5826 tgt tok/s;      8 s elapsed
Epoch  3,   100/  454; acc:  55.99; ppl:  13.21; 5472 src tok/s; 5741 tgt tok/s;     15 s elapsed
Epoch  3,   150/  454; acc:  53.53; ppl:  15.39; 5711 src tok/s; 5873 tgt tok/s;     23 s elapsed
Epoch  3,   200/  454; acc:  57.90; ppl:  11.65; 5613 src tok/s; 5876 tgt tok/s;     30 s elapsed
Epoch  3,   250/  454; acc:  56.90; ppl:  12.37; 5626 src tok/s; 5844 tgt tok/s;     37 s elapsed
Epoch  3,   300/  454; acc:  56.78; ppl:  12.45; 5683 src tok/s; 5867 tgt tok/s;     45 s elapsed
Epoch  3,   350/  454; acc:  57.66; ppl:  11.32; 5574 src tok/s; 5808 tgt tok/s;     52 s elapsed
Epoch  3,   400/  454; acc:  59.02; ppl:  10.75; 5600 src tok/s; 5825 tgt tok/s;     60 s elapsed
Epoch  3,   450/  454; acc:  58.61; ppl:  10.77; 5571 src tok/s; 5778 tgt tok/s;     67 s elapsed
Train perplexity: 12.5476
Train accuracy: 56.5452
Validation perplexity: 10.3098
Validation accuracy: 60.4796

Epoch  4,    50/  454; acc:  61.19; ppl:   8.89; 5768 src tok/s; 5935 tgt tok/s;      7 s elapsed
Epoch  4,   100/  454; acc:  62.62; ppl:   8.03; 5774 src tok/s; 6017 tgt tok/s;     15 s elapsed
Epoch  4,   150/  454; acc:  61.41; ppl:   8.76; 5803 src tok/s; 6015 tgt tok/s;     22 s elapsed
Epoch  4,   200/  454; acc:  61.86; ppl:   8.31; 5800 src tok/s; 6037 tgt tok/s;     29 s elapsed
Epoch  4,   250/  454; acc:  61.64; ppl:   8.36; 5761 src tok/s; 5937 tgt tok/s;     36 s elapsed
Epoch  4,   300/  454; acc:  62.59; ppl:   7.95; 5796 src tok/s; 6040 tgt tok/s;     44 s elapsed
Epoch  4,   350/  454; acc:  63.07; ppl:   7.80; 5278 src tok/s; 5505 tgt tok/s;     51 s elapsed
Epoch  4,   400/  454; acc:  61.77; ppl:   8.36; 5618 src tok/s; 5828 tgt tok/s;     59 s elapsed
Epoch  4,   450/  454; acc:  62.65; ppl:   8.02; 5505 src tok/s; 5722 tgt tok/s;     66 s elapsed
Train perplexity: 8.27182
Train accuracy: 62.0822
Validation perplexity: 8.29037
Validation accuracy: 63.4171

Epoch  5,    50/  454; acc:  64.57; ppl:   6.69; 5576 src tok/s; 5785 tgt tok/s;      8 s elapsed
Epoch  5,   100/  454; acc:  66.48; ppl:   5.94; 5626 src tok/s; 5878 tgt tok/s;     15 s elapsed
Epoch  5,   150/  454; acc:  64.51; ppl:   6.66; 5647 src tok/s; 5841 tgt tok/s;     23 s elapsed
Epoch  5,   200/  454; acc:  65.35; ppl:   6.21; 5614 src tok/s; 5821 tgt tok/s;     30 s elapsed
Epoch  5,   250/  454; acc:  65.37; ppl:   6.32; 5697 src tok/s; 5899 tgt tok/s;     37 s elapsed
Epoch  5,   300/  454; acc:  65.43; ppl:   6.24; 5592 src tok/s; 5825 tgt tok/s;     45 s elapsed
Epoch  5,   350/  454; acc:  65.25; ppl:   6.37; 5653 src tok/s; 5837 tgt tok/s;     52 s elapsed
Epoch  5,   400/  454; acc:  66.05; ppl:   5.99; 5604 src tok/s; 5824 tgt tok/s;     60 s elapsed
Epoch  5,   450/  454; acc:  65.70; ppl:   6.12; 5528 src tok/s; 5745 tgt tok/s;     67 s elapsed
Train perplexity: 6.27334
Train accuracy: 65.4295
Validation perplexity: 7.24531
Validation accuracy: 65.6095

Epoch  6,    50/  454; acc:  69.23; ppl:   4.71; 5570 src tok/s; 5805 tgt tok/s;      7 s elapsed
Epoch  6,   100/  454; acc:  67.52; ppl:   5.20; 5760 src tok/s; 5958 tgt tok/s;     15 s elapsed
Epoch  6,   150/  454; acc:  68.31; ppl:   4.93; 5626 src tok/s; 5850 tgt tok/s;     22 s elapsed
Epoch  6,   200/  454; acc:  67.91; ppl:   5.10; 5640 src tok/s; 5830 tgt tok/s;     30 s elapsed
Epoch  6,   250/  454; acc:  67.01; ppl:   5.31; 5691 src tok/s; 5901 tgt tok/s;     37 s elapsed
Epoch  6,   300/  454; acc:  68.02; ppl:   5.05; 5672 src tok/s; 5896 tgt tok/s;     44 s elapsed
Epoch  6,   350/  454; acc:  69.12; ppl:   4.77; 5607 src tok/s; 5853 tgt tok/s;     52 s elapsed
Epoch  6,   400/  454; acc:  66.69; ppl:   5.52; 5615 src tok/s; 5809 tgt tok/s;     59 s elapsed
Epoch  6,   450/  454; acc:  67.76; ppl:   5.15; 5557 src tok/s; 5758 tgt tok/s;     67 s elapsed
Train perplexity: 5.086
Train accuracy: 67.9178
Validation perplexity: 7.06021
Validation accuracy: 65.8436

Epoch  7,    50/  454; acc:  70.84; ppl:   4.02; 5461 src tok/s; 5704 tgt tok/s;      7 s elapsed
Epoch  7,   100/  454; acc:  70.28; ppl:   4.26; 5643 src tok/s; 5855 tgt tok/s;     15 s elapsed
Epoch  7,   150/  454; acc:  69.86; ppl:   4.36; 5568 src tok/s; 5778 tgt tok/s;     23 s elapsed
Epoch  7,   200/  454; acc:  70.56; ppl:   4.14; 5719 src tok/s; 5912 tgt tok/s;     30 s elapsed
Epoch  7,   250/  454; acc:  70.05; ppl:   4.29; 5650 src tok/s; 5844 tgt tok/s;     37 s elapsed
Epoch  7,   300/  454; acc:  70.44; ppl:   4.16; 5572 src tok/s; 5805 tgt tok/s;     45 s elapsed
Epoch  7,   350/  454; acc:  70.52; ppl:   4.16; 5719 src tok/s; 5967 tgt tok/s;     52 s elapsed
Epoch  7,   400/  454; acc:  68.87; ppl:   4.60; 5730 src tok/s; 5901 tgt tok/s;     60 s elapsed
Epoch  7,   450/  454; acc:  68.99; ppl:   4.55; 5576 src tok/s; 5794 tgt tok/s;     67 s elapsed
Train perplexity: 4.27873
Train accuracy: 70.0344
Validation perplexity: 6.62089
Validation accuracy: 66.8795

Epoch  8,    50/  454; acc:  73.51; ppl:   3.38; 5667 src tok/s; 5882 tgt tok/s;      7 s elapsed
Epoch  8,   100/  454; acc:  72.14; ppl:   3.64; 5679 src tok/s; 5878 tgt tok/s;     15 s elapsed
Epoch  8,   150/  454; acc:  72.64; ppl:   3.52; 5502 src tok/s; 5736 tgt tok/s;     22 s elapsed
Epoch  8,   200/  454; acc:  71.47; ppl:   3.78; 5798 src tok/s; 6012 tgt tok/s;     30 s elapsed
Epoch  8,   250/  454; acc:  70.57; ppl:   3.98; 5789 src tok/s; 5947 tgt tok/s;     37 s elapsed
Epoch  8,   300/  454; acc:  71.81; ppl:   3.64; 5631 src tok/s; 5884 tgt tok/s;     44 s elapsed
Epoch  8,   350/  454; acc:  72.09; ppl:   3.68; 5591 src tok/s; 5808 tgt tok/s;     52 s elapsed
Epoch  8,   400/  454; acc:  70.82; ppl:   3.93; 5689 src tok/s; 5925 tgt tok/s;     59 s elapsed
Epoch  8,   450/  454; acc:  71.38; ppl:   3.79; 5510 src tok/s; 5724 tgt tok/s;     67 s elapsed
Train perplexity: 3.70624
Train accuracy: 71.8061
Validation perplexity: 6.5831
Validation accuracy: 66.8582
Decaying learning rate to 0.5

Epoch  9,    50/  454; acc:  76.41; ppl:   2.83; 5622 src tok/s; 5865 tgt tok/s;      7 s elapsed
Epoch  9,   100/  454; acc:  76.82; ppl:   2.83; 5808 src tok/s; 5986 tgt tok/s;     15 s elapsed
Epoch  9,   150/  454; acc:  76.68; ppl:   2.80; 5641 src tok/s; 5799 tgt tok/s;     22 s elapsed
Epoch  9,   200/  454; acc:  76.83; ppl:   2.73; 5570 src tok/s; 5808 tgt tok/s;     30 s elapsed
Epoch  9,   250/  454; acc:  76.26; ppl:   2.86; 5650 src tok/s; 5831 tgt tok/s;     37 s elapsed
Epoch  9,   300/  454; acc:  77.13; ppl:   2.72; 5750 src tok/s; 5998 tgt tok/s;     44 s elapsed
Epoch  9,   350/  454; acc:  76.62; ppl:   2.82; 5665 src tok/s; 5897 tgt tok/s;     52 s elapsed
Epoch  9,   400/  454; acc:  76.42; ppl:   2.80; 5813 src tok/s; 6038 tgt tok/s;     59 s elapsed
Epoch  9,   450/  454; acc:  76.91; ppl:   2.77; 5559 src tok/s; 5802 tgt tok/s;     66 s elapsed
Train perplexity: 2.80065
Train accuracy: 76.6425
Validation perplexity: 5.96759
Validation accuracy: 69.5544
Decaying learning rate to 0.25

Epoch 10,    50/  454; acc:  80.46; ppl:   2.30; 5645 src tok/s; 5865 tgt tok/s;      7 s elapsed
Epoch 10,   100/  454; acc:  79.77; ppl:   2.37; 5697 src tok/s; 5880 tgt tok/s;     15 s elapsed
Epoch 10,   150/  454; acc:  79.96; ppl:   2.34; 5611 src tok/s; 5834 tgt tok/s;     22 s elapsed
Epoch 10,   200/  454; acc:  80.55; ppl:   2.29; 5888 src tok/s; 6058 tgt tok/s;     29 s elapsed
Epoch 10,   250/  454; acc:  80.58; ppl:   2.28; 5564 src tok/s; 5797 tgt tok/s;     37 s elapsed
Epoch 10,   300/  454; acc:  80.29; ppl:   2.33; 5652 src tok/s; 5895 tgt tok/s;     44 s elapsed
Epoch 10,   350/  454; acc:  79.80; ppl:   2.35; 5647 src tok/s; 5845 tgt tok/s;     52 s elapsed
Epoch 10,   400/  454; acc:  80.19; ppl:   2.31; 5637 src tok/s; 5851 tgt tok/s;     59 s elapsed
Epoch 10,   450/  454; acc:  79.72; ppl:   2.33; 5570 src tok/s; 5808 tgt tok/s;     67 s elapsed
Train perplexity: 2.31912
Train accuracy: 80.1743
Validation perplexity: 6.08062
Validation accuracy: 69.7531
Decaying learning rate to 0.125

Epoch 11,    50/  454; acc:  81.98; ppl:   2.12; 5624 src tok/s; 5840 tgt tok/s;      8 s elapsed
Epoch 11,   100/  454; acc:  82.55; ppl:   2.09; 5605 src tok/s; 5859 tgt tok/s;     15 s elapsed
Epoch 11,   150/  454; acc:  82.23; ppl:   2.10; 5578 src tok/s; 5808 tgt tok/s;     22 s elapsed
Epoch 11,   200/  454; acc:  82.46; ppl:   2.07; 5791 src tok/s; 6004 tgt tok/s;     30 s elapsed
Epoch 11,   250/  454; acc:  82.04; ppl:   2.11; 5793 src tok/s; 5991 tgt tok/s;     37 s elapsed
Epoch 11,   300/  454; acc:  82.18; ppl:   2.11; 5610 src tok/s; 5837 tgt tok/s;     44 s elapsed
Epoch 11,   350/  454; acc:  82.46; ppl:   2.07; 5755 src tok/s; 5954 tgt tok/s;     52 s elapsed
Epoch 11,   400/  454; acc:  81.65; ppl:   2.16; 5681 src tok/s; 5879 tgt tok/s;     59 s elapsed
Epoch 11,   450/  454; acc:  81.89; ppl:   2.12; 5408 src tok/s; 5589 tgt tok/s;     67 s elapsed
Train perplexity: 2.10365
Train accuracy: 82.1669
Validation perplexity: 6.20075
Validation accuracy: 69.8737
Decaying learning rate to 0.0625

Epoch 12,    50/  454; acc:  82.79; ppl:   2.05; 5655 src tok/s; 5837 tgt tok/s;      8 s elapsed
Epoch 12,   100/  454; acc:  84.04; ppl:   1.92; 5626 src tok/s; 5866 tgt tok/s;     15 s elapsed
Epoch 12,   150/  454; acc:  82.42; ppl:   2.10; 5691 src tok/s; 5852 tgt tok/s;     23 s elapsed
Epoch 12,   200/  454; acc:  84.21; ppl:   1.89; 5651 src tok/s; 5884 tgt tok/s;     30 s elapsed
Epoch 12,   250/  454; acc:  82.18; ppl:   2.13; 5773 src tok/s; 5956 tgt tok/s;     38 s elapsed
Epoch 12,   300/  454; acc:  84.83; ppl:   1.86; 5608 src tok/s; 5891 tgt tok/s;     44 s elapsed
Epoch 12,   350/  454; acc:  83.20; ppl:   2.00; 5583 src tok/s; 5811 tgt tok/s;     52 s elapsed
Epoch 12,   400/  454; acc:  82.82; ppl:   2.03; 5625 src tok/s; 5852 tgt tok/s;     59 s elapsed
Epoch 12,   450/  454; acc:  83.12; ppl:   2.03; 5619 src tok/s; 5817 tgt tok/s;     67 s elapsed
Train perplexity: 2.003
Train accuracy: 83.2493
Validation perplexity: 6.2743
Validation accuracy: 69.9801
Decaying learning rate to 0.03125

Epoch 13,    50/  454; acc:  84.12; ppl:   1.91; 5700 src tok/s; 5935 tgt tok/s;      7 s elapsed
Epoch 13,   100/  454; acc:  84.05; ppl:   1.96; 4970 src tok/s; 5141 tgt tok/s;     16 s elapsed
Epoch 13,   150/  454; acc:  83.78; ppl:   1.95; 5633 src tok/s; 5855 tgt tok/s;     23 s elapsed
Epoch 13,   200/  454; acc:  83.61; ppl:   1.96; 5768 src tok/s; 5995 tgt tok/s;     31 s elapsed
Epoch 13,   250/  454; acc:  84.06; ppl:   1.93; 5871 src tok/s; 6093 tgt tok/s;     38 s elapsed
Epoch 13,   300/  454; acc:  83.73; ppl:   1.97; 5765 src tok/s; 5986 tgt tok/s;     45 s elapsed
Epoch 13,   350/  454; acc:  82.99; ppl:   2.04; 5699 src tok/s; 5909 tgt tok/s;     52 s elapsed
Epoch 13,   400/  454; acc:  84.12; ppl:   1.90; 5780 src tok/s; 6007 tgt tok/s;     60 s elapsed
Epoch 13,   450/  454; acc:  83.48; ppl:   1.95; 5315 src tok/s; 5500 tgt tok/s;     67 s elapsed
Train perplexity: 1.95491
Train accuracy: 83.7623
Validation perplexity: 6.28108
Validation accuracy: 70.0156
Decaying learning rate to 0.015625

Epoch 14,    50/  454; acc:  83.63; ppl:   1.98; 5630 src tok/s; 5824 tgt tok/s;      8 s elapsed
Epoch 14,   100/  454; acc:  84.21; ppl:   1.92; 5699 src tok/s; 5940 tgt tok/s;     15 s elapsed
Epoch 14,   150/  454; acc:  84.06; ppl:   1.91; 5655 src tok/s; 5893 tgt tok/s;     22 s elapsed
Epoch 14,   200/  454; acc:  83.79; ppl:   1.95; 5615 src tok/s; 5827 tgt tok/s;     30 s elapsed
Epoch 14,   250/  454; acc:  83.91; ppl:   1.94; 5692 src tok/s; 5878 tgt tok/s;     37 s elapsed
Epoch 14,   300/  454; acc:  84.08; ppl:   1.90; 5695 src tok/s; 5908 tgt tok/s;     44 s elapsed
Epoch 14,   350/  454; acc:  84.28; ppl:   1.91; 5627 src tok/s; 5850 tgt tok/s;     52 s elapsed
Epoch 14,   400/  454; acc:  83.78; ppl:   1.95; 5716 src tok/s; 5936 tgt tok/s;     59 s elapsed
Epoch 14,   450/  454; acc:  83.87; ppl:   1.94; 5710 src tok/s; 5899 tgt tok/s;     67 s elapsed
Train perplexity: 1.93179
Train accuracy: 83.9818
Validation perplexity: 6.32379
Validation accuracy: 70.0085
Decaying learning rate to 0.0078125

Epoch 15,    50/  454; acc:  83.87; ppl:   1.96; 5632 src tok/s; 5826 tgt tok/s;      8 s elapsed
Epoch 15,   100/  454; acc:  84.43; ppl:   1.88; 5557 src tok/s; 5785 tgt tok/s;     15 s elapsed
Epoch 15,   150/  454; acc:  83.54; ppl:   1.97; 5687 src tok/s; 5860 tgt tok/s;     23 s elapsed
Epoch 15,   200/  454; acc:  84.91; ppl:   1.84; 5606 src tok/s; 5880 tgt tok/s;     30 s elapsed
Epoch 15,   250/  454; acc:  84.11; ppl:   1.95; 5675 src tok/s; 5864 tgt tok/s;     37 s elapsed
Epoch 15,   300/  454; acc:  84.44; ppl:   1.90; 5778 src tok/s; 6001 tgt tok/s;     44 s elapsed
Epoch 15,   350/  454; acc:  83.78; ppl:   1.96; 5631 src tok/s; 5840 tgt tok/s;     52 s elapsed
Epoch 15,   400/  454; acc:  84.22; ppl:   1.89; 5676 src tok/s; 5900 tgt tok/s;     59 s elapsed
Epoch 15,   450/  454; acc:  84.21; ppl:   1.91; 5701 src tok/s; 5909 tgt tok/s;     67 s elapsed
Train perplexity: 1.91897
Train accuracy: 84.155
Validation perplexity: 6.32789
Validation accuracy: 69.9518
Decaying learning rate to 0.00390625

Epoch 16,    50/  454; acc:  84.16; ppl:   1.91; 5520 src tok/s; 5741 tgt tok/s;      7 s elapsed
Epoch 16,   100/  454; acc:  84.10; ppl:   1.92; 5720 src tok/s; 5922 tgt tok/s;     15 s elapsed
Epoch 16,   150/  454; acc:  84.81; ppl:   1.88; 5567 src tok/s; 5787 tgt tok/s;     22 s elapsed
Epoch 16,   200/  454; acc:  83.77; ppl:   1.95; 5599 src tok/s; 5791 tgt tok/s;     30 s elapsed
Epoch 16,   250/  454; acc:  85.27; ppl:   1.82; 5466 src tok/s; 5737 tgt tok/s;     37 s elapsed
Epoch 16,   300/  454; acc:  83.36; ppl:   2.01; 5798 src tok/s; 5994 tgt tok/s;     45 s elapsed
Epoch 16,   350/  454; acc:  84.22; ppl:   1.90; 5755 src tok/s; 5925 tgt tok/s;     52 s elapsed
Epoch 16,   400/  454; acc:  84.06; ppl:   1.94; 5631 src tok/s; 5868 tgt tok/s;     60 s elapsed
Epoch 16,   450/  454; acc:  84.41; ppl:   1.92; 5707 src tok/s; 5917 tgt tok/s;     67 s elapsed
Train perplexity: 1.91484
Train accuracy: 84.2385
Validation perplexity: 6.33857
Validation accuracy: 69.8879
Decaying learning rate to 0.00195312

Epoch 17,    50/  454; acc:  84.56; ppl:   1.88; 5688 src tok/s; 5892 tgt tok/s;      7 s elapsed
Epoch 17,   100/  454; acc:  83.99; ppl:   1.97; 5695 src tok/s; 5918 tgt tok/s;     15 s elapsed
Epoch 17,   150/  454; acc:  84.43; ppl:   1.89; 5879 src tok/s; 6065 tgt tok/s;     22 s elapsed
Epoch 17,   200/  454; acc:  84.44; ppl:   1.90; 5681 src tok/s; 5881 tgt tok/s;     29 s elapsed
Epoch 17,   250/  454; acc:  84.28; ppl:   1.90; 5607 src tok/s; 5835 tgt tok/s;     37 s elapsed
Epoch 17,   300/  454; acc:  84.17; ppl:   1.93; 5671 src tok/s; 5880 tgt tok/s;     44 s elapsed
Epoch 17,   350/  454; acc:  83.32; ppl:   2.00; 5581 src tok/s; 5802 tgt tok/s;     52 s elapsed
Epoch 17,   400/  454; acc:  85.04; ppl:   1.84; 5755 src tok/s; 5982 tgt tok/s;     59 s elapsed
Epoch 17,   450/  454; acc:  84.41; ppl:   1.89; 5556 src tok/s; 5787 tgt tok/s;     66 s elapsed
Train perplexity: 1.91044
Train accuracy: 84.2948
Validation perplexity: 6.34281
Validation accuracy: 69.9092
Decaying learning rate to 0.000976562
