<module 'opts' from '/u/suhubdyd/research/projects/jumble_lstm/code/auxiliary-nmt/opts.pyc'>
Namespace(batch_size=64, brnn=False, brnn_merge='concat', cnn_kernel_width=3, context_gate=None, copy_attn=False, copy_attn_force=False, coverage_attn=False, data='/data/lisatmp3/suhubdyd/multi30k.atok.low', dec_layers=1, decay_method='', decoder_type='rnn', dropout=0.3, enc_layers=2, encoder_type='rnn', epochs=17, exp='', exp_host='', feat_merge='concat', feat_vec_exponent=0.7, feat_vec_size=-1, fix_word_vecs_dec=False, fix_word_vecs_enc=False, global_attention='general', gpuid=[0], input_feed=1, kappa_dec=0.15, kappa_enc=0.3, lambda_coverage=1, layers=-1, learning_rate=1.0, learning_rate_decay=0.5, max_generator_batches=32, max_grad_norm=5, model_type='text', optim='sgd', param_init=0.1, position_encoding=False, pre_word_vecs_dec=None, pre_word_vecs_enc=None, report_every=50, rnn_size=500, rnn_type='LSTM', save_model='/data/lisatmp3/suhubdyd/models/encoder0.30decoder0.15dropout0.3wdropFalse', seed=-1, share_decoder_embeddings=False, share_embeddings=False, src_word_vec_size=500, start_checkpoint_at=0, start_decay_at=8, start_epoch=1, tgt_word_vec_size=500, train_from='', truncated_decoder=0, warmup_steps=4000, weightdropout=False, word_vec_size=-1)
('Using Kappa L2 loss on encoder', 0.3)
('Using Kappa L2 loss on decoder', 0.15)
Loading train and validate data from '/data/lisatmp3/suhubdyd/multi30k.atok.low'
 * number of training sentences: 29000
 * maximum batch size: 64
 * vocabulary size. source = 10841; target = 18563
Building model...
Intializing model parameters.
NMTModel (
  (encoder): RNNEncoder (
    (embeddings): Embeddings (
      (make_embedding): Sequential (
        (emb_luts): Elementwise (
          (0): Embedding(10841, 500, padding_idx=1)
        )
      )
    )
    (dropout): Dropout (p = 0.3)
    (rnn): LSTM(500, 500, dropout=0.3)
  )
  (decoder): InputFeedRNNDecoder (
    (embeddings): Embeddings (
      (make_embedding): Sequential (
        (emb_luts): Elementwise (
          (0): Embedding(18563, 500, padding_idx=1)
        )
      )
    )
    (dropout): Dropout (p = 0.3)
    (rnn): StackedLSTM (
      (dropout): Dropout (p = 0.3)
      (layers): ModuleList (
        (0): LSTMCell(1000, 500)
      )
    )
    (attn): GlobalAttention (
      (linear_in): Linear (500 -> 500)
      (linear_out): Linear (1000 -> 500)
      (sm): Softmax ()
      (tanh): Tanh ()
    )
  )
  (generator): Sequential (
    (0): Linear (500 -> 18563)
    (1): LogSoftmax ()
  )
)
* number of parameters: 29760063
('encoder: ', 7424500)
('decoder: ', 22335563)

Epoch  1,    50/  454; acc:   9.74; ppl: 19343.59; 2632 src tok/s; 2740 tgt tok/s;     16 s elapsed
Epoch  1,   100/  454; acc:  15.20; ppl: 1648.06; 2842 src tok/s; 2943 tgt tok/s;     31 s elapsed
Epoch  1,   150/  454; acc:  18.81; ppl: 426.91; 2804 src tok/s; 2926 tgt tok/s;     46 s elapsed
Epoch  1,   200/  454; acc:  20.90; ppl: 260.01; 2842 src tok/s; 2939 tgt tok/s;     60 s elapsed
Epoch  1,   250/  454; acc:  25.87; ppl: 151.43; 2833 src tok/s; 2958 tgt tok/s;     75 s elapsed
Epoch  1,   300/  454; acc:  27.29; ppl: 129.67; 2834 src tok/s; 2948 tgt tok/s;     90 s elapsed
Epoch  1,   350/  454; acc:  28.55; ppl: 102.73; 2820 src tok/s; 2912 tgt tok/s;    105 s elapsed
Epoch  1,   400/  454; acc:  32.53; ppl:  73.04; 2856 src tok/s; 2959 tgt tok/s;    120 s elapsed
Epoch  1,   450/  454; acc:  33.11; ppl:  68.93; 2815 src tok/s; 2908 tgt tok/s;    134 s elapsed
Train perplexity: 316.847
Train accuracy: 23.6249
Validation perplexity: 56.059
Validation accuracy: 35.7457

Epoch  2,    50/  454; acc:  36.46; ppl:  51.22; 2860 src tok/s; 2973 tgt tok/s;     14 s elapsed
Epoch  2,   100/  454; acc:  38.32; ppl:  46.63; 2869 src tok/s; 2966 tgt tok/s;     29 s elapsed
Epoch  2,   150/  454; acc:  41.43; ppl:  36.95; 2785 src tok/s; 2932 tgt tok/s;     44 s elapsed
Epoch  2,   200/  454; acc:  43.47; ppl:  31.34; 2888 src tok/s; 2974 tgt tok/s;     59 s elapsed
Epoch  2,   250/  454; acc:  47.24; ppl:  25.52; 2774 src tok/s; 2902 tgt tok/s;     73 s elapsed
Epoch  2,   300/  454; acc:  45.72; ppl:  26.67; 2893 src tok/s; 2975 tgt tok/s;     88 s elapsed
Epoch  2,   350/  454; acc:  49.65; ppl:  20.66; 2846 src tok/s; 2962 tgt tok/s;    103 s elapsed
Epoch  2,   400/  454; acc:  49.34; ppl:  21.25; 2804 src tok/s; 2908 tgt tok/s;    118 s elapsed
Epoch  2,   450/  454; acc:  51.20; ppl:  19.05; 2825 src tok/s; 2931 tgt tok/s;    133 s elapsed
Train perplexity: 29.1286
Train accuracy: 44.8134
Validation perplexity: 16.3226
Validation accuracy: 53.5334

Epoch  3,    50/  454; acc:  53.56; ppl:  15.62; 2802 src tok/s; 2890 tgt tok/s;     15 s elapsed
Epoch  3,   100/  454; acc:  55.06; ppl:  13.91; 2852 src tok/s; 2980 tgt tok/s;     30 s elapsed
Epoch  3,   150/  454; acc:  56.59; ppl:  12.96; 2856 src tok/s; 2973 tgt tok/s;     44 s elapsed
Epoch  3,   200/  454; acc:  55.30; ppl:  13.53; 2814 src tok/s; 2919 tgt tok/s;     59 s elapsed
Epoch  3,   250/  454; acc:  56.82; ppl:  12.58; 2829 src tok/s; 2930 tgt tok/s;     74 s elapsed
Epoch  3,   300/  454; acc:  57.62; ppl:  11.66; 2791 src tok/s; 2889 tgt tok/s;     89 s elapsed
Epoch  3,   350/  454; acc:  59.23; ppl:  10.87; 2835 src tok/s; 2957 tgt tok/s;    103 s elapsed
Epoch  3,   400/  454; acc:  57.77; ppl:  11.66; 2830 src tok/s; 2931 tgt tok/s;    119 s elapsed
Epoch  3,   450/  454; acc:  58.77; ppl:  10.83; 2782 src tok/s; 2885 tgt tok/s;    134 s elapsed
Train perplexity: 12.5438
Train accuracy: 56.733
Validation perplexity: 10.0389
Validation accuracy: 61.1608

Epoch  4,    50/  454; acc:  61.51; ppl:   8.65; 2868 src tok/s; 2948 tgt tok/s;     15 s elapsed
Epoch  4,   100/  454; acc:  61.92; ppl:   8.33; 2776 src tok/s; 2901 tgt tok/s;     30 s elapsed
Epoch  4,   150/  454; acc:  62.58; ppl:   8.15; 2799 src tok/s; 2908 tgt tok/s;     44 s elapsed
Epoch  4,   200/  454; acc:  60.82; ppl:   8.89; 2865 src tok/s; 2956 tgt tok/s;     60 s elapsed
Epoch  4,   250/  454; acc:  62.15; ppl:   8.12; 2788 src tok/s; 2910 tgt tok/s;     74 s elapsed
Epoch  4,   300/  454; acc:  61.99; ppl:   8.32; 2830 src tok/s; 2921 tgt tok/s;     89 s elapsed
Epoch  4,   350/  454; acc:  63.14; ppl:   7.77; 2796 src tok/s; 2914 tgt tok/s;    104 s elapsed
Epoch  4,   400/  454; acc:  62.25; ppl:   8.14; 2825 src tok/s; 2932 tgt tok/s;    119 s elapsed
Epoch  4,   450/  454; acc:  62.91; ppl:   7.84; 2764 src tok/s; 2877 tgt tok/s;    134 s elapsed
Train perplexity: 8.2535
Train accuracy: 62.1074
Validation perplexity: 8.49001
Validation accuracy: 62.8494

Epoch  5,    50/  454; acc:  65.87; ppl:   6.16; 2763 src tok/s; 2879 tgt tok/s;     15 s elapsed
Epoch  5,   100/  454; acc:  64.94; ppl:   6.51; 2894 src tok/s; 2992 tgt tok/s;     30 s elapsed
Epoch  5,   150/  454; acc:  65.00; ppl:   6.49; 2934 src tok/s; 3026 tgt tok/s;     44 s elapsed
Epoch  5,   200/  454; acc:  65.47; ppl:   6.13; 2836 src tok/s; 2948 tgt tok/s;     59 s elapsed
Epoch  5,   250/  454; acc:  66.03; ppl:   6.09; 2784 src tok/s; 2902 tgt tok/s;     74 s elapsed
Epoch  5,   300/  454; acc:  64.68; ppl:   6.65; 2732 src tok/s; 2832 tgt tok/s;     89 s elapsed
Epoch  5,   350/  454; acc:  66.77; ppl:   5.74; 2834 src tok/s; 2956 tgt tok/s;    103 s elapsed
Epoch  5,   400/  454; acc:  65.00; ppl:   6.39; 2926 src tok/s; 3020 tgt tok/s;    118 s elapsed
Epoch  5,   450/  454; acc:  65.36; ppl:   6.14; 2779 src tok/s; 2894 tgt tok/s;    133 s elapsed
Train perplexity: 6.25637
Train accuracy: 65.443
Validation perplexity: 7.25793
Validation accuracy: 65.347

Epoch  6,    50/  454; acc:  68.35; ppl:   5.08; 2851 src tok/s; 2950 tgt tok/s;     15 s elapsed
Epoch  6,   100/  454; acc:  68.61; ppl:   4.81; 2788 src tok/s; 2897 tgt tok/s;     30 s elapsed
Epoch  6,   150/  454; acc:  68.65; ppl:   4.88; 2745 src tok/s; 2858 tgt tok/s;     44 s elapsed
Epoch  6,   200/  454; acc:  67.96; ppl:   5.09; 2882 src tok/s; 2969 tgt tok/s;     59 s elapsed
Epoch  6,   250/  454; acc:  67.30; ppl:   5.30; 2841 src tok/s; 2947 tgt tok/s;     75 s elapsed
Epoch  6,   300/  454; acc:  68.27; ppl:   5.01; 2774 src tok/s; 2894 tgt tok/s;     89 s elapsed
Epoch  6,   350/  454; acc:  67.30; ppl:   5.29; 2813 src tok/s; 2922 tgt tok/s;    105 s elapsed
Epoch  6,   400/  454; acc:  67.51; ppl:   5.22; 2832 src tok/s; 2942 tgt tok/s;    119 s elapsed
Epoch  6,   450/  454; acc:  67.42; ppl:   5.20; 2786 src tok/s; 2889 tgt tok/s;    134 s elapsed
Train perplexity: 5.09067
Train accuracy: 67.9535
Validation perplexity: 7.01048
Validation accuracy: 65.9075

Epoch  7,    50/  454; acc:  70.83; ppl:   4.08; 2791 src tok/s; 2898 tgt tok/s;     15 s elapsed
Epoch  7,   100/  454; acc:  71.40; ppl:   4.04; 2820 src tok/s; 2922 tgt tok/s;     30 s elapsed
Epoch  7,   150/  454; acc:  69.03; ppl:   4.49; 2864 src tok/s; 2955 tgt tok/s;     45 s elapsed
Epoch  7,   200/  454; acc:  70.96; ppl:   4.02; 2818 src tok/s; 2933 tgt tok/s;     60 s elapsed
Epoch  7,   250/  454; acc:  68.96; ppl:   4.56; 2803 src tok/s; 2903 tgt tok/s;     75 s elapsed
Epoch  7,   300/  454; acc:  70.17; ppl:   4.17; 2777 src tok/s; 2893 tgt tok/s;     90 s elapsed
Epoch  7,   350/  454; acc:  70.84; ppl:   4.06; 2759 src tok/s; 2890 tgt tok/s;    104 s elapsed
Epoch  7,   400/  454; acc:  68.84; ppl:   4.56; 2849 src tok/s; 2939 tgt tok/s;    120 s elapsed
Epoch  7,   450/  454; acc:  69.21; ppl:   4.48; 2773 src tok/s; 2874 tgt tok/s;    134 s elapsed
Train perplexity: 4.26986
Train accuracy: 70.0151
Validation perplexity: 6.66118
Validation accuracy: 66.5957

Epoch  8,    50/  454; acc:  72.37; ppl:   3.60; 2828 src tok/s; 2940 tgt tok/s;     15 s elapsed
Epoch  8,   100/  454; acc:  73.20; ppl:   3.39; 2837 src tok/s; 2944 tgt tok/s;     30 s elapsed
Epoch  8,   150/  454; acc:  72.55; ppl:   3.60; 2803 src tok/s; 2904 tgt tok/s;     45 s elapsed
Epoch  8,   200/  454; acc:  71.62; ppl:   3.71; 2856 src tok/s; 2966 tgt tok/s;     59 s elapsed
Epoch  8,   250/  454; acc:  70.93; ppl:   3.89; 2806 src tok/s; 2894 tgt tok/s;     75 s elapsed
Epoch  8,   300/  454; acc:  72.02; ppl:   3.66; 2749 src tok/s; 2863 tgt tok/s;     90 s elapsed
Epoch  8,   350/  454; acc:  71.00; ppl:   3.89; 2833 src tok/s; 2936 tgt tok/s;    105 s elapsed
Epoch  8,   400/  454; acc:  71.51; ppl:   3.82; 2810 src tok/s; 2922 tgt tok/s;    119 s elapsed
Epoch  8,   450/  454; acc:  71.61; ppl:   3.80; 2833 src tok/s; 2943 tgt tok/s;    134 s elapsed
Train perplexity: 3.70384
Train accuracy: 71.8616
Validation perplexity: 6.76796
Validation accuracy: 65.9571
Decaying learning rate to 0.5

Epoch  9,    50/  454; acc:  76.87; ppl:   2.74; 2776 src tok/s; 2909 tgt tok/s;     14 s elapsed
Epoch  9,   100/  454; acc:  76.22; ppl:   2.88; 2885 src tok/s; 2980 tgt tok/s;     30 s elapsed
Epoch  9,   150/  454; acc:  77.04; ppl:   2.79; 2886 src tok/s; 2994 tgt tok/s;     44 s elapsed
Epoch  9,   200/  454; acc:  77.26; ppl:   2.69; 2851 src tok/s; 2964 tgt tok/s;     59 s elapsed
Epoch  9,   250/  454; acc:  76.40; ppl:   2.82; 2840 src tok/s; 2927 tgt tok/s;     74 s elapsed
Epoch  9,   300/  454; acc:  77.41; ppl:   2.70; 2730 src tok/s; 2857 tgt tok/s;     89 s elapsed
Epoch  9,   350/  454; acc:  75.53; ppl:   2.99; 2828 src tok/s; 2908 tgt tok/s;    104 s elapsed
Epoch  9,   400/  454; acc:  77.48; ppl:   2.64; 2741 src tok/s; 2870 tgt tok/s;    119 s elapsed
Epoch  9,   450/  454; acc:  76.14; ppl:   2.88; 2733 src tok/s; 2830 tgt tok/s;    134 s elapsed
Train perplexity: 2.79796
Train accuracy: 76.6721
Validation perplexity: 6.1514
Validation accuracy: 68.8875
Decaying learning rate to 0.25

Epoch 10,    50/  454; acc:  79.19; ppl:   2.42; 2821 src tok/s; 2907 tgt tok/s;     16 s elapsed
Epoch 10,   100/  454; acc:  81.69; ppl:   2.16; 2791 src tok/s; 2924 tgt tok/s;     30 s elapsed
Epoch 10,   150/  454; acc:  80.63; ppl:   2.26; 2802 src tok/s; 2895 tgt tok/s;     44 s elapsed
Epoch 10,   200/  454; acc:  79.39; ppl:   2.39; 2835 src tok/s; 2940 tgt tok/s;     60 s elapsed
Epoch 10,   250/  454; acc:  79.59; ppl:   2.37; 2813 src tok/s; 2910 tgt tok/s;     75 s elapsed
Epoch 10,   300/  454; acc:  80.46; ppl:   2.26; 2777 src tok/s; 2896 tgt tok/s;     90 s elapsed
Epoch 10,   350/  454; acc:  80.74; ppl:   2.26; 2832 src tok/s; 2932 tgt tok/s;    105 s elapsed
Epoch 10,   400/  454; acc:  79.88; ppl:   2.36; 2840 src tok/s; 2948 tgt tok/s;    119 s elapsed
Epoch 10,   450/  454; acc:  79.70; ppl:   2.39; 2759 src tok/s; 2875 tgt tok/s;    134 s elapsed
Train perplexity: 2.31964
Train accuracy: 80.1261
Validation perplexity: 6.04741
Validation accuracy: 69.6396
Decaying learning rate to 0.125

Epoch 11,    50/  454; acc:  81.74; ppl:   2.18; 2758 src tok/s; 2866 tgt tok/s;     15 s elapsed
Epoch 11,   100/  454; acc:  82.51; ppl:   2.05; 2829 src tok/s; 2928 tgt tok/s;     30 s elapsed
Epoch 11,   150/  454; acc:  82.71; ppl:   2.07; 2767 src tok/s; 2879 tgt tok/s;     45 s elapsed
Epoch 11,   200/  454; acc:  82.29; ppl:   2.09; 2900 src tok/s; 3002 tgt tok/s;     60 s elapsed
Epoch 11,   250/  454; acc:  82.42; ppl:   2.08; 2739 src tok/s; 2858 tgt tok/s;     74 s elapsed
Epoch 11,   300/  454; acc:  82.15; ppl:   2.12; 2862 src tok/s; 2964 tgt tok/s;     89 s elapsed
Epoch 11,   350/  454; acc:  81.29; ppl:   2.20; 2897 src tok/s; 2978 tgt tok/s;    105 s elapsed
Epoch 11,   400/  454; acc:  83.14; ppl:   2.00; 2799 src tok/s; 2929 tgt tok/s;    119 s elapsed
Epoch 11,   450/  454; acc:  81.51; ppl:   2.17; 2820 src tok/s; 2923 tgt tok/s;    134 s elapsed
Train perplexity: 2.10385
Train accuracy: 82.2006
Validation perplexity: 6.22211
Validation accuracy: 69.5331
Decaying learning rate to 0.0625

Epoch 12,    50/  454; acc:  82.69; ppl:   2.07; 2832 src tok/s; 2928 tgt tok/s;     15 s elapsed
Epoch 12,   100/  454; acc:  84.05; ppl:   1.91; 2742 src tok/s; 2872 tgt tok/s;     30 s elapsed
Epoch 12,   150/  454; acc:  83.52; ppl:   1.98; 2858 src tok/s; 2960 tgt tok/s;     44 s elapsed
Epoch 12,   200/  454; acc:  82.89; ppl:   2.04; 2852 src tok/s; 2943 tgt tok/s;     59 s elapsed
Epoch 12,   250/  454; acc:  83.83; ppl:   1.96; 2770 src tok/s; 2884 tgt tok/s;     74 s elapsed
Epoch 12,   300/  454; acc:  82.39; ppl:   2.07; 2899 src tok/s; 2993 tgt tok/s;     89 s elapsed
Epoch 12,   350/  454; acc:  84.27; ppl:   1.92; 2778 src tok/s; 2908 tgt tok/s;    103 s elapsed
Epoch 12,   400/  454; acc:  82.71; ppl:   2.05; 2857 src tok/s; 2957 tgt tok/s;    119 s elapsed
Epoch 12,   450/  454; acc:  83.96; ppl:   1.92; 2772 src tok/s; 2896 tgt tok/s;    133 s elapsed
Train perplexity: 2.00288
Train accuracy: 83.2333
Validation perplexity: 6.2965
Validation accuracy: 69.5473
Decaying learning rate to 0.03125

Epoch 13,    50/  454; acc:  83.04; ppl:   2.00; 2839 src tok/s; 2933 tgt tok/s;     16 s elapsed
Epoch 13,   100/  454; acc:  84.86; ppl:   1.87; 2723 src tok/s; 2862 tgt tok/s;     30 s elapsed
Epoch 13,   150/  454; acc:  84.27; ppl:   1.89; 2906 src tok/s; 2997 tgt tok/s;     44 s elapsed
Epoch 13,   200/  454; acc:  83.36; ppl:   2.01; 2789 src tok/s; 2903 tgt tok/s;     59 s elapsed
Epoch 13,   250/  454; acc:  84.55; ppl:   1.88; 2798 src tok/s; 2920 tgt tok/s;     74 s elapsed
Epoch 13,   300/  454; acc:  82.86; ppl:   2.03; 2834 src tok/s; 2922 tgt tok/s;     89 s elapsed
Epoch 13,   350/  454; acc:  84.09; ppl:   1.93; 2837 src tok/s; 2952 tgt tok/s;    104 s elapsed
Epoch 13,   400/  454; acc:  83.30; ppl:   2.01; 2863 src tok/s; 2955 tgt tok/s;    119 s elapsed
Epoch 13,   450/  454; acc:  83.55; ppl:   1.99; 2797 src tok/s; 2899 tgt tok/s;    134 s elapsed
Train perplexity: 1.95563
Train accuracy: 83.7599
Validation perplexity: 6.37096
Validation accuracy: 69.6112
Decaying learning rate to 0.015625

Epoch 14,    50/  454; acc:  83.95; ppl:   1.93; 2816 src tok/s; 2931 tgt tok/s;     15 s elapsed
Epoch 14,   100/  454; acc:  84.04; ppl:   1.91; 2794 src tok/s; 2902 tgt tok/s;     30 s elapsed
Epoch 14,   150/  454; acc:  83.92; ppl:   1.95; 2814 src tok/s; 2914 tgt tok/s;     45 s elapsed
Epoch 14,   200/  454; acc:  84.00; ppl:   1.93; 2839 src tok/s; 2956 tgt tok/s;     60 s elapsed
Epoch 14,   250/  454; acc:  84.05; ppl:   1.91; 2787 src tok/s; 2901 tgt tok/s;     74 s elapsed
Epoch 14,   300/  454; acc:  83.77; ppl:   1.95; 2890 src tok/s; 2983 tgt tok/s;     89 s elapsed
Epoch 14,   350/  454; acc:  83.58; ppl:   2.00; 2831 src tok/s; 2931 tgt tok/s;    104 s elapsed
Epoch 14,   400/  454; acc:  84.58; ppl:   1.87; 2823 src tok/s; 2937 tgt tok/s;    119 s elapsed
Epoch 14,   450/  454; acc:  83.75; ppl:   1.93; 2795 src tok/s; 2899 tgt tok/s;    134 s elapsed
Train perplexity: 1.9314
Train accuracy: 83.9484
Validation perplexity: 6.39102
Validation accuracy: 69.5118
Decaying learning rate to 0.0078125

Epoch 15,    50/  454; acc:  85.10; ppl:   1.83; 2809 src tok/s; 2932 tgt tok/s;     15 s elapsed
Epoch 15,   100/  454; acc:  83.12; ppl:   2.02; 2796 src tok/s; 2894 tgt tok/s;     30 s elapsed
Epoch 15,   150/  454; acc:  84.90; ppl:   1.85; 2808 src tok/s; 2929 tgt tok/s;     44 s elapsed
Epoch 15,   200/  454; acc:  83.11; ppl:   2.02; 2877 src tok/s; 2961 tgt tok/s;     60 s elapsed
Epoch 15,   250/  454; acc:  84.27; ppl:   1.91; 2812 src tok/s; 2919 tgt tok/s;     74 s elapsed
Epoch 15,   300/  454; acc:  83.89; ppl:   1.95; 2829 src tok/s; 2937 tgt tok/s;     89 s elapsed
Epoch 15,   350/  454; acc:  84.27; ppl:   1.91; 2838 src tok/s; 2948 tgt tok/s;    104 s elapsed
Epoch 15,   400/  454; acc:  84.35; ppl:   1.89; 2819 src tok/s; 2924 tgt tok/s;    119 s elapsed
Epoch 15,   450/  454; acc:  84.05; ppl:   1.94; 2804 src tok/s; 2907 tgt tok/s;    134 s elapsed
Train perplexity: 1.92107
Train accuracy: 84.1302
Validation perplexity: 6.40431
Validation accuracy: 69.5757
Decaying learning rate to 0.00390625

Epoch 16,    50/  454; acc:  83.92; ppl:   1.95; 2866 src tok/s; 2968 tgt tok/s;     15 s elapsed
Epoch 16,   100/  454; acc:  84.32; ppl:   1.89; 2802 src tok/s; 2906 tgt tok/s;     30 s elapsed
Epoch 16,   150/  454; acc:  84.58; ppl:   1.88; 2827 src tok/s; 2936 tgt tok/s;     44 s elapsed
Epoch 16,   200/  454; acc:  83.72; ppl:   1.97; 2817 src tok/s; 2922 tgt tok/s;     60 s elapsed
Epoch 16,   250/  454; acc:  83.59; ppl:   1.98; 2822 src tok/s; 2911 tgt tok/s;     75 s elapsed
Epoch 16,   300/  454; acc:  84.98; ppl:   1.84; 2820 src tok/s; 2935 tgt tok/s;     89 s elapsed
Epoch 16,   350/  454; acc:  84.38; ppl:   1.91; 2840 src tok/s; 2953 tgt tok/s;    104 s elapsed
Epoch 16,   400/  454; acc:  84.14; ppl:   1.90; 2789 src tok/s; 2901 tgt tok/s;    119 s elapsed
Epoch 16,   450/  454; acc:  84.04; ppl:   1.93; 2793 src tok/s; 2898 tgt tok/s;    134 s elapsed
Train perplexity: 1.91475
Train accuracy: 84.2037
Validation perplexity: 6.40826
Validation accuracy: 69.597
Decaying learning rate to 0.00195312

Epoch 17,    50/  454; acc:  84.62; ppl:   1.87; 2813 src tok/s; 2932 tgt tok/s;     15 s elapsed
Epoch 17,   100/  454; acc:  84.04; ppl:   1.95; 2813 src tok/s; 2915 tgt tok/s;     30 s elapsed
Epoch 17,   150/  454; acc:  84.53; ppl:   1.88; 2876 src tok/s; 2974 tgt tok/s;     45 s elapsed
Epoch 17,   200/  454; acc:  84.19; ppl:   1.92; 2839 src tok/s; 2956 tgt tok/s;     59 s elapsed
Epoch 17,   250/  454; acc:  85.44; ppl:   1.79; 2833 src tok/s; 2958 tgt tok/s;     73 s elapsed
Epoch 17,   300/  454; acc:  83.13; ppl:   2.02; 2888 src tok/s; 2984 tgt tok/s;     89 s elapsed
Epoch 17,   350/  454; acc:  83.32; ppl:   2.01; 2806 src tok/s; 2896 tgt tok/s;    104 s elapsed
Epoch 17,   400/  454; acc:  84.89; ppl:   1.84; 2790 src tok/s; 2903 tgt tok/s;    119 s elapsed
Epoch 17,   450/  454; acc:  84.08; ppl:   1.93; 2766 src tok/s; 2869 tgt tok/s;    134 s elapsed
Train perplexity: 1.91097
Train accuracy: 84.2447
Validation perplexity: 6.40885
Validation accuracy: 69.597
Decaying learning rate to 0.000976562
