<module 'opts' from '/u/suhubdyd/research/projects/jumble_lstm/code/auxiliary-nmt/opts.pyc'>
Namespace(batch_size=64, brnn=False, brnn_merge='concat', cnn_kernel_width=3, context_gate=None, copy_attn=False, copy_attn_force=False, coverage_attn=False, data='/data/lisatmp3/suhubdyd/multi30k.atok.low', dec_layers=1, decay_method='', decoder_type='rnn', dropout=0.3, enc_layers=2, encoder_type='rnn', epochs=17, exp='', exp_host='', feat_merge='concat', feat_vec_exponent=0.7, feat_vec_size=-1, fix_word_vecs_dec=False, fix_word_vecs_enc=False, global_attention='general', gpuid=[0], input_feed=1, kappa_dec=0.05, kappa_enc=0.0, lambda_coverage=1, layers=-1, learning_rate=1.0, learning_rate_decay=0.5, max_generator_batches=32, max_grad_norm=5, model_type='text', optim='sgd', param_init=0.1, position_encoding=False, pre_word_vecs_dec=None, pre_word_vecs_enc=None, report_every=50, rnn_size=500, rnn_type='LSTM', save_model='/data/lisatmp3/suhubdyd/models/encoder0decoder0.05dropout0.3wdropFalse', seed=-1, share_decoder_embeddings=False, share_embeddings=False, src_word_vec_size=500, start_checkpoint_at=0, start_decay_at=8, start_epoch=1, tgt_word_vec_size=500, train_from='', truncated_decoder=0, warmup_steps=4000, weightdropout=False, word_vec_size=-1)
('Using Kappa L2 loss on decoder', 0.05)
Loading train and validate data from '/data/lisatmp3/suhubdyd/multi30k.atok.low'
 * number of training sentences: 29000
 * maximum batch size: 64
 * vocabulary size. source = 10841; target = 18563
Building model...
Intializing model parameters.
NMTModel (
  (encoder): RNNEncoder (
    (embeddings): Embeddings (
      (make_embedding): Sequential (
        (emb_luts): Elementwise (
          (0): Embedding(10841, 500, padding_idx=1)
        )
      )
    )
    (dropout): Dropout (p = 0.3)
    (rnn): LSTM(500, 500, dropout=0.3)
  )
  (decoder): InputFeedRNNDecoder (
    (embeddings): Embeddings (
      (make_embedding): Sequential (
        (emb_luts): Elementwise (
          (0): Embedding(18563, 500, padding_idx=1)
        )
      )
    )
    (dropout): Dropout (p = 0.3)
    (rnn): StackedLSTM (
      (dropout): Dropout (p = 0.3)
      (layers): ModuleList (
        (0): LSTMCell(1000, 500)
      )
    )
    (attn): GlobalAttention (
      (linear_in): Linear (500 -> 500)
      (linear_out): Linear (1000 -> 500)
      (sm): Softmax ()
      (tanh): Tanh ()
    )
  )
  (generator): Sequential (
    (0): Linear (500 -> 18563)
    (1): LogSoftmax ()
  )
)
* number of parameters: 29760063
('encoder: ', 7424500)
('decoder: ', 22335563)

Epoch  1,    50/  454; acc:   7.43; ppl: 91436.27; 5620 src tok/s; 5847 tgt tok/s;      7 s elapsed
Epoch  1,   100/  454; acc:  13.24; ppl: 2032.86; 5920 src tok/s; 6136 tgt tok/s;     15 s elapsed
Epoch  1,   150/  454; acc:  17.61; ppl: 577.23; 5697 src tok/s; 5938 tgt tok/s;     22 s elapsed
Epoch  1,   200/  454; acc:  20.76; ppl: 306.92; 5784 src tok/s; 6001 tgt tok/s;     29 s elapsed
Epoch  1,   250/  454; acc:  24.20; ppl: 177.06; 5767 src tok/s; 5980 tgt tok/s;     36 s elapsed
Epoch  1,   300/  454; acc:  26.81; ppl: 135.08; 5833 src tok/s; 6050 tgt tok/s;     44 s elapsed
Epoch  1,   350/  454; acc:  28.98; ppl: 100.82; 5913 src tok/s; 6106 tgt tok/s;     51 s elapsed
Epoch  1,   400/  454; acc:  31.68; ppl:  80.83; 5689 src tok/s; 5905 tgt tok/s;     58 s elapsed
Epoch  1,   450/  454; acc:  33.12; ppl:  68.94; 5717 src tok/s; 5943 tgt tok/s;     65 s elapsed
Train perplexity: 414.457
Train accuracy: 22.7612
Validation perplexity: 59.3155
Validation accuracy: 33.6242

Epoch  2,    50/  454; acc:  35.75; ppl:  53.52; 5791 src tok/s; 5973 tgt tok/s;      7 s elapsed
Epoch  2,   100/  454; acc:  38.95; ppl:  43.65; 5769 src tok/s; 6004 tgt tok/s;     15 s elapsed
Epoch  2,   150/  454; acc:  40.45; ppl:  39.18; 5712 src tok/s; 5889 tgt tok/s;     22 s elapsed
Epoch  2,   200/  454; acc:  44.51; ppl:  30.31; 5745 src tok/s; 6006 tgt tok/s;     29 s elapsed
Epoch  2,   250/  454; acc:  45.13; ppl:  28.29; 5757 src tok/s; 5985 tgt tok/s;     36 s elapsed
Epoch  2,   300/  454; acc:  46.43; ppl:  25.75; 5819 src tok/s; 6044 tgt tok/s;     44 s elapsed
Epoch  2,   350/  454; acc:  48.47; ppl:  22.93; 5771 src tok/s; 6001 tgt tok/s;     51 s elapsed
Epoch  2,   400/  454; acc:  51.19; ppl:  19.45; 5828 src tok/s; 6038 tgt tok/s;     58 s elapsed
Epoch  2,   450/  454; acc:  51.31; ppl:  18.79; 5723 src tok/s; 5942 tgt tok/s;     65 s elapsed
Train perplexity: 29.4269
Train accuracy: 44.7358
Validation perplexity: 16.2014
Validation accuracy: 54.2429

Epoch  3,    50/  454; acc:  54.50; ppl:  14.33; 5771 src tok/s; 5991 tgt tok/s;      7 s elapsed
Epoch  3,   100/  454; acc:  54.05; ppl:  14.81; 5918 src tok/s; 6139 tgt tok/s;     14 s elapsed
Epoch  3,   150/  454; acc:  55.36; ppl:  13.75; 5675 src tok/s; 5890 tgt tok/s;     22 s elapsed
Epoch  3,   200/  454; acc:  56.31; ppl:  12.95; 5774 src tok/s; 5974 tgt tok/s;     29 s elapsed
Epoch  3,   250/  454; acc:  55.70; ppl:  13.47; 5873 src tok/s; 6065 tgt tok/s;     36 s elapsed
Epoch  3,   300/  454; acc:  57.80; ppl:  11.72; 5729 src tok/s; 5977 tgt tok/s;     44 s elapsed
Epoch  3,   350/  454; acc:  59.07; ppl:  10.88; 5760 src tok/s; 6013 tgt tok/s;     51 s elapsed
Epoch  3,   400/  454; acc:  57.97; ppl:  11.62; 5896 src tok/s; 6110 tgt tok/s;     58 s elapsed
Epoch  3,   450/  454; acc:  58.42; ppl:  11.19; 5940 src tok/s; 6151 tgt tok/s;     65 s elapsed
Train perplexity: 12.655
Train accuracy: 56.5949
Validation perplexity: 10.2905
Validation accuracy: 60.5151

Epoch  4,    50/  454; acc:  60.30; ppl:   9.21; 5915 src tok/s; 6165 tgt tok/s;      7 s elapsed
Epoch  4,   100/  454; acc:  61.87; ppl:   8.33; 5857 src tok/s; 6094 tgt tok/s;     14 s elapsed
Epoch  4,   150/  454; acc:  61.75; ppl:   8.48; 6006 src tok/s; 6216 tgt tok/s;     21 s elapsed
Epoch  4,   200/  454; acc:  61.75; ppl:   8.54; 5890 src tok/s; 6119 tgt tok/s;     28 s elapsed
Epoch  4,   250/  454; acc:  61.23; ppl:   8.58; 5915 src tok/s; 6114 tgt tok/s;     36 s elapsed
Epoch  4,   300/  454; acc:  62.92; ppl:   7.89; 5980 src tok/s; 6199 tgt tok/s;     43 s elapsed
Epoch  4,   350/  454; acc:  62.35; ppl:   7.99; 5937 src tok/s; 6155 tgt tok/s;     50 s elapsed
Epoch  4,   400/  454; acc:  62.23; ppl:   8.16; 5891 src tok/s; 6122 tgt tok/s;     57 s elapsed
Epoch  4,   450/  454; acc:  62.69; ppl:   7.70; 5646 src tok/s; 5869 tgt tok/s;     64 s elapsed
Train perplexity: 8.317
Train accuracy: 61.8854
Validation perplexity: 8.04245
Validation accuracy: 64.2259

Epoch  5,    50/  454; acc:  65.15; ppl:   6.35; 5878 src tok/s; 6104 tgt tok/s;      7 s elapsed
Epoch  5,   100/  454; acc:  65.72; ppl:   6.16; 5913 src tok/s; 6157 tgt tok/s;     14 s elapsed
Epoch  5,   150/  454; acc:  64.92; ppl:   6.43; 5900 src tok/s; 6142 tgt tok/s;     21 s elapsed
Epoch  5,   200/  454; acc:  65.17; ppl:   6.27; 5892 src tok/s; 6114 tgt tok/s;     29 s elapsed
Epoch  5,   250/  454; acc:  64.61; ppl:   6.55; 5907 src tok/s; 6092 tgt tok/s;     36 s elapsed
Epoch  5,   300/  454; acc:  65.90; ppl:   6.14; 5901 src tok/s; 6148 tgt tok/s;     43 s elapsed
Epoch  5,   350/  454; acc:  64.11; ppl:   6.65; 5908 src tok/s; 6109 tgt tok/s;     50 s elapsed
Epoch  5,   400/  454; acc:  66.78; ppl:   5.81; 5882 src tok/s; 6121 tgt tok/s;     57 s elapsed
Epoch  5,   450/  454; acc:  65.66; ppl:   6.24; 5767 src tok/s; 5986 tgt tok/s;     64 s elapsed
Train perplexity: 6.29085
Train accuracy: 65.3128
Validation perplexity: 7.45278
Validation accuracy: 65.2618

Epoch  6,    50/  454; acc:  68.02; ppl:   5.03; 6024 src tok/s; 6215 tgt tok/s;      7 s elapsed
Epoch  6,   100/  454; acc:  68.77; ppl:   4.87; 5860 src tok/s; 6097 tgt tok/s;     14 s elapsed
Epoch  6,   150/  454; acc:  68.60; ppl:   4.86; 5860 src tok/s; 6132 tgt tok/s;     21 s elapsed
Epoch  6,   200/  454; acc:  67.45; ppl:   5.20; 6015 src tok/s; 6194 tgt tok/s;     28 s elapsed
Epoch  6,   250/  454; acc:  67.73; ppl:   5.18; 5857 src tok/s; 6062 tgt tok/s;     36 s elapsed
Epoch  6,   300/  454; acc:  68.05; ppl:   5.03; 5838 src tok/s; 6056 tgt tok/s;     43 s elapsed
Epoch  6,   350/  454; acc:  68.27; ppl:   4.98; 5627 src tok/s; 5885 tgt tok/s;     50 s elapsed
Epoch  6,   400/  454; acc:  67.27; ppl:   5.30; 5729 src tok/s; 5943 tgt tok/s;     57 s elapsed
Epoch  6,   450/  454; acc:  67.74; ppl:   5.17; 5868 src tok/s; 6099 tgt tok/s;     65 s elapsed
Train perplexity: 5.06936
Train accuracy: 67.9839
Validation perplexity: 7.21858
Validation accuracy: 65.2192

Epoch  7,    50/  454; acc:  70.83; ppl:   4.05; 6010 src tok/s; 6237 tgt tok/s;      7 s elapsed
Epoch  7,   100/  454; acc:  70.18; ppl:   4.20; 5773 src tok/s; 5996 tgt tok/s;     14 s elapsed
Epoch  7,   150/  454; acc:  70.94; ppl:   4.08; 5927 src tok/s; 6166 tgt tok/s;     21 s elapsed
Epoch  7,   200/  454; acc:  69.79; ppl:   4.37; 5979 src tok/s; 6159 tgt tok/s;     28 s elapsed
Epoch  7,   250/  454; acc:  69.00; ppl:   4.52; 5830 src tok/s; 6041 tgt tok/s;     36 s elapsed
Epoch  7,   300/  454; acc:  70.17; ppl:   4.29; 5789 src tok/s; 6077 tgt tok/s;     43 s elapsed
Epoch  7,   350/  454; acc:  69.07; ppl:   4.53; 6002 src tok/s; 6167 tgt tok/s;     50 s elapsed
Epoch  7,   400/  454; acc:  70.82; ppl:   4.17; 5830 src tok/s; 6074 tgt tok/s;     57 s elapsed
Epoch  7,   450/  454; acc:  69.82; ppl:   4.33; 5810 src tok/s; 6034 tgt tok/s;     64 s elapsed
Train perplexity: 4.27955
Train accuracy: 70.0562
Validation perplexity: 6.58516
Validation accuracy: 67.1491

Epoch  8,    50/  454; acc:  73.86; ppl:   3.34; 5804 src tok/s; 6064 tgt tok/s;      7 s elapsed
Epoch  8,   100/  454; acc:  71.49; ppl:   3.79; 5896 src tok/s; 6124 tgt tok/s;     14 s elapsed
Epoch  8,   150/  454; acc:  71.89; ppl:   3.67; 5913 src tok/s; 6144 tgt tok/s;     22 s elapsed
Epoch  8,   200/  454; acc:  71.67; ppl:   3.70; 5955 src tok/s; 6190 tgt tok/s;     29 s elapsed
Epoch  8,   250/  454; acc:  70.97; ppl:   3.93; 5909 src tok/s; 6092 tgt tok/s;     36 s elapsed
Epoch  8,   300/  454; acc:  71.95; ppl:   3.65; 5948 src tok/s; 6156 tgt tok/s;     43 s elapsed
Epoch  8,   350/  454; acc:  70.58; ppl:   3.94; 5664 src tok/s; 5856 tgt tok/s;     50 s elapsed
Epoch  8,   400/  454; acc:  72.19; ppl:   3.55; 5791 src tok/s; 6044 tgt tok/s;     57 s elapsed
Epoch  8,   450/  454; acc:  71.27; ppl:   3.86; 5861 src tok/s; 6060 tgt tok/s;     64 s elapsed
Train perplexity: 3.70683
Train accuracy: 71.7721
Validation perplexity: 6.65917
Validation accuracy: 67.589
Decaying learning rate to 0.5

Epoch  9,    50/  454; acc:  76.87; ppl:   2.81; 5473 src tok/s; 5671 tgt tok/s;      8 s elapsed
Epoch  9,   100/  454; acc:  76.87; ppl:   2.79; 5762 src tok/s; 5976 tgt tok/s;     15 s elapsed
Epoch  9,   150/  454; acc:  75.77; ppl:   2.96; 5789 src tok/s; 5962 tgt tok/s;     23 s elapsed
Epoch  9,   200/  454; acc:  78.32; ppl:   2.56; 5790 src tok/s; 6030 tgt tok/s;     29 s elapsed
Epoch  9,   250/  454; acc:  76.85; ppl:   2.79; 5773 src tok/s; 6018 tgt tok/s;     36 s elapsed
Epoch  9,   300/  454; acc:  76.50; ppl:   2.81; 5836 src tok/s; 6049 tgt tok/s;     44 s elapsed
Epoch  9,   350/  454; acc:  76.22; ppl:   2.87; 5768 src tok/s; 6020 tgt tok/s;     51 s elapsed
Epoch  9,   400/  454; acc:  76.57; ppl:   2.76; 5768 src tok/s; 5964 tgt tok/s;     58 s elapsed
Epoch  9,   450/  454; acc:  76.26; ppl:   2.83; 5640 src tok/s; 5875 tgt tok/s;     66 s elapsed
Train perplexity: 2.79716
Train accuracy: 76.6663
Validation perplexity: 6.14401
Validation accuracy: 68.8662
Decaying learning rate to 0.25

Epoch 10,    50/  454; acc:  81.11; ppl:   2.25; 5796 src tok/s; 6019 tgt tok/s;      7 s elapsed
Epoch 10,   100/  454; acc:  80.01; ppl:   2.37; 5845 src tok/s; 6067 tgt tok/s;     14 s elapsed
Epoch 10,   150/  454; acc:  79.76; ppl:   2.37; 5878 src tok/s; 6085 tgt tok/s;     22 s elapsed
Epoch 10,   200/  454; acc:  80.67; ppl:   2.28; 5683 src tok/s; 5919 tgt tok/s;     29 s elapsed
Epoch 10,   250/  454; acc:  80.25; ppl:   2.30; 5877 src tok/s; 6078 tgt tok/s;     36 s elapsed
Epoch 10,   300/  454; acc:  80.10; ppl:   2.30; 5730 src tok/s; 5976 tgt tok/s;     43 s elapsed
Epoch 10,   350/  454; acc:  79.91; ppl:   2.30; 5732 src tok/s; 5951 tgt tok/s;     51 s elapsed
Epoch 10,   400/  454; acc:  79.64; ppl:   2.38; 5723 src tok/s; 5925 tgt tok/s;     58 s elapsed
Epoch 10,   450/  454; acc:  79.91; ppl:   2.34; 5746 src tok/s; 5955 tgt tok/s;     65 s elapsed
Train perplexity: 2.31922
Train accuracy: 80.1671
Validation perplexity: 6.30931
Validation accuracy: 69.6396
Decaying learning rate to 0.125

Epoch 11,    50/  454; acc:  82.39; ppl:   2.06; 5751 src tok/s; 5966 tgt tok/s;      8 s elapsed
Epoch 11,   100/  454; acc:  82.24; ppl:   2.11; 5570 src tok/s; 5803 tgt tok/s;     15 s elapsed
Epoch 11,   150/  454; acc:  82.06; ppl:   2.12; 5805 src tok/s; 6007 tgt tok/s;     22 s elapsed
Epoch 11,   200/  454; acc:  82.08; ppl:   2.11; 5727 src tok/s; 5971 tgt tok/s;     29 s elapsed
Epoch 11,   250/  454; acc:  82.43; ppl:   2.07; 5814 src tok/s; 6071 tgt tok/s;     36 s elapsed
Epoch 11,   300/  454; acc:  82.13; ppl:   2.13; 5926 src tok/s; 6098 tgt tok/s;     44 s elapsed
Epoch 11,   350/  454; acc:  81.46; ppl:   2.19; 5909 src tok/s; 6104 tgt tok/s;     51 s elapsed
Epoch 11,   400/  454; acc:  82.83; ppl:   2.01; 5784 src tok/s; 6046 tgt tok/s;     58 s elapsed
Epoch 11,   450/  454; acc:  81.64; ppl:   2.18; 5920 src tok/s; 6115 tgt tok/s;     65 s elapsed
Train perplexity: 2.10741
Train accuracy: 82.156
Validation perplexity: 6.3614
Validation accuracy: 69.3628
Decaying learning rate to 0.0625

Epoch 12,    50/  454; acc:  83.19; ppl:   2.00; 5957 src tok/s; 6169 tgt tok/s;      7 s elapsed
Epoch 12,   100/  454; acc:  83.26; ppl:   1.99; 5927 src tok/s; 6135 tgt tok/s;     14 s elapsed
Epoch 12,   150/  454; acc:  82.85; ppl:   2.03; 5956 src tok/s; 6137 tgt tok/s;     21 s elapsed
Epoch 12,   200/  454; acc:  83.77; ppl:   1.93; 5830 src tok/s; 6082 tgt tok/s;     28 s elapsed
Epoch 12,   250/  454; acc:  83.11; ppl:   2.01; 5775 src tok/s; 5992 tgt tok/s;     36 s elapsed
Epoch 12,   300/  454; acc:  82.99; ppl:   2.03; 5917 src tok/s; 6162 tgt tok/s;     43 s elapsed
Epoch 12,   350/  454; acc:  83.57; ppl:   1.94; 5955 src tok/s; 6184 tgt tok/s;     50 s elapsed
Epoch 12,   400/  454; acc:  82.66; ppl:   2.05; 5925 src tok/s; 6140 tgt tok/s;     57 s elapsed
Epoch 12,   450/  454; acc:  83.19; ppl:   2.03; 5727 src tok/s; 5974 tgt tok/s;     64 s elapsed
Train perplexity: 2.00353
Train accuracy: 83.1636
Validation perplexity: 6.42806
Validation accuracy: 69.6325
Decaying learning rate to 0.03125

Epoch 13,    50/  454; acc:  83.96; ppl:   1.93; 5961 src tok/s; 6172 tgt tok/s;      7 s elapsed
Epoch 13,   100/  454; acc:  83.62; ppl:   1.98; 5899 src tok/s; 6118 tgt tok/s;     14 s elapsed
Epoch 13,   150/  454; acc:  84.27; ppl:   1.90; 6001 src tok/s; 6230 tgt tok/s;     21 s elapsed
Epoch 13,   200/  454; acc:  83.22; ppl:   2.02; 5821 src tok/s; 6044 tgt tok/s;     28 s elapsed
Epoch 13,   250/  454; acc:  83.11; ppl:   2.02; 5907 src tok/s; 6110 tgt tok/s;     36 s elapsed
Epoch 13,   300/  454; acc:  84.32; ppl:   1.90; 5788 src tok/s; 6027 tgt tok/s;     43 s elapsed
Epoch 13,   350/  454; acc:  84.24; ppl:   1.92; 5870 src tok/s; 6078 tgt tok/s;     50 s elapsed
Epoch 13,   400/  454; acc:  83.94; ppl:   1.94; 5868 src tok/s; 6123 tgt tok/s;     57 s elapsed
Epoch 13,   450/  454; acc:  83.76; ppl:   1.94; 5878 src tok/s; 6099 tgt tok/s;     64 s elapsed
Train perplexity: 1.95373
Train accuracy: 83.7865
Validation perplexity: 6.50293
Validation accuracy: 69.5757
Decaying learning rate to 0.015625

Epoch 14,    50/  454; acc:  83.37; ppl:   1.99; 5952 src tok/s; 6118 tgt tok/s;      7 s elapsed
Epoch 14,   100/  454; acc:  84.87; ppl:   1.84; 5826 src tok/s; 6104 tgt tok/s;     14 s elapsed
Epoch 14,   150/  454; acc:  84.22; ppl:   1.92; 5943 src tok/s; 6143 tgt tok/s;     21 s elapsed
Epoch 14,   200/  454; acc:  84.09; ppl:   1.95; 5858 src tok/s; 6081 tgt tok/s;     28 s elapsed
Epoch 14,   250/  454; acc:  85.14; ppl:   1.82; 5970 src tok/s; 6215 tgt tok/s;     35 s elapsed
Epoch 14,   300/  454; acc:  83.01; ppl:   2.04; 5849 src tok/s; 6040 tgt tok/s;     43 s elapsed
Epoch 14,   350/  454; acc:  83.57; ppl:   1.95; 5945 src tok/s; 6151 tgt tok/s;     50 s elapsed
Epoch 14,   400/  454; acc:  83.62; ppl:   1.96; 5792 src tok/s; 6040 tgt tok/s;     57 s elapsed
Epoch 14,   450/  454; acc:  83.96; ppl:   1.93; 5752 src tok/s; 5998 tgt tok/s;     64 s elapsed
Train perplexity: 1.93325
Train accuracy: 83.983
Validation perplexity: 6.50686
Validation accuracy: 69.6325
Decaying learning rate to 0.0078125

Epoch 15,    50/  454; acc:  84.48; ppl:   1.92; 5834 src tok/s; 6044 tgt tok/s;      7 s elapsed
Epoch 15,   100/  454; acc:  84.17; ppl:   1.92; 6016 src tok/s; 6231 tgt tok/s;     14 s elapsed
Epoch 15,   150/  454; acc:  83.17; ppl:   2.05; 5975 src tok/s; 6142 tgt tok/s;     22 s elapsed
Epoch 15,   200/  454; acc:  85.46; ppl:   1.80; 5777 src tok/s; 6054 tgt tok/s;     29 s elapsed
Epoch 15,   250/  454; acc:  85.06; ppl:   1.83; 5794 src tok/s; 6064 tgt tok/s;     35 s elapsed
Epoch 15,   300/  454; acc:  83.42; ppl:   1.99; 5941 src tok/s; 6106 tgt tok/s;     43 s elapsed
Epoch 15,   350/  454; acc:  84.34; ppl:   1.91; 5629 src tok/s; 5916 tgt tok/s;     50 s elapsed
Epoch 15,   400/  454; acc:  84.16; ppl:   1.93; 5881 src tok/s; 6066 tgt tok/s;     57 s elapsed
Epoch 15,   450/  454; acc:  83.56; ppl:   1.94; 5796 src tok/s; 6015 tgt tok/s;     64 s elapsed
Train perplexity: 1.92076
Train accuracy: 84.1885
Validation perplexity: 6.52715
Validation accuracy: 69.5402
Decaying learning rate to 0.00390625

Epoch 16,    50/  454; acc:  83.91; ppl:   1.94; 5872 src tok/s; 6084 tgt tok/s;      7 s elapsed
Epoch 16,   100/  454; acc:  84.53; ppl:   1.85; 5809 src tok/s; 6060 tgt tok/s;     14 s elapsed
Epoch 16,   150/  454; acc:  84.61; ppl:   1.88; 5849 src tok/s; 6078 tgt tok/s;     21 s elapsed
Epoch 16,   200/  454; acc:  83.97; ppl:   1.96; 5905 src tok/s; 6120 tgt tok/s;     29 s elapsed
Epoch 16,   250/  454; acc:  83.72; ppl:   1.95; 5822 src tok/s; 6063 tgt tok/s;     36 s elapsed
Epoch 16,   300/  454; acc:  84.49; ppl:   1.89; 5891 src tok/s; 6111 tgt tok/s;     43 s elapsed
Epoch 16,   350/  454; acc:  83.99; ppl:   1.94; 5887 src tok/s; 6077 tgt tok/s;     50 s elapsed
Epoch 16,   400/  454; acc:  84.30; ppl:   1.89; 5880 src tok/s; 6120 tgt tok/s;     57 s elapsed
Epoch 16,   450/  454; acc:  84.09; ppl:   1.94; 5879 src tok/s; 6075 tgt tok/s;     64 s elapsed
Train perplexity: 1.91385
Train accuracy: 84.1946
Validation perplexity: 6.53242
Validation accuracy: 69.5544
Decaying learning rate to 0.00195312

Epoch 17,    50/  454; acc:  83.73; ppl:   1.94; 5846 src tok/s; 6061 tgt tok/s;      7 s elapsed
Epoch 17,   100/  454; acc:  84.42; ppl:   1.88; 5873 src tok/s; 6095 tgt tok/s;     14 s elapsed
Epoch 17,   150/  454; acc:  84.97; ppl:   1.83; 5758 src tok/s; 6010 tgt tok/s;     21 s elapsed
Epoch 17,   200/  454; acc:  83.18; ppl:   2.01; 5765 src tok/s; 5975 tgt tok/s;     29 s elapsed
Epoch 17,   250/  454; acc:  83.69; ppl:   1.96; 5709 src tok/s; 5940 tgt tok/s;     36 s elapsed
Epoch 17,   300/  454; acc:  84.37; ppl:   1.90; 5791 src tok/s; 5996 tgt tok/s;     44 s elapsed
Epoch 17,   350/  454; acc:  85.21; ppl:   1.84; 5821 src tok/s; 6083 tgt tok/s;     51 s elapsed
Epoch 17,   400/  454; acc:  83.88; ppl:   1.95; 5886 src tok/s; 6083 tgt tok/s;     58 s elapsed
Epoch 17,   450/  454; acc:  85.27; ppl:   1.81; 5698 src tok/s; 5898 tgt tok/s;     65 s elapsed
Train perplexity: 1.91008
Train accuracy: 84.2045
Validation perplexity: 6.5388
Validation accuracy: 69.526
Decaying learning rate to 0.000976562
