<module 'opts' from '/u/suhubdyd/research/projects/jumble_lstm/code/auxiliary-nmt/opts.pyc'>
Namespace(batch_size=64, brnn=False, brnn_merge='concat', cnn_kernel_width=3, context_gate=None, copy_attn=False, copy_attn_force=False, coverage_attn=False, data='/data/lisatmp3/suhubdyd/multi30k.atok.low', dec_layers=1, decay_method='', decoder_type='rnn', dropout=0.3, enc_layers=2, encoder_type='rnn', epochs=17, exp='', exp_host='', feat_merge='concat', feat_vec_exponent=0.7, feat_vec_size=-1, fix_word_vecs_dec=False, fix_word_vecs_enc=False, global_attention='general', gpuid=[0], input_feed=1, kappa_dec=0.3, kappa_enc=0.2, lambda_coverage=1, layers=-1, learning_rate=1.0, learning_rate_decay=0.5, max_generator_batches=32, max_grad_norm=5, model_type='text', optim='sgd', param_init=0.1, position_encoding=False, pre_word_vecs_dec=None, pre_word_vecs_enc=None, report_every=50, rnn_size=500, rnn_type='LSTM', save_model='/data/lisatmp3/suhubdyd/models/seeds/encoder0.2decoder0.3dropout0.3wdropFalseseed4', seed=4, share_decoder_embeddings=False, share_embeddings=False, src_word_vec_size=500, start_checkpoint_at=0, start_decay_at=8, start_epoch=1, tgt_word_vec_size=500, train_from='', truncated_decoder=0, warmup_steps=4000, weightdropout=False, word_vec_size=-1)
('Using Kappa L2 loss on encoder', 0.2)
('Using Kappa L2 loss on decoder', 0.3)
Loading train and validate data from '/data/lisatmp3/suhubdyd/multi30k.atok.low'
 * number of training sentences: 29000
 * maximum batch size: 64
 * vocabulary size. source = 10841; target = 18563
Building model...
Intializing model parameters.
NMTModel (
  (encoder): RNNEncoder (
    (embeddings): Embeddings (
      (make_embedding): Sequential (
        (emb_luts): Elementwise (
          (0): Embedding(10841, 500, padding_idx=1)
        )
      )
    )
    (dropout): Dropout (p = 0.3)
    (rnn): LSTM(500, 500, dropout=0.3)
  )
  (decoder): InputFeedRNNDecoder (
    (embeddings): Embeddings (
      (make_embedding): Sequential (
        (emb_luts): Elementwise (
          (0): Embedding(18563, 500, padding_idx=1)
        )
      )
    )
    (dropout): Dropout (p = 0.3)
    (rnn): StackedLSTM (
      (dropout): Dropout (p = 0.3)
      (layers): ModuleList (
        (0): LSTMCell(1000, 500)
      )
    )
    (attn): GlobalAttention (
      (linear_in): Linear (500 -> 500)
      (linear_out): Linear (1000 -> 500)
      (sm): Softmax ()
      (tanh): Tanh ()
    )
  )
  (generator): Sequential (
    (0): Linear (500 -> 18563)
    (1): LogSoftmax ()
  )
)
* number of parameters: 29760063
('encoder: ', 7424500)
('decoder: ', 22335563)

Epoch  1,    50/  454; acc:   9.53; ppl: 12358.28; 5215 src tok/s; 5470 tgt tok/s;      8 s elapsed
Epoch  1,   100/  454; acc:  15.27; ppl: 868.59; 5500 src tok/s; 5691 tgt tok/s;     16 s elapsed
Epoch  1,   150/  454; acc:  17.81; ppl: 631.12; 5169 src tok/s; 5329 tgt tok/s;     24 s elapsed
Epoch  1,   200/  454; acc:  22.12; ppl: 237.00; 5258 src tok/s; 5475 tgt tok/s;     32 s elapsed
Epoch  1,   250/  454; acc:  25.63; ppl: 158.82; 5285 src tok/s; 5500 tgt tok/s;     39 s elapsed
Epoch  1,   300/  454; acc:  27.50; ppl: 124.20; 5269 src tok/s; 5440 tgt tok/s;     48 s elapsed
Epoch  1,   350/  454; acc:  30.52; ppl:  90.63; 5088 src tok/s; 5293 tgt tok/s;     56 s elapsed
Epoch  1,   400/  454; acc:  31.01; ppl:  79.99; 5306 src tok/s; 5484 tgt tok/s;     64 s elapsed
Epoch  1,   450/  454; acc:  33.08; ppl:  69.35; 5296 src tok/s; 5495 tgt tok/s;     72 s elapsed
Train perplexity: 285.903
Train accuracy: 23.7255
Validation perplexity: 55.1754
Validation accuracy: 36.2282

Epoch  2,    50/  454; acc:  36.37; ppl:  52.76; 5318 src tok/s; 5499 tgt tok/s;      8 s elapsed
Epoch  2,   100/  454; acc:  38.33; ppl:  45.69; 5257 src tok/s; 5441 tgt tok/s;     16 s elapsed
Epoch  2,   150/  454; acc:  40.66; ppl:  38.41; 5089 src tok/s; 5322 tgt tok/s;     24 s elapsed
Epoch  2,   200/  454; acc:  42.57; ppl:  33.05; 5372 src tok/s; 5554 tgt tok/s;     32 s elapsed
Epoch  2,   250/  454; acc:  43.75; ppl:  30.49; 5270 src tok/s; 5406 tgt tok/s;     41 s elapsed
Epoch  2,   300/  454; acc:  48.88; ppl:  22.34; 5280 src tok/s; 5531 tgt tok/s;     48 s elapsed
Epoch  2,   350/  454; acc:  48.50; ppl:  22.38; 5297 src tok/s; 5505 tgt tok/s;     56 s elapsed
Epoch  2,   400/  454; acc:  50.56; ppl:  20.32; 5171 src tok/s; 5382 tgt tok/s;     64 s elapsed
Epoch  2,   450/  454; acc:  51.63; ppl:  18.17; 5147 src tok/s; 5351 tgt tok/s;     72 s elapsed
Train perplexity: 29.5306
Train accuracy: 44.5883
Validation perplexity: 17.7993
Validation accuracy: 51.7667

Epoch  3,    50/  454; acc:  53.84; ppl:  14.93; 5273 src tok/s; 5461 tgt tok/s;      8 s elapsed
Epoch  3,   100/  454; acc:  53.45; ppl:  15.42; 5167 src tok/s; 5362 tgt tok/s;     16 s elapsed
Epoch  3,   150/  454; acc:  56.48; ppl:  12.63; 5263 src tok/s; 5497 tgt tok/s;     24 s elapsed
Epoch  3,   200/  454; acc:  54.55; ppl:  14.09; 5264 src tok/s; 5428 tgt tok/s;     32 s elapsed
Epoch  3,   250/  454; acc:  56.10; ppl:  12.97; 5264 src tok/s; 5435 tgt tok/s;     40 s elapsed
Epoch  3,   300/  454; acc:  57.64; ppl:  11.81; 5237 src tok/s; 5448 tgt tok/s;     48 s elapsed
Epoch  3,   350/  454; acc:  57.60; ppl:  11.92; 5254 src tok/s; 5449 tgt tok/s;     56 s elapsed
Epoch  3,   400/  454; acc:  58.29; ppl:  11.29; 5256 src tok/s; 5461 tgt tok/s;     64 s elapsed
Epoch  3,   450/  454; acc:  59.83; ppl:  10.26; 5291 src tok/s; 5525 tgt tok/s;     72 s elapsed
Train perplexity: 12.7323
Train accuracy: 56.3907
Validation perplexity: 10.1345
Validation accuracy: 60.657

Epoch  4,    50/  454; acc:  62.70; ppl:   8.01; 5234 src tok/s; 5421 tgt tok/s;      8 s elapsed
Epoch  4,   100/  454; acc:  60.07; ppl:   9.41; 5168 src tok/s; 5340 tgt tok/s;     16 s elapsed
Epoch  4,   150/  454; acc:  60.98; ppl:   8.95; 5252 src tok/s; 5447 tgt tok/s;     25 s elapsed
Epoch  4,   200/  454; acc:  63.06; ppl:   7.83; 5127 src tok/s; 5381 tgt tok/s;     32 s elapsed
Epoch  4,   250/  454; acc:  61.71; ppl:   8.47; 5215 src tok/s; 5429 tgt tok/s;     40 s elapsed
Epoch  4,   300/  454; acc:  61.00; ppl:   8.75; 5370 src tok/s; 5549 tgt tok/s;     48 s elapsed
Epoch  4,   350/  454; acc:  61.97; ppl:   8.32; 5335 src tok/s; 5524 tgt tok/s;     56 s elapsed
Epoch  4,   400/  454; acc:  62.97; ppl:   7.80; 5393 src tok/s; 5591 tgt tok/s;     64 s elapsed
Epoch  4,   450/  454; acc:  62.81; ppl:   7.79; 5362 src tok/s; 5572 tgt tok/s;     71 s elapsed
Train perplexity: 8.34731
Train accuracy: 61.9219
Validation perplexity: 7.9775
Validation accuracy: 64.1195

Epoch  5,    50/  454; acc:  66.98; ppl:   5.67; 5066 src tok/s; 5279 tgt tok/s;      8 s elapsed
Epoch  5,   100/  454; acc:  64.57; ppl:   6.54; 5248 src tok/s; 5421 tgt tok/s;     16 s elapsed
Epoch  5,   150/  454; acc:  66.04; ppl:   6.14; 5270 src tok/s; 5491 tgt tok/s;     24 s elapsed
Epoch  5,   200/  454; acc:  64.48; ppl:   6.73; 5265 src tok/s; 5431 tgt tok/s;     32 s elapsed
Epoch  5,   250/  454; acc:  64.72; ppl:   6.69; 5313 src tok/s; 5491 tgt tok/s;     40 s elapsed
Epoch  5,   300/  454; acc:  65.87; ppl:   6.07; 5231 src tok/s; 5457 tgt tok/s;     48 s elapsed
Epoch  5,   350/  454; acc:  66.51; ppl:   5.82; 5302 src tok/s; 5544 tgt tok/s;     56 s elapsed
Epoch  5,   400/  454; acc:  64.27; ppl:   6.68; 5333 src tok/s; 5505 tgt tok/s;     64 s elapsed
Epoch  5,   450/  454; acc:  65.42; ppl:   6.18; 5204 src tok/s; 5414 tgt tok/s;     72 s elapsed
Train perplexity: 6.28691
Train accuracy: 65.3815
Validation perplexity: 7.15706
Validation accuracy: 65.276

Epoch  6,    50/  454; acc:  68.64; ppl:   4.87; 5176 src tok/s; 5380 tgt tok/s;      8 s elapsed
Epoch  6,   100/  454; acc:  68.58; ppl:   4.94; 5253 src tok/s; 5455 tgt tok/s;     16 s elapsed
Epoch  6,   150/  454; acc:  68.59; ppl:   4.92; 5109 src tok/s; 5355 tgt tok/s;     24 s elapsed
Epoch  6,   200/  454; acc:  66.60; ppl:   5.54; 5347 src tok/s; 5500 tgt tok/s;     32 s elapsed
Epoch  6,   250/  454; acc:  67.55; ppl:   5.21; 5305 src tok/s; 5479 tgt tok/s;     40 s elapsed
Epoch  6,   300/  454; acc:  67.53; ppl:   5.15; 5215 src tok/s; 5440 tgt tok/s;     48 s elapsed
Epoch  6,   350/  454; acc:  68.14; ppl:   5.03; 5253 src tok/s; 5461 tgt tok/s;     56 s elapsed
Epoch  6,   400/  454; acc:  67.53; ppl:   5.22; 5269 src tok/s; 5467 tgt tok/s;     64 s elapsed
Epoch  6,   450/  454; acc:  68.24; ppl:   5.08; 5242 src tok/s; 5421 tgt tok/s;     72 s elapsed
Train perplexity: 5.10539
Train accuracy: 67.9375
Validation perplexity: 6.85469
Validation accuracy: 66.695

Epoch  7,    50/  454; acc:  69.40; ppl:   4.45; 5272 src tok/s; 5399 tgt tok/s;      8 s elapsed
Epoch  7,   100/  454; acc:  71.94; ppl:   3.81; 5129 src tok/s; 5376 tgt tok/s;     16 s elapsed
Epoch  7,   150/  454; acc:  70.72; ppl:   4.15; 5242 src tok/s; 5453 tgt tok/s;     24 s elapsed
Epoch  7,   200/  454; acc:  70.45; ppl:   4.27; 5234 src tok/s; 5431 tgt tok/s;     32 s elapsed
Epoch  7,   250/  454; acc:  69.65; ppl:   4.34; 5147 src tok/s; 5338 tgt tok/s;     40 s elapsed
Epoch  7,   300/  454; acc:  69.87; ppl:   4.38; 5242 src tok/s; 5448 tgt tok/s;     48 s elapsed
Epoch  7,   350/  454; acc:  69.43; ppl:   4.42; 5363 src tok/s; 5560 tgt tok/s;     56 s elapsed
Epoch  7,   400/  454; acc:  69.52; ppl:   4.44; 5270 src tok/s; 5469 tgt tok/s;     64 s elapsed
Epoch  7,   450/  454; acc:  69.20; ppl:   4.48; 5152 src tok/s; 5363 tgt tok/s;     72 s elapsed
Train perplexity: 4.29869
Train accuracy: 70.0196
Validation perplexity: 6.8048
Validation accuracy: 65.8507

Epoch  8,    50/  454; acc:  73.36; ppl:   3.35; 5128 src tok/s; 5359 tgt tok/s;      8 s elapsed
Epoch  8,   100/  454; acc:  72.03; ppl:   3.68; 5188 src tok/s; 5360 tgt tok/s;     16 s elapsed
Epoch  8,   150/  454; acc:  72.26; ppl:   3.60; 5278 src tok/s; 5476 tgt tok/s;     24 s elapsed
Epoch  8,   200/  454; acc:  71.26; ppl:   3.82; 5210 src tok/s; 5403 tgt tok/s;     32 s elapsed
Epoch  8,   250/  454; acc:  70.86; ppl:   3.85; 5394 src tok/s; 5577 tgt tok/s;     40 s elapsed
Epoch  8,   300/  454; acc:  72.15; ppl:   3.65; 5339 src tok/s; 5555 tgt tok/s;     48 s elapsed
Epoch  8,   350/  454; acc:  70.66; ppl:   4.03; 5236 src tok/s; 5395 tgt tok/s;     56 s elapsed
Epoch  8,   400/  454; acc:  72.54; ppl:   3.53; 5196 src tok/s; 5425 tgt tok/s;     64 s elapsed
Epoch  8,   450/  454; acc:  70.68; ppl:   4.01; 5060 src tok/s; 5254 tgt tok/s;     72 s elapsed
Train perplexity: 3.72321
Train accuracy: 71.7316
Validation perplexity: 6.37287
Validation accuracy: 68.1496
Decaying learning rate to 0.5

Epoch  9,    50/  454; acc:  76.01; ppl:   2.88; 5039 src tok/s; 5246 tgt tok/s;      8 s elapsed
Epoch  9,   100/  454; acc:  77.24; ppl:   2.73; 5325 src tok/s; 5497 tgt tok/s;     16 s elapsed
Epoch  9,   150/  454; acc:  76.71; ppl:   2.78; 5300 src tok/s; 5499 tgt tok/s;     24 s elapsed
Epoch  9,   200/  454; acc:  76.71; ppl:   2.80; 5253 src tok/s; 5447 tgt tok/s;     32 s elapsed
Epoch  9,   250/  454; acc:  76.68; ppl:   2.79; 5227 src tok/s; 5450 tgt tok/s;     40 s elapsed
Epoch  9,   300/  454; acc:  76.60; ppl:   2.81; 5286 src tok/s; 5491 tgt tok/s;     48 s elapsed
Epoch  9,   350/  454; acc:  76.54; ppl:   2.79; 5268 src tok/s; 5484 tgt tok/s;     56 s elapsed
Epoch  9,   400/  454; acc:  76.40; ppl:   2.83; 5221 src tok/s; 5413 tgt tok/s;     64 s elapsed
Epoch  9,   450/  454; acc:  76.22; ppl:   2.85; 5198 src tok/s; 5377 tgt tok/s;     72 s elapsed
Train perplexity: 2.80798
Train accuracy: 76.5609
Validation perplexity: 6.08542
Validation accuracy: 69.1571
Decaying learning rate to 0.25

Epoch 10,    50/  454; acc:  80.05; ppl:   2.36; 5109 src tok/s; 5288 tgt tok/s;      8 s elapsed
Epoch 10,   100/  454; acc:  80.54; ppl:   2.27; 5190 src tok/s; 5395 tgt tok/s;     16 s elapsed
Epoch 10,   150/  454; acc:  81.06; ppl:   2.23; 5372 src tok/s; 5612 tgt tok/s;     24 s elapsed
Epoch 10,   200/  454; acc:  79.67; ppl:   2.40; 5169 src tok/s; 5342 tgt tok/s;     32 s elapsed
Epoch 10,   250/  454; acc:  80.29; ppl:   2.32; 5358 src tok/s; 5566 tgt tok/s;     40 s elapsed
Epoch 10,   300/  454; acc:  79.68; ppl:   2.37; 5246 src tok/s; 5415 tgt tok/s;     48 s elapsed
Epoch 10,   350/  454; acc:  79.76; ppl:   2.35; 5325 src tok/s; 5484 tgt tok/s;     56 s elapsed
Epoch 10,   400/  454; acc:  79.82; ppl:   2.34; 5068 src tok/s; 5319 tgt tok/s;     64 s elapsed
Epoch 10,   450/  454; acc:  79.56; ppl:   2.39; 5225 src tok/s; 5425 tgt tok/s;     72 s elapsed
Train perplexity: 2.33423
Train accuracy: 80.0562
Validation perplexity: 6.16761
Validation accuracy: 68.9868
Decaying learning rate to 0.125

Epoch 11,    50/  454; acc:  82.73; ppl:   2.06; 5184 src tok/s; 5398 tgt tok/s;      8 s elapsed
Epoch 11,   100/  454; acc:  82.20; ppl:   2.13; 5252 src tok/s; 5421 tgt tok/s;     16 s elapsed
Epoch 11,   150/  454; acc:  81.84; ppl:   2.16; 5182 src tok/s; 5386 tgt tok/s;     24 s elapsed
Epoch 11,   200/  454; acc:  82.46; ppl:   2.06; 5299 src tok/s; 5478 tgt tok/s;     32 s elapsed
Epoch 11,   250/  454; acc:  82.00; ppl:   2.14; 5320 src tok/s; 5502 tgt tok/s;     40 s elapsed
Epoch 11,   300/  454; acc:  82.31; ppl:   2.08; 5223 src tok/s; 5450 tgt tok/s;     48 s elapsed
Epoch 11,   350/  454; acc:  82.38; ppl:   2.09; 5205 src tok/s; 5450 tgt tok/s;     56 s elapsed
Epoch 11,   400/  454; acc:  81.27; ppl:   2.21; 5227 src tok/s; 5395 tgt tok/s;     64 s elapsed
Epoch 11,   450/  454; acc:  82.14; ppl:   2.11; 5186 src tok/s; 5389 tgt tok/s;     72 s elapsed
Train perplexity: 2.11713
Train accuracy: 82.1266
Validation perplexity: 6.25937
Validation accuracy: 69.7815
Decaying learning rate to 0.0625

Epoch 12,    50/  454; acc:  83.72; ppl:   1.95; 5139 src tok/s; 5348 tgt tok/s;      8 s elapsed
Epoch 12,   100/  454; acc:  82.79; ppl:   2.07; 5307 src tok/s; 5516 tgt tok/s;     16 s elapsed
Epoch 12,   150/  454; acc:  83.91; ppl:   1.94; 5279 src tok/s; 5506 tgt tok/s;     24 s elapsed
Epoch 12,   200/  454; acc:  82.84; ppl:   2.06; 5317 src tok/s; 5462 tgt tok/s;     32 s elapsed
Epoch 12,   250/  454; acc:  83.28; ppl:   2.02; 5167 src tok/s; 5371 tgt tok/s;     40 s elapsed
Epoch 12,   300/  454; acc:  83.04; ppl:   2.00; 5269 src tok/s; 5453 tgt tok/s;     48 s elapsed
Epoch 12,   350/  454; acc:  82.50; ppl:   2.06; 5244 src tok/s; 5422 tgt tok/s;     56 s elapsed
Epoch 12,   400/  454; acc:  83.48; ppl:   1.97; 5298 src tok/s; 5529 tgt tok/s;     64 s elapsed
Epoch 12,   450/  454; acc:  82.65; ppl:   2.06; 5169 src tok/s; 5369 tgt tok/s;     72 s elapsed
Train perplexity: 2.0124
Train accuracy: 83.1553
Validation perplexity: 6.31524
Validation accuracy: 69.4693
Decaying learning rate to 0.03125

Epoch 13,    50/  454; acc:  83.84; ppl:   1.93; 5246 src tok/s; 5433 tgt tok/s;      8 s elapsed
Epoch 13,   100/  454; acc:  83.95; ppl:   1.92; 5331 src tok/s; 5539 tgt tok/s;     16 s elapsed
Epoch 13,   150/  454; acc:  83.75; ppl:   1.97; 5336 src tok/s; 5522 tgt tok/s;     24 s elapsed
Epoch 13,   200/  454; acc:  83.17; ppl:   2.02; 5198 src tok/s; 5397 tgt tok/s;     32 s elapsed
Epoch 13,   250/  454; acc:  84.14; ppl:   1.91; 5302 src tok/s; 5505 tgt tok/s;     39 s elapsed
Epoch 13,   300/  454; acc:  83.35; ppl:   1.99; 5242 src tok/s; 5430 tgt tok/s;     48 s elapsed
Epoch 13,   350/  454; acc:  84.64; ppl:   1.90; 5187 src tok/s; 5423 tgt tok/s;     55 s elapsed
Epoch 13,   400/  454; acc:  82.47; ppl:   2.10; 5180 src tok/s; 5340 tgt tok/s;     64 s elapsed
Epoch 13,   450/  454; acc:  83.42; ppl:   1.97; 5072 src tok/s; 5283 tgt tok/s;     72 s elapsed
Train perplexity: 1.96635
Train accuracy: 83.654
Validation perplexity: 6.3451
Validation accuracy: 69.5828
Decaying learning rate to 0.015625

Epoch 14,    50/  454; acc:  83.59; ppl:   1.98; 5157 src tok/s; 5331 tgt tok/s;      8 s elapsed
Epoch 14,   100/  454; acc:  84.32; ppl:   1.90; 5302 src tok/s; 5506 tgt tok/s;     16 s elapsed
Epoch 14,   150/  454; acc:  83.75; ppl:   1.94; 5264 src tok/s; 5464 tgt tok/s;     24 s elapsed
Epoch 14,   200/  454; acc:  84.32; ppl:   1.90; 5274 src tok/s; 5490 tgt tok/s;     32 s elapsed
Epoch 14,   250/  454; acc:  84.60; ppl:   1.87; 5268 src tok/s; 5502 tgt tok/s;     40 s elapsed
Epoch 14,   300/  454; acc:  83.31; ppl:   2.00; 5301 src tok/s; 5459 tgt tok/s;     48 s elapsed
Epoch 14,   350/  454; acc:  83.80; ppl:   1.97; 5138 src tok/s; 5352 tgt tok/s;     56 s elapsed
Epoch 14,   400/  454; acc:  83.96; ppl:   1.94; 5245 src tok/s; 5431 tgt tok/s;     64 s elapsed
Epoch 14,   450/  454; acc:  83.74; ppl:   1.96; 5117 src tok/s; 5320 tgt tok/s;     72 s elapsed
Train perplexity: 1.9406
Train accuracy: 83.9239
Validation perplexity: 6.36074
Validation accuracy: 69.6608
Decaying learning rate to 0.0078125

Epoch 15,    50/  454; acc:  84.35; ppl:   1.90; 5144 src tok/s; 5333 tgt tok/s;      8 s elapsed
Epoch 15,   100/  454; acc:  83.54; ppl:   1.99; 5201 src tok/s; 5417 tgt tok/s;     16 s elapsed
Epoch 15,   150/  454; acc:  84.19; ppl:   1.91; 5286 src tok/s; 5436 tgt tok/s;     24 s elapsed
Epoch 15,   200/  454; acc:  83.81; ppl:   1.96; 5187 src tok/s; 5414 tgt tok/s;     32 s elapsed
Epoch 15,   250/  454; acc:  83.76; ppl:   1.95; 5220 src tok/s; 5402 tgt tok/s;     40 s elapsed
Epoch 15,   300/  454; acc:  84.37; ppl:   1.89; 5277 src tok/s; 5523 tgt tok/s;     48 s elapsed
Epoch 15,   350/  454; acc:  83.80; ppl:   1.96; 5177 src tok/s; 5393 tgt tok/s;     56 s elapsed
Epoch 15,   400/  454; acc:  84.26; ppl:   1.92; 5213 src tok/s; 5385 tgt tok/s;     64 s elapsed
Epoch 15,   450/  454; acc:  83.96; ppl:   1.91; 5166 src tok/s; 5340 tgt tok/s;     72 s elapsed
Train perplexity: 1.92931
Train accuracy: 84.0198
Validation perplexity: 6.38299
Validation accuracy: 69.6963
Decaying learning rate to 0.00390625

Epoch 16,    50/  454; acc:  83.39; ppl:   2.01; 5256 src tok/s; 5412 tgt tok/s;      8 s elapsed
Epoch 16,   100/  454; acc:  84.69; ppl:   1.85; 5298 src tok/s; 5511 tgt tok/s;     16 s elapsed
Epoch 16,   150/  454; acc:  84.48; ppl:   1.87; 5221 src tok/s; 5447 tgt tok/s;     24 s elapsed
Epoch 16,   200/  454; acc:  83.78; ppl:   1.98; 5208 src tok/s; 5387 tgt tok/s;     32 s elapsed
Epoch 16,   250/  454; acc:  84.44; ppl:   1.86; 5141 src tok/s; 5364 tgt tok/s;     40 s elapsed
Epoch 16,   300/  454; acc:  83.34; ppl:   2.02; 5331 src tok/s; 5496 tgt tok/s;     48 s elapsed
Epoch 16,   350/  454; acc:  84.64; ppl:   1.87; 5186 src tok/s; 5407 tgt tok/s;     56 s elapsed
Epoch 16,   400/  454; acc:  83.64; ppl:   1.96; 5273 src tok/s; 5453 tgt tok/s;     64 s elapsed
Epoch 16,   450/  454; acc:  84.88; ppl:   1.84; 5281 src tok/s; 5528 tgt tok/s;     72 s elapsed
Train perplexity: 1.92318
Train accuracy: 84.0841
Validation perplexity: 6.39021
Validation accuracy: 69.6538
Decaying learning rate to 0.00195312

Epoch 17,    50/  454; acc:  85.10; ppl:   1.82; 5129 src tok/s; 5366 tgt tok/s;      8 s elapsed
Epoch 17,   100/  454; acc:  83.57; ppl:   1.99; 5321 src tok/s; 5460 tgt tok/s;     16 s elapsed
Epoch 17,   150/  454; acc:  84.45; ppl:   1.89; 5243 src tok/s; 5447 tgt tok/s;     24 s elapsed
Epoch 17,   200/  454; acc:  83.42; ppl:   1.97; 5319 src tok/s; 5507 tgt tok/s;     32 s elapsed
Epoch 17,   250/  454; acc:  83.46; ppl:   1.97; 5287 src tok/s; 5461 tgt tok/s;     40 s elapsed
Epoch 17,   300/  454; acc:  85.32; ppl:   1.84; 5161 src tok/s; 5413 tgt tok/s;     48 s elapsed
Epoch 17,   350/  454; acc:  84.53; ppl:   1.89; 5163 src tok/s; 5355 tgt tok/s;     56 s elapsed
Epoch 17,   400/  454; acc:  83.92; ppl:   1.96; 5149 src tok/s; 5354 tgt tok/s;     64 s elapsed
Epoch 17,   450/  454; acc:  83.99; ppl:   1.95; 5157 src tok/s; 5340 tgt tok/s;     72 s elapsed
Train perplexity: 1.92167
Train accuracy: 84.1792
Validation perplexity: 6.39238
Validation accuracy: 69.675
Decaying learning rate to 0.000976562
