<module 'opts' from '/u/suhubdyd/research/projects/jumble_lstm/code/auxiliary-nmt/opts.pyc'>
Namespace(batch_size=64, brnn=False, brnn_merge='concat', cnn_kernel_width=3, context_gate=None, copy_attn=False, copy_attn_force=False, coverage_attn=False, data='/data/lisatmp3/suhubdyd/multi30k.atok.low', dec_layers=1, decay_method='', decoder_type='rnn', dropout=0.3, enc_layers=2, encoder_type='rnn', epochs=17, exp='', exp_host='', feat_merge='concat', feat_vec_exponent=0.7, feat_vec_size=-1, fix_word_vecs_dec=False, fix_word_vecs_enc=False, global_attention='general', gpuid=[0], input_feed=1, kappa_dec=0.0, kappa_enc=0.3, lambda_coverage=1, layers=-1, learning_rate=1.0, learning_rate_decay=0.5, max_generator_batches=32, max_grad_norm=5, model_type='text', optim='sgd', param_init=0.1, position_encoding=False, pre_word_vecs_dec=None, pre_word_vecs_enc=None, report_every=50, rnn_size=500, rnn_type='LSTM', save_model='/data/lisatmp3/suhubdyd/models/encoder0.30decoder0dropout0.3wdropFalse', seed=-1, share_decoder_embeddings=False, share_embeddings=False, src_word_vec_size=500, start_checkpoint_at=0, start_decay_at=8, start_epoch=1, tgt_word_vec_size=500, train_from='', truncated_decoder=0, warmup_steps=4000, weightdropout=False, word_vec_size=-1)
('Using Kappa L2 loss on encoder', 0.3)
Loading train and validate data from '/data/lisatmp3/suhubdyd/multi30k.atok.low'
 * number of training sentences: 29000
 * maximum batch size: 64
 * vocabulary size. source = 10841; target = 18563
Building model...
Intializing model parameters.
NMTModel (
  (encoder): RNNEncoder (
    (embeddings): Embeddings (
      (make_embedding): Sequential (
        (emb_luts): Elementwise (
          (0): Embedding(10841, 500, padding_idx=1)
        )
      )
    )
    (dropout): Dropout (p = 0.3)
    (rnn): LSTM(500, 500, dropout=0.3)
  )
  (decoder): InputFeedRNNDecoder (
    (embeddings): Embeddings (
      (make_embedding): Sequential (
        (emb_luts): Elementwise (
          (0): Embedding(18563, 500, padding_idx=1)
        )
      )
    )
    (dropout): Dropout (p = 0.3)
    (rnn): StackedLSTM (
      (dropout): Dropout (p = 0.3)
      (layers): ModuleList (
        (0): LSTMCell(1000, 500)
      )
    )
    (attn): GlobalAttention (
      (linear_in): Linear (500 -> 500)
      (linear_out): Linear (1000 -> 500)
      (sm): Softmax ()
      (tanh): Tanh ()
    )
  )
  (generator): Sequential (
    (0): Linear (500 -> 18563)
    (1): LogSoftmax ()
  )
)
* number of parameters: 29760063
('encoder: ', 7424500)
('decoder: ', 22335563)

Epoch  1,    50/  454; acc:   9.26; ppl: 29091.07; 5260 src tok/s; 5438 tgt tok/s;      8 s elapsed
Epoch  1,   100/  454; acc:  14.76; ppl: 1340.17; 5957 src tok/s; 6200 tgt tok/s;     15 s elapsed
Epoch  1,   150/  454; acc:  17.94; ppl: 512.55; 6027 src tok/s; 6231 tgt tok/s;     22 s elapsed
Epoch  1,   200/  454; acc:  21.96; ppl: 248.57; 5855 src tok/s; 6098 tgt tok/s;     29 s elapsed
Epoch  1,   250/  454; acc:  25.50; ppl: 160.80; 5824 src tok/s; 6077 tgt tok/s;     36 s elapsed
Epoch  1,   300/  454; acc:  27.37; ppl: 128.09; 5878 src tok/s; 6074 tgt tok/s;     44 s elapsed
Epoch  1,   350/  454; acc:  29.16; ppl:  96.82; 5579 src tok/s; 5773 tgt tok/s;     51 s elapsed
Epoch  1,   400/  454; acc:  32.32; ppl:  77.40; 5385 src tok/s; 5610 tgt tok/s;     59 s elapsed
Epoch  1,   450/  454; acc:  34.09; ppl:  65.91; 5616 src tok/s; 5809 tgt tok/s;     66 s elapsed
Train perplexity: 332.261
Train accuracy: 23.6679
Validation perplexity: 49.1064
Validation accuracy: 38.5767

Epoch  2,    50/  454; acc:  36.31; ppl:  53.24; 5738 src tok/s; 5917 tgt tok/s;      8 s elapsed
Epoch  2,   100/  454; acc:  40.39; ppl:  41.03; 5614 src tok/s; 5834 tgt tok/s;     15 s elapsed
Epoch  2,   150/  454; acc:  41.52; ppl:  37.26; 5569 src tok/s; 5772 tgt tok/s;     22 s elapsed
Epoch  2,   200/  454; acc:  44.05; ppl:  30.72; 5638 src tok/s; 5866 tgt tok/s;     30 s elapsed
Epoch  2,   250/  454; acc:  46.95; ppl:  25.80; 5402 src tok/s; 5660 tgt tok/s;     37 s elapsed
Epoch  2,   300/  454; acc:  47.38; ppl:  25.01; 5681 src tok/s; 5873 tgt tok/s;     45 s elapsed
Epoch  2,   350/  454; acc:  49.32; ppl:  21.74; 5586 src tok/s; 5767 tgt tok/s;     53 s elapsed
Epoch  2,   400/  454; acc:  51.17; ppl:  19.01; 5758 src tok/s; 5988 tgt tok/s;     60 s elapsed
Epoch  2,   450/  454; acc:  52.53; ppl:  17.42; 5477 src tok/s; 5694 tgt tok/s;     67 s elapsed
Train perplexity: 28.2117
Train accuracy: 45.5544
Validation perplexity: 14.937
Validation accuracy: 55.513

Epoch  3,    50/  454; acc:  54.21; ppl:  14.87; 5693 src tok/s; 5898 tgt tok/s;      7 s elapsed
Epoch  3,   100/  454; acc:  54.89; ppl:  14.13; 5651 src tok/s; 5886 tgt tok/s;     15 s elapsed
Epoch  3,   150/  454; acc:  55.84; ppl:  13.36; 5678 src tok/s; 5908 tgt tok/s;     22 s elapsed
Epoch  3,   200/  454; acc:  56.09; ppl:  12.97; 5525 src tok/s; 5733 tgt tok/s;     30 s elapsed
Epoch  3,   250/  454; acc:  56.75; ppl:  12.64; 5774 src tok/s; 5964 tgt tok/s;     37 s elapsed
Epoch  3,   300/  454; acc:  58.11; ppl:  11.56; 5601 src tok/s; 5830 tgt tok/s;     44 s elapsed
Epoch  3,   350/  454; acc:  58.29; ppl:  11.45; 5682 src tok/s; 5884 tgt tok/s;     52 s elapsed
Epoch  3,   400/  454; acc:  58.12; ppl:  11.41; 5825 src tok/s; 6053 tgt tok/s;     59 s elapsed
Epoch  3,   450/  454; acc:  58.97; ppl:  10.57; 5627 src tok/s; 5847 tgt tok/s;     66 s elapsed
Train perplexity: 12.4766
Train accuracy: 56.8097
Validation perplexity: 10.1524
Validation accuracy: 59.9972

Epoch  4,    50/  454; acc:  59.87; ppl:   9.43; 5861 src tok/s; 6066 tgt tok/s;      8 s elapsed
Epoch  4,   100/  454; acc:  62.69; ppl:   7.94; 5702 src tok/s; 5965 tgt tok/s;     14 s elapsed
Epoch  4,   150/  454; acc:  61.54; ppl:   8.43; 5555 src tok/s; 5789 tgt tok/s;     22 s elapsed
Epoch  4,   200/  454; acc:  61.98; ppl:   8.19; 5549 src tok/s; 5768 tgt tok/s;     30 s elapsed
Epoch  4,   250/  454; acc:  62.24; ppl:   8.10; 5570 src tok/s; 5817 tgt tok/s;     37 s elapsed
Epoch  4,   300/  454; acc:  62.00; ppl:   8.23; 5770 src tok/s; 5965 tgt tok/s;     44 s elapsed
Epoch  4,   350/  454; acc:  62.76; ppl:   7.89; 5690 src tok/s; 5896 tgt tok/s;     52 s elapsed
Epoch  4,   400/  454; acc:  61.91; ppl:   8.32; 5688 src tok/s; 5864 tgt tok/s;     59 s elapsed
Epoch  4,   450/  454; acc:  62.56; ppl:   7.96; 5689 src tok/s; 5892 tgt tok/s;     66 s elapsed
Train perplexity: 8.27764
Train accuracy: 61.927
Validation perplexity: 8.24881
Validation accuracy: 63.9066

Epoch  5,    50/  454; acc:  67.56; ppl:   5.63; 5864 src tok/s; 6129 tgt tok/s;      7 s elapsed
Epoch  5,   100/  454; acc:  63.81; ppl:   6.81; 5709 src tok/s; 5865 tgt tok/s;     14 s elapsed
Epoch  5,   150/  454; acc:  65.19; ppl:   6.38; 5644 src tok/s; 5854 tgt tok/s;     22 s elapsed
Epoch  5,   200/  454; acc:  66.02; ppl:   6.05; 5792 src tok/s; 6006 tgt tok/s;     29 s elapsed
Epoch  5,   250/  454; acc:  64.09; ppl:   6.79; 5755 src tok/s; 5943 tgt tok/s;     37 s elapsed
Epoch  5,   300/  454; acc:  66.17; ppl:   6.00; 5622 src tok/s; 5878 tgt tok/s;     44 s elapsed
Epoch  5,   350/  454; acc:  64.75; ppl:   6.62; 5624 src tok/s; 5823 tgt tok/s;     52 s elapsed
Epoch  5,   400/  454; acc:  66.27; ppl:   5.91; 5643 src tok/s; 5905 tgt tok/s;     59 s elapsed
Epoch  5,   450/  454; acc:  65.32; ppl:   6.26; 5632 src tok/s; 5836 tgt tok/s;     66 s elapsed
Train perplexity: 6.27352
Train accuracy: 65.4177
Validation perplexity: 7.4157
Validation accuracy: 65.0773

Epoch  6,    50/  454; acc:  68.35; ppl:   5.01; 5940 src tok/s; 6138 tgt tok/s;      7 s elapsed
Epoch  6,   100/  454; acc:  68.84; ppl:   4.84; 5739 src tok/s; 5981 tgt tok/s;     14 s elapsed
Epoch  6,   150/  454; acc:  68.94; ppl:   4.72; 5621 src tok/s; 5868 tgt tok/s;     22 s elapsed
Epoch  6,   200/  454; acc:  67.53; ppl:   5.20; 5634 src tok/s; 5817 tgt tok/s;     29 s elapsed
Epoch  6,   250/  454; acc:  68.51; ppl:   4.79; 5669 src tok/s; 5940 tgt tok/s;     36 s elapsed
Epoch  6,   300/  454; acc:  66.61; ppl:   5.50; 5784 src tok/s; 5954 tgt tok/s;     44 s elapsed
Epoch  6,   350/  454; acc:  67.28; ppl:   5.37; 5732 src tok/s; 5943 tgt tok/s;     51 s elapsed
Epoch  6,   400/  454; acc:  68.37; ppl:   4.96; 5790 src tok/s; 5991 tgt tok/s;     58 s elapsed
Epoch  6,   450/  454; acc:  67.28; ppl:   5.32; 5601 src tok/s; 5836 tgt tok/s;     66 s elapsed
Train perplexity: 5.08356
Train accuracy: 67.9335
Validation perplexity: 6.88654
Validation accuracy: 65.8294

Epoch  7,    50/  454; acc:  72.16; ppl:   3.80; 5675 src tok/s; 5914 tgt tok/s;      7 s elapsed
Epoch  7,   100/  454; acc:  69.78; ppl:   4.34; 5734 src tok/s; 5940 tgt tok/s;     15 s elapsed
Epoch  7,   150/  454; acc:  69.52; ppl:   4.36; 5623 src tok/s; 5800 tgt tok/s;     23 s elapsed
Epoch  7,   200/  454; acc:  70.51; ppl:   4.18; 5790 src tok/s; 6012 tgt tok/s;     29 s elapsed
Epoch  7,   250/  454; acc:  69.86; ppl:   4.27; 5766 src tok/s; 5972 tgt tok/s;     37 s elapsed
Epoch  7,   300/  454; acc:  69.43; ppl:   4.46; 5765 src tok/s; 6018 tgt tok/s;     44 s elapsed
Epoch  7,   350/  454; acc:  69.38; ppl:   4.49; 5644 src tok/s; 5847 tgt tok/s;     52 s elapsed
Epoch  7,   400/  454; acc:  69.84; ppl:   4.28; 5719 src tok/s; 5958 tgt tok/s;     59 s elapsed
Epoch  7,   450/  454; acc:  69.85; ppl:   4.30; 5719 src tok/s; 5925 tgt tok/s;     66 s elapsed
Train perplexity: 4.27283
Train accuracy: 70.0244
Validation perplexity: 6.6134
Validation accuracy: 66.688

Epoch  8,    50/  454; acc:  72.35; ppl:   3.52; 5737 src tok/s; 5948 tgt tok/s;      7 s elapsed
Epoch  8,   100/  454; acc:  72.57; ppl:   3.48; 5769 src tok/s; 5997 tgt tok/s;     15 s elapsed
Epoch  8,   150/  454; acc:  72.19; ppl:   3.67; 5714 src tok/s; 5884 tgt tok/s;     22 s elapsed
Epoch  8,   200/  454; acc:  72.22; ppl:   3.58; 5707 src tok/s; 5948 tgt tok/s;     29 s elapsed
Epoch  8,   250/  454; acc:  71.70; ppl:   3.71; 5742 src tok/s; 5971 tgt tok/s;     37 s elapsed
Epoch  8,   300/  454; acc:  71.57; ppl:   3.85; 5632 src tok/s; 5821 tgt tok/s;     44 s elapsed
Epoch  8,   350/  454; acc:  71.77; ppl:   3.77; 5735 src tok/s; 5964 tgt tok/s;     51 s elapsed
Epoch  8,   400/  454; acc:  70.91; ppl:   3.95; 5709 src tok/s; 5919 tgt tok/s;     59 s elapsed
Epoch  8,   450/  454; acc:  70.87; ppl:   3.86; 5619 src tok/s; 5873 tgt tok/s;     66 s elapsed
Train perplexity: 3.70898
Train accuracy: 71.7876
Validation perplexity: 6.56434
Validation accuracy: 67.0924
Decaying learning rate to 0.5

Epoch  9,    50/  454; acc:  76.79; ppl:   2.75; 5660 src tok/s; 5911 tgt tok/s;      7 s elapsed
Epoch  9,   100/  454; acc:  76.11; ppl:   2.85; 5803 src tok/s; 6003 tgt tok/s;     15 s elapsed
Epoch  9,   150/  454; acc:  76.63; ppl:   2.76; 5768 src tok/s; 5964 tgt tok/s;     22 s elapsed
Epoch  9,   200/  454; acc:  76.12; ppl:   2.90; 5713 src tok/s; 5942 tgt tok/s;     29 s elapsed
Epoch  9,   250/  454; acc:  75.78; ppl:   2.94; 5784 src tok/s; 5963 tgt tok/s;     37 s elapsed
Epoch  9,   300/  454; acc:  77.75; ppl:   2.63; 5804 src tok/s; 6041 tgt tok/s;     44 s elapsed
Epoch  9,   350/  454; acc:  76.87; ppl:   2.74; 5700 src tok/s; 5915 tgt tok/s;     51 s elapsed
Epoch  9,   400/  454; acc:  76.44; ppl:   2.83; 5701 src tok/s; 5915 tgt tok/s;     58 s elapsed
Epoch  9,   450/  454; acc:  76.21; ppl:   2.84; 5612 src tok/s; 5846 tgt tok/s;     66 s elapsed
Train perplexity: 2.80104
Train accuracy: 76.5322
Validation perplexity: 6.10259
Validation accuracy: 68.8449
Decaying learning rate to 0.25

Epoch 10,    50/  454; acc:  79.30; ppl:   2.46; 5860 src tok/s; 6043 tgt tok/s;      8 s elapsed
Epoch 10,   100/  454; acc:  80.99; ppl:   2.19; 5674 src tok/s; 5947 tgt tok/s;     15 s elapsed
Epoch 10,   150/  454; acc:  79.90; ppl:   2.38; 5804 src tok/s; 5993 tgt tok/s;     22 s elapsed
Epoch 10,   200/  454; acc:  80.92; ppl:   2.24; 5866 src tok/s; 6089 tgt tok/s;     29 s elapsed
Epoch 10,   250/  454; acc:  81.24; ppl:   2.18; 5710 src tok/s; 5953 tgt tok/s;     36 s elapsed
Epoch 10,   300/  454; acc:  78.72; ppl:   2.49; 5675 src tok/s; 5858 tgt tok/s;     44 s elapsed
Epoch 10,   350/  454; acc:  79.71; ppl:   2.39; 5737 src tok/s; 5954 tgt tok/s;     51 s elapsed
Epoch 10,   400/  454; acc:  81.04; ppl:   2.22; 5831 src tok/s; 6065 tgt tok/s;     58 s elapsed
Epoch 10,   450/  454; acc:  79.97; ppl:   2.33; 5608 src tok/s; 5826 tgt tok/s;     66 s elapsed
Train perplexity: 2.32099
Train accuracy: 80.1783
Validation perplexity: 6.15794
Validation accuracy: 69.3061
Decaying learning rate to 0.125

Epoch 11,    50/  454; acc:  81.76; ppl:   2.18; 5858 src tok/s; 6077 tgt tok/s;      7 s elapsed
Epoch 11,   100/  454; acc:  82.95; ppl:   2.02; 5726 src tok/s; 5945 tgt tok/s;     14 s elapsed
Epoch 11,   150/  454; acc:  81.57; ppl:   2.18; 5717 src tok/s; 5924 tgt tok/s;     22 s elapsed
Epoch 11,   200/  454; acc:  82.79; ppl:   2.03; 5726 src tok/s; 5980 tgt tok/s;     29 s elapsed
Epoch 11,   250/  454; acc:  81.38; ppl:   2.22; 5810 src tok/s; 5999 tgt tok/s;     37 s elapsed
Epoch 11,   300/  454; acc:  83.25; ppl:   1.97; 5687 src tok/s; 5935 tgt tok/s;     44 s elapsed
Epoch 11,   350/  454; acc:  81.90; ppl:   2.13; 5802 src tok/s; 5989 tgt tok/s;     51 s elapsed
Epoch 11,   400/  454; acc:  82.18; ppl:   2.11; 5773 src tok/s; 6011 tgt tok/s;     58 s elapsed
Epoch 11,   450/  454; acc:  81.90; ppl:   2.13; 5752 src tok/s; 5965 tgt tok/s;     65 s elapsed
Train perplexity: 2.10585
Train accuracy: 82.172
Validation perplexity: 6.30507
Validation accuracy: 69.7176
Decaying learning rate to 0.0625

Epoch 12,    50/  454; acc:  82.96; ppl:   2.02; 5777 src tok/s; 6009 tgt tok/s;      7 s elapsed
Epoch 12,   100/  454; acc:  84.18; ppl:   1.90; 5870 src tok/s; 6077 tgt tok/s;     14 s elapsed
Epoch 12,   150/  454; acc:  83.32; ppl:   2.00; 5672 src tok/s; 5928 tgt tok/s;     22 s elapsed
Epoch 12,   200/  454; acc:  83.48; ppl:   1.97; 5739 src tok/s; 5956 tgt tok/s;     29 s elapsed
Epoch 12,   250/  454; acc:  81.90; ppl:   2.14; 5766 src tok/s; 5940 tgt tok/s;     37 s elapsed
Epoch 12,   300/  454; acc:  83.89; ppl:   1.93; 5809 src tok/s; 6074 tgt tok/s;     44 s elapsed
Epoch 12,   350/  454; acc:  83.18; ppl:   2.01; 5766 src tok/s; 5971 tgt tok/s;     51 s elapsed
Epoch 12,   400/  454; acc:  82.80; ppl:   2.06; 5789 src tok/s; 6000 tgt tok/s;     58 s elapsed
Epoch 12,   450/  454; acc:  83.35; ppl:   2.00; 5763 src tok/s; 5990 tgt tok/s;     65 s elapsed
Train perplexity: 2.00601
Train accuracy: 83.1812
Validation perplexity: 6.40313
Validation accuracy: 69.3061
Decaying learning rate to 0.03125

Epoch 13,    50/  454; acc:  83.53; ppl:   1.95; 5835 src tok/s; 6043 tgt tok/s;      7 s elapsed
Epoch 13,   100/  454; acc:  83.85; ppl:   1.97; 5775 src tok/s; 6009 tgt tok/s;     14 s elapsed
Epoch 13,   150/  454; acc:  83.76; ppl:   1.95; 5604 src tok/s; 5801 tgt tok/s;     22 s elapsed
Epoch 13,   200/  454; acc:  83.86; ppl:   1.96; 5779 src tok/s; 5986 tgt tok/s;     29 s elapsed
Epoch 13,   250/  454; acc:  83.85; ppl:   1.96; 5728 src tok/s; 5957 tgt tok/s;     37 s elapsed
Epoch 13,   300/  454; acc:  83.54; ppl:   1.98; 5886 src tok/s; 6081 tgt tok/s;     44 s elapsed
Epoch 13,   350/  454; acc:  83.52; ppl:   1.97; 5828 src tok/s; 6041 tgt tok/s;     51 s elapsed
Epoch 13,   400/  454; acc:  83.70; ppl:   1.93; 5711 src tok/s; 5947 tgt tok/s;     58 s elapsed
Epoch 13,   450/  454; acc:  83.53; ppl:   1.98; 5567 src tok/s; 5802 tgt tok/s;     66 s elapsed
Train perplexity: 1.9606
Train accuracy: 83.6923
Validation perplexity: 6.46041
Validation accuracy: 69.2209
Decaying learning rate to 0.015625

Epoch 14,    50/  454; acc:  84.29; ppl:   1.91; 5942 src tok/s; 6170 tgt tok/s;      7 s elapsed
Epoch 14,   100/  454; acc:  83.93; ppl:   1.94; 5872 src tok/s; 6079 tgt tok/s;     14 s elapsed
Epoch 14,   150/  454; acc:  84.27; ppl:   1.90; 5731 src tok/s; 5966 tgt tok/s;     21 s elapsed
Epoch 14,   200/  454; acc:  83.73; ppl:   1.97; 5726 src tok/s; 5928 tgt tok/s;     29 s elapsed
Epoch 14,   250/  454; acc:  83.83; ppl:   1.96; 5710 src tok/s; 5910 tgt tok/s;     36 s elapsed
Epoch 14,   300/  454; acc:  83.88; ppl:   1.95; 5780 src tok/s; 5982 tgt tok/s;     44 s elapsed
Epoch 14,   350/  454; acc:  85.40; ppl:   1.82; 5682 src tok/s; 5966 tgt tok/s;     50 s elapsed
Epoch 14,   400/  454; acc:  83.13; ppl:   2.02; 5683 src tok/s; 5862 tgt tok/s;     58 s elapsed
Epoch 14,   450/  454; acc:  84.04; ppl:   1.92; 5474 src tok/s; 5704 tgt tok/s;     66 s elapsed
Train perplexity: 1.93353
Train accuracy: 84.0379
Validation perplexity: 6.48962
Validation accuracy: 69.2919
Decaying learning rate to 0.0078125

Epoch 15,    50/  454; acc:  84.37; ppl:   1.91; 5831 src tok/s; 6011 tgt tok/s;      7 s elapsed
Epoch 15,   100/  454; acc:  83.81; ppl:   1.96; 5637 src tok/s; 5905 tgt tok/s;     15 s elapsed
Epoch 15,   150/  454; acc:  83.91; ppl:   1.95; 5778 src tok/s; 5989 tgt tok/s;     22 s elapsed
Epoch 15,   200/  454; acc:  85.04; ppl:   1.84; 5741 src tok/s; 5965 tgt tok/s;     29 s elapsed
Epoch 15,   250/  454; acc:  83.94; ppl:   1.96; 5773 src tok/s; 5955 tgt tok/s;     37 s elapsed
Epoch 15,   300/  454; acc:  84.47; ppl:   1.90; 5596 src tok/s; 5832 tgt tok/s;     44 s elapsed
Epoch 15,   350/  454; acc:  84.32; ppl:   1.90; 5769 src tok/s; 6016 tgt tok/s;     51 s elapsed
Epoch 15,   400/  454; acc:  83.68; ppl:   1.96; 5647 src tok/s; 5853 tgt tok/s;     59 s elapsed
Epoch 15,   450/  454; acc:  84.04; ppl:   1.90; 5645 src tok/s; 5848 tgt tok/s;     66 s elapsed
Train perplexity: 1.92376
Train accuracy: 84.1418
Validation perplexity: 6.50213
Validation accuracy: 69.3132
Decaying learning rate to 0.00390625

Epoch 16,    50/  454; acc:  84.15; ppl:   1.94; 5710 src tok/s; 5943 tgt tok/s;      7 s elapsed
Epoch 16,   100/  454; acc:  84.57; ppl:   1.87; 5796 src tok/s; 6019 tgt tok/s;     15 s elapsed
Epoch 16,   150/  454; acc:  84.32; ppl:   1.92; 5708 src tok/s; 5909 tgt tok/s;     22 s elapsed
Epoch 16,   200/  454; acc:  83.77; ppl:   1.95; 5697 src tok/s; 5880 tgt tok/s;     29 s elapsed
Epoch 16,   250/  454; acc:  83.71; ppl:   1.97; 5720 src tok/s; 5915 tgt tok/s;     37 s elapsed
Epoch 16,   300/  454; acc:  85.35; ppl:   1.80; 5726 src tok/s; 5971 tgt tok/s;     44 s elapsed
Epoch 16,   350/  454; acc:  83.55; ppl:   1.98; 5813 src tok/s; 6051 tgt tok/s;     51 s elapsed
Epoch 16,   400/  454; acc:  84.61; ppl:   1.87; 5835 src tok/s; 6055 tgt tok/s;     58 s elapsed
Epoch 16,   450/  454; acc:  84.32; ppl:   1.92; 5687 src tok/s; 5911 tgt tok/s;     66 s elapsed
Train perplexity: 1.91623
Train accuracy: 84.2397
Validation perplexity: 6.5038
Validation accuracy: 69.3345
Decaying learning rate to 0.00195312

Epoch 17,    50/  454; acc:  83.97; ppl:   1.95; 5806 src tok/s; 6006 tgt tok/s;      7 s elapsed
Epoch 17,   100/  454; acc:  84.86; ppl:   1.86; 5671 src tok/s; 5905 tgt tok/s;     15 s elapsed
Epoch 17,   150/  454; acc:  85.08; ppl:   1.84; 5763 src tok/s; 5988 tgt tok/s;     22 s elapsed
Epoch 17,   200/  454; acc:  83.74; ppl:   1.97; 5736 src tok/s; 5950 tgt tok/s;     29 s elapsed
Epoch 17,   250/  454; acc:  83.96; ppl:   1.95; 5792 src tok/s; 6018 tgt tok/s;     37 s elapsed
Epoch 17,   300/  454; acc:  84.42; ppl:   1.88; 5660 src tok/s; 5891 tgt tok/s;     44 s elapsed
Epoch 17,   350/  454; acc:  83.76; ppl:   1.98; 5811 src tok/s; 5985 tgt tok/s;     51 s elapsed
Epoch 17,   400/  454; acc:  84.75; ppl:   1.87; 5785 src tok/s; 6017 tgt tok/s;     58 s elapsed
Epoch 17,   450/  454; acc:  83.81; ppl:   1.94; 5709 src tok/s; 5927 tgt tok/s;     66 s elapsed
Train perplexity: 1.91387
Train accuracy: 84.2785
Validation perplexity: 6.50668
Validation accuracy: 69.3487
Decaying learning rate to 0.000976562
