<module 'opts' from '/u/suhubdyd/research/projects/jumble_lstm/code/auxiliary-nmt/opts.pyc'>
Namespace(batch_size=64, brnn=False, brnn_merge='concat', cnn_kernel_width=3, context_gate=None, copy_attn=False, copy_attn_force=False, coverage_attn=False, data='/data/lisatmp3/suhubdyd/multi30k.atok.low', dec_layers=1, decay_method='', decoder_type='rnn', dropout=0.3, enc_layers=2, encoder_type='rnn', epochs=17, exp='', exp_host='', feat_merge='concat', feat_vec_exponent=0.7, feat_vec_size=-1, fix_word_vecs_dec=False, fix_word_vecs_enc=False, global_attention='general', gpuid=[0], input_feed=1, kappa_dec=0.3, kappa_enc=0.2, lambda_coverage=1, layers=-1, learning_rate=1.0, learning_rate_decay=0.5, max_generator_batches=32, max_grad_norm=5, model_type='text', optim='sgd', param_init=0.1, position_encoding=False, pre_word_vecs_dec=None, pre_word_vecs_enc=None, report_every=50, rnn_size=500, rnn_type='LSTM', save_model='/data/lisatmp3/suhubdyd/models/seeds/encoder0.2decoder0.3dropout0.3wdropFalseseed1', seed=1, share_decoder_embeddings=False, share_embeddings=False, src_word_vec_size=500, start_checkpoint_at=0, start_decay_at=8, start_epoch=1, tgt_word_vec_size=500, train_from='', truncated_decoder=0, warmup_steps=4000, weightdropout=False, word_vec_size=-1)
('Using Kappa L2 loss on encoder', 0.2)
('Using Kappa L2 loss on decoder', 0.3)
Loading train and validate data from '/data/lisatmp3/suhubdyd/multi30k.atok.low'
 * number of training sentences: 29000
 * maximum batch size: 64
 * vocabulary size. source = 10841; target = 18563
Building model...
Intializing model parameters.
NMTModel (
  (encoder): RNNEncoder (
    (embeddings): Embeddings (
      (make_embedding): Sequential (
        (emb_luts): Elementwise (
          (0): Embedding(10841, 500, padding_idx=1)
        )
      )
    )
    (dropout): Dropout (p = 0.3)
    (rnn): LSTM(500, 500, dropout=0.3)
  )
  (decoder): InputFeedRNNDecoder (
    (embeddings): Embeddings (
      (make_embedding): Sequential (
        (emb_luts): Elementwise (
          (0): Embedding(18563, 500, padding_idx=1)
        )
      )
    )
    (dropout): Dropout (p = 0.3)
    (rnn): StackedLSTM (
      (dropout): Dropout (p = 0.3)
      (layers): ModuleList (
        (0): LSTMCell(1000, 500)
      )
    )
    (attn): GlobalAttention (
      (linear_in): Linear (500 -> 500)
      (linear_out): Linear (1000 -> 500)
      (sm): Softmax ()
      (tanh): Tanh ()
    )
  )
  (generator): Sequential (
    (0): Linear (500 -> 18563)
    (1): LogSoftmax ()
  )
)
* number of parameters: 29760063
('encoder: ', 7424500)
('decoder: ', 22335563)

Epoch  1,    50/  454; acc:   9.88; ppl: 9496.06; 5162 src tok/s; 5350 tgt tok/s;      8 s elapsed
Epoch  1,   100/  454; acc:  15.12; ppl: 1359.37; 4807 src tok/s; 4989 tgt tok/s;     17 s elapsed
Epoch  1,   150/  454; acc:  17.72; ppl: 498.65; 5374 src tok/s; 5565 tgt tok/s;     25 s elapsed
Epoch  1,   200/  454; acc:  21.18; ppl: 260.74; 5482 src tok/s; 5721 tgt tok/s;     33 s elapsed
Epoch  1,   250/  454; acc:  24.81; ppl: 170.56; 5652 src tok/s; 5867 tgt tok/s;     40 s elapsed
Epoch  1,   300/  454; acc:  27.97; ppl: 116.09; 5729 src tok/s; 5939 tgt tok/s;     47 s elapsed
Epoch  1,   350/  454; acc:  30.58; ppl:  88.58; 5243 src tok/s; 5445 tgt tok/s;     55 s elapsed
Epoch  1,   400/  454; acc:  30.99; ppl:  85.69; 5596 src tok/s; 5768 tgt tok/s;     63 s elapsed
Epoch  1,   450/  454; acc:  33.56; ppl:  65.34; 5490 src tok/s; 5741 tgt tok/s;     70 s elapsed
Train perplexity: 289.356
Train accuracy: 23.6368
Validation perplexity: 51.8406
Validation accuracy: 36.8668

Epoch  2,    50/  454; acc:  35.00; ppl:  56.44; 5518 src tok/s; 5724 tgt tok/s;      8 s elapsed
Epoch  2,   100/  454; acc:  37.57; ppl:  47.03; 5666 src tok/s; 5878 tgt tok/s;     15 s elapsed
Epoch  2,   150/  454; acc:  39.81; ppl:  41.12; 5674 src tok/s; 5872 tgt tok/s;     23 s elapsed
Epoch  2,   200/  454; acc:  42.30; ppl:  33.92; 5640 src tok/s; 5877 tgt tok/s;     30 s elapsed
Epoch  2,   250/  454; acc:  45.14; ppl:  28.07; 5582 src tok/s; 5807 tgt tok/s;     38 s elapsed
Epoch  2,   300/  454; acc:  47.59; ppl:  23.70; 5610 src tok/s; 5825 tgt tok/s;     45 s elapsed
Epoch  2,   350/  454; acc:  48.66; ppl:  22.57; 5538 src tok/s; 5736 tgt tok/s;     52 s elapsed
Epoch  2,   400/  454; acc:  50.64; ppl:  19.69; 5648 src tok/s; 5836 tgt tok/s;     60 s elapsed
Epoch  2,   450/  454; acc:  51.80; ppl:  18.51; 5420 src tok/s; 5648 tgt tok/s;     67 s elapsed
Train perplexity: 30.0844
Train accuracy: 44.2863
Validation perplexity: 16.997
Validation accuracy: 51.9867

Epoch  3,    50/  454; acc:  55.04; ppl:  14.18; 5586 src tok/s; 5823 tgt tok/s;      7 s elapsed
Epoch  3,   100/  454; acc:  54.40; ppl:  14.81; 5558 src tok/s; 5756 tgt tok/s;     15 s elapsed
Epoch  3,   150/  454; acc:  54.85; ppl:  14.15; 5491 src tok/s; 5665 tgt tok/s;     23 s elapsed
Epoch  3,   200/  454; acc:  56.49; ppl:  13.05; 5605 src tok/s; 5844 tgt tok/s;     30 s elapsed
Epoch  3,   250/  454; acc:  56.80; ppl:  12.52; 5643 src tok/s; 5841 tgt tok/s;     38 s elapsed
Epoch  3,   300/  454; acc:  57.36; ppl:  12.00; 5485 src tok/s; 5724 tgt tok/s;     45 s elapsed
Epoch  3,   350/  454; acc:  58.24; ppl:  11.21; 5651 src tok/s; 5872 tgt tok/s;     53 s elapsed
Epoch  3,   400/  454; acc:  58.20; ppl:  11.44; 5460 src tok/s; 5657 tgt tok/s;     60 s elapsed
Epoch  3,   450/  454; acc:  59.05; ppl:  10.66; 5626 src tok/s; 5830 tgt tok/s;     68 s elapsed
Train perplexity: 12.6143
Train accuracy: 56.7022
Validation perplexity: 10.3942
Validation accuracy: 59.7985

Epoch  4,    50/  454; acc:  62.20; ppl:   8.51; 5607 src tok/s; 5799 tgt tok/s;      7 s elapsed
Epoch  4,   100/  454; acc:  61.16; ppl:   8.72; 5555 src tok/s; 5757 tgt tok/s;     15 s elapsed
Epoch  4,   150/  454; acc:  61.65; ppl:   8.51; 5547 src tok/s; 5749 tgt tok/s;     23 s elapsed
Epoch  4,   200/  454; acc:  61.64; ppl:   8.32; 5521 src tok/s; 5762 tgt tok/s;     30 s elapsed
Epoch  4,   250/  454; acc:  62.28; ppl:   8.16; 5525 src tok/s; 5727 tgt tok/s;     38 s elapsed
Epoch  4,   300/  454; acc:  61.55; ppl:   8.47; 5648 src tok/s; 5835 tgt tok/s;     45 s elapsed
Epoch  4,   350/  454; acc:  62.78; ppl:   7.99; 5619 src tok/s; 5857 tgt tok/s;     52 s elapsed
Epoch  4,   400/  454; acc:  62.14; ppl:   8.10; 5798 src tok/s; 6000 tgt tok/s;     60 s elapsed
Epoch  4,   450/  454; acc:  62.02; ppl:   8.16; 5484 src tok/s; 5720 tgt tok/s;     67 s elapsed
Train perplexity: 8.31385
Train accuracy: 61.9551
Validation perplexity: 8.26469
Validation accuracy: 63.5164

Epoch  5,    50/  454; acc:  65.99; ppl:   6.14; 5533 src tok/s; 5711 tgt tok/s;      8 s elapsed
Epoch  5,   100/  454; acc:  65.97; ppl:   6.17; 5581 src tok/s; 5787 tgt tok/s;     15 s elapsed
Epoch  5,   150/  454; acc:  64.96; ppl:   6.51; 5634 src tok/s; 5815 tgt tok/s;     23 s elapsed
Epoch  5,   200/  454; acc:  65.91; ppl:   6.19; 5613 src tok/s; 5842 tgt tok/s;     30 s elapsed
Epoch  5,   250/  454; acc:  65.52; ppl:   6.26; 5536 src tok/s; 5764 tgt tok/s;     38 s elapsed
Epoch  5,   300/  454; acc:  65.66; ppl:   6.22; 5532 src tok/s; 5764 tgt tok/s;     45 s elapsed
Epoch  5,   350/  454; acc:  64.44; ppl:   6.61; 5533 src tok/s; 5723 tgt tok/s;     53 s elapsed
Epoch  5,   400/  454; acc:  65.59; ppl:   6.12; 5550 src tok/s; 5770 tgt tok/s;     60 s elapsed
Epoch  5,   450/  454; acc:  64.85; ppl:   6.52; 5397 src tok/s; 5618 tgt tok/s;     68 s elapsed
Train perplexity: 6.29867
Train accuracy: 65.4361
Validation perplexity: 7.39755
Validation accuracy: 64.5097

Epoch  6,    50/  454; acc:  69.04; ppl:   4.82; 5563 src tok/s; 5754 tgt tok/s;      8 s elapsed
Epoch  6,   100/  454; acc:  68.09; ppl:   4.97; 5693 src tok/s; 5933 tgt tok/s;     15 s elapsed
Epoch  6,   150/  454; acc:  67.44; ppl:   5.22; 5439 src tok/s; 5660 tgt tok/s;     23 s elapsed
Epoch  6,   200/  454; acc:  68.14; ppl:   5.05; 5620 src tok/s; 5841 tgt tok/s;     30 s elapsed
Epoch  6,   250/  454; acc:  67.41; ppl:   5.26; 5611 src tok/s; 5773 tgt tok/s;     38 s elapsed
Epoch  6,   300/  454; acc:  68.41; ppl:   4.96; 5630 src tok/s; 5844 tgt tok/s;     45 s elapsed
Epoch  6,   350/  454; acc:  67.74; ppl:   5.20; 5659 src tok/s; 5869 tgt tok/s;     53 s elapsed
Epoch  6,   400/  454; acc:  68.46; ppl:   4.92; 5631 src tok/s; 5864 tgt tok/s;     60 s elapsed
Epoch  6,   450/  454; acc:  68.12; ppl:   5.08; 5556 src tok/s; 5791 tgt tok/s;     67 s elapsed
Train perplexity: 5.06821
Train accuracy: 68.0419
Validation perplexity: 7.03716
Validation accuracy: 66.4609

Epoch  7,    50/  454; acc:  71.27; ppl:   4.00; 5603 src tok/s; 5801 tgt tok/s;      7 s elapsed
Epoch  7,   100/  454; acc:  70.72; ppl:   4.18; 5761 src tok/s; 5946 tgt tok/s;     15 s elapsed
Epoch  7,   150/  454; acc:  69.99; ppl:   4.29; 5520 src tok/s; 5765 tgt tok/s;     22 s elapsed
Epoch  7,   200/  454; acc:  70.05; ppl:   4.27; 5712 src tok/s; 5911 tgt tok/s;     30 s elapsed
Epoch  7,   250/  454; acc:  68.74; ppl:   4.56; 5693 src tok/s; 5820 tgt tok/s;     38 s elapsed
Epoch  7,   300/  454; acc:  71.43; ppl:   3.93; 5520 src tok/s; 5792 tgt tok/s;     45 s elapsed
Epoch  7,   350/  454; acc:  69.05; ppl:   4.56; 5456 src tok/s; 5656 tgt tok/s;     52 s elapsed
Epoch  7,   400/  454; acc:  70.00; ppl:   4.26; 5484 src tok/s; 5749 tgt tok/s;     60 s elapsed
Epoch  7,   450/  454; acc:  69.40; ppl:   4.49; 5525 src tok/s; 5746 tgt tok/s;     67 s elapsed
Train perplexity: 4.28464
Train accuracy: 70.0402
Validation perplexity: 6.90467
Validation accuracy: 65.5243

Epoch  8,    50/  454; acc:  73.33; ppl:   3.35; 5610 src tok/s; 5811 tgt tok/s;      8 s elapsed
Epoch  8,   100/  454; acc:  71.90; ppl:   3.68; 5576 src tok/s; 5797 tgt tok/s;     15 s elapsed
Epoch  8,   150/  454; acc:  72.91; ppl:   3.55; 5490 src tok/s; 5733 tgt tok/s;     22 s elapsed
Epoch  8,   200/  454; acc:  71.39; ppl:   3.82; 5608 src tok/s; 5798 tgt tok/s;     30 s elapsed
Epoch  8,   250/  454; acc:  71.23; ppl:   3.86; 5569 src tok/s; 5775 tgt tok/s;     38 s elapsed
Epoch  8,   300/  454; acc:  71.38; ppl:   3.76; 5628 src tok/s; 5846 tgt tok/s;     45 s elapsed
Epoch  8,   350/  454; acc:  71.72; ppl:   3.74; 5646 src tok/s; 5838 tgt tok/s;     53 s elapsed
Epoch  8,   400/  454; acc:  70.87; ppl:   3.91; 5462 src tok/s; 5685 tgt tok/s;     60 s elapsed
Epoch  8,   450/  454; acc:  71.53; ppl:   3.81; 5472 src tok/s; 5680 tgt tok/s;     68 s elapsed
Train perplexity: 3.72027
Train accuracy: 71.7891
Validation perplexity: 6.52996
Validation accuracy: 67.6174
Decaying learning rate to 0.5

Epoch  9,    50/  454; acc:  76.60; ppl:   2.81; 5635 src tok/s; 5881 tgt tok/s;      7 s elapsed
Epoch  9,   100/  454; acc:  76.54; ppl:   2.79; 5636 src tok/s; 5824 tgt tok/s;     15 s elapsed
Epoch  9,   150/  454; acc:  77.21; ppl:   2.72; 5526 src tok/s; 5747 tgt tok/s;     22 s elapsed
Epoch  9,   200/  454; acc:  76.49; ppl:   2.83; 5708 src tok/s; 5911 tgt tok/s;     30 s elapsed
Epoch  9,   250/  454; acc:  77.03; ppl:   2.74; 5544 src tok/s; 5782 tgt tok/s;     37 s elapsed
Epoch  9,   300/  454; acc:  75.94; ppl:   2.85; 5703 src tok/s; 5871 tgt tok/s;     45 s elapsed
Epoch  9,   350/  454; acc:  76.82; ppl:   2.74; 5493 src tok/s; 5723 tgt tok/s;     52 s elapsed
Epoch  9,   400/  454; acc:  76.07; ppl:   2.88; 5631 src tok/s; 5829 tgt tok/s;     60 s elapsed
Epoch  9,   450/  454; acc:  76.13; ppl:   2.83; 5505 src tok/s; 5724 tgt tok/s;     67 s elapsed
Train perplexity: 2.79785
Train accuracy: 76.5408
Validation perplexity: 6.122
Validation accuracy: 68.8591
Decaying learning rate to 0.25

Epoch 10,    50/  454; acc:  80.23; ppl:   2.32; 5566 src tok/s; 5747 tgt tok/s;      8 s elapsed
Epoch 10,   100/  454; acc:  80.31; ppl:   2.31; 5496 src tok/s; 5729 tgt tok/s;     15 s elapsed
Epoch 10,   150/  454; acc:  80.17; ppl:   2.30; 5605 src tok/s; 5814 tgt tok/s;     23 s elapsed
Epoch 10,   200/  454; acc:  79.62; ppl:   2.39; 5502 src tok/s; 5747 tgt tok/s;     30 s elapsed
Epoch 10,   250/  454; acc:  80.13; ppl:   2.33; 5579 src tok/s; 5818 tgt tok/s;     38 s elapsed
Epoch 10,   300/  454; acc:  79.95; ppl:   2.31; 5757 src tok/s; 5942 tgt tok/s;     45 s elapsed
Epoch 10,   350/  454; acc:  80.47; ppl:   2.26; 5522 src tok/s; 5754 tgt tok/s;     52 s elapsed
Epoch 10,   400/  454; acc:  79.42; ppl:   2.40; 5627 src tok/s; 5809 tgt tok/s;     60 s elapsed
Epoch 10,   450/  454; acc:  80.14; ppl:   2.30; 5607 src tok/s; 5804 tgt tok/s;     68 s elapsed
Train perplexity: 2.32518
Train accuracy: 80.0432
Validation perplexity: 6.19366
Validation accuracy: 69.5118
Decaying learning rate to 0.125

Epoch 11,    50/  454; acc:  81.47; ppl:   2.18; 5637 src tok/s; 5817 tgt tok/s;      8 s elapsed
Epoch 11,   100/  454; acc:  83.15; ppl:   2.01; 5467 src tok/s; 5747 tgt tok/s;     15 s elapsed
Epoch 11,   150/  454; acc:  82.60; ppl:   2.07; 5606 src tok/s; 5798 tgt tok/s;     23 s elapsed
Epoch 11,   200/  454; acc:  82.08; ppl:   2.13; 5538 src tok/s; 5773 tgt tok/s;     30 s elapsed
Epoch 11,   250/  454; acc:  82.62; ppl:   2.06; 5487 src tok/s; 5720 tgt tok/s;     38 s elapsed
Epoch 11,   300/  454; acc:  81.10; ppl:   2.19; 5451 src tok/s; 5645 tgt tok/s;     46 s elapsed
Epoch 11,   350/  454; acc:  81.76; ppl:   2.15; 5563 src tok/s; 5743 tgt tok/s;     53 s elapsed
Epoch 11,   400/  454; acc:  82.04; ppl:   2.09; 5541 src tok/s; 5743 tgt tok/s;     61 s elapsed
Epoch 11,   450/  454; acc:  81.70; ppl:   2.14; 5612 src tok/s; 5795 tgt tok/s;     68 s elapsed
Train perplexity: 2.11408
Train accuracy: 82.0484
Validation perplexity: 6.23806
Validation accuracy: 69.6396
Decaying learning rate to 0.0625

Epoch 12,    50/  454; acc:  82.77; ppl:   2.04; 5562 src tok/s; 5751 tgt tok/s;      8 s elapsed
Epoch 12,   100/  454; acc:  83.25; ppl:   1.97; 5605 src tok/s; 5830 tgt tok/s;     15 s elapsed
Epoch 12,   150/  454; acc:  82.96; ppl:   2.02; 5731 src tok/s; 5915 tgt tok/s;     22 s elapsed
Epoch 12,   200/  454; acc:  83.62; ppl:   1.97; 5673 src tok/s; 5915 tgt tok/s;     30 s elapsed
Epoch 12,   250/  454; acc:  82.85; ppl:   2.02; 5553 src tok/s; 5767 tgt tok/s;     37 s elapsed
Epoch 12,   300/  454; acc:  83.54; ppl:   1.99; 5557 src tok/s; 5759 tgt tok/s;     45 s elapsed
Epoch 12,   350/  454; acc:  81.92; ppl:   2.14; 5680 src tok/s; 5857 tgt tok/s;     53 s elapsed
Epoch 12,   400/  454; acc:  83.60; ppl:   1.94; 5421 src tok/s; 5677 tgt tok/s;     60 s elapsed
Epoch 12,   450/  454; acc:  83.70; ppl:   1.93; 5587 src tok/s; 5825 tgt tok/s;     67 s elapsed
Train perplexity: 2.00952
Train accuracy: 83.0445
Validation perplexity: 6.31634
Validation accuracy: 69.5757
Decaying learning rate to 0.03125

Epoch 13,    50/  454; acc:  84.70; ppl:   1.85; 5557 src tok/s; 5794 tgt tok/s;      7 s elapsed
Epoch 13,   100/  454; acc:  82.74; ppl:   2.05; 5668 src tok/s; 5839 tgt tok/s;     15 s elapsed
Epoch 13,   150/  454; acc:  83.66; ppl:   1.96; 5791 src tok/s; 5973 tgt tok/s;     22 s elapsed
Epoch 13,   200/  454; acc:  83.70; ppl:   1.96; 5505 src tok/s; 5739 tgt tok/s;     30 s elapsed
Epoch 13,   250/  454; acc:  82.73; ppl:   2.07; 5693 src tok/s; 5888 tgt tok/s;     38 s elapsed
Epoch 13,   300/  454; acc:  84.69; ppl:   1.88; 5436 src tok/s; 5660 tgt tok/s;     45 s elapsed
Epoch 13,   350/  454; acc:  84.79; ppl:   1.87; 5457 src tok/s; 5735 tgt tok/s;     52 s elapsed
Epoch 13,   400/  454; acc:  82.64; ppl:   2.06; 5614 src tok/s; 5780 tgt tok/s;     60 s elapsed
Epoch 13,   450/  454; acc:  83.58; ppl:   1.94; 5495 src tok/s; 5722 tgt tok/s;     68 s elapsed
Train perplexity: 1.96023
Train accuracy: 83.6572
Validation perplexity: 6.3767
Validation accuracy: 69.5828
Decaying learning rate to 0.015625

Epoch 14,    50/  454; acc:  84.14; ppl:   1.91; 5647 src tok/s; 5847 tgt tok/s;      7 s elapsed
Epoch 14,   100/  454; acc:  83.94; ppl:   1.93; 5592 src tok/s; 5849 tgt tok/s;     15 s elapsed
Epoch 14,   150/  454; acc:  83.91; ppl:   1.92; 5568 src tok/s; 5794 tgt tok/s;     22 s elapsed
Epoch 14,   200/  454; acc:  84.27; ppl:   1.93; 5737 src tok/s; 5931 tgt tok/s;     30 s elapsed
Epoch 14,   250/  454; acc:  83.30; ppl:   2.00; 5460 src tok/s; 5675 tgt tok/s;     37 s elapsed
Epoch 14,   300/  454; acc:  84.46; ppl:   1.89; 5652 src tok/s; 5845 tgt tok/s;     45 s elapsed
Epoch 14,   350/  454; acc:  83.18; ppl:   2.00; 5621 src tok/s; 5816 tgt tok/s;     53 s elapsed
Epoch 14,   400/  454; acc:  84.46; ppl:   1.88; 5591 src tok/s; 5819 tgt tok/s;     60 s elapsed
Epoch 14,   450/  454; acc:  83.75; ppl:   1.97; 5494 src tok/s; 5683 tgt tok/s;     67 s elapsed
Train perplexity: 1.93398
Train accuracy: 83.9442
Validation perplexity: 6.39863
Validation accuracy: 69.6041
Decaying learning rate to 0.0078125

Epoch 15,    50/  454; acc:  84.75; ppl:   1.85; 5519 src tok/s; 5766 tgt tok/s;      7 s elapsed
Epoch 15,   100/  454; acc:  83.54; ppl:   1.97; 5654 src tok/s; 5854 tgt tok/s;     15 s elapsed
Epoch 15,   150/  454; acc:  83.82; ppl:   1.95; 5694 src tok/s; 5880 tgt tok/s;     23 s elapsed
Epoch 15,   200/  454; acc:  84.37; ppl:   1.90; 5532 src tok/s; 5752 tgt tok/s;     30 s elapsed
Epoch 15,   250/  454; acc:  84.60; ppl:   1.91; 5515 src tok/s; 5697 tgt tok/s;     38 s elapsed
Epoch 15,   300/  454; acc:  83.86; ppl:   1.93; 5498 src tok/s; 5690 tgt tok/s;     45 s elapsed
Epoch 15,   350/  454; acc:  83.48; ppl:   1.98; 5460 src tok/s; 5689 tgt tok/s;     53 s elapsed
Epoch 15,   400/  454; acc:  84.45; ppl:   1.89; 5611 src tok/s; 5829 tgt tok/s;     60 s elapsed
Epoch 15,   450/  454; acc:  84.19; ppl:   1.93; 5657 src tok/s; 5870 tgt tok/s;     68 s elapsed
Train perplexity: 1.92479
Train accuracy: 84.1107
Validation perplexity: 6.41216
Validation accuracy: 69.5899
Decaying learning rate to 0.00390625

Epoch 16,    50/  454; acc:  83.60; ppl:   1.95; 5587 src tok/s; 5800 tgt tok/s;      8 s elapsed
Epoch 16,   100/  454; acc:  84.65; ppl:   1.87; 5590 src tok/s; 5830 tgt tok/s;     15 s elapsed
Epoch 16,   150/  454; acc:  83.70; ppl:   1.97; 5638 src tok/s; 5815 tgt tok/s;     23 s elapsed
Epoch 16,   200/  454; acc:  84.59; ppl:   1.88; 5631 src tok/s; 5865 tgt tok/s;     30 s elapsed
Epoch 16,   250/  454; acc:  83.35; ppl:   2.00; 5640 src tok/s; 5796 tgt tok/s;     38 s elapsed
Epoch 16,   300/  454; acc:  84.85; ppl:   1.84; 5603 src tok/s; 5843 tgt tok/s;     45 s elapsed
Epoch 16,   350/  454; acc:  84.29; ppl:   1.88; 5406 src tok/s; 5671 tgt tok/s;     52 s elapsed
Epoch 16,   400/  454; acc:  84.14; ppl:   1.91; 5548 src tok/s; 5722 tgt tok/s;     60 s elapsed
Epoch 16,   450/  454; acc:  83.89; ppl:   1.93; 5459 src tok/s; 5659 tgt tok/s;     68 s elapsed
Train perplexity: 1.91672
Train accuracy: 84.1109
Validation perplexity: 6.41497
Validation accuracy: 69.6325
Decaying learning rate to 0.00195312

Epoch 17,    50/  454; acc:  84.63; ppl:   1.89; 5569 src tok/s; 5798 tgt tok/s;      7 s elapsed
Epoch 17,   100/  454; acc:  83.88; ppl:   1.94; 5434 src tok/s; 5645 tgt tok/s;     15 s elapsed
Epoch 17,   150/  454; acc:  85.30; ppl:   1.81; 5532 src tok/s; 5794 tgt tok/s;     22 s elapsed
Epoch 17,   200/  454; acc:  83.58; ppl:   2.00; 5707 src tok/s; 5882 tgt tok/s;     30 s elapsed
Epoch 17,   250/  454; acc:  83.66; ppl:   1.97; 5673 src tok/s; 5851 tgt tok/s;     38 s elapsed
Epoch 17,   300/  454; acc:  84.79; ppl:   1.86; 5571 src tok/s; 5792 tgt tok/s;     45 s elapsed
Epoch 17,   350/  454; acc:  84.71; ppl:   1.85; 5624 src tok/s; 5846 tgt tok/s;     52 s elapsed
Epoch 17,   400/  454; acc:  83.80; ppl:   1.97; 5568 src tok/s; 5758 tgt tok/s;     60 s elapsed
Epoch 17,   450/  454; acc:  83.86; ppl:   1.93; 5533 src tok/s; 5759 tgt tok/s;     68 s elapsed
Train perplexity: 1.91662
Train accuracy: 84.2256
Validation perplexity: 6.41723
Validation accuracy: 69.6325
Decaying learning rate to 0.000976562
