<module 'opts' from '/u/suhubdyd/research/projects/jumble_lstm/code/auxiliary-nmt/opts.pyc'>
Namespace(batch_size=64, brnn=False, brnn_merge='concat', cnn_kernel_width=3, context_gate=None, copy_attn=False, copy_attn_force=False, coverage_attn=False, data='/data/lisatmp3/suhubdyd/multi30k.atok.low', dec_layers=1, decay_method='', decoder_type='rnn', dropout=0.3, enc_layers=2, encoder_type='rnn', epochs=17, exp='', exp_host='', feat_merge='concat', feat_vec_exponent=0.7, feat_vec_size=-1, fix_word_vecs_dec=False, fix_word_vecs_enc=False, global_attention='general', gpuid=[0], input_feed=1, kappa_dec=0.3, kappa_enc=0.3, lambda_coverage=1, layers=-1, learning_rate=1.0, learning_rate_decay=0.5, max_generator_batches=32, max_grad_norm=5, model_type='text', optim='sgd', param_init=0.1, position_encoding=False, pre_word_vecs_dec=None, pre_word_vecs_enc=None, report_every=50, rnn_size=500, rnn_type='LSTM', save_model='/data/lisatmp3/suhubdyd/models/seeds/encoder0.3decoder0.3dropout0.3wdropFalseseed3', seed=3, share_decoder_embeddings=False, share_embeddings=False, src_word_vec_size=500, start_checkpoint_at=0, start_decay_at=8, start_epoch=1, tgt_word_vec_size=500, train_from='', truncated_decoder=0, warmup_steps=4000, weightdropout=False, word_vec_size=-1)
('Using Kappa L2 loss on encoder', 0.3)
('Using Kappa L2 loss on decoder', 0.3)
Loading train and validate data from '/data/lisatmp3/suhubdyd/multi30k.atok.low'
 * number of training sentences: 29000
 * maximum batch size: 64
 * vocabulary size. source = 10841; target = 18563
Building model...
Intializing model parameters.
NMTModel (
  (encoder): RNNEncoder (
    (embeddings): Embeddings (
      (make_embedding): Sequential (
        (emb_luts): Elementwise (
          (0): Embedding(10841, 500, padding_idx=1)
        )
      )
    )
    (dropout): Dropout (p = 0.3)
    (rnn): LSTM(500, 500, dropout=0.3)
  )
  (decoder): InputFeedRNNDecoder (
    (embeddings): Embeddings (
      (make_embedding): Sequential (
        (emb_luts): Elementwise (
          (0): Embedding(18563, 500, padding_idx=1)
        )
      )
    )
    (dropout): Dropout (p = 0.3)
    (rnn): StackedLSTM (
      (dropout): Dropout (p = 0.3)
      (layers): ModuleList (
        (0): LSTMCell(1000, 500)
      )
    )
    (attn): GlobalAttention (
      (linear_in): Linear (500 -> 500)
      (linear_out): Linear (1000 -> 500)
      (sm): Softmax ()
      (tanh): Tanh ()
    )
  )
  (generator): Sequential (
    (0): Linear (500 -> 18563)
    (1): LogSoftmax ()
  )
)
* number of parameters: 29760063
('encoder: ', 7424500)
('decoder: ', 22335563)

Epoch  1,    50/  454; acc:   9.22; ppl: 15424.91; 3289 src tok/s; 3415 tgt tok/s;     13 s elapsed
Epoch  1,   100/  454; acc:  15.10; ppl: 1167.30; 3315 src tok/s; 3438 tgt tok/s;     25 s elapsed
Epoch  1,   150/  454; acc:  17.67; ppl: 606.77; 3233 src tok/s; 3337 tgt tok/s;     39 s elapsed
Epoch  1,   200/  454; acc:  22.11; ppl: 262.51; 3171 src tok/s; 3300 tgt tok/s;     52 s elapsed
Epoch  1,   250/  454; acc:  24.72; ppl: 177.01; 3131 src tok/s; 3255 tgt tok/s;     65 s elapsed
Epoch  1,   300/  454; acc:  27.22; ppl: 124.73; 3140 src tok/s; 3249 tgt tok/s;     78 s elapsed
Epoch  1,   350/  454; acc:  30.16; ppl:  93.25; 3202 src tok/s; 3330 tgt tok/s;     91 s elapsed
Epoch  1,   400/  454; acc:  30.51; ppl:  86.09; 3201 src tok/s; 3315 tgt tok/s;    105 s elapsed
Epoch  1,   450/  454; acc:  32.15; ppl:  71.61; 2982 src tok/s; 3119 tgt tok/s;    118 s elapsed
Train perplexity: 317.803
Train accuracy: 23.2515
Validation perplexity: 65.2265
Validation accuracy: 34.0287

Epoch  2,    50/  454; acc:  35.01; ppl:  56.42; 3150 src tok/s; 3260 tgt tok/s;     13 s elapsed
Epoch  2,   100/  454; acc:  37.26; ppl:  48.06; 3218 src tok/s; 3337 tgt tok/s;     27 s elapsed
Epoch  2,   150/  454; acc:  40.43; ppl:  40.22; 3188 src tok/s; 3311 tgt tok/s;     40 s elapsed
Epoch  2,   200/  454; acc:  41.82; ppl:  34.95; 3215 src tok/s; 3338 tgt tok/s;     53 s elapsed
Epoch  2,   250/  454; acc:  44.03; ppl:  30.06; 3173 src tok/s; 3275 tgt tok/s;     66 s elapsed
Epoch  2,   300/  454; acc:  47.60; ppl:  24.55; 3175 src tok/s; 3313 tgt tok/s;     79 s elapsed
Epoch  2,   350/  454; acc:  50.03; ppl:  21.08; 3150 src tok/s; 3274 tgt tok/s;     92 s elapsed
Epoch  2,   400/  454; acc:  49.71; ppl:  21.59; 3168 src tok/s; 3282 tgt tok/s;    105 s elapsed
Epoch  2,   450/  454; acc:  51.29; ppl:  19.29; 3071 src tok/s; 3198 tgt tok/s;    119 s elapsed
Train perplexity: 30.6854
Train accuracy: 44.1697
Validation perplexity: 16.2948
Validation accuracy: 53.7605

Epoch  3,    50/  454; acc:  53.24; ppl:  15.72; 3145 src tok/s; 3246 tgt tok/s;     14 s elapsed
Epoch  3,   100/  454; acc:  55.98; ppl:  13.51; 3113 src tok/s; 3242 tgt tok/s;     27 s elapsed
Epoch  3,   150/  454; acc:  55.74; ppl:  13.51; 3163 src tok/s; 3294 tgt tok/s;     40 s elapsed
Epoch  3,   200/  454; acc:  56.01; ppl:  13.30; 3057 src tok/s; 3175 tgt tok/s;     54 s elapsed
Epoch  3,   250/  454; acc:  57.17; ppl:  12.40; 3155 src tok/s; 3292 tgt tok/s;     67 s elapsed
Epoch  3,   300/  454; acc:  57.38; ppl:  12.13; 3144 src tok/s; 3258 tgt tok/s;     80 s elapsed
Epoch  3,   350/  454; acc:  57.35; ppl:  12.18; 3222 src tok/s; 3321 tgt tok/s;     94 s elapsed
Epoch  3,   400/  454; acc:  58.82; ppl:  10.87; 3171 src tok/s; 3294 tgt tok/s;    107 s elapsed
Epoch  3,   450/  454; acc:  59.32; ppl:  10.79; 3136 src tok/s; 3264 tgt tok/s;    120 s elapsed
Train perplexity: 12.6466
Train accuracy: 56.7533
Validation perplexity: 10.8261
Validation accuracy: 59.9901

Epoch  4,    50/  454; acc:  61.05; ppl:   8.93; 3099 src tok/s; 3212 tgt tok/s;     14 s elapsed
Epoch  4,   100/  454; acc:  62.41; ppl:   8.10; 3197 src tok/s; 3312 tgt tok/s;     27 s elapsed
Epoch  4,   150/  454; acc:  62.10; ppl:   8.31; 3131 src tok/s; 3271 tgt tok/s;     40 s elapsed
Epoch  4,   200/  454; acc:  61.11; ppl:   8.87; 3204 src tok/s; 3304 tgt tok/s;     53 s elapsed
Epoch  4,   250/  454; acc:  61.33; ppl:   8.57; 3122 src tok/s; 3254 tgt tok/s;     67 s elapsed
Epoch  4,   300/  454; acc:  62.03; ppl:   8.41; 3173 src tok/s; 3289 tgt tok/s;     80 s elapsed
Epoch  4,   350/  454; acc:  60.95; ppl:   8.83; 3151 src tok/s; 3252 tgt tok/s;     94 s elapsed
Epoch  4,   400/  454; acc:  63.94; ppl:   7.38; 3110 src tok/s; 3257 tgt tok/s;    107 s elapsed
Epoch  4,   450/  454; acc:  63.27; ppl:   7.75; 3180 src tok/s; 3295 tgt tok/s;    120 s elapsed
Train perplexity: 8.33436
Train accuracy: 62.0263
Validation perplexity: 8.17277
Validation accuracy: 63.8286

Epoch  5,    50/  454; acc:  65.81; ppl:   6.09; 3149 src tok/s; 3292 tgt tok/s;     13 s elapsed
Epoch  5,   100/  454; acc:  65.33; ppl:   6.35; 3228 src tok/s; 3333 tgt tok/s;     26 s elapsed
Epoch  5,   150/  454; acc:  65.00; ppl:   6.50; 3145 src tok/s; 3272 tgt tok/s;     40 s elapsed
Epoch  5,   200/  454; acc:  64.98; ppl:   6.53; 3245 src tok/s; 3378 tgt tok/s;     53 s elapsed
Epoch  5,   250/  454; acc:  64.98; ppl:   6.45; 3147 src tok/s; 3251 tgt tok/s;     66 s elapsed
Epoch  5,   300/  454; acc:  65.91; ppl:   6.19; 3165 src tok/s; 3287 tgt tok/s;     79 s elapsed
Epoch  5,   350/  454; acc:  65.06; ppl:   6.42; 3094 src tok/s; 3226 tgt tok/s;     92 s elapsed
Epoch  5,   400/  454; acc:  65.81; ppl:   6.21; 3212 src tok/s; 3315 tgt tok/s;    106 s elapsed
Epoch  5,   450/  454; acc:  65.59; ppl:   6.21; 3130 src tok/s; 3234 tgt tok/s;    119 s elapsed
Train perplexity: 6.32002
Train accuracy: 65.4012
Validation perplexity: 7.35885
Validation accuracy: 65.4605

Epoch  6,    50/  454; acc:  68.67; ppl:   4.88; 3175 src tok/s; 3299 tgt tok/s;     13 s elapsed
Epoch  6,   100/  454; acc:  67.93; ppl:   5.11; 3209 src tok/s; 3320 tgt tok/s;     26 s elapsed
Epoch  6,   150/  454; acc:  67.53; ppl:   5.15; 3162 src tok/s; 3265 tgt tok/s;     40 s elapsed
Epoch  6,   200/  454; acc:  67.97; ppl:   5.05; 3157 src tok/s; 3292 tgt tok/s;     53 s elapsed
Epoch  6,   250/  454; acc:  67.24; ppl:   5.28; 3156 src tok/s; 3265 tgt tok/s;     66 s elapsed
Epoch  6,   300/  454; acc:  68.31; ppl:   5.01; 3226 src tok/s; 3362 tgt tok/s;     79 s elapsed
Epoch  6,   350/  454; acc:  69.06; ppl:   4.85; 3113 src tok/s; 3255 tgt tok/s;     92 s elapsed
Epoch  6,   400/  454; acc:  66.68; ppl:   5.50; 3183 src tok/s; 3284 tgt tok/s;    106 s elapsed
Epoch  6,   450/  454; acc:  67.88; ppl:   5.10; 3095 src tok/s; 3222 tgt tok/s;    119 s elapsed
Train perplexity: 5.11159
Train accuracy: 67.8704
Validation perplexity: 6.82639
Validation accuracy: 66.8228

Epoch  7,    50/  454; acc:  70.94; ppl:   4.05; 3171 src tok/s; 3295 tgt tok/s;     13 s elapsed
Epoch  7,   100/  454; acc:  70.47; ppl:   4.21; 3170 src tok/s; 3284 tgt tok/s;     26 s elapsed
Epoch  7,   150/  454; acc:  70.68; ppl:   4.16; 3253 src tok/s; 3372 tgt tok/s;     39 s elapsed
Epoch  7,   200/  454; acc:  70.66; ppl:   4.17; 3165 src tok/s; 3283 tgt tok/s;     52 s elapsed
Epoch  7,   250/  454; acc:  71.51; ppl:   3.96; 3096 src tok/s; 3245 tgt tok/s;     65 s elapsed
Epoch  7,   300/  454; acc:  68.39; ppl:   4.72; 3218 src tok/s; 3314 tgt tok/s;     79 s elapsed
Epoch  7,   350/  454; acc:  69.53; ppl:   4.48; 3150 src tok/s; 3274 tgt tok/s;     92 s elapsed
Epoch  7,   400/  454; acc:  69.31; ppl:   4.50; 3209 src tok/s; 3331 tgt tok/s;    106 s elapsed
Epoch  7,   450/  454; acc:  70.14; ppl:   4.32; 3160 src tok/s; 3286 tgt tok/s;    118 s elapsed
Train perplexity: 4.30496
Train accuracy: 70.083
Validation perplexity: 6.63638
Validation accuracy: 66.3616

Epoch  8,    50/  454; acc:  73.50; ppl:   3.42; 3198 src tok/s; 3330 tgt tok/s;     13 s elapsed
Epoch  8,   100/  454; acc:  71.84; ppl:   3.65; 3204 src tok/s; 3326 tgt tok/s;     26 s elapsed
Epoch  8,   150/  454; acc:  71.19; ppl:   3.86; 3205 src tok/s; 3307 tgt tok/s;     40 s elapsed
Epoch  8,   200/  454; acc:  73.07; ppl:   3.46; 3136 src tok/s; 3272 tgt tok/s;     53 s elapsed
Epoch  8,   250/  454; acc:  71.52; ppl:   3.85; 3213 src tok/s; 3337 tgt tok/s;     66 s elapsed
Epoch  8,   300/  454; acc:  70.90; ppl:   3.83; 3136 src tok/s; 3250 tgt tok/s;     79 s elapsed
Epoch  8,   350/  454; acc:  71.85; ppl:   3.69; 3116 src tok/s; 3262 tgt tok/s;     92 s elapsed
Epoch  8,   400/  454; acc:  70.66; ppl:   3.98; 3226 src tok/s; 3322 tgt tok/s;    106 s elapsed
Epoch  8,   450/  454; acc:  71.40; ppl:   3.75; 3148 src tok/s; 3262 tgt tok/s;    119 s elapsed
Train perplexity: 3.72722
Train accuracy: 71.7303
Validation perplexity: 6.47283
Validation accuracy: 67.4046
Decaying learning rate to 0.5

Epoch  9,    50/  454; acc:  76.99; ppl:   2.76; 3219 src tok/s; 3342 tgt tok/s;     13 s elapsed
Epoch  9,   100/  454; acc:  75.96; ppl:   2.92; 3181 src tok/s; 3281 tgt tok/s;     26 s elapsed
Epoch  9,   150/  454; acc:  75.67; ppl:   2.97; 3192 src tok/s; 3314 tgt tok/s;     40 s elapsed
Epoch  9,   200/  454; acc:  77.23; ppl:   2.68; 3153 src tok/s; 3296 tgt tok/s;     53 s elapsed
Epoch  9,   250/  454; acc:  75.97; ppl:   2.89; 3210 src tok/s; 3319 tgt tok/s;     66 s elapsed
Epoch  9,   300/  454; acc:  77.50; ppl:   2.64; 3152 src tok/s; 3291 tgt tok/s;     79 s elapsed
Epoch  9,   350/  454; acc:  75.93; ppl:   2.84; 3152 src tok/s; 3262 tgt tok/s;     92 s elapsed
Epoch  9,   400/  454; acc:  76.79; ppl:   2.77; 3206 src tok/s; 3322 tgt tok/s;    105 s elapsed
Epoch  9,   450/  454; acc:  76.06; ppl:   2.89; 3091 src tok/s; 3216 tgt tok/s;    119 s elapsed
Train perplexity: 2.81724
Train accuracy: 76.4539
Validation perplexity: 6.08413
Validation accuracy: 69.079
Decaying learning rate to 0.25

Epoch 10,    50/  454; acc:  80.02; ppl:   2.33; 3149 src tok/s; 3277 tgt tok/s;     13 s elapsed
Epoch 10,   100/  454; acc:  80.03; ppl:   2.34; 3164 src tok/s; 3281 tgt tok/s;     27 s elapsed
Epoch 10,   150/  454; acc:  79.19; ppl:   2.47; 3272 src tok/s; 3354 tgt tok/s;     40 s elapsed
Epoch 10,   200/  454; acc:  81.37; ppl:   2.17; 3118 src tok/s; 3272 tgt tok/s;     53 s elapsed
Epoch 10,   250/  454; acc:  80.64; ppl:   2.27; 3196 src tok/s; 3332 tgt tok/s;     66 s elapsed
Epoch 10,   300/  454; acc:  79.93; ppl:   2.37; 3233 src tok/s; 3337 tgt tok/s;     79 s elapsed
Epoch 10,   350/  454; acc:  78.53; ppl:   2.52; 3200 src tok/s; 3291 tgt tok/s;     93 s elapsed
Epoch 10,   400/  454; acc:  81.13; ppl:   2.18; 3153 src tok/s; 3288 tgt tok/s;    105 s elapsed
Epoch 10,   450/  454; acc:  79.26; ppl:   2.39; 3090 src tok/s; 3229 tgt tok/s;    119 s elapsed
Train perplexity: 2.33839
Train accuracy: 79.9841
Validation perplexity: 6.1684
Validation accuracy: 69.6538
Decaying learning rate to 0.125

Epoch 11,    50/  454; acc:  80.92; ppl:   2.25; 3152 src tok/s; 3264 tgt tok/s;     14 s elapsed
Epoch 11,   100/  454; acc:  82.86; ppl:   2.01; 3170 src tok/s; 3300 tgt tok/s;     27 s elapsed
Epoch 11,   150/  454; acc:  81.50; ppl:   2.16; 3238 src tok/s; 3336 tgt tok/s;     40 s elapsed
Epoch 11,   200/  454; acc:  82.59; ppl:   2.08; 3139 src tok/s; 3288 tgt tok/s;     53 s elapsed
Epoch 11,   250/  454; acc:  81.63; ppl:   2.17; 3219 src tok/s; 3325 tgt tok/s;     66 s elapsed
Epoch 11,   300/  454; acc:  82.35; ppl:   2.06; 3200 src tok/s; 3327 tgt tok/s;     79 s elapsed
Epoch 11,   350/  454; acc:  83.44; ppl:   1.94; 3089 src tok/s; 3228 tgt tok/s;     92 s elapsed
Epoch 11,   400/  454; acc:  80.77; ppl:   2.27; 3202 src tok/s; 3307 tgt tok/s;    106 s elapsed
Epoch 11,   450/  454; acc:  82.03; ppl:   2.09; 3140 src tok/s; 3256 tgt tok/s;    119 s elapsed
Train perplexity: 2.11651
Train accuracy: 81.9736
Validation perplexity: 6.27353
Validation accuracy: 69.4338
Decaying learning rate to 0.0625

Epoch 12,    50/  454; acc:  83.91; ppl:   1.93; 3125 src tok/s; 3261 tgt tok/s;     13 s elapsed
Epoch 12,   100/  454; acc:  82.42; ppl:   2.07; 3257 src tok/s; 3343 tgt tok/s;     26 s elapsed
Epoch 12,   150/  454; acc:  82.13; ppl:   2.12; 3179 src tok/s; 3281 tgt tok/s;     40 s elapsed
Epoch 12,   200/  454; acc:  84.34; ppl:   1.91; 3143 src tok/s; 3287 tgt tok/s;     53 s elapsed
Epoch 12,   250/  454; acc:  82.65; ppl:   2.04; 3139 src tok/s; 3275 tgt tok/s;     66 s elapsed
Epoch 12,   300/  454; acc:  82.76; ppl:   2.04; 3269 src tok/s; 3385 tgt tok/s;     79 s elapsed
Epoch 12,   350/  454; acc:  83.38; ppl:   1.98; 3152 src tok/s; 3284 tgt tok/s;     92 s elapsed
Epoch 12,   400/  454; acc:  82.64; ppl:   2.05; 3162 src tok/s; 3269 tgt tok/s;    106 s elapsed
Epoch 12,   450/  454; acc:  82.97; ppl:   2.03; 3134 src tok/s; 3264 tgt tok/s;    119 s elapsed
Train perplexity: 2.02036
Train accuracy: 82.981
Validation perplexity: 6.35061
Validation accuracy: 69.5402
Decaying learning rate to 0.03125

Epoch 13,    50/  454; acc:  84.65; ppl:   1.85; 3166 src tok/s; 3297 tgt tok/s;     13 s elapsed
Epoch 13,   100/  454; acc:  82.60; ppl:   2.07; 3239 src tok/s; 3319 tgt tok/s;     26 s elapsed
Epoch 13,   150/  454; acc:  83.09; ppl:   2.03; 3131 src tok/s; 3259 tgt tok/s;     40 s elapsed
Epoch 13,   200/  454; acc:  84.28; ppl:   1.91; 3171 src tok/s; 3306 tgt tok/s;     53 s elapsed
Epoch 13,   250/  454; acc:  82.72; ppl:   2.06; 3198 src tok/s; 3292 tgt tok/s;     67 s elapsed
Epoch 13,   300/  454; acc:  84.48; ppl:   1.89; 3180 src tok/s; 3331 tgt tok/s;     79 s elapsed
Epoch 13,   350/  454; acc:  83.34; ppl:   2.00; 3195 src tok/s; 3303 tgt tok/s;     93 s elapsed
Epoch 13,   400/  454; acc:  83.92; ppl:   1.93; 3188 src tok/s; 3341 tgt tok/s;    105 s elapsed
Epoch 13,   450/  454; acc:  83.32; ppl:   1.99; 3159 src tok/s; 3268 tgt tok/s;    119 s elapsed
Train perplexity: 1.97088
Train accuracy: 83.5729
Validation perplexity: 6.37366
Validation accuracy: 69.6467
Decaying learning rate to 0.015625

Epoch 14,    50/  454; acc:  84.79; ppl:   1.86; 3151 src tok/s; 3271 tgt tok/s;     13 s elapsed
Epoch 14,   100/  454; acc:  83.59; ppl:   1.97; 3194 src tok/s; 3313 tgt tok/s;     26 s elapsed
Epoch 14,   150/  454; acc:  83.09; ppl:   2.03; 3156 src tok/s; 3266 tgt tok/s;     40 s elapsed
Epoch 14,   200/  454; acc:  84.66; ppl:   1.88; 3211 src tok/s; 3347 tgt tok/s;     53 s elapsed
Epoch 14,   250/  454; acc:  84.18; ppl:   1.92; 3192 src tok/s; 3310 tgt tok/s;     66 s elapsed
Epoch 14,   300/  454; acc:  83.58; ppl:   1.95; 3150 src tok/s; 3272 tgt tok/s;     79 s elapsed
Epoch 14,   350/  454; acc:  84.66; ppl:   1.85; 3204 src tok/s; 3330 tgt tok/s;     92 s elapsed
Epoch 14,   400/  454; acc:  82.64; ppl:   2.06; 3204 src tok/s; 3318 tgt tok/s;    105 s elapsed
Epoch 14,   450/  454; acc:  83.08; ppl:   2.00; 3152 src tok/s; 3263 tgt tok/s;    119 s elapsed
Train perplexity: 1.94428
Train accuracy: 83.821
Validation perplexity: 6.40224
Validation accuracy: 69.4906
Decaying learning rate to 0.0078125

Epoch 15,    50/  454; acc:  83.88; ppl:   1.95; 3187 src tok/s; 3305 tgt tok/s;     13 s elapsed
Epoch 15,   100/  454; acc:  83.95; ppl:   1.92; 3123 src tok/s; 3237 tgt tok/s;     27 s elapsed
Epoch 15,   150/  454; acc:  84.27; ppl:   1.91; 3175 src tok/s; 3298 tgt tok/s;     40 s elapsed
Epoch 15,   200/  454; acc:  84.08; ppl:   1.95; 3190 src tok/s; 3310 tgt tok/s;     53 s elapsed
Epoch 15,   250/  454; acc:  83.75; ppl:   1.94; 3063 src tok/s; 3194 tgt tok/s;     66 s elapsed
Epoch 15,   300/  454; acc:  84.05; ppl:   1.93; 3262 src tok/s; 3355 tgt tok/s;     80 s elapsed
Epoch 15,   350/  454; acc:  84.69; ppl:   1.85; 3178 src tok/s; 3313 tgt tok/s;     92 s elapsed
Epoch 15,   400/  454; acc:  83.14; ppl:   2.04; 3212 src tok/s; 3323 tgt tok/s;    106 s elapsed
Epoch 15,   450/  454; acc:  83.96; ppl:   1.93; 3071 src tok/s; 3197 tgt tok/s;    119 s elapsed
Train perplexity: 1.93319
Train accuracy: 83.9855
Validation perplexity: 6.4053
Validation accuracy: 69.5189
Decaying learning rate to 0.00390625

Epoch 16,    50/  454; acc:  84.92; ppl:   1.85; 3185 src tok/s; 3319 tgt tok/s;     13 s elapsed
Epoch 16,   100/  454; acc:  83.57; ppl:   1.98; 3137 src tok/s; 3250 tgt tok/s;     26 s elapsed
Epoch 16,   150/  454; acc:  83.80; ppl:   1.97; 3175 src tok/s; 3271 tgt tok/s;     40 s elapsed
Epoch 16,   200/  454; acc:  84.53; ppl:   1.87; 3140 src tok/s; 3272 tgt tok/s;     53 s elapsed
Epoch 16,   250/  454; acc:  84.39; ppl:   1.89; 3186 src tok/s; 3308 tgt tok/s;     66 s elapsed
Epoch 16,   300/  454; acc:  83.57; ppl:   1.97; 3131 src tok/s; 3251 tgt tok/s;     80 s elapsed
Epoch 16,   350/  454; acc:  84.12; ppl:   1.93; 3175 src tok/s; 3316 tgt tok/s;     93 s elapsed
Epoch 16,   400/  454; acc:  83.78; ppl:   1.94; 3170 src tok/s; 3284 tgt tok/s;    106 s elapsed
Epoch 16,   450/  454; acc:  83.92; ppl:   1.97; 3199 src tok/s; 3305 tgt tok/s;    119 s elapsed
Train perplexity: 1.92636
Train accuracy: 84.0856
Validation perplexity: 6.41114
Validation accuracy: 69.5544
Decaying learning rate to 0.00195312

Epoch 17,    50/  454; acc:  83.95; ppl:   1.92; 3111 src tok/s; 3225 tgt tok/s;     13 s elapsed
Epoch 17,   100/  454; acc:  83.94; ppl:   1.93; 3186 src tok/s; 3309 tgt tok/s;     27 s elapsed
Epoch 17,   150/  454; acc:  83.40; ppl:   1.99; 3223 src tok/s; 3336 tgt tok/s;     40 s elapsed
Epoch 17,   200/  454; acc:  85.31; ppl:   1.83; 3190 src tok/s; 3331 tgt tok/s;     53 s elapsed
Epoch 17,   250/  454; acc:  85.21; ppl:   1.80; 3161 src tok/s; 3297 tgt tok/s;     65 s elapsed
Epoch 17,   300/  454; acc:  82.95; ppl:   2.01; 3186 src tok/s; 3281 tgt tok/s;     79 s elapsed
Epoch 17,   350/  454; acc:  83.38; ppl:   2.02; 3113 src tok/s; 3225 tgt tok/s;     93 s elapsed
Epoch 17,   400/  454; acc:  84.43; ppl:   1.88; 3206 src tok/s; 3344 tgt tok/s;    106 s elapsed
Epoch 17,   450/  454; acc:  84.11; ppl:   1.92; 3156 src tok/s; 3264 tgt tok/s;    119 s elapsed
Train perplexity: 1.92149
Train accuracy: 84.0803
Validation perplexity: 6.4154
Validation accuracy: 69.5331
Decaying learning rate to 0.000976562
