<module 'opts' from '/u/suhubdyd/research/projects/jumble_lstm/code/auxiliary-nmt/opts.pyc'>
Namespace(batch_size=64, brnn=False, brnn_merge='concat', cnn_kernel_width=3, context_gate=None, copy_attn=False, copy_attn_force=False, coverage_attn=False, data='/data/lisatmp3/suhubdyd/multi30k.atok.low', dec_layers=1, decay_method='', decoder_type='rnn', dropout=0.3, enc_layers=2, encoder_type='rnn', epochs=17, exp='', exp_host='', feat_merge='concat', feat_vec_exponent=0.7, feat_vec_size=-1, fix_word_vecs_dec=False, fix_word_vecs_enc=False, global_attention='general', gpuid=[0], input_feed=1, kappa_dec=0.3, kappa_enc=0.25, lambda_coverage=1, layers=-1, learning_rate=1.0, learning_rate_decay=0.5, max_generator_batches=32, max_grad_norm=5, model_type='text', optim='sgd', param_init=0.1, position_encoding=False, pre_word_vecs_dec=None, pre_word_vecs_enc=None, report_every=50, rnn_size=500, rnn_type='LSTM', save_model='/data/lisatmp3/suhubdyd/models/seeds/encoder0.25decoder0.3dropout0.3wdropFalseseed2', seed=2, share_decoder_embeddings=False, share_embeddings=False, src_word_vec_size=500, start_checkpoint_at=0, start_decay_at=8, start_epoch=1, tgt_word_vec_size=500, train_from='', truncated_decoder=0, warmup_steps=4000, weightdropout=False, word_vec_size=-1)
('Using Kappa L2 loss on encoder', 0.25)
('Using Kappa L2 loss on decoder', 0.3)
Loading train and validate data from '/data/lisatmp3/suhubdyd/multi30k.atok.low'
 * number of training sentences: 29000
 * maximum batch size: 64
 * vocabulary size. source = 10841; target = 18563
Building model...
Intializing model parameters.
NMTModel (
  (encoder): RNNEncoder (
    (embeddings): Embeddings (
      (make_embedding): Sequential (
        (emb_luts): Elementwise (
          (0): Embedding(10841, 500, padding_idx=1)
        )
      )
    )
    (dropout): Dropout (p = 0.3)
    (rnn): LSTM(500, 500, dropout=0.3)
  )
  (decoder): InputFeedRNNDecoder (
    (embeddings): Embeddings (
      (make_embedding): Sequential (
        (emb_luts): Elementwise (
          (0): Embedding(18563, 500, padding_idx=1)
        )
      )
    )
    (dropout): Dropout (p = 0.3)
    (rnn): StackedLSTM (
      (dropout): Dropout (p = 0.3)
      (layers): ModuleList (
        (0): LSTMCell(1000, 500)
      )
    )
    (attn): GlobalAttention (
      (linear_in): Linear (500 -> 500)
      (linear_out): Linear (1000 -> 500)
      (sm): Softmax ()
      (tanh): Tanh ()
    )
  )
  (generator): Sequential (
    (0): Linear (500 -> 18563)
    (1): LogSoftmax ()
  )
)
* number of parameters: 29760063
('encoder: ', 7424500)
('decoder: ', 22335563)

Epoch  1,    50/  454; acc:   8.80; ppl: 20435.96; 4398 src tok/s; 4551 tgt tok/s;     10 s elapsed
Epoch  1,   100/  454; acc:  15.46; ppl: 1229.05; 5146 src tok/s; 5373 tgt tok/s;     18 s elapsed
Epoch  1,   150/  454; acc:  17.83; ppl: 503.23; 5207 src tok/s; 5371 tgt tok/s;     26 s elapsed
Epoch  1,   200/  454; acc:  20.88; ppl: 289.51; 5053 src tok/s; 5278 tgt tok/s;     34 s elapsed
Epoch  1,   250/  454; acc:  24.25; ppl: 182.85; 5071 src tok/s; 5249 tgt tok/s;     42 s elapsed
Epoch  1,   300/  454; acc:  27.10; ppl: 126.04; 4939 src tok/s; 5123 tgt tok/s;     51 s elapsed
Epoch  1,   350/  454; acc:  29.82; ppl:  94.84; 5084 src tok/s; 5283 tgt tok/s;     59 s elapsed
Epoch  1,   400/  454; acc:  30.86; ppl:  82.69; 5010 src tok/s; 5198 tgt tok/s;     67 s elapsed
Epoch  1,   450/  454; acc:  32.43; ppl:  70.52; 4956 src tok/s; 5140 tgt tok/s;     76 s elapsed
Train perplexity: 328.023
Train accuracy: 23.1358
Validation perplexity: 60.1333
Validation accuracy: 32.7657

Epoch  2,    50/  454; acc:  33.37; ppl:  62.50; 5296 src tok/s; 5441 tgt tok/s;      8 s elapsed
Epoch  2,   100/  454; acc:  38.16; ppl:  45.88; 4949 src tok/s; 5177 tgt tok/s;     16 s elapsed
Epoch  2,   150/  454; acc:  40.47; ppl:  39.63; 5092 src tok/s; 5298 tgt tok/s;     24 s elapsed
Epoch  2,   200/  454; acc:  42.33; ppl:  35.40; 5087 src tok/s; 5255 tgt tok/s;     33 s elapsed
Epoch  2,   250/  454; acc:  44.27; ppl:  31.11; 5150 src tok/s; 5311 tgt tok/s;     41 s elapsed
Epoch  2,   300/  454; acc:  47.24; ppl:  25.34; 4964 src tok/s; 5190 tgt tok/s;     49 s elapsed
Epoch  2,   350/  454; acc:  48.46; ppl:  22.79; 4992 src tok/s; 5156 tgt tok/s;     58 s elapsed
Epoch  2,   400/  454; acc:  50.68; ppl:  19.32; 5087 src tok/s; 5315 tgt tok/s;     66 s elapsed
Epoch  2,   450/  454; acc:  51.25; ppl:  18.83; 4973 src tok/s; 5168 tgt tok/s;     74 s elapsed
Train perplexity: 30.9312
Train accuracy: 44.0528
Validation perplexity: 17.5468
Validation accuracy: 52.235

Epoch  3,    50/  454; acc:  55.32; ppl:  14.17; 5158 src tok/s; 5361 tgt tok/s;      8 s elapsed
Epoch  3,   100/  454; acc:  53.43; ppl:  15.80; 5246 src tok/s; 5413 tgt tok/s;     16 s elapsed
Epoch  3,   150/  454; acc:  56.07; ppl:  12.89; 5024 src tok/s; 5256 tgt tok/s;     24 s elapsed
Epoch  3,   200/  454; acc:  55.50; ppl:  13.72; 5088 src tok/s; 5246 tgt tok/s;     33 s elapsed
Epoch  3,   250/  454; acc:  57.35; ppl:  12.27; 4934 src tok/s; 5143 tgt tok/s;     41 s elapsed
Epoch  3,   300/  454; acc:  56.46; ppl:  12.70; 5082 src tok/s; 5267 tgt tok/s;     50 s elapsed
Epoch  3,   350/  454; acc:  56.61; ppl:  12.48; 5124 src tok/s; 5276 tgt tok/s;     58 s elapsed
Epoch  3,   400/  454; acc:  59.15; ppl:  10.71; 4894 src tok/s; 5140 tgt tok/s;     66 s elapsed
Epoch  3,   450/  454; acc:  58.64; ppl:  11.02; 5083 src tok/s; 5258 tgt tok/s;     75 s elapsed
Train perplexity: 12.7866
Train accuracy: 56.5027
Validation perplexity: 10.1715
Validation accuracy: 60.6428

Epoch  4,    50/  454; acc:  60.92; ppl:   8.83; 5076 src tok/s; 5268 tgt tok/s;      8 s elapsed
Epoch  4,   100/  454; acc:  61.54; ppl:   8.45; 5216 src tok/s; 5440 tgt tok/s;     16 s elapsed
Epoch  4,   150/  454; acc:  61.27; ppl:   8.56; 4991 src tok/s; 5177 tgt tok/s;     25 s elapsed
Epoch  4,   200/  454; acc:  61.04; ppl:   8.95; 4963 src tok/s; 5151 tgt tok/s;     33 s elapsed
Epoch  4,   250/  454; acc:  62.44; ppl:   8.23; 5080 src tok/s; 5286 tgt tok/s;     42 s elapsed
Epoch  4,   300/  454; acc:  61.00; ppl:   8.85; 5057 src tok/s; 5229 tgt tok/s;     50 s elapsed
Epoch  4,   350/  454; acc:  63.89; ppl:   7.38; 5061 src tok/s; 5311 tgt tok/s;     58 s elapsed
Epoch  4,   400/  454; acc:  61.26; ppl:   8.61; 5142 src tok/s; 5277 tgt tok/s;     67 s elapsed
Epoch  4,   450/  454; acc:  62.41; ppl:   8.09; 5071 src tok/s; 5247 tgt tok/s;     75 s elapsed
Train perplexity: 8.42037
Train accuracy: 61.7666
Validation perplexity: 8.42177
Validation accuracy: 63.2539

Epoch  5,    50/  454; acc:  65.71; ppl:   6.28; 5103 src tok/s; 5300 tgt tok/s;      8 s elapsed
Epoch  5,   100/  454; acc:  63.94; ppl:   6.83; 5208 src tok/s; 5380 tgt tok/s;     16 s elapsed
Epoch  5,   150/  454; acc:  64.92; ppl:   6.38; 5149 src tok/s; 5315 tgt tok/s;     25 s elapsed
Epoch  5,   200/  454; acc:  65.73; ppl:   6.15; 5022 src tok/s; 5238 tgt tok/s;     33 s elapsed
Epoch  5,   250/  454; acc:  65.82; ppl:   6.18; 5002 src tok/s; 5223 tgt tok/s;     41 s elapsed
Epoch  5,   300/  454; acc:  64.31; ppl:   6.61; 5097 src tok/s; 5275 tgt tok/s;     49 s elapsed
Epoch  5,   350/  454; acc:  66.25; ppl:   6.02; 5054 src tok/s; 5264 tgt tok/s;     58 s elapsed
Epoch  5,   400/  454; acc:  65.38; ppl:   6.41; 5032 src tok/s; 5198 tgt tok/s;     66 s elapsed
Epoch  5,   450/  454; acc:  64.91; ppl:   6.41; 4953 src tok/s; 5155 tgt tok/s;     74 s elapsed
Train perplexity: 6.36101
Train accuracy: 65.2106
Validation perplexity: 7.39392
Validation accuracy: 65.1057

Epoch  6,    50/  454; acc:  69.18; ppl:   4.74; 4974 src tok/s; 5197 tgt tok/s;      8 s elapsed
Epoch  6,   100/  454; acc:  67.09; ppl:   5.35; 5226 src tok/s; 5418 tgt tok/s;     17 s elapsed
Epoch  6,   150/  454; acc:  67.68; ppl:   5.31; 5079 src tok/s; 5241 tgt tok/s;     25 s elapsed
Epoch  6,   200/  454; acc:  67.96; ppl:   5.05; 5080 src tok/s; 5256 tgt tok/s;     33 s elapsed
Epoch  6,   250/  454; acc:  68.00; ppl:   5.03; 5025 src tok/s; 5203 tgt tok/s;     42 s elapsed
Epoch  6,   300/  454; acc:  68.49; ppl:   4.94; 5020 src tok/s; 5217 tgt tok/s;     50 s elapsed
Epoch  6,   350/  454; acc:  67.56; ppl:   5.20; 5090 src tok/s; 5287 tgt tok/s;     58 s elapsed
Epoch  6,   400/  454; acc:  67.29; ppl:   5.32; 4961 src tok/s; 5154 tgt tok/s;     66 s elapsed
Epoch  6,   450/  454; acc:  67.52; ppl:   5.24; 4996 src tok/s; 5199 tgt tok/s;     75 s elapsed
Train perplexity: 5.13757
Train accuracy: 67.8435
Validation perplexity: 6.75155
Validation accuracy: 66.1558

Epoch  7,    50/  454; acc:  69.91; ppl:   4.40; 5171 src tok/s; 5328 tgt tok/s;      9 s elapsed
Epoch  7,   100/  454; acc:  71.75; ppl:   3.84; 5038 src tok/s; 5279 tgt tok/s;     16 s elapsed
Epoch  7,   150/  454; acc:  69.57; ppl:   4.37; 5130 src tok/s; 5301 tgt tok/s;     25 s elapsed
Epoch  7,   200/  454; acc:  70.41; ppl:   4.18; 4977 src tok/s; 5176 tgt tok/s;     33 s elapsed
Epoch  7,   250/  454; acc:  70.11; ppl:   4.30; 5058 src tok/s; 5239 tgt tok/s;     41 s elapsed
Epoch  7,   300/  454; acc:  69.42; ppl:   4.52; 5026 src tok/s; 5201 tgt tok/s;     50 s elapsed
Epoch  7,   350/  454; acc:  70.20; ppl:   4.22; 4946 src tok/s; 5169 tgt tok/s;     58 s elapsed
Epoch  7,   400/  454; acc:  68.52; ppl:   4.62; 5001 src tok/s; 5177 tgt tok/s;     67 s elapsed
Epoch  7,   450/  454; acc:  69.34; ppl:   4.43; 4850 src tok/s; 5049 tgt tok/s;     75 s elapsed
Train perplexity: 4.31898
Train accuracy: 69.8975
Validation perplexity: 6.4975
Validation accuracy: 67.5536

Epoch  8,    50/  454; acc:  72.90; ppl:   3.50; 5233 src tok/s; 5448 tgt tok/s;      8 s elapsed
Epoch  8,   100/  454; acc:  72.07; ppl:   3.65; 5012 src tok/s; 5202 tgt tok/s;     16 s elapsed
Epoch  8,   150/  454; acc:  71.31; ppl:   3.81; 5118 src tok/s; 5293 tgt tok/s;     25 s elapsed
Epoch  8,   200/  454; acc:  72.42; ppl:   3.56; 4947 src tok/s; 5151 tgt tok/s;     33 s elapsed
Epoch  8,   250/  454; acc:  70.11; ppl:   4.09; 5117 src tok/s; 5258 tgt tok/s;     42 s elapsed
Epoch  8,   300/  454; acc:  72.49; ppl:   3.58; 4927 src tok/s; 5137 tgt tok/s;     50 s elapsed
Epoch  8,   350/  454; acc:  70.88; ppl:   3.93; 5010 src tok/s; 5210 tgt tok/s;     58 s elapsed
Epoch  8,   400/  454; acc:  71.77; ppl:   3.78; 5035 src tok/s; 5217 tgt tok/s;     66 s elapsed
Epoch  8,   450/  454; acc:  71.23; ppl:   3.87; 4935 src tok/s; 5128 tgt tok/s;     75 s elapsed
Train perplexity: 3.74972
Train accuracy: 71.6791
Validation perplexity: 6.3726
Validation accuracy: 67.738
Decaying learning rate to 0.5

Epoch  9,    50/  454; acc:  77.17; ppl:   2.71; 5101 src tok/s; 5308 tgt tok/s;      8 s elapsed
Epoch  9,   100/  454; acc:  75.72; ppl:   2.95; 5025 src tok/s; 5214 tgt tok/s;     16 s elapsed
Epoch  9,   150/  454; acc:  76.61; ppl:   2.83; 5126 src tok/s; 5322 tgt tok/s;     25 s elapsed
Epoch  9,   200/  454; acc:  76.57; ppl:   2.82; 5043 src tok/s; 5208 tgt tok/s;     33 s elapsed
Epoch  9,   250/  454; acc:  77.15; ppl:   2.72; 5040 src tok/s; 5252 tgt tok/s;     41 s elapsed
Epoch  9,   300/  454; acc:  75.77; ppl:   2.92; 5128 src tok/s; 5283 tgt tok/s;     50 s elapsed
Epoch  9,   350/  454; acc:  77.12; ppl:   2.70; 4959 src tok/s; 5176 tgt tok/s;     58 s elapsed
Epoch  9,   400/  454; acc:  75.91; ppl:   2.88; 4997 src tok/s; 5180 tgt tok/s;     66 s elapsed
Epoch  9,   450/  454; acc:  75.62; ppl:   2.95; 4919 src tok/s; 5108 tgt tok/s;     75 s elapsed
Train perplexity: 2.82485
Train accuracy: 76.4199
Validation perplexity: 6.12017
Validation accuracy: 68.6391
Decaying learning rate to 0.25

Epoch 10,    50/  454; acc:  79.23; ppl:   2.43; 5028 src tok/s; 5203 tgt tok/s;      9 s elapsed
Epoch 10,   100/  454; acc:  80.37; ppl:   2.29; 5076 src tok/s; 5297 tgt tok/s;     17 s elapsed
Epoch 10,   150/  454; acc:  80.26; ppl:   2.30; 4985 src tok/s; 5214 tgt tok/s;     25 s elapsed
Epoch 10,   200/  454; acc:  80.06; ppl:   2.37; 5158 src tok/s; 5315 tgt tok/s;     34 s elapsed
Epoch 10,   250/  454; acc:  79.40; ppl:   2.43; 5016 src tok/s; 5189 tgt tok/s;     43 s elapsed
Epoch 10,   300/  454; acc:  81.05; ppl:   2.21; 4978 src tok/s; 5184 tgt tok/s;     51 s elapsed
Epoch 10,   350/  454; acc:  80.22; ppl:   2.27; 5143 src tok/s; 5348 tgt tok/s;     59 s elapsed
Epoch 10,   400/  454; acc:  79.28; ppl:   2.45; 5071 src tok/s; 5244 tgt tok/s;     67 s elapsed
Epoch 10,   450/  454; acc:  79.61; ppl:   2.34; 4995 src tok/s; 5184 tgt tok/s;     75 s elapsed
Train perplexity: 2.34156
Train accuracy: 79.9386
Validation perplexity: 5.99268
Validation accuracy: 69.3416
Decaying learning rate to 0.125

Epoch 11,    50/  454; acc:  82.51; ppl:   2.08; 5163 src tok/s; 5345 tgt tok/s;      8 s elapsed
Epoch 11,   100/  454; acc:  82.03; ppl:   2.14; 5106 src tok/s; 5286 tgt tok/s;     16 s elapsed
Epoch 11,   150/  454; acc:  81.85; ppl:   2.11; 5098 src tok/s; 5281 tgt tok/s;     25 s elapsed
Epoch 11,   200/  454; acc:  82.14; ppl:   2.12; 4908 src tok/s; 5113 tgt tok/s;     33 s elapsed
Epoch 11,   250/  454; acc:  81.46; ppl:   2.19; 5044 src tok/s; 5203 tgt tok/s;     42 s elapsed
Epoch 11,   300/  454; acc:  82.36; ppl:   2.09; 4984 src tok/s; 5218 tgt tok/s;     50 s elapsed
Epoch 11,   350/  454; acc:  81.56; ppl:   2.18; 4953 src tok/s; 5136 tgt tok/s;     59 s elapsed
Epoch 11,   400/  454; acc:  82.48; ppl:   2.06; 4943 src tok/s; 5171 tgt tok/s;     67 s elapsed
Epoch 11,   450/  454; acc:  81.40; ppl:   2.15; 5052 src tok/s; 5204 tgt tok/s;     75 s elapsed
Train perplexity: 2.12328
Train accuracy: 81.9805
Validation perplexity: 6.12859
Validation accuracy: 69.4267
Decaying learning rate to 0.0625

Epoch 12,    50/  454; acc:  83.59; ppl:   1.98; 5064 src tok/s; 5268 tgt tok/s;      8 s elapsed
Epoch 12,   100/  454; acc:  82.66; ppl:   2.09; 5223 src tok/s; 5399 tgt tok/s;     16 s elapsed
Epoch 12,   150/  454; acc:  83.41; ppl:   1.97; 5013 src tok/s; 5207 tgt tok/s;     25 s elapsed
Epoch 12,   200/  454; acc:  82.84; ppl:   2.04; 4997 src tok/s; 5170 tgt tok/s;     33 s elapsed
Epoch 12,   250/  454; acc:  82.17; ppl:   2.11; 5022 src tok/s; 5182 tgt tok/s;     42 s elapsed
Epoch 12,   300/  454; acc:  83.66; ppl:   1.93; 4996 src tok/s; 5207 tgt tok/s;     50 s elapsed
Epoch 12,   350/  454; acc:  82.33; ppl:   2.09; 5002 src tok/s; 5170 tgt tok/s;     59 s elapsed
Epoch 12,   400/  454; acc:  83.47; ppl:   1.95; 4982 src tok/s; 5208 tgt tok/s;     67 s elapsed
Epoch 12,   450/  454; acc:  82.71; ppl:   2.05; 4940 src tok/s; 5148 tgt tok/s;     75 s elapsed
Train perplexity: 2.02216
Train accuracy: 82.988
Validation perplexity: 6.24214
Validation accuracy: 69.4054
Decaying learning rate to 0.03125

Epoch 13,    50/  454; acc:  83.07; ppl:   2.03; 5098 src tok/s; 5241 tgt tok/s;      9 s elapsed
Epoch 13,   100/  454; acc:  84.51; ppl:   1.89; 5065 src tok/s; 5307 tgt tok/s;     16 s elapsed
Epoch 13,   150/  454; acc:  83.80; ppl:   1.93; 4996 src tok/s; 5235 tgt tok/s;     25 s elapsed
Epoch 13,   200/  454; acc:  83.24; ppl:   2.00; 5152 src tok/s; 5313 tgt tok/s;     33 s elapsed
Epoch 13,   250/  454; acc:  83.47; ppl:   1.98; 5007 src tok/s; 5200 tgt tok/s;     41 s elapsed
Epoch 13,   300/  454; acc:  83.74; ppl:   1.94; 5249 src tok/s; 5435 tgt tok/s;     49 s elapsed
Epoch 13,   350/  454; acc:  84.50; ppl:   1.88; 5200 src tok/s; 5399 tgt tok/s;     57 s elapsed
Epoch 13,   400/  454; acc:  82.47; ppl:   2.10; 5056 src tok/s; 5251 tgt tok/s;     66 s elapsed
Epoch 13,   450/  454; acc:  83.70; ppl:   1.94; 5075 src tok/s; 5280 tgt tok/s;     74 s elapsed
Train perplexity: 1.97204
Train accuracy: 83.5377
Validation perplexity: 6.25674
Validation accuracy: 69.526
Decaying learning rate to 0.015625

Epoch 14,    50/  454; acc:  83.51; ppl:   1.99; 5079 src tok/s; 5272 tgt tok/s;      8 s elapsed
Epoch 14,   100/  454; acc:  84.32; ppl:   1.90; 5150 src tok/s; 5336 tgt tok/s;     16 s elapsed
Epoch 14,   150/  454; acc:  84.75; ppl:   1.86; 4874 src tok/s; 5107 tgt tok/s;     25 s elapsed
Epoch 14,   200/  454; acc:  83.00; ppl:   2.03; 5162 src tok/s; 5315 tgt tok/s;     33 s elapsed
Epoch 14,   250/  454; acc:  83.99; ppl:   1.91; 5192 src tok/s; 5377 tgt tok/s;     41 s elapsed
Epoch 14,   300/  454; acc:  83.40; ppl:   2.00; 5048 src tok/s; 5231 tgt tok/s;     49 s elapsed
Epoch 14,   350/  454; acc:  84.59; ppl:   1.88; 5015 src tok/s; 5232 tgt tok/s;     58 s elapsed
Epoch 14,   400/  454; acc:  83.10; ppl:   2.00; 5039 src tok/s; 5232 tgt tok/s;     66 s elapsed
Epoch 14,   450/  454; acc:  84.53; ppl:   1.91; 5004 src tok/s; 5199 tgt tok/s;     74 s elapsed
Train perplexity: 1.94661
Train accuracy: 83.8246
Validation perplexity: 6.29618
Validation accuracy: 69.4977
Decaying learning rate to 0.0078125

Epoch 15,    50/  454; acc:  83.02; ppl:   2.04; 5160 src tok/s; 5346 tgt tok/s;      8 s elapsed
Epoch 15,   100/  454; acc:  85.47; ppl:   1.81; 5114 src tok/s; 5324 tgt tok/s;     16 s elapsed
Epoch 15,   150/  454; acc:  83.57; ppl:   2.00; 5032 src tok/s; 5203 tgt tok/s;     25 s elapsed
Epoch 15,   200/  454; acc:  84.32; ppl:   1.89; 5052 src tok/s; 5249 tgt tok/s;     33 s elapsed
Epoch 15,   250/  454; acc:  84.62; ppl:   1.87; 5123 src tok/s; 5319 tgt tok/s;     41 s elapsed
Epoch 15,   300/  454; acc:  83.53; ppl:   1.98; 4973 src tok/s; 5147 tgt tok/s;     50 s elapsed
Epoch 15,   350/  454; acc:  85.45; ppl:   1.81; 4931 src tok/s; 5165 tgt tok/s;     57 s elapsed
Epoch 15,   400/  454; acc:  82.44; ppl:   2.07; 5116 src tok/s; 5266 tgt tok/s;     66 s elapsed
Epoch 15,   450/  454; acc:  84.41; ppl:   1.88; 5006 src tok/s; 5227 tgt tok/s;     74 s elapsed
Train perplexity: 1.93392
Train accuracy: 84.0104
Validation perplexity: 6.30746
Validation accuracy: 69.5544
Decaying learning rate to 0.00390625

Epoch 16,    50/  454; acc:  84.46; ppl:   1.90; 5113 src tok/s; 5324 tgt tok/s;      8 s elapsed
Epoch 16,   100/  454; acc:  83.47; ppl:   1.96; 5147 src tok/s; 5330 tgt tok/s;     16 s elapsed
Epoch 16,   150/  454; acc:  84.23; ppl:   1.92; 5080 src tok/s; 5231 tgt tok/s;     25 s elapsed
Epoch 16,   200/  454; acc:  84.66; ppl:   1.87; 5044 src tok/s; 5269 tgt tok/s;     33 s elapsed
Epoch 16,   250/  454; acc:  83.81; ppl:   1.95; 4942 src tok/s; 5119 tgt tok/s;     41 s elapsed
Epoch 16,   300/  454; acc:  84.25; ppl:   1.91; 5006 src tok/s; 5194 tgt tok/s;     50 s elapsed
Epoch 16,   350/  454; acc:  84.06; ppl:   1.92; 5008 src tok/s; 5215 tgt tok/s;     58 s elapsed
Epoch 16,   400/  454; acc:  83.48; ppl:   1.98; 5016 src tok/s; 5192 tgt tok/s;     67 s elapsed
Epoch 16,   450/  454; acc:  83.85; ppl:   1.96; 4922 src tok/s; 5105 tgt tok/s;     75 s elapsed
Train perplexity: 1.92692
Train accuracy: 84.0477
Validation perplexity: 6.30966
Validation accuracy: 69.5899
Decaying learning rate to 0.00195312

Epoch 17,    50/  454; acc:  84.70; ppl:   1.85; 5106 src tok/s; 5325 tgt tok/s;      8 s elapsed
Epoch 17,   100/  454; acc:  83.22; ppl:   2.02; 5131 src tok/s; 5293 tgt tok/s;     16 s elapsed
Epoch 17,   150/  454; acc:  83.64; ppl:   1.97; 4989 src tok/s; 5155 tgt tok/s;     25 s elapsed
Epoch 17,   200/  454; acc:  84.72; ppl:   1.88; 4966 src tok/s; 5180 tgt tok/s;     33 s elapsed
Epoch 17,   250/  454; acc:  84.53; ppl:   1.88; 5006 src tok/s; 5202 tgt tok/s;     41 s elapsed
Epoch 17,   300/  454; acc:  83.28; ppl:   1.99; 5087 src tok/s; 5242 tgt tok/s;     50 s elapsed
Epoch 17,   350/  454; acc:  83.67; ppl:   1.95; 4996 src tok/s; 5159 tgt tok/s;     59 s elapsed
Epoch 17,   400/  454; acc:  84.73; ppl:   1.86; 5006 src tok/s; 5251 tgt tok/s;     67 s elapsed
Epoch 17,   450/  454; acc:  83.97; ppl:   1.94; 4985 src tok/s; 5179 tgt tok/s;     75 s elapsed
Train perplexity: 1.92735
Train accuracy: 84.0566
Validation perplexity: 6.31183
Validation accuracy: 69.5615
Decaying learning rate to 0.000976562
