<module 'opts' from '/u/suhubdyd/research/projects/jumble_lstm/code/auxiliary-nmt/opts.pyc'>
Namespace(batch_size=64, brnn=False, brnn_merge='concat', cnn_kernel_width=3, context_gate=None, copy_attn=False, copy_attn_force=False, coverage_attn=False, data='/data/lisatmp3/suhubdyd/multi30k.atok.low', dec_layers=1, decay_method='', decoder_type='rnn', dropout=0.3, enc_layers=2, encoder_type='rnn', epochs=17, exp='', exp_host='', feat_merge='concat', feat_vec_exponent=0.7, feat_vec_size=-1, fix_word_vecs_dec=False, fix_word_vecs_enc=False, global_attention='general', gpuid=[0], input_feed=1, kappa_dec=0.0, kappa_enc=0.15, lambda_coverage=1, layers=-1, learning_rate=1.0, learning_rate_decay=0.5, max_generator_batches=32, max_grad_norm=5, model_type='text', optim='sgd', param_init=0.1, position_encoding=False, pre_word_vecs_dec=None, pre_word_vecs_enc=None, report_every=50, rnn_size=500, rnn_type='LSTM', save_model='/data/lisatmp3/suhubdyd/models/encoder0.15decoder0dropout0.3wdropFalse', seed=-1, share_decoder_embeddings=False, share_embeddings=False, src_word_vec_size=500, start_checkpoint_at=0, start_decay_at=8, start_epoch=1, tgt_word_vec_size=500, train_from='', truncated_decoder=0, warmup_steps=4000, weightdropout=False, word_vec_size=-1)
('Using Kappa L2 loss on encoder', 0.15)
Loading train and validate data from '/data/lisatmp3/suhubdyd/multi30k.atok.low'
 * number of training sentences: 29000
 * maximum batch size: 64
 * vocabulary size. source = 10841; target = 18563
Building model...
Intializing model parameters.
NMTModel (
  (encoder): RNNEncoder (
    (embeddings): Embeddings (
      (make_embedding): Sequential (
        (emb_luts): Elementwise (
          (0): Embedding(10841, 500, padding_idx=1)
        )
      )
    )
    (dropout): Dropout (p = 0.3)
    (rnn): LSTM(500, 500, dropout=0.3)
  )
  (decoder): InputFeedRNNDecoder (
    (embeddings): Embeddings (
      (make_embedding): Sequential (
        (emb_luts): Elementwise (
          (0): Embedding(18563, 500, padding_idx=1)
        )
      )
    )
    (dropout): Dropout (p = 0.3)
    (rnn): StackedLSTM (
      (dropout): Dropout (p = 0.3)
      (layers): ModuleList (
        (0): LSTMCell(1000, 500)
      )
    )
    (attn): GlobalAttention (
      (linear_in): Linear (500 -> 500)
      (linear_out): Linear (1000 -> 500)
      (sm): Softmax ()
      (tanh): Tanh ()
    )
  )
  (generator): Sequential (
    (0): Linear (500 -> 18563)
    (1): LogSoftmax ()
  )
)
* number of parameters: 29760063
('encoder: ', 7424500)
('decoder: ', 22335563)

Epoch  1,    50/  454; acc:   7.85; ppl: 20516.22; 5718 src tok/s; 5885 tgt tok/s;      8 s elapsed
Epoch  1,   100/  454; acc:  15.37; ppl: 1902.57; 5757 src tok/s; 6011 tgt tok/s;     15 s elapsed
Epoch  1,   150/  454; acc:  17.85; ppl: 478.28; 5839 src tok/s; 6038 tgt tok/s;     22 s elapsed
Epoch  1,   200/  454; acc:  21.98; ppl: 239.71; 5728 src tok/s; 6005 tgt tok/s;     29 s elapsed
Epoch  1,   250/  454; acc:  24.19; ppl: 187.01; 5798 src tok/s; 5979 tgt tok/s;     37 s elapsed
Epoch  1,   300/  454; acc:  27.70; ppl: 123.15; 5864 src tok/s; 6089 tgt tok/s;     44 s elapsed
Epoch  1,   350/  454; acc:  29.56; ppl:  94.81; 5918 src tok/s; 6150 tgt tok/s;     51 s elapsed
Epoch  1,   400/  454; acc:  31.12; ppl:  82.42; 5825 src tok/s; 6056 tgt tok/s;     58 s elapsed
Epoch  1,   450/  454; acc:  33.80; ppl:  66.53; 5903 src tok/s; 6134 tgt tok/s;     65 s elapsed
Train perplexity: 336.859
Train accuracy: 23.2716
Validation perplexity: 55.6768
Validation accuracy: 35.9657

Epoch  2,    50/  454; acc:  34.88; ppl:  59.22; 5925 src tok/s; 6118 tgt tok/s;      7 s elapsed
Epoch  2,   100/  454; acc:  39.27; ppl:  41.56; 5786 src tok/s; 6056 tgt tok/s;     14 s elapsed
Epoch  2,   150/  454; acc:  40.77; ppl:  38.91; 5863 src tok/s; 6066 tgt tok/s;     22 s elapsed
Epoch  2,   200/  454; acc:  44.01; ppl:  30.60; 5881 src tok/s; 6118 tgt tok/s;     29 s elapsed
Epoch  2,   250/  454; acc:  46.01; ppl:  27.51; 5760 src tok/s; 5990 tgt tok/s;     36 s elapsed
Epoch  2,   300/  454; acc:  46.93; ppl:  24.95; 5936 src tok/s; 6144 tgt tok/s;     43 s elapsed
Epoch  2,   350/  454; acc:  50.34; ppl:  19.95; 5923 src tok/s; 6126 tgt tok/s;     50 s elapsed
Epoch  2,   400/  454; acc:  49.52; ppl:  20.82; 5759 src tok/s; 5967 tgt tok/s;     57 s elapsed
Epoch  2,   450/  454; acc:  50.86; ppl:  19.36; 5831 src tok/s; 6070 tgt tok/s;     64 s elapsed
Train perplexity: 29.2531
Train accuracy: 44.789
Validation perplexity: 15.5022
Validation accuracy: 54.8815

Epoch  3,    50/  454; acc:  54.13; ppl:  15.06; 5640 src tok/s; 5927 tgt tok/s;      7 s elapsed
Epoch  3,   100/  454; acc:  53.74; ppl:  15.10; 5752 src tok/s; 5979 tgt tok/s;     15 s elapsed
Epoch  3,   150/  454; acc:  56.01; ppl:  13.14; 5769 src tok/s; 5996 tgt tok/s;     22 s elapsed
Epoch  3,   200/  454; acc:  56.44; ppl:  12.68; 6000 src tok/s; 6234 tgt tok/s;     29 s elapsed
Epoch  3,   250/  454; acc:  56.47; ppl:  12.58; 6030 src tok/s; 6214 tgt tok/s;     36 s elapsed
Epoch  3,   300/  454; acc:  57.79; ppl:  11.74; 5941 src tok/s; 6160 tgt tok/s;     43 s elapsed
Epoch  3,   350/  454; acc:  58.34; ppl:  11.12; 6048 src tok/s; 6291 tgt tok/s;     50 s elapsed
Epoch  3,   400/  454; acc:  58.52; ppl:  11.35; 5993 src tok/s; 6155 tgt tok/s;     57 s elapsed
Epoch  3,   450/  454; acc:  59.22; ppl:  10.64; 5855 src tok/s; 6072 tgt tok/s;     64 s elapsed
Train perplexity: 12.4909
Train accuracy: 56.7677
Validation perplexity: 9.92212
Validation accuracy: 60.7564

Epoch  4,    50/  454; acc:  61.57; ppl:   8.63; 5933 src tok/s; 6144 tgt tok/s;      7 s elapsed
Epoch  4,   100/  454; acc:  61.74; ppl:   8.47; 5981 src tok/s; 6214 tgt tok/s;     14 s elapsed
Epoch  4,   150/  454; acc:  61.46; ppl:   8.44; 5961 src tok/s; 6192 tgt tok/s;     21 s elapsed
Epoch  4,   200/  454; acc:  62.03; ppl:   8.39; 5908 src tok/s; 6110 tgt tok/s;     28 s elapsed
Epoch  4,   250/  454; acc:  62.79; ppl:   7.94; 6092 src tok/s; 6355 tgt tok/s;     35 s elapsed
Epoch  4,   300/  454; acc:  61.80; ppl:   8.41; 6051 src tok/s; 6282 tgt tok/s;     42 s elapsed
Epoch  4,   350/  454; acc:  63.00; ppl:   7.70; 5965 src tok/s; 6191 tgt tok/s;     49 s elapsed
Epoch  4,   400/  454; acc:  61.92; ppl:   8.13; 5843 src tok/s; 6058 tgt tok/s;     56 s elapsed
Epoch  4,   450/  454; acc:  62.82; ppl:   7.87; 5901 src tok/s; 6119 tgt tok/s;     63 s elapsed
Train perplexity: 8.20304
Train accuracy: 62.1422
Validation perplexity: 8.36474
Validation accuracy: 63.4383

Epoch  5,    50/  454; acc:  65.44; ppl:   6.24; 5803 src tok/s; 6012 tgt tok/s;      7 s elapsed
Epoch  5,   100/  454; acc:  66.18; ppl:   5.96; 5983 src tok/s; 6208 tgt tok/s;     14 s elapsed
Epoch  5,   150/  454; acc:  66.04; ppl:   6.15; 5926 src tok/s; 6182 tgt tok/s;     21 s elapsed
Epoch  5,   200/  454; acc:  65.53; ppl:   6.32; 5895 src tok/s; 6122 tgt tok/s;     28 s elapsed
Epoch  5,   250/  454; acc:  65.75; ppl:   6.14; 6005 src tok/s; 6229 tgt tok/s;     35 s elapsed
Epoch  5,   300/  454; acc:  64.81; ppl:   6.52; 5980 src tok/s; 6221 tgt tok/s;     42 s elapsed
Epoch  5,   350/  454; acc:  66.15; ppl:   6.13; 5933 src tok/s; 6170 tgt tok/s;     49 s elapsed
Epoch  5,   400/  454; acc:  64.36; ppl:   6.62; 6015 src tok/s; 6196 tgt tok/s;     56 s elapsed
Epoch  5,   450/  454; acc:  66.10; ppl:   6.02; 5955 src tok/s; 6193 tgt tok/s;     63 s elapsed
Train perplexity: 6.23954
Train accuracy: 65.5697
Validation perplexity: 7.57251
Validation accuracy: 64.5168

Epoch  6,    50/  454; acc:  69.12; ppl:   4.75; 5885 src tok/s; 6111 tgt tok/s;      7 s elapsed
Epoch  6,   100/  454; acc:  67.99; ppl:   5.08; 5944 src tok/s; 6184 tgt tok/s;     14 s elapsed
Epoch  6,   150/  454; acc:  67.56; ppl:   5.09; 5878 src tok/s; 6063 tgt tok/s;     21 s elapsed
Epoch  6,   200/  454; acc:  68.26; ppl:   4.93; 5976 src tok/s; 6227 tgt tok/s;     28 s elapsed
Epoch  6,   250/  454; acc:  67.53; ppl:   5.20; 5984 src tok/s; 6204 tgt tok/s;     35 s elapsed
Epoch  6,   300/  454; acc:  68.67; ppl:   4.87; 5940 src tok/s; 6167 tgt tok/s;     42 s elapsed
Epoch  6,   350/  454; acc:  68.66; ppl:   4.88; 5953 src tok/s; 6200 tgt tok/s;     49 s elapsed
Epoch  6,   400/  454; acc:  66.55; ppl:   5.51; 5989 src tok/s; 6195 tgt tok/s;     56 s elapsed
Epoch  6,   450/  454; acc:  67.78; ppl:   5.18; 5950 src tok/s; 6175 tgt tok/s;     63 s elapsed
Train perplexity: 5.05106
Train accuracy: 68.0179
Validation perplexity: 7.29058
Validation accuracy: 65.2689

Epoch  7,    50/  454; acc:  70.83; ppl:   4.05; 5808 src tok/s; 6030 tgt tok/s;      7 s elapsed
Epoch  7,   100/  454; acc:  70.61; ppl:   4.05; 5956 src tok/s; 6175 tgt tok/s;     14 s elapsed
Epoch  7,   150/  454; acc:  69.30; ppl:   4.49; 6075 src tok/s; 6232 tgt tok/s;     22 s elapsed
Epoch  7,   200/  454; acc:  71.89; ppl:   3.85; 5884 src tok/s; 6181 tgt tok/s;     28 s elapsed
Epoch  7,   250/  454; acc:  70.35; ppl:   4.24; 6035 src tok/s; 6283 tgt tok/s;     35 s elapsed
Epoch  7,   300/  454; acc:  69.39; ppl:   4.41; 5981 src tok/s; 6206 tgt tok/s;     42 s elapsed
Epoch  7,   350/  454; acc:  69.79; ppl:   4.34; 5722 src tok/s; 5956 tgt tok/s;     49 s elapsed
Epoch  7,   400/  454; acc:  68.83; ppl:   4.67; 5853 src tok/s; 6049 tgt tok/s;     57 s elapsed
Epoch  7,   450/  454; acc:  69.70; ppl:   4.32; 5844 src tok/s; 6070 tgt tok/s;     64 s elapsed
Train perplexity: 4.26841
Train accuracy: 70.0506
Validation perplexity: 6.6331
Validation accuracy: 67.3265

Epoch  8,    50/  454; acc:  72.08; ppl:   3.66; 5987 src tok/s; 6157 tgt tok/s;      7 s elapsed
Epoch  8,   100/  454; acc:  72.80; ppl:   3.52; 5877 src tok/s; 6138 tgt tok/s;     14 s elapsed
Epoch  8,   150/  454; acc:  72.35; ppl:   3.57; 5996 src tok/s; 6229 tgt tok/s;     21 s elapsed
Epoch  8,   200/  454; acc:  71.86; ppl:   3.72; 6030 src tok/s; 6222 tgt tok/s;     28 s elapsed
Epoch  8,   250/  454; acc:  71.60; ppl:   3.80; 5904 src tok/s; 6125 tgt tok/s;     35 s elapsed
Epoch  8,   300/  454; acc:  72.29; ppl:   3.57; 5953 src tok/s; 6222 tgt tok/s;     42 s elapsed
Epoch  8,   350/  454; acc:  71.76; ppl:   3.71; 5981 src tok/s; 6222 tgt tok/s;     49 s elapsed
Epoch  8,   400/  454; acc:  70.69; ppl:   3.89; 5979 src tok/s; 6196 tgt tok/s;     56 s elapsed
Epoch  8,   450/  454; acc:  70.88; ppl:   3.94; 5817 src tok/s; 6046 tgt tok/s;     63 s elapsed
Train perplexity: 3.71073
Train accuracy: 71.7903
Validation perplexity: 6.44367
Validation accuracy: 67.8232
Decaying learning rate to 0.5

Epoch  9,    50/  454; acc:  75.92; ppl:   2.88; 5941 src tok/s; 6155 tgt tok/s;      7 s elapsed
Epoch  9,   100/  454; acc:  76.87; ppl:   2.77; 5811 src tok/s; 6026 tgt tok/s;     14 s elapsed
Epoch  9,   150/  454; acc:  75.50; ppl:   2.97; 5886 src tok/s; 6063 tgt tok/s;     22 s elapsed
Epoch  9,   200/  454; acc:  77.90; ppl:   2.64; 5907 src tok/s; 6148 tgt tok/s;     29 s elapsed
Epoch  9,   250/  454; acc:  76.20; ppl:   2.86; 5747 src tok/s; 5987 tgt tok/s;     36 s elapsed
Epoch  9,   300/  454; acc:  77.19; ppl:   2.70; 5917 src tok/s; 6133 tgt tok/s;     43 s elapsed
Epoch  9,   350/  454; acc:  77.66; ppl:   2.63; 5835 src tok/s; 6108 tgt tok/s;     50 s elapsed
Epoch  9,   400/  454; acc:  75.92; ppl:   2.87; 5898 src tok/s; 6086 tgt tok/s;     57 s elapsed
Epoch  9,   450/  454; acc:  76.59; ppl:   2.81; 5758 src tok/s; 6002 tgt tok/s;     64 s elapsed
Train perplexity: 2.79701
Train accuracy: 76.6017
Validation perplexity: 6.22225
Validation accuracy: 68.5256
Decaying learning rate to 0.25

Epoch 10,    50/  454; acc:  79.89; ppl:   2.39; 5913 src tok/s; 6166 tgt tok/s;      7 s elapsed
Epoch 10,   100/  454; acc:  80.51; ppl:   2.28; 6060 src tok/s; 6262 tgt tok/s;     14 s elapsed
Epoch 10,   150/  454; acc:  79.42; ppl:   2.41; 5550 src tok/s; 5732 tgt tok/s;     22 s elapsed
Epoch 10,   200/  454; acc:  80.75; ppl:   2.23; 5789 src tok/s; 6035 tgt tok/s;     29 s elapsed
Epoch 10,   250/  454; acc:  79.67; ppl:   2.37; 4870 src tok/s; 5034 tgt tok/s;     38 s elapsed
Epoch 10,   300/  454; acc:  80.24; ppl:   2.30; 5896 src tok/s; 6141 tgt tok/s;     45 s elapsed
Epoch 10,   350/  454; acc:  80.81; ppl:   2.23; 5941 src tok/s; 6219 tgt tok/s;     51 s elapsed
Epoch 10,   400/  454; acc:  79.07; ppl:   2.46; 6127 src tok/s; 6297 tgt tok/s;     59 s elapsed
Epoch 10,   450/  454; acc:  80.19; ppl:   2.30; 5852 src tok/s; 6094 tgt tok/s;     66 s elapsed
Train perplexity: 2.32856
Train accuracy: 80.068
Validation perplexity: 6.33773
Validation accuracy: 69.5828
Decaying learning rate to 0.125

Epoch 11,    50/  454; acc:  82.20; ppl:   2.10; 5715 src tok/s; 5963 tgt tok/s;      7 s elapsed
Epoch 11,   100/  454; acc:  82.87; ppl:   2.04; 5608 src tok/s; 5807 tgt tok/s;     15 s elapsed
Epoch 11,   150/  454; acc:  81.46; ppl:   2.17; 5874 src tok/s; 6075 tgt tok/s;     22 s elapsed
Epoch 11,   200/  454; acc:  82.73; ppl:   2.04; 5813 src tok/s; 6056 tgt tok/s;     29 s elapsed
Epoch 11,   250/  454; acc:  82.76; ppl:   2.05; 5811 src tok/s; 6015 tgt tok/s;     36 s elapsed
Epoch 11,   300/  454; acc:  81.85; ppl:   2.16; 5812 src tok/s; 6023 tgt tok/s;     44 s elapsed
Epoch 11,   350/  454; acc:  81.77; ppl:   2.12; 5731 src tok/s; 5963 tgt tok/s;     51 s elapsed
Epoch 11,   400/  454; acc:  81.58; ppl:   2.15; 5995 src tok/s; 6204 tgt tok/s;     58 s elapsed
Epoch 11,   450/  454; acc:  81.52; ppl:   2.18; 5834 src tok/s; 6050 tgt tok/s;     65 s elapsed
Train perplexity: 2.11147
Train accuracy: 82.0792
Validation perplexity: 6.33013
Validation accuracy: 69.448
Decaying learning rate to 0.0625

Epoch 12,    50/  454; acc:  83.49; ppl:   1.97; 5914 src tok/s; 6131 tgt tok/s;      7 s elapsed
Epoch 12,   100/  454; acc:  82.96; ppl:   2.05; 5779 src tok/s; 5992 tgt tok/s;     14 s elapsed
Epoch 12,   150/  454; acc:  84.06; ppl:   1.91; 5728 src tok/s; 5996 tgt tok/s;     21 s elapsed
Epoch 12,   200/  454; acc:  82.25; ppl:   2.11; 5728 src tok/s; 5936 tgt tok/s;     29 s elapsed
Epoch 12,   250/  454; acc:  82.87; ppl:   2.02; 6011 src tok/s; 6245 tgt tok/s;     36 s elapsed
Epoch 12,   300/  454; acc:  83.45; ppl:   1.99; 5856 src tok/s; 6077 tgt tok/s;     43 s elapsed
Epoch 12,   350/  454; acc:  82.57; ppl:   2.04; 5935 src tok/s; 6126 tgt tok/s;     50 s elapsed
Epoch 12,   400/  454; acc:  83.66; ppl:   1.96; 5900 src tok/s; 6121 tgt tok/s;     57 s elapsed
Epoch 12,   450/  454; acc:  82.81; ppl:   2.06; 5942 src tok/s; 6148 tgt tok/s;     64 s elapsed
Train perplexity: 2.01137
Train accuracy: 83.1391
Validation perplexity: 6.47135
Validation accuracy: 69.6679
Decaying learning rate to 0.03125

Epoch 13,    50/  454; acc:  83.60; ppl:   1.97; 6014 src tok/s; 6236 tgt tok/s;      7 s elapsed
Epoch 13,   100/  454; acc:  83.81; ppl:   1.96; 5922 src tok/s; 6174 tgt tok/s;     14 s elapsed
Epoch 13,   150/  454; acc:  82.46; ppl:   2.09; 5953 src tok/s; 6134 tgt tok/s;     21 s elapsed
Epoch 13,   200/  454; acc:  84.85; ppl:   1.83; 5889 src tok/s; 6141 tgt tok/s;     28 s elapsed
Epoch 13,   250/  454; acc:  82.79; ppl:   2.05; 5966 src tok/s; 6137 tgt tok/s;     36 s elapsed
Epoch 13,   300/  454; acc:  84.59; ppl:   1.87; 5896 src tok/s; 6198 tgt tok/s;     42 s elapsed
Epoch 13,   350/  454; acc:  84.35; ppl:   1.89; 5874 src tok/s; 6121 tgt tok/s;     49 s elapsed
Epoch 13,   400/  454; acc:  83.03; ppl:   2.03; 5970 src tok/s; 6142 tgt tok/s;     57 s elapsed
Epoch 13,   450/  454; acc:  83.37; ppl:   1.96; 5846 src tok/s; 6081 tgt tok/s;     64 s elapsed
Train perplexity: 1.9627
Train accuracy: 83.6219
Validation perplexity: 6.53179
Validation accuracy: 69.5402
Decaying learning rate to 0.015625

Epoch 14,    50/  454; acc:  83.46; ppl:   2.01; 6016 src tok/s; 6203 tgt tok/s;      7 s elapsed
Epoch 14,   100/  454; acc:  84.25; ppl:   1.90; 5934 src tok/s; 6181 tgt tok/s;     14 s elapsed
Epoch 14,   150/  454; acc:  84.77; ppl:   1.88; 5906 src tok/s; 6149 tgt tok/s;     21 s elapsed
Epoch 14,   200/  454; acc:  83.32; ppl:   2.02; 5970 src tok/s; 6158 tgt tok/s;     28 s elapsed
Epoch 14,   250/  454; acc:  84.39; ppl:   1.89; 5873 src tok/s; 6133 tgt tok/s;     35 s elapsed
Epoch 14,   300/  454; acc:  83.65; ppl:   1.97; 5917 src tok/s; 6152 tgt tok/s;     42 s elapsed
Epoch 14,   350/  454; acc:  83.82; ppl:   1.93; 5963 src tok/s; 6156 tgt tok/s;     50 s elapsed
Epoch 14,   400/  454; acc:  83.93; ppl:   1.91; 5963 src tok/s; 6223 tgt tok/s;     57 s elapsed
Epoch 14,   450/  454; acc:  84.21; ppl:   1.90; 5850 src tok/s; 6080 tgt tok/s;     63 s elapsed
Train perplexity: 1.93936
Train accuracy: 83.9189
Validation perplexity: 6.55002
Validation accuracy: 69.4977
Decaying learning rate to 0.0078125

Epoch 15,    50/  454; acc:  85.20; ppl:   1.83; 5897 src tok/s; 6133 tgt tok/s;      7 s elapsed
Epoch 15,   100/  454; acc:  83.39; ppl:   2.02; 6054 src tok/s; 6263 tgt tok/s;     14 s elapsed
Epoch 15,   150/  454; acc:  83.59; ppl:   1.97; 5883 src tok/s; 6101 tgt tok/s;     21 s elapsed
Epoch 15,   200/  454; acc:  84.70; ppl:   1.87; 6083 src tok/s; 6298 tgt tok/s;     28 s elapsed
Epoch 15,   250/  454; acc:  84.74; ppl:   1.86; 5923 src tok/s; 6154 tgt tok/s;     35 s elapsed
Epoch 15,   300/  454; acc:  83.16; ppl:   2.02; 5901 src tok/s; 6130 tgt tok/s;     42 s elapsed
Epoch 15,   350/  454; acc:  83.92; ppl:   1.96; 5948 src tok/s; 6164 tgt tok/s;     50 s elapsed
Epoch 15,   400/  454; acc:  84.58; ppl:   1.88; 5876 src tok/s; 6134 tgt tok/s;     56 s elapsed
Epoch 15,   450/  454; acc:  84.03; ppl:   1.93; 5928 src tok/s; 6150 tgt tok/s;     63 s elapsed
Train perplexity: 1.92853
Train accuracy: 84.113
Validation perplexity: 6.55448
Validation accuracy: 69.5544
Decaying learning rate to 0.00390625

Epoch 16,    50/  454; acc:  83.31; ppl:   2.00; 5845 src tok/s; 6031 tgt tok/s;      7 s elapsed
Epoch 16,   100/  454; acc:  84.73; ppl:   1.86; 5958 src tok/s; 6194 tgt tok/s;     14 s elapsed
Epoch 16,   150/  454; acc:  84.01; ppl:   1.94; 5842 src tok/s; 6087 tgt tok/s;     21 s elapsed
Epoch 16,   200/  454; acc:  83.98; ppl:   1.94; 5960 src tok/s; 6159 tgt tok/s;     28 s elapsed
Epoch 16,   250/  454; acc:  84.74; ppl:   1.85; 5927 src tok/s; 6183 tgt tok/s;     35 s elapsed
Epoch 16,   300/  454; acc:  83.86; ppl:   1.97; 5973 src tok/s; 6185 tgt tok/s;     43 s elapsed
Epoch 16,   350/  454; acc:  83.69; ppl:   1.95; 5827 src tok/s; 6031 tgt tok/s;     50 s elapsed
Epoch 16,   400/  454; acc:  84.23; ppl:   1.91; 5858 src tok/s; 6089 tgt tok/s;     57 s elapsed
Epoch 16,   450/  454; acc:  84.21; ppl:   1.92; 5831 src tok/s; 6059 tgt tok/s;     64 s elapsed
Train perplexity: 1.92426
Train accuracy: 84.0988
Validation perplexity: 6.56521
Validation accuracy: 69.6254
Decaying learning rate to 0.00195312

Epoch 17,    50/  454; acc:  83.83; ppl:   1.98; 5961 src tok/s; 6145 tgt tok/s;      7 s elapsed
Epoch 17,   100/  454; acc:  84.92; ppl:   1.85; 5918 src tok/s; 6203 tgt tok/s;     14 s elapsed
Epoch 17,   150/  454; acc:  84.71; ppl:   1.85; 5900 src tok/s; 6164 tgt tok/s;     21 s elapsed
Epoch 17,   200/  454; acc:  83.81; ppl:   1.97; 6094 src tok/s; 6287 tgt tok/s;     28 s elapsed
Epoch 17,   250/  454; acc:  83.86; ppl:   1.96; 5969 src tok/s; 6177 tgt tok/s;     35 s elapsed
Epoch 17,   300/  454; acc:  84.81; ppl:   1.86; 5995 src tok/s; 6226 tgt tok/s;     42 s elapsed
Epoch 17,   350/  454; acc:  85.01; ppl:   1.85; 5888 src tok/s; 6104 tgt tok/s;     49 s elapsed
Epoch 17,   400/  454; acc:  83.11; ppl:   2.01; 5919 src tok/s; 6135 tgt tok/s;     56 s elapsed
Epoch 17,   450/  454; acc:  83.85; ppl:   1.94; 5984 src tok/s; 6215 tgt tok/s;     63 s elapsed
Train perplexity: 1.91699
Train accuracy: 84.2136
Validation perplexity: 6.56739
Validation accuracy: 69.6041
Decaying learning rate to 0.000976562
