<module 'opts' from '/u/suhubdyd/research/projects/jumble_lstm/code/auxiliary-nmt/opts.pyc'>
Namespace(batch_size=64, brnn=False, brnn_merge='concat', cnn_kernel_width=3, context_gate=None, copy_attn=False, copy_attn_force=False, coverage_attn=False, data='/data/lisatmp3/suhubdyd/multi30k.atok.low', dec_layers=1, decay_method='', decoder_type='rnn', dropout=0.5, enc_layers=2, encoder_type='rnn', epochs=17, exp='', exp_host='', feat_merge='concat', feat_vec_exponent=0.7, feat_vec_size=-1, fix_word_vecs_dec=False, fix_word_vecs_enc=False, global_attention='general', gpuid=[0], input_feed=1, kappa_dec=0.15, kappa_enc=0.15, lambda_coverage=1, layers=-1, learning_rate=1.0, learning_rate_decay=0.5, max_generator_batches=32, max_grad_norm=5, model_type='text', optim='sgd', param_init=0.1, position_encoding=False, pre_word_vecs_dec=None, pre_word_vecs_enc=None, report_every=50, rnn_size=500, rnn_type='LSTM', save_model='/data/lisatmp3/suhubdyd/models/encoder0.15_decoder0.15_dropout0.5', seed=-1, share_decoder_embeddings=False, share_embeddings=False, src_word_vec_size=500, start_checkpoint_at=0, start_decay_at=8, start_epoch=1, tgt_word_vec_size=500, train_from='', truncated_decoder=0, warmup_steps=4000, word_vec_size=-1)
('Using Kappa L2 loss on encoder', 0.15)
('Using Kappa L2 loss on decoder', 0.15)
Loading train and validate data from '/data/lisatmp3/suhubdyd/multi30k.atok.low'
 * number of training sentences: 29000
 * maximum batch size: 64
 * vocabulary size. source = 10841; target = 18563
Building model...
Intializing model parameters.
NMTModel (
  (encoder): RNNEncoder (
    (embeddings): Embeddings (
      (make_embedding): Sequential (
        (emb_luts): Elementwise (
          (0): Embedding(10841, 500, padding_idx=1)
        )
      )
    )
    (dropout): Dropout (p = 0.5)
    (rnn): LSTM(500, 500, dropout=0.5)
  )
  (decoder): InputFeedRNNDecoder (
    (embeddings): Embeddings (
      (make_embedding): Sequential (
        (emb_luts): Elementwise (
          (0): Embedding(18563, 500, padding_idx=1)
        )
      )
    )
    (dropout): Dropout (p = 0.5)
    (rnn): StackedLSTM (
      (dropout): Dropout (p = 0.5)
      (layers): ModuleList (
        (0): LSTMCell(1000, 500)
      )
    )
    (attn): GlobalAttention (
      (linear_in): Linear (500 -> 500)
      (linear_out): Linear (1000 -> 500)
      (sm): Softmax ()
      (tanh): Tanh ()
    )
  )
  (generator): Sequential (
    (0): Linear (500 -> 18563)
    (1): LogSoftmax ()
  )
)
* number of parameters: 29760063
('encoder: ', 7424500)
('decoder: ', 22335563)

Epoch  1,    50/  454; acc:   8.11; ppl: 31803.67; 3235 src tok/s; 3359 tgt tok/s;     13 s elapsed
Epoch  1,   100/  454; acc:  14.66; ppl: 1231.68; 3511 src tok/s; 3637 tgt tok/s;     25 s elapsed
Epoch  1,   150/  454; acc:  18.19; ppl: 503.21; 3439 src tok/s; 3551 tgt tok/s;     37 s elapsed
Epoch  1,   200/  454; acc:  21.42; ppl: 261.29; 3498 src tok/s; 3632 tgt tok/s;     49 s elapsed
Epoch  1,   250/  454; acc:  24.13; ppl: 170.18; 3323 src tok/s; 3437 tgt tok/s;     62 s elapsed
Epoch  1,   300/  454; acc:  27.73; ppl: 116.20; 3306 src tok/s; 3447 tgt tok/s;     74 s elapsed
Epoch  1,   350/  454; acc:  29.80; ppl:  94.07; 3199 src tok/s; 3335 tgt tok/s;     87 s elapsed
Epoch  1,   400/  454; acc:  31.14; ppl:  79.31; 3256 src tok/s; 3372 tgt tok/s;    100 s elapsed
Epoch  1,   450/  454; acc:  33.05; ppl:  65.40; 3226 src tok/s; 3355 tgt tok/s;    113 s elapsed
Train perplexity: 326.24
Train accuracy: 23.2422
Validation perplexity: 56.0201
Validation accuracy: 36.661

Epoch  2,    50/  454; acc:  36.97; ppl:  50.43; 3330 src tok/s; 3447 tgt tok/s;     13 s elapsed
Epoch  2,   100/  454; acc:  39.11; ppl:  41.62; 3244 src tok/s; 3378 tgt tok/s;     25 s elapsed
Epoch  2,   150/  454; acc:  41.49; ppl:  35.24; 3219 src tok/s; 3345 tgt tok/s;     38 s elapsed
Epoch  2,   200/  454; acc:  44.17; ppl:  29.56; 3272 src tok/s; 3373 tgt tok/s;     51 s elapsed
Epoch  2,   250/  454; acc:  47.47; ppl:  24.90; 3144 src tok/s; 3305 tgt tok/s;     64 s elapsed
Epoch  2,   300/  454; acc:  46.57; ppl:  25.33; 3217 src tok/s; 3315 tgt tok/s;     78 s elapsed
Epoch  2,   350/  454; acc:  49.79; ppl:  20.64; 3167 src tok/s; 3317 tgt tok/s;     90 s elapsed
Epoch  2,   400/  454; acc:  49.97; ppl:  20.23; 3222 src tok/s; 3322 tgt tok/s;    104 s elapsed
Epoch  2,   450/  454; acc:  51.39; ppl:  18.25; 3188 src tok/s; 3307 tgt tok/s;    117 s elapsed
Train perplexity: 27.8162
Train accuracy: 45.3005
Validation perplexity: 15.3272
Validation accuracy: 53.874

Epoch  3,    50/  454; acc:  54.09; ppl:  14.63; 3306 src tok/s; 3404 tgt tok/s;     13 s elapsed
Epoch  3,   100/  454; acc:  55.28; ppl:  13.39; 3253 src tok/s; 3373 tgt tok/s;     26 s elapsed
Epoch  3,   150/  454; acc:  56.65; ppl:  12.29; 3175 src tok/s; 3311 tgt tok/s;     38 s elapsed
Epoch  3,   200/  454; acc:  55.58; ppl:  12.90; 3232 src tok/s; 3337 tgt tok/s;     52 s elapsed
Epoch  3,   250/  454; acc:  56.07; ppl:  12.74; 3180 src tok/s; 3287 tgt tok/s;     66 s elapsed
Epoch  3,   300/  454; acc:  58.82; ppl:  11.02; 3206 src tok/s; 3354 tgt tok/s;     78 s elapsed
Epoch  3,   350/  454; acc:  57.79; ppl:  11.25; 3191 src tok/s; 3333 tgt tok/s;     91 s elapsed
Epoch  3,   400/  454; acc:  57.75; ppl:  11.16; 3216 src tok/s; 3342 tgt tok/s;    104 s elapsed
Epoch  3,   450/  454; acc:  58.41; ppl:  11.03; 3205 src tok/s; 3320 tgt tok/s;    117 s elapsed
Train perplexity: 12.1925
Train accuracy: 56.7224
Validation perplexity: 10.6007
Validation accuracy: 60.0539

Epoch  4,    50/  454; acc:  60.78; ppl:   8.51; 3193 src tok/s; 3299 tgt tok/s;     13 s elapsed
Epoch  4,   100/  454; acc:  62.07; ppl:   8.05; 3191 src tok/s; 3309 tgt tok/s;     26 s elapsed
Epoch  4,   150/  454; acc:  60.33; ppl:   9.01; 3311 src tok/s; 3416 tgt tok/s;     40 s elapsed
Epoch  4,   200/  454; acc:  63.23; ppl:   7.56; 3182 src tok/s; 3334 tgt tok/s;     52 s elapsed
Epoch  4,   250/  454; acc:  60.70; ppl:   8.65; 3178 src tok/s; 3287 tgt tok/s;     65 s elapsed
Epoch  4,   300/  454; acc:  62.63; ppl:   7.79; 3140 src tok/s; 3263 tgt tok/s;     79 s elapsed
Epoch  4,   350/  454; acc:  63.03; ppl:   7.49; 3239 src tok/s; 3391 tgt tok/s;     91 s elapsed
Epoch  4,   400/  454; acc:  62.06; ppl:   8.01; 3218 src tok/s; 3325 tgt tok/s;    105 s elapsed
Epoch  4,   450/  454; acc:  62.86; ppl:   7.71; 3155 src tok/s; 3269 tgt tok/s;    118 s elapsed
Train perplexity: 8.06403
Train accuracy: 61.984
Validation perplexity: 7.99301
Validation accuracy: 64.0698

Epoch  5,    50/  454; acc:  64.81; ppl:   6.37; 3251 src tok/s; 3346 tgt tok/s;     13 s elapsed
Epoch  5,   100/  454; acc:  65.94; ppl:   5.90; 3179 src tok/s; 3323 tgt tok/s;     26 s elapsed
Epoch  5,   150/  454; acc:  63.63; ppl:   6.68; 3217 src tok/s; 3314 tgt tok/s;     40 s elapsed
Epoch  5,   200/  454; acc:  66.84; ppl:   5.58; 3167 src tok/s; 3315 tgt tok/s;     53 s elapsed
Epoch  5,   250/  454; acc:  64.84; ppl:   6.33; 3237 src tok/s; 3340 tgt tok/s;     66 s elapsed
Epoch  5,   300/  454; acc:  65.86; ppl:   6.04; 3113 src tok/s; 3256 tgt tok/s;     79 s elapsed
Epoch  5,   350/  454; acc:  64.93; ppl:   6.19; 3196 src tok/s; 3329 tgt tok/s;     92 s elapsed
Epoch  5,   400/  454; acc:  66.50; ppl:   5.82; 3227 src tok/s; 3356 tgt tok/s;    105 s elapsed
Epoch  5,   450/  454; acc:  64.85; ppl:   6.37; 3173 src tok/s; 3269 tgt tok/s;    118 s elapsed
Train perplexity: 6.13688
Train accuracy: 65.352
Validation perplexity: 7.2845
Validation accuracy: 65.2051

Epoch  6,    50/  454; acc:  68.42; ppl:   4.77; 3158 src tok/s; 3288 tgt tok/s;     13 s elapsed
Epoch  6,   100/  454; acc:  67.64; ppl:   5.02; 3254 src tok/s; 3367 tgt tok/s;     26 s elapsed
Epoch  6,   150/  454; acc:  67.69; ppl:   4.98; 3260 src tok/s; 3372 tgt tok/s;     39 s elapsed
Epoch  6,   200/  454; acc:  68.00; ppl:   4.90; 3212 src tok/s; 3358 tgt tok/s;     52 s elapsed
Epoch  6,   250/  454; acc:  67.86; ppl:   5.05; 3158 src tok/s; 3281 tgt tok/s;     65 s elapsed
Epoch  6,   300/  454; acc:  67.67; ppl:   5.02; 3187 src tok/s; 3296 tgt tok/s;     78 s elapsed
Epoch  6,   350/  454; acc:  66.59; ppl:   5.38; 3201 src tok/s; 3303 tgt tok/s;     92 s elapsed
Epoch  6,   400/  454; acc:  68.72; ppl:   4.84; 3167 src tok/s; 3314 tgt tok/s;    105 s elapsed
Epoch  6,   450/  454; acc:  67.65; ppl:   5.03; 3160 src tok/s; 3265 tgt tok/s;    118 s elapsed
Train perplexity: 5.00255
Train accuracy: 67.7829
Validation perplexity: 6.78951
Validation accuracy: 66.3403

Epoch  7,    50/  454; acc:  69.31; ppl:   4.33; 3308 src tok/s; 3400 tgt tok/s;     13 s elapsed
Epoch  7,   100/  454; acc:  71.20; ppl:   3.87; 3145 src tok/s; 3285 tgt tok/s;     26 s elapsed
Epoch  7,   150/  454; acc:  69.79; ppl:   4.26; 3183 src tok/s; 3310 tgt tok/s;     39 s elapsed
Epoch  7,   200/  454; acc:  69.87; ppl:   4.19; 3256 src tok/s; 3384 tgt tok/s;     52 s elapsed
Epoch  7,   250/  454; acc:  70.12; ppl:   4.12; 3155 src tok/s; 3295 tgt tok/s;     65 s elapsed
Epoch  7,   300/  454; acc:  68.67; ppl:   4.50; 3222 src tok/s; 3339 tgt tok/s;     78 s elapsed
Epoch  7,   350/  454; acc:  70.09; ppl:   4.09; 3219 src tok/s; 3332 tgt tok/s;     91 s elapsed
Epoch  7,   400/  454; acc:  69.29; ppl:   4.42; 3211 src tok/s; 3331 tgt tok/s;    104 s elapsed
Epoch  7,   450/  454; acc:  69.34; ppl:   4.36; 3239 src tok/s; 3356 tgt tok/s;    117 s elapsed
Train perplexity: 4.23368
Train accuracy: 69.7497
Validation perplexity: 6.65952
Validation accuracy: 67.0924

Epoch  8,    50/  454; acc:  72.22; ppl:   3.53; 3283 src tok/s; 3394 tgt tok/s;     13 s elapsed
Epoch  8,   100/  454; acc:  72.76; ppl:   3.40; 3241 src tok/s; 3382 tgt tok/s;     26 s elapsed
Epoch  8,   150/  454; acc:  71.08; ppl:   3.72; 3221 src tok/s; 3333 tgt tok/s;     39 s elapsed
Epoch  8,   200/  454; acc:  71.95; ppl:   3.59; 3220 src tok/s; 3372 tgt tok/s;     52 s elapsed
Epoch  8,   250/  454; acc:  71.59; ppl:   3.62; 3253 src tok/s; 3371 tgt tok/s;     64 s elapsed
Epoch  8,   300/  454; acc:  70.32; ppl:   3.97; 3206 src tok/s; 3317 tgt tok/s;     78 s elapsed
Epoch  8,   350/  454; acc:  70.52; ppl:   3.89; 3212 src tok/s; 3325 tgt tok/s;     91 s elapsed
Epoch  8,   400/  454; acc:  71.47; ppl:   3.70; 3138 src tok/s; 3258 tgt tok/s;    104 s elapsed
Epoch  8,   450/  454; acc:  71.12; ppl:   3.80; 3176 src tok/s; 3289 tgt tok/s;    117 s elapsed
Train perplexity: 3.68528
Train accuracy: 71.4482
Validation perplexity: 6.51474
Validation accuracy: 67.7239
Decaying learning rate to 0.5

Epoch  9,    50/  454; acc:  75.02; ppl:   3.07; 3270 src tok/s; 3392 tgt tok/s;     13 s elapsed
Epoch  9,   100/  454; acc:  77.93; ppl:   2.57; 3177 src tok/s; 3323 tgt tok/s;     26 s elapsed
Epoch  9,   150/  454; acc:  77.62; ppl:   2.61; 3203 src tok/s; 3341 tgt tok/s;     38 s elapsed
Epoch  9,   200/  454; acc:  75.64; ppl:   2.95; 3262 src tok/s; 3363 tgt tok/s;     52 s elapsed
Epoch  9,   250/  454; acc:  76.07; ppl:   2.80; 3230 src tok/s; 3362 tgt tok/s;     65 s elapsed
Epoch  9,   300/  454; acc:  75.65; ppl:   2.87; 3208 src tok/s; 3295 tgt tok/s;     78 s elapsed
Epoch  9,   350/  454; acc:  77.42; ppl:   2.60; 3222 src tok/s; 3368 tgt tok/s;     90 s elapsed
Epoch  9,   400/  454; acc:  74.93; ppl:   2.99; 3296 src tok/s; 3403 tgt tok/s;    104 s elapsed
Epoch  9,   450/  454; acc:  75.42; ppl:   2.88; 3139 src tok/s; 3260 tgt tok/s;    117 s elapsed
Train perplexity: 2.81499
Train accuracy: 76.1564
Validation perplexity: 6.01399
Validation accuracy: 68.9371
Decaying learning rate to 0.25

Epoch 10,    50/  454; acc:  79.03; ppl:   2.43; 3141 src tok/s; 3260 tgt tok/s;     14 s elapsed
Epoch 10,   100/  454; acc:  79.80; ppl:   2.34; 3196 src tok/s; 3334 tgt tok/s;     26 s elapsed
Epoch 10,   150/  454; acc:  80.53; ppl:   2.25; 3192 src tok/s; 3327 tgt tok/s;     39 s elapsed
Epoch 10,   200/  454; acc:  78.63; ppl:   2.46; 3239 src tok/s; 3346 tgt tok/s;     53 s elapsed
Epoch 10,   250/  454; acc:  79.53; ppl:   2.36; 3191 src tok/s; 3323 tgt tok/s;     66 s elapsed
Epoch 10,   300/  454; acc:  78.88; ppl:   2.44; 3198 src tok/s; 3323 tgt tok/s;     79 s elapsed
Epoch 10,   350/  454; acc:  81.09; ppl:   2.16; 3180 src tok/s; 3313 tgt tok/s;     91 s elapsed
Epoch 10,   400/  454; acc:  77.63; ppl:   2.58; 3237 src tok/s; 3336 tgt tok/s;    105 s elapsed
Epoch 10,   450/  454; acc:  79.42; ppl:   2.34; 3118 src tok/s; 3225 tgt tok/s;    118 s elapsed
Train perplexity: 2.37852
Train accuracy: 79.3283
Validation perplexity: 5.98114
Validation accuracy: 69.377
Decaying learning rate to 0.125

Epoch 11,    50/  454; acc:  81.14; ppl:   2.17; 3274 src tok/s; 3381 tgt tok/s;     13 s elapsed
Epoch 11,   100/  454; acc:  81.37; ppl:   2.17; 3244 src tok/s; 3362 tgt tok/s;     26 s elapsed
Epoch 11,   150/  454; acc:  80.27; ppl:   2.30; 3208 src tok/s; 3312 tgt tok/s;     39 s elapsed
Epoch 11,   200/  454; acc:  82.48; ppl:   2.02; 3216 src tok/s; 3364 tgt tok/s;     52 s elapsed
Epoch 11,   250/  454; acc:  82.17; ppl:   2.05; 3157 src tok/s; 3310 tgt tok/s;     64 s elapsed
Epoch 11,   300/  454; acc:  80.29; ppl:   2.30; 3200 src tok/s; 3309 tgt tok/s;     78 s elapsed
Epoch 11,   350/  454; acc:  81.31; ppl:   2.16; 3200 src tok/s; 3319 tgt tok/s;     91 s elapsed
Epoch 11,   400/  454; acc:  80.72; ppl:   2.23; 3235 src tok/s; 3367 tgt tok/s;    104 s elapsed
Epoch 11,   450/  454; acc:  81.02; ppl:   2.19; 3263 src tok/s; 3375 tgt tok/s;    117 s elapsed
Train perplexity: 2.17627
Train accuracy: 81.1935
Validation perplexity: 6.06945
Validation accuracy: 69.7602
Decaying learning rate to 0.0625

Epoch 12,    50/  454; acc:  81.60; ppl:   2.11; 3237 src tok/s; 3360 tgt tok/s;     13 s elapsed
Epoch 12,   100/  454; acc:  82.87; ppl:   2.02; 3220 src tok/s; 3358 tgt tok/s;     26 s elapsed
Epoch 12,   150/  454; acc:  82.35; ppl:   2.05; 3244 src tok/s; 3362 tgt tok/s;     39 s elapsed
Epoch 12,   200/  454; acc:  81.97; ppl:   2.10; 3205 src tok/s; 3314 tgt tok/s;     52 s elapsed
Epoch 12,   250/  454; acc:  81.83; ppl:   2.08; 3184 src tok/s; 3317 tgt tok/s;     65 s elapsed
Epoch 12,   300/  454; acc:  82.29; ppl:   2.06; 3272 src tok/s; 3390 tgt tok/s;     78 s elapsed
Epoch 12,   350/  454; acc:  82.59; ppl:   2.05; 3162 src tok/s; 3294 tgt tok/s;     91 s elapsed
Epoch 12,   400/  454; acc:  81.19; ppl:   2.17; 3256 src tok/s; 3360 tgt tok/s;    104 s elapsed
Epoch 12,   450/  454; acc:  82.21; ppl:   2.07; 3211 src tok/s; 3331 tgt tok/s;    117 s elapsed
Train perplexity: 2.08135
Train accuracy: 82.0899
Validation perplexity: 6.11285
Validation accuracy: 69.6325
Decaying learning rate to 0.03125

Epoch 13,    50/  454; acc:  81.98; ppl:   2.11; 3254 src tok/s; 3353 tgt tok/s;     13 s elapsed
Epoch 13,   100/  454; acc:  83.58; ppl:   1.94; 3230 src tok/s; 3352 tgt tok/s;     26 s elapsed
Epoch 13,   150/  454; acc:  81.54; ppl:   2.16; 3178 src tok/s; 3286 tgt tok/s;     40 s elapsed
Epoch 13,   200/  454; acc:  83.95; ppl:   1.90; 3220 src tok/s; 3375 tgt tok/s;     52 s elapsed
Epoch 13,   250/  454; acc:  82.59; ppl:   2.04; 3188 src tok/s; 3325 tgt tok/s;     65 s elapsed
Epoch 13,   300/  454; acc:  82.78; ppl:   2.03; 3228 src tok/s; 3338 tgt tok/s;     78 s elapsed
Epoch 13,   350/  454; acc:  82.36; ppl:   2.05; 3202 src tok/s; 3308 tgt tok/s;     92 s elapsed
Epoch 13,   400/  454; acc:  82.75; ppl:   2.02; 3171 src tok/s; 3316 tgt tok/s;    105 s elapsed
Epoch 13,   450/  454; acc:  82.57; ppl:   2.06; 3192 src tok/s; 3310 tgt tok/s;    117 s elapsed
Train perplexity: 2.03573
Train accuracy: 82.6536
Validation perplexity: 6.13673
Validation accuracy: 69.7389
Decaying learning rate to 0.015625

Epoch 14,    50/  454; acc:  82.89; ppl:   2.01; 3261 src tok/s; 3393 tgt tok/s;     13 s elapsed
Epoch 14,   100/  454; acc:  82.99; ppl:   2.02; 3289 src tok/s; 3405 tgt tok/s;     26 s elapsed
Epoch 14,   150/  454; acc:  82.45; ppl:   2.07; 3262 src tok/s; 3369 tgt tok/s;     39 s elapsed
Epoch 14,   200/  454; acc:  83.28; ppl:   1.98; 3205 src tok/s; 3345 tgt tok/s;     52 s elapsed
Epoch 14,   250/  454; acc:  82.29; ppl:   2.05; 3208 src tok/s; 3316 tgt tok/s;     65 s elapsed
Epoch 14,   300/  454; acc:  83.87; ppl:   1.92; 3227 src tok/s; 3362 tgt tok/s;     78 s elapsed
Epoch 14,   350/  454; acc:  82.80; ppl:   2.03; 3212 src tok/s; 3333 tgt tok/s;     91 s elapsed
Epoch 14,   400/  454; acc:  83.39; ppl:   1.98; 3190 src tok/s; 3314 tgt tok/s;    104 s elapsed
Epoch 14,   450/  454; acc:  82.47; ppl:   2.05; 3164 src tok/s; 3270 tgt tok/s;    117 s elapsed
Train perplexity: 2.01142
Train accuracy: 82.9435
Validation perplexity: 6.14241
Validation accuracy: 69.7247
Decaying learning rate to 0.0078125

Epoch 15,    50/  454; acc:  83.35; ppl:   1.97; 3197 src tok/s; 3336 tgt tok/s;     12 s elapsed
Epoch 15,   100/  454; acc:  82.60; ppl:   2.04; 3327 src tok/s; 3420 tgt tok/s;     26 s elapsed
Epoch 15,   150/  454; acc:  82.49; ppl:   2.06; 3170 src tok/s; 3296 tgt tok/s;     39 s elapsed
Epoch 15,   200/  454; acc:  83.53; ppl:   1.97; 3217 src tok/s; 3336 tgt tok/s;     52 s elapsed
Epoch 15,   250/  454; acc:  84.08; ppl:   1.93; 3221 src tok/s; 3346 tgt tok/s;     65 s elapsed
Epoch 15,   300/  454; acc:  82.67; ppl:   2.04; 3209 src tok/s; 3334 tgt tok/s;     78 s elapsed
Epoch 15,   350/  454; acc:  83.33; ppl:   1.95; 3208 src tok/s; 3351 tgt tok/s;     91 s elapsed
Epoch 15,   400/  454; acc:  82.75; ppl:   2.01; 3204 src tok/s; 3314 tgt tok/s;    104 s elapsed
Epoch 15,   450/  454; acc:  82.96; ppl:   2.06; 3202 src tok/s; 3317 tgt tok/s;    117 s elapsed
Train perplexity: 2.00019
Train accuracy: 83.102
Validation perplexity: 6.15233
Validation accuracy: 69.7744
Decaying learning rate to 0.00390625

Epoch 16,    50/  454; acc:  83.02; ppl:   2.02; 3266 src tok/s; 3386 tgt tok/s;     13 s elapsed
Epoch 16,   100/  454; acc:  83.40; ppl:   1.99; 3176 src tok/s; 3301 tgt tok/s;     26 s elapsed
Epoch 16,   150/  454; acc:  82.79; ppl:   2.01; 3263 src tok/s; 3382 tgt tok/s;     39 s elapsed
Epoch 16,   200/  454; acc:  83.18; ppl:   1.98; 3148 src tok/s; 3263 tgt tok/s;     52 s elapsed
Epoch 16,   250/  454; acc:  82.60; ppl:   2.04; 3243 src tok/s; 3348 tgt tok/s;     66 s elapsed
Epoch 16,   300/  454; acc:  83.51; ppl:   1.98; 3157 src tok/s; 3303 tgt tok/s;     79 s elapsed
Epoch 16,   350/  454; acc:  83.64; ppl:   1.94; 3214 src tok/s; 3336 tgt tok/s;     92 s elapsed
Epoch 16,   400/  454; acc:  83.04; ppl:   2.01; 3215 src tok/s; 3325 tgt tok/s;    105 s elapsed
Epoch 16,   450/  454; acc:  83.08; ppl:   2.00; 3154 src tok/s; 3271 tgt tok/s;    118 s elapsed
Train perplexity: 1.9942
Train accuracy: 83.1616
Validation perplexity: 6.15176
Validation accuracy: 69.7886
Decaying learning rate to 0.00195312

Epoch 17,    50/  454; acc:  83.11; ppl:   1.98; 3212 src tok/s; 3337 tgt tok/s;     13 s elapsed
Epoch 17,   100/  454; acc:  83.51; ppl:   1.95; 3143 src tok/s; 3253 tgt tok/s;     26 s elapsed
Epoch 17,   150/  454; acc:  84.09; ppl:   1.89; 3181 src tok/s; 3320 tgt tok/s;     39 s elapsed
Epoch 17,   200/  454; acc:  81.77; ppl:   2.12; 3238 src tok/s; 3337 tgt tok/s;     52 s elapsed
Epoch 17,   250/  454; acc:  83.00; ppl:   2.01; 3207 src tok/s; 3337 tgt tok/s;     66 s elapsed
Epoch 17,   300/  454; acc:  83.54; ppl:   1.98; 3173 src tok/s; 3299 tgt tok/s;     79 s elapsed
Epoch 17,   350/  454; acc:  83.82; ppl:   1.93; 3249 src tok/s; 3370 tgt tok/s;     91 s elapsed
Epoch 17,   400/  454; acc:  82.53; ppl:   2.03; 3206 src tok/s; 3315 tgt tok/s;    105 s elapsed
Epoch 17,   450/  454; acc:  82.51; ppl:   2.06; 3128 src tok/s; 3250 tgt tok/s;    118 s elapsed
Train perplexity: 1.99161
Train accuracy: 83.1061
Validation perplexity: 6.15246
Validation accuracy: 69.7957
Decaying learning rate to 0.000976562
