<module 'opts' from '/u/suhubdyd/research/projects/jumble_lstm/code/auxiliary-nmt/opts.pyc'>
Namespace(batch_size=64, brnn=False, brnn_merge='concat', cnn_kernel_width=3, context_gate=None, copy_attn=False, copy_attn_force=False, coverage_attn=False, data='/data/lisatmp3/suhubdyd/multi30k.atok.low', dec_layers=1, decay_method='', decoder_type='rnn', dropout=0.3, enc_layers=2, encoder_type='rnn', epochs=17, exp='', exp_host='', feat_merge='concat', feat_vec_exponent=0.7, feat_vec_size=-1, fix_word_vecs_dec=False, fix_word_vecs_enc=False, global_attention='general', gpuid=[0], input_feed=1, kappa_dec=0.0, kappa_enc=0.0, lambda_coverage=1, layers=-1, learning_rate=1.0, learning_rate_decay=0.5, max_generator_batches=32, max_grad_norm=5, model_type='text', optim='sgd', param_init=0.1, position_encoding=False, pre_word_vecs_dec=None, pre_word_vecs_enc=None, report_every=50, rnn_size=500, rnn_type='LSTM', save_model='/data/lisatmp3/suhubdyd/models/seeds/encoder0decoder0dropout0.3wdropFalseseed1', seed=1, share_decoder_embeddings=False, share_embeddings=False, src_word_vec_size=500, start_checkpoint_at=0, start_decay_at=8, start_epoch=1, tgt_word_vec_size=500, train_from='', truncated_decoder=0, warmup_steps=4000, weightdropout=False, word_vec_size=-1)
Loading train and validate data from '/data/lisatmp3/suhubdyd/multi30k.atok.low'
 * number of training sentences: 29000
 * maximum batch size: 64
 * vocabulary size. source = 10841; target = 18563
Building model...
Intializing model parameters.
NMTModel (
  (encoder): RNNEncoder (
    (embeddings): Embeddings (
      (make_embedding): Sequential (
        (emb_luts): Elementwise (
          (0): Embedding(10841, 500, padding_idx=1)
        )
      )
    )
    (dropout): Dropout (p = 0.3)
    (rnn): LSTM(500, 500, dropout=0.3)
  )
  (decoder): InputFeedRNNDecoder (
    (embeddings): Embeddings (
      (make_embedding): Sequential (
        (emb_luts): Elementwise (
          (0): Embedding(18563, 500, padding_idx=1)
        )
      )
    )
    (dropout): Dropout (p = 0.3)
    (rnn): StackedLSTM (
      (dropout): Dropout (p = 0.3)
      (layers): ModuleList (
        (0): LSTMCell(1000, 500)
      )
    )
    (attn): GlobalAttention (
      (linear_in): Linear (500 -> 500)
      (linear_out): Linear (1000 -> 500)
      (sm): Softmax ()
      (tanh): Tanh ()
    )
  )
  (generator): Sequential (
    (0): Linear (500 -> 18563)
    (1): LogSoftmax ()
  )
)
* number of parameters: 29760063
('encoder: ', 7424500)
('decoder: ', 22335563)

Epoch  1,    50/  454; acc:   8.03; ppl: 47040.15; 2916 src tok/s; 3026 tgt tok/s;     15 s elapsed
Epoch  1,   100/  454; acc:  14.26; ppl: 1940.89; 3019 src tok/s; 3145 tgt tok/s;     28 s elapsed
Epoch  1,   150/  454; acc:  17.95; ppl: 557.00; 2998 src tok/s; 3101 tgt tok/s;     42 s elapsed
Epoch  1,   200/  454; acc:  21.18; ppl: 291.15; 3019 src tok/s; 3124 tgt tok/s;     56 s elapsed
Epoch  1,   250/  454; acc:  24.33; ppl: 187.20; 3021 src tok/s; 3139 tgt tok/s;     70 s elapsed
Epoch  1,   300/  454; acc:  26.92; ppl: 131.80; 3062 src tok/s; 3185 tgt tok/s;     84 s elapsed
Epoch  1,   350/  454; acc:  29.11; ppl: 102.63; 2976 src tok/s; 3073 tgt tok/s;     98 s elapsed
Epoch  1,   400/  454; acc:  31.30; ppl:  79.83; 3022 src tok/s; 3154 tgt tok/s;    112 s elapsed
Epoch  1,   450/  454; acc:  32.51; ppl:  69.69; 3008 src tok/s; 3117 tgt tok/s;    126 s elapsed
Train perplexity: 387.902
Train accuracy: 22.9133
Validation perplexity: 53.266
Validation accuracy: 37.1648

Epoch  2,    50/  454; acc:  35.74; ppl:  55.17; 2925 src tok/s; 3036 tgt tok/s;     14 s elapsed
Epoch  2,   100/  454; acc:  37.20; ppl:  48.61; 2994 src tok/s; 3104 tgt tok/s;     28 s elapsed
Epoch  2,   150/  454; acc:  40.39; ppl:  39.80; 2997 src tok/s; 3093 tgt tok/s;     43 s elapsed
Epoch  2,   200/  454; acc:  43.02; ppl:  32.58; 2958 src tok/s; 3084 tgt tok/s;     57 s elapsed
Epoch  2,   250/  454; acc:  43.47; ppl:  30.78; 3014 src tok/s; 3115 tgt tok/s;     71 s elapsed
Epoch  2,   300/  454; acc:  47.99; ppl:  23.63; 2976 src tok/s; 3115 tgt tok/s;     85 s elapsed
Epoch  2,   350/  454; acc:  47.72; ppl:  23.54; 2967 src tok/s; 3064 tgt tok/s;    100 s elapsed
Epoch  2,   400/  454; acc:  50.91; ppl:  19.67; 3014 src tok/s; 3147 tgt tok/s;    113 s elapsed
Epoch  2,   450/  454; acc:  52.04; ppl:  18.17; 3039 src tok/s; 3152 tgt tok/s;    126 s elapsed
Train perplexity: 30.2471
Train accuracy: 44.2761
Validation perplexity: 16.4165
Validation accuracy: 52.8239

Epoch  3,    50/  454; acc:  51.97; ppl:  17.35; 2956 src tok/s; 3024 tgt tok/s;     16 s elapsed
Epoch  3,   100/  454; acc:  56.38; ppl:  12.75; 2940 src tok/s; 3092 tgt tok/s;     28 s elapsed
Epoch  3,   150/  454; acc:  54.40; ppl:  14.48; 2946 src tok/s; 3054 tgt tok/s;     43 s elapsed
Epoch  3,   200/  454; acc:  56.36; ppl:  12.91; 3030 src tok/s; 3142 tgt tok/s;     57 s elapsed
Epoch  3,   250/  454; acc:  56.94; ppl:  12.19; 3022 src tok/s; 3140 tgt tok/s;     71 s elapsed
Epoch  3,   300/  454; acc:  56.87; ppl:  12.09; 3023 src tok/s; 3152 tgt tok/s;     84 s elapsed
Epoch  3,   350/  454; acc:  57.57; ppl:  11.79; 2963 src tok/s; 3085 tgt tok/s;     98 s elapsed
Epoch  3,   400/  454; acc:  58.32; ppl:  11.13; 3013 src tok/s; 3118 tgt tok/s;    112 s elapsed
Epoch  3,   450/  454; acc:  58.73; ppl:  11.05; 2993 src tok/s; 3099 tgt tok/s;    126 s elapsed
Train perplexity: 12.7414
Train accuracy: 56.3919
Validation perplexity: 10.4032
Validation accuracy: 59.8482

Epoch  4,    50/  454; acc:  61.21; ppl:   8.61; 3025 src tok/s; 3136 tgt tok/s;     14 s elapsed
Epoch  4,   100/  454; acc:  61.99; ppl:   8.31; 3006 src tok/s; 3125 tgt tok/s;     28 s elapsed
Epoch  4,   150/  454; acc:  61.40; ppl:   8.66; 2961 src tok/s; 3072 tgt tok/s;     42 s elapsed
Epoch  4,   200/  454; acc:  61.40; ppl:   8.85; 3043 src tok/s; 3139 tgt tok/s;     56 s elapsed
Epoch  4,   250/  454; acc:  61.05; ppl:   8.66; 2979 src tok/s; 3094 tgt tok/s;     70 s elapsed
Epoch  4,   300/  454; acc:  62.78; ppl:   7.87; 2984 src tok/s; 3103 tgt tok/s;     84 s elapsed
Epoch  4,   350/  454; acc:  62.30; ppl:   8.14; 3001 src tok/s; 3117 tgt tok/s;     98 s elapsed
Epoch  4,   400/  454; acc:  62.59; ppl:   7.97; 3062 src tok/s; 3177 tgt tok/s;    112 s elapsed
Epoch  4,   450/  454; acc:  62.75; ppl:   7.98; 2949 src tok/s; 3061 tgt tok/s;    126 s elapsed
Train perplexity: 8.31703
Train accuracy: 61.9701
Validation perplexity: 8.09497
Validation accuracy: 64.1408

Epoch  5,    50/  454; acc:  64.95; ppl:   6.47; 2977 src tok/s; 3093 tgt tok/s;     14 s elapsed
Epoch  5,   100/  454; acc:  65.95; ppl:   6.22; 3018 src tok/s; 3124 tgt tok/s;     28 s elapsed
Epoch  5,   150/  454; acc:  66.23; ppl:   5.92; 3006 src tok/s; 3124 tgt tok/s;     42 s elapsed
Epoch  5,   200/  454; acc:  64.93; ppl:   6.51; 3052 src tok/s; 3156 tgt tok/s;     56 s elapsed
Epoch  5,   250/  454; acc:  65.59; ppl:   6.33; 2990 src tok/s; 3110 tgt tok/s;     70 s elapsed
Epoch  5,   300/  454; acc:  65.28; ppl:   6.32; 3012 src tok/s; 3136 tgt tok/s;     84 s elapsed
Epoch  5,   350/  454; acc:  65.82; ppl:   6.15; 2907 src tok/s; 3048 tgt tok/s;     97 s elapsed
Epoch  5,   400/  454; acc:  64.74; ppl:   6.59; 3059 src tok/s; 3148 tgt tok/s;    112 s elapsed
Epoch  5,   450/  454; acc:  65.51; ppl:   6.24; 2949 src tok/s; 3052 tgt tok/s;    126 s elapsed
Train perplexity: 6.30132
Train accuracy: 65.4481
Validation perplexity: 7.22733
Validation accuracy: 65.723

Epoch  6,    50/  454; acc:  67.32; ppl:   5.26; 3017 src tok/s; 3111 tgt tok/s;     14 s elapsed
Epoch  6,   100/  454; acc:  68.79; ppl:   4.90; 2987 src tok/s; 3119 tgt tok/s;     28 s elapsed
Epoch  6,   150/  454; acc:  66.72; ppl:   5.43; 3049 src tok/s; 3143 tgt tok/s;     43 s elapsed
Epoch  6,   200/  454; acc:  68.20; ppl:   5.03; 2949 src tok/s; 3077 tgt tok/s;     56 s elapsed
Epoch  6,   250/  454; acc:  69.38; ppl:   4.66; 2957 src tok/s; 3103 tgt tok/s;     69 s elapsed
Epoch  6,   300/  454; acc:  67.01; ppl:   5.32; 3057 src tok/s; 3140 tgt tok/s;     84 s elapsed
Epoch  6,   350/  454; acc:  67.63; ppl:   5.16; 3050 src tok/s; 3163 tgt tok/s;     98 s elapsed
Epoch  6,   400/  454; acc:  68.65; ppl:   4.90; 2924 src tok/s; 3059 tgt tok/s;    112 s elapsed
Epoch  6,   450/  454; acc:  67.59; ppl:   5.19; 2947 src tok/s; 3054 tgt tok/s;    126 s elapsed
Train perplexity: 5.09864
Train accuracy: 67.8879
Validation perplexity: 7.03482
Validation accuracy: 66.2551

Epoch  7,    50/  454; acc:  70.24; ppl:   4.22; 2956 src tok/s; 3051 tgt tok/s;     15 s elapsed
Epoch  7,   100/  454; acc:  71.33; ppl:   4.00; 2997 src tok/s; 3125 tgt tok/s;     28 s elapsed
Epoch  7,   150/  454; acc:  71.22; ppl:   4.06; 3037 src tok/s; 3140 tgt tok/s;     42 s elapsed
Epoch  7,   200/  454; acc:  69.68; ppl:   4.38; 2978 src tok/s; 3094 tgt tok/s;     56 s elapsed
Epoch  7,   250/  454; acc:  68.76; ppl:   4.61; 3000 src tok/s; 3099 tgt tok/s;     70 s elapsed
Epoch  7,   300/  454; acc:  70.73; ppl:   4.14; 2994 src tok/s; 3130 tgt tok/s;     84 s elapsed
Epoch  7,   350/  454; acc:  69.65; ppl:   4.30; 3021 src tok/s; 3140 tgt tok/s;     98 s elapsed
Epoch  7,   400/  454; acc:  69.26; ppl:   4.50; 2971 src tok/s; 3081 tgt tok/s;    112 s elapsed
Epoch  7,   450/  454; acc:  69.19; ppl:   4.39; 2940 src tok/s; 3054 tgt tok/s;    126 s elapsed
Train perplexity: 4.28308
Train accuracy: 70.0057
Validation perplexity: 6.65796
Validation accuracy: 67.2272

Epoch  8,    50/  454; acc:  72.49; ppl:   3.61; 2980 src tok/s; 3105 tgt tok/s;     14 s elapsed
Epoch  8,   100/  454; acc:  73.40; ppl:   3.37; 3018 src tok/s; 3126 tgt tok/s;     28 s elapsed
Epoch  8,   150/  454; acc:  72.10; ppl:   3.67; 2965 src tok/s; 3071 tgt tok/s;     43 s elapsed
Epoch  8,   200/  454; acc:  72.37; ppl:   3.62; 2981 src tok/s; 3100 tgt tok/s;     56 s elapsed
Epoch  8,   250/  454; acc:  71.98; ppl:   3.71; 3022 src tok/s; 3128 tgt tok/s;     70 s elapsed
Epoch  8,   300/  454; acc:  71.25; ppl:   3.85; 3006 src tok/s; 3118 tgt tok/s;     84 s elapsed
Epoch  8,   350/  454; acc:  70.83; ppl:   3.93; 2890 src tok/s; 3010 tgt tok/s;     99 s elapsed
Epoch  8,   400/  454; acc:  71.29; ppl:   3.77; 3031 src tok/s; 3136 tgt tok/s;    113 s elapsed
Epoch  8,   450/  454; acc:  71.38; ppl:   3.82; 3010 src tok/s; 3136 tgt tok/s;    126 s elapsed
Train perplexity: 3.70953
Train accuracy: 71.8843
Validation perplexity: 6.47523
Validation accuracy: 67.7522
Decaying learning rate to 0.5

Epoch  9,    50/  454; acc:  75.95; ppl:   2.95; 2989 src tok/s; 3090 tgt tok/s;     14 s elapsed
Epoch  9,   100/  454; acc:  77.28; ppl:   2.73; 3019 src tok/s; 3136 tgt tok/s;     28 s elapsed
Epoch  9,   150/  454; acc:  76.90; ppl:   2.76; 3041 src tok/s; 3152 tgt tok/s;     42 s elapsed
Epoch  9,   200/  454; acc:  76.54; ppl:   2.83; 2977 src tok/s; 3111 tgt tok/s;     56 s elapsed
Epoch  9,   250/  454; acc:  77.30; ppl:   2.70; 2960 src tok/s; 3078 tgt tok/s;     70 s elapsed
Epoch  9,   300/  454; acc:  76.58; ppl:   2.82; 2922 src tok/s; 3037 tgt tok/s;     84 s elapsed
Epoch  9,   350/  454; acc:  76.97; ppl:   2.72; 2956 src tok/s; 3066 tgt tok/s;     98 s elapsed
Epoch  9,   400/  454; acc:  76.51; ppl:   2.84; 2968 src tok/s; 3069 tgt tok/s;    113 s elapsed
Epoch  9,   450/  454; acc:  75.86; ppl:   2.88; 2948 src tok/s; 3050 tgt tok/s;    127 s elapsed
Train perplexity: 2.79938
Train accuracy: 76.6701
Validation perplexity: 6.1662
Validation accuracy: 69.3203
Decaying learning rate to 0.25

Epoch 10,    50/  454; acc:  80.05; ppl:   2.37; 2989 src tok/s; 3094 tgt tok/s;     14 s elapsed
Epoch 10,   100/  454; acc:  80.94; ppl:   2.24; 3072 src tok/s; 3167 tgt tok/s;     28 s elapsed
Epoch 10,   150/  454; acc:  79.55; ppl:   2.41; 2980 src tok/s; 3077 tgt tok/s;     43 s elapsed
Epoch 10,   200/  454; acc:  80.91; ppl:   2.22; 2946 src tok/s; 3087 tgt tok/s;     56 s elapsed
Epoch 10,   250/  454; acc:  81.05; ppl:   2.19; 3007 src tok/s; 3143 tgt tok/s;     70 s elapsed
Epoch 10,   300/  454; acc:  79.34; ppl:   2.42; 2958 src tok/s; 3057 tgt tok/s;     84 s elapsed
Epoch 10,   350/  454; acc:  80.65; ppl:   2.27; 2942 src tok/s; 3084 tgt tok/s;     98 s elapsed
Epoch 10,   400/  454; acc:  79.35; ppl:   2.40; 3045 src tok/s; 3139 tgt tok/s;    112 s elapsed
Epoch 10,   450/  454; acc:  80.09; ppl:   2.32; 3007 src tok/s; 3127 tgt tok/s;    126 s elapsed
Train perplexity: 2.32081
Train accuracy: 80.1747
Validation perplexity: 6.21174
Validation accuracy: 69.5899
Decaying learning rate to 0.125

Epoch 11,    50/  454; acc:  82.01; ppl:   2.14; 2824 src tok/s; 2916 tgt tok/s;     15 s elapsed
Epoch 11,   100/  454; acc:  82.43; ppl:   2.07; 2783 src tok/s; 2898 tgt tok/s;     30 s elapsed
Epoch 11,   150/  454; acc:  82.60; ppl:   2.05; 2997 src tok/s; 3121 tgt tok/s;     44 s elapsed
Epoch 11,   200/  454; acc:  81.60; ppl:   2.15; 3067 src tok/s; 3164 tgt tok/s;     58 s elapsed
Epoch 11,   250/  454; acc:  82.90; ppl:   2.03; 2910 src tok/s; 3025 tgt tok/s;     72 s elapsed
Epoch 11,   300/  454; acc:  81.79; ppl:   2.16; 2983 src tok/s; 3077 tgt tok/s;     86 s elapsed
Epoch 11,   350/  454; acc:  81.23; ppl:   2.24; 3025 src tok/s; 3125 tgt tok/s;    101 s elapsed
Epoch 11,   400/  454; acc:  83.20; ppl:   1.98; 3045 src tok/s; 3198 tgt tok/s;    114 s elapsed
Epoch 11,   450/  454; acc:  81.80; ppl:   2.13; 2927 src tok/s; 3039 tgt tok/s;    128 s elapsed
Train perplexity: 2.10449
Train accuracy: 82.1802
Validation perplexity: 6.35967
Validation accuracy: 69.7318
Decaying learning rate to 0.0625

Epoch 12,    50/  454; acc:  83.27; ppl:   2.01; 3037 src tok/s; 3140 tgt tok/s;     14 s elapsed
Epoch 12,   100/  454; acc:  83.40; ppl:   1.97; 3004 src tok/s; 3135 tgt tok/s;     28 s elapsed
Epoch 12,   150/  454; acc:  84.24; ppl:   1.91; 2966 src tok/s; 3099 tgt tok/s;     41 s elapsed
Epoch 12,   200/  454; acc:  82.17; ppl:   2.09; 3021 src tok/s; 3109 tgt tok/s;     56 s elapsed
Epoch 12,   250/  454; acc:  83.51; ppl:   1.95; 2945 src tok/s; 3056 tgt tok/s;     70 s elapsed
Epoch 12,   300/  454; acc:  82.68; ppl:   2.04; 2998 src tok/s; 3111 tgt tok/s;     84 s elapsed
Epoch 12,   350/  454; acc:  83.35; ppl:   1.97; 2978 src tok/s; 3099 tgt tok/s;     98 s elapsed
Epoch 12,   400/  454; acc:  82.94; ppl:   2.01; 3049 src tok/s; 3161 tgt tok/s;    112 s elapsed
Epoch 12,   450/  454; acc:  83.00; ppl:   2.01; 3031 src tok/s; 3143 tgt tok/s;    125 s elapsed
Train perplexity: 2.00112
Train accuracy: 83.1252
Validation perplexity: 6.4592
Validation accuracy: 69.6892
Decaying learning rate to 0.03125

Epoch 13,    50/  454; acc:  82.68; ppl:   2.04; 2958 src tok/s; 3053 tgt tok/s;     15 s elapsed
Epoch 13,   100/  454; acc:  83.98; ppl:   1.91; 3001 src tok/s; 3139 tgt tok/s;     28 s elapsed
Epoch 13,   150/  454; acc:  84.89; ppl:   1.84; 2948 src tok/s; 3075 tgt tok/s;     42 s elapsed
Epoch 13,   200/  454; acc:  82.62; ppl:   2.08; 3004 src tok/s; 3086 tgt tok/s;     56 s elapsed
Epoch 13,   250/  454; acc:  83.51; ppl:   1.98; 3012 src tok/s; 3111 tgt tok/s;     71 s elapsed
Epoch 13,   300/  454; acc:  84.51; ppl:   1.91; 2991 src tok/s; 3125 tgt tok/s;     84 s elapsed
Epoch 13,   350/  454; acc:  83.58; ppl:   1.97; 3063 src tok/s; 3173 tgt tok/s;     98 s elapsed
Epoch 13,   400/  454; acc:  83.95; ppl:   1.92; 3033 src tok/s; 3150 tgt tok/s;    112 s elapsed
Epoch 13,   450/  454; acc:  84.14; ppl:   1.89; 3042 src tok/s; 3180 tgt tok/s;    125 s elapsed
Train perplexity: 1.95543
Train accuracy: 83.6759
Validation perplexity: 6.49013
Validation accuracy: 69.5189
Decaying learning rate to 0.015625

Epoch 14,    50/  454; acc:  84.68; ppl:   1.88; 2980 src tok/s; 3107 tgt tok/s;     13 s elapsed
Epoch 14,   100/  454; acc:  83.49; ppl:   2.00; 3112 src tok/s; 3211 tgt tok/s;     28 s elapsed
Epoch 14,   150/  454; acc:  84.06; ppl:   1.91; 3039 src tok/s; 3163 tgt tok/s;     41 s elapsed
Epoch 14,   200/  454; acc:  83.92; ppl:   1.95; 3001 src tok/s; 3108 tgt tok/s;     55 s elapsed
Epoch 14,   250/  454; acc:  83.79; ppl:   1.96; 2953 src tok/s; 3077 tgt tok/s;     69 s elapsed
Epoch 14,   300/  454; acc:  84.38; ppl:   1.90; 3071 src tok/s; 3184 tgt tok/s;     83 s elapsed
Epoch 14,   350/  454; acc:  84.45; ppl:   1.88; 3039 src tok/s; 3147 tgt tok/s;     97 s elapsed
Epoch 14,   400/  454; acc:  83.58; ppl:   1.96; 3036 src tok/s; 3130 tgt tok/s;    111 s elapsed
Epoch 14,   450/  454; acc:  84.39; ppl:   1.90; 3033 src tok/s; 3172 tgt tok/s;    124 s elapsed
Train perplexity: 1.9314
Train accuracy: 84.0184
Validation perplexity: 6.53682
Validation accuracy: 69.5686
Decaying learning rate to 0.0078125

Epoch 15,    50/  454; acc:  83.49; ppl:   2.00; 2997 src tok/s; 3104 tgt tok/s;     14 s elapsed
Epoch 15,   100/  454; acc:  85.21; ppl:   1.82; 3012 src tok/s; 3147 tgt tok/s;     28 s elapsed
Epoch 15,   150/  454; acc:  84.68; ppl:   1.84; 3055 src tok/s; 3150 tgt tok/s;     42 s elapsed
Epoch 15,   200/  454; acc:  83.77; ppl:   1.99; 2997 src tok/s; 3105 tgt tok/s;     56 s elapsed
Epoch 15,   250/  454; acc:  83.81; ppl:   1.95; 2960 src tok/s; 3083 tgt tok/s;     70 s elapsed
Epoch 15,   300/  454; acc:  84.01; ppl:   1.92; 3015 src tok/s; 3128 tgt tok/s;     84 s elapsed
Epoch 15,   350/  454; acc:  84.32; ppl:   1.92; 3069 src tok/s; 3191 tgt tok/s;     97 s elapsed
Epoch 15,   400/  454; acc:  83.99; ppl:   1.92; 3021 src tok/s; 3134 tgt tok/s;    111 s elapsed
Epoch 15,   450/  454; acc:  83.93; ppl:   1.93; 3006 src tok/s; 3110 tgt tok/s;    125 s elapsed
Train perplexity: 1.92105
Train accuracy: 84.1337
Validation perplexity: 6.54814
Validation accuracy: 69.5757
Decaying learning rate to 0.00390625

Epoch 16,    50/  454; acc:  84.21; ppl:   1.90; 2981 src tok/s; 3082 tgt tok/s;     14 s elapsed
Epoch 16,   100/  454; acc:  84.81; ppl:   1.85; 2917 src tok/s; 3048 tgt tok/s;     28 s elapsed
Epoch 16,   150/  454; acc:  84.50; ppl:   1.88; 3004 src tok/s; 3123 tgt tok/s;     42 s elapsed
Epoch 16,   200/  454; acc:  84.06; ppl:   1.92; 3030 src tok/s; 3138 tgt tok/s;     56 s elapsed
Epoch 16,   250/  454; acc:  83.79; ppl:   1.93; 3044 src tok/s; 3161 tgt tok/s;     70 s elapsed
Epoch 16,   300/  454; acc:  84.04; ppl:   1.94; 3046 src tok/s; 3165 tgt tok/s;     84 s elapsed
Epoch 16,   350/  454; acc:  84.24; ppl:   1.92; 3052 src tok/s; 3156 tgt tok/s;     97 s elapsed
Epoch 16,   400/  454; acc:  84.36; ppl:   1.93; 2985 src tok/s; 3096 tgt tok/s;    112 s elapsed
Epoch 16,   450/  454; acc:  83.70; ppl:   1.96; 2960 src tok/s; 3075 tgt tok/s;    126 s elapsed
Train perplexity: 1.91264
Train accuracy: 84.1978
Validation perplexity: 6.55559
Validation accuracy: 69.597
Decaying learning rate to 0.00195312

Epoch 17,    50/  454; acc:  84.97; ppl:   1.84; 2899 src tok/s; 2997 tgt tok/s;     14 s elapsed
Epoch 17,   100/  454; acc:  84.27; ppl:   1.92; 3050 src tok/s; 3161 tgt tok/s;     28 s elapsed
Epoch 17,   150/  454; acc:  83.74; ppl:   1.96; 3080 src tok/s; 3190 tgt tok/s;     42 s elapsed
Epoch 17,   200/  454; acc:  84.80; ppl:   1.86; 2982 src tok/s; 3113 tgt tok/s;     56 s elapsed
Epoch 17,   250/  454; acc:  83.76; ppl:   1.97; 2950 src tok/s; 3063 tgt tok/s;     70 s elapsed
Epoch 17,   300/  454; acc:  84.82; ppl:   1.85; 2976 src tok/s; 3096 tgt tok/s;     84 s elapsed
Epoch 17,   350/  454; acc:  84.94; ppl:   1.84; 2931 src tok/s; 3063 tgt tok/s;     98 s elapsed
Epoch 17,   400/  454; acc:  83.34; ppl:   2.02; 2979 src tok/s; 3076 tgt tok/s;    113 s elapsed
Epoch 17,   450/  454; acc:  83.95; ppl:   1.95; 3017 src tok/s; 3117 tgt tok/s;    126 s elapsed
Train perplexity: 1.9117
Train accuracy: 84.2813
Validation perplexity: 6.55938
Validation accuracy: 69.6041
Decaying learning rate to 0.000976562
