<module 'opts' from '/u/suhubdyd/research/projects/jumble_lstm/code/auxiliary-nmt/opts.pyc'>
Namespace(batch_size=64, brnn=False, brnn_merge='concat', cnn_kernel_width=3, context_gate=None, copy_attn=False, copy_attn_force=False, coverage_attn=False, data='/data/lisatmp3/suhubdyd/multi30k.atok.low', dec_layers=1, decay_method='', decoder_type='rnn', dropout=0.3, enc_layers=2, encoder_type='rnn', epochs=17, exp='', exp_host='', feat_merge='concat', feat_vec_exponent=0.7, feat_vec_size=-1, fix_word_vecs_dec=False, fix_word_vecs_enc=False, global_attention='general', gpuid=[0], input_feed=1, kappa_dec=0.3, kappa_enc=0.2, lambda_coverage=1, layers=-1, learning_rate=1.0, learning_rate_decay=0.5, max_generator_batches=32, max_grad_norm=5, model_type='text', optim='sgd', param_init=0.1, position_encoding=False, pre_word_vecs_dec=None, pre_word_vecs_enc=None, report_every=50, rnn_size=500, rnn_type='LSTM', save_model='/data/lisatmp3/suhubdyd/models/seeds/encoder0.2decoder0.3dropout0.3wdropFalseseed2', seed=2, share_decoder_embeddings=False, share_embeddings=False, src_word_vec_size=500, start_checkpoint_at=0, start_decay_at=8, start_epoch=1, tgt_word_vec_size=500, train_from='', truncated_decoder=0, warmup_steps=4000, weightdropout=False, word_vec_size=-1)
('Using Kappa L2 loss on encoder', 0.2)
('Using Kappa L2 loss on decoder', 0.3)
Loading train and validate data from '/data/lisatmp3/suhubdyd/multi30k.atok.low'
 * number of training sentences: 29000
 * maximum batch size: 64
 * vocabulary size. source = 10841; target = 18563
Building model...
Intializing model parameters.
NMTModel (
  (encoder): RNNEncoder (
    (embeddings): Embeddings (
      (make_embedding): Sequential (
        (emb_luts): Elementwise (
          (0): Embedding(10841, 500, padding_idx=1)
        )
      )
    )
    (dropout): Dropout (p = 0.3)
    (rnn): LSTM(500, 500, dropout=0.3)
  )
  (decoder): InputFeedRNNDecoder (
    (embeddings): Embeddings (
      (make_embedding): Sequential (
        (emb_luts): Elementwise (
          (0): Embedding(18563, 500, padding_idx=1)
        )
      )
    )
    (dropout): Dropout (p = 0.3)
    (rnn): StackedLSTM (
      (dropout): Dropout (p = 0.3)
      (layers): ModuleList (
        (0): LSTMCell(1000, 500)
      )
    )
    (attn): GlobalAttention (
      (linear_in): Linear (500 -> 500)
      (linear_out): Linear (1000 -> 500)
      (sm): Softmax ()
      (tanh): Tanh ()
    )
  )
  (generator): Sequential (
    (0): Linear (500 -> 18563)
    (1): LogSoftmax ()
  )
)
* number of parameters: 29760063
('encoder: ', 7424500)
('decoder: ', 22335563)

Epoch  1,    50/  454; acc:   7.42; ppl: 193948.19; 5372 src tok/s; 5602 tgt tok/s;      8 s elapsed
Epoch  1,   100/  454; acc:  12.65; ppl: 2878.44; 5724 src tok/s; 5916 tgt tok/s;     15 s elapsed
Epoch  1,   150/  454; acc:  17.65; ppl: 860.89; 5404 src tok/s; 5620 tgt tok/s;     23 s elapsed
Epoch  1,   200/  454; acc:  20.25; ppl: 310.77; 5572 src tok/s; 5761 tgt tok/s;     30 s elapsed
Epoch  1,   250/  454; acc:  23.33; ppl: 202.29; 5703 src tok/s; 5923 tgt tok/s;     38 s elapsed
Epoch  1,   300/  454; acc:  27.40; ppl: 132.28; 5597 src tok/s; 5811 tgt tok/s;     45 s elapsed
Epoch  1,   350/  454; acc:  28.58; ppl: 103.02; 5683 src tok/s; 5935 tgt tok/s;     53 s elapsed
Epoch  1,   400/  454; acc:  30.50; ppl:  87.71; 5504 src tok/s; 5677 tgt tok/s;     60 s elapsed
Epoch  1,   450/  454; acc:  32.58; ppl:  72.12; 5598 src tok/s; 5826 tgt tok/s;     68 s elapsed
Train perplexity: 505.058
Train accuracy: 22.3428
Validation perplexity: 61.9769
Validation accuracy: 33.7732

Epoch  2,    50/  454; acc:  33.90; ppl:  60.18; 5655 src tok/s; 5851 tgt tok/s;      8 s elapsed
Epoch  2,   100/  454; acc:  37.75; ppl:  47.53; 5523 src tok/s; 5808 tgt tok/s;     15 s elapsed
Epoch  2,   150/  454; acc:  38.37; ppl:  42.89; 5776 src tok/s; 5951 tgt tok/s;     23 s elapsed
Epoch  2,   200/  454; acc:  42.43; ppl:  34.29; 5642 src tok/s; 5859 tgt tok/s;     30 s elapsed
Epoch  2,   250/  454; acc:  43.25; ppl:  31.54; 5641 src tok/s; 5827 tgt tok/s;     37 s elapsed
Epoch  2,   300/  454; acc:  46.95; ppl:  24.93; 5643 src tok/s; 5870 tgt tok/s;     45 s elapsed
Epoch  2,   350/  454; acc:  46.60; ppl:  25.58; 5668 src tok/s; 5857 tgt tok/s;     52 s elapsed
Epoch  2,   400/  454; acc:  50.43; ppl:  19.94; 5546 src tok/s; 5800 tgt tok/s;     60 s elapsed
Epoch  2,   450/  454; acc:  51.01; ppl:  19.13; 5572 src tok/s; 5764 tgt tok/s;     67 s elapsed
Train perplexity: 31.6806
Train accuracy: 43.4141
Validation perplexity: 16.0738
Validation accuracy: 53.5831

Epoch  3,    50/  454; acc:  53.08; ppl:  15.65; 5635 src tok/s; 5848 tgt tok/s;      7 s elapsed
Epoch  3,   100/  454; acc:  54.25; ppl:  14.59; 5520 src tok/s; 5718 tgt tok/s;     15 s elapsed
Epoch  3,   150/  454; acc:  55.02; ppl:  13.81; 5524 src tok/s; 5752 tgt tok/s;     23 s elapsed
Epoch  3,   200/  454; acc:  55.78; ppl:  13.55; 5583 src tok/s; 5786 tgt tok/s;     30 s elapsed
Epoch  3,   250/  454; acc:  57.17; ppl:  12.22; 5587 src tok/s; 5833 tgt tok/s;     38 s elapsed
Epoch  3,   300/  454; acc:  56.44; ppl:  12.81; 5816 src tok/s; 5986 tgt tok/s;     45 s elapsed
Epoch  3,   350/  454; acc:  57.66; ppl:  11.98; 5552 src tok/s; 5778 tgt tok/s;     52 s elapsed
Epoch  3,   400/  454; acc:  57.68; ppl:  11.78; 5674 src tok/s; 5889 tgt tok/s;     60 s elapsed
Epoch  3,   450/  454; acc:  59.20; ppl:  10.74; 5622 src tok/s; 5863 tgt tok/s;     67 s elapsed
Train perplexity: 12.988
Train accuracy: 56.1778
Validation perplexity: 10.6147
Validation accuracy: 59.2947

Epoch  4,    50/  454; acc:  61.44; ppl:   8.58; 5569 src tok/s; 5787 tgt tok/s;      7 s elapsed
Epoch  4,   100/  454; acc:  59.94; ppl:   9.58; 5683 src tok/s; 5905 tgt tok/s;     15 s elapsed
Epoch  4,   150/  454; acc:  60.17; ppl:   9.10; 5789 src tok/s; 5928 tgt tok/s;     23 s elapsed
Epoch  4,   200/  454; acc:  63.19; ppl:   7.64; 5430 src tok/s; 5704 tgt tok/s;     30 s elapsed
Epoch  4,   250/  454; acc:  61.89; ppl:   8.40; 5603 src tok/s; 5852 tgt tok/s;     37 s elapsed
Epoch  4,   300/  454; acc:  61.65; ppl:   8.51; 5710 src tok/s; 5894 tgt tok/s;     45 s elapsed
Epoch  4,   350/  454; acc:  61.02; ppl:   8.73; 5668 src tok/s; 5840 tgt tok/s;     52 s elapsed
Epoch  4,   400/  454; acc:  63.21; ppl:   7.78; 5498 src tok/s; 5767 tgt tok/s;     60 s elapsed
Epoch  4,   450/  454; acc:  62.52; ppl:   8.07; 5611 src tok/s; 5806 tgt tok/s;     67 s elapsed
Train perplexity: 8.48109
Train accuracy: 61.6401
Validation perplexity: 8.37555
Validation accuracy: 63.1758

Epoch  5,    50/  454; acc:  66.16; ppl:   6.12; 5532 src tok/s; 5789 tgt tok/s;      7 s elapsed
Epoch  5,   100/  454; acc:  64.60; ppl:   6.68; 5596 src tok/s; 5760 tgt tok/s;     15 s elapsed
Epoch  5,   150/  454; acc:  65.13; ppl:   6.50; 5537 src tok/s; 5752 tgt tok/s;     23 s elapsed
Epoch  5,   200/  454; acc:  65.91; ppl:   6.09; 5610 src tok/s; 5810 tgt tok/s;     30 s elapsed
Epoch  5,   250/  454; acc:  66.00; ppl:   6.08; 5495 src tok/s; 5784 tgt tok/s;     37 s elapsed
Epoch  5,   300/  454; acc:  64.30; ppl:   6.67; 5809 src tok/s; 5973 tgt tok/s;     45 s elapsed
Epoch  5,   350/  454; acc:  65.97; ppl:   6.16; 5708 src tok/s; 5897 tgt tok/s;     52 s elapsed
Epoch  5,   400/  454; acc:  64.82; ppl:   6.53; 5528 src tok/s; 5746 tgt tok/s;     60 s elapsed
Epoch  5,   450/  454; acc:  64.65; ppl:   6.51; 5591 src tok/s; 5804 tgt tok/s;     67 s elapsed
Train perplexity: 6.36672
Train accuracy: 65.2791
Validation perplexity: 7.2819
Validation accuracy: 65.5314

Epoch  6,    50/  454; acc:  69.00; ppl:   4.82; 5513 src tok/s; 5749 tgt tok/s;      7 s elapsed
Epoch  6,   100/  454; acc:  67.73; ppl:   5.19; 5837 src tok/s; 6026 tgt tok/s;     15 s elapsed
Epoch  6,   150/  454; acc:  68.58; ppl:   4.88; 5576 src tok/s; 5829 tgt tok/s;     22 s elapsed
Epoch  6,   200/  454; acc:  66.96; ppl:   5.43; 5718 src tok/s; 5904 tgt tok/s;     30 s elapsed
Epoch  6,   250/  454; acc:  67.70; ppl:   5.20; 5687 src tok/s; 5868 tgt tok/s;     37 s elapsed
Epoch  6,   300/  454; acc:  67.70; ppl:   5.21; 5770 src tok/s; 6018 tgt tok/s;     44 s elapsed
Epoch  6,   350/  454; acc:  66.85; ppl:   5.42; 5585 src tok/s; 5777 tgt tok/s;     52 s elapsed
Epoch  6,   400/  454; acc:  69.07; ppl:   4.86; 5550 src tok/s; 5784 tgt tok/s;     59 s elapsed
Epoch  6,   450/  454; acc:  67.66; ppl:   5.17; 5515 src tok/s; 5712 tgt tok/s;     67 s elapsed
Train perplexity: 5.13319
Train accuracy: 67.8952
Validation perplexity: 6.75022
Validation accuracy: 66.6738

Epoch  7,    50/  454; acc:  71.45; ppl:   3.98; 5621 src tok/s; 5847 tgt tok/s;      7 s elapsed
Epoch  7,   100/  454; acc:  70.64; ppl:   4.15; 5586 src tok/s; 5801 tgt tok/s;     15 s elapsed
Epoch  7,   150/  454; acc:  69.08; ppl:   4.48; 5612 src tok/s; 5807 tgt tok/s;     23 s elapsed
Epoch  7,   200/  454; acc:  70.28; ppl:   4.21; 5648 src tok/s; 5891 tgt tok/s;     30 s elapsed
Epoch  7,   250/  454; acc:  69.75; ppl:   4.36; 5627 src tok/s; 5848 tgt tok/s;     37 s elapsed
Epoch  7,   300/  454; acc:  69.27; ppl:   4.47; 5580 src tok/s; 5774 tgt tok/s;     45 s elapsed
Epoch  7,   350/  454; acc:  69.60; ppl:   4.45; 5596 src tok/s; 5806 tgt tok/s;     52 s elapsed
Epoch  7,   400/  454; acc:  70.21; ppl:   4.30; 5541 src tok/s; 5759 tgt tok/s;     60 s elapsed
Epoch  7,   450/  454; acc:  69.08; ppl:   4.45; 5495 src tok/s; 5681 tgt tok/s;     67 s elapsed
Train perplexity: 4.31104
Train accuracy: 69.9284
Validation perplexity: 6.67758
Validation accuracy: 66.1487

Epoch  8,    50/  454; acc:  72.87; ppl:   3.48; 5622 src tok/s; 5843 tgt tok/s;      8 s elapsed
Epoch  8,   100/  454; acc:  72.42; ppl:   3.63; 5547 src tok/s; 5755 tgt tok/s;     15 s elapsed
Epoch  8,   150/  454; acc:  72.80; ppl:   3.47; 5536 src tok/s; 5783 tgt tok/s;     22 s elapsed
Epoch  8,   200/  454; acc:  70.89; ppl:   3.85; 5509 src tok/s; 5691 tgt tok/s;     30 s elapsed
Epoch  8,   250/  454; acc:  72.11; ppl:   3.66; 5635 src tok/s; 5874 tgt tok/s;     38 s elapsed
Epoch  8,   300/  454; acc:  70.93; ppl:   3.88; 5754 src tok/s; 5964 tgt tok/s;     45 s elapsed
Epoch  8,   350/  454; acc:  71.13; ppl:   3.90; 5612 src tok/s; 5830 tgt tok/s;     52 s elapsed
Epoch  8,   400/  454; acc:  71.76; ppl:   3.73; 5563 src tok/s; 5764 tgt tok/s;     60 s elapsed
Epoch  8,   450/  454; acc:  70.82; ppl:   3.99; 5541 src tok/s; 5714 tgt tok/s;     68 s elapsed
Train perplexity: 3.72176
Train accuracy: 71.7599
Validation perplexity: 6.625
Validation accuracy: 67.3833
Decaying learning rate to 0.5

Epoch  9,    50/  454; acc:  75.07; ppl:   3.03; 5559 src tok/s; 5751 tgt tok/s;      8 s elapsed
Epoch  9,   100/  454; acc:  77.31; ppl:   2.73; 5747 src tok/s; 5974 tgt tok/s;     15 s elapsed
Epoch  9,   150/  454; acc:  76.59; ppl:   2.80; 5665 src tok/s; 5831 tgt tok/s;     23 s elapsed
Epoch  9,   200/  454; acc:  77.37; ppl:   2.72; 5449 src tok/s; 5693 tgt tok/s;     30 s elapsed
Epoch  9,   250/  454; acc:  76.97; ppl:   2.74; 5674 src tok/s; 5884 tgt tok/s;     37 s elapsed
Epoch  9,   300/  454; acc:  76.55; ppl:   2.81; 5684 src tok/s; 5884 tgt tok/s;     45 s elapsed
Epoch  9,   350/  454; acc:  76.36; ppl:   2.84; 5698 src tok/s; 5898 tgt tok/s;     52 s elapsed
Epoch  9,   400/  454; acc:  76.23; ppl:   2.88; 5554 src tok/s; 5789 tgt tok/s;     60 s elapsed
Epoch  9,   450/  454; acc:  76.33; ppl:   2.83; 5474 src tok/s; 5702 tgt tok/s;     67 s elapsed
Train perplexity: 2.81624
Train accuracy: 76.5321
Validation perplexity: 6.16076
Validation accuracy: 69.2068
Decaying learning rate to 0.25

Epoch 10,    50/  454; acc:  79.91; ppl:   2.38; 5455 src tok/s; 5668 tgt tok/s;      8 s elapsed
Epoch 10,   100/  454; acc:  81.20; ppl:   2.24; 5593 src tok/s; 5787 tgt tok/s;     15 s elapsed
Epoch 10,   150/  454; acc:  79.86; ppl:   2.34; 5597 src tok/s; 5837 tgt tok/s;     23 s elapsed
Epoch 10,   200/  454; acc:  80.33; ppl:   2.31; 5742 src tok/s; 5926 tgt tok/s;     30 s elapsed
Epoch 10,   250/  454; acc:  80.25; ppl:   2.32; 5581 src tok/s; 5825 tgt tok/s;     37 s elapsed
Epoch 10,   300/  454; acc:  79.78; ppl:   2.37; 5684 src tok/s; 5902 tgt tok/s;     45 s elapsed
Epoch 10,   350/  454; acc:  80.01; ppl:   2.34; 5508 src tok/s; 5711 tgt tok/s;     52 s elapsed
Epoch 10,   400/  454; acc:  79.58; ppl:   2.36; 5711 src tok/s; 5913 tgt tok/s;     60 s elapsed
Epoch 10,   450/  454; acc:  79.49; ppl:   2.38; 5582 src tok/s; 5786 tgt tok/s;     67 s elapsed
Train perplexity: 2.33544
Train accuracy: 80.0655
Validation perplexity: 6.115
Validation accuracy: 69.7602
Decaying learning rate to 0.125

Epoch 11,    50/  454; acc:  83.19; ppl:   2.02; 5459 src tok/s; 5715 tgt tok/s;      7 s elapsed
Epoch 11,   100/  454; acc:  81.15; ppl:   2.24; 5629 src tok/s; 5784 tgt tok/s;     15 s elapsed
Epoch 11,   150/  454; acc:  81.93; ppl:   2.11; 5429 src tok/s; 5646 tgt tok/s;     23 s elapsed
Epoch 11,   200/  454; acc:  82.15; ppl:   2.11; 5646 src tok/s; 5879 tgt tok/s;     30 s elapsed
Epoch 11,   250/  454; acc:  81.13; ppl:   2.21; 5669 src tok/s; 5866 tgt tok/s;     38 s elapsed
Epoch 11,   300/  454; acc:  83.07; ppl:   2.01; 5557 src tok/s; 5805 tgt tok/s;     45 s elapsed
Epoch 11,   350/  454; acc:  82.91; ppl:   2.02; 5725 src tok/s; 5962 tgt tok/s;     52 s elapsed
Epoch 11,   400/  454; acc:  80.76; ppl:   2.26; 5614 src tok/s; 5797 tgt tok/s;     60 s elapsed
Epoch 11,   450/  454; acc:  82.47; ppl:   2.07; 5631 src tok/s; 5833 tgt tok/s;     67 s elapsed
Train perplexity: 2.1208
Train accuracy: 82.0374
Validation perplexity: 6.20681
Validation accuracy: 69.7034
Decaying learning rate to 0.0625

Epoch 12,    50/  454; acc:  83.82; ppl:   1.95; 5498 src tok/s; 5723 tgt tok/s;      7 s elapsed
Epoch 12,   100/  454; acc:  82.76; ppl:   2.05; 5636 src tok/s; 5842 tgt tok/s;     15 s elapsed
Epoch 12,   150/  454; acc:  83.12; ppl:   2.03; 5583 src tok/s; 5826 tgt tok/s;     22 s elapsed
Epoch 12,   200/  454; acc:  83.20; ppl:   1.99; 5805 src tok/s; 5981 tgt tok/s;     30 s elapsed
Epoch 12,   250/  454; acc:  82.82; ppl:   2.06; 5671 src tok/s; 5867 tgt tok/s;     37 s elapsed
Epoch 12,   300/  454; acc:  83.20; ppl:   2.00; 5668 src tok/s; 5906 tgt tok/s;     45 s elapsed
Epoch 12,   350/  454; acc:  84.05; ppl:   1.92; 5543 src tok/s; 5809 tgt tok/s;     52 s elapsed
Epoch 12,   400/  454; acc:  82.13; ppl:   2.12; 5646 src tok/s; 5797 tgt tok/s;     60 s elapsed
Epoch 12,   450/  454; acc:  82.89; ppl:   2.04; 5441 src tok/s; 5658 tgt tok/s;     67 s elapsed
Train perplexity: 2.01741
Train accuracy: 83.0797
Validation perplexity: 6.33175
Validation accuracy: 69.895
Decaying learning rate to 0.03125

Epoch 13,    50/  454; acc:  83.35; ppl:   2.01; 5571 src tok/s; 5789 tgt tok/s;      8 s elapsed
Epoch 13,   100/  454; acc:  84.40; ppl:   1.91; 5676 src tok/s; 5908 tgt tok/s;     15 s elapsed
Epoch 13,   150/  454; acc:  84.65; ppl:   1.86; 5572 src tok/s; 5807 tgt tok/s;     22 s elapsed
Epoch 13,   200/  454; acc:  82.86; ppl:   2.03; 5693 src tok/s; 5866 tgt tok/s;     30 s elapsed
Epoch 13,   250/  454; acc:  83.20; ppl:   2.03; 5637 src tok/s; 5850 tgt tok/s;     37 s elapsed
Epoch 13,   300/  454; acc:  83.46; ppl:   1.96; 5708 src tok/s; 5912 tgt tok/s;     45 s elapsed
Epoch 13,   350/  454; acc:  83.83; ppl:   1.96; 5603 src tok/s; 5815 tgt tok/s;     52 s elapsed
Epoch 13,   400/  454; acc:  83.13; ppl:   2.01; 5663 src tok/s; 5871 tgt tok/s;     59 s elapsed
Epoch 13,   450/  454; acc:  83.72; ppl:   1.96; 5547 src tok/s; 5777 tgt tok/s;     67 s elapsed
Train perplexity: 1.97065
Train accuracy: 83.5917
Validation perplexity: 6.3927
Validation accuracy: 69.7673
Decaying learning rate to 0.015625

Epoch 14,    50/  454; acc:  84.13; ppl:   1.92; 5611 src tok/s; 5823 tgt tok/s;      8 s elapsed
Epoch 14,   100/  454; acc:  84.01; ppl:   1.93; 5589 src tok/s; 5775 tgt tok/s;     15 s elapsed
Epoch 14,   150/  454; acc:  84.65; ppl:   1.86; 5650 src tok/s; 5919 tgt tok/s;     22 s elapsed
Epoch 14,   200/  454; acc:  83.05; ppl:   2.05; 5676 src tok/s; 5869 tgt tok/s;     30 s elapsed
Epoch 14,   250/  454; acc:  84.13; ppl:   1.93; 5608 src tok/s; 5846 tgt tok/s;     37 s elapsed
Epoch 14,   300/  454; acc:  83.72; ppl:   1.95; 5761 src tok/s; 5966 tgt tok/s;     44 s elapsed
Epoch 14,   350/  454; acc:  83.30; ppl:   2.01; 5704 src tok/s; 5912 tgt tok/s;     52 s elapsed
Epoch 14,   400/  454; acc:  84.41; ppl:   1.89; 5680 src tok/s; 5907 tgt tok/s;     59 s elapsed
Epoch 14,   450/  454; acc:  83.52; ppl:   1.99; 5623 src tok/s; 5811 tgt tok/s;     67 s elapsed
Train perplexity: 1.94584
Train accuracy: 83.8872
Validation perplexity: 6.41073
Validation accuracy: 69.7105
Decaying learning rate to 0.0078125

Epoch 15,    50/  454; acc:  84.30; ppl:   1.91; 5574 src tok/s; 5778 tgt tok/s;      7 s elapsed
Epoch 15,   100/  454; acc:  83.61; ppl:   1.97; 5474 src tok/s; 5684 tgt tok/s;     15 s elapsed
Epoch 15,   150/  454; acc:  83.97; ppl:   1.92; 5483 src tok/s; 5703 tgt tok/s;     23 s elapsed
Epoch 15,   200/  454; acc:  84.06; ppl:   1.92; 5556 src tok/s; 5774 tgt tok/s;     30 s elapsed
Epoch 15,   250/  454; acc:  85.03; ppl:   1.83; 5689 src tok/s; 5922 tgt tok/s;     37 s elapsed
Epoch 15,   300/  454; acc:  82.86; ppl:   2.04; 5734 src tok/s; 5913 tgt tok/s;     45 s elapsed
Epoch 15,   350/  454; acc:  83.62; ppl:   1.99; 5608 src tok/s; 5790 tgt tok/s;     53 s elapsed
Epoch 15,   400/  454; acc:  84.67; ppl:   1.89; 5589 src tok/s; 5823 tgt tok/s;     60 s elapsed
Epoch 15,   450/  454; acc:  84.07; ppl:   1.93; 5605 src tok/s; 5820 tgt tok/s;     67 s elapsed
Train perplexity: 1.93229
Train accuracy: 84.0245
Validation perplexity: 6.42642
Validation accuracy: 69.7673
Decaying learning rate to 0.00390625

Epoch 16,    50/  454; acc:  84.72; ppl:   1.87; 5513 src tok/s; 5730 tgt tok/s;      7 s elapsed
Epoch 16,   100/  454; acc:  83.92; ppl:   1.99; 5718 src tok/s; 5919 tgt tok/s;     15 s elapsed
Epoch 16,   150/  454; acc:  83.67; ppl:   1.95; 5558 src tok/s; 5789 tgt tok/s;     22 s elapsed
Epoch 16,   200/  454; acc:  84.06; ppl:   1.93; 5627 src tok/s; 5830 tgt tok/s;     30 s elapsed
Epoch 16,   250/  454; acc:  84.76; ppl:   1.85; 5497 src tok/s; 5731 tgt tok/s;     37 s elapsed
Epoch 16,   300/  454; acc:  83.45; ppl:   1.98; 5583 src tok/s; 5792 tgt tok/s;     45 s elapsed
Epoch 16,   350/  454; acc:  83.39; ppl:   1.97; 5629 src tok/s; 5832 tgt tok/s;     53 s elapsed
Epoch 16,   400/  454; acc:  84.77; ppl:   1.88; 5714 src tok/s; 5946 tgt tok/s;     60 s elapsed
Epoch 16,   450/  454; acc:  84.28; ppl:   1.94; 5623 src tok/s; 5806 tgt tok/s;     67 s elapsed
Train perplexity: 1.9266
Train accuracy: 84.1214
Validation perplexity: 6.43241
Validation accuracy: 69.746
Decaying learning rate to 0.00195312

Epoch 17,    50/  454; acc:  82.87; ppl:   2.03; 5652 src tok/s; 5835 tgt tok/s;      8 s elapsed
Epoch 17,   100/  454; acc:  85.09; ppl:   1.83; 5618 src tok/s; 5857 tgt tok/s;     15 s elapsed
Epoch 17,   150/  454; acc:  84.44; ppl:   1.87; 5663 src tok/s; 5894 tgt tok/s;     22 s elapsed
Epoch 17,   200/  454; acc:  84.27; ppl:   1.91; 5623 src tok/s; 5836 tgt tok/s;     30 s elapsed
Epoch 17,   250/  454; acc:  83.93; ppl:   1.97; 5614 src tok/s; 5845 tgt tok/s;     37 s elapsed
Epoch 17,   300/  454; acc:  84.20; ppl:   1.92; 5645 src tok/s; 5853 tgt tok/s;     45 s elapsed
Epoch 17,   350/  454; acc:  85.06; ppl:   1.84; 4707 src tok/s; 4918 tgt tok/s;     53 s elapsed
Epoch 17,   400/  454; acc:  83.24; ppl:   2.03; 5533 src tok/s; 5702 tgt tok/s;     61 s elapsed
Epoch 17,   450/  454; acc:  84.54; ppl:   1.90; 5579 src tok/s; 5783 tgt tok/s;     68 s elapsed
Train perplexity: 1.92436
Train accuracy: 84.1462
Validation perplexity: 6.43502
Validation accuracy: 69.7389
Decaying learning rate to 0.000976562
