<module 'opts' from '/u/suhubdyd/research/projects/jumble_lstm/code/auxiliary-nmt/opts.pyc'>
Namespace(batch_size=64, brnn=False, brnn_merge='concat', cnn_kernel_width=3, context_gate=None, copy_attn=False, copy_attn_force=False, coverage_attn=False, data='/data/lisatmp3/suhubdyd/multi30k.atok.low', dec_layers=1, decay_method='', decoder_type='rnn', dropout=0.4, enc_layers=2, encoder_type='rnn', epochs=40, exp='', exp_host='', feat_merge='concat', feat_vec_exponent=0.7, feat_vec_size=-1, fix_word_vecs_dec=False, fix_word_vecs_enc=False, global_attention='general', gpuid=[0], input_feed=1, kappa_dec=0.15, kappa_enc=0.15, lambda_coverage=1, layers=-1, learning_rate=1.0, learning_rate_decay=0.5, max_generator_batches=32, max_grad_norm=5, model_type='text', optim='sgd', param_init=0.1, position_encoding=False, pre_word_vecs_dec=None, pre_word_vecs_enc=None, report_every=50, rnn_size=500, rnn_type='LSTM', save_model='/data/lisatmp3/suhubdyd/models/encoder0.15_decoder0.15_dropout0.4', seed=-1, share_decoder_embeddings=False, share_embeddings=False, src_word_vec_size=500, start_checkpoint_at=0, start_decay_at=8, start_epoch=1, tgt_word_vec_size=500, train_from='', truncated_decoder=0, warmup_steps=4000, word_vec_size=-1)
('Using Kappa L2 loss on encoder', 0.15)
('Using Kappa L2 loss on decoder', 0.15)
Loading train and validate data from '/data/lisatmp3/suhubdyd/multi30k.atok.low'
 * number of training sentences: 29000
 * maximum batch size: 64
 * vocabulary size. source = 10841; target = 18563
Building model...
Intializing model parameters.
NMTModel (
  (encoder): RNNEncoder (
    (embeddings): Embeddings (
      (make_embedding): Sequential (
        (emb_luts): Elementwise (
          (0): Embedding(10841, 500, padding_idx=1)
        )
      )
    )
    (dropout): Dropout (p = 0.4)
    (rnn): LSTM(500, 500, dropout=0.4)
  )
  (decoder): InputFeedRNNDecoder (
    (embeddings): Embeddings (
      (make_embedding): Sequential (
        (emb_luts): Elementwise (
          (0): Embedding(18563, 500, padding_idx=1)
        )
      )
    )
    (dropout): Dropout (p = 0.4)
    (rnn): StackedLSTM (
      (dropout): Dropout (p = 0.4)
      (layers): ModuleList (
        (0): LSTMCell(1000, 500)
      )
    )
    (attn): GlobalAttention (
      (linear_in): Linear (500 -> 500)
      (linear_out): Linear (1000 -> 500)
      (sm): Softmax ()
      (tanh): Tanh ()
    )
  )
  (generator): Sequential (
    (0): Linear (500 -> 18563)
    (1): LogSoftmax ()
  )
)
* number of parameters: 29760063
('encoder: ', 7424500)
('decoder: ', 22335563)

Epoch  1,    50/  454; acc:   8.97; ppl: 18905.03; 5235 src tok/s; 5420 tgt tok/s;      8 s elapsed
Epoch  1,   100/  454; acc:  15.46; ppl: 1355.35; 5879 src tok/s; 6115 tgt tok/s;     15 s elapsed
Epoch  1,   150/  454; acc:  18.91; ppl: 447.91; 5809 src tok/s; 6036 tgt tok/s;     22 s elapsed
Epoch  1,   200/  454; acc:  20.93; ppl: 263.23; 5587 src tok/s; 5807 tgt tok/s;     30 s elapsed
Epoch  1,   250/  454; acc:  24.85; ppl: 158.20; 5365 src tok/s; 5553 tgt tok/s;     38 s elapsed
Epoch  1,   300/  454; acc:  28.55; ppl: 112.95; 5268 src tok/s; 5488 tgt tok/s;     46 s elapsed
Epoch  1,   350/  454; acc:  29.64; ppl:  97.14; 5372 src tok/s; 5571 tgt tok/s;     54 s elapsed
Epoch  1,   400/  454; acc:  31.68; ppl:  77.83; 5395 src tok/s; 5615 tgt tok/s;     61 s elapsed
Epoch  1,   450/  454; acc:  33.62; ppl:  64.92; 5315 src tok/s; 5499 tgt tok/s;     69 s elapsed
Train perplexity: 310.855
Train accuracy: 23.6518
Validation perplexity: 54.9896
Validation accuracy: 36.0082

Epoch  2,    50/  454; acc:  37.06; ppl:  48.70; 5537 src tok/s; 5721 tgt tok/s;      7 s elapsed
Epoch  2,   100/  454; acc:  37.65; ppl:  47.59; 5291 src tok/s; 5482 tgt tok/s;     16 s elapsed
Epoch  2,   150/  454; acc:  41.16; ppl:  36.49; 5352 src tok/s; 5577 tgt tok/s;     23 s elapsed
Epoch  2,   200/  454; acc:  43.27; ppl:  31.10; 5416 src tok/s; 5626 tgt tok/s;     31 s elapsed
Epoch  2,   250/  454; acc:  47.22; ppl:  24.73; 5370 src tok/s; 5600 tgt tok/s;     39 s elapsed
Epoch  2,   300/  454; acc:  46.67; ppl:  25.15; 5439 src tok/s; 5629 tgt tok/s;     47 s elapsed
Epoch  2,   350/  454; acc:  50.48; ppl:  19.98; 5464 src tok/s; 5662 tgt tok/s;     54 s elapsed
Epoch  2,   400/  454; acc:  50.50; ppl:  19.88; 5456 src tok/s; 5665 tgt tok/s;     62 s elapsed
Epoch  2,   450/  454; acc:  51.31; ppl:  18.37; 5372 src tok/s; 5563 tgt tok/s;     70 s elapsed
Train perplexity: 28.2213
Train accuracy: 45.1233
Validation perplexity: 15.9696
Validation accuracy: 53.1928

Epoch  3,    50/  454; acc:  54.48; ppl:  14.30; 5748 src tok/s; 5911 tgt tok/s;      8 s elapsed
Epoch  3,   100/  454; acc:  57.04; ppl:  12.25; 5417 src tok/s; 5658 tgt tok/s;     15 s elapsed
Epoch  3,   150/  454; acc:  55.52; ppl:  13.18; 5443 src tok/s; 5640 tgt tok/s;     23 s elapsed
Epoch  3,   200/  454; acc:  56.32; ppl:  12.67; 5298 src tok/s; 5542 tgt tok/s;     31 s elapsed
Epoch  3,   250/  454; acc:  57.13; ppl:  11.86; 5373 src tok/s; 5568 tgt tok/s;     39 s elapsed
Epoch  3,   300/  454; acc:  58.45; ppl:  11.16; 5461 src tok/s; 5661 tgt tok/s;     46 s elapsed
Epoch  3,   350/  454; acc:  57.66; ppl:  11.43; 5378 src tok/s; 5569 tgt tok/s;     54 s elapsed
Epoch  3,   400/  454; acc:  60.00; ppl:  10.02; 5527 src tok/s; 5739 tgt tok/s;     62 s elapsed
Epoch  3,   450/  454; acc:  59.05; ppl:  10.54; 5398 src tok/s; 5613 tgt tok/s;     69 s elapsed
Train perplexity: 11.841
Train accuracy: 57.3234
Validation perplexity: 9.84858
Validation accuracy: 61.5084

Epoch  4,    50/  454; acc:  62.74; ppl:   7.78; 5516 src tok/s; 5750 tgt tok/s;      7 s elapsed
Epoch  4,   100/  454; acc:  61.92; ppl:   8.17; 5495 src tok/s; 5692 tgt tok/s;     15 s elapsed
Epoch  4,   150/  454; acc:  62.47; ppl:   7.84; 5391 src tok/s; 5593 tgt tok/s;     23 s elapsed
Epoch  4,   200/  454; acc:  61.89; ppl:   8.15; 5478 src tok/s; 5671 tgt tok/s;     31 s elapsed
Epoch  4,   250/  454; acc:  62.75; ppl:   7.77; 5488 src tok/s; 5691 tgt tok/s;     38 s elapsed
Epoch  4,   300/  454; acc:  63.06; ppl:   7.54; 5547 src tok/s; 5754 tgt tok/s;     46 s elapsed
Epoch  4,   350/  454; acc:  63.29; ppl:   7.51; 5474 src tok/s; 5685 tgt tok/s;     53 s elapsed
Epoch  4,   400/  454; acc:  63.35; ppl:   7.46; 5436 src tok/s; 5654 tgt tok/s;     61 s elapsed
Epoch  4,   450/  454; acc:  62.64; ppl:   7.69; 5488 src tok/s; 5693 tgt tok/s;     69 s elapsed
Train perplexity: 7.76044
Train accuracy: 62.6784
Validation perplexity: 8.01447
Validation accuracy: 64.0556

Epoch  5,    50/  454; acc:  65.97; ppl:   5.78; 5405 src tok/s; 5618 tgt tok/s;      8 s elapsed
Epoch  5,   100/  454; acc:  66.50; ppl:   5.72; 5521 src tok/s; 5728 tgt tok/s;     15 s elapsed
Epoch  5,   150/  454; acc:  64.77; ppl:   6.31; 5514 src tok/s; 5695 tgt tok/s;     23 s elapsed
Epoch  5,   200/  454; acc:  66.97; ppl:   5.69; 5342 src tok/s; 5573 tgt tok/s;     31 s elapsed
Epoch  5,   250/  454; acc:  65.50; ppl:   6.09; 5374 src tok/s; 5557 tgt tok/s;     39 s elapsed
Epoch  5,   300/  454; acc:  66.47; ppl:   5.63; 5467 src tok/s; 5669 tgt tok/s;     46 s elapsed
Epoch  5,   350/  454; acc:  67.47; ppl:   5.33; 5485 src tok/s; 5739 tgt tok/s;     53 s elapsed
Epoch  5,   400/  454; acc:  64.66; ppl:   6.35; 5547 src tok/s; 5729 tgt tok/s;     61 s elapsed
Epoch  5,   450/  454; acc:  65.62; ppl:   5.94; 5527 src tok/s; 5729 tgt tok/s;     69 s elapsed
Train perplexity: 5.86205
Train accuracy: 65.9887
Validation perplexity: 7.39508
Validation accuracy: 65.3399

Epoch  6,    50/  454; acc:  69.15; ppl:   4.61; 5615 src tok/s; 5783 tgt tok/s;      8 s elapsed
Epoch  6,   100/  454; acc:  70.06; ppl:   4.37; 5489 src tok/s; 5723 tgt tok/s;     15 s elapsed
Epoch  6,   150/  454; acc:  68.28; ppl:   4.81; 5510 src tok/s; 5731 tgt tok/s;     23 s elapsed
Epoch  6,   200/  454; acc:  68.42; ppl:   4.74; 5447 src tok/s; 5675 tgt tok/s;     31 s elapsed
Epoch  6,   250/  454; acc:  68.33; ppl:   4.79; 5438 src tok/s; 5642 tgt tok/s;     38 s elapsed
Epoch  6,   300/  454; acc:  68.41; ppl:   4.74; 5431 src tok/s; 5616 tgt tok/s;     46 s elapsed
Epoch  6,   350/  454; acc:  68.75; ppl:   4.74; 5479 src tok/s; 5708 tgt tok/s;     53 s elapsed
Epoch  6,   400/  454; acc:  66.91; ppl:   5.18; 5537 src tok/s; 5725 tgt tok/s;     61 s elapsed
Epoch  6,   450/  454; acc:  68.63; ppl:   4.76; 5430 src tok/s; 5625 tgt tok/s;     69 s elapsed
Train perplexity: 4.73943
Train accuracy: 68.568
Validation perplexity: 6.84334
Validation accuracy: 66.7731

Epoch  7,    50/  454; acc:  72.49; ppl:   3.60; 5619 src tok/s; 5861 tgt tok/s;      7 s elapsed
Epoch  7,   100/  454; acc:  70.51; ppl:   4.03; 5715 src tok/s; 5878 tgt tok/s;     15 s elapsed
Epoch  7,   150/  454; acc:  71.10; ppl:   3.91; 5529 src tok/s; 5709 tgt tok/s;     23 s elapsed
Epoch  7,   200/  454; acc:  71.04; ppl:   3.89; 5444 src tok/s; 5665 tgt tok/s;     30 s elapsed
Epoch  7,   250/  454; acc:  70.66; ppl:   3.95; 5448 src tok/s; 5672 tgt tok/s;     38 s elapsed
Epoch  7,   300/  454; acc:  70.22; ppl:   4.09; 5479 src tok/s; 5681 tgt tok/s;     46 s elapsed
Epoch  7,   350/  454; acc:  70.47; ppl:   3.99; 5518 src tok/s; 5755 tgt tok/s;     53 s elapsed
Epoch  7,   400/  454; acc:  70.00; ppl:   4.12; 5475 src tok/s; 5673 tgt tok/s;     61 s elapsed
Epoch  7,   450/  454; acc:  69.54; ppl:   4.27; 5402 src tok/s; 5621 tgt tok/s;     68 s elapsed
Train perplexity: 3.98666
Train accuracy: 70.6388
Validation perplexity: 6.61759
Validation accuracy: 66.5602

Epoch  8,    50/  454; acc:  73.63; ppl:   3.26; 5736 src tok/s; 5934 tgt tok/s;      7 s elapsed
Epoch  8,   100/  454; acc:  73.02; ppl:   3.33; 5640 src tok/s; 5870 tgt tok/s;     15 s elapsed
Epoch  8,   150/  454; acc:  72.67; ppl:   3.40; 5496 src tok/s; 5698 tgt tok/s;     22 s elapsed
Epoch  8,   200/  454; acc:  72.69; ppl:   3.41; 5555 src tok/s; 5757 tgt tok/s;     30 s elapsed
Epoch  8,   250/  454; acc:  71.89; ppl:   3.58; 5434 src tok/s; 5636 tgt tok/s;     38 s elapsed
Epoch  8,   300/  454; acc:  72.57; ppl:   3.42; 5485 src tok/s; 5715 tgt tok/s;     45 s elapsed
Epoch  8,   350/  454; acc:  72.36; ppl:   3.56; 5455 src tok/s; 5679 tgt tok/s;     53 s elapsed
Epoch  8,   400/  454; acc:  72.04; ppl:   3.54; 5489 src tok/s; 5679 tgt tok/s;     61 s elapsed
Epoch  8,   450/  454; acc:  71.66; ppl:   3.60; 5413 src tok/s; 5614 tgt tok/s;     68 s elapsed
Train perplexity: 3.45306
Train accuracy: 72.5063
Validation perplexity: 6.63282
Validation accuracy: 67.3123
Decaying learning rate to 0.5

Epoch  9,    50/  454; acc:  78.38; ppl:   2.49; 5636 src tok/s; 5872 tgt tok/s;      7 s elapsed
Epoch  9,   100/  454; acc:  77.00; ppl:   2.75; 5509 src tok/s; 5657 tgt tok/s;     15 s elapsed
Epoch  9,   150/  454; acc:  76.99; ppl:   2.70; 5456 src tok/s; 5623 tgt tok/s;     23 s elapsed
Epoch  9,   200/  454; acc:  78.49; ppl:   2.48; 5534 src tok/s; 5794 tgt tok/s;     30 s elapsed
Epoch  9,   250/  454; acc:  78.00; ppl:   2.59; 5599 src tok/s; 5786 tgt tok/s;     38 s elapsed
Epoch  9,   300/  454; acc:  77.99; ppl:   2.58; 5541 src tok/s; 5764 tgt tok/s;     45 s elapsed
Epoch  9,   350/  454; acc:  77.80; ppl:   2.56; 5580 src tok/s; 5805 tgt tok/s;     53 s elapsed
Epoch  9,   400/  454; acc:  76.70; ppl:   2.70; 5410 src tok/s; 5647 tgt tok/s;     61 s elapsed
Epoch  9,   450/  454; acc:  77.85; ppl:   2.57; 5391 src tok/s; 5608 tgt tok/s;     68 s elapsed
Train perplexity: 2.60868
Train accuracy: 77.6285
Validation perplexity: 6.15548
Validation accuracy: 69.1571
Decaying learning rate to 0.25

Epoch 10,    50/  454; acc:  81.77; ppl:   2.14; 5600 src tok/s; 5817 tgt tok/s;      7 s elapsed
Epoch 10,   100/  454; acc:  81.52; ppl:   2.14; 5527 src tok/s; 5740 tgt tok/s;     15 s elapsed
Epoch 10,   150/  454; acc:  81.00; ppl:   2.20; 5520 src tok/s; 5714 tgt tok/s;     23 s elapsed
Epoch 10,   200/  454; acc:  82.43; ppl:   2.07; 5466 src tok/s; 5730 tgt tok/s;     30 s elapsed
Epoch 10,   250/  454; acc:  81.47; ppl:   2.12; 5492 src tok/s; 5719 tgt tok/s;     38 s elapsed
Epoch 10,   300/  454; acc:  80.26; ppl:   2.30; 5641 src tok/s; 5787 tgt tok/s;     45 s elapsed
Epoch 10,   350/  454; acc:  81.49; ppl:   2.13; 5575 src tok/s; 5798 tgt tok/s;     53 s elapsed
Epoch 10,   400/  454; acc:  80.54; ppl:   2.23; 5550 src tok/s; 5745 tgt tok/s;     60 s elapsed
Epoch 10,   450/  454; acc:  81.03; ppl:   2.18; 5430 src tok/s; 5645 tgt tok/s;     68 s elapsed
Train perplexity: 2.17203
Train accuracy: 81.2352
Validation perplexity: 6.27335
Validation accuracy: 69.15
Decaying learning rate to 0.125

Epoch 11,    50/  454; acc:  83.33; ppl:   1.98; 5571 src tok/s; 5774 tgt tok/s;      8 s elapsed
Epoch 11,   100/  454; acc:  83.73; ppl:   1.95; 5605 src tok/s; 5819 tgt tok/s;     15 s elapsed
Epoch 11,   150/  454; acc:  83.48; ppl:   1.94; 5587 src tok/s; 5760 tgt tok/s;     23 s elapsed
Epoch 11,   200/  454; acc:  83.23; ppl:   2.00; 5524 src tok/s; 5737 tgt tok/s;     30 s elapsed
Epoch 11,   250/  454; acc:  82.97; ppl:   1.99; 5575 src tok/s; 5773 tgt tok/s;     38 s elapsed
Epoch 11,   300/  454; acc:  83.77; ppl:   1.95; 5447 src tok/s; 5662 tgt tok/s;     45 s elapsed
Epoch 11,   350/  454; acc:  83.08; ppl:   2.02; 5510 src tok/s; 5724 tgt tok/s;     53 s elapsed
Epoch 11,   400/  454; acc:  83.58; ppl:   1.94; 5476 src tok/s; 5717 tgt tok/s;     61 s elapsed
Epoch 11,   450/  454; acc:  83.02; ppl:   2.02; 5563 src tok/s; 5781 tgt tok/s;     68 s elapsed
Train perplexity: 1.97626
Train accuracy: 83.3649
Validation perplexity: 6.38041
Validation accuracy: 69.1784
Decaying learning rate to 0.0625

Epoch 12,    50/  454; acc:  85.00; ppl:   1.85; 5524 src tok/s; 5770 tgt tok/s;      7 s elapsed
Epoch 12,   100/  454; acc:  84.45; ppl:   1.89; 5502 src tok/s; 5684 tgt tok/s;     15 s elapsed
Epoch 12,   150/  454; acc:  85.13; ppl:   1.82; 5537 src tok/s; 5800 tgt tok/s;     22 s elapsed
Epoch 12,   200/  454; acc:  84.01; ppl:   1.94; 5472 src tok/s; 5693 tgt tok/s;     30 s elapsed
Epoch 12,   250/  454; acc:  84.10; ppl:   1.93; 5505 src tok/s; 5675 tgt tok/s;     38 s elapsed
Epoch 12,   300/  454; acc:  84.93; ppl:   1.83; 5567 src tok/s; 5779 tgt tok/s;     46 s elapsed
Epoch 12,   350/  454; acc:  84.15; ppl:   1.91; 5587 src tok/s; 5778 tgt tok/s;     53 s elapsed
Epoch 12,   400/  454; acc:  84.48; ppl:   1.88; 5694 src tok/s; 5876 tgt tok/s;     60 s elapsed
Epoch 12,   450/  454; acc:  83.88; ppl:   1.94; 5480 src tok/s; 5700 tgt tok/s;     68 s elapsed
Train perplexity: 1.88584
Train accuracy: 84.4756
Validation perplexity: 6.44873
Validation accuracy: 69.3628
Decaying learning rate to 0.03125

Epoch 13,    50/  454; acc:  84.23; ppl:   1.91; 5624 src tok/s; 5793 tgt tok/s;      8 s elapsed
Epoch 13,   100/  454; acc:  85.33; ppl:   1.78; 5549 src tok/s; 5791 tgt tok/s;     15 s elapsed
Epoch 13,   150/  454; acc:  86.01; ppl:   1.75; 5598 src tok/s; 5803 tgt tok/s;     22 s elapsed
Epoch 13,   200/  454; acc:  84.08; ppl:   1.93; 5436 src tok/s; 5608 tgt tok/s;     30 s elapsed
Epoch 13,   250/  454; acc:  86.37; ppl:   1.71; 5499 src tok/s; 5744 tgt tok/s;     38 s elapsed
Epoch 13,   300/  454; acc:  83.94; ppl:   1.96; 5507 src tok/s; 5686 tgt tok/s;     45 s elapsed
Epoch 13,   350/  454; acc:  84.53; ppl:   1.87; 5442 src tok/s; 5659 tgt tok/s;     53 s elapsed
Epoch 13,   400/  454; acc:  84.91; ppl:   1.84; 5622 src tok/s; 5830 tgt tok/s;     61 s elapsed
Epoch 13,   450/  454; acc:  85.43; ppl:   1.79; 5465 src tok/s; 5722 tgt tok/s;     68 s elapsed
Train perplexity: 1.84123
Train accuracy: 84.9128
Validation perplexity: 6.46833
Validation accuracy: 69.377
Decaying learning rate to 0.015625

Epoch 14,    50/  454; acc:  86.62; ppl:   1.70; 5574 src tok/s; 5870 tgt tok/s;      7 s elapsed
Epoch 14,   100/  454; acc:  84.36; ppl:   1.91; 5735 src tok/s; 5874 tgt tok/s;     15 s elapsed
Epoch 14,   150/  454; acc:  84.62; ppl:   1.87; 5469 src tok/s; 5658 tgt tok/s;     23 s elapsed
Epoch 14,   200/  454; acc:  85.60; ppl:   1.77; 5489 src tok/s; 5694 tgt tok/s;     30 s elapsed
Epoch 14,   250/  454; acc:  85.11; ppl:   1.83; 5583 src tok/s; 5818 tgt tok/s;     38 s elapsed
Epoch 14,   300/  454; acc:  85.02; ppl:   1.83; 5423 src tok/s; 5620 tgt tok/s;     45 s elapsed
Epoch 14,   350/  454; acc:  85.80; ppl:   1.78; 5637 src tok/s; 5841 tgt tok/s;     53 s elapsed
Epoch 14,   400/  454; acc:  84.55; ppl:   1.88; 5469 src tok/s; 5672 tgt tok/s;     61 s elapsed
Epoch 14,   450/  454; acc:  85.39; ppl:   1.81; 5407 src tok/s; 5632 tgt tok/s;     68 s elapsed
Train perplexity: 1.81899
Train accuracy: 85.2166
Validation perplexity: 6.49167
Validation accuracy: 69.448
Decaying learning rate to 0.0078125

Epoch 15,    50/  454; acc:  84.99; ppl:   1.84; 5604 src tok/s; 5824 tgt tok/s;      7 s elapsed
Epoch 15,   100/  454; acc:  85.98; ppl:   1.76; 5428 src tok/s; 5626 tgt tok/s;     15 s elapsed
Epoch 15,   150/  454; acc:  86.00; ppl:   1.76; 5599 src tok/s; 5799 tgt tok/s;     23 s elapsed
Epoch 15,   200/  454; acc:  85.01; ppl:   1.83; 5510 src tok/s; 5714 tgt tok/s;     30 s elapsed
Epoch 15,   250/  454; acc:  85.27; ppl:   1.81; 5465 src tok/s; 5691 tgt tok/s;     38 s elapsed
Epoch 15,   300/  454; acc:  84.95; ppl:   1.85; 5590 src tok/s; 5807 tgt tok/s;     45 s elapsed
Epoch 15,   350/  454; acc:  86.13; ppl:   1.73; 5555 src tok/s; 5791 tgt tok/s;     53 s elapsed
Epoch 15,   400/  454; acc:  84.45; ppl:   1.90; 5581 src tok/s; 5758 tgt tok/s;     61 s elapsed
Epoch 15,   450/  454; acc:  85.20; ppl:   1.83; 5413 src tok/s; 5607 tgt tok/s;     68 s elapsed
Train perplexity: 1.81011
Train accuracy: 85.3494
Validation perplexity: 6.50013
Validation accuracy: 69.3983
Decaying learning rate to 0.00390625

Epoch 16,    50/  454; acc:  85.81; ppl:   1.81; 5684 src tok/s; 5926 tgt tok/s;      7 s elapsed
Epoch 16,   100/  454; acc:  85.82; ppl:   1.76; 5573 src tok/s; 5750 tgt tok/s;     15 s elapsed
Epoch 16,   150/  454; acc:  85.04; ppl:   1.83; 5508 src tok/s; 5710 tgt tok/s;     23 s elapsed
Epoch 16,   200/  454; acc:  85.85; ppl:   1.79; 5535 src tok/s; 5778 tgt tok/s;     30 s elapsed
Epoch 16,   250/  454; acc:  85.27; ppl:   1.83; 5519 src tok/s; 5756 tgt tok/s;     37 s elapsed
Epoch 16,   300/  454; acc:  85.14; ppl:   1.82; 5557 src tok/s; 5722 tgt tok/s;     45 s elapsed
Epoch 16,   350/  454; acc:  85.69; ppl:   1.78; 5514 src tok/s; 5712 tgt tok/s;     53 s elapsed
Epoch 16,   400/  454; acc:  85.16; ppl:   1.83; 5416 src tok/s; 5627 tgt tok/s;     61 s elapsed
Epoch 16,   450/  454; acc:  85.70; ppl:   1.79; 5541 src tok/s; 5751 tgt tok/s;     68 s elapsed
Train perplexity: 1.80481
Train accuracy: 85.4771
Validation perplexity: 6.5006
Validation accuracy: 69.3699
Decaying learning rate to 0.00195312

Epoch 17,    50/  454; acc:  84.49; ppl:   1.89; 5734 src tok/s; 5914 tgt tok/s;      8 s elapsed
Epoch 17,   100/  454; acc:  86.33; ppl:   1.72; 5586 src tok/s; 5853 tgt tok/s;     15 s elapsed
Epoch 17,   150/  454; acc:  85.77; ppl:   1.80; 5451 src tok/s; 5671 tgt tok/s;     22 s elapsed
Epoch 17,   200/  454; acc:  85.02; ppl:   1.83; 5446 src tok/s; 5637 tgt tok/s;     30 s elapsed
Epoch 17,   250/  454; acc:  85.70; ppl:   1.78; 5393 src tok/s; 5582 tgt tok/s;     38 s elapsed
Epoch 17,   300/  454; acc:  85.37; ppl:   1.79; 5523 src tok/s; 5756 tgt tok/s;     46 s elapsed
Epoch 17,   350/  454; acc:  86.09; ppl:   1.73; 5501 src tok/s; 5710 tgt tok/s;     53 s elapsed
Epoch 17,   400/  454; acc:  84.94; ppl:   1.86; 5503 src tok/s; 5686 tgt tok/s;     61 s elapsed
Epoch 17,   450/  454; acc:  85.53; ppl:   1.78; 5454 src tok/s; 5661 tgt tok/s;     68 s elapsed
Train perplexity: 1.80025
Train accuracy: 85.4581
Validation perplexity: 6.50516
Validation accuracy: 69.3558
Decaying learning rate to 0.000976562

Epoch 18,    50/  454; acc:  85.15; ppl:   1.84; 5526 src tok/s; 5769 tgt tok/s;      8 s elapsed
Epoch 18,   100/  454; acc:  85.56; ppl:   1.77; 5644 src tok/s; 5839 tgt tok/s;     15 s elapsed
Epoch 18,   150/  454; acc:  86.75; ppl:   1.69; 5420 src tok/s; 5648 tgt tok/s;     22 s elapsed
Epoch 18,   200/  454; acc:  84.80; ppl:   1.85; 5586 src tok/s; 5763 tgt tok/s;     30 s elapsed
Epoch 18,   250/  454; acc:  85.27; ppl:   1.82; 5538 src tok/s; 5729 tgt tok/s;     38 s elapsed
Epoch 18,   300/  454; acc:  85.61; ppl:   1.79; 5379 src tok/s; 5609 tgt tok/s;     46 s elapsed
Epoch 18,   350/  454; acc:  85.61; ppl:   1.80; 5449 src tok/s; 5662 tgt tok/s;     53 s elapsed
Epoch 18,   400/  454; acc:  85.03; ppl:   1.82; 5674 src tok/s; 5877 tgt tok/s;     61 s elapsed
Epoch 18,   450/  454; acc:  85.44; ppl:   1.81; 5446 src tok/s; 5639 tgt tok/s;     68 s elapsed
Train perplexity: 1.79781
Train accuracy: 85.4754
Validation perplexity: 6.50636
Validation accuracy: 69.3628
Decaying learning rate to 0.000488281

Epoch 19,    50/  454; acc:  86.80; ppl:   1.68; 5607 src tok/s; 5866 tgt tok/s;      7 s elapsed
Epoch 19,   100/  454; acc:  84.15; ppl:   1.93; 5654 src tok/s; 5821 tgt tok/s;     15 s elapsed
Epoch 19,   150/  454; acc:  85.87; ppl:   1.76; 5479 src tok/s; 5701 tgt tok/s;     23 s elapsed
Epoch 19,   200/  454; acc:  85.38; ppl:   1.81; 5498 src tok/s; 5697 tgt tok/s;     30 s elapsed
Epoch 19,   250/  454; acc:  84.61; ppl:   1.89; 5574 src tok/s; 5773 tgt tok/s;     38 s elapsed
Epoch 19,   300/  454; acc:  86.19; ppl:   1.73; 5539 src tok/s; 5752 tgt tok/s;     45 s elapsed
Epoch 19,   350/  454; acc:  85.26; ppl:   1.82; 5469 src tok/s; 5659 tgt tok/s;     53 s elapsed
Epoch 19,   400/  454; acc:  85.76; ppl:   1.77; 5572 src tok/s; 5809 tgt tok/s;     60 s elapsed
Epoch 19,   450/  454; acc:  85.46; ppl:   1.79; 5450 src tok/s; 5662 tgt tok/s;     68 s elapsed
Train perplexity: 1.7984
Train accuracy: 85.4758
Validation perplexity: 6.50735
Validation accuracy: 69.3699
Decaying learning rate to 0.000244141

Epoch 20,    50/  454; acc:  84.99; ppl:   1.84; 5695 src tok/s; 5917 tgt tok/s;      7 s elapsed
Epoch 20,   100/  454; acc:  86.45; ppl:   1.72; 5610 src tok/s; 5828 tgt tok/s;     15 s elapsed
Epoch 20,   150/  454; acc:  85.80; ppl:   1.78; 5384 src tok/s; 5607 tgt tok/s;     22 s elapsed
Epoch 20,   200/  454; acc:  85.28; ppl:   1.84; 5617 src tok/s; 5785 tgt tok/s;     30 s elapsed
Epoch 20,   250/  454; acc:  85.60; ppl:   1.76; 5541 src tok/s; 5750 tgt tok/s;     38 s elapsed
Epoch 20,   300/  454; acc:  85.09; ppl:   1.84; 5582 src tok/s; 5814 tgt tok/s;     45 s elapsed
Epoch 20,   350/  454; acc:  85.50; ppl:   1.78; 5519 src tok/s; 5722 tgt tok/s;     53 s elapsed
Epoch 20,   400/  454; acc:  85.37; ppl:   1.80; 5396 src tok/s; 5602 tgt tok/s;     60 s elapsed
Epoch 20,   450/  454; acc:  85.12; ppl:   1.83; 5395 src tok/s; 5589 tgt tok/s;     68 s elapsed
Train perplexity: 1.79727
Train accuracy: 85.4827
Validation perplexity: 6.50776
Validation accuracy: 69.3628
Decaying learning rate to 0.00012207

Epoch 21,    50/  454; acc:  85.75; ppl:   1.78; 5553 src tok/s; 5793 tgt tok/s;      7 s elapsed
Epoch 21,   100/  454; acc:  85.28; ppl:   1.80; 5514 src tok/s; 5716 tgt tok/s;     15 s elapsed
Epoch 21,   150/  454; acc:  87.28; ppl:   1.66; 5436 src tok/s; 5706 tgt tok/s;     22 s elapsed
Epoch 21,   200/  454; acc:  83.82; ppl:   1.95; 5612 src tok/s; 5749 tgt tok/s;     30 s elapsed
Epoch 21,   250/  454; acc:  85.91; ppl:   1.77; 5552 src tok/s; 5779 tgt tok/s;     38 s elapsed
Epoch 21,   300/  454; acc:  85.30; ppl:   1.83; 5484 src tok/s; 5677 tgt tok/s;     45 s elapsed
Epoch 21,   350/  454; acc:  85.41; ppl:   1.79; 5529 src tok/s; 5726 tgt tok/s;     53 s elapsed
Epoch 21,   400/  454; acc:  85.67; ppl:   1.78; 5543 src tok/s; 5756 tgt tok/s;     61 s elapsed
Epoch 21,   450/  454; acc:  85.40; ppl:   1.80; 5446 src tok/s; 5657 tgt tok/s;     68 s elapsed
Train perplexity: 1.79662
Train accuracy: 85.5121
Validation perplexity: 6.50784
Validation accuracy: 69.3699
Decaying learning rate to 6.10352e-05

Epoch 22,    50/  454; acc:  86.33; ppl:   1.71; 5606 src tok/s; 5884 tgt tok/s;      7 s elapsed
Epoch 22,   100/  454; acc:  84.90; ppl:   1.85; 5626 src tok/s; 5790 tgt tok/s;     15 s elapsed
Epoch 22,   150/  454; acc:  85.03; ppl:   1.85; 5572 src tok/s; 5767 tgt tok/s;     23 s elapsed
Epoch 22,   200/  454; acc:  86.40; ppl:   1.72; 5385 src tok/s; 5624 tgt tok/s;     30 s elapsed
Epoch 22,   250/  454; acc:  85.67; ppl:   1.78; 5607 src tok/s; 5817 tgt tok/s;     38 s elapsed
Epoch 22,   300/  454; acc:  84.97; ppl:   1.84; 5533 src tok/s; 5733 tgt tok/s;     45 s elapsed
Epoch 22,   350/  454; acc:  85.48; ppl:   1.81; 5636 src tok/s; 5852 tgt tok/s;     53 s elapsed
Epoch 22,   400/  454; acc:  85.74; ppl:   1.80; 5443 src tok/s; 5633 tgt tok/s;     60 s elapsed
Epoch 22,   450/  454; acc:  84.97; ppl:   1.83; 5443 src tok/s; 5639 tgt tok/s;     68 s elapsed
Train perplexity: 1.79878
Train accuracy: 85.494
Validation perplexity: 6.50795
Validation accuracy: 69.3699
Decaying learning rate to 3.05176e-05

Epoch 23,    50/  454; acc:  85.52; ppl:   1.82; 5556 src tok/s; 5770 tgt tok/s;      7 s elapsed
Epoch 23,   100/  454; acc:  85.45; ppl:   1.80; 5666 src tok/s; 5835 tgt tok/s;     15 s elapsed
Epoch 23,   150/  454; acc:  85.76; ppl:   1.75; 5479 src tok/s; 5736 tgt tok/s;     22 s elapsed
Epoch 23,   200/  454; acc:  84.95; ppl:   1.86; 5624 src tok/s; 5790 tgt tok/s;     30 s elapsed
Epoch 23,   250/  454; acc:  85.43; ppl:   1.81; 5432 src tok/s; 5670 tgt tok/s;     38 s elapsed
Epoch 23,   300/  454; acc:  85.92; ppl:   1.75; 5677 src tok/s; 5857 tgt tok/s;     45 s elapsed
Epoch 23,   350/  454; acc:  84.64; ppl:   1.87; 5435 src tok/s; 5642 tgt tok/s;     53 s elapsed
Epoch 23,   400/  454; acc:  86.29; ppl:   1.74; 5513 src tok/s; 5734 tgt tok/s;     61 s elapsed
Epoch 23,   450/  454; acc:  85.52; ppl:   1.80; 5443 src tok/s; 5664 tgt tok/s;     68 s elapsed
Train perplexity: 1.79812
Train accuracy: 85.5145
Validation perplexity: 6.50799
Validation accuracy: 69.3699
Decaying learning rate to 1.52588e-05

Epoch 24,    50/  454; acc:  86.08; ppl:   1.74; 5729 src tok/s; 5949 tgt tok/s;      7 s elapsed
Epoch 24,   100/  454; acc:  85.09; ppl:   1.85; 5401 src tok/s; 5636 tgt tok/s;     15 s elapsed
Epoch 24,   150/  454; acc:  85.98; ppl:   1.76; 5538 src tok/s; 5758 tgt tok/s;     23 s elapsed
Epoch 24,   200/  454; acc:  85.09; ppl:   1.84; 5554 src tok/s; 5757 tgt tok/s;     30 s elapsed
Epoch 24,   250/  454; acc:  85.97; ppl:   1.75; 5535 src tok/s; 5762 tgt tok/s;     38 s elapsed
Epoch 24,   300/  454; acc:  85.59; ppl:   1.80; 5555 src tok/s; 5744 tgt tok/s;     45 s elapsed
Epoch 24,   350/  454; acc:  87.30; ppl:   1.67; 5616 src tok/s; 5890 tgt tok/s;     52 s elapsed
Epoch 24,   400/  454; acc:  83.99; ppl:   1.95; 5582 src tok/s; 5729 tgt tok/s;     60 s elapsed
Epoch 24,   450/  454; acc:  85.35; ppl:   1.81; 5409 src tok/s; 5589 tgt tok/s;     68 s elapsed
Train perplexity: 1.79759
Train accuracy: 85.5844
Validation perplexity: 6.50804
Validation accuracy: 69.3699
Decaying learning rate to 7.62939e-06

Epoch 25,    50/  454; acc:  85.63; ppl:   1.78; 5556 src tok/s; 5774 tgt tok/s;      7 s elapsed
Epoch 25,   100/  454; acc:  85.22; ppl:   1.83; 5609 src tok/s; 5791 tgt tok/s;     15 s elapsed
Epoch 25,   150/  454; acc:  84.59; ppl:   1.88; 5431 src tok/s; 5644 tgt tok/s;     23 s elapsed
Epoch 25,   200/  454; acc:  86.95; ppl:   1.69; 5543 src tok/s; 5780 tgt tok/s;     30 s elapsed
Epoch 25,   250/  454; acc:  85.88; ppl:   1.76; 5494 src tok/s; 5729 tgt tok/s;     38 s elapsed
Epoch 25,   300/  454; acc:  85.10; ppl:   1.83; 5580 src tok/s; 5793 tgt tok/s;     45 s elapsed
Epoch 25,   350/  454; acc:  85.17; ppl:   1.84; 5573 src tok/s; 5768 tgt tok/s;     53 s elapsed
Epoch 25,   400/  454; acc:  85.72; ppl:   1.76; 5570 src tok/s; 5761 tgt tok/s;     60 s elapsed
Epoch 25,   450/  454; acc:  85.08; ppl:   1.82; 5442 src tok/s; 5643 tgt tok/s;     68 s elapsed
Train perplexity: 1.79992
Train accuracy: 85.4537
Validation perplexity: 6.50806
Validation accuracy: 69.3699
Decaying learning rate to 3.8147e-06

Epoch 26,    50/  454; acc:  85.34; ppl:   1.82; 5591 src tok/s; 5795 tgt tok/s;      8 s elapsed
Epoch 26,   100/  454; acc:  85.87; ppl:   1.78; 5575 src tok/s; 5754 tgt tok/s;     15 s elapsed
Epoch 26,   150/  454; acc:  85.04; ppl:   1.81; 5549 src tok/s; 5714 tgt tok/s;     23 s elapsed
Epoch 26,   200/  454; acc:  85.96; ppl:   1.75; 5548 src tok/s; 5786 tgt tok/s;     30 s elapsed
Epoch 26,   250/  454; acc:  85.51; ppl:   1.79; 5487 src tok/s; 5708 tgt tok/s;     38 s elapsed
Epoch 26,   300/  454; acc:  85.16; ppl:   1.82; 5448 src tok/s; 5687 tgt tok/s;     46 s elapsed
Epoch 26,   350/  454; acc:  85.28; ppl:   1.81; 5595 src tok/s; 5792 tgt tok/s;     53 s elapsed
Epoch 26,   400/  454; acc:  85.52; ppl:   1.82; 5588 src tok/s; 5805 tgt tok/s;     61 s elapsed
Epoch 26,   450/  454; acc:  85.80; ppl:   1.77; 5318 src tok/s; 5547 tgt tok/s;     68 s elapsed
Train perplexity: 1.79862
Train accuracy: 85.4786
Validation perplexity: 6.50807
Validation accuracy: 69.3699
Decaying learning rate to 1.90735e-06

Epoch 27,    50/  454; acc:  86.66; ppl:   1.71; 5666 src tok/s; 5934 tgt tok/s;      7 s elapsed
Epoch 27,   100/  454; acc:  84.65; ppl:   1.87; 5445 src tok/s; 5618 tgt tok/s;     15 s elapsed
Epoch 27,   150/  454; acc:  84.42; ppl:   1.89; 5571 src tok/s; 5761 tgt tok/s;     23 s elapsed
Epoch 27,   200/  454; acc:  86.09; ppl:   1.74; 5616 src tok/s; 5827 tgt tok/s;     30 s elapsed
Epoch 27,   250/  454; acc:  85.43; ppl:   1.80; 5502 src tok/s; 5739 tgt tok/s;     37 s elapsed
Epoch 27,   300/  454; acc:  85.13; ppl:   1.83; 5457 src tok/s; 5640 tgt tok/s;     45 s elapsed
Epoch 27,   350/  454; acc:  86.27; ppl:   1.72; 5482 src tok/s; 5750 tgt tok/s;     53 s elapsed
Epoch 27,   400/  454; acc:  84.84; ppl:   1.86; 5684 src tok/s; 5857 tgt tok/s;     61 s elapsed
Epoch 27,   450/  454; acc:  85.71; ppl:   1.77; 5554 src tok/s; 5769 tgt tok/s;     68 s elapsed
Train perplexity: 1.79944
Train accuracy: 85.4148
Validation perplexity: 6.50807
Validation accuracy: 69.3699
Decaying learning rate to 9.53674e-07

Epoch 28,    50/  454; acc:  84.99; ppl:   1.84; 5824 src tok/s; 6026 tgt tok/s;      7 s elapsed
Epoch 28,   100/  454; acc:  86.15; ppl:   1.75; 5615 src tok/s; 5858 tgt tok/s;     15 s elapsed
Epoch 28,   150/  454; acc:  85.51; ppl:   1.80; 5492 src tok/s; 5707 tgt tok/s;     22 s elapsed
Epoch 28,   200/  454; acc:  85.24; ppl:   1.83; 5496 src tok/s; 5679 tgt tok/s;     30 s elapsed
Epoch 28,   250/  454; acc:  85.26; ppl:   1.81; 5579 src tok/s; 5777 tgt tok/s;     38 s elapsed
Epoch 28,   300/  454; acc:  86.21; ppl:   1.75; 5544 src tok/s; 5762 tgt tok/s;     45 s elapsed
Epoch 28,   350/  454; acc:  85.92; ppl:   1.78; 5418 src tok/s; 5641 tgt tok/s;     53 s elapsed
Epoch 28,   400/  454; acc:  85.17; ppl:   1.83; 5601 src tok/s; 5778 tgt tok/s;     60 s elapsed
Epoch 28,   450/  454; acc:  85.69; ppl:   1.79; 5370 src tok/s; 5593 tgt tok/s;     68 s elapsed
Train perplexity: 1.79825
Train accuracy: 85.5866
Validation perplexity: 6.50807
Validation accuracy: 69.3699
Decaying learning rate to 4.76837e-07

Epoch 29,    50/  454; acc:  85.12; ppl:   1.85; 5667 src tok/s; 5864 tgt tok/s;      7 s elapsed
Epoch 29,   100/  454; acc:  85.72; ppl:   1.79; 5675 src tok/s; 5881 tgt tok/s;     15 s elapsed
Epoch 29,   150/  454; acc:  85.33; ppl:   1.81; 5359 src tok/s; 5573 tgt tok/s;     23 s elapsed
Epoch 29,   200/  454; acc:  85.72; ppl:   1.79; 5514 src tok/s; 5732 tgt tok/s;     30 s elapsed
Epoch 29,   250/  454; acc:  85.48; ppl:   1.79; 5434 src tok/s; 5633 tgt tok/s;     38 s elapsed
Epoch 29,   300/  454; acc:  85.41; ppl:   1.81; 5465 src tok/s; 5717 tgt tok/s;     46 s elapsed
Epoch 29,   350/  454; acc:  85.13; ppl:   1.83; 5639 src tok/s; 5799 tgt tok/s;     53 s elapsed
Epoch 29,   400/  454; acc:  86.33; ppl:   1.73; 5485 src tok/s; 5725 tgt tok/s;     61 s elapsed
Epoch 29,   450/  454; acc:  85.36; ppl:   1.80; 5568 src tok/s; 5759 tgt tok/s;     68 s elapsed
Train perplexity: 1.79839
Train accuracy: 85.5215
Validation perplexity: 6.50807
Validation accuracy: 69.3699
Decaying learning rate to 2.38419e-07

Epoch 30,    50/  454; acc:  84.60; ppl:   1.87; 5754 src tok/s; 5896 tgt tok/s;      8 s elapsed
Epoch 30,   100/  454; acc:  86.27; ppl:   1.74; 5637 src tok/s; 5896 tgt tok/s;     15 s elapsed
Epoch 30,   150/  454; acc:  85.25; ppl:   1.82; 5447 src tok/s; 5639 tgt tok/s;     23 s elapsed
Epoch 30,   200/  454; acc:  85.85; ppl:   1.76; 5472 src tok/s; 5700 tgt tok/s;     30 s elapsed
Epoch 30,   250/  454; acc:  85.96; ppl:   1.76; 5400 src tok/s; 5637 tgt tok/s;     38 s elapsed
Epoch 30,   300/  454; acc:  85.23; ppl:   1.82; 5395 src tok/s; 5609 tgt tok/s;     46 s elapsed
Epoch 30,   350/  454; acc:  84.80; ppl:   1.87; 5644 src tok/s; 5816 tgt tok/s;     53 s elapsed
Epoch 30,   400/  454; acc:  86.23; ppl:   1.73; 5523 src tok/s; 5757 tgt tok/s;     61 s elapsed
Epoch 30,   450/  454; acc:  85.40; ppl:   1.80; 5536 src tok/s; 5742 tgt tok/s;     68 s elapsed
Train perplexity: 1.7971
Train accuracy: 85.4989
Validation perplexity: 6.50807
Validation accuracy: 69.3699
Decaying learning rate to 1.19209e-07

Epoch 31,    50/  454; acc:  85.68; ppl:   1.78; 5647 src tok/s; 5865 tgt tok/s;      7 s elapsed
Epoch 31,   100/  454; acc:  85.03; ppl:   1.83; 5600 src tok/s; 5802 tgt tok/s;     15 s elapsed
Epoch 31,   150/  454; acc:  85.64; ppl:   1.77; 5712 src tok/s; 5876 tgt tok/s;     23 s elapsed
Epoch 31,   200/  454; acc:  85.63; ppl:   1.82; 5455 src tok/s; 5674 tgt tok/s;     30 s elapsed
Epoch 31,   250/  454; acc:  86.19; ppl:   1.75; 5495 src tok/s; 5742 tgt tok/s;     37 s elapsed
Epoch 31,   300/  454; acc:  85.29; ppl:   1.82; 5542 src tok/s; 5726 tgt tok/s;     45 s elapsed
Epoch 31,   350/  454; acc:  84.93; ppl:   1.85; 5439 src tok/s; 5621 tgt tok/s;     53 s elapsed
Epoch 31,   400/  454; acc:  86.22; ppl:   1.74; 5451 src tok/s; 5705 tgt tok/s;     60 s elapsed
Epoch 31,   450/  454; acc:  85.02; ppl:   1.83; 5545 src tok/s; 5759 tgt tok/s;     68 s elapsed
Train perplexity: 1.79856
Train accuracy: 85.5283
Validation perplexity: 6.50807
Validation accuracy: 69.3699
Decaying learning rate to 5.96046e-08

Epoch 32,    50/  454; acc:  85.51; ppl:   1.79; 5760 src tok/s; 5952 tgt tok/s;      7 s elapsed
Epoch 32,   100/  454; acc:  85.54; ppl:   1.80; 5421 src tok/s; 5652 tgt tok/s;     15 s elapsed
Epoch 32,   150/  454; acc:  84.64; ppl:   1.88; 5570 src tok/s; 5750 tgt tok/s;     23 s elapsed
Epoch 32,   200/  454; acc:  86.50; ppl:   1.73; 5612 src tok/s; 5835 tgt tok/s;     30 s elapsed
Epoch 32,   250/  454; acc:  85.82; ppl:   1.78; 5453 src tok/s; 5672 tgt tok/s;     38 s elapsed
Epoch 32,   300/  454; acc:  85.46; ppl:   1.80; 5413 src tok/s; 5604 tgt tok/s;     46 s elapsed
Epoch 32,   350/  454; acc:  84.39; ppl:   1.92; 5523 src tok/s; 5730 tgt tok/s;     53 s elapsed
Epoch 32,   400/  454; acc:  86.80; ppl:   1.69; 5578 src tok/s; 5814 tgt tok/s;     61 s elapsed
Epoch 32,   450/  454; acc:  85.67; ppl:   1.78; 5524 src tok/s; 5738 tgt tok/s;     68 s elapsed
Train perplexity: 1.79793
Train accuracy: 85.5552
Validation perplexity: 6.50807
Validation accuracy: 69.3699
Decaying learning rate to 2.98023e-08

Epoch 33,    50/  454; acc:  85.59; ppl:   1.79; 5713 src tok/s; 5906 tgt tok/s;      7 s elapsed
Epoch 33,   100/  454; acc:  85.34; ppl:   1.82; 5536 src tok/s; 5752 tgt tok/s;     15 s elapsed
Epoch 33,   150/  454; acc:  86.06; ppl:   1.73; 5482 src tok/s; 5741 tgt tok/s;     22 s elapsed
Epoch 33,   200/  454; acc:  84.96; ppl:   1.85; 5672 src tok/s; 5822 tgt tok/s;     30 s elapsed
Epoch 33,   250/  454; acc:  85.37; ppl:   1.82; 5547 src tok/s; 5777 tgt tok/s;     37 s elapsed
Epoch 33,   300/  454; acc:  85.39; ppl:   1.80; 5526 src tok/s; 5753 tgt tok/s;     45 s elapsed
Epoch 33,   350/  454; acc:  86.32; ppl:   1.73; 5503 src tok/s; 5736 tgt tok/s;     52 s elapsed
Epoch 33,   400/  454; acc:  85.00; ppl:   1.84; 5528 src tok/s; 5710 tgt tok/s;     60 s elapsed
Epoch 33,   450/  454; acc:  85.27; ppl:   1.82; 5389 src tok/s; 5579 tgt tok/s;     68 s elapsed
Train perplexity: 1.79942
Train accuracy: 85.4941
Validation perplexity: 6.50807
Validation accuracy: 69.3699
Decaying learning rate to 1.49012e-08

Epoch 34,    50/  454; acc:  85.49; ppl:   1.78; 5655 src tok/s; 5829 tgt tok/s;      8 s elapsed
Epoch 34,   100/  454; acc:  85.20; ppl:   1.83; 5495 src tok/s; 5719 tgt tok/s;     15 s elapsed
Epoch 34,   150/  454; acc:  85.03; ppl:   1.83; 5445 src tok/s; 5634 tgt tok/s;     23 s elapsed
Epoch 34,   200/  454; acc:  86.00; ppl:   1.76; 5567 src tok/s; 5813 tgt tok/s;     30 s elapsed
Epoch 34,   250/  454; acc:  85.81; ppl:   1.77; 5476 src tok/s; 5696 tgt tok/s;     38 s elapsed
Epoch 34,   300/  454; acc:  85.46; ppl:   1.81; 5526 src tok/s; 5752 tgt tok/s;     46 s elapsed
Epoch 34,   350/  454; acc:  85.56; ppl:   1.81; 5437 src tok/s; 5667 tgt tok/s;     53 s elapsed
Epoch 34,   400/  454; acc:  85.29; ppl:   1.82; 5600 src tok/s; 5781 tgt tok/s;     61 s elapsed
Epoch 34,   450/  454; acc:  85.33; ppl:   1.82; 5468 src tok/s; 5647 tgt tok/s;     68 s elapsed
Train perplexity: 1.79925
Train accuracy: 85.4964
Validation perplexity: 6.50807
Validation accuracy: 69.3699
Decaying learning rate to 7.45058e-09

Epoch 35,    50/  454; acc:  84.65; ppl:   1.89; 5851 src tok/s; 6049 tgt tok/s;      7 s elapsed
Epoch 35,   100/  454; acc:  86.49; ppl:   1.72; 5496 src tok/s; 5711 tgt tok/s;     15 s elapsed
Epoch 35,   150/  454; acc:  85.77; ppl:   1.78; 5467 src tok/s; 5670 tgt tok/s;     22 s elapsed
Epoch 35,   200/  454; acc:  85.51; ppl:   1.81; 5470 src tok/s; 5693 tgt tok/s;     30 s elapsed
Epoch 35,   250/  454; acc:  84.86; ppl:   1.85; 5445 src tok/s; 5637 tgt tok/s;     38 s elapsed
Epoch 35,   300/  454; acc:  85.89; ppl:   1.76; 5567 src tok/s; 5764 tgt tok/s;     45 s elapsed
Epoch 35,   350/  454; acc:  86.78; ppl:   1.69; 5443 src tok/s; 5709 tgt tok/s;     53 s elapsed
Epoch 35,   400/  454; acc:  84.70; ppl:   1.88; 5557 src tok/s; 5727 tgt tok/s;     61 s elapsed
Epoch 35,   450/  454; acc:  85.18; ppl:   1.82; 5385 src tok/s; 5595 tgt tok/s;     68 s elapsed
Train perplexity: 1.79794
Train accuracy: 85.5486
Validation perplexity: 6.50807
Validation accuracy: 69.3699
Decaying learning rate to 3.72529e-09

Epoch 36,    50/  454; acc:  86.86; ppl:   1.69; 5682 src tok/s; 5963 tgt tok/s;      7 s elapsed
Epoch 36,   100/  454; acc:  84.19; ppl:   1.92; 5505 src tok/s; 5674 tgt tok/s;     15 s elapsed
Epoch 36,   150/  454; acc:  85.58; ppl:   1.79; 5411 src tok/s; 5620 tgt tok/s;     23 s elapsed
Epoch 36,   200/  454; acc:  85.58; ppl:   1.79; 5552 src tok/s; 5752 tgt tok/s;     30 s elapsed
Epoch 36,   250/  454; acc:  85.84; ppl:   1.78; 5596 src tok/s; 5796 tgt tok/s;     38 s elapsed
Epoch 36,   300/  454; acc:  85.04; ppl:   1.82; 5535 src tok/s; 5718 tgt tok/s;     45 s elapsed
Epoch 36,   350/  454; acc:  84.94; ppl:   1.85; 5578 src tok/s; 5766 tgt tok/s;     53 s elapsed
Epoch 36,   400/  454; acc:  86.65; ppl:   1.71; 5460 src tok/s; 5709 tgt tok/s;     61 s elapsed
Epoch 36,   450/  454; acc:  85.34; ppl:   1.81; 5437 src tok/s; 5639 tgt tok/s;     68 s elapsed
Train perplexity: 1.79638
Train accuracy: 85.5256
Validation perplexity: 6.50807
Validation accuracy: 69.3699
Decaying learning rate to 1.86265e-09

Epoch 37,    50/  454; acc:  85.29; ppl:   1.83; 5520 src tok/s; 5741 tgt tok/s;      8 s elapsed
Epoch 37,   100/  454; acc:  85.55; ppl:   1.79; 5504 src tok/s; 5702 tgt tok/s;     15 s elapsed
Epoch 37,   150/  454; acc:  86.03; ppl:   1.75; 5556 src tok/s; 5774 tgt tok/s;     23 s elapsed
Epoch 37,   200/  454; acc:  84.66; ppl:   1.85; 5509 src tok/s; 5737 tgt tok/s;     31 s elapsed
Epoch 37,   250/  454; acc:  86.26; ppl:   1.73; 5482 src tok/s; 5699 tgt tok/s;     38 s elapsed
Epoch 37,   300/  454; acc:  85.37; ppl:   1.82; 5656 src tok/s; 5874 tgt tok/s;     46 s elapsed
Epoch 37,   350/  454; acc:  86.09; ppl:   1.75; 5554 src tok/s; 5778 tgt tok/s;     53 s elapsed
Epoch 37,   400/  454; acc:  85.04; ppl:   1.83; 5633 src tok/s; 5790 tgt tok/s;     60 s elapsed
Epoch 37,   450/  454; acc:  85.29; ppl:   1.82; 5463 src tok/s; 5655 tgt tok/s;     68 s elapsed
Train perplexity: 1.79667
Train accuracy: 85.5223
Validation perplexity: 6.50807
Validation accuracy: 69.3699
Decaying learning rate to 9.31323e-10

Epoch 38,    50/  454; acc:  85.38; ppl:   1.80; 5745 src tok/s; 5979 tgt tok/s;      7 s elapsed
Epoch 38,   100/  454; acc:  85.53; ppl:   1.79; 5532 src tok/s; 5700 tgt tok/s;     15 s elapsed
Epoch 38,   150/  454; acc:  87.33; ppl:   1.64; 5508 src tok/s; 5765 tgt tok/s;     22 s elapsed
Epoch 38,   200/  454; acc:  84.09; ppl:   1.92; 5531 src tok/s; 5672 tgt tok/s;     30 s elapsed
Epoch 38,   250/  454; acc:  84.59; ppl:   1.89; 5555 src tok/s; 5736 tgt tok/s;     38 s elapsed
Epoch 38,   300/  454; acc:  86.33; ppl:   1.72; 5532 src tok/s; 5785 tgt tok/s;     45 s elapsed
Epoch 38,   350/  454; acc:  86.45; ppl:   1.71; 5523 src tok/s; 5753 tgt tok/s;     53 s elapsed
Epoch 38,   400/  454; acc:  84.72; ppl:   1.87; 5377 src tok/s; 5577 tgt tok/s;     61 s elapsed
Epoch 38,   450/  454; acc:  85.33; ppl:   1.81; 5514 src tok/s; 5745 tgt tok/s;     68 s elapsed
Train perplexity: 1.79544
Train accuracy: 85.5033
Validation perplexity: 6.50807
Validation accuracy: 69.3699
Decaying learning rate to 4.65661e-10

Epoch 39,    50/  454; acc:  84.95; ppl:   1.85; 5552 src tok/s; 5778 tgt tok/s;      8 s elapsed
Epoch 39,   100/  454; acc:  85.67; ppl:   1.79; 5648 src tok/s; 5838 tgt tok/s;     15 s elapsed
Epoch 39,   150/  454; acc:  85.16; ppl:   1.84; 5541 src tok/s; 5709 tgt tok/s;     23 s elapsed
Epoch 39,   200/  454; acc:  85.90; ppl:   1.77; 5539 src tok/s; 5783 tgt tok/s;     30 s elapsed
Epoch 39,   250/  454; acc:  86.14; ppl:   1.76; 5519 src tok/s; 5741 tgt tok/s;     38 s elapsed
Epoch 39,   300/  454; acc:  85.14; ppl:   1.84; 5404 src tok/s; 5619 tgt tok/s;     46 s elapsed
Epoch 39,   350/  454; acc:  85.22; ppl:   1.81; 5441 src tok/s; 5644 tgt tok/s;     53 s elapsed
Epoch 39,   400/  454; acc:  85.58; ppl:   1.77; 5641 src tok/s; 5825 tgt tok/s;     61 s elapsed
Epoch 39,   450/  454; acc:  85.59; ppl:   1.78; 5465 src tok/s; 5700 tgt tok/s;     68 s elapsed
Train perplexity: 1.79763
Train accuracy: 85.4988
Validation perplexity: 6.50807
Validation accuracy: 69.3699
Decaying learning rate to 2.32831e-10

Epoch 40,    50/  454; acc:  85.48; ppl:   1.79; 5579 src tok/s; 5809 tgt tok/s;      8 s elapsed
Epoch 40,   100/  454; acc:  85.30; ppl:   1.82; 5552 src tok/s; 5774 tgt tok/s;     15 s elapsed
Epoch 40,   150/  454; acc:  85.25; ppl:   1.83; 5477 src tok/s; 5660 tgt tok/s;     23 s elapsed
Epoch 40,   200/  454; acc:  86.29; ppl:   1.74; 5464 src tok/s; 5685 tgt tok/s;     30 s elapsed
Epoch 40,   250/  454; acc:  85.46; ppl:   1.82; 5421 src tok/s; 5597 tgt tok/s;     38 s elapsed
Epoch 40,   300/  454; acc:  85.55; ppl:   1.77; 5543 src tok/s; 5800 tgt tok/s;     46 s elapsed
Epoch 40,   350/  454; acc:  84.79; ppl:   1.85; 5631 src tok/s; 5808 tgt tok/s;     53 s elapsed
Epoch 40,   400/  454; acc:  86.31; ppl:   1.74; 5612 src tok/s; 5827 tgt tok/s;     61 s elapsed
Epoch 40,   450/  454; acc:  85.31; ppl:   1.82; 5470 src tok/s; 5671 tgt tok/s;     68 s elapsed
Train perplexity: 1.79835
Train accuracy: 85.5192
Validation perplexity: 6.50807
Validation accuracy: 69.3699
Decaying learning rate to 1.16415e-10
