<module 'opts' from '/u/suhubdyd/research/projects/jumble_lstm/code/auxiliary-nmt/opts.pyc'>
Namespace(batch_size=64, brnn=False, brnn_merge='concat', cnn_kernel_width=3, context_gate=None, copy_attn=False, copy_attn_force=False, coverage_attn=False, data='/data/lisatmp3/suhubdyd/multi30k.atok.low', dec_layers=1, decay_method='', decoder_type='rnn', dropout=0.3, enc_layers=2, encoder_type='rnn', epochs=17, exp='', exp_host='', feat_merge='concat', feat_vec_exponent=0.7, feat_vec_size=-1, fix_word_vecs_dec=False, fix_word_vecs_enc=False, global_attention='general', gpuid=[0], input_feed=1, kappa_dec=0.15, kappa_enc=0.1, lambda_coverage=1, layers=-1, learning_rate=1.0, learning_rate_decay=0.5, max_generator_batches=32, max_grad_norm=5, model_type='text', optim='sgd', param_init=0.1, position_encoding=False, pre_word_vecs_dec=None, pre_word_vecs_enc=None, report_every=50, rnn_size=500, rnn_type='LSTM', save_model='/data/lisatmp3/suhubdyd/models/encoder0.1_decoder0.15_dropout0.3', seed=-1, share_decoder_embeddings=False, share_embeddings=False, src_word_vec_size=500, start_checkpoint_at=0, start_decay_at=8, start_epoch=1, tgt_word_vec_size=500, train_from='', truncated_decoder=0, warmup_steps=4000, word_vec_size=-1)
('Using Kappa L2 loss on encoder', 0.1)
('Using Kappa L2 loss on decoder', 0.15)
Loading train and validate data from '/data/lisatmp3/suhubdyd/multi30k.atok.low'
 * number of training sentences: 29000
 * maximum batch size: 64
 * vocabulary size. source = 10841; target = 18563
Building model...
Intializing model parameters.
NMTModel (
  (encoder): RNNEncoder (
    (embeddings): Embeddings (
      (make_embedding): Sequential (
        (emb_luts): Elementwise (
          (0): Embedding(10841, 500, padding_idx=1)
        )
      )
    )
    (dropout): Dropout (p = 0.3)
    (rnn): LSTM(500, 500, dropout=0.3)
  )
  (decoder): InputFeedRNNDecoder (
    (embeddings): Embeddings (
      (make_embedding): Sequential (
        (emb_luts): Elementwise (
          (0): Embedding(18563, 500, padding_idx=1)
        )
      )
    )
    (dropout): Dropout (p = 0.3)
    (rnn): StackedLSTM (
      (dropout): Dropout (p = 0.3)
      (layers): ModuleList (
        (0): LSTMCell(1000, 500)
      )
    )
    (attn): GlobalAttention (
      (linear_in): Linear (500 -> 500)
      (linear_out): Linear (1000 -> 500)
      (sm): Softmax ()
      (tanh): Tanh ()
    )
  )
  (generator): Sequential (
    (0): Linear (500 -> 18563)
    (1): LogSoftmax ()
  )
)
* number of parameters: 29760063
('encoder: ', 7424500)
('decoder: ', 22335563)

Epoch  1,    50/  454; acc:   7.86; ppl: 20471.28; 5657 src tok/s; 5883 tgt tok/s;      7 s elapsed
Epoch  1,   100/  454; acc:  13.82; ppl: 1941.03; 7233 src tok/s; 7467 tgt tok/s;     13 s elapsed
Epoch  1,   150/  454; acc:  17.34; ppl: 563.78; 7095 src tok/s; 7361 tgt tok/s;     19 s elapsed
Epoch  1,   200/  454; acc:  22.05; ppl: 247.00; 6921 src tok/s; 7200 tgt tok/s;     25 s elapsed
Epoch  1,   250/  454; acc:  24.76; ppl: 176.39; 7011 src tok/s; 7291 tgt tok/s;     31 s elapsed
Epoch  1,   300/  454; acc:  26.90; ppl: 132.94; 6912 src tok/s; 7177 tgt tok/s;     37 s elapsed
Epoch  1,   350/  454; acc:  29.68; ppl:  95.37; 6984 src tok/s; 7263 tgt tok/s;     43 s elapsed
Epoch  1,   400/  454; acc:  31.75; ppl:  78.52; 6984 src tok/s; 7245 tgt tok/s;     49 s elapsed
Epoch  1,   450/  454; acc:  34.86; ppl:  60.03; 7006 src tok/s; 7245 tgt tok/s;     55 s elapsed
Train perplexity: 334.538
Train accuracy: 23.2911
Validation perplexity: 45.8553
Validation accuracy: 39.2082

Epoch  2,    50/  454; acc:  38.25; ppl:  45.59; 6893 src tok/s; 7216 tgt tok/s;      6 s elapsed
Epoch  2,   100/  454; acc:  39.66; ppl:  41.47; 7032 src tok/s; 7271 tgt tok/s;     12 s elapsed
Epoch  2,   150/  454; acc:  44.36; ppl:  29.83; 6986 src tok/s; 7313 tgt tok/s;     18 s elapsed
Epoch  2,   200/  454; acc:  43.72; ppl:  30.53; 7026 src tok/s; 7233 tgt tok/s;     24 s elapsed
Epoch  2,   250/  454; acc:  47.25; ppl:  24.56; 6857 src tok/s; 7129 tgt tok/s;     30 s elapsed
Epoch  2,   300/  454; acc:  48.65; ppl:  22.34; 7168 src tok/s; 7389 tgt tok/s;     36 s elapsed
Epoch  2,   350/  454; acc:  51.59; ppl:  18.84; 6828 src tok/s; 7161 tgt tok/s;     42 s elapsed
Epoch  2,   400/  454; acc:  49.53; ppl:  20.61; 7024 src tok/s; 7225 tgt tok/s;     48 s elapsed
Epoch  2,   450/  454; acc:  52.79; ppl:  16.85; 6861 src tok/s; 7127 tgt tok/s;     54 s elapsed
Train perplexity: 26.3153
Train accuracy: 46.2123
Validation perplexity: 15.4415
Validation accuracy: 54.3707

Epoch  3,    50/  454; acc:  55.46; ppl:  13.08; 6701 src tok/s; 7001 tgt tok/s;      6 s elapsed
Epoch  3,   100/  454; acc:  55.47; ppl:  13.38; 6908 src tok/s; 7153 tgt tok/s;     12 s elapsed
Epoch  3,   150/  454; acc:  56.00; ppl:  12.78; 7055 src tok/s; 7271 tgt tok/s;     18 s elapsed
Epoch  3,   200/  454; acc:  57.28; ppl:  11.72; 6808 src tok/s; 7072 tgt tok/s;     24 s elapsed
Epoch  3,   250/  454; acc:  56.93; ppl:  12.01; 7145 src tok/s; 7422 tgt tok/s;     30 s elapsed
Epoch  3,   300/  454; acc:  58.74; ppl:  10.61; 6939 src tok/s; 7231 tgt tok/s;     36 s elapsed
Epoch  3,   350/  454; acc:  60.61; ppl:   9.59; 6976 src tok/s; 7277 tgt tok/s;     42 s elapsed
Epoch  3,   400/  454; acc:  58.36; ppl:  10.77; 7533 src tok/s; 7764 tgt tok/s;     48 s elapsed
Epoch  3,   450/  454; acc:  59.37; ppl:  10.36; 6998 src tok/s; 7251 tgt tok/s;     54 s elapsed
Train perplexity: 11.5159
Train accuracy: 57.5889
Validation perplexity: 9.67831
Validation accuracy: 61.551

Epoch  4,    50/  454; acc:  63.24; ppl:   7.42; 7048 src tok/s; 7358 tgt tok/s;      6 s elapsed
Epoch  4,   100/  454; acc:  61.58; ppl:   8.34; 7210 src tok/s; 7428 tgt tok/s;     12 s elapsed
Epoch  4,   150/  454; acc:  63.56; ppl:   7.39; 6922 src tok/s; 7228 tgt tok/s;     18 s elapsed
Epoch  4,   200/  454; acc:  61.68; ppl:   8.22; 7067 src tok/s; 7283 tgt tok/s;     24 s elapsed
Epoch  4,   250/  454; acc:  62.50; ppl:   7.80; 7037 src tok/s; 7303 tgt tok/s;     30 s elapsed
Epoch  4,   300/  454; acc:  64.00; ppl:   7.13; 7088 src tok/s; 7395 tgt tok/s;     36 s elapsed
Epoch  4,   350/  454; acc:  63.80; ppl:   7.12; 6971 src tok/s; 7260 tgt tok/s;     42 s elapsed
Epoch  4,   400/  454; acc:  63.32; ppl:   7.46; 7011 src tok/s; 7246 tgt tok/s;     48 s elapsed
Epoch  4,   450/  454; acc:  63.38; ppl:   7.45; 6899 src tok/s; 7149 tgt tok/s;     54 s elapsed
Train perplexity: 7.58066
Train accuracy: 63.0053
Validation perplexity: 8.10907
Validation accuracy: 63.4951

Epoch  5,    50/  454; acc:  68.07; ppl:   5.21; 6831 src tok/s; 7116 tgt tok/s;      6 s elapsed
Epoch  5,   100/  454; acc:  65.88; ppl:   5.87; 6983 src tok/s; 7262 tgt tok/s;     12 s elapsed
Epoch  5,   150/  454; acc:  66.95; ppl:   5.52; 7016 src tok/s; 7328 tgt tok/s;     18 s elapsed
Epoch  5,   200/  454; acc:  65.44; ppl:   6.01; 7184 src tok/s; 7389 tgt tok/s;     24 s elapsed
Epoch  5,   250/  454; acc:  65.82; ppl:   5.90; 6948 src tok/s; 7194 tgt tok/s;     30 s elapsed
Epoch  5,   300/  454; acc:  66.84; ppl:   5.58; 6988 src tok/s; 7268 tgt tok/s;     36 s elapsed
Epoch  5,   350/  454; acc:  67.29; ppl:   5.50; 7056 src tok/s; 7321 tgt tok/s;     42 s elapsed
Epoch  5,   400/  454; acc:  65.98; ppl:   5.92; 7145 src tok/s; 7371 tgt tok/s;     48 s elapsed
Epoch  5,   450/  454; acc:  66.59; ppl:   5.73; 6887 src tok/s; 7186 tgt tok/s;     54 s elapsed
Train perplexity: 5.70055
Train accuracy: 66.497
Validation perplexity: 7.49577
Validation accuracy: 64.5665

Epoch  6,    50/  454; acc:  69.53; ppl:   4.48; 6872 src tok/s; 7098 tgt tok/s;      6 s elapsed
Epoch  6,   100/  454; acc:  69.94; ppl:   4.40; 7131 src tok/s; 7403 tgt tok/s;     12 s elapsed
Epoch  6,   150/  454; acc:  69.66; ppl:   4.45; 6927 src tok/s; 7182 tgt tok/s;     18 s elapsed
Epoch  6,   200/  454; acc:  68.83; ppl:   4.66; 7058 src tok/s; 7336 tgt tok/s;     24 s elapsed
Epoch  6,   250/  454; acc:  69.31; ppl:   4.51; 6871 src tok/s; 7165 tgt tok/s;     30 s elapsed
Epoch  6,   300/  454; acc:  68.16; ppl:   4.86; 7093 src tok/s; 7339 tgt tok/s;     36 s elapsed
Epoch  6,   350/  454; acc:  69.53; ppl:   4.48; 7122 src tok/s; 7412 tgt tok/s;     42 s elapsed
Epoch  6,   400/  454; acc:  68.84; ppl:   4.64; 7138 src tok/s; 7421 tgt tok/s;     48 s elapsed
Epoch  6,   450/  454; acc:  68.85; ppl:   4.64; 6983 src tok/s; 7245 tgt tok/s;     54 s elapsed
Train perplexity: 4.57565
Train accuracy: 69.1588
Validation perplexity: 6.80885
Validation accuracy: 66.5602

Epoch  7,    50/  454; acc:  72.70; ppl:   3.50; 6894 src tok/s; 7175 tgt tok/s;      6 s elapsed
Epoch  7,   100/  454; acc:  71.74; ppl:   3.73; 6995 src tok/s; 7236 tgt tok/s;     12 s elapsed
Epoch  7,   150/  454; acc:  71.96; ppl:   3.78; 7075 src tok/s; 7363 tgt tok/s;     18 s elapsed
Epoch  7,   200/  454; acc:  71.47; ppl:   3.86; 7072 src tok/s; 7318 tgt tok/s;     24 s elapsed
Epoch  7,   250/  454; acc:  71.09; ppl:   3.91; 7018 src tok/s; 7234 tgt tok/s;     30 s elapsed
Epoch  7,   300/  454; acc:  70.86; ppl:   3.86; 6967 src tok/s; 7248 tgt tok/s;     36 s elapsed
Epoch  7,   350/  454; acc:  70.55; ppl:   3.98; 6951 src tok/s; 7218 tgt tok/s;     42 s elapsed
Epoch  7,   400/  454; acc:  70.74; ppl:   3.99; 7091 src tok/s; 7375 tgt tok/s;     48 s elapsed
Epoch  7,   450/  454; acc:  70.35; ppl:   4.03; 6913 src tok/s; 7172 tgt tok/s;     54 s elapsed
Train perplexity: 3.83997
Train accuracy: 71.2939
Validation perplexity: 6.78701
Validation accuracy: 66.8228

Epoch  8,    50/  454; acc:  75.09; ppl:   2.99; 6860 src tok/s; 7144 tgt tok/s;      6 s elapsed
Epoch  8,   100/  454; acc:  73.73; ppl:   3.25; 7184 src tok/s; 7413 tgt tok/s;     12 s elapsed
Epoch  8,   150/  454; acc:  73.98; ppl:   3.18; 7122 src tok/s; 7394 tgt tok/s;     18 s elapsed
Epoch  8,   200/  454; acc:  73.20; ppl:   3.36; 7071 src tok/s; 7297 tgt tok/s;     24 s elapsed
Epoch  8,   250/  454; acc:  73.05; ppl:   3.32; 7076 src tok/s; 7379 tgt tok/s;     30 s elapsed
Epoch  8,   300/  454; acc:  72.38; ppl:   3.45; 7073 src tok/s; 7342 tgt tok/s;     36 s elapsed
Epoch  8,   350/  454; acc:  72.87; ppl:   3.37; 7029 src tok/s; 7343 tgt tok/s;     41 s elapsed
Epoch  8,   400/  454; acc:  72.69; ppl:   3.43; 7247 src tok/s; 7497 tgt tok/s;     47 s elapsed
Epoch  8,   450/  454; acc:  72.74; ppl:   3.39; 6966 src tok/s; 7240 tgt tok/s;     53 s elapsed
Train perplexity: 3.30663
Train accuracy: 73.2704
Validation perplexity: 6.81558
Validation accuracy: 66.546
Decaying learning rate to 0.5

Epoch  9,    50/  454; acc:  78.28; ppl:   2.56; 6814 src tok/s; 7086 tgt tok/s;      6 s elapsed
Epoch  9,   100/  454; acc:  79.28; ppl:   2.39; 7227 src tok/s; 7491 tgt tok/s;     12 s elapsed
Epoch  9,   150/  454; acc:  78.93; ppl:   2.45; 6990 src tok/s; 7276 tgt tok/s;     18 s elapsed
Epoch  9,   200/  454; acc:  78.97; ppl:   2.41; 7124 src tok/s; 7403 tgt tok/s;     24 s elapsed
Epoch  9,   250/  454; acc:  78.73; ppl:   2.49; 7167 src tok/s; 7427 tgt tok/s;     30 s elapsed
Epoch  9,   300/  454; acc:  79.12; ppl:   2.40; 6951 src tok/s; 7222 tgt tok/s;     36 s elapsed
Epoch  9,   350/  454; acc:  79.13; ppl:   2.40; 6988 src tok/s; 7285 tgt tok/s;     42 s elapsed
Epoch  9,   400/  454; acc:  78.15; ppl:   2.53; 7290 src tok/s; 7545 tgt tok/s;     48 s elapsed
Epoch  9,   450/  454; acc:  78.57; ppl:   2.47; 6928 src tok/s; 7167 tgt tok/s;     53 s elapsed
Train perplexity: 2.45664
Train accuracy: 78.7905
Validation perplexity: 6.45847
Validation accuracy: 68.1779
Decaying learning rate to 0.25

Epoch 10,    50/  454; acc:  82.98; ppl:   2.01; 7070 src tok/s; 7294 tgt tok/s;      6 s elapsed
Epoch 10,   100/  454; acc:  83.01; ppl:   2.03; 7074 src tok/s; 7353 tgt tok/s;     12 s elapsed
Epoch 10,   150/  454; acc:  82.59; ppl:   2.04; 7168 src tok/s; 7398 tgt tok/s;     18 s elapsed
Epoch 10,   200/  454; acc:  83.46; ppl:   1.96; 7189 src tok/s; 7492 tgt tok/s;     24 s elapsed
Epoch 10,   250/  454; acc:  81.85; ppl:   2.11; 6994 src tok/s; 7251 tgt tok/s;     30 s elapsed
Epoch 10,   300/  454; acc:  83.88; ppl:   1.92; 7156 src tok/s; 7460 tgt tok/s;     35 s elapsed
Epoch 10,   350/  454; acc:  82.31; ppl:   2.07; 6999 src tok/s; 7292 tgt tok/s;     42 s elapsed
Epoch 10,   400/  454; acc:  83.20; ppl:   1.99; 7013 src tok/s; 7280 tgt tok/s;     47 s elapsed
Epoch 10,   450/  454; acc:  83.10; ppl:   1.99; 7149 src tok/s; 7440 tgt tok/s;     53 s elapsed
Train perplexity: 2.0187
Train accuracy: 82.8641
Validation perplexity: 6.55171
Validation accuracy: 68.6249
Decaying learning rate to 0.125

Epoch 11,    50/  454; acc:  85.45; ppl:   1.82; 6934 src tok/s; 7195 tgt tok/s;      6 s elapsed
Epoch 11,   100/  454; acc:  86.01; ppl:   1.79; 6941 src tok/s; 7216 tgt tok/s;     12 s elapsed
Epoch 11,   150/  454; acc:  85.96; ppl:   1.74; 7115 src tok/s; 7428 tgt tok/s;     18 s elapsed
Epoch 11,   200/  454; acc:  84.54; ppl:   1.90; 7083 src tok/s; 7360 tgt tok/s;     24 s elapsed
Epoch 11,   250/  454; acc:  84.52; ppl:   1.90; 7192 src tok/s; 7407 tgt tok/s;     30 s elapsed
Epoch 11,   300/  454; acc:  85.85; ppl:   1.76; 7060 src tok/s; 7334 tgt tok/s;     36 s elapsed
Epoch 11,   350/  454; acc:  86.69; ppl:   1.69; 6921 src tok/s; 7256 tgt tok/s;     41 s elapsed
Epoch 11,   400/  454; acc:  83.64; ppl:   1.98; 7118 src tok/s; 7302 tgt tok/s;     48 s elapsed
Epoch 11,   450/  454; acc:  85.02; ppl:   1.85; 6857 src tok/s; 7111 tgt tok/s;     54 s elapsed
Train perplexity: 1.82542
Train accuracy: 85.2776
Validation perplexity: 6.6706
Validation accuracy: 68.8023
Decaying learning rate to 0.0625

Epoch 12,    50/  454; acc:  87.70; ppl:   1.65; 6759 src tok/s; 7007 tgt tok/s;      6 s elapsed
Epoch 12,   100/  454; acc:  86.33; ppl:   1.75; 7060 src tok/s; 7328 tgt tok/s;     12 s elapsed
Epoch 12,   150/  454; acc:  86.40; ppl:   1.74; 6913 src tok/s; 7211 tgt tok/s;     18 s elapsed
Epoch 12,   200/  454; acc:  85.96; ppl:   1.77; 7021 src tok/s; 7261 tgt tok/s;     24 s elapsed
Epoch 12,   250/  454; acc:  86.98; ppl:   1.69; 7100 src tok/s; 7335 tgt tok/s;     30 s elapsed
Epoch 12,   300/  454; acc:  85.67; ppl:   1.80; 7013 src tok/s; 7294 tgt tok/s;     36 s elapsed
Epoch 12,   350/  454; acc:  87.58; ppl:   1.65; 6854 src tok/s; 7155 tgt tok/s;     42 s elapsed
Epoch 12,   400/  454; acc:  85.21; ppl:   1.83; 6915 src tok/s; 7129 tgt tok/s;     48 s elapsed
Epoch 12,   450/  454; acc:  87.26; ppl:   1.67; 6913 src tok/s; 7246 tgt tok/s;     54 s elapsed
Train perplexity: 1.73755
Train accuracy: 86.4544
Validation perplexity: 6.81294
Validation accuracy: 68.8378
Decaying learning rate to 0.03125

Epoch 13,    50/  454; acc:  87.86; ppl:   1.63; 6686 src tok/s; 6992 tgt tok/s;      6 s elapsed
Epoch 13,   100/  454; acc:  87.05; ppl:   1.70; 6955 src tok/s; 7218 tgt tok/s;     12 s elapsed
Epoch 13,   150/  454; acc:  87.50; ppl:   1.67; 6950 src tok/s; 7228 tgt tok/s;     18 s elapsed
Epoch 13,   200/  454; acc:  86.53; ppl:   1.74; 7007 src tok/s; 7240 tgt tok/s;     24 s elapsed
Epoch 13,   250/  454; acc:  87.96; ppl:   1.61; 6987 src tok/s; 7269 tgt tok/s;     30 s elapsed
Epoch 13,   300/  454; acc:  85.92; ppl:   1.78; 6995 src tok/s; 7210 tgt tok/s;     36 s elapsed
Epoch 13,   350/  454; acc:  86.79; ppl:   1.71; 6962 src tok/s; 7219 tgt tok/s;     42 s elapsed
Epoch 13,   400/  454; acc:  87.34; ppl:   1.67; 7089 src tok/s; 7362 tgt tok/s;     48 s elapsed
Epoch 13,   450/  454; acc:  87.13; ppl:   1.71; 6811 src tok/s; 7093 tgt tok/s;     54 s elapsed
Train perplexity: 1.69432
Train accuracy: 87.0887
Validation perplexity: 6.88856
Validation accuracy: 68.7669
Decaying learning rate to 0.015625

Epoch 14,    50/  454; acc:  87.83; ppl:   1.63; 6792 src tok/s; 7087 tgt tok/s;      6 s elapsed
Epoch 14,   100/  454; acc:  87.14; ppl:   1.69; 6989 src tok/s; 7205 tgt tok/s;     12 s elapsed
Epoch 14,   150/  454; acc:  87.88; ppl:   1.64; 6966 src tok/s; 7242 tgt tok/s;     18 s elapsed
Epoch 14,   200/  454; acc:  86.97; ppl:   1.70; 7097 src tok/s; 7345 tgt tok/s;     24 s elapsed
Epoch 14,   250/  454; acc:  86.42; ppl:   1.76; 6977 src tok/s; 7215 tgt tok/s;     30 s elapsed
Epoch 14,   300/  454; acc:  88.12; ppl:   1.60; 6740 src tok/s; 7060 tgt tok/s;     36 s elapsed
Epoch 14,   350/  454; acc:  88.66; ppl:   1.59; 6858 src tok/s; 7207 tgt tok/s;     42 s elapsed
Epoch 14,   400/  454; acc:  86.13; ppl:   1.79; 7034 src tok/s; 7201 tgt tok/s;     48 s elapsed
Epoch 14,   450/  454; acc:  87.81; ppl:   1.64; 6846 src tok/s; 7130 tgt tok/s;     54 s elapsed
Train perplexity: 1.67463
Train accuracy: 87.3773
Validation perplexity: 6.9058
Validation accuracy: 68.8662
Decaying learning rate to 0.0078125

Epoch 15,    50/  454; acc:  86.84; ppl:   1.72; 6751 src tok/s; 6967 tgt tok/s;      6 s elapsed
Epoch 15,   100/  454; acc:  88.33; ppl:   1.60; 6904 src tok/s; 7200 tgt tok/s;     12 s elapsed
Epoch 15,   150/  454; acc:  87.16; ppl:   1.69; 6993 src tok/s; 7211 tgt tok/s;     19 s elapsed
Epoch 15,   200/  454; acc:  88.18; ppl:   1.63; 7002 src tok/s; 7310 tgt tok/s;     24 s elapsed
Epoch 15,   250/  454; acc:  87.63; ppl:   1.65; 6918 src tok/s; 7193 tgt tok/s;     30 s elapsed
Epoch 15,   300/  454; acc:  87.23; ppl:   1.68; 7136 src tok/s; 7394 tgt tok/s;     36 s elapsed
Epoch 15,   350/  454; acc:  87.36; ppl:   1.69; 6826 src tok/s; 7148 tgt tok/s;     42 s elapsed
Epoch 15,   400/  454; acc:  87.94; ppl:   1.64; 7001 src tok/s; 7228 tgt tok/s;     48 s elapsed
Epoch 15,   450/  454; acc:  87.43; ppl:   1.66; 6869 src tok/s; 7123 tgt tok/s;     54 s elapsed
Train perplexity: 1.66425
Train accuracy: 87.5347
Validation perplexity: 6.92745
Validation accuracy: 68.7739
Decaying learning rate to 0.00390625

Epoch 16,    50/  454; acc:  87.70; ppl:   1.66; 6822 src tok/s; 7069 tgt tok/s;      6 s elapsed
Epoch 16,   100/  454; acc:  87.51; ppl:   1.65; 7150 src tok/s; 7437 tgt tok/s;     12 s elapsed
Epoch 16,   150/  454; acc:  87.41; ppl:   1.65; 6808 src tok/s; 7078 tgt tok/s;     18 s elapsed
Epoch 16,   200/  454; acc:  87.42; ppl:   1.68; 6932 src tok/s; 7165 tgt tok/s;     24 s elapsed
Epoch 16,   250/  454; acc:  87.69; ppl:   1.65; 7071 src tok/s; 7348 tgt tok/s;     30 s elapsed
Epoch 16,   300/  454; acc:  87.67; ppl:   1.66; 6995 src tok/s; 7267 tgt tok/s;     36 s elapsed
Epoch 16,   350/  454; acc:  87.38; ppl:   1.68; 6923 src tok/s; 7225 tgt tok/s;     42 s elapsed
Epoch 16,   400/  454; acc:  87.40; ppl:   1.66; 7084 src tok/s; 7296 tgt tok/s;     48 s elapsed
Epoch 16,   450/  454; acc:  87.72; ppl:   1.65; 6847 src tok/s; 7106 tgt tok/s;     54 s elapsed
Train perplexity: 1.65899
Train accuracy: 87.5574
Validation perplexity: 6.93405
Validation accuracy: 68.7172
Decaying learning rate to 0.00195312

Epoch 17,    50/  454; acc:  87.10; ppl:   1.70; 6884 src tok/s; 7151 tgt tok/s;      6 s elapsed
Epoch 17,   100/  454; acc:  88.24; ppl:   1.61; 6937 src tok/s; 7225 tgt tok/s;     12 s elapsed
Epoch 17,   150/  454; acc:  87.37; ppl:   1.67; 7196 src tok/s; 7402 tgt tok/s;     18 s elapsed
Epoch 17,   200/  454; acc:  88.16; ppl:   1.61; 6913 src tok/s; 7213 tgt tok/s;     24 s elapsed
Epoch 17,   250/  454; acc:  87.29; ppl:   1.69; 6907 src tok/s; 7175 tgt tok/s;     30 s elapsed
Epoch 17,   300/  454; acc:  87.89; ppl:   1.63; 7034 src tok/s; 7344 tgt tok/s;     36 s elapsed
Epoch 17,   350/  454; acc:  86.94; ppl:   1.72; 7114 src tok/s; 7318 tgt tok/s;     42 s elapsed
Epoch 17,   400/  454; acc:  88.46; ppl:   1.61; 6867 src tok/s; 7139 tgt tok/s;     48 s elapsed
Epoch 17,   450/  454; acc:  87.45; ppl:   1.67; 6772 src tok/s; 7043 tgt tok/s;     54 s elapsed
Train perplexity: 1.65739
Train accuracy: 87.6451
Validation perplexity: 6.9351
Validation accuracy: 68.7101
Decaying learning rate to 0.000976562
