<module 'opts' from '/u/suhubdyd/research/projects/jumble_lstm/code/auxiliary-nmt/opts.pyc'>
Namespace(batch_size=64, brnn=False, brnn_merge='concat', cnn_kernel_width=3, context_gate=None, copy_attn=False, copy_attn_force=False, coverage_attn=False, data='/data/lisatmp3/suhubdyd/multi30k.atok.low', dec_layers=1, decay_method='', decoder_type='rnn', dropout=0.8, enc_layers=2, encoder_type='rnn', epochs=17, exp='', exp_host='', feat_merge='concat', feat_vec_exponent=0.7, feat_vec_size=-1, fix_word_vecs_dec=False, fix_word_vecs_enc=False, global_attention='general', gpuid=[0], input_feed=1, kappa_dec=0.15, kappa_enc=0.15, lambda_coverage=1, layers=-1, learning_rate=1.0, learning_rate_decay=0.5, max_generator_batches=32, max_grad_norm=5, model_type='text', optim='sgd', param_init=0.1, position_encoding=False, pre_word_vecs_dec=None, pre_word_vecs_enc=None, report_every=50, rnn_size=500, rnn_type='LSTM', save_model='/data/lisatmp3/suhubdyd/models/encoder0.15_decoder0.15_dropout0.8', seed=-1, share_decoder_embeddings=False, share_embeddings=False, src_word_vec_size=500, start_checkpoint_at=0, start_decay_at=8, start_epoch=1, tgt_word_vec_size=500, train_from='', truncated_decoder=0, warmup_steps=4000, word_vec_size=-1)
('Using Kappa L2 loss on encoder', 0.15)
('Using Kappa L2 loss on decoder', 0.15)
Loading train and validate data from '/data/lisatmp3/suhubdyd/multi30k.atok.low'
 * number of training sentences: 29000
 * maximum batch size: 64
 * vocabulary size. source = 10841; target = 18563
Building model...
Intializing model parameters.
NMTModel (
  (encoder): RNNEncoder (
    (embeddings): Embeddings (
      (make_embedding): Sequential (
        (emb_luts): Elementwise (
          (0): Embedding(10841, 500, padding_idx=1)
        )
      )
    )
    (dropout): Dropout (p = 0.8)
    (rnn): LSTM(500, 500, dropout=0.8)
  )
  (decoder): InputFeedRNNDecoder (
    (embeddings): Embeddings (
      (make_embedding): Sequential (
        (emb_luts): Elementwise (
          (0): Embedding(18563, 500, padding_idx=1)
        )
      )
    )
    (dropout): Dropout (p = 0.8)
    (rnn): StackedLSTM (
      (dropout): Dropout (p = 0.8)
      (layers): ModuleList (
        (0): LSTMCell(1000, 500)
      )
    )
    (attn): GlobalAttention (
      (linear_in): Linear (500 -> 500)
      (linear_out): Linear (1000 -> 500)
      (sm): Softmax ()
      (tanh): Tanh ()
    )
  )
  (generator): Sequential (
    (0): Linear (500 -> 18563)
    (1): LogSoftmax ()
  )
)
* number of parameters: 29760063
('encoder: ', 7424500)
('decoder: ', 22335563)

Epoch  1,    50/  454; acc:  10.11; ppl: 9822.24; 4788 src tok/s; 4956 tgt tok/s;      9 s elapsed
Epoch  1,   100/  454; acc:  15.63; ppl: 1029.99; 5141 src tok/s; 5344 tgt tok/s;     17 s elapsed
Epoch  1,   150/  454; acc:  19.21; ppl: 420.60; 5287 src tok/s; 5500 tgt tok/s;     25 s elapsed
Epoch  1,   200/  454; acc:  21.35; ppl: 259.11; 5361 src tok/s; 5529 tgt tok/s;     33 s elapsed
Epoch  1,   250/  454; acc:  25.42; ppl: 155.68; 5273 src tok/s; 5513 tgt tok/s;     40 s elapsed
Epoch  1,   300/  454; acc:  27.24; ppl: 124.41; 5340 src tok/s; 5499 tgt tok/s;     49 s elapsed
Epoch  1,   350/  454; acc:  29.25; ppl: 100.71; 5244 src tok/s; 5451 tgt tok/s;     57 s elapsed
Epoch  1,   400/  454; acc:  31.76; ppl:  79.46; 5130 src tok/s; 5338 tgt tok/s;     65 s elapsed
Epoch  1,   450/  454; acc:  34.18; ppl:  62.55; 5135 src tok/s; 5333 tgt tok/s;     73 s elapsed
Train perplexity: 278.302
Train accuracy: 23.8565
Validation perplexity: 54.9764
Validation accuracy: 35.7741

Epoch  2,    50/  454; acc:  37.20; ppl:  50.62; 5175 src tok/s; 5364 tgt tok/s;      8 s elapsed
Epoch  2,   100/  454; acc:  39.44; ppl:  41.85; 5123 src tok/s; 5351 tgt tok/s;     16 s elapsed
Epoch  2,   150/  454; acc:  41.11; ppl:  36.75; 5151 src tok/s; 5359 tgt tok/s;     24 s elapsed
Epoch  2,   200/  454; acc:  42.60; ppl:  33.13; 5154 src tok/s; 5375 tgt tok/s;     32 s elapsed
Epoch  2,   250/  454; acc:  44.11; ppl:  29.39; 5336 src tok/s; 5509 tgt tok/s;     40 s elapsed
Epoch  2,   300/  454; acc:  45.56; ppl:  26.60; 5095 src tok/s; 5280 tgt tok/s;     49 s elapsed
Epoch  2,   350/  454; acc:  46.50; ppl:  24.54; 5038 src tok/s; 5249 tgt tok/s;     57 s elapsed
Epoch  2,   400/  454; acc:  48.78; ppl:  21.42; 5090 src tok/s; 5261 tgt tok/s;     65 s elapsed
Epoch  2,   450/  454; acc:  48.47; ppl:  21.78; 5188 src tok/s; 5353 tgt tok/s;     73 s elapsed
Train perplexity: 30.431
Train accuracy: 43.7994
Validation perplexity: 16.765
Validation accuracy: 53.7037

Epoch  3,    50/  454; acc:  49.31; ppl:  19.60; 5104 src tok/s; 5305 tgt tok/s;      8 s elapsed
Epoch  3,   100/  454; acc:  52.16; ppl:  16.48; 5073 src tok/s; 5298 tgt tok/s;     16 s elapsed
Epoch  3,   150/  454; acc:  51.73; ppl:  16.53; 5130 src tok/s; 5313 tgt tok/s;     25 s elapsed
Epoch  3,   200/  454; acc:  52.64; ppl:  15.55; 5200 src tok/s; 5379 tgt tok/s;     33 s elapsed
Epoch  3,   250/  454; acc:  53.18; ppl:  15.16; 5186 src tok/s; 5374 tgt tok/s;     41 s elapsed
Epoch  3,   300/  454; acc:  54.49; ppl:  13.77; 5153 src tok/s; 5364 tgt tok/s;     49 s elapsed
Epoch  3,   350/  454; acc:  54.31; ppl:  14.22; 5212 src tok/s; 5397 tgt tok/s;     57 s elapsed
Epoch  3,   400/  454; acc:  54.17; ppl:  14.12; 5213 src tok/s; 5391 tgt tok/s;     65 s elapsed
Epoch  3,   450/  454; acc:  55.04; ppl:  13.66; 5025 src tok/s; 5236 tgt tok/s;     73 s elapsed
Train perplexity: 15.3835
Train accuracy: 52.9714
Validation perplexity: 11.4902
Validation accuracy: 58.6065

Epoch  4,    50/  454; acc:  57.43; ppl:  10.86; 5200 src tok/s; 5431 tgt tok/s;      8 s elapsed
Epoch  4,   100/  454; acc:  55.71; ppl:  12.17; 5234 src tok/s; 5401 tgt tok/s;     16 s elapsed
Epoch  4,   150/  454; acc:  56.15; ppl:  11.61; 5174 src tok/s; 5346 tgt tok/s;     24 s elapsed
Epoch  4,   200/  454; acc:  57.96; ppl:  10.53; 5203 src tok/s; 5385 tgt tok/s;     32 s elapsed
Epoch  4,   250/  454; acc:  57.87; ppl:  10.74; 5094 src tok/s; 5300 tgt tok/s;     40 s elapsed
Epoch  4,   300/  454; acc:  56.74; ppl:  11.34; 5109 src tok/s; 5323 tgt tok/s;     49 s elapsed
Epoch  4,   350/  454; acc:  57.14; ppl:  11.07; 5228 src tok/s; 5401 tgt tok/s;     57 s elapsed
Epoch  4,   400/  454; acc:  58.62; ppl:  10.00; 5148 src tok/s; 5384 tgt tok/s;     65 s elapsed
Epoch  4,   450/  454; acc:  59.03; ppl:   9.93; 5181 src tok/s; 5387 tgt tok/s;     73 s elapsed
Train perplexity: 10.9318
Train accuracy: 57.3549
Validation perplexity: 9.13488
Validation accuracy: 61.8348

Epoch  5,    50/  454; acc:  60.64; ppl:   8.50; 5089 src tok/s; 5313 tgt tok/s;      8 s elapsed
Epoch  5,   100/  454; acc:  59.11; ppl:   9.31; 5106 src tok/s; 5263 tgt tok/s;     16 s elapsed
Epoch  5,   150/  454; acc:  59.93; ppl:   8.82; 5152 src tok/s; 5334 tgt tok/s;     25 s elapsed
Epoch  5,   200/  454; acc:  60.78; ppl:   8.39; 5176 src tok/s; 5375 tgt tok/s;     33 s elapsed
Epoch  5,   250/  454; acc:  59.79; ppl:   8.78; 5171 src tok/s; 5388 tgt tok/s;     41 s elapsed
Epoch  5,   300/  454; acc:  59.98; ppl:   8.67; 5205 src tok/s; 5391 tgt tok/s;     49 s elapsed
Epoch  5,   350/  454; acc:  59.10; ppl:   9.13; 5155 src tok/s; 5331 tgt tok/s;     58 s elapsed
Epoch  5,   400/  454; acc:  61.69; ppl:   7.96; 5240 src tok/s; 5480 tgt tok/s;     65 s elapsed
Epoch  5,   450/  454; acc:  60.55; ppl:   8.47; 5365 src tok/s; 5559 tgt tok/s;     73 s elapsed
Train perplexity: 8.66866
Train accuracy: 60.1624
Validation perplexity: 8.2967
Validation accuracy: 62.7501

Epoch  6,    50/  454; acc:  63.70; ppl:   6.59; 5025 src tok/s; 5291 tgt tok/s;      8 s elapsed
Epoch  6,   100/  454; acc:  60.80; ppl:   7.89; 5315 src tok/s; 5466 tgt tok/s;     16 s elapsed
Epoch  6,   150/  454; acc:  63.04; ppl:   6.88; 5240 src tok/s; 5445 tgt tok/s;     24 s elapsed
Epoch  6,   200/  454; acc:  61.23; ppl:   7.90; 5222 src tok/s; 5395 tgt tok/s;     32 s elapsed
Epoch  6,   250/  454; acc:  60.36; ppl:   7.89; 5310 src tok/s; 5467 tgt tok/s;     41 s elapsed
Epoch  6,   300/  454; acc:  63.68; ppl:   6.65; 5038 src tok/s; 5288 tgt tok/s;     48 s elapsed
Epoch  6,   350/  454; acc:  62.06; ppl:   7.19; 5139 src tok/s; 5350 tgt tok/s;     56 s elapsed
Epoch  6,   400/  454; acc:  61.83; ppl:   7.33; 5287 src tok/s; 5468 tgt tok/s;     64 s elapsed
Epoch  6,   450/  454; acc:  61.81; ppl:   7.33; 5055 src tok/s; 5225 tgt tok/s;     73 s elapsed
Train perplexity: 7.29091
Train accuracy: 62.0225
Validation perplexity: 7.64242
Validation accuracy: 63.9066

Epoch  7,    50/  454; acc:  64.04; ppl:   6.07; 5262 src tok/s; 5478 tgt tok/s;      8 s elapsed
Epoch  7,   100/  454; acc:  63.54; ppl:   6.34; 5270 src tok/s; 5467 tgt tok/s;     16 s elapsed
Epoch  7,   150/  454; acc:  62.84; ppl:   6.78; 5096 src tok/s; 5291 tgt tok/s;     24 s elapsed
Epoch  7,   200/  454; acc:  64.32; ppl:   5.98; 5115 src tok/s; 5318 tgt tok/s;     32 s elapsed
Epoch  7,   250/  454; acc:  63.41; ppl:   6.31; 5224 src tok/s; 5397 tgt tok/s;     40 s elapsed
Epoch  7,   300/  454; acc:  63.66; ppl:   6.46; 5126 src tok/s; 5337 tgt tok/s;     48 s elapsed
Epoch  7,   350/  454; acc:  63.95; ppl:   6.32; 5074 src tok/s; 5296 tgt tok/s;     56 s elapsed
Epoch  7,   400/  454; acc:  63.31; ppl:   6.45; 5295 src tok/s; 5470 tgt tok/s;     65 s elapsed
Epoch  7,   450/  454; acc:  63.31; ppl:   6.31; 5151 src tok/s; 5326 tgt tok/s;     73 s elapsed
Train perplexity: 6.32898
Train accuracy: 63.5938
Validation perplexity: 7.14718
Validation accuracy: 65.4818

Epoch  8,    50/  454; acc:  64.22; ppl:   5.79; 5213 src tok/s; 5428 tgt tok/s;      8 s elapsed
Epoch  8,   100/  454; acc:  66.22; ppl:   5.18; 5197 src tok/s; 5410 tgt tok/s;     16 s elapsed
Epoch  8,   150/  454; acc:  65.09; ppl:   5.50; 5308 src tok/s; 5475 tgt tok/s;     24 s elapsed
Epoch  8,   200/  454; acc:  64.43; ppl:   5.66; 5067 src tok/s; 5284 tgt tok/s;     32 s elapsed
Epoch  8,   250/  454; acc:  63.74; ppl:   6.08; 5239 src tok/s; 5411 tgt tok/s;     41 s elapsed
Epoch  8,   300/  454; acc:  66.00; ppl:   5.26; 5023 src tok/s; 5263 tgt tok/s;     49 s elapsed
Epoch  8,   350/  454; acc:  65.28; ppl:   5.51; 5234 src tok/s; 5454 tgt tok/s;     56 s elapsed
Epoch  8,   400/  454; acc:  64.32; ppl:   5.88; 5259 src tok/s; 5406 tgt tok/s;     65 s elapsed
Epoch  8,   450/  454; acc:  64.84; ppl:   5.78; 5161 src tok/s; 5329 tgt tok/s;     73 s elapsed
Train perplexity: 5.62932
Train accuracy: 64.8731
Validation perplexity: 7.1542
Validation accuracy: 65.0773
Decaying learning rate to 0.5

Epoch  9,    50/  454; acc:  67.46; ppl:   4.76; 5202 src tok/s; 5365 tgt tok/s;      8 s elapsed
Epoch  9,   100/  454; acc:  69.04; ppl:   4.29; 5161 src tok/s; 5378 tgt tok/s;     16 s elapsed
Epoch  9,   150/  454; acc:  67.78; ppl:   4.59; 5066 src tok/s; 5275 tgt tok/s;     25 s elapsed
Epoch  9,   200/  454; acc:  68.74; ppl:   4.44; 5291 src tok/s; 5506 tgt tok/s;     32 s elapsed
Epoch  9,   250/  454; acc:  68.79; ppl:   4.36; 5015 src tok/s; 5216 tgt tok/s;     41 s elapsed
Epoch  9,   300/  454; acc:  67.78; ppl:   4.62; 5439 src tok/s; 5616 tgt tok/s;     49 s elapsed
Epoch  9,   350/  454; acc:  67.57; ppl:   4.66; 5416 src tok/s; 5592 tgt tok/s;     56 s elapsed
Epoch  9,   400/  454; acc:  68.62; ppl:   4.42; 5428 src tok/s; 5655 tgt tok/s;     64 s elapsed
Epoch  9,   450/  454; acc:  68.91; ppl:   4.36; 5217 src tok/s; 5429 tgt tok/s;     72 s elapsed
Train perplexity: 4.50569
Train accuracy: 68.2584
Validation perplexity: 6.26719
Validation accuracy: 67.8658
Decaying learning rate to 0.25

Epoch 10,    50/  454; acc:  69.15; ppl:   4.19; 5192 src tok/s; 5385 tgt tok/s;      8 s elapsed
Epoch 10,   100/  454; acc:  71.01; ppl:   3.77; 5221 src tok/s; 5444 tgt tok/s;     16 s elapsed
Epoch 10,   150/  454; acc:  70.57; ppl:   3.81; 5265 src tok/s; 5453 tgt tok/s;     24 s elapsed
Epoch 10,   200/  454; acc:  70.59; ppl:   3.96; 5173 src tok/s; 5379 tgt tok/s;     32 s elapsed
Epoch 10,   250/  454; acc:  70.69; ppl:   3.87; 5134 src tok/s; 5349 tgt tok/s;     40 s elapsed
Epoch 10,   300/  454; acc:  69.83; ppl:   4.05; 5069 src tok/s; 5243 tgt tok/s;     49 s elapsed
Epoch 10,   350/  454; acc:  71.27; ppl:   3.70; 5229 src tok/s; 5400 tgt tok/s;     57 s elapsed
Epoch 10,   400/  454; acc:  70.44; ppl:   3.94; 5176 src tok/s; 5359 tgt tok/s;     65 s elapsed
Epoch 10,   450/  454; acc:  70.35; ppl:   3.96; 5117 src tok/s; 5324 tgt tok/s;     73 s elapsed
Train perplexity: 3.91983
Train accuracy: 70.4069
Validation perplexity: 6.00428
Validation accuracy: 68.3411
Decaying learning rate to 0.125

Epoch 11,    50/  454; acc:  71.04; ppl:   3.77; 5134 src tok/s; 5283 tgt tok/s;      8 s elapsed
Epoch 11,   100/  454; acc:  72.13; ppl:   3.52; 5083 src tok/s; 5319 tgt tok/s;     16 s elapsed
Epoch 11,   150/  454; acc:  72.43; ppl:   3.47; 5021 src tok/s; 5242 tgt tok/s;     24 s elapsed
Epoch 11,   200/  454; acc:  71.49; ppl:   3.70; 5332 src tok/s; 5492 tgt tok/s;     33 s elapsed
Epoch 11,   250/  454; acc:  71.93; ppl:   3.54; 5113 src tok/s; 5359 tgt tok/s;     40 s elapsed
Epoch 11,   300/  454; acc:  71.05; ppl:   3.74; 5237 src tok/s; 5405 tgt tok/s;     49 s elapsed
Epoch 11,   350/  454; acc:  72.24; ppl:   3.52; 5195 src tok/s; 5407 tgt tok/s;     57 s elapsed
Epoch 11,   400/  454; acc:  70.67; ppl:   3.78; 5199 src tok/s; 5388 tgt tok/s;     65 s elapsed
Epoch 11,   450/  454; acc:  71.53; ppl:   3.64; 5217 src tok/s; 5412 tgt tok/s;     73 s elapsed
Train perplexity: 3.62918
Train accuracy: 71.6069
Validation perplexity: 5.9493
Validation accuracy: 68.6249
Decaying learning rate to 0.0625

Epoch 12,    50/  454; acc:  73.49; ppl:   3.28; 5166 src tok/s; 5391 tgt tok/s;      8 s elapsed
Epoch 12,   100/  454; acc:  71.26; ppl:   3.69; 5310 src tok/s; 5482 tgt tok/s;     16 s elapsed
Epoch 12,   150/  454; acc:  71.20; ppl:   3.74; 5335 src tok/s; 5485 tgt tok/s;     24 s elapsed
Epoch 12,   200/  454; acc:  74.00; ppl:   3.16; 5259 src tok/s; 5498 tgt tok/s;     32 s elapsed
Epoch 12,   250/  454; acc:  72.27; ppl:   3.47; 5105 src tok/s; 5312 tgt tok/s;     40 s elapsed
Epoch 12,   300/  454; acc:  72.31; ppl:   3.49; 5244 src tok/s; 5441 tgt tok/s;     48 s elapsed
Epoch 12,   350/  454; acc:  71.64; ppl:   3.62; 5190 src tok/s; 5371 tgt tok/s;     56 s elapsed
Epoch 12,   400/  454; acc:  72.86; ppl:   3.36; 5216 src tok/s; 5439 tgt tok/s;     64 s elapsed
Epoch 12,   450/  454; acc:  72.01; ppl:   3.54; 5026 src tok/s; 5209 tgt tok/s;     72 s elapsed
Train perplexity: 3.48276
Train accuracy: 72.3165
Validation perplexity: 5.91729
Validation accuracy: 68.7669
Decaying learning rate to 0.03125

Epoch 13,    50/  454; acc:  72.86; ppl:   3.29; 5118 src tok/s; 5313 tgt tok/s;      8 s elapsed
Epoch 13,   100/  454; acc:  72.34; ppl:   3.50; 5200 src tok/s; 5368 tgt tok/s;     16 s elapsed
Epoch 13,   150/  454; acc:  73.03; ppl:   3.35; 5100 src tok/s; 5343 tgt tok/s;     24 s elapsed
Epoch 13,   200/  454; acc:  72.37; ppl:   3.48; 5363 src tok/s; 5543 tgt tok/s;     32 s elapsed
Epoch 13,   250/  454; acc:  72.27; ppl:   3.48; 5263 src tok/s; 5440 tgt tok/s;     40 s elapsed
Epoch 13,   300/  454; acc:  73.12; ppl:   3.26; 5109 src tok/s; 5329 tgt tok/s;     48 s elapsed
Epoch 13,   350/  454; acc:  73.72; ppl:   3.24; 5181 src tok/s; 5392 tgt tok/s;     56 s elapsed
Epoch 13,   400/  454; acc:  71.73; ppl:   3.65; 5244 src tok/s; 5408 tgt tok/s;     65 s elapsed
Epoch 13,   450/  454; acc:  72.71; ppl:   3.38; 5188 src tok/s; 5400 tgt tok/s;     72 s elapsed
Train perplexity: 3.40582
Train accuracy: 72.652
Validation perplexity: 5.89243
Validation accuracy: 68.9017
Decaying learning rate to 0.015625

Epoch 14,    50/  454; acc:  73.05; ppl:   3.32; 5228 src tok/s; 5433 tgt tok/s;      8 s elapsed
Epoch 14,   100/  454; acc:  72.74; ppl:   3.38; 5169 src tok/s; 5399 tgt tok/s;     16 s elapsed
Epoch 14,   150/  454; acc:  73.51; ppl:   3.27; 5229 src tok/s; 5448 tgt tok/s;     24 s elapsed
Epoch 14,   200/  454; acc:  71.90; ppl:   3.59; 5245 src tok/s; 5447 tgt tok/s;     32 s elapsed
Epoch 14,   250/  454; acc:  72.44; ppl:   3.45; 5295 src tok/s; 5469 tgt tok/s;     40 s elapsed
Epoch 14,   300/  454; acc:  73.40; ppl:   3.29; 5296 src tok/s; 5466 tgt tok/s;     48 s elapsed
Epoch 14,   350/  454; acc:  73.30; ppl:   3.34; 5108 src tok/s; 5315 tgt tok/s;     56 s elapsed
Epoch 14,   400/  454; acc:  72.89; ppl:   3.36; 5264 src tok/s; 5455 tgt tok/s;     64 s elapsed
Epoch 14,   450/  454; acc:  72.94; ppl:   3.35; 5130 src tok/s; 5310 tgt tok/s;     72 s elapsed
Train perplexity: 3.37154
Train accuracy: 72.8971
Validation perplexity: 5.89704
Validation accuracy: 68.9159
Decaying learning rate to 0.0078125

Epoch 15,    50/  454; acc:  72.72; ppl:   3.40; 5076 src tok/s; 5266 tgt tok/s;      8 s elapsed
Epoch 15,   100/  454; acc:  73.25; ppl:   3.32; 5218 src tok/s; 5404 tgt tok/s;     16 s elapsed
Epoch 15,   150/  454; acc:  73.14; ppl:   3.30; 5234 src tok/s; 5462 tgt tok/s;     24 s elapsed
Epoch 15,   200/  454; acc:  72.68; ppl:   3.41; 5178 src tok/s; 5362 tgt tok/s;     32 s elapsed
Epoch 15,   250/  454; acc:  72.04; ppl:   3.54; 5169 src tok/s; 5361 tgt tok/s;     41 s elapsed
Epoch 15,   300/  454; acc:  73.47; ppl:   3.26; 5296 src tok/s; 5518 tgt tok/s;     48 s elapsed
Epoch 15,   350/  454; acc:  73.77; ppl:   3.18; 5208 src tok/s; 5429 tgt tok/s;     56 s elapsed
Epoch 15,   400/  454; acc:  72.65; ppl:   3.43; 5285 src tok/s; 5453 tgt tok/s;     64 s elapsed
Epoch 15,   450/  454; acc:  73.24; ppl:   3.26; 5095 src tok/s; 5293 tgt tok/s;     72 s elapsed
Train perplexity: 3.35582
Train accuracy: 72.9338
Validation perplexity: 5.89154
Validation accuracy: 68.93
Decaying learning rate to 0.00390625

Epoch 16,    50/  454; acc:  72.60; ppl:   3.47; 5241 src tok/s; 5415 tgt tok/s;      8 s elapsed
Epoch 16,   100/  454; acc:  73.17; ppl:   3.30; 5241 src tok/s; 5446 tgt tok/s;     16 s elapsed
Epoch 16,   150/  454; acc:  72.67; ppl:   3.42; 5300 src tok/s; 5501 tgt tok/s;     24 s elapsed
Epoch 16,   200/  454; acc:  73.80; ppl:   3.25; 5213 src tok/s; 5428 tgt tok/s;     32 s elapsed
Epoch 16,   250/  454; acc:  72.10; ppl:   3.50; 5204 src tok/s; 5352 tgt tok/s;     40 s elapsed
Epoch 16,   300/  454; acc:  74.57; ppl:   3.07; 5245 src tok/s; 5453 tgt tok/s;     48 s elapsed
Epoch 16,   350/  454; acc:  72.79; ppl:   3.39; 5365 src tok/s; 5539 tgt tok/s;     56 s elapsed
Epoch 16,   400/  454; acc:  73.36; ppl:   3.28; 5008 src tok/s; 5260 tgt tok/s;     64 s elapsed
Epoch 16,   450/  454; acc:  72.88; ppl:   3.35; 5034 src tok/s; 5227 tgt tok/s;     72 s elapsed
Train perplexity: 3.34044
Train accuracy: 73.0722
Validation perplexity: 5.88879
Validation accuracy: 68.9442
Decaying learning rate to 0.00195312

Epoch 17,    50/  454; acc:  72.82; ppl:   3.36; 5164 src tok/s; 5360 tgt tok/s;      8 s elapsed
Epoch 17,   100/  454; acc:  73.21; ppl:   3.28; 5271 src tok/s; 5489 tgt tok/s;     16 s elapsed
Epoch 17,   150/  454; acc:  74.12; ppl:   3.16; 5227 src tok/s; 5450 tgt tok/s;     24 s elapsed
Epoch 17,   200/  454; acc:  72.35; ppl:   3.44; 5257 src tok/s; 5428 tgt tok/s;     32 s elapsed
Epoch 17,   250/  454; acc:  71.49; ppl:   3.63; 5186 src tok/s; 5374 tgt tok/s;     41 s elapsed
Epoch 17,   300/  454; acc:  74.04; ppl:   3.14; 5157 src tok/s; 5346 tgt tok/s;     48 s elapsed
Epoch 17,   350/  454; acc:  72.15; ppl:   3.52; 5351 src tok/s; 5507 tgt tok/s;     57 s elapsed
Epoch 17,   400/  454; acc:  74.04; ppl:   3.16; 5132 src tok/s; 5367 tgt tok/s;     64 s elapsed
Epoch 17,   450/  454; acc:  73.82; ppl:   3.19; 5113 src tok/s; 5325 tgt tok/s;     72 s elapsed
Train perplexity: 3.33176
Train accuracy: 73.04
Validation perplexity: 5.88687
Validation accuracy: 68.9017
Decaying learning rate to 0.000976562
