<module 'opts' from '/u/suhubdyd/research/projects/jumble_lstm/code/auxiliary-nmt/opts.pyc'>
Namespace(batch_size=64, brnn=False, brnn_merge='concat', cnn_kernel_width=3, context_gate=None, copy_attn=False, copy_attn_force=False, coverage_attn=False, data='/data/lisatmp3/suhubdyd/multi30k.atok.low', dec_layers=1, decay_method='', decoder_type='rnn', dropout=0.3, enc_layers=2, encoder_type='rnn', epochs=17, exp='', exp_host='', feat_merge='concat', feat_vec_exponent=0.7, feat_vec_size=-1, fix_word_vecs_dec=False, fix_word_vecs_enc=False, global_attention='general', gpuid=[0], input_feed=1, kappa_dec=0.0, kappa_enc=0.15, lambda_coverage=1, layers=-1, learning_rate=1.0, learning_rate_decay=0.5, max_generator_batches=32, max_grad_norm=5, model_type='text', optim='sgd', param_init=0.1, position_encoding=False, pre_word_vecs_dec=None, pre_word_vecs_enc=None, report_every=50, rnn_size=500, rnn_type='LSTM', save_model='/data/lisatmp3/suhubdyd/models/encoder0.15_decoder0_dropout0.3', seed=1, share_decoder_embeddings=False, share_embeddings=False, src_word_vec_size=500, start_checkpoint_at=0, start_decay_at=8, start_epoch=1, tgt_word_vec_size=500, train_from='', truncated_decoder=0, warmup_steps=4000, word_vec_size=-1)
('Using Kappa L2 loss on encoder', 0.15)
Loading train and validate data from '/data/lisatmp3/suhubdyd/multi30k.atok.low'
 * number of training sentences: 29000
 * maximum batch size: 64
 * vocabulary size. source = 10841; target = 18563
Building model...
Intializing model parameters.
NMTModel (
  (encoder): RNNEncoder (
    (embeddings): Embeddings (
      (make_embedding): Sequential (
        (emb_luts): Elementwise (
          (0): Embedding(10841, 500, padding_idx=1)
        )
      )
    )
    (dropout): Dropout (p = 0.3)
    (rnn): LSTM(500, 500, dropout=0.3)
  )
  (decoder): InputFeedRNNDecoder (
    (embeddings): Embeddings (
      (make_embedding): Sequential (
        (emb_luts): Elementwise (
          (0): Embedding(18563, 500, padding_idx=1)
        )
      )
    )
    (dropout): Dropout (p = 0.3)
    (rnn): StackedLSTM (
      (dropout): Dropout (p = 0.3)
      (layers): ModuleList (
        (0): LSTMCell(1000, 500)
      )
    )
    (attn): GlobalAttention (
      (linear_in): Linear (500 -> 500)
      (linear_out): Linear (1000 -> 500)
      (sm): Softmax ()
      (tanh): Tanh ()
    )
  )
  (generator): Sequential (
    (0): Linear (500 -> 18563)
    (1): LogSoftmax ()
  )
)
* number of parameters: 29760063
('encoder: ', 7424500)
('decoder: ', 22335563)

Epoch  1,    50/  454; acc:   6.56; ppl: 106113.75; 4498 src tok/s; 4673 tgt tok/s;      9 s elapsed
Epoch  1,   100/  454; acc:   6.12; ppl: 225461.32; 5189 src tok/s; 5371 tgt tok/s;     17 s elapsed
Epoch  1,   150/  454; acc:  11.91; ppl: 2426.89; 5082 src tok/s; 5282 tgt tok/s;     26 s elapsed
Epoch  1,   200/  454; acc:  18.23; ppl: 574.24; 5262 src tok/s; 5493 tgt tok/s;     34 s elapsed
Epoch  1,   250/  454; acc:  21.57; ppl: 268.49; 5241 src tok/s; 5430 tgt tok/s;     42 s elapsed
Epoch  1,   300/  454; acc:  23.88; ppl: 178.35; 5158 src tok/s; 5343 tgt tok/s;     50 s elapsed
Epoch  1,   350/  454; acc:  26.86; ppl: 125.34; 5107 src tok/s; 5288 tgt tok/s;     58 s elapsed
Epoch  1,   400/  454; acc:  30.26; ppl:  92.05; 5115 src tok/s; 5297 tgt tok/s;     66 s elapsed
Epoch  1,   450/  454; acc:  31.93; ppl:  77.08; 5086 src tok/s; 5281 tgt tok/s;     74 s elapsed
Train perplexity: 1022.9
Train accuracy: 19.8007
Validation perplexity: 61.997
Validation accuracy: 34.4331

Epoch  2,    50/  454; acc:  34.33; ppl:  56.50; 5087 src tok/s; 5301 tgt tok/s;      8 s elapsed
Epoch  2,   100/  454; acc:  35.69; ppl:  53.94; 5319 src tok/s; 5499 tgt tok/s;     16 s elapsed
Epoch  2,   150/  454; acc:  36.36; ppl:  49.10; 5151 src tok/s; 5356 tgt tok/s;     24 s elapsed
Epoch  2,   200/  454; acc:  37.59; ppl:  44.63; 5215 src tok/s; 5424 tgt tok/s;     32 s elapsed
Epoch  2,   250/  454; acc:  38.99; ppl:  40.38; 5321 src tok/s; 5501 tgt tok/s;     40 s elapsed
Epoch  2,   300/  454; acc:  40.27; ppl:  36.48; 5212 src tok/s; 5425 tgt tok/s;     48 s elapsed
Epoch  2,   350/  454; acc:  41.96; ppl:  32.78; 5320 src tok/s; 5473 tgt tok/s;     56 s elapsed
Epoch  2,   400/  454; acc:  45.73; ppl:  26.64; 5183 src tok/s; 5415 tgt tok/s;     64 s elapsed
Epoch  2,   450/  454; acc:  47.23; ppl:  24.20; 5229 src tok/s; 5422 tgt tok/s;     72 s elapsed
Train perplexity: 38.844
Train accuracy: 39.8459
Validation perplexity: 22.7979
Validation accuracy: 47.1264

Epoch  3,    50/  454; acc:  50.60; ppl:  18.09; 5093 src tok/s; 5320 tgt tok/s;      8 s elapsed
Epoch  3,   100/  454; acc:  51.44; ppl:  17.16; 5328 src tok/s; 5493 tgt tok/s;     16 s elapsed
Epoch  3,   150/  454; acc:  52.62; ppl:  15.97; 5204 src tok/s; 5373 tgt tok/s;     24 s elapsed
Epoch  3,   200/  454; acc:  54.38; ppl:  14.09; 5166 src tok/s; 5375 tgt tok/s;     32 s elapsed
Epoch  3,   250/  454; acc:  54.10; ppl:  14.59; 5150 src tok/s; 5325 tgt tok/s;     41 s elapsed
Epoch  3,   300/  454; acc:  57.43; ppl:  11.91; 5097 src tok/s; 5327 tgt tok/s;     49 s elapsed
Epoch  3,   350/  454; acc:  56.50; ppl:  12.36; 5144 src tok/s; 5322 tgt tok/s;     57 s elapsed
Epoch  3,   400/  454; acc:  57.25; ppl:  11.76; 4976 src tok/s; 5173 tgt tok/s;     65 s elapsed
Epoch  3,   450/  454; acc:  57.48; ppl:  11.49; 5059 src tok/s; 5249 tgt tok/s;     73 s elapsed
Train perplexity: 13.9603
Train accuracy: 54.6491
Validation perplexity: 10.7045
Validation accuracy: 60.21

Epoch  4,    50/  454; acc:  61.32; ppl:   8.56; 5054 src tok/s; 5277 tgt tok/s;      8 s elapsed
Epoch  4,   100/  454; acc:  60.20; ppl:   9.06; 5214 src tok/s; 5392 tgt tok/s;     16 s elapsed
Epoch  4,   150/  454; acc:  60.76; ppl:   8.77; 5141 src tok/s; 5336 tgt tok/s;     24 s elapsed
Epoch  4,   200/  454; acc:  61.24; ppl:   8.43; 5256 src tok/s; 5441 tgt tok/s;     32 s elapsed
Epoch  4,   250/  454; acc:  62.35; ppl:   8.13; 5119 src tok/s; 5338 tgt tok/s;     40 s elapsed
Epoch  4,   300/  454; acc:  61.08; ppl:   8.67; 5141 src tok/s; 5318 tgt tok/s;     49 s elapsed
Epoch  4,   350/  454; acc:  64.34; ppl:   7.26; 4980 src tok/s; 5226 tgt tok/s;     57 s elapsed
Epoch  4,   400/  454; acc:  60.95; ppl:   8.63; 5300 src tok/s; 5444 tgt tok/s;     65 s elapsed
Epoch  4,   450/  454; acc:  62.46; ppl:   7.91; 5036 src tok/s; 5224 tgt tok/s;     73 s elapsed
Train perplexity: 8.36107
Train accuracy: 61.6378
Validation perplexity: 8.57296
Validation accuracy: 62.4734

Epoch  5,    50/  454; acc:  65.16; ppl:   6.19; 5115 src tok/s; 5275 tgt tok/s;      9 s elapsed
Epoch  5,   100/  454; acc:  65.81; ppl:   5.96; 5296 src tok/s; 5504 tgt tok/s;     16 s elapsed
Epoch  5,   150/  454; acc:  64.44; ppl:   6.50; 5230 src tok/s; 5387 tgt tok/s;     24 s elapsed
Epoch  5,   200/  454; acc:  65.60; ppl:   6.01; 5134 src tok/s; 5350 tgt tok/s;     32 s elapsed
Epoch  5,   250/  454; acc:  64.42; ppl:   6.59; 5133 src tok/s; 5322 tgt tok/s;     41 s elapsed
Epoch  5,   300/  454; acc:  65.97; ppl:   5.96; 5113 src tok/s; 5330 tgt tok/s;     49 s elapsed
Epoch  5,   350/  454; acc:  66.32; ppl:   5.80; 5023 src tok/s; 5252 tgt tok/s;     57 s elapsed
Epoch  5,   400/  454; acc:  65.37; ppl:   6.13; 5148 src tok/s; 5327 tgt tok/s;     65 s elapsed
Epoch  5,   450/  454; acc:  66.15; ppl:   5.86; 5031 src tok/s; 5226 tgt tok/s;     73 s elapsed
Train perplexity: 6.11263
Train accuracy: 65.4462
Validation perplexity: 7.68467
Validation accuracy: 63.4951

Epoch  6,    50/  454; acc:  70.30; ppl:   4.35; 5166 src tok/s; 5385 tgt tok/s;      8 s elapsed
Epoch  6,   100/  454; acc:  68.21; ppl:   4.91; 5206 src tok/s; 5406 tgt tok/s;     16 s elapsed
Epoch  6,   150/  454; acc:  68.26; ppl:   4.76; 5163 src tok/s; 5361 tgt tok/s;     24 s elapsed
Epoch  6,   200/  454; acc:  68.33; ppl:   4.79; 5042 src tok/s; 5191 tgt tok/s;     33 s elapsed
Epoch  6,   250/  454; acc:  67.50; ppl:   5.11; 5182 src tok/s; 5304 tgt tok/s;     41 s elapsed
Epoch  6,   300/  454; acc:  69.10; ppl:   4.61; 5113 src tok/s; 5370 tgt tok/s;     49 s elapsed
Epoch  6,   350/  454; acc:  67.55; ppl:   5.14; 5121 src tok/s; 5322 tgt tok/s;     57 s elapsed
Epoch  6,   400/  454; acc:  68.24; ppl:   4.80; 5154 src tok/s; 5333 tgt tok/s;     65 s elapsed
Epoch  6,   450/  454; acc:  67.82; ppl:   5.01; 5061 src tok/s; 5292 tgt tok/s;     73 s elapsed
Train perplexity: 4.83948
Train accuracy: 68.3222
Validation perplexity: 6.89144
Validation accuracy: 66.0423

Epoch  7,    50/  454; acc:  70.96; ppl:   3.96; 5150 src tok/s; 5309 tgt tok/s;      8 s elapsed
Epoch  7,   100/  454; acc:  71.80; ppl:   3.77; 5169 src tok/s; 5385 tgt tok/s;     16 s elapsed
Epoch  7,   150/  454; acc:  70.83; ppl:   3.91; 5148 src tok/s; 5318 tgt tok/s;     24 s elapsed
Epoch  7,   200/  454; acc:  70.39; ppl:   4.05; 5083 src tok/s; 5275 tgt tok/s;     33 s elapsed
Epoch  7,   250/  454; acc:  68.45; ppl:   4.54; 5121 src tok/s; 5282 tgt tok/s;     42 s elapsed
Epoch  7,   300/  454; acc:  72.06; ppl:   3.71; 5020 src tok/s; 5287 tgt tok/s;     49 s elapsed
Epoch  7,   350/  454; acc:  70.96; ppl:   3.92; 5059 src tok/s; 5290 tgt tok/s;     57 s elapsed
Epoch  7,   400/  454; acc:  69.95; ppl:   4.22; 5108 src tok/s; 5275 tgt tok/s;     66 s elapsed
Epoch  7,   450/  454; acc:  70.64; ppl:   3.97; 5099 src tok/s; 5309 tgt tok/s;     74 s elapsed
Train perplexity: 4.02188
Train accuracy: 70.5661
Validation perplexity: 6.48514
Validation accuracy: 67.362

Epoch  8,    50/  454; acc:  74.23; ppl:   3.16; 5174 src tok/s; 5356 tgt tok/s;      8 s elapsed
Epoch  8,   100/  454; acc:  73.56; ppl:   3.24; 5215 src tok/s; 5419 tgt tok/s;     16 s elapsed
Epoch  8,   150/  454; acc:  73.11; ppl:   3.29; 5179 src tok/s; 5394 tgt tok/s;     24 s elapsed
Epoch  8,   200/  454; acc:  72.11; ppl:   3.53; 4991 src tok/s; 5161 tgt tok/s;     33 s elapsed
Epoch  8,   250/  454; acc:  73.10; ppl:   3.39; 5163 src tok/s; 5349 tgt tok/s;     41 s elapsed
Epoch  8,   300/  454; acc:  71.42; ppl:   3.67; 5146 src tok/s; 5337 tgt tok/s;     49 s elapsed
Epoch  8,   350/  454; acc:  72.16; ppl:   3.48; 5175 src tok/s; 5386 tgt tok/s;     57 s elapsed
Epoch  8,   400/  454; acc:  71.98; ppl:   3.59; 5115 src tok/s; 5307 tgt tok/s;     65 s elapsed
Epoch  8,   450/  454; acc:  71.38; ppl:   3.73; 5092 src tok/s; 5283 tgt tok/s;     73 s elapsed
Train perplexity: 3.44699
Train accuracy: 72.5628
Validation perplexity: 6.9854
Validation accuracy: 66.4183
Decaying learning rate to 0.5

Epoch  9,    50/  454; acc:  78.86; ppl:   2.46; 5190 src tok/s; 5394 tgt tok/s;      8 s elapsed
Epoch  9,   100/  454; acc:  77.80; ppl:   2.62; 5169 src tok/s; 5375 tgt tok/s;     16 s elapsed
Epoch  9,   150/  454; acc:  77.59; ppl:   2.61; 5150 src tok/s; 5324 tgt tok/s;     25 s elapsed
Epoch  9,   200/  454; acc:  78.63; ppl:   2.46; 5097 src tok/s; 5301 tgt tok/s;     33 s elapsed
Epoch  9,   250/  454; acc:  78.68; ppl:   2.42; 5035 src tok/s; 5271 tgt tok/s;     40 s elapsed
Epoch  9,   300/  454; acc:  76.47; ppl:   2.81; 5146 src tok/s; 5297 tgt tok/s;     49 s elapsed
Epoch  9,   350/  454; acc:  79.19; ppl:   2.35; 5101 src tok/s; 5327 tgt tok/s;     57 s elapsed
Epoch  9,   400/  454; acc:  76.94; ppl:   2.71; 5208 src tok/s; 5371 tgt tok/s;     65 s elapsed
Epoch  9,   450/  454; acc:  78.00; ppl:   2.51; 5053 src tok/s; 5246 tgt tok/s;     73 s elapsed
Train perplexity: 2.55058
Train accuracy: 78.0044
Validation perplexity: 6.30771
Validation accuracy: 68.7172
Decaying learning rate to 0.25

Epoch 10,    50/  454; acc:  81.37; ppl:   2.20; 5085 src tok/s; 5273 tgt tok/s;      8 s elapsed
Epoch 10,   100/  454; acc:  83.34; ppl:   1.97; 5169 src tok/s; 5413 tgt tok/s;     16 s elapsed
Epoch 10,   150/  454; acc:  82.13; ppl:   2.10; 5301 src tok/s; 5477 tgt tok/s;     25 s elapsed
Epoch 10,   200/  454; acc:  82.36; ppl:   2.06; 5051 src tok/s; 5276 tgt tok/s;     33 s elapsed
Epoch 10,   250/  454; acc:  81.23; ppl:   2.18; 5175 src tok/s; 5338 tgt tok/s;     41 s elapsed
Epoch 10,   300/  454; acc:  82.84; ppl:   2.01; 5076 src tok/s; 5298 tgt tok/s;     49 s elapsed
Epoch 10,   350/  454; acc:  81.37; ppl:   2.20; 5118 src tok/s; 5269 tgt tok/s;     58 s elapsed
Epoch 10,   400/  454; acc:  83.06; ppl:   1.97; 5176 src tok/s; 5381 tgt tok/s;     65 s elapsed
Epoch 10,   450/  454; acc:  82.13; ppl:   2.09; 5166 src tok/s; 5339 tgt tok/s;     73 s elapsed
Train perplexity: 2.08804
Train accuracy: 82.1946
Validation perplexity: 6.36831
Validation accuracy: 69.0507
Decaying learning rate to 0.125

Epoch 11,    50/  454; acc:  85.47; ppl:   1.82; 5024 src tok/s; 5252 tgt tok/s;      8 s elapsed
Epoch 11,   100/  454; acc:  84.22; ppl:   1.93; 5250 src tok/s; 5419 tgt tok/s;     16 s elapsed
Epoch 11,   150/  454; acc:  84.89; ppl:   1.87; 5174 src tok/s; 5365 tgt tok/s;     25 s elapsed
Epoch 11,   200/  454; acc:  84.50; ppl:   1.88; 5093 src tok/s; 5305 tgt tok/s;     33 s elapsed
Epoch 11,   250/  454; acc:  83.90; ppl:   1.95; 5235 src tok/s; 5380 tgt tok/s;     41 s elapsed
Epoch 11,   300/  454; acc:  85.39; ppl:   1.81; 5043 src tok/s; 5260 tgt tok/s;     49 s elapsed
Epoch 11,   350/  454; acc:  83.85; ppl:   1.95; 5074 src tok/s; 5249 tgt tok/s;     58 s elapsed
Epoch 11,   400/  454; acc:  84.82; ppl:   1.84; 5080 src tok/s; 5288 tgt tok/s;     66 s elapsed
Epoch 11,   450/  454; acc:  84.77; ppl:   1.88; 5076 src tok/s; 5258 tgt tok/s;     74 s elapsed
Train perplexity: 1.87874
Train accuracy: 84.6595
Validation perplexity: 6.58438
Validation accuracy: 68.9797
Decaying learning rate to 0.0625

Epoch 12,    50/  454; acc:  84.98; ppl:   1.87; 5152 src tok/s; 5305 tgt tok/s;      9 s elapsed
Epoch 12,   100/  454; acc:  86.96; ppl:   1.70; 5150 src tok/s; 5374 tgt tok/s;     16 s elapsed
Epoch 12,   150/  454; acc:  85.98; ppl:   1.75; 5247 src tok/s; 5431 tgt tok/s;     24 s elapsed
Epoch 12,   200/  454; acc:  85.75; ppl:   1.79; 5094 src tok/s; 5276 tgt tok/s;     33 s elapsed
Epoch 12,   250/  454; acc:  85.05; ppl:   1.87; 5109 src tok/s; 5326 tgt tok/s;     41 s elapsed
Epoch 12,   300/  454; acc:  86.51; ppl:   1.71; 5043 src tok/s; 5268 tgt tok/s;     49 s elapsed
Epoch 12,   350/  454; acc:  85.39; ppl:   1.83; 5142 src tok/s; 5316 tgt tok/s;     57 s elapsed
Epoch 12,   400/  454; acc:  86.10; ppl:   1.76; 5096 src tok/s; 5301 tgt tok/s;     65 s elapsed
Epoch 12,   450/  454; acc:  86.13; ppl:   1.75; 4973 src tok/s; 5170 tgt tok/s;     74 s elapsed
Train perplexity: 1.78439
Train accuracy: 85.8096
Validation perplexity: 6.62996
Validation accuracy: 69.15
Decaying learning rate to 0.03125

Epoch 13,    50/  454; acc:  87.84; ppl:   1.62; 5040 src tok/s; 5291 tgt tok/s;      8 s elapsed
Epoch 13,   100/  454; acc:  85.14; ppl:   1.85; 5160 src tok/s; 5306 tgt tok/s;     17 s elapsed
Epoch 13,   150/  454; acc:  86.23; ppl:   1.77; 5159 src tok/s; 5345 tgt tok/s;     25 s elapsed
Epoch 13,   200/  454; acc:  86.75; ppl:   1.70; 5196 src tok/s; 5376 tgt tok/s;     33 s elapsed
Epoch 13,   250/  454; acc:  86.27; ppl:   1.74; 5157 src tok/s; 5370 tgt tok/s;     41 s elapsed
Epoch 13,   300/  454; acc:  86.44; ppl:   1.73; 5302 src tok/s; 5498 tgt tok/s;     49 s elapsed
Epoch 13,   350/  454; acc:  85.84; ppl:   1.79; 5284 src tok/s; 5462 tgt tok/s;     57 s elapsed
Epoch 13,   400/  454; acc:  87.04; ppl:   1.69; 5223 src tok/s; 5436 tgt tok/s;     65 s elapsed
Epoch 13,   450/  454; acc:  86.18; ppl:   1.75; 5083 src tok/s; 5293 tgt tok/s;     73 s elapsed
Train perplexity: 1.73852
Train accuracy: 86.4042
Validation perplexity: 6.67759
Validation accuracy: 69.228
Decaying learning rate to 0.015625

Epoch 14,    50/  454; acc:  87.41; ppl:   1.67; 5153 src tok/s; 5342 tgt tok/s;      8 s elapsed
Epoch 14,   100/  454; acc:  86.56; ppl:   1.74; 5156 src tok/s; 5344 tgt tok/s;     16 s elapsed
Epoch 14,   150/  454; acc:  86.77; ppl:   1.71; 5241 src tok/s; 5406 tgt tok/s;     24 s elapsed
Epoch 14,   200/  454; acc:  86.70; ppl:   1.74; 5042 src tok/s; 5259 tgt tok/s;     33 s elapsed
Epoch 14,   250/  454; acc:  86.95; ppl:   1.70; 5186 src tok/s; 5382 tgt tok/s;     41 s elapsed
Epoch 14,   300/  454; acc:  86.54; ppl:   1.74; 5142 src tok/s; 5345 tgt tok/s;     49 s elapsed
Epoch 14,   350/  454; acc:  88.37; ppl:   1.58; 5046 src tok/s; 5297 tgt tok/s;     56 s elapsed
Epoch 14,   400/  454; acc:  85.16; ppl:   1.86; 5185 src tok/s; 5337 tgt tok/s;     65 s elapsed
Epoch 14,   450/  454; acc:  87.17; ppl:   1.67; 5088 src tok/s; 5282 tgt tok/s;     73 s elapsed
Train perplexity: 1.71883
Train accuracy: 86.7719
Validation perplexity: 6.71865
Validation accuracy: 69.1571
Decaying learning rate to 0.0078125

Epoch 15,    50/  454; acc:  86.80; ppl:   1.72; 5220 src tok/s; 5420 tgt tok/s;      8 s elapsed
Epoch 15,   100/  454; acc:  86.91; ppl:   1.69; 5086 src tok/s; 5272 tgt tok/s;     16 s elapsed
Epoch 15,   150/  454; acc:  87.59; ppl:   1.66; 5165 src tok/s; 5403 tgt tok/s;     24 s elapsed
Epoch 15,   200/  454; acc:  86.53; ppl:   1.75; 5133 src tok/s; 5320 tgt tok/s;     33 s elapsed
Epoch 15,   250/  454; acc:  86.04; ppl:   1.78; 5154 src tok/s; 5303 tgt tok/s;     41 s elapsed
Epoch 15,   300/  454; acc:  87.80; ppl:   1.63; 5068 src tok/s; 5268 tgt tok/s;     49 s elapsed
Epoch 15,   350/  454; acc:  87.78; ppl:   1.64; 5080 src tok/s; 5291 tgt tok/s;     57 s elapsed
Epoch 15,   400/  454; acc:  86.14; ppl:   1.77; 4964 src tok/s; 5150 tgt tok/s;     66 s elapsed
Epoch 15,   450/  454; acc:  87.05; ppl:   1.70; 4981 src tok/s; 5157 tgt tok/s;     74 s elapsed
Train perplexity: 1.70573
Train accuracy: 86.933
Validation perplexity: 6.73
Validation accuracy: 69.0861
Decaying learning rate to 0.00390625

Epoch 16,    50/  454; acc:  87.24; ppl:   1.68; 5085 src tok/s; 5298 tgt tok/s;      8 s elapsed
Epoch 16,   100/  454; acc:  86.80; ppl:   1.72; 5231 src tok/s; 5397 tgt tok/s;     16 s elapsed
Epoch 16,   150/  454; acc:  86.73; ppl:   1.72; 5083 src tok/s; 5299 tgt tok/s;     24 s elapsed
Epoch 16,   200/  454; acc:  87.53; ppl:   1.67; 5188 src tok/s; 5382 tgt tok/s;     33 s elapsed
Epoch 16,   250/  454; acc:  87.77; ppl:   1.64; 5166 src tok/s; 5351 tgt tok/s;     41 s elapsed
Epoch 16,   300/  454; acc:  86.42; ppl:   1.75; 4980 src tok/s; 5160 tgt tok/s;     49 s elapsed
Epoch 16,   350/  454; acc:  87.28; ppl:   1.67; 5153 src tok/s; 5348 tgt tok/s;     57 s elapsed
Epoch 16,   400/  454; acc:  86.52; ppl:   1.75; 5066 src tok/s; 5272 tgt tok/s;     66 s elapsed
Epoch 16,   450/  454; acc:  87.07; ppl:   1.69; 5165 src tok/s; 5369 tgt tok/s;     73 s elapsed
Train perplexity: 1.70163
Train accuracy: 87.0022
Validation perplexity: 6.73504
Validation accuracy: 69.1145
Decaying learning rate to 0.00195312

Epoch 17,    50/  454; acc:  86.83; ppl:   1.72; 5063 src tok/s; 5243 tgt tok/s;      8 s elapsed
Epoch 17,   100/  454; acc:  87.44; ppl:   1.66; 5232 src tok/s; 5441 tgt tok/s;     16 s elapsed
Epoch 17,   150/  454; acc:  86.49; ppl:   1.74; 5218 src tok/s; 5399 tgt tok/s;     25 s elapsed
Epoch 17,   200/  454; acc:  87.48; ppl:   1.67; 5150 src tok/s; 5377 tgt tok/s;     32 s elapsed
Epoch 17,   250/  454; acc:  87.14; ppl:   1.70; 5145 src tok/s; 5342 tgt tok/s;     41 s elapsed
Epoch 17,   300/  454; acc:  87.03; ppl:   1.70; 5183 src tok/s; 5384 tgt tok/s;     49 s elapsed
Epoch 17,   350/  454; acc:  87.88; ppl:   1.65; 5039 src tok/s; 5203 tgt tok/s;     57 s elapsed
Epoch 17,   400/  454; acc:  86.83; ppl:   1.72; 5158 src tok/s; 5330 tgt tok/s;     65 s elapsed
Epoch 17,   450/  454; acc:  86.91; ppl:   1.71; 5036 src tok/s; 5244 tgt tok/s;     73 s elapsed
Train perplexity: 1.69695
Train accuracy: 87.0932
Validation perplexity: 6.74074
Validation accuracy: 69.1003
Decaying learning rate to 0.000976562
