<module 'opts' from '/u/suhubdyd/research/projects/jumble_lstm/code/auxiliary-nmt/opts.pyc'>
Namespace(batch_size=64, brnn=False, brnn_merge='concat', cnn_kernel_width=3, context_gate=None, copy_attn=False, copy_attn_force=False, coverage_attn=False, data='/data/lisatmp3/suhubdyd/multi30k.atok.low', dec_layers=1, decay_method='', decoder_type='rnn', dropout=0.3, enc_layers=2, encoder_type='rnn', epochs=17, exp='', exp_host='', feat_merge='concat', feat_vec_exponent=0.7, feat_vec_size=-1, fix_word_vecs_dec=False, fix_word_vecs_enc=False, global_attention='general', gpuid=[0], input_feed=1, kappa_dec=0.05, kappa_enc=0.15, lambda_coverage=1, layers=-1, learning_rate=1.0, learning_rate_decay=0.5, max_generator_batches=32, max_grad_norm=5, model_type='text', optim='sgd', param_init=0.1, position_encoding=False, pre_word_vecs_dec=None, pre_word_vecs_enc=None, report_every=50, rnn_size=500, rnn_type='LSTM', save_model='/data/lisatmp3/suhubdyd/models/encoder0.15decoder0.05dropout0.3wdropFalse', seed=-1, share_decoder_embeddings=False, share_embeddings=False, src_word_vec_size=500, start_checkpoint_at=0, start_decay_at=8, start_epoch=1, tgt_word_vec_size=500, train_from='', truncated_decoder=0, warmup_steps=4000, weightdropout=False, word_vec_size=-1)
('Using Kappa L2 loss on encoder', 0.15)
('Using Kappa L2 loss on decoder', 0.05)
Loading train and validate data from '/data/lisatmp3/suhubdyd/multi30k.atok.low'
 * number of training sentences: 29000
 * maximum batch size: 64
 * vocabulary size. source = 10841; target = 18563
Building model...
Intializing model parameters.
NMTModel (
  (encoder): RNNEncoder (
    (embeddings): Embeddings (
      (make_embedding): Sequential (
        (emb_luts): Elementwise (
          (0): Embedding(10841, 500, padding_idx=1)
        )
      )
    )
    (dropout): Dropout (p = 0.3)
    (rnn): LSTM(500, 500, dropout=0.3)
  )
  (decoder): InputFeedRNNDecoder (
    (embeddings): Embeddings (
      (make_embedding): Sequential (
        (emb_luts): Elementwise (
          (0): Embedding(18563, 500, padding_idx=1)
        )
      )
    )
    (dropout): Dropout (p = 0.3)
    (rnn): StackedLSTM (
      (dropout): Dropout (p = 0.3)
      (layers): ModuleList (
        (0): LSTMCell(1000, 500)
      )
    )
    (attn): GlobalAttention (
      (linear_in): Linear (500 -> 500)
      (linear_out): Linear (1000 -> 500)
      (sm): Softmax ()
      (tanh): Tanh ()
    )
  )
  (generator): Sequential (
    (0): Linear (500 -> 18563)
    (1): LogSoftmax ()
  )
)
* number of parameters: 29760063
('encoder: ', 7424500)
('decoder: ', 22335563)

Epoch  1,    50/  454; acc:   9.87; ppl: 10595.52; 3223 src tok/s; 3368 tgt tok/s;     12 s elapsed
Epoch  1,   100/  454; acc:  14.41; ppl: 2249.18; 3456 src tok/s; 3588 tgt tok/s;     25 s elapsed
Epoch  1,   150/  454; acc:  17.99; ppl: 513.37; 3507 src tok/s; 3638 tgt tok/s;     37 s elapsed
Epoch  1,   200/  454; acc:  20.76; ppl: 290.63; 3468 src tok/s; 3595 tgt tok/s;     49 s elapsed
Epoch  1,   250/  454; acc:  25.13; ppl: 170.49; 3438 src tok/s; 3565 tgt tok/s;     61 s elapsed
Epoch  1,   300/  454; acc:  26.89; ppl: 128.27; 3390 src tok/s; 3514 tgt tok/s;     74 s elapsed
Epoch  1,   350/  454; acc:  30.21; ppl:  91.31; 3417 src tok/s; 3561 tgt tok/s;     86 s elapsed
Epoch  1,   400/  454; acc:  30.78; ppl:  79.86; 3480 src tok/s; 3604 tgt tok/s;     98 s elapsed
Epoch  1,   450/  454; acc:  33.31; ppl:  67.76; 3380 src tok/s; 3501 tgt tok/s;    110 s elapsed
Train perplexity: 317.91
Train accuracy: 23.3254
Validation perplexity: 71.9689
Validation accuracy: 29.8709

Epoch  2,    50/  454; acc:  35.03; ppl:  56.70; 3436 src tok/s; 3558 tgt tok/s;     12 s elapsed
Epoch  2,   100/  454; acc:  39.02; ppl:  43.09; 3386 src tok/s; 3539 tgt tok/s;     25 s elapsed
Epoch  2,   150/  454; acc:  40.69; ppl:  38.62; 3426 src tok/s; 3550 tgt tok/s;     37 s elapsed
Epoch  2,   200/  454; acc:  42.34; ppl:  34.66; 3450 src tok/s; 3574 tgt tok/s;     49 s elapsed
Epoch  2,   250/  454; acc:  43.46; ppl:  30.70; 3445 src tok/s; 3542 tgt tok/s;     62 s elapsed
Epoch  2,   300/  454; acc:  47.93; ppl:  23.87; 3363 src tok/s; 3527 tgt tok/s;     74 s elapsed
Epoch  2,   350/  454; acc:  49.52; ppl:  20.89; 3384 src tok/s; 3542 tgt tok/s;     85 s elapsed
Epoch  2,   400/  454; acc:  49.36; ppl:  20.82; 3502 src tok/s; 3605 tgt tok/s;     98 s elapsed
Epoch  2,   450/  454; acc:  50.91; ppl:  19.27; 3446 src tok/s; 3574 tgt tok/s;    110 s elapsed
Train perplexity: 29.997
Train accuracy: 44.284
Validation perplexity: 15.7772
Validation accuracy: 54.4061

Epoch  3,    50/  454; acc:  52.09; ppl:  16.61; 3428 src tok/s; 3550 tgt tok/s;     13 s elapsed
Epoch  3,   100/  454; acc:  55.45; ppl:  13.52; 3329 src tok/s; 3499 tgt tok/s;     25 s elapsed
Epoch  3,   150/  454; acc:  54.44; ppl:  14.22; 3456 src tok/s; 3581 tgt tok/s;     37 s elapsed
Epoch  3,   200/  454; acc:  56.07; ppl:  12.96; 3400 src tok/s; 3530 tgt tok/s;     49 s elapsed
Epoch  3,   250/  454; acc:  57.50; ppl:  11.80; 3486 src tok/s; 3616 tgt tok/s;     61 s elapsed
Epoch  3,   300/  454; acc:  56.41; ppl:  12.81; 3346 src tok/s; 3471 tgt tok/s;     74 s elapsed
Epoch  3,   350/  454; acc:  56.31; ppl:  12.94; 3400 src tok/s; 3512 tgt tok/s;     86 s elapsed
Epoch  3,   400/  454; acc:  58.57; ppl:  10.97; 3427 src tok/s; 3554 tgt tok/s;     99 s elapsed
Epoch  3,   450/  454; acc:  58.86; ppl:  10.65; 3419 src tok/s; 3544 tgt tok/s;    111 s elapsed
Train perplexity: 12.8203
Train accuracy: 56.2041
Validation perplexity: 10.2783
Validation accuracy: 60.9621

Epoch  4,    50/  454; acc:  60.54; ppl:   9.18; 3443 src tok/s; 3555 tgt tok/s;     13 s elapsed
Epoch  4,   100/  454; acc:  61.97; ppl:   8.36; 3367 src tok/s; 3498 tgt tok/s;     25 s elapsed
Epoch  4,   150/  454; acc:  61.22; ppl:   8.55; 3377 src tok/s; 3515 tgt tok/s;     37 s elapsed
Epoch  4,   200/  454; acc:  61.63; ppl:   8.49; 3499 src tok/s; 3621 tgt tok/s;     49 s elapsed
Epoch  4,   250/  454; acc:  62.20; ppl:   8.12; 3410 src tok/s; 3533 tgt tok/s;     61 s elapsed
Epoch  4,   300/  454; acc:  61.61; ppl:   8.50; 3449 src tok/s; 3572 tgt tok/s;     74 s elapsed
Epoch  4,   350/  454; acc:  62.53; ppl:   7.92; 3434 src tok/s; 3563 tgt tok/s;     86 s elapsed
Epoch  4,   400/  454; acc:  62.12; ppl:   8.19; 3403 src tok/s; 3547 tgt tok/s;     98 s elapsed
Epoch  4,   450/  454; acc:  62.17; ppl:   8.21; 3377 src tok/s; 3510 tgt tok/s;    110 s elapsed
Train perplexity: 8.37364
Train accuracy: 61.7977
Validation perplexity: 8.23094
Validation accuracy: 63.3958

Epoch  5,    50/  454; acc:  65.05; ppl:   6.39; 3434 src tok/s; 3562 tgt tok/s;     12 s elapsed
Epoch  5,   100/  454; acc:  64.56; ppl:   6.55; 3393 src tok/s; 3522 tgt tok/s;     25 s elapsed
Epoch  5,   150/  454; acc:  66.53; ppl:   5.84; 3388 src tok/s; 3531 tgt tok/s;     37 s elapsed
Epoch  5,   200/  454; acc:  64.55; ppl:   6.73; 3430 src tok/s; 3544 tgt tok/s;     49 s elapsed
Epoch  5,   250/  454; acc:  65.12; ppl:   6.47; 3346 src tok/s; 3474 tgt tok/s;     62 s elapsed
Epoch  5,   300/  454; acc:  65.29; ppl:   6.24; 3458 src tok/s; 3590 tgt tok/s;     74 s elapsed
Epoch  5,   350/  454; acc:  65.04; ppl:   6.36; 3474 src tok/s; 3588 tgt tok/s;     86 s elapsed
Epoch  5,   400/  454; acc:  65.83; ppl:   6.13; 3461 src tok/s; 3602 tgt tok/s;     98 s elapsed
Epoch  5,   450/  454; acc:  65.91; ppl:   6.11; 3353 src tok/s; 3497 tgt tok/s;    110 s elapsed
Train perplexity: 6.31241
Train accuracy: 65.2971
Validation perplexity: 7.20711
Validation accuracy: 65.2121

Epoch  6,    50/  454; acc:  69.92; ppl:   4.56; 3352 src tok/s; 3525 tgt tok/s;     11 s elapsed
Epoch  6,   100/  454; acc:  66.77; ppl:   5.37; 3482 src tok/s; 3572 tgt tok/s;     24 s elapsed
Epoch  6,   150/  454; acc:  67.24; ppl:   5.33; 3403 src tok/s; 3532 tgt tok/s;     37 s elapsed
Epoch  6,   200/  454; acc:  68.17; ppl:   4.92; 3428 src tok/s; 3550 tgt tok/s;     49 s elapsed
Epoch  6,   250/  454; acc:  68.34; ppl:   4.97; 3458 src tok/s; 3611 tgt tok/s;     61 s elapsed
Epoch  6,   300/  454; acc:  67.36; ppl:   5.29; 3508 src tok/s; 3602 tgt tok/s;     73 s elapsed
Epoch  6,   350/  454; acc:  68.45; ppl:   4.89; 3335 src tok/s; 3508 tgt tok/s;     85 s elapsed
Epoch  6,   400/  454; acc:  66.83; ppl:   5.52; 3415 src tok/s; 3520 tgt tok/s;     98 s elapsed
Epoch  6,   450/  454; acc:  67.73; ppl:   5.14; 3299 src tok/s; 3430 tgt tok/s;    111 s elapsed
Train perplexity: 5.11335
Train accuracy: 67.8305
Validation perplexity: 6.79141
Validation accuracy: 66.0849

Epoch  7,    50/  454; acc:  71.16; ppl:   4.03; 3388 src tok/s; 3514 tgt tok/s;     12 s elapsed
Epoch  7,   100/  454; acc:  70.13; ppl:   4.24; 3397 src tok/s; 3525 tgt tok/s;     25 s elapsed
Epoch  7,   150/  454; acc:  70.10; ppl:   4.25; 3389 src tok/s; 3504 tgt tok/s;     37 s elapsed
Epoch  7,   200/  454; acc:  70.09; ppl:   4.29; 3429 src tok/s; 3576 tgt tok/s;     49 s elapsed
Epoch  7,   250/  454; acc:  68.83; ppl:   4.57; 3426 src tok/s; 3541 tgt tok/s;     62 s elapsed
Epoch  7,   300/  454; acc:  70.11; ppl:   4.29; 3367 src tok/s; 3511 tgt tok/s;     74 s elapsed
Epoch  7,   350/  454; acc:  71.03; ppl:   4.02; 3380 src tok/s; 3539 tgt tok/s;     86 s elapsed
Epoch  7,   400/  454; acc:  69.02; ppl:   4.58; 3475 src tok/s; 3576 tgt tok/s;     99 s elapsed
Epoch  7,   450/  454; acc:  69.72; ppl:   4.37; 3331 src tok/s; 3469 tgt tok/s;    111 s elapsed
Train perplexity: 4.30696
Train accuracy: 69.9573
Validation perplexity: 6.5626
Validation accuracy: 66.9647

Epoch  8,    50/  454; acc:  72.79; ppl:   3.56; 3388 src tok/s; 3523 tgt tok/s;     13 s elapsed
Epoch  8,   100/  454; acc:  72.51; ppl:   3.61; 3477 src tok/s; 3623 tgt tok/s;     24 s elapsed
Epoch  8,   150/  454; acc:  72.08; ppl:   3.63; 3393 src tok/s; 3506 tgt tok/s;     37 s elapsed
Epoch  8,   200/  454; acc:  71.99; ppl:   3.64; 3432 src tok/s; 3555 tgt tok/s;     49 s elapsed
Epoch  8,   250/  454; acc:  71.36; ppl:   3.76; 3333 src tok/s; 3455 tgt tok/s;     62 s elapsed
Epoch  8,   300/  454; acc:  71.21; ppl:   3.86; 3494 src tok/s; 3631 tgt tok/s;     74 s elapsed
Epoch  8,   350/  454; acc:  71.08; ppl:   3.84; 3417 src tok/s; 3537 tgt tok/s;     86 s elapsed
Epoch  8,   400/  454; acc:  71.32; ppl:   3.79; 3369 src tok/s; 3507 tgt tok/s;     98 s elapsed
Epoch  8,   450/  454; acc:  71.13; ppl:   3.90; 3322 src tok/s; 3444 tgt tok/s;    111 s elapsed
Train perplexity: 3.72454
Train accuracy: 71.7453
Validation perplexity: 6.42627
Validation accuracy: 68.0148
Decaying learning rate to 0.5

Epoch  9,    50/  454; acc:  76.25; ppl:   2.87; 3456 src tok/s; 3555 tgt tok/s;     12 s elapsed
Epoch  9,   100/  454; acc:  76.55; ppl:   2.83; 3363 src tok/s; 3507 tgt tok/s;     25 s elapsed
Epoch  9,   150/  454; acc:  77.36; ppl:   2.69; 3475 src tok/s; 3596 tgt tok/s;     37 s elapsed
Epoch  9,   200/  454; acc:  76.22; ppl:   2.86; 3416 src tok/s; 3536 tgt tok/s;     49 s elapsed
Epoch  9,   250/  454; acc:  77.21; ppl:   2.71; 3419 src tok/s; 3573 tgt tok/s;     61 s elapsed
Epoch  9,   300/  454; acc:  76.04; ppl:   2.89; 3398 src tok/s; 3520 tgt tok/s;     74 s elapsed
Epoch  9,   350/  454; acc:  76.80; ppl:   2.73; 3440 src tok/s; 3597 tgt tok/s;     86 s elapsed
Epoch  9,   400/  454; acc:  75.66; ppl:   2.90; 3392 src tok/s; 3508 tgt tok/s;     98 s elapsed
Epoch  9,   450/  454; acc:  76.36; ppl:   2.81; 3407 src tok/s; 3533 tgt tok/s;    110 s elapsed
Train perplexity: 2.81058
Train accuracy: 76.4895
Validation perplexity: 6.07985
Validation accuracy: 68.8804
Decaying learning rate to 0.25

Epoch 10,    50/  454; acc:  79.62; ppl:   2.40; 3455 src tok/s; 3566 tgt tok/s;     12 s elapsed
Epoch 10,   100/  454; acc:  81.00; ppl:   2.22; 3379 src tok/s; 3525 tgt tok/s;     25 s elapsed
Epoch 10,   150/  454; acc:  79.66; ppl:   2.40; 3436 src tok/s; 3561 tgt tok/s;     37 s elapsed
Epoch 10,   200/  454; acc:  80.90; ppl:   2.24; 3365 src tok/s; 3508 tgt tok/s;     49 s elapsed
Epoch 10,   250/  454; acc:  80.28; ppl:   2.34; 3448 src tok/s; 3581 tgt tok/s;     61 s elapsed
Epoch 10,   300/  454; acc:  80.05; ppl:   2.35; 3463 src tok/s; 3580 tgt tok/s;     74 s elapsed
Epoch 10,   350/  454; acc:  80.01; ppl:   2.32; 3348 src tok/s; 3495 tgt tok/s;     86 s elapsed
Epoch 10,   400/  454; acc:  79.94; ppl:   2.34; 3465 src tok/s; 3589 tgt tok/s;     98 s elapsed
Epoch 10,   450/  454; acc:  79.42; ppl:   2.43; 3330 src tok/s; 3455 tgt tok/s;    110 s elapsed
Train perplexity: 2.33484
Train accuracy: 80.098
Validation perplexity: 6.1255
Validation accuracy: 69.1784
Decaying learning rate to 0.125

Epoch 11,    50/  454; acc:  81.21; ppl:   2.22; 3495 src tok/s; 3584 tgt tok/s;     13 s elapsed
Epoch 11,   100/  454; acc:  83.05; ppl:   2.01; 3389 src tok/s; 3557 tgt tok/s;     24 s elapsed
Epoch 11,   150/  454; acc:  82.55; ppl:   2.05; 3421 src tok/s; 3557 tgt tok/s;     37 s elapsed
Epoch 11,   200/  454; acc:  81.79; ppl:   2.13; 3355 src tok/s; 3483 tgt tok/s;     49 s elapsed
Epoch 11,   250/  454; acc:  83.16; ppl:   2.01; 3362 src tok/s; 3511 tgt tok/s;     61 s elapsed
Epoch 11,   300/  454; acc:  80.96; ppl:   2.23; 3522 src tok/s; 3621 tgt tok/s;     73 s elapsed
Epoch 11,   350/  454; acc:  82.42; ppl:   2.05; 3388 src tok/s; 3545 tgt tok/s;     86 s elapsed
Epoch 11,   400/  454; acc:  81.63; ppl:   2.17; 3457 src tok/s; 3571 tgt tok/s;     98 s elapsed
Epoch 11,   450/  454; acc:  81.47; ppl:   2.16; 3351 src tok/s; 3479 tgt tok/s;    110 s elapsed
Train perplexity: 2.11518
Train accuracy: 82.0171
Validation perplexity: 6.27579
Validation accuracy: 68.9939
Decaying learning rate to 0.0625

Epoch 12,    50/  454; acc:  83.18; ppl:   2.02; 3409 src tok/s; 3531 tgt tok/s;     12 s elapsed
Epoch 12,   100/  454; acc:  83.28; ppl:   2.00; 3441 src tok/s; 3563 tgt tok/s;     24 s elapsed
Epoch 12,   150/  454; acc:  83.60; ppl:   1.95; 3427 src tok/s; 3555 tgt tok/s;     37 s elapsed
Epoch 12,   200/  454; acc:  82.70; ppl:   2.08; 3454 src tok/s; 3586 tgt tok/s;     49 s elapsed
Epoch 12,   250/  454; acc:  82.18; ppl:   2.11; 3433 src tok/s; 3541 tgt tok/s;     62 s elapsed
Epoch 12,   300/  454; acc:  84.60; ppl:   1.86; 3361 src tok/s; 3531 tgt tok/s;     73 s elapsed
Epoch 12,   350/  454; acc:  82.63; ppl:   2.07; 3379 src tok/s; 3511 tgt tok/s;     86 s elapsed
Epoch 12,   400/  454; acc:  83.29; ppl:   1.99; 3425 src tok/s; 3550 tgt tok/s;     98 s elapsed
Epoch 12,   450/  454; acc:  82.72; ppl:   2.05; 3387 src tok/s; 3512 tgt tok/s;    111 s elapsed
Train perplexity: 2.01266
Train accuracy: 83.1259
Validation perplexity: 6.33695
Validation accuracy: 69.1997
Decaying learning rate to 0.03125

Epoch 13,    50/  454; acc:  84.10; ppl:   1.94; 3358 src tok/s; 3503 tgt tok/s;     12 s elapsed
Epoch 13,   100/  454; acc:  83.73; ppl:   1.96; 3387 src tok/s; 3503 tgt tok/s;     25 s elapsed
Epoch 13,   150/  454; acc:  83.29; ppl:   2.01; 3433 src tok/s; 3583 tgt tok/s;     37 s elapsed
Epoch 13,   200/  454; acc:  84.15; ppl:   1.92; 3420 src tok/s; 3548 tgt tok/s;     49 s elapsed
Epoch 13,   250/  454; acc:  83.53; ppl:   1.95; 3444 src tok/s; 3564 tgt tok/s;     62 s elapsed
Epoch 13,   300/  454; acc:  83.80; ppl:   1.96; 3369 src tok/s; 3486 tgt tok/s;     74 s elapsed
Epoch 13,   350/  454; acc:  83.35; ppl:   1.97; 3448 src tok/s; 3586 tgt tok/s;     86 s elapsed
Epoch 13,   400/  454; acc:  83.16; ppl:   1.99; 3489 src tok/s; 3615 tgt tok/s;     98 s elapsed
Epoch 13,   450/  454; acc:  83.32; ppl:   2.00; 3382 src tok/s; 3498 tgt tok/s;    111 s elapsed
Train perplexity: 1.96508
Train accuracy: 83.6287
Validation perplexity: 6.34302
Validation accuracy: 69.1571
Decaying learning rate to 0.015625

Epoch 14,    50/  454; acc:  83.68; ppl:   1.95; 3423 src tok/s; 3543 tgt tok/s;     12 s elapsed
Epoch 14,   100/  454; acc:  84.18; ppl:   1.93; 3433 src tok/s; 3549 tgt tok/s;     24 s elapsed
Epoch 14,   150/  454; acc:  83.54; ppl:   1.99; 3391 src tok/s; 3519 tgt tok/s;     37 s elapsed
Epoch 14,   200/  454; acc:  84.46; ppl:   1.89; 3417 src tok/s; 3538 tgt tok/s;     49 s elapsed
Epoch 14,   250/  454; acc:  84.39; ppl:   1.88; 3398 src tok/s; 3552 tgt tok/s;     61 s elapsed
Epoch 14,   300/  454; acc:  83.23; ppl:   2.00; 3420 src tok/s; 3538 tgt tok/s;     74 s elapsed
Epoch 14,   350/  454; acc:  84.10; ppl:   1.92; 3491 src tok/s; 3626 tgt tok/s;     86 s elapsed
Epoch 14,   400/  454; acc:  83.95; ppl:   1.93; 3422 src tok/s; 3556 tgt tok/s;     98 s elapsed
Epoch 14,   450/  454; acc:  83.73; ppl:   1.97; 3375 src tok/s; 3514 tgt tok/s;    110 s elapsed
Train perplexity: 1.94072
Train accuracy: 83.9051
Validation perplexity: 6.37469
Validation accuracy: 69.1287
Decaying learning rate to 0.0078125

Epoch 15,    50/  454; acc:  84.27; ppl:   1.91; 3382 src tok/s; 3527 tgt tok/s;     12 s elapsed
Epoch 15,   100/  454; acc:  83.54; ppl:   1.96; 3428 src tok/s; 3541 tgt tok/s;     25 s elapsed
Epoch 15,   150/  454; acc:  84.13; ppl:   1.92; 3400 src tok/s; 3537 tgt tok/s;     37 s elapsed
Epoch 15,   200/  454; acc:  83.88; ppl:   1.95; 3459 src tok/s; 3586 tgt tok/s;     49 s elapsed
Epoch 15,   250/  454; acc:  83.71; ppl:   1.98; 3403 src tok/s; 3546 tgt tok/s;     62 s elapsed
Epoch 15,   300/  454; acc:  84.49; ppl:   1.89; 3463 src tok/s; 3565 tgt tok/s;     74 s elapsed
Epoch 15,   350/  454; acc:  83.82; ppl:   1.94; 3387 src tok/s; 3514 tgt tok/s;     86 s elapsed
Epoch 15,   400/  454; acc:  84.73; ppl:   1.85; 3414 src tok/s; 3533 tgt tok/s;     98 s elapsed
Epoch 15,   450/  454; acc:  83.88; ppl:   1.97; 3409 src tok/s; 3551 tgt tok/s;    110 s elapsed
Train perplexity: 1.92993
Train accuracy: 84.0586
Validation perplexity: 6.39161
Validation accuracy: 69.1642
Decaying learning rate to 0.00390625

Epoch 16,    50/  454; acc:  84.62; ppl:   1.87; 3422 src tok/s; 3553 tgt tok/s;     12 s elapsed
Epoch 16,   100/  454; acc:  83.43; ppl:   1.98; 3399 src tok/s; 3499 tgt tok/s;     25 s elapsed
Epoch 16,   150/  454; acc:  83.82; ppl:   1.96; 3354 src tok/s; 3494 tgt tok/s;     37 s elapsed
Epoch 16,   200/  454; acc:  84.21; ppl:   1.89; 3476 src tok/s; 3615 tgt tok/s;     49 s elapsed
Epoch 16,   250/  454; acc:  83.50; ppl:   2.01; 3468 src tok/s; 3587 tgt tok/s;     62 s elapsed
Epoch 16,   300/  454; acc:  84.94; ppl:   1.83; 3377 src tok/s; 3527 tgt tok/s;     74 s elapsed
Epoch 16,   350/  454; acc:  84.38; ppl:   1.92; 3398 src tok/s; 3524 tgt tok/s;     86 s elapsed
Epoch 16,   400/  454; acc:  83.95; ppl:   1.91; 3455 src tok/s; 3583 tgt tok/s;     98 s elapsed
Epoch 16,   450/  454; acc:  83.82; ppl:   1.96; 3391 src tok/s; 3517 tgt tok/s;    110 s elapsed
Train perplexity: 1.92587
Train accuracy: 84.0846
Validation perplexity: 6.3898
Validation accuracy: 69.1429
Decaying learning rate to 0.00195312

Epoch 17,    50/  454; acc:  83.77; ppl:   1.96; 3359 src tok/s; 3493 tgt tok/s;     13 s elapsed
Epoch 17,   100/  454; acc:  84.26; ppl:   1.91; 3491 src tok/s; 3613 tgt tok/s;     25 s elapsed
Epoch 17,   150/  454; acc:  84.58; ppl:   1.84; 3417 src tok/s; 3568 tgt tok/s;     37 s elapsed
Epoch 17,   200/  454; acc:  83.54; ppl:   1.96; 3410 src tok/s; 3512 tgt tok/s;     49 s elapsed
Epoch 17,   250/  454; acc:  84.90; ppl:   1.83; 3361 src tok/s; 3528 tgt tok/s;     61 s elapsed
Epoch 17,   300/  454; acc:  83.21; ppl:   2.01; 3533 src tok/s; 3630 tgt tok/s;     73 s elapsed
Epoch 17,   350/  454; acc:  84.17; ppl:   1.92; 3378 src tok/s; 3509 tgt tok/s;     86 s elapsed
Epoch 17,   400/  454; acc:  83.98; ppl:   1.91; 3411 src tok/s; 3547 tgt tok/s;     98 s elapsed
Epoch 17,   450/  454; acc:  84.46; ppl:   1.91; 3306 src tok/s; 3435 tgt tok/s;    110 s elapsed
Train perplexity: 1.91886
Train accuracy: 84.0616
Validation perplexity: 6.39256
Validation accuracy: 69.1216
Decaying learning rate to 0.000976562
