<module 'opts' from '/u/suhubdyd/research/projects/jumble_lstm/code/auxiliary-nmt/opts.pyc'>
Namespace(batch_size=64, brnn=False, brnn_merge='concat', cnn_kernel_width=3, context_gate=None, copy_attn=False, copy_attn_force=False, coverage_attn=False, data='/data/lisatmp3/suhubdyd/multi30k.atok.low', dec_layers=1, decay_method='', decoder_type='rnn', dropout=0.3, enc_layers=2, encoder_type='rnn', epochs=17, exp='', exp_host='', feat_merge='concat', feat_vec_exponent=0.7, feat_vec_size=-1, fix_word_vecs_dec=False, fix_word_vecs_enc=False, global_attention='general', gpuid=[0], input_feed=1, kappa_dec=0.3, kappa_enc=0.25, lambda_coverage=1, layers=-1, learning_rate=1.0, learning_rate_decay=0.5, max_generator_batches=32, max_grad_norm=5, model_type='text', optim='sgd', param_init=0.1, position_encoding=False, pre_word_vecs_dec=None, pre_word_vecs_enc=None, report_every=50, rnn_size=500, rnn_type='LSTM', save_model='/data/lisatmp3/suhubdyd/models/encoder0.25decoder0.30dropout0.3wdropFalse', seed=-1, share_decoder_embeddings=False, share_embeddings=False, src_word_vec_size=500, start_checkpoint_at=0, start_decay_at=8, start_epoch=1, tgt_word_vec_size=500, train_from='', truncated_decoder=0, warmup_steps=4000, weightdropout=False, word_vec_size=-1)
('Using Kappa L2 loss on encoder', 0.25)
('Using Kappa L2 loss on decoder', 0.3)
Loading train and validate data from '/data/lisatmp3/suhubdyd/multi30k.atok.low'
 * number of training sentences: 29000
 * maximum batch size: 64
 * vocabulary size. source = 10841; target = 18563
Building model...
Intializing model parameters.
NMTModel (
  (encoder): RNNEncoder (
    (embeddings): Embeddings (
      (make_embedding): Sequential (
        (emb_luts): Elementwise (
          (0): Embedding(10841, 500, padding_idx=1)
        )
      )
    )
    (dropout): Dropout (p = 0.3)
    (rnn): LSTM(500, 500, dropout=0.3)
  )
  (decoder): InputFeedRNNDecoder (
    (embeddings): Embeddings (
      (make_embedding): Sequential (
        (emb_luts): Elementwise (
          (0): Embedding(18563, 500, padding_idx=1)
        )
      )
    )
    (dropout): Dropout (p = 0.3)
    (rnn): StackedLSTM (
      (dropout): Dropout (p = 0.3)
      (layers): ModuleList (
        (0): LSTMCell(1000, 500)
      )
    )
    (attn): GlobalAttention (
      (linear_in): Linear (500 -> 500)
      (linear_out): Linear (1000 -> 500)
      (sm): Softmax ()
      (tanh): Tanh ()
    )
  )
  (generator): Sequential (
    (0): Linear (500 -> 18563)
    (1): LogSoftmax ()
  )
)
* number of parameters: 29760063
('encoder: ', 7424500)
('decoder: ', 22335563)

Epoch  1,    50/  454; acc:  10.57; ppl: 9981.62; 5373 src tok/s; 5610 tgt tok/s;      7 s elapsed
Epoch  1,   100/  454; acc:  15.08; ppl: 1052.37; 5927 src tok/s; 6126 tgt tok/s;     15 s elapsed
Epoch  1,   150/  454; acc:  19.39; ppl: 390.29; 6076 src tok/s; 6338 tgt tok/s;     22 s elapsed
Epoch  1,   200/  454; acc:  20.69; ppl: 271.55; 5946 src tok/s; 6157 tgt tok/s;     29 s elapsed
Epoch  1,   250/  454; acc:  25.83; ppl: 151.63; 5794 src tok/s; 6051 tgt tok/s;     36 s elapsed
Epoch  1,   300/  454; acc:  27.60; ppl: 117.87; 5914 src tok/s; 6116 tgt tok/s;     43 s elapsed
Epoch  1,   350/  454; acc:  29.70; ppl:  93.66; 5478 src tok/s; 5658 tgt tok/s;     51 s elapsed
Epoch  1,   400/  454; acc:  31.61; ppl:  76.60; 5572 src tok/s; 5799 tgt tok/s;     58 s elapsed
Epoch  1,   450/  454; acc:  33.79; ppl:  65.86; 5625 src tok/s; 5802 tgt tok/s;     66 s elapsed
Train perplexity: 269.814
Train accuracy: 23.9348
Validation perplexity: 55.3255
Validation accuracy: 35.8167

Epoch  2,    50/  454; acc:  35.53; ppl:  53.04; 5620 src tok/s; 5827 tgt tok/s;      7 s elapsed
Epoch  2,   100/  454; acc:  38.59; ppl:  45.71; 5653 src tok/s; 5876 tgt tok/s;     15 s elapsed
Epoch  2,   150/  454; acc:  40.66; ppl:  37.49; 5660 src tok/s; 5859 tgt tok/s;     22 s elapsed
Epoch  2,   200/  454; acc:  43.20; ppl:  31.69; 5465 src tok/s; 5680 tgt tok/s;     30 s elapsed
Epoch  2,   250/  454; acc:  44.82; ppl:  27.97; 5690 src tok/s; 5898 tgt tok/s;     37 s elapsed
Epoch  2,   300/  454; acc:  47.02; ppl:  24.99; 5721 src tok/s; 5932 tgt tok/s;     45 s elapsed
Epoch  2,   350/  454; acc:  49.21; ppl:  21.91; 5559 src tok/s; 5765 tgt tok/s;     52 s elapsed
Epoch  2,   400/  454; acc:  49.55; ppl:  20.53; 5650 src tok/s; 5863 tgt tok/s;     60 s elapsed
Epoch  2,   450/  454; acc:  51.70; ppl:  17.75; 5510 src tok/s; 5743 tgt tok/s;     67 s elapsed
Train perplexity: 29.2092
Train accuracy: 44.5313
Validation perplexity: 16.091
Validation accuracy: 53.3915

Epoch  3,    50/  454; acc:  55.38; ppl:  13.70; 5670 src tok/s; 5914 tgt tok/s;      7 s elapsed
Epoch  3,   100/  454; acc:  54.25; ppl:  14.51; 5658 src tok/s; 5827 tgt tok/s;     15 s elapsed
Epoch  3,   150/  454; acc:  55.28; ppl:  13.58; 5627 src tok/s; 5847 tgt tok/s;     22 s elapsed
Epoch  3,   200/  454; acc:  56.12; ppl:  12.98; 5615 src tok/s; 5846 tgt tok/s;     30 s elapsed
Epoch  3,   250/  454; acc:  57.24; ppl:  12.19; 5755 src tok/s; 6013 tgt tok/s;     37 s elapsed
Epoch  3,   300/  454; acc:  55.99; ppl:  12.72; 5687 src tok/s; 5864 tgt tok/s;     44 s elapsed
Epoch  3,   350/  454; acc:  57.80; ppl:  11.41; 5761 src tok/s; 5942 tgt tok/s;     52 s elapsed
Epoch  3,   400/  454; acc:  58.82; ppl:  10.94; 5590 src tok/s; 5834 tgt tok/s;     59 s elapsed
Epoch  3,   450/  454; acc:  59.47; ppl:  10.24; 5608 src tok/s; 5841 tgt tok/s;     66 s elapsed
Train perplexity: 12.4729
Train accuracy: 56.6187
Validation perplexity: 10.1869
Validation accuracy: 59.5644

Epoch  4,    50/  454; acc:  62.03; ppl:   8.23; 5659 src tok/s; 5902 tgt tok/s;      7 s elapsed
Epoch  4,   100/  454; acc:  60.80; ppl:   9.10; 5669 src tok/s; 5845 tgt tok/s;     15 s elapsed
Epoch  4,   150/  454; acc:  61.40; ppl:   8.62; 5668 src tok/s; 5836 tgt tok/s;     22 s elapsed
Epoch  4,   200/  454; acc:  62.38; ppl:   8.16; 5622 src tok/s; 5861 tgt tok/s;     30 s elapsed
Epoch  4,   250/  454; acc:  62.64; ppl:   8.05; 5704 src tok/s; 5942 tgt tok/s;     37 s elapsed
Epoch  4,   300/  454; acc:  62.31; ppl:   8.05; 5776 src tok/s; 6013 tgt tok/s;     44 s elapsed
Epoch  4,   350/  454; acc:  62.92; ppl:   7.87; 5668 src tok/s; 5894 tgt tok/s;     52 s elapsed
Epoch  4,   400/  454; acc:  62.20; ppl:   7.97; 5545 src tok/s; 5736 tgt tok/s;     59 s elapsed
Epoch  4,   450/  454; acc:  62.24; ppl:   8.21; 5561 src tok/s; 5765 tgt tok/s;     67 s elapsed
Train perplexity: 8.23045
Train accuracy: 62.1277
Validation perplexity: 8.13527
Validation accuracy: 64.0202

Epoch  5,    50/  454; acc:  66.03; ppl:   5.99; 5581 src tok/s; 5839 tgt tok/s;      7 s elapsed
Epoch  5,   100/  454; acc:  64.78; ppl:   6.38; 5648 src tok/s; 5828 tgt tok/s;     15 s elapsed
Epoch  5,   150/  454; acc:  65.44; ppl:   6.33; 5782 src tok/s; 5972 tgt tok/s;     22 s elapsed
Epoch  5,   200/  454; acc:  65.83; ppl:   6.07; 5485 src tok/s; 5712 tgt tok/s;     30 s elapsed
Epoch  5,   250/  454; acc:  65.73; ppl:   6.17; 5714 src tok/s; 5960 tgt tok/s;     37 s elapsed
Epoch  5,   300/  454; acc:  65.22; ppl:   6.30; 5748 src tok/s; 5947 tgt tok/s;     44 s elapsed
Epoch  5,   350/  454; acc:  64.04; ppl:   6.79; 5641 src tok/s; 5799 tgt tok/s;     52 s elapsed
Epoch  5,   400/  454; acc:  66.43; ppl:   5.95; 5682 src tok/s; 5933 tgt tok/s;     59 s elapsed
Epoch  5,   450/  454; acc:  65.89; ppl:   6.14; 5526 src tok/s; 5757 tgt tok/s;     67 s elapsed
Train perplexity: 6.23562
Train accuracy: 65.4851
Validation perplexity: 7.06833
Validation accuracy: 65.8507

Epoch  6,    50/  454; acc:  68.53; ppl:   4.88; 5713 src tok/s; 5934 tgt tok/s;      7 s elapsed
Epoch  6,   100/  454; acc:  68.37; ppl:   4.93; 5806 src tok/s; 6030 tgt tok/s;     15 s elapsed
Epoch  6,   150/  454; acc:  67.37; ppl:   5.20; 5707 src tok/s; 5900 tgt tok/s;     22 s elapsed
Epoch  6,   200/  454; acc:  68.37; ppl:   4.97; 5599 src tok/s; 5837 tgt tok/s;     29 s elapsed
Epoch  6,   250/  454; acc:  68.82; ppl:   4.83; 5193 src tok/s; 5408 tgt tok/s;     37 s elapsed
Epoch  6,   300/  454; acc:  67.29; ppl:   5.20; 5351 src tok/s; 5526 tgt tok/s;     45 s elapsed
Epoch  6,   350/  454; acc:  68.00; ppl:   5.07; 5571 src tok/s; 5817 tgt tok/s;     53 s elapsed
Epoch  6,   400/  454; acc:  67.29; ppl:   5.30; 5666 src tok/s; 5858 tgt tok/s;     60 s elapsed
Epoch  6,   450/  454; acc:  67.55; ppl:   5.23; 5629 src tok/s; 5840 tgt tok/s;     67 s elapsed
Train perplexity: 5.06896
Train accuracy: 67.9355
Validation perplexity: 6.76795
Validation accuracy: 65.9217

Epoch  7,    50/  454; acc:  70.37; ppl:   4.18; 5792 src tok/s; 6039 tgt tok/s;      7 s elapsed
Epoch  7,   100/  454; acc:  71.22; ppl:   3.95; 5806 src tok/s; 6015 tgt tok/s;     14 s elapsed
Epoch  7,   150/  454; acc:  70.19; ppl:   4.17; 5769 src tok/s; 5926 tgt tok/s;     22 s elapsed
Epoch  7,   200/  454; acc:  70.42; ppl:   4.15; 5569 src tok/s; 5801 tgt tok/s;     29 s elapsed
Epoch  7,   250/  454; acc:  69.05; ppl:   4.48; 5747 src tok/s; 5922 tgt tok/s;     37 s elapsed
Epoch  7,   300/  454; acc:  70.31; ppl:   4.20; 5720 src tok/s; 5975 tgt tok/s;     44 s elapsed
Epoch  7,   350/  454; acc:  69.48; ppl:   4.40; 5584 src tok/s; 5801 tgt tok/s;     52 s elapsed
Epoch  7,   400/  454; acc:  69.74; ppl:   4.29; 5674 src tok/s; 5907 tgt tok/s;     59 s elapsed
Epoch  7,   450/  454; acc:  69.41; ppl:   4.44; 5511 src tok/s; 5726 tgt tok/s;     66 s elapsed
Train perplexity: 4.24937
Train accuracy: 70.0174
Validation perplexity: 6.47527
Validation accuracy: 67.4188

Epoch  8,    50/  454; acc:  72.76; ppl:   3.48; 5760 src tok/s; 5975 tgt tok/s;      7 s elapsed
Epoch  8,   100/  454; acc:  72.59; ppl:   3.58; 5580 src tok/s; 5786 tgt tok/s;     15 s elapsed
Epoch  8,   150/  454; acc:  71.85; ppl:   3.67; 5715 src tok/s; 5913 tgt tok/s;     22 s elapsed
Epoch  8,   200/  454; acc:  72.54; ppl:   3.53; 5713 src tok/s; 5963 tgt tok/s;     29 s elapsed
Epoch  8,   250/  454; acc:  70.83; ppl:   3.88; 5839 src tok/s; 6030 tgt tok/s;     37 s elapsed
Epoch  8,   300/  454; acc:  71.89; ppl:   3.66; 5677 src tok/s; 5932 tgt tok/s;     44 s elapsed
Epoch  8,   350/  454; acc:  71.24; ppl:   3.80; 5702 src tok/s; 5933 tgt tok/s;     51 s elapsed
Epoch  8,   400/  454; acc:  70.97; ppl:   3.89; 5661 src tok/s; 5870 tgt tok/s;     59 s elapsed
Epoch  8,   450/  454; acc:  71.41; ppl:   3.82; 5654 src tok/s; 5837 tgt tok/s;     66 s elapsed
Train perplexity: 3.69996
Train accuracy: 71.7767
Validation perplexity: 6.4791
Validation accuracy: 67.5252
Decaying learning rate to 0.5

Epoch  9,    50/  454; acc:  76.51; ppl:   2.81; 5772 src tok/s; 5964 tgt tok/s;      8 s elapsed
Epoch  9,   100/  454; acc:  76.68; ppl:   2.81; 5717 src tok/s; 5953 tgt tok/s;     15 s elapsed
Epoch  9,   150/  454; acc:  78.20; ppl:   2.56; 5625 src tok/s; 5893 tgt tok/s;     21 s elapsed
Epoch  9,   200/  454; acc:  75.41; ppl:   2.93; 5645 src tok/s; 5829 tgt tok/s;     29 s elapsed
Epoch  9,   250/  454; acc:  76.88; ppl:   2.76; 5628 src tok/s; 5847 tgt tok/s;     37 s elapsed
Epoch  9,   300/  454; acc:  76.58; ppl:   2.78; 5676 src tok/s; 5905 tgt tok/s;     44 s elapsed
Epoch  9,   350/  454; acc:  76.04; ppl:   2.91; 5855 src tok/s; 6039 tgt tok/s;     52 s elapsed
Epoch  9,   400/  454; acc:  76.94; ppl:   2.72; 5866 src tok/s; 6132 tgt tok/s;     59 s elapsed
Epoch  9,   450/  454; acc:  76.83; ppl:   2.71; 5679 src tok/s; 5882 tgt tok/s;     66 s elapsed
Train perplexity: 2.78945
Train accuracy: 76.5705
Validation perplexity: 6.05131
Validation accuracy: 69.6679
Decaying learning rate to 0.25

Epoch 10,    50/  454; acc:  79.86; ppl:   2.34; 5637 src tok/s; 5853 tgt tok/s;      7 s elapsed
Epoch 10,   100/  454; acc:  80.70; ppl:   2.25; 5733 src tok/s; 5992 tgt tok/s;     15 s elapsed
Epoch 10,   150/  454; acc:  81.46; ppl:   2.15; 5720 src tok/s; 5974 tgt tok/s;     22 s elapsed
Epoch 10,   200/  454; acc:  79.07; ppl:   2.44; 5856 src tok/s; 6042 tgt tok/s;     29 s elapsed
Epoch 10,   250/  454; acc:  78.96; ppl:   2.47; 5715 src tok/s; 5887 tgt tok/s;     37 s elapsed
Epoch 10,   300/  454; acc:  80.93; ppl:   2.21; 5655 src tok/s; 5938 tgt tok/s;     44 s elapsed
Epoch 10,   350/  454; acc:  80.48; ppl:   2.26; 5727 src tok/s; 5958 tgt tok/s;     51 s elapsed
Epoch 10,   400/  454; acc:  79.45; ppl:   2.38; 5720 src tok/s; 5883 tgt tok/s;     59 s elapsed
Epoch 10,   450/  454; acc:  79.63; ppl:   2.37; 5630 src tok/s; 5824 tgt tok/s;     66 s elapsed
Train perplexity: 2.31806
Train accuracy: 80.044
Validation perplexity: 6.09191
Validation accuracy: 69.7034
Decaying learning rate to 0.125

Epoch 11,    50/  454; acc:  81.50; ppl:   2.18; 5756 src tok/s; 5972 tgt tok/s;      7 s elapsed
Epoch 11,   100/  454; acc:  83.04; ppl:   2.02; 5791 src tok/s; 6033 tgt tok/s;     14 s elapsed
Epoch 11,   150/  454; acc:  83.10; ppl:   2.01; 5690 src tok/s; 5947 tgt tok/s;     22 s elapsed
Epoch 11,   200/  454; acc:  81.48; ppl:   2.15; 5790 src tok/s; 5966 tgt tok/s;     29 s elapsed
Epoch 11,   250/  454; acc:  83.06; ppl:   2.00; 5805 src tok/s; 6031 tgt tok/s;     36 s elapsed
Epoch 11,   300/  454; acc:  81.11; ppl:   2.19; 5555 src tok/s; 5782 tgt tok/s;     44 s elapsed
Epoch 11,   350/  454; acc:  82.29; ppl:   2.07; 5662 src tok/s; 5877 tgt tok/s;     51 s elapsed
Epoch 11,   400/  454; acc:  81.51; ppl:   2.13; 5758 src tok/s; 5945 tgt tok/s;     59 s elapsed
Epoch 11,   450/  454; acc:  81.60; ppl:   2.17; 5687 src tok/s; 5879 tgt tok/s;     66 s elapsed
Train perplexity: 2.10011
Train accuracy: 82.0891
Validation perplexity: 6.17867
Validation accuracy: 69.8453
Decaying learning rate to 0.0625

Epoch 12,    50/  454; acc:  83.72; ppl:   1.96; 5770 src tok/s; 6002 tgt tok/s;      7 s elapsed
Epoch 12,   100/  454; acc:  83.06; ppl:   2.02; 5657 src tok/s; 5848 tgt tok/s;     15 s elapsed
Epoch 12,   150/  454; acc:  82.85; ppl:   2.06; 5765 src tok/s; 5971 tgt tok/s;     22 s elapsed
Epoch 12,   200/  454; acc:  84.09; ppl:   1.93; 5694 src tok/s; 5955 tgt tok/s;     29 s elapsed
Epoch 12,   250/  454; acc:  82.19; ppl:   2.08; 5744 src tok/s; 5933 tgt tok/s;     37 s elapsed
Epoch 12,   300/  454; acc:  83.24; ppl:   1.97; 5720 src tok/s; 5942 tgt tok/s;     44 s elapsed
Epoch 12,   350/  454; acc:  83.69; ppl:   1.95; 5795 src tok/s; 6020 tgt tok/s;     51 s elapsed
Epoch 12,   400/  454; acc:  82.68; ppl:   2.05; 5789 src tok/s; 5993 tgt tok/s;     58 s elapsed
Epoch 12,   450/  454; acc:  83.21; ppl:   2.00; 5636 src tok/s; 5868 tgt tok/s;     66 s elapsed
Train perplexity: 2.00232
Train accuracy: 83.189
Validation perplexity: 6.25889
Validation accuracy: 69.7318
Decaying learning rate to 0.03125

Epoch 13,    50/  454; acc:  83.33; ppl:   1.98; 5763 src tok/s; 5970 tgt tok/s;      7 s elapsed
Epoch 13,   100/  454; acc:  84.62; ppl:   1.86; 5791 src tok/s; 6016 tgt tok/s;     15 s elapsed
Epoch 13,   150/  454; acc:  83.35; ppl:   1.99; 5647 src tok/s; 5811 tgt tok/s;     22 s elapsed
Epoch 13,   200/  454; acc:  84.19; ppl:   1.90; 5611 src tok/s; 5869 tgt tok/s;     29 s elapsed
Epoch 13,   250/  454; acc:  83.64; ppl:   1.95; 5728 src tok/s; 5967 tgt tok/s;     37 s elapsed
Epoch 13,   300/  454; acc:  83.35; ppl:   1.99; 5819 src tok/s; 5988 tgt tok/s;     44 s elapsed
Epoch 13,   350/  454; acc:  82.87; ppl:   2.06; 5567 src tok/s; 5802 tgt tok/s;     52 s elapsed
Epoch 13,   400/  454; acc:  84.70; ppl:   1.87; 5864 src tok/s; 6085 tgt tok/s;     59 s elapsed
Epoch 13,   450/  454; acc:  83.60; ppl:   1.97; 5792 src tok/s; 6040 tgt tok/s;     66 s elapsed
Train perplexity: 1.95396
Train accuracy: 83.7034
Validation perplexity: 6.2972
Validation accuracy: 69.6892
Decaying learning rate to 0.015625

Epoch 14,    50/  454; acc:  83.64; ppl:   1.98; 5707 src tok/s; 5894 tgt tok/s;      7 s elapsed
Epoch 14,   100/  454; acc:  84.18; ppl:   1.91; 5682 src tok/s; 5892 tgt tok/s;     15 s elapsed
Epoch 14,   150/  454; acc:  84.08; ppl:   1.92; 5771 src tok/s; 5965 tgt tok/s;     22 s elapsed
Epoch 14,   200/  454; acc:  84.18; ppl:   1.90; 5609 src tok/s; 5856 tgt tok/s;     30 s elapsed
Epoch 14,   250/  454; acc:  83.83; ppl:   1.92; 5717 src tok/s; 5937 tgt tok/s;     37 s elapsed
Epoch 14,   300/  454; acc:  83.92; ppl:   1.92; 5660 src tok/s; 5872 tgt tok/s;     44 s elapsed
Epoch 14,   350/  454; acc:  84.04; ppl:   1.92; 5775 src tok/s; 6029 tgt tok/s;     51 s elapsed
Epoch 14,   400/  454; acc:  83.82; ppl:   1.94; 5738 src tok/s; 5945 tgt tok/s;     59 s elapsed
Epoch 14,   450/  454; acc:  84.26; ppl:   1.90; 5585 src tok/s; 5815 tgt tok/s;     66 s elapsed
Train perplexity: 1.92905
Train accuracy: 83.9293
Validation perplexity: 6.32131
Validation accuracy: 69.7176
Decaying learning rate to 0.0078125

Epoch 15,    50/  454; acc:  84.19; ppl:   1.94; 5728 src tok/s; 6001 tgt tok/s;      7 s elapsed
Epoch 15,   100/  454; acc:  84.37; ppl:   1.89; 5883 src tok/s; 6092 tgt tok/s;     14 s elapsed
Epoch 15,   150/  454; acc:  83.33; ppl:   1.96; 5696 src tok/s; 5917 tgt tok/s;     22 s elapsed
Epoch 15,   200/  454; acc:  84.18; ppl:   1.91; 5639 src tok/s; 5879 tgt tok/s;     29 s elapsed
Epoch 15,   250/  454; acc:  84.93; ppl:   1.84; 5761 src tok/s; 6008 tgt tok/s;     36 s elapsed
Epoch 15,   300/  454; acc:  83.68; ppl:   1.98; 5854 src tok/s; 6050 tgt tok/s;     44 s elapsed
Epoch 15,   350/  454; acc:  84.18; ppl:   1.90; 5699 src tok/s; 5873 tgt tok/s;     51 s elapsed
Epoch 15,   400/  454; acc:  83.77; ppl:   1.93; 5845 src tok/s; 6042 tgt tok/s;     58 s elapsed
Epoch 15,   450/  454; acc:  84.08; ppl:   1.93; 5741 src tok/s; 5950 tgt tok/s;     65 s elapsed
Train perplexity: 1.91966
Train accuracy: 84.0743
Validation perplexity: 6.33401
Validation accuracy: 69.7105
Decaying learning rate to 0.00390625

Epoch 16,    50/  454; acc:  84.14; ppl:   1.95; 5881 src tok/s; 6105 tgt tok/s;      7 s elapsed
Epoch 16,   100/  454; acc:  84.06; ppl:   1.90; 5718 src tok/s; 5922 tgt tok/s;     15 s elapsed
Epoch 16,   150/  454; acc:  84.38; ppl:   1.89; 5693 src tok/s; 5884 tgt tok/s;     22 s elapsed
Epoch 16,   200/  454; acc:  84.04; ppl:   1.92; 5529 src tok/s; 5761 tgt tok/s;     29 s elapsed
Epoch 16,   250/  454; acc:  83.90; ppl:   1.93; 5687 src tok/s; 5913 tgt tok/s;     37 s elapsed
Epoch 16,   300/  454; acc:  84.55; ppl:   1.89; 5708 src tok/s; 5922 tgt tok/s;     44 s elapsed
Epoch 16,   350/  454; acc:  83.45; ppl:   1.98; 5766 src tok/s; 5928 tgt tok/s;     52 s elapsed
Epoch 16,   400/  454; acc:  84.99; ppl:   1.84; 5689 src tok/s; 5947 tgt tok/s;     59 s elapsed
Epoch 16,   450/  454; acc:  84.39; ppl:   1.89; 5687 src tok/s; 5919 tgt tok/s;     66 s elapsed
Train perplexity: 1.91247
Train accuracy: 84.1809
Validation perplexity: 6.33676
Validation accuracy: 69.7389
Decaying learning rate to 0.00195312

Epoch 17,    50/  454; acc:  85.18; ppl:   1.84; 5769 src tok/s; 6003 tgt tok/s;      7 s elapsed
Epoch 17,   100/  454; acc:  83.48; ppl:   1.96; 5793 src tok/s; 5992 tgt tok/s;     14 s elapsed
Epoch 17,   150/  454; acc:  83.69; ppl:   1.98; 5659 src tok/s; 5855 tgt tok/s;     22 s elapsed
Epoch 17,   200/  454; acc:  85.14; ppl:   1.85; 5741 src tok/s; 5979 tgt tok/s;     29 s elapsed
Epoch 17,   250/  454; acc:  84.85; ppl:   1.87; 5823 src tok/s; 6051 tgt tok/s;     36 s elapsed
Epoch 17,   300/  454; acc:  83.46; ppl:   1.96; 5787 src tok/s; 5997 tgt tok/s;     44 s elapsed
Epoch 17,   350/  454; acc:  84.27; ppl:   1.92; 5820 src tok/s; 6005 tgt tok/s;     51 s elapsed
Epoch 17,   400/  454; acc:  84.18; ppl:   1.91; 5737 src tok/s; 5973 tgt tok/s;     58 s elapsed
Epoch 17,   450/  454; acc:  84.48; ppl:   1.92; 5648 src tok/s; 5883 tgt tok/s;     65 s elapsed
Train perplexity: 1.91079
Train accuracy: 84.3009
Validation perplexity: 6.34173
Validation accuracy: 69.6892
Decaying learning rate to 0.000976562
