<module 'opts' from '/u/suhubdyd/research/projects/jumble_lstm/code/auxiliary-nmt/opts.pyc'>
Namespace(batch_size=64, brnn=False, brnn_merge='concat', cnn_kernel_width=3, context_gate=None, copy_attn=False, copy_attn_force=False, coverage_attn=False, data='/data/lisatmp3/suhubdyd/multi30k.atok.low', dec_layers=1, decay_method='', decoder_type='rnn', dropout=0.3, enc_layers=2, encoder_type='rnn', epochs=17, exp='', exp_host='', feat_merge='concat', feat_vec_exponent=0.7, feat_vec_size=-1, fix_word_vecs_dec=False, fix_word_vecs_enc=False, global_attention='general', gpuid=[0], input_feed=1, kappa_dec=0.5, kappa_enc=0.5, lambda_coverage=1, layers=-1, learning_rate=1.0, learning_rate_decay=0.5, max_generator_batches=32, max_grad_norm=5, model_type='text', optim='sgd', param_init=0.1, position_encoding=False, pre_word_vecs_dec=None, pre_word_vecs_enc=None, report_every=50, rnn_size=500, rnn_type='LSTM', save_model='/data/lisatmp3/suhubdyd/models/seeds/encoder0.5decoder0.5dropout0.3wdropFalseseed4', seed=4, share_decoder_embeddings=False, share_embeddings=False, src_word_vec_size=500, start_checkpoint_at=0, start_decay_at=8, start_epoch=1, tgt_word_vec_size=500, train_from='', truncated_decoder=0, warmup_steps=4000, weightdropout=False, word_vec_size=-1)
('Using Kappa L2 loss on encoder', 0.5)
('Using Kappa L2 loss on decoder', 0.5)
Loading train and validate data from '/data/lisatmp3/suhubdyd/multi30k.atok.low'
 * number of training sentences: 29000
 * maximum batch size: 64
 * vocabulary size. source = 10841; target = 18563
Building model...
Intializing model parameters.
NMTModel (
  (encoder): RNNEncoder (
    (embeddings): Embeddings (
      (make_embedding): Sequential (
        (emb_luts): Elementwise (
          (0): Embedding(10841, 500, padding_idx=1)
        )
      )
    )
    (dropout): Dropout (p = 0.3)
    (rnn): LSTM(500, 500, dropout=0.3)
  )
  (decoder): InputFeedRNNDecoder (
    (embeddings): Embeddings (
      (make_embedding): Sequential (
        (emb_luts): Elementwise (
          (0): Embedding(18563, 500, padding_idx=1)
        )
      )
    )
    (dropout): Dropout (p = 0.3)
    (rnn): StackedLSTM (
      (dropout): Dropout (p = 0.3)
      (layers): ModuleList (
        (0): LSTMCell(1000, 500)
      )
    )
    (attn): GlobalAttention (
      (linear_in): Linear (500 -> 500)
      (linear_out): Linear (1000 -> 500)
      (sm): Softmax ()
      (tanh): Tanh ()
    )
  )
  (generator): Sequential (
    (0): Linear (500 -> 18563)
    (1): LogSoftmax ()
  )
)
* number of parameters: 29760063
('encoder: ', 7424500)
('decoder: ', 22335563)

Epoch  1,    50/  454; acc:   8.85; ppl: 13682.73; 5162 src tok/s; 5326 tgt tok/s;      9 s elapsed
Epoch  1,   100/  454; acc:  15.39; ppl: 1286.47; 5331 src tok/s; 5548 tgt tok/s;     16 s elapsed
Epoch  1,   150/  454; acc:  18.03; ppl: 571.39; 5295 src tok/s; 5519 tgt tok/s;     24 s elapsed
Epoch  1,   200/  454; acc:  20.89; ppl: 284.73; 5533 src tok/s; 5735 tgt tok/s;     32 s elapsed
Epoch  1,   250/  454; acc:  24.25; ppl: 173.62; 5622 src tok/s; 5802 tgt tok/s;     39 s elapsed
Epoch  1,   300/  454; acc:  28.16; ppl: 117.52; 5485 src tok/s; 5690 tgt tok/s;     47 s elapsed
Epoch  1,   350/  454; acc:  29.24; ppl:  97.19; 5444 src tok/s; 5671 tgt tok/s;     54 s elapsed
Epoch  1,   400/  454; acc:  31.33; ppl:  78.63; 5433 src tok/s; 5646 tgt tok/s;     62 s elapsed
Epoch  1,   450/  454; acc:  31.63; ppl:  75.22; 5189 src tok/s; 5382 tgt tok/s;     70 s elapsed
Train perplexity: 318.99
Train accuracy: 23.1464
Validation perplexity: 51.1203
Validation accuracy: 37.4628

Epoch  2,    50/  454; acc:  35.44; ppl:  55.17; 5501 src tok/s; 5678 tgt tok/s;      8 s elapsed
Epoch  2,   100/  454; acc:  38.71; ppl:  43.23; 5603 src tok/s; 5845 tgt tok/s;     15 s elapsed
Epoch  2,   150/  454; acc:  41.16; ppl:  38.19; 5444 src tok/s; 5674 tgt tok/s;     23 s elapsed
Epoch  2,   200/  454; acc:  42.85; ppl:  32.51; 5582 src tok/s; 5768 tgt tok/s;     30 s elapsed
Epoch  2,   250/  454; acc:  46.99; ppl:  25.44; 5139 src tok/s; 5373 tgt tok/s;     38 s elapsed
Epoch  2,   300/  454; acc:  45.54; ppl:  27.79; 5445 src tok/s; 5618 tgt tok/s;     46 s elapsed
Epoch  2,   350/  454; acc:  49.52; ppl:  21.37; 5412 src tok/s; 5639 tgt tok/s;     54 s elapsed
Epoch  2,   400/  454; acc:  50.32; ppl:  19.92; 5504 src tok/s; 5682 tgt tok/s;     62 s elapsed
Epoch  2,   450/  454; acc:  51.33; ppl:  19.16; 5428 src tok/s; 5633 tgt tok/s;     69 s elapsed
Train perplexity: 29.4196
Train accuracy: 44.7138
Validation perplexity: 16.0362
Validation accuracy: 53.8598

Epoch  3,    50/  454; acc:  54.37; ppl:  14.44; 5508 src tok/s; 5713 tgt tok/s;      7 s elapsed
Epoch  3,   100/  454; acc:  54.59; ppl:  14.52; 5488 src tok/s; 5639 tgt tok/s;     15 s elapsed
Epoch  3,   150/  454; acc:  55.57; ppl:  13.32; 5551 src tok/s; 5740 tgt tok/s;     23 s elapsed
Epoch  3,   200/  454; acc:  56.62; ppl:  12.88; 5370 src tok/s; 5621 tgt tok/s;     31 s elapsed
Epoch  3,   250/  454; acc:  57.20; ppl:  11.99; 5470 src tok/s; 5693 tgt tok/s;     38 s elapsed
Epoch  3,   300/  454; acc:  57.12; ppl:  12.33; 5491 src tok/s; 5676 tgt tok/s;     46 s elapsed
Epoch  3,   350/  454; acc:  56.61; ppl:  12.40; 5482 src tok/s; 5674 tgt tok/s;     54 s elapsed
Epoch  3,   400/  454; acc:  59.60; ppl:  10.59; 5310 src tok/s; 5575 tgt tok/s;     62 s elapsed
Epoch  3,   450/  454; acc:  59.26; ppl:  10.63; 5362 src tok/s; 5557 tgt tok/s;     69 s elapsed
Train perplexity: 12.5023
Train accuracy: 56.7505
Validation perplexity: 10.5528
Validation accuracy: 60.6215

Epoch  4,    50/  454; acc:  60.71; ppl:   8.72; 5493 src tok/s; 5633 tgt tok/s;      8 s elapsed
Epoch  4,   100/  454; acc:  62.77; ppl:   7.85; 5425 src tok/s; 5666 tgt tok/s;     15 s elapsed
Epoch  4,   150/  454; acc:  61.95; ppl:   8.40; 5507 src tok/s; 5718 tgt tok/s;     23 s elapsed
Epoch  4,   200/  454; acc:  61.97; ppl:   8.45; 5444 src tok/s; 5645 tgt tok/s;     31 s elapsed
Epoch  4,   250/  454; acc:  62.60; ppl:   8.10; 5491 src tok/s; 5711 tgt tok/s;     38 s elapsed
Epoch  4,   300/  454; acc:  61.90; ppl:   8.29; 5353 src tok/s; 5572 tgt tok/s;     46 s elapsed
Epoch  4,   350/  454; acc:  62.03; ppl:   8.25; 5501 src tok/s; 5725 tgt tok/s;     54 s elapsed
Epoch  4,   400/  454; acc:  62.48; ppl:   8.09; 5576 src tok/s; 5779 tgt tok/s;     61 s elapsed
Epoch  4,   450/  454; acc:  61.89; ppl:   8.38; 5425 src tok/s; 5638 tgt tok/s;     69 s elapsed
Train perplexity: 8.26732
Train accuracy: 62.0465
Validation perplexity: 8.09416
Validation accuracy: 64.3252

Epoch  5,    50/  454; acc:  65.64; ppl:   6.19; 5129 src tok/s; 5343 tgt tok/s;      8 s elapsed
Epoch  5,   100/  454; acc:  65.04; ppl:   6.38; 5621 src tok/s; 5813 tgt tok/s;     16 s elapsed
Epoch  5,   150/  454; acc:  65.47; ppl:   6.25; 5660 src tok/s; 5866 tgt tok/s;     23 s elapsed
Epoch  5,   200/  454; acc:  65.65; ppl:   6.24; 5670 src tok/s; 5886 tgt tok/s;     30 s elapsed
Epoch  5,   250/  454; acc:  65.11; ppl:   6.40; 5629 src tok/s; 5851 tgt tok/s;     38 s elapsed
Epoch  5,   300/  454; acc:  65.99; ppl:   6.09; 5640 src tok/s; 5850 tgt tok/s;     45 s elapsed
Epoch  5,   350/  454; acc:  64.51; ppl:   6.58; 5689 src tok/s; 5856 tgt tok/s;     53 s elapsed
Epoch  5,   400/  454; acc:  66.91; ppl:   5.82; 5169 src tok/s; 5425 tgt tok/s;     61 s elapsed
Epoch  5,   450/  454; acc:  64.94; ppl:   6.35; 5412 src tok/s; 5592 tgt tok/s;     69 s elapsed
Train perplexity: 6.25194
Train accuracy: 65.4726
Validation perplexity: 7.47161
Validation accuracy: 65.2476

Epoch  6,    50/  454; acc:  69.05; ppl:   4.76; 5520 src tok/s; 5736 tgt tok/s;      7 s elapsed
Epoch  6,   100/  454; acc:  68.06; ppl:   5.04; 5472 src tok/s; 5676 tgt tok/s;     15 s elapsed
Epoch  6,   150/  454; acc:  68.08; ppl:   4.99; 5528 src tok/s; 5750 tgt tok/s;     23 s elapsed
Epoch  6,   200/  454; acc:  67.76; ppl:   5.12; 5625 src tok/s; 5802 tgt tok/s;     30 s elapsed
Epoch  6,   250/  454; acc:  67.94; ppl:   5.10; 5681 src tok/s; 5894 tgt tok/s;     38 s elapsed
Epoch  6,   300/  454; acc:  68.43; ppl:   4.89; 5529 src tok/s; 5752 tgt tok/s;     45 s elapsed
Epoch  6,   350/  454; acc:  68.25; ppl:   4.99; 5430 src tok/s; 5646 tgt tok/s;     53 s elapsed
Epoch  6,   400/  454; acc:  66.77; ppl:   5.48; 5541 src tok/s; 5747 tgt tok/s;     61 s elapsed
Epoch  6,   450/  454; acc:  67.16; ppl:   5.34; 5517 src tok/s; 5726 tgt tok/s;     68 s elapsed
Train perplexity: 5.07507
Train accuracy: 67.9406
Validation perplexity: 6.98587
Validation accuracy: 66.1913

Epoch  7,    50/  454; acc:  70.21; ppl:   4.24; 5659 src tok/s; 5804 tgt tok/s;      8 s elapsed
Epoch  7,   100/  454; acc:  71.45; ppl:   3.94; 5588 src tok/s; 5846 tgt tok/s;     15 s elapsed
Epoch  7,   150/  454; acc:  70.11; ppl:   4.20; 5519 src tok/s; 5712 tgt tok/s;     23 s elapsed
Epoch  7,   200/  454; acc:  70.40; ppl:   4.22; 5520 src tok/s; 5755 tgt tok/s;     30 s elapsed
Epoch  7,   250/  454; acc:  68.79; ppl:   4.63; 5571 src tok/s; 5780 tgt tok/s;     38 s elapsed
Epoch  7,   300/  454; acc:  70.53; ppl:   4.08; 5572 src tok/s; 5790 tgt tok/s;     45 s elapsed
Epoch  7,   350/  454; acc:  68.81; ppl:   4.58; 5437 src tok/s; 5647 tgt tok/s;     53 s elapsed
Epoch  7,   400/  454; acc:  70.23; ppl:   4.19; 5589 src tok/s; 5800 tgt tok/s;     60 s elapsed
Epoch  7,   450/  454; acc:  69.07; ppl:   4.47; 5485 src tok/s; 5686 tgt tok/s;     68 s elapsed
Train perplexity: 4.27618
Train accuracy: 69.958
Validation perplexity: 6.64304
Validation accuracy: 67.142

Epoch  8,    50/  454; acc:  72.98; ppl:   3.48; 5516 src tok/s; 5728 tgt tok/s;      8 s elapsed
Epoch  8,   100/  454; acc:  72.38; ppl:   3.59; 5553 src tok/s; 5791 tgt tok/s;     15 s elapsed
Epoch  8,   150/  454; acc:  71.36; ppl:   3.76; 5466 src tok/s; 5702 tgt tok/s;     23 s elapsed
Epoch  8,   200/  454; acc:  72.25; ppl:   3.59; 5680 src tok/s; 5856 tgt tok/s;     30 s elapsed
Epoch  8,   250/  454; acc:  72.23; ppl:   3.59; 5426 src tok/s; 5657 tgt tok/s;     38 s elapsed
Epoch  8,   300/  454; acc:  70.59; ppl:   3.99; 5567 src tok/s; 5761 tgt tok/s;     45 s elapsed
Epoch  8,   350/  454; acc:  72.56; ppl:   3.57; 5561 src tok/s; 5781 tgt tok/s;     53 s elapsed
Epoch  8,   400/  454; acc:  70.64; ppl:   3.99; 5543 src tok/s; 5724 tgt tok/s;     61 s elapsed
Epoch  8,   450/  454; acc:  72.16; ppl:   3.71; 5460 src tok/s; 5689 tgt tok/s;     68 s elapsed
Train perplexity: 3.71395
Train accuracy: 71.8106
Validation perplexity: 6.43452
Validation accuracy: 67.3123
Decaying learning rate to 0.5

Epoch  9,    50/  454; acc:  75.94; ppl:   2.94; 5516 src tok/s; 5701 tgt tok/s;      8 s elapsed
Epoch  9,   100/  454; acc:  77.42; ppl:   2.67; 5499 src tok/s; 5727 tgt tok/s;     15 s elapsed
Epoch  9,   150/  454; acc:  76.24; ppl:   2.86; 5531 src tok/s; 5759 tgt tok/s;     23 s elapsed
Epoch  9,   200/  454; acc:  77.73; ppl:   2.62; 5647 src tok/s; 5865 tgt tok/s;     30 s elapsed
Epoch  9,   250/  454; acc:  76.02; ppl:   2.86; 5469 src tok/s; 5678 tgt tok/s;     38 s elapsed
Epoch  9,   300/  454; acc:  76.95; ppl:   2.74; 5559 src tok/s; 5776 tgt tok/s;     45 s elapsed
Epoch  9,   350/  454; acc:  76.50; ppl:   2.82; 5511 src tok/s; 5696 tgt tok/s;     53 s elapsed
Epoch  9,   400/  454; acc:  76.52; ppl:   2.78; 5717 src tok/s; 5949 tgt tok/s;     60 s elapsed
Epoch  9,   450/  454; acc:  76.04; ppl:   2.85; 5608 src tok/s; 5794 tgt tok/s;     68 s elapsed
Train perplexity: 2.79142
Train accuracy: 76.6055
Validation perplexity: 6.0886
Validation accuracy: 69.0294
Decaying learning rate to 0.25

Epoch 10,    50/  454; acc:  79.96; ppl:   2.35; 5636 src tok/s; 5827 tgt tok/s;      8 s elapsed
Epoch 10,   100/  454; acc:  80.76; ppl:   2.27; 5540 src tok/s; 5798 tgt tok/s;     15 s elapsed
Epoch 10,   150/  454; acc:  79.80; ppl:   2.37; 5506 src tok/s; 5734 tgt tok/s;     23 s elapsed
Epoch 10,   200/  454; acc:  80.02; ppl:   2.33; 5484 src tok/s; 5691 tgt tok/s;     30 s elapsed
Epoch 10,   250/  454; acc:  81.14; ppl:   2.19; 5530 src tok/s; 5762 tgt tok/s;     37 s elapsed
Epoch 10,   300/  454; acc:  79.27; ppl:   2.41; 5701 src tok/s; 5850 tgt tok/s;     45 s elapsed
Epoch 10,   350/  454; acc:  80.64; ppl:   2.24; 5448 src tok/s; 5667 tgt tok/s;     53 s elapsed
Epoch 10,   400/  454; acc:  79.73; ppl:   2.38; 5540 src tok/s; 5733 tgt tok/s;     61 s elapsed
Epoch 10,   450/  454; acc:  79.95; ppl:   2.33; 5527 src tok/s; 5733 tgt tok/s;     68 s elapsed
Train perplexity: 2.31922
Train accuracy: 80.1266
Validation perplexity: 6.05807
Validation accuracy: 69.5189
Decaying learning rate to 0.125

Epoch 11,    50/  454; acc:  82.32; ppl:   2.07; 5587 src tok/s; 5811 tgt tok/s;      7 s elapsed
Epoch 11,   100/  454; acc:  82.08; ppl:   2.12; 5617 src tok/s; 5807 tgt tok/s;     15 s elapsed
Epoch 11,   150/  454; acc:  81.77; ppl:   2.14; 5463 src tok/s; 5675 tgt tok/s;     23 s elapsed
Epoch 11,   200/  454; acc:  82.73; ppl:   2.04; 5514 src tok/s; 5782 tgt tok/s;     30 s elapsed
Epoch 11,   250/  454; acc:  81.21; ppl:   2.20; 5662 src tok/s; 5826 tgt tok/s;     38 s elapsed
Epoch 11,   300/  454; acc:  82.62; ppl:   2.06; 5599 src tok/s; 5803 tgt tok/s;     45 s elapsed
Epoch 11,   350/  454; acc:  82.06; ppl:   2.12; 5599 src tok/s; 5804 tgt tok/s;     53 s elapsed
Epoch 11,   400/  454; acc:  82.37; ppl:   2.08; 5562 src tok/s; 5783 tgt tok/s;     60 s elapsed
Epoch 11,   450/  454; acc:  81.92; ppl:   2.14; 5365 src tok/s; 5564 tgt tok/s;     68 s elapsed
Train perplexity: 2.10577
Train accuracy: 82.124
Validation perplexity: 6.19095
Validation accuracy: 69.7034
Decaying learning rate to 0.0625

Epoch 12,    50/  454; acc:  83.32; ppl:   2.03; 5443 src tok/s; 5675 tgt tok/s;      8 s elapsed
Epoch 12,   100/  454; acc:  83.16; ppl:   2.02; 5600 src tok/s; 5805 tgt tok/s;     15 s elapsed
Epoch 12,   150/  454; acc:  82.57; ppl:   2.05; 5674 src tok/s; 5838 tgt tok/s;     23 s elapsed
Epoch 12,   200/  454; acc:  83.89; ppl:   1.94; 5597 src tok/s; 5802 tgt tok/s;     30 s elapsed
Epoch 12,   250/  454; acc:  82.88; ppl:   2.02; 5649 src tok/s; 5841 tgt tok/s;     38 s elapsed
Epoch 12,   300/  454; acc:  84.03; ppl:   1.94; 5591 src tok/s; 5840 tgt tok/s;     45 s elapsed
Epoch 12,   350/  454; acc:  82.38; ppl:   2.11; 5501 src tok/s; 5667 tgt tok/s;     53 s elapsed
Epoch 12,   400/  454; acc:  83.93; ppl:   1.94; 5478 src tok/s; 5733 tgt tok/s;     60 s elapsed
Epoch 12,   450/  454; acc:  83.08; ppl:   2.02; 5410 src tok/s; 5629 tgt tok/s;     68 s elapsed
Train perplexity: 2.00648
Train accuracy: 83.2546
Validation perplexity: 6.26073
Validation accuracy: 69.7531
Decaying learning rate to 0.03125

Epoch 13,    50/  454; acc:  83.16; ppl:   2.01; 5606 src tok/s; 5803 tgt tok/s;      8 s elapsed
Epoch 13,   100/  454; acc:  84.05; ppl:   1.92; 5417 src tok/s; 5658 tgt tok/s;     15 s elapsed
Epoch 13,   150/  454; acc:  84.87; ppl:   1.83; 5471 src tok/s; 5702 tgt tok/s;     23 s elapsed
Epoch 13,   200/  454; acc:  82.98; ppl:   2.03; 5507 src tok/s; 5671 tgt tok/s;     31 s elapsed
Epoch 13,   250/  454; acc:  83.49; ppl:   1.99; 5621 src tok/s; 5826 tgt tok/s;     38 s elapsed
Epoch 13,   300/  454; acc:  83.88; ppl:   1.95; 5506 src tok/s; 5723 tgt tok/s;     46 s elapsed
Epoch 13,   350/  454; acc:  83.73; ppl:   1.94; 5467 src tok/s; 5681 tgt tok/s;     54 s elapsed
Epoch 13,   400/  454; acc:  83.57; ppl:   1.97; 5463 src tok/s; 5667 tgt tok/s;     61 s elapsed
Epoch 13,   450/  454; acc:  83.46; ppl:   1.98; 5428 src tok/s; 5631 tgt tok/s;     69 s elapsed
Train perplexity: 1.956
Train accuracy: 83.7044
Validation perplexity: 6.3113
Validation accuracy: 69.7105
Decaying learning rate to 0.015625

Epoch 14,    50/  454; acc:  83.55; ppl:   1.98; 5483 src tok/s; 5688 tgt tok/s;      8 s elapsed
Epoch 14,   100/  454; acc:  84.00; ppl:   1.92; 5592 src tok/s; 5790 tgt tok/s;     15 s elapsed
Epoch 14,   150/  454; acc:  83.62; ppl:   1.98; 5485 src tok/s; 5669 tgt tok/s;     23 s elapsed
Epoch 14,   200/  454; acc:  85.03; ppl:   1.85; 5424 src tok/s; 5653 tgt tok/s;     31 s elapsed
Epoch 14,   250/  454; acc:  84.89; ppl:   1.85; 5497 src tok/s; 5731 tgt tok/s;     38 s elapsed
Epoch 14,   300/  454; acc:  83.33; ppl:   2.00; 5566 src tok/s; 5737 tgt tok/s;     46 s elapsed
Epoch 14,   350/  454; acc:  83.47; ppl:   1.96; 5520 src tok/s; 5710 tgt tok/s;     54 s elapsed
Epoch 14,   400/  454; acc:  84.28; ppl:   1.92; 5331 src tok/s; 5588 tgt tok/s;     61 s elapsed
Epoch 14,   450/  454; acc:  83.56; ppl:   1.97; 5385 src tok/s; 5592 tgt tok/s;     69 s elapsed
Train perplexity: 1.93438
Train accuracy: 83.9759
Validation perplexity: 6.33929
Validation accuracy: 69.6183
Decaying learning rate to 0.0078125

Epoch 15,    50/  454; acc:  84.65; ppl:   1.86; 5506 src tok/s; 5751 tgt tok/s;      7 s elapsed
Epoch 15,   100/  454; acc:  83.85; ppl:   1.96; 5586 src tok/s; 5785 tgt tok/s;     15 s elapsed
Epoch 15,   150/  454; acc:  84.66; ppl:   1.88; 5481 src tok/s; 5729 tgt tok/s;     23 s elapsed
Epoch 15,   200/  454; acc:  83.44; ppl:   1.99; 5537 src tok/s; 5717 tgt tok/s;     30 s elapsed
Epoch 15,   250/  454; acc:  84.65; ppl:   1.86; 5523 src tok/s; 5763 tgt tok/s;     38 s elapsed
Epoch 15,   300/  454; acc:  83.00; ppl:   2.01; 5503 src tok/s; 5684 tgt tok/s;     46 s elapsed
Epoch 15,   350/  454; acc:  83.51; ppl:   1.96; 5479 src tok/s; 5653 tgt tok/s;     54 s elapsed
Epoch 15,   400/  454; acc:  84.69; ppl:   1.85; 5412 src tok/s; 5626 tgt tok/s;     61 s elapsed
Epoch 15,   450/  454; acc:  84.08; ppl:   1.91; 5509 src tok/s; 5707 tgt tok/s;     69 s elapsed
Train perplexity: 1.92082
Train accuracy: 84.0483
Validation perplexity: 6.34378
Validation accuracy: 69.6325
Decaying learning rate to 0.00390625

Epoch 16,    50/  454; acc:  83.24; ppl:   2.01; 5441 src tok/s; 5623 tgt tok/s;      8 s elapsed
Epoch 16,   100/  454; acc:  85.00; ppl:   1.86; 5439 src tok/s; 5677 tgt tok/s;     15 s elapsed
Epoch 16,   150/  454; acc:  84.42; ppl:   1.88; 5532 src tok/s; 5708 tgt tok/s;     23 s elapsed
Epoch 16,   200/  454; acc:  84.15; ppl:   1.93; 5343 src tok/s; 5588 tgt tok/s;     31 s elapsed
Epoch 16,   250/  454; acc:  84.24; ppl:   1.91; 5544 src tok/s; 5721 tgt tok/s;     39 s elapsed
Epoch 16,   300/  454; acc:  84.05; ppl:   1.92; 5391 src tok/s; 5608 tgt tok/s;     46 s elapsed
Epoch 16,   350/  454; acc:  84.00; ppl:   1.92; 5396 src tok/s; 5623 tgt tok/s;     54 s elapsed
Epoch 16,   400/  454; acc:  84.22; ppl:   1.91; 5560 src tok/s; 5741 tgt tok/s;     62 s elapsed
Epoch 16,   450/  454; acc:  84.17; ppl:   1.93; 5413 src tok/s; 5622 tgt tok/s;     69 s elapsed
Train perplexity: 1.9173
Train accuracy: 84.1622
Validation perplexity: 6.3499
Validation accuracy: 69.6041
Decaying learning rate to 0.00195312

Epoch 17,    50/  454; acc:  83.57; ppl:   1.99; 5493 src tok/s; 5677 tgt tok/s;      8 s elapsed
Epoch 17,   100/  454; acc:  84.99; ppl:   1.85; 5410 src tok/s; 5649 tgt tok/s;     15 s elapsed
Epoch 17,   150/  454; acc:  83.75; ppl:   1.95; 5344 src tok/s; 5526 tgt tok/s;     23 s elapsed
Epoch 17,   200/  454; acc:  84.77; ppl:   1.86; 5045 src tok/s; 5265 tgt tok/s;     31 s elapsed
Epoch 17,   250/  454; acc:  83.91; ppl:   1.93; 5667 src tok/s; 5855 tgt tok/s;     39 s elapsed
Epoch 17,   300/  454; acc:  84.49; ppl:   1.89; 5721 src tok/s; 5966 tgt tok/s;     46 s elapsed
Epoch 17,   350/  454; acc:  84.99; ppl:   1.83; 5629 src tok/s; 5904 tgt tok/s;     53 s elapsed
Epoch 17,   400/  454; acc:  83.33; ppl:   2.00; 5315 src tok/s; 5466 tgt tok/s;     62 s elapsed
Epoch 17,   450/  454; acc:  84.11; ppl:   1.92; 5442 src tok/s; 5627 tgt tok/s;     69 s elapsed
Train perplexity: 1.91344
Train accuracy: 84.2041
Validation perplexity: 6.35493
Validation accuracy: 69.6183
Decaying learning rate to 0.000976562
