<module 'opts' from '/u/suhubdyd/research/projects/jumble_lstm/code/auxiliary-nmt/opts.pyc'>
Namespace(batch_size=64, brnn=False, brnn_merge='concat', cnn_kernel_width=3, context_gate=None, copy_attn=False, copy_attn_force=False, coverage_attn=False, data='/data/lisatmp3/suhubdyd/multi30k.atok.low', dec_layers=1, decay_method='', decoder_type='rnn', dropout=0.3, enc_layers=2, encoder_type='rnn', epochs=17, exp='', exp_host='', feat_merge='concat', feat_vec_exponent=0.7, feat_vec_size=-1, fix_word_vecs_dec=False, fix_word_vecs_enc=False, global_attention='general', gpuid=[0], input_feed=1, kappa_dec=0.15, kappa_enc=0.05, lambda_coverage=1, layers=-1, learning_rate=1.0, learning_rate_decay=0.5, max_generator_batches=32, max_grad_norm=5, model_type='text', optim='sgd', param_init=0.1, position_encoding=False, pre_word_vecs_dec=None, pre_word_vecs_enc=None, report_every=50, rnn_size=500, rnn_type='LSTM', save_model='/data/lisatmp3/suhubdyd/models/encoder0.05decoder0.15dropout0.3wdropFalse', seed=-1, share_decoder_embeddings=False, share_embeddings=False, src_word_vec_size=500, start_checkpoint_at=0, start_decay_at=8, start_epoch=1, tgt_word_vec_size=500, train_from='', truncated_decoder=0, warmup_steps=4000, weightdropout=False, word_vec_size=-1)
('Using Kappa L2 loss on encoder', 0.05)
('Using Kappa L2 loss on decoder', 0.15)
Loading train and validate data from '/data/lisatmp3/suhubdyd/multi30k.atok.low'
 * number of training sentences: 29000
 * maximum batch size: 64
 * vocabulary size. source = 10841; target = 18563
Building model...
Intializing model parameters.
NMTModel (
  (encoder): RNNEncoder (
    (embeddings): Embeddings (
      (make_embedding): Sequential (
        (emb_luts): Elementwise (
          (0): Embedding(10841, 500, padding_idx=1)
        )
      )
    )
    (dropout): Dropout (p = 0.3)
    (rnn): LSTM(500, 500, dropout=0.3)
  )
  (decoder): InputFeedRNNDecoder (
    (embeddings): Embeddings (
      (make_embedding): Sequential (
        (emb_luts): Elementwise (
          (0): Embedding(18563, 500, padding_idx=1)
        )
      )
    )
    (dropout): Dropout (p = 0.3)
    (rnn): StackedLSTM (
      (dropout): Dropout (p = 0.3)
      (layers): ModuleList (
        (0): LSTMCell(1000, 500)
      )
    )
    (attn): GlobalAttention (
      (linear_in): Linear (500 -> 500)
      (linear_out): Linear (1000 -> 500)
      (sm): Softmax ()
      (tanh): Tanh ()
    )
  )
  (generator): Sequential (
    (0): Linear (500 -> 18563)
    (1): LogSoftmax ()
  )
)
* number of parameters: 29760063
('encoder: ', 7424500)
('decoder: ', 22335563)

Epoch  1,    50/  454; acc:   7.68; ppl: 21119.11; 4844 src tok/s; 5042 tgt tok/s;      8 s elapsed
Epoch  1,   100/  454; acc:  14.19; ppl: 1617.36; 5719 src tok/s; 5928 tgt tok/s;     16 s elapsed
Epoch  1,   150/  454; acc:  17.73; ppl: 598.23; 5673 src tok/s; 5920 tgt tok/s;     23 s elapsed
Epoch  1,   200/  454; acc:  20.45; ppl: 305.73; 5813 src tok/s; 6018 tgt tok/s;     30 s elapsed
Epoch  1,   250/  454; acc:  24.72; ppl: 172.95; 5779 src tok/s; 5963 tgt tok/s;     38 s elapsed
Epoch  1,   300/  454; acc:  28.01; ppl: 119.58; 5751 src tok/s; 5991 tgt tok/s;     45 s elapsed
Epoch  1,   350/  454; acc:  29.64; ppl:  99.39; 5727 src tok/s; 5955 tgt tok/s;     52 s elapsed
Epoch  1,   400/  454; acc:  31.24; ppl:  80.78; 5567 src tok/s; 5768 tgt tok/s;     60 s elapsed
Epoch  1,   450/  454; acc:  33.30; ppl:  68.38; 5421 src tok/s; 5628 tgt tok/s;     67 s elapsed
Train perplexity: 339.397
Train accuracy: 23.0575
Validation perplexity: 59.7003
Validation accuracy: 34.0712

Epoch  2,    50/  454; acc:  35.19; ppl:  56.25; 5618 src tok/s; 5821 tgt tok/s;      7 s elapsed
Epoch  2,   100/  454; acc:  37.02; ppl:  48.70; 5551 src tok/s; 5768 tgt tok/s;     15 s elapsed
Epoch  2,   150/  454; acc:  39.75; ppl:  40.27; 5522 src tok/s; 5742 tgt tok/s;     23 s elapsed
Epoch  2,   200/  454; acc:  42.39; ppl:  34.14; 5567 src tok/s; 5773 tgt tok/s;     30 s elapsed
Epoch  2,   250/  454; acc:  43.27; ppl:  31.88; 5543 src tok/s; 5709 tgt tok/s;     38 s elapsed
Epoch  2,   300/  454; acc:  47.02; ppl:  24.98; 5629 src tok/s; 5855 tgt tok/s;     45 s elapsed
Epoch  2,   350/  454; acc:  48.56; ppl:  23.03; 5540 src tok/s; 5753 tgt tok/s;     53 s elapsed
Epoch  2,   400/  454; acc:  49.32; ppl:  21.24; 5528 src tok/s; 5744 tgt tok/s;     60 s elapsed
Epoch  2,   450/  454; acc:  50.74; ppl:  19.62; 5414 src tok/s; 5621 tgt tok/s;     68 s elapsed
Train perplexity: 31.1047
Train accuracy: 43.7829
Validation perplexity: 16.2277
Validation accuracy: 54.2287

Epoch  3,    50/  454; acc:  53.31; ppl:  15.45; 5596 src tok/s; 5761 tgt tok/s;      8 s elapsed
Epoch  3,   100/  454; acc:  54.30; ppl:  14.56; 5434 src tok/s; 5660 tgt tok/s;     15 s elapsed
Epoch  3,   150/  454; acc:  55.34; ppl:  13.63; 5287 src tok/s; 5533 tgt tok/s;     23 s elapsed
Epoch  3,   200/  454; acc:  55.52; ppl:  13.64; 5367 src tok/s; 5591 tgt tok/s;     31 s elapsed
Epoch  3,   250/  454; acc:  55.86; ppl:  13.39; 5612 src tok/s; 5793 tgt tok/s;     38 s elapsed
Epoch  3,   300/  454; acc:  57.59; ppl:  11.78; 5581 src tok/s; 5809 tgt tok/s;     46 s elapsed
Epoch  3,   350/  454; acc:  57.40; ppl:  11.96; 5526 src tok/s; 5708 tgt tok/s;     54 s elapsed
Epoch  3,   400/  454; acc:  58.12; ppl:  11.41; 5570 src tok/s; 5806 tgt tok/s;     61 s elapsed
Epoch  3,   450/  454; acc:  58.67; ppl:  10.81; 5489 src tok/s; 5692 tgt tok/s;     68 s elapsed
Train perplexity: 12.8858
Train accuracy: 56.2148
Validation perplexity: 10.8929
Validation accuracy: 59.4224

Epoch  4,    50/  454; acc:  62.28; ppl:   8.34; 5564 src tok/s; 5816 tgt tok/s;      7 s elapsed
Epoch  4,   100/  454; acc:  60.40; ppl:   9.32; 5684 src tok/s; 5865 tgt tok/s;     15 s elapsed
Epoch  4,   150/  454; acc:  61.11; ppl:   8.92; 5578 src tok/s; 5755 tgt tok/s;     23 s elapsed
Epoch  4,   200/  454; acc:  62.35; ppl:   8.13; 5384 src tok/s; 5602 tgt tok/s;     30 s elapsed
Epoch  4,   250/  454; acc:  61.28; ppl:   8.72; 5642 src tok/s; 5850 tgt tok/s;     38 s elapsed
Epoch  4,   300/  454; acc:  62.01; ppl:   8.26; 5597 src tok/s; 5826 tgt tok/s;     45 s elapsed
Epoch  4,   350/  454; acc:  61.40; ppl:   8.67; 5689 src tok/s; 5871 tgt tok/s;     53 s elapsed
Epoch  4,   400/  454; acc:  63.87; ppl:   7.41; 5584 src tok/s; 5823 tgt tok/s;     60 s elapsed
Epoch  4,   450/  454; acc:  63.16; ppl:   7.57; 5480 src tok/s; 5700 tgt tok/s;     67 s elapsed
Train perplexity: 8.38459
Train accuracy: 61.9262
Validation perplexity: 8.13363
Validation accuracy: 63.8357

Epoch  5,    50/  454; acc:  64.64; ppl:   6.62; 5613 src tok/s; 5827 tgt tok/s;      8 s elapsed
Epoch  5,   100/  454; acc:  65.99; ppl:   6.06; 5698 src tok/s; 5956 tgt tok/s;     15 s elapsed
Epoch  5,   150/  454; acc:  65.04; ppl:   6.50; 5593 src tok/s; 5799 tgt tok/s;     23 s elapsed
Epoch  5,   200/  454; acc:  65.64; ppl:   6.17; 5669 src tok/s; 5907 tgt tok/s;     30 s elapsed
Epoch  5,   250/  454; acc:  65.13; ppl:   6.31; 5514 src tok/s; 5723 tgt tok/s;     37 s elapsed
Epoch  5,   300/  454; acc:  66.12; ppl:   6.09; 5604 src tok/s; 5808 tgt tok/s;     45 s elapsed
Epoch  5,   350/  454; acc:  65.31; ppl:   6.29; 5526 src tok/s; 5764 tgt tok/s;     52 s elapsed
Epoch  5,   400/  454; acc:  64.39; ppl:   6.68; 5722 src tok/s; 5904 tgt tok/s;     60 s elapsed
Epoch  5,   450/  454; acc:  65.39; ppl:   6.21; 5582 src tok/s; 5755 tgt tok/s;     67 s elapsed
Train perplexity: 6.33355
Train accuracy: 65.262
Validation perplexity: 7.17016
Validation accuracy: 65.2263

Epoch  6,    50/  454; acc:  69.15; ppl:   4.72; 5624 src tok/s; 5847 tgt tok/s;      7 s elapsed
Epoch  6,   100/  454; acc:  68.05; ppl:   5.14; 5760 src tok/s; 5952 tgt tok/s;     15 s elapsed
Epoch  6,   150/  454; acc:  67.75; ppl:   5.17; 5673 src tok/s; 5874 tgt tok/s;     22 s elapsed
Epoch  6,   200/  454; acc:  68.43; ppl:   4.97; 5567 src tok/s; 5805 tgt tok/s;     30 s elapsed
Epoch  6,   250/  454; acc:  67.82; ppl:   5.06; 5634 src tok/s; 5863 tgt tok/s;     37 s elapsed
Epoch  6,   300/  454; acc:  68.07; ppl:   5.07; 5522 src tok/s; 5721 tgt tok/s;     45 s elapsed
Epoch  6,   350/  454; acc:  66.40; ppl:   5.60; 5651 src tok/s; 5814 tgt tok/s;     53 s elapsed
Epoch  6,   400/  454; acc:  68.73; ppl:   4.87; 5597 src tok/s; 5857 tgt tok/s;     60 s elapsed
Epoch  6,   450/  454; acc:  67.12; ppl:   5.36; 5467 src tok/s; 5667 tgt tok/s;     67 s elapsed
Train perplexity: 5.09919
Train accuracy: 67.9552
Validation perplexity: 6.80674
Validation accuracy: 65.8791

Epoch  7,    50/  454; acc:  70.64; ppl:   4.20; 5611 src tok/s; 5802 tgt tok/s;      7 s elapsed
Epoch  7,   100/  454; acc:  70.88; ppl:   4.06; 5614 src tok/s; 5825 tgt tok/s;     15 s elapsed
Epoch  7,   150/  454; acc:  69.82; ppl:   4.37; 5585 src tok/s; 5778 tgt tok/s;     23 s elapsed
Epoch  7,   200/  454; acc:  70.73; ppl:   4.14; 5602 src tok/s; 5862 tgt tok/s;     30 s elapsed
Epoch  7,   250/  454; acc:  69.30; ppl:   4.43; 5574 src tok/s; 5787 tgt tok/s;     38 s elapsed
Epoch  7,   300/  454; acc:  70.30; ppl:   4.33; 5663 src tok/s; 5868 tgt tok/s;     45 s elapsed
Epoch  7,   350/  454; acc:  70.38; ppl:   4.17; 5679 src tok/s; 5922 tgt tok/s;     52 s elapsed
Epoch  7,   400/  454; acc:  68.81; ppl:   4.68; 5567 src tok/s; 5772 tgt tok/s;     60 s elapsed
Epoch  7,   450/  454; acc:  69.98; ppl:   4.38; 5573 src tok/s; 5774 tgt tok/s;     68 s elapsed
Train perplexity: 4.31225
Train accuracy: 70.0586
Validation perplexity: 6.60829
Validation accuracy: 66.6738

Epoch  8,    50/  454; acc:  73.52; ppl:   3.39; 5681 src tok/s; 5900 tgt tok/s;      7 s elapsed
Epoch  8,   100/  454; acc:  71.30; ppl:   3.82; 5596 src tok/s; 5819 tgt tok/s;     15 s elapsed
Epoch  8,   150/  454; acc:  73.61; ppl:   3.30; 5613 src tok/s; 5910 tgt tok/s;     22 s elapsed
Epoch  8,   200/  454; acc:  70.72; ppl:   3.97; 5550 src tok/s; 5675 tgt tok/s;     30 s elapsed
Epoch  8,   250/  454; acc:  71.23; ppl:   3.87; 5752 src tok/s; 5942 tgt tok/s;     37 s elapsed
Epoch  8,   300/  454; acc:  72.22; ppl:   3.62; 5615 src tok/s; 5862 tgt tok/s;     45 s elapsed
Epoch  8,   350/  454; acc:  70.88; ppl:   3.93; 5588 src tok/s; 5751 tgt tok/s;     52 s elapsed
Epoch  8,   400/  454; acc:  71.59; ppl:   3.79; 5594 src tok/s; 5842 tgt tok/s;     60 s elapsed
Epoch  8,   450/  454; acc:  70.73; ppl:   3.94; 5523 src tok/s; 5733 tgt tok/s;     67 s elapsed
Train perplexity: 3.73349
Train accuracy: 71.7429
Validation perplexity: 6.56174
Validation accuracy: 67.2556
Decaying learning rate to 0.5

Epoch  9,    50/  454; acc:  77.30; ppl:   2.69; 5635 src tok/s; 5905 tgt tok/s;      7 s elapsed
Epoch  9,   100/  454; acc:  75.40; ppl:   3.00; 5715 src tok/s; 5903 tgt tok/s;     15 s elapsed
Epoch  9,   150/  454; acc:  76.75; ppl:   2.75; 5654 src tok/s; 5815 tgt tok/s;     23 s elapsed
Epoch  9,   200/  454; acc:  76.65; ppl:   2.79; 5585 src tok/s; 5827 tgt tok/s;     30 s elapsed
Epoch  9,   250/  454; acc:  76.81; ppl:   2.75; 5646 src tok/s; 5834 tgt tok/s;     37 s elapsed
Epoch  9,   300/  454; acc:  76.54; ppl:   2.84; 5711 src tok/s; 5919 tgt tok/s;     44 s elapsed
Epoch  9,   350/  454; acc:  76.39; ppl:   2.79; 5714 src tok/s; 5945 tgt tok/s;     52 s elapsed
Epoch  9,   400/  454; acc:  76.47; ppl:   2.85; 5486 src tok/s; 5713 tgt tok/s;     59 s elapsed
Epoch  9,   450/  454; acc:  76.52; ppl:   2.83; 5473 src tok/s; 5674 tgt tok/s;     67 s elapsed
Train perplexity: 2.80996
Train accuracy: 76.5256
Validation perplexity: 5.98612
Validation accuracy: 69.2209
Decaying learning rate to 0.25

Epoch 10,    50/  454; acc:  80.71; ppl:   2.28; 5637 src tok/s; 5866 tgt tok/s;      7 s elapsed
Epoch 10,   100/  454; acc:  79.96; ppl:   2.36; 5667 src tok/s; 5879 tgt tok/s;     15 s elapsed
Epoch 10,   150/  454; acc:  80.37; ppl:   2.30; 5702 src tok/s; 5903 tgt tok/s;     22 s elapsed
Epoch 10,   200/  454; acc:  79.98; ppl:   2.35; 5459 src tok/s; 5670 tgt tok/s;     30 s elapsed
Epoch 10,   250/  454; acc:  80.92; ppl:   2.23; 5544 src tok/s; 5805 tgt tok/s;     37 s elapsed
Epoch 10,   300/  454; acc:  79.37; ppl:   2.40; 5631 src tok/s; 5812 tgt tok/s;     45 s elapsed
Epoch 10,   350/  454; acc:  79.88; ppl:   2.37; 5525 src tok/s; 5701 tgt tok/s;     53 s elapsed
Epoch 10,   400/  454; acc:  79.67; ppl:   2.35; 5691 src tok/s; 5911 tgt tok/s;     60 s elapsed
Epoch 10,   450/  454; acc:  79.53; ppl:   2.42; 5606 src tok/s; 5823 tgt tok/s;     67 s elapsed
Train perplexity: 2.3385
Train accuracy: 80.0429
Validation perplexity: 6.01102
Validation accuracy: 69.6325
Decaying learning rate to 0.125

Epoch 11,    50/  454; acc:  82.27; ppl:   2.12; 5587 src tok/s; 5785 tgt tok/s;      8 s elapsed
Epoch 11,   100/  454; acc:  82.38; ppl:   2.08; 5699 src tok/s; 5924 tgt tok/s;     15 s elapsed
Epoch 11,   150/  454; acc:  82.43; ppl:   2.09; 5605 src tok/s; 5799 tgt tok/s;     22 s elapsed
Epoch 11,   200/  454; acc:  81.96; ppl:   2.11; 5624 src tok/s; 5848 tgt tok/s;     30 s elapsed
Epoch 11,   250/  454; acc:  82.92; ppl:   2.04; 5735 src tok/s; 5958 tgt tok/s;     37 s elapsed
Epoch 11,   300/  454; acc:  81.51; ppl:   2.16; 5600 src tok/s; 5804 tgt tok/s;     45 s elapsed
Epoch 11,   350/  454; acc:  81.92; ppl:   2.12; 5634 src tok/s; 5839 tgt tok/s;     52 s elapsed
Epoch 11,   400/  454; acc:  81.61; ppl:   2.16; 5588 src tok/s; 5805 tgt tok/s;     60 s elapsed
Epoch 11,   450/  454; acc:  81.62; ppl:   2.16; 5488 src tok/s; 5704 tgt tok/s;     67 s elapsed
Train perplexity: 2.11728
Train accuracy: 82.0636
Validation perplexity: 6.14737
Validation accuracy: 69.7247
Decaying learning rate to 0.0625

Epoch 12,    50/  454; acc:  83.55; ppl:   1.97; 5623 src tok/s; 5846 tgt tok/s;      7 s elapsed
Epoch 12,   100/  454; acc:  83.20; ppl:   2.02; 5679 src tok/s; 5886 tgt tok/s;     15 s elapsed
Epoch 12,   150/  454; acc:  83.49; ppl:   1.98; 5699 src tok/s; 5862 tgt tok/s;     22 s elapsed
Epoch 12,   200/  454; acc:  83.12; ppl:   2.00; 5503 src tok/s; 5728 tgt tok/s;     30 s elapsed
Epoch 12,   250/  454; acc:  82.61; ppl:   2.05; 5584 src tok/s; 5795 tgt tok/s;     38 s elapsed
Epoch 12,   300/  454; acc:  83.48; ppl:   1.97; 5593 src tok/s; 5837 tgt tok/s;     45 s elapsed
Epoch 12,   350/  454; acc:  83.50; ppl:   1.98; 5610 src tok/s; 5863 tgt tok/s;     52 s elapsed
Epoch 12,   400/  454; acc:  81.94; ppl:   2.12; 5637 src tok/s; 5822 tgt tok/s;     60 s elapsed
Epoch 12,   450/  454; acc:  82.97; ppl:   2.05; 5518 src tok/s; 5711 tgt tok/s;     67 s elapsed
Train perplexity: 2.01481
Train accuracy: 83.1101
Validation perplexity: 6.18705
Validation accuracy: 69.6963
Decaying learning rate to 0.03125

Epoch 13,    50/  454; acc:  83.21; ppl:   2.01; 5660 src tok/s; 5875 tgt tok/s;      8 s elapsed
Epoch 13,   100/  454; acc:  84.06; ppl:   1.93; 5708 src tok/s; 5963 tgt tok/s;     15 s elapsed
Epoch 13,   150/  454; acc:  83.07; ppl:   2.04; 5525 src tok/s; 5723 tgt tok/s;     22 s elapsed
Epoch 13,   200/  454; acc:  83.95; ppl:   1.94; 5552 src tok/s; 5778 tgt tok/s;     30 s elapsed
Epoch 13,   250/  454; acc:  83.73; ppl:   1.95; 5594 src tok/s; 5802 tgt tok/s;     37 s elapsed
Epoch 13,   300/  454; acc:  84.22; ppl:   1.95; 5600 src tok/s; 5795 tgt tok/s;     45 s elapsed
Epoch 13,   350/  454; acc:  84.41; ppl:   1.89; 5648 src tok/s; 5891 tgt tok/s;     52 s elapsed
Epoch 13,   400/  454; acc:  83.20; ppl:   2.02; 5686 src tok/s; 5845 tgt tok/s;     60 s elapsed
Epoch 13,   450/  454; acc:  83.71; ppl:   1.96; 5570 src tok/s; 5793 tgt tok/s;     67 s elapsed
Train perplexity: 1.96772
Train accuracy: 83.6953
Validation perplexity: 6.23792
Validation accuracy: 69.5686
Decaying learning rate to 0.015625

Epoch 14,    50/  454; acc:  84.69; ppl:   1.86; 5590 src tok/s; 5836 tgt tok/s;      7 s elapsed
Epoch 14,   100/  454; acc:  82.98; ppl:   2.04; 5675 src tok/s; 5817 tgt tok/s;     15 s elapsed
Epoch 14,   150/  454; acc:  83.04; ppl:   2.00; 5639 src tok/s; 5853 tgt tok/s;     23 s elapsed
Epoch 14,   200/  454; acc:  84.31; ppl:   1.90; 5557 src tok/s; 5786 tgt tok/s;     30 s elapsed
Epoch 14,   250/  454; acc:  83.28; ppl:   1.99; 5596 src tok/s; 5774 tgt tok/s;     38 s elapsed
Epoch 14,   300/  454; acc:  84.51; ppl:   1.86; 5577 src tok/s; 5817 tgt tok/s;     45 s elapsed
Epoch 14,   350/  454; acc:  84.04; ppl:   1.93; 5689 src tok/s; 5942 tgt tok/s;     52 s elapsed
Epoch 14,   400/  454; acc:  83.56; ppl:   1.96; 5697 src tok/s; 5885 tgt tok/s;     60 s elapsed
Epoch 14,   450/  454; acc:  84.25; ppl:   1.90; 5600 src tok/s; 5832 tgt tok/s;     67 s elapsed
Train perplexity: 1.94178
Train accuracy: 83.7988
Validation perplexity: 6.25455
Validation accuracy: 69.6325
Decaying learning rate to 0.0078125

Epoch 15,    50/  454; acc:  83.65; ppl:   1.98; 5709 src tok/s; 5904 tgt tok/s;      8 s elapsed
Epoch 15,   100/  454; acc:  84.65; ppl:   1.88; 5745 src tok/s; 5985 tgt tok/s;     15 s elapsed
Epoch 15,   150/  454; acc:  83.85; ppl:   1.97; 5637 src tok/s; 5843 tgt tok/s;     22 s elapsed
Epoch 15,   200/  454; acc:  83.99; ppl:   1.93; 5606 src tok/s; 5813 tgt tok/s;     30 s elapsed
Epoch 15,   250/  454; acc:  84.18; ppl:   1.94; 5613 src tok/s; 5820 tgt tok/s;     37 s elapsed
Epoch 15,   300/  454; acc:  84.22; ppl:   1.92; 5631 src tok/s; 5822 tgt tok/s;     45 s elapsed
Epoch 15,   350/  454; acc:  85.33; ppl:   1.81; 5513 src tok/s; 5786 tgt tok/s;     52 s elapsed
Epoch 15,   400/  454; acc:  83.14; ppl:   2.02; 5727 src tok/s; 5906 tgt tok/s;     59 s elapsed
Epoch 15,   450/  454; acc:  83.91; ppl:   1.92; 5466 src tok/s; 5692 tgt tok/s;     67 s elapsed
Train perplexity: 1.9303
Train accuracy: 84.0879
Validation perplexity: 6.26739
Validation accuracy: 69.6608
Decaying learning rate to 0.00390625

Epoch 16,    50/  454; acc:  85.15; ppl:   1.81; 5471 src tok/s; 5729 tgt tok/s;      7 s elapsed
Epoch 16,   100/  454; acc:  82.99; ppl:   2.03; 5719 src tok/s; 5891 tgt tok/s;     15 s elapsed
Epoch 16,   150/  454; acc:  83.12; ppl:   2.02; 5590 src tok/s; 5779 tgt tok/s;     23 s elapsed
Epoch 16,   200/  454; acc:  84.92; ppl:   1.84; 5686 src tok/s; 5920 tgt tok/s;     30 s elapsed
Epoch 16,   250/  454; acc:  84.04; ppl:   1.93; 5503 src tok/s; 5713 tgt tok/s;     37 s elapsed
Epoch 16,   300/  454; acc:  84.03; ppl:   1.94; 5665 src tok/s; 5903 tgt tok/s;     45 s elapsed
Epoch 16,   350/  454; acc:  84.81; ppl:   1.87; 5636 src tok/s; 5878 tgt tok/s;     52 s elapsed
Epoch 16,   400/  454; acc:  83.97; ppl:   1.96; 5697 src tok/s; 5850 tgt tok/s;     60 s elapsed
Epoch 16,   450/  454; acc:  84.43; ppl:   1.91; 5470 src tok/s; 5701 tgt tok/s;     67 s elapsed
Train perplexity: 1.92495
Train accuracy: 84.1145
Validation perplexity: 6.27228
Validation accuracy: 69.6112
Decaying learning rate to 0.00195312

Epoch 17,    50/  454; acc:  84.04; ppl:   1.95; 5659 src tok/s; 5873 tgt tok/s;      8 s elapsed
Epoch 17,   100/  454; acc:  84.04; ppl:   1.93; 5660 src tok/s; 5884 tgt tok/s;     15 s elapsed
Epoch 17,   150/  454; acc:  83.32; ppl:   1.99; 5559 src tok/s; 5758 tgt tok/s;     23 s elapsed
Epoch 17,   200/  454; acc:  84.98; ppl:   1.84; 5650 src tok/s; 5899 tgt tok/s;     30 s elapsed
Epoch 17,   250/  454; acc:  85.02; ppl:   1.85; 5503 src tok/s; 5757 tgt tok/s;     37 s elapsed
Epoch 17,   300/  454; acc:  83.41; ppl:   1.99; 5523 src tok/s; 5704 tgt tok/s;     45 s elapsed
Epoch 17,   350/  454; acc:  85.02; ppl:   1.84; 5712 src tok/s; 5941 tgt tok/s;     52 s elapsed
Epoch 17,   400/  454; acc:  83.27; ppl:   2.02; 5646 src tok/s; 5833 tgt tok/s;     60 s elapsed
Epoch 17,   450/  454; acc:  84.13; ppl:   1.93; 5596 src tok/s; 5777 tgt tok/s;     67 s elapsed
Train perplexity: 1.92299
Train accuracy: 84.1363
Validation perplexity: 6.27544
Validation accuracy: 69.6254
Decaying learning rate to 0.000976562
