<module 'opts' from '/u/suhubdyd/research/projects/jumble_lstm/code/auxiliary-nmt/opts.pyc'>
Namespace(batch_size=64, brnn=False, brnn_merge='concat', cnn_kernel_width=3, context_gate=None, copy_attn=False, copy_attn_force=False, coverage_attn=False, data='/data/lisatmp3/suhubdyd/multi30k.atok.low', dec_layers=1, decay_method='', decoder_type='rnn', dropout=0.3, enc_layers=2, encoder_type='rnn', epochs=17, exp='', exp_host='', feat_merge='concat', feat_vec_exponent=0.7, feat_vec_size=-1, fix_word_vecs_dec=False, fix_word_vecs_enc=False, global_attention='general', gpuid=[0], input_feed=1, kappa_dec=0.25, kappa_enc=0.05, lambda_coverage=1, layers=-1, learning_rate=1.0, learning_rate_decay=0.5, max_generator_batches=32, max_grad_norm=5, model_type='text', optim='sgd', param_init=0.1, position_encoding=False, pre_word_vecs_dec=None, pre_word_vecs_enc=None, report_every=50, rnn_size=500, rnn_type='LSTM', save_model='/data/lisatmp3/suhubdyd/models/encoder0.05decoder0.25dropout0.3wdropFalse', seed=-1, share_decoder_embeddings=False, share_embeddings=False, src_word_vec_size=500, start_checkpoint_at=0, start_decay_at=8, start_epoch=1, tgt_word_vec_size=500, train_from='', truncated_decoder=0, warmup_steps=4000, weightdropout=False, word_vec_size=-1)
('Using Kappa L2 loss on encoder', 0.05)
('Using Kappa L2 loss on decoder', 0.25)
Loading train and validate data from '/data/lisatmp3/suhubdyd/multi30k.atok.low'
 * number of training sentences: 29000
 * maximum batch size: 64
 * vocabulary size. source = 10841; target = 18563
Building model...
Intializing model parameters.
NMTModel (
  (encoder): RNNEncoder (
    (embeddings): Embeddings (
      (make_embedding): Sequential (
        (emb_luts): Elementwise (
          (0): Embedding(10841, 500, padding_idx=1)
        )
      )
    )
    (dropout): Dropout (p = 0.3)
    (rnn): LSTM(500, 500, dropout=0.3)
  )
  (decoder): InputFeedRNNDecoder (
    (embeddings): Embeddings (
      (make_embedding): Sequential (
        (emb_luts): Elementwise (
          (0): Embedding(18563, 500, padding_idx=1)
        )
      )
    )
    (dropout): Dropout (p = 0.3)
    (rnn): StackedLSTM (
      (dropout): Dropout (p = 0.3)
      (layers): ModuleList (
        (0): LSTMCell(1000, 500)
      )
    )
    (attn): GlobalAttention (
      (linear_in): Linear (500 -> 500)
      (linear_out): Linear (1000 -> 500)
      (sm): Softmax ()
      (tanh): Tanh ()
    )
  )
  (generator): Sequential (
    (0): Linear (500 -> 18563)
    (1): LogSoftmax ()
  )
)
* number of parameters: 29760063
('encoder: ', 7424500)
('decoder: ', 22335563)

Epoch  1,    50/  454; acc:   8.79; ppl: 20248.99; 3303 src tok/s; 3412 tgt tok/s;     13 s elapsed
Epoch  1,   100/  454; acc:  15.12; ppl: 1286.54; 3518 src tok/s; 3651 tgt tok/s;     25 s elapsed
Epoch  1,   150/  454; acc:  18.48; ppl: 431.63; 3440 src tok/s; 3591 tgt tok/s;     37 s elapsed
Epoch  1,   200/  454; acc:  21.14; ppl: 258.97; 3426 src tok/s; 3556 tgt tok/s;     49 s elapsed
Epoch  1,   250/  454; acc:  24.77; ppl: 171.45; 3465 src tok/s; 3605 tgt tok/s;     61 s elapsed
Epoch  1,   300/  454; acc:  26.48; ppl: 133.10; 3432 src tok/s; 3555 tgt tok/s;     73 s elapsed
Epoch  1,   350/  454; acc:  29.53; ppl: 100.44; 3504 src tok/s; 3615 tgt tok/s;     86 s elapsed
Epoch  1,   400/  454; acc:  31.47; ppl:  81.14; 3452 src tok/s; 3579 tgt tok/s;     98 s elapsed
Epoch  1,   450/  454; acc:  33.65; ppl:  66.51; 3368 src tok/s; 3514 tgt tok/s;    110 s elapsed
Train perplexity: 318.67
Train accuracy: 23.3469
Validation perplexity: 64.1078
Validation accuracy: 32.3684

Epoch  2,    50/  454; acc:  36.29; ppl:  52.94; 3401 src tok/s; 3524 tgt tok/s;     12 s elapsed
Epoch  2,   100/  454; acc:  39.25; ppl:  43.32; 3460 src tok/s; 3578 tgt tok/s;     24 s elapsed
Epoch  2,   150/  454; acc:  42.56; ppl:  33.86; 3423 src tok/s; 3585 tgt tok/s;     36 s elapsed
Epoch  2,   200/  454; acc:  42.33; ppl:  34.33; 3448 src tok/s; 3574 tgt tok/s;     49 s elapsed
Epoch  2,   250/  454; acc:  44.16; ppl:  30.19; 3516 src tok/s; 3614 tgt tok/s;     61 s elapsed
Epoch  2,   300/  454; acc:  48.80; ppl:  22.65; 3387 src tok/s; 3545 tgt tok/s;     73 s elapsed
Epoch  2,   350/  454; acc:  49.47; ppl:  21.46; 3471 src tok/s; 3597 tgt tok/s;     85 s elapsed
Epoch  2,   400/  454; acc:  49.86; ppl:  20.68; 3448 src tok/s; 3576 tgt tok/s;     97 s elapsed
Epoch  2,   450/  454; acc:  51.93; ppl:  18.37; 3412 src tok/s; 3540 tgt tok/s;    110 s elapsed
Train perplexity: 28.9709
Train accuracy: 45.0207
Validation perplexity: 16.7511
Validation accuracy: 54.3919

Epoch  3,    50/  454; acc:  53.63; ppl:  15.17; 3400 src tok/s; 3528 tgt tok/s;     12 s elapsed
Epoch  3,   100/  454; acc:  55.52; ppl:  13.68; 3465 src tok/s; 3599 tgt tok/s;     24 s elapsed
Epoch  3,   150/  454; acc:  54.62; ppl:  14.64; 3404 src tok/s; 3542 tgt tok/s;     36 s elapsed
Epoch  3,   200/  454; acc:  56.00; ppl:  12.96; 3430 src tok/s; 3561 tgt tok/s;     49 s elapsed
Epoch  3,   250/  454; acc:  55.77; ppl:  13.31; 3447 src tok/s; 3557 tgt tok/s;     61 s elapsed
Epoch  3,   300/  454; acc:  58.16; ppl:  11.32; 3449 src tok/s; 3591 tgt tok/s;     73 s elapsed
Epoch  3,   350/  454; acc:  57.08; ppl:  12.13; 3428 src tok/s; 3570 tgt tok/s;     86 s elapsed
Epoch  3,   400/  454; acc:  59.59; ppl:  10.12; 3490 src tok/s; 3623 tgt tok/s;     98 s elapsed
Epoch  3,   450/  454; acc:  58.31; ppl:  11.01; 3452 src tok/s; 3560 tgt tok/s;    110 s elapsed
Train perplexity: 12.5827
Train accuracy: 56.544
Validation perplexity: 10.3191
Validation accuracy: 60.2029

Epoch  4,    50/  454; acc:  61.35; ppl:   8.64; 3376 src tok/s; 3508 tgt tok/s;     13 s elapsed
Epoch  4,   100/  454; acc:  61.51; ppl:   8.51; 3540 src tok/s; 3675 tgt tok/s;     24 s elapsed
Epoch  4,   150/  454; acc:  62.00; ppl:   8.37; 3452 src tok/s; 3578 tgt tok/s;     37 s elapsed
Epoch  4,   200/  454; acc:  61.43; ppl:   8.73; 3454 src tok/s; 3603 tgt tok/s;     49 s elapsed
Epoch  4,   250/  454; acc:  62.41; ppl:   7.99; 3372 src tok/s; 3515 tgt tok/s;     61 s elapsed
Epoch  4,   300/  454; acc:  61.56; ppl:   8.56; 3473 src tok/s; 3593 tgt tok/s;     73 s elapsed
Epoch  4,   350/  454; acc:  63.55; ppl:   7.58; 3452 src tok/s; 3608 tgt tok/s;     85 s elapsed
Epoch  4,   400/  454; acc:  61.77; ppl:   8.40; 3456 src tok/s; 3557 tgt tok/s;     98 s elapsed
Epoch  4,   450/  454; acc:  62.67; ppl:   8.07; 3341 src tok/s; 3447 tgt tok/s;    110 s elapsed
Train perplexity: 8.30299
Train accuracy: 62.0386
Validation perplexity: 8.2257
Validation accuracy: 64.1479

Epoch  5,    50/  454; acc:  64.83; ppl:   6.49; 3427 src tok/s; 3543 tgt tok/s;     13 s elapsed
Epoch  5,   100/  454; acc:  66.19; ppl:   6.01; 3390 src tok/s; 3540 tgt tok/s;     25 s elapsed
Epoch  5,   150/  454; acc:  65.51; ppl:   6.28; 3456 src tok/s; 3593 tgt tok/s;     37 s elapsed
Epoch  5,   200/  454; acc:  65.12; ppl:   6.48; 3407 src tok/s; 3500 tgt tok/s;     49 s elapsed
Epoch  5,   250/  454; acc:  65.63; ppl:   6.22; 3450 src tok/s; 3602 tgt tok/s;     61 s elapsed
Epoch  5,   300/  454; acc:  64.86; ppl:   6.50; 3404 src tok/s; 3538 tgt tok/s;     74 s elapsed
Epoch  5,   350/  454; acc:  65.75; ppl:   6.21; 3423 src tok/s; 3567 tgt tok/s;     85 s elapsed
Epoch  5,   400/  454; acc:  65.15; ppl:   6.34; 3440 src tok/s; 3558 tgt tok/s;     98 s elapsed
Epoch  5,   450/  454; acc:  65.68; ppl:   6.14; 3405 src tok/s; 3530 tgt tok/s;    110 s elapsed
Train perplexity: 6.29761
Train accuracy: 65.405
Validation perplexity: 7.494
Validation accuracy: 64.5665

Epoch  6,    50/  454; acc:  68.48; ppl:   5.03; 3434 src tok/s; 3555 tgt tok/s;     12 s elapsed
Epoch  6,   100/  454; acc:  68.81; ppl:   4.86; 3365 src tok/s; 3515 tgt tok/s;     24 s elapsed
Epoch  6,   150/  454; acc:  68.63; ppl:   4.84; 3449 src tok/s; 3602 tgt tok/s;     36 s elapsed
Epoch  6,   200/  454; acc:  66.32; ppl:   5.54; 3470 src tok/s; 3558 tgt tok/s;     49 s elapsed
Epoch  6,   250/  454; acc:  68.62; ppl:   4.95; 3426 src tok/s; 3570 tgt tok/s;     61 s elapsed
Epoch  6,   300/  454; acc:  67.46; ppl:   5.27; 3439 src tok/s; 3568 tgt tok/s;     73 s elapsed
Epoch  6,   350/  454; acc:  67.66; ppl:   5.11; 3406 src tok/s; 3542 tgt tok/s;     86 s elapsed
Epoch  6,   400/  454; acc:  67.28; ppl:   5.29; 3521 src tok/s; 3640 tgt tok/s;     98 s elapsed
Epoch  6,   450/  454; acc:  68.01; ppl:   5.12; 3368 src tok/s; 3502 tgt tok/s;    110 s elapsed
Train perplexity: 5.11462
Train accuracy: 67.8924
Validation perplexity: 6.80198
Validation accuracy: 66.0281

Epoch  7,    50/  454; acc:  71.33; ppl:   4.00; 3456 src tok/s; 3591 tgt tok/s;     12 s elapsed
Epoch  7,   100/  454; acc:  70.58; ppl:   4.23; 3387 src tok/s; 3514 tgt tok/s;     24 s elapsed
Epoch  7,   150/  454; acc:  69.66; ppl:   4.33; 3462 src tok/s; 3598 tgt tok/s;     37 s elapsed
Epoch  7,   200/  454; acc:  70.96; ppl:   4.07; 3416 src tok/s; 3550 tgt tok/s;     49 s elapsed
Epoch  7,   250/  454; acc:  71.06; ppl:   4.02; 3408 src tok/s; 3562 tgt tok/s;     61 s elapsed
Epoch  7,   300/  454; acc:  68.95; ppl:   4.64; 3429 src tok/s; 3538 tgt tok/s;     73 s elapsed
Epoch  7,   350/  454; acc:  68.08; ppl:   4.83; 3414 src tok/s; 3526 tgt tok/s;     86 s elapsed
Epoch  7,   400/  454; acc:  70.24; ppl:   4.19; 3410 src tok/s; 3560 tgt tok/s;     98 s elapsed
Epoch  7,   450/  454; acc:  69.81; ppl:   4.27; 3394 src tok/s; 3517 tgt tok/s;    110 s elapsed
Train perplexity: 4.30494
Train accuracy: 69.9713
Validation perplexity: 6.77742
Validation accuracy: 66.2339

Epoch  8,    50/  454; acc:  72.20; ppl:   3.62; 3427 src tok/s; 3544 tgt tok/s;     13 s elapsed
Epoch  8,   100/  454; acc:  73.81; ppl:   3.33; 3401 src tok/s; 3561 tgt tok/s;     25 s elapsed
Epoch  8,   150/  454; acc:  72.15; ppl:   3.64; 3363 src tok/s; 3505 tgt tok/s;     36 s elapsed
Epoch  8,   200/  454; acc:  71.27; ppl:   3.80; 3405 src tok/s; 3521 tgt tok/s;     49 s elapsed
Epoch  8,   250/  454; acc:  72.09; ppl:   3.62; 3452 src tok/s; 3565 tgt tok/s;     61 s elapsed
Epoch  8,   300/  454; acc:  70.66; ppl:   3.99; 3461 src tok/s; 3573 tgt tok/s;     74 s elapsed
Epoch  8,   350/  454; acc:  71.65; ppl:   3.72; 3407 src tok/s; 3559 tgt tok/s;     86 s elapsed
Epoch  8,   400/  454; acc:  70.55; ppl:   3.98; 3416 src tok/s; 3538 tgt tok/s;     98 s elapsed
Epoch  8,   450/  454; acc:  70.42; ppl:   4.05; 3383 src tok/s; 3506 tgt tok/s;    111 s elapsed
Train perplexity: 3.74043
Train accuracy: 71.65
Validation perplexity: 6.39061
Validation accuracy: 67.9438
Decaying learning rate to 0.5

Epoch  9,    50/  454; acc:  74.76; ppl:   3.08; 3454 src tok/s; 3564 tgt tok/s;     13 s elapsed
Epoch  9,   100/  454; acc:  77.87; ppl:   2.61; 3443 src tok/s; 3585 tgt tok/s;     24 s elapsed
Epoch  9,   150/  454; acc:  76.13; ppl:   2.95; 3424 src tok/s; 3533 tgt tok/s;     37 s elapsed
Epoch  9,   200/  454; acc:  76.97; ppl:   2.68; 3367 src tok/s; 3524 tgt tok/s;     49 s elapsed
Epoch  9,   250/  454; acc:  76.46; ppl:   2.80; 3470 src tok/s; 3597 tgt tok/s;     61 s elapsed
Epoch  9,   300/  454; acc:  76.30; ppl:   2.85; 3468 src tok/s; 3598 tgt tok/s;     73 s elapsed
Epoch  9,   350/  454; acc:  76.37; ppl:   2.89; 3404 src tok/s; 3543 tgt tok/s;     86 s elapsed
Epoch  9,   400/  454; acc:  76.61; ppl:   2.78; 3431 src tok/s; 3555 tgt tok/s;     98 s elapsed
Epoch  9,   450/  454; acc:  77.13; ppl:   2.67; 3442 src tok/s; 3589 tgt tok/s;    109 s elapsed
Train perplexity: 2.82191
Train accuracy: 76.4405
Validation perplexity: 6.01811
Validation accuracy: 69.4835
Decaying learning rate to 0.25

Epoch 10,    50/  454; acc:  81.68; ppl:   2.16; 3421 src tok/s; 3576 tgt tok/s;     12 s elapsed
Epoch 10,   100/  454; acc:  78.80; ppl:   2.47; 3394 src tok/s; 3510 tgt tok/s;     25 s elapsed
Epoch 10,   150/  454; acc:  80.23; ppl:   2.33; 3440 src tok/s; 3561 tgt tok/s;     37 s elapsed
Epoch 10,   200/  454; acc:  80.02; ppl:   2.32; 3436 src tok/s; 3581 tgt tok/s;     49 s elapsed
Epoch 10,   250/  454; acc:  79.28; ppl:   2.48; 3489 src tok/s; 3597 tgt tok/s;     62 s elapsed
Epoch 10,   300/  454; acc:  80.69; ppl:   2.24; 3423 src tok/s; 3563 tgt tok/s;     73 s elapsed
Epoch 10,   350/  454; acc:  79.49; ppl:   2.38; 3455 src tok/s; 3578 tgt tok/s;     86 s elapsed
Epoch 10,   400/  454; acc:  80.23; ppl:   2.31; 3430 src tok/s; 3563 tgt tok/s;     98 s elapsed
Epoch 10,   450/  454; acc:  79.48; ppl:   2.37; 3414 src tok/s; 3540 tgt tok/s;    110 s elapsed
Train perplexity: 2.34324
Train accuracy: 79.9591
Validation perplexity: 6.08015
Validation accuracy: 69.5544
Decaying learning rate to 0.125

Epoch 11,    50/  454; acc:  82.54; ppl:   2.06; 3399 src tok/s; 3546 tgt tok/s;     12 s elapsed
Epoch 11,   100/  454; acc:  82.01; ppl:   2.15; 3493 src tok/s; 3619 tgt tok/s;     24 s elapsed
Epoch 11,   150/  454; acc:  82.49; ppl:   2.06; 3458 src tok/s; 3596 tgt tok/s;     36 s elapsed
Epoch 11,   200/  454; acc:  81.45; ppl:   2.21; 3447 src tok/s; 3552 tgt tok/s;     49 s elapsed
Epoch 11,   250/  454; acc:  81.85; ppl:   2.16; 3406 src tok/s; 3529 tgt tok/s;     61 s elapsed
Epoch 11,   300/  454; acc:  81.98; ppl:   2.15; 3409 src tok/s; 3552 tgt tok/s;     73 s elapsed
Epoch 11,   350/  454; acc:  82.74; ppl:   2.05; 3409 src tok/s; 3557 tgt tok/s;     85 s elapsed
Epoch 11,   400/  454; acc:  81.21; ppl:   2.21; 3430 src tok/s; 3546 tgt tok/s;     98 s elapsed
Epoch 11,   450/  454; acc:  81.90; ppl:   2.14; 3455 src tok/s; 3578 tgt tok/s;    110 s elapsed
Train perplexity: 2.1303
Train accuracy: 82.0268
Validation perplexity: 6.1955
Validation accuracy: 69.9021
Decaying learning rate to 0.0625

Epoch 12,    50/  454; acc:  83.56; ppl:   1.95; 3380 src tok/s; 3509 tgt tok/s;     12 s elapsed
Epoch 12,   100/  454; acc:  82.47; ppl:   2.05; 3373 src tok/s; 3488 tgt tok/s;     25 s elapsed
Epoch 12,   150/  454; acc:  83.09; ppl:   2.02; 3407 src tok/s; 3534 tgt tok/s;     37 s elapsed
Epoch 12,   200/  454; acc:  83.13; ppl:   2.05; 3409 src tok/s; 3534 tgt tok/s;     50 s elapsed
Epoch 12,   250/  454; acc:  83.61; ppl:   1.98; 3433 src tok/s; 3591 tgt tok/s;     61 s elapsed
Epoch 12,   300/  454; acc:  82.41; ppl:   2.11; 3443 src tok/s; 3557 tgt tok/s;     74 s elapsed
Epoch 12,   350/  454; acc:  82.73; ppl:   2.05; 3517 src tok/s; 3645 tgt tok/s;     86 s elapsed
Epoch 12,   400/  454; acc:  83.15; ppl:   2.02; 3340 src tok/s; 3477 tgt tok/s;     98 s elapsed
Epoch 12,   450/  454; acc:  82.71; ppl:   2.06; 3446 src tok/s; 3568 tgt tok/s;    111 s elapsed
Train perplexity: 2.02859
Train accuracy: 83.01
Validation perplexity: 6.28115
Validation accuracy: 69.7176
Decaying learning rate to 0.03125

Epoch 13,    50/  454; acc:  83.33; ppl:   2.00; 3404 src tok/s; 3522 tgt tok/s;     13 s elapsed
Epoch 13,   100/  454; acc:  84.18; ppl:   1.91; 3426 src tok/s; 3553 tgt tok/s;     24 s elapsed
Epoch 13,   150/  454; acc:  83.30; ppl:   2.01; 3441 src tok/s; 3571 tgt tok/s;     37 s elapsed
Epoch 13,   200/  454; acc:  84.21; ppl:   1.90; 3422 src tok/s; 3576 tgt tok/s;     49 s elapsed
Epoch 13,   250/  454; acc:  84.41; ppl:   1.85; 3396 src tok/s; 3565 tgt tok/s;     60 s elapsed
Epoch 13,   300/  454; acc:  81.98; ppl:   2.13; 3559 src tok/s; 3663 tgt tok/s;     73 s elapsed
Epoch 13,   350/  454; acc:  82.81; ppl:   2.04; 3428 src tok/s; 3531 tgt tok/s;     85 s elapsed
Epoch 13,   400/  454; acc:  83.64; ppl:   1.97; 3482 src tok/s; 3626 tgt tok/s;     97 s elapsed
Epoch 13,   450/  454; acc:  83.50; ppl:   1.97; 3363 src tok/s; 3486 tgt tok/s;    110 s elapsed
Train perplexity: 1.9779
Train accuracy: 83.4558
Validation perplexity: 6.28593
Validation accuracy: 69.8382
Decaying learning rate to 0.015625

Epoch 14,    50/  454; acc:  84.02; ppl:   1.92; 3417 src tok/s; 3542 tgt tok/s;     12 s elapsed
Epoch 14,   100/  454; acc:  83.72; ppl:   1.98; 3465 src tok/s; 3602 tgt tok/s;     24 s elapsed
Epoch 14,   150/  454; acc:  83.38; ppl:   1.99; 3468 src tok/s; 3591 tgt tok/s;     37 s elapsed
Epoch 14,   200/  454; acc:  84.42; ppl:   1.90; 3462 src tok/s; 3596 tgt tok/s;     48 s elapsed
Epoch 14,   250/  454; acc:  83.59; ppl:   1.98; 3439 src tok/s; 3577 tgt tok/s;     61 s elapsed
Epoch 14,   300/  454; acc:  84.07; ppl:   1.93; 3412 src tok/s; 3553 tgt tok/s;     73 s elapsed
Epoch 14,   350/  454; acc:  84.11; ppl:   1.94; 3428 src tok/s; 3558 tgt tok/s;     85 s elapsed
Epoch 14,   400/  454; acc:  83.10; ppl:   2.01; 3461 src tok/s; 3574 tgt tok/s;     98 s elapsed
Epoch 14,   450/  454; acc:  83.90; ppl:   1.93; 3427 src tok/s; 3559 tgt tok/s;    109 s elapsed
Train perplexity: 1.95334
Train accuracy: 83.8214
Validation perplexity: 6.31918
Validation accuracy: 69.7389
Decaying learning rate to 0.0078125

Epoch 15,    50/  454; acc:  83.60; ppl:   1.95; 3371 src tok/s; 3493 tgt tok/s;     13 s elapsed
Epoch 15,   100/  454; acc:  84.26; ppl:   1.91; 3484 src tok/s; 3615 tgt tok/s;     25 s elapsed
Epoch 15,   150/  454; acc:  83.35; ppl:   2.01; 3374 src tok/s; 3506 tgt tok/s;     37 s elapsed
Epoch 15,   200/  454; acc:  84.17; ppl:   1.90; 3463 src tok/s; 3601 tgt tok/s;     49 s elapsed
Epoch 15,   250/  454; acc:  84.40; ppl:   1.90; 3434 src tok/s; 3574 tgt tok/s;     61 s elapsed
Epoch 15,   300/  454; acc:  83.64; ppl:   1.98; 3488 src tok/s; 3596 tgt tok/s;     73 s elapsed
Epoch 15,   350/  454; acc:  83.21; ppl:   1.98; 3498 src tok/s; 3606 tgt tok/s;     86 s elapsed
Epoch 15,   400/  454; acc:  84.54; ppl:   1.88; 3336 src tok/s; 3506 tgt tok/s;     98 s elapsed
Epoch 15,   450/  454; acc:  83.94; ppl:   1.96; 3414 src tok/s; 3538 tgt tok/s;    110 s elapsed
Train perplexity: 1.93965
Train accuracy: 83.8943
Validation perplexity: 6.34244
Validation accuracy: 69.7744
Decaying learning rate to 0.00390625

Epoch 16,    50/  454; acc:  82.81; ppl:   2.02; 3305 src tok/s; 3428 tgt tok/s;     13 s elapsed
Epoch 16,   100/  454; acc:  84.70; ppl:   1.85; 3501 src tok/s; 3637 tgt tok/s;     25 s elapsed
Epoch 16,   150/  454; acc:  84.22; ppl:   1.90; 3398 src tok/s; 3549 tgt tok/s;     37 s elapsed
Epoch 16,   200/  454; acc:  83.58; ppl:   1.97; 3517 src tok/s; 3634 tgt tok/s;     49 s elapsed
Epoch 16,   250/  454; acc:  84.76; ppl:   1.87; 3400 src tok/s; 3537 tgt tok/s;     61 s elapsed
Epoch 16,   300/  454; acc:  83.48; ppl:   1.99; 3456 src tok/s; 3574 tgt tok/s;     73 s elapsed
Epoch 16,   350/  454; acc:  84.07; ppl:   1.91; 3455 src tok/s; 3599 tgt tok/s;     85 s elapsed
Epoch 16,   400/  454; acc:  83.61; ppl:   1.96; 3457 src tok/s; 3577 tgt tok/s;     98 s elapsed
Epoch 16,   450/  454; acc:  84.36; ppl:   1.95; 3432 src tok/s; 3551 tgt tok/s;    110 s elapsed
Train perplexity: 1.93439
Train accuracy: 83.941
Validation perplexity: 6.34519
Validation accuracy: 69.7389
Decaying learning rate to 0.00195312

Epoch 17,    50/  454; acc:  84.83; ppl:   1.84; 3419 src tok/s; 3551 tgt tok/s;     12 s elapsed
Epoch 17,   100/  454; acc:  83.37; ppl:   2.01; 3356 src tok/s; 3464 tgt tok/s;     25 s elapsed
Epoch 17,   150/  454; acc:  84.29; ppl:   1.91; 3448 src tok/s; 3576 tgt tok/s;     37 s elapsed
Epoch 17,   200/  454; acc:  83.64; ppl:   1.97; 3422 src tok/s; 3552 tgt tok/s;     49 s elapsed
Epoch 17,   250/  454; acc:  84.13; ppl:   1.92; 3489 src tok/s; 3610 tgt tok/s;     61 s elapsed
Epoch 17,   300/  454; acc:  83.80; ppl:   1.93; 3405 src tok/s; 3529 tgt tok/s;     74 s elapsed
Epoch 17,   350/  454; acc:  85.62; ppl:   1.79; 3463 src tok/s; 3635 tgt tok/s;     85 s elapsed
Epoch 17,   400/  454; acc:  82.31; ppl:   2.09; 3477 src tok/s; 3597 tgt tok/s;     98 s elapsed
Epoch 17,   450/  454; acc:  84.08; ppl:   1.90; 3379 src tok/s; 3512 tgt tok/s;    110 s elapsed
Train perplexity: 1.93056
Train accuracy: 83.9581
Validation perplexity: 6.34858
Validation accuracy: 69.7602
Decaying learning rate to 0.000976562
