<module 'opts' from '/u/suhubdyd/research/projects/jumble_lstm/code/auxiliary-nmt/opts.pyc'>
Namespace(batch_size=64, brnn=False, brnn_merge='concat', cnn_kernel_width=3, context_gate=None, copy_attn=False, copy_attn_force=False, coverage_attn=False, data='/data/lisatmp3/suhubdyd/multi30k.atok.low', dec_layers=1, decay_method='', decoder_type='rnn', dropout=0.3, enc_layers=2, encoder_type='rnn', epochs=17, exp='', exp_host='', feat_merge='concat', feat_vec_exponent=0.7, feat_vec_size=-1, fix_word_vecs_dec=False, fix_word_vecs_enc=False, global_attention='general', gpuid=[0], input_feed=1, kappa_dec=0.3, kappa_enc=0.0, lambda_coverage=1, layers=-1, learning_rate=1.0, learning_rate_decay=0.5, max_generator_batches=32, max_grad_norm=5, model_type='text', optim='sgd', param_init=0.1, position_encoding=False, pre_word_vecs_dec=None, pre_word_vecs_enc=None, report_every=50, rnn_size=500, rnn_type='LSTM', save_model='/data/lisatmp3/suhubdyd/models/seeds/encoder0decoder0.3dropout0.3wdropFalseseed4', seed=4, share_decoder_embeddings=False, share_embeddings=False, src_word_vec_size=500, start_checkpoint_at=0, start_decay_at=8, start_epoch=1, tgt_word_vec_size=500, train_from='', truncated_decoder=0, warmup_steps=4000, weightdropout=False, word_vec_size=-1)
('Using Kappa L2 loss on decoder', 0.3)
Loading train and validate data from '/data/lisatmp3/suhubdyd/multi30k.atok.low'
 * number of training sentences: 29000
 * maximum batch size: 64
 * vocabulary size. source = 10841; target = 18563
Building model...
Intializing model parameters.
NMTModel (
  (encoder): RNNEncoder (
    (embeddings): Embeddings (
      (make_embedding): Sequential (
        (emb_luts): Elementwise (
          (0): Embedding(10841, 500, padding_idx=1)
        )
      )
    )
    (dropout): Dropout (p = 0.3)
    (rnn): LSTM(500, 500, dropout=0.3)
  )
  (decoder): InputFeedRNNDecoder (
    (embeddings): Embeddings (
      (make_embedding): Sequential (
        (emb_luts): Elementwise (
          (0): Embedding(18563, 500, padding_idx=1)
        )
      )
    )
    (dropout): Dropout (p = 0.3)
    (rnn): StackedLSTM (
      (dropout): Dropout (p = 0.3)
      (layers): ModuleList (
        (0): LSTMCell(1000, 500)
      )
    )
    (attn): GlobalAttention (
      (linear_in): Linear (500 -> 500)
      (linear_out): Linear (1000 -> 500)
      (sm): Softmax ()
      (tanh): Tanh ()
    )
  )
  (generator): Sequential (
    (0): Linear (500 -> 18563)
    (1): LogSoftmax ()
  )
)
* number of parameters: 29760063
('encoder: ', 7424500)
('decoder: ', 22335563)

Epoch  1,    50/  454; acc:   9.25; ppl: 12827.28; 3264 src tok/s; 3377 tgt tok/s;     13 s elapsed
Epoch  1,   100/  454; acc:  15.23; ppl: 1607.36; 3395 src tok/s; 3548 tgt tok/s;     25 s elapsed
Epoch  1,   150/  454; acc:  18.97; ppl: 437.21; 3355 src tok/s; 3496 tgt tok/s;     37 s elapsed
Epoch  1,   200/  454; acc:  21.33; ppl: 266.47; 3388 src tok/s; 3500 tgt tok/s;     50 s elapsed
Epoch  1,   250/  454; acc:  25.81; ppl: 156.00; 3379 src tok/s; 3518 tgt tok/s;     62 s elapsed
Epoch  1,   300/  454; acc:  27.50; ppl: 123.37; 3272 src tok/s; 3401 tgt tok/s;     75 s elapsed
Epoch  1,   350/  454; acc:  30.27; ppl:  90.07; 3330 src tok/s; 3443 tgt tok/s;     88 s elapsed
Epoch  1,   400/  454; acc:  32.11; ppl:  76.86; 3435 src tok/s; 3555 tgt tok/s;    100 s elapsed
Epoch  1,   450/  454; acc:  33.35; ppl:  67.41; 3406 src tok/s; 3531 tgt tok/s;    113 s elapsed
Train perplexity: 299.668
Train accuracy: 23.8449
Validation perplexity: 89.7153
Validation accuracy: 32.0136

Epoch  2,    50/  454; acc:  37.29; ppl:  49.97; 3339 src tok/s; 3483 tgt tok/s;     12 s elapsed
Epoch  2,   100/  454; acc:  39.03; ppl:  44.44; 3363 src tok/s; 3472 tgt tok/s;     25 s elapsed
Epoch  2,   150/  454; acc:  40.29; ppl:  39.24; 3396 src tok/s; 3522 tgt tok/s;     38 s elapsed
Epoch  2,   200/  454; acc:  44.49; ppl:  29.90; 3430 src tok/s; 3574 tgt tok/s;     50 s elapsed
Epoch  2,   250/  454; acc:  46.25; ppl:  26.35; 3302 src tok/s; 3438 tgt tok/s;     62 s elapsed
Epoch  2,   300/  454; acc:  47.15; ppl:  25.04; 3424 src tok/s; 3543 tgt tok/s;     75 s elapsed
Epoch  2,   350/  454; acc:  50.36; ppl:  20.55; 3405 src tok/s; 3549 tgt tok/s;     86 s elapsed
Epoch  2,   400/  454; acc:  49.77; ppl:  21.07; 3411 src tok/s; 3519 tgt tok/s;     99 s elapsed
Epoch  2,   450/  454; acc:  51.71; ppl:  17.89; 3382 src tok/s; 3506 tgt tok/s;    112 s elapsed
Train perplexity: 28.6272
Train accuracy: 45.1942
Validation perplexity: 17.7824
Validation accuracy: 50.8301

Epoch  3,    50/  454; acc:  54.11; ppl:  14.83; 3378 src tok/s; 3521 tgt tok/s;     12 s elapsed
Epoch  3,   100/  454; acc:  54.72; ppl:  14.02; 3391 src tok/s; 3506 tgt tok/s;     25 s elapsed
Epoch  3,   150/  454; acc:  54.88; ppl:  13.89; 3379 src tok/s; 3488 tgt tok/s;     38 s elapsed
Epoch  3,   200/  454; acc:  57.10; ppl:  12.31; 3394 src tok/s; 3523 tgt tok/s;     50 s elapsed
Epoch  3,   250/  454; acc:  58.09; ppl:  11.93; 3348 src tok/s; 3493 tgt tok/s;     62 s elapsed
Epoch  3,   300/  454; acc:  56.00; ppl:  12.73; 3371 src tok/s; 3511 tgt tok/s;     75 s elapsed
Epoch  3,   350/  454; acc:  57.25; ppl:  11.73; 3348 src tok/s; 3477 tgt tok/s;     87 s elapsed
Epoch  3,   400/  454; acc:  58.50; ppl:  11.23; 3440 src tok/s; 3560 tgt tok/s;     99 s elapsed
Epoch  3,   450/  454; acc:  58.89; ppl:  10.80; 3383 src tok/s; 3505 tgt tok/s;    112 s elapsed
Train perplexity: 12.5163
Train accuracy: 56.6343
Validation perplexity: 10.0229
Validation accuracy: 60.6215

Epoch  4,    50/  454; acc:  61.80; ppl:   8.29; 3340 src tok/s; 3493 tgt tok/s;     12 s elapsed
Epoch  4,   100/  454; acc:  60.86; ppl:   8.76; 3369 src tok/s; 3485 tgt tok/s;     25 s elapsed
Epoch  4,   150/  454; acc:  61.16; ppl:   8.68; 3345 src tok/s; 3464 tgt tok/s;     37 s elapsed
Epoch  4,   200/  454; acc:  62.31; ppl:   8.40; 3402 src tok/s; 3508 tgt tok/s;     50 s elapsed
Epoch  4,   250/  454; acc:  61.50; ppl:   8.37; 3435 src tok/s; 3562 tgt tok/s;     62 s elapsed
Epoch  4,   300/  454; acc:  62.61; ppl:   8.17; 3382 src tok/s; 3515 tgt tok/s;     75 s elapsed
Epoch  4,   350/  454; acc:  61.54; ppl:   8.62; 3479 src tok/s; 3573 tgt tok/s;     87 s elapsed
Epoch  4,   400/  454; acc:  63.93; ppl:   7.52; 3369 src tok/s; 3532 tgt tok/s;     99 s elapsed
Epoch  4,   450/  454; acc:  62.64; ppl:   7.87; 3332 src tok/s; 3471 tgt tok/s;    111 s elapsed
Train perplexity: 8.28365
Train accuracy: 62.0431
Validation perplexity: 8.33872
Validation accuracy: 63.1191

Epoch  5,    50/  454; acc:  66.09; ppl:   6.06; 3373 src tok/s; 3523 tgt tok/s;     12 s elapsed
Epoch  5,   100/  454; acc:  65.05; ppl:   6.49; 3425 src tok/s; 3536 tgt tok/s;     25 s elapsed
Epoch  5,   150/  454; acc:  65.53; ppl:   6.22; 3395 src tok/s; 3527 tgt tok/s;     37 s elapsed
Epoch  5,   200/  454; acc:  65.39; ppl:   6.24; 3403 src tok/s; 3516 tgt tok/s;     49 s elapsed
Epoch  5,   250/  454; acc:  65.15; ppl:   6.38; 3373 src tok/s; 3517 tgt tok/s;     62 s elapsed
Epoch  5,   300/  454; acc:  65.63; ppl:   6.21; 3366 src tok/s; 3498 tgt tok/s;     74 s elapsed
Epoch  5,   350/  454; acc:  65.43; ppl:   6.23; 3452 src tok/s; 3580 tgt tok/s;     86 s elapsed
Epoch  5,   400/  454; acc:  64.97; ppl:   6.29; 3397 src tok/s; 3521 tgt tok/s;     99 s elapsed
Epoch  5,   450/  454; acc:  65.18; ppl:   6.37; 3367 src tok/s; 3491 tgt tok/s;    111 s elapsed
Train perplexity: 6.27373
Train accuracy: 65.3946
Validation perplexity: 7.23619
Validation accuracy: 65.4747

Epoch  6,    50/  454; acc:  68.05; ppl:   4.98; 3365 src tok/s; 3506 tgt tok/s;     13 s elapsed
Epoch  6,   100/  454; acc:  68.43; ppl:   4.82; 3390 src tok/s; 3527 tgt tok/s;     25 s elapsed
Epoch  6,   150/  454; acc:  68.46; ppl:   4.95; 3374 src tok/s; 3525 tgt tok/s;     37 s elapsed
Epoch  6,   200/  454; acc:  67.93; ppl:   5.03; 3456 src tok/s; 3577 tgt tok/s;     49 s elapsed
Epoch  6,   250/  454; acc:  68.28; ppl:   5.06; 3367 src tok/s; 3496 tgt tok/s;     61 s elapsed
Epoch  6,   300/  454; acc:  67.60; ppl:   5.24; 3433 src tok/s; 3551 tgt tok/s;     74 s elapsed
Epoch  6,   350/  454; acc:  67.89; ppl:   5.22; 3423 src tok/s; 3539 tgt tok/s;     86 s elapsed
Epoch  6,   400/  454; acc:  67.82; ppl:   5.14; 3394 src tok/s; 3522 tgt tok/s;     99 s elapsed
Epoch  6,   450/  454; acc:  67.62; ppl:   5.34; 3379 src tok/s; 3494 tgt tok/s;    111 s elapsed
Train perplexity: 5.08055
Train accuracy: 68.0224
Validation perplexity: 6.81951
Validation accuracy: 66.3048

Epoch  7,    50/  454; acc:  69.46; ppl:   4.42; 3406 src tok/s; 3518 tgt tok/s;     13 s elapsed
Epoch  7,   100/  454; acc:  72.15; ppl:   3.72; 3411 src tok/s; 3555 tgt tok/s;     24 s elapsed
Epoch  7,   150/  454; acc:  69.62; ppl:   4.41; 3386 src tok/s; 3500 tgt tok/s;     37 s elapsed
Epoch  7,   200/  454; acc:  70.72; ppl:   4.06; 3363 src tok/s; 3495 tgt tok/s;     49 s elapsed
Epoch  7,   250/  454; acc:  69.83; ppl:   4.28; 3429 src tok/s; 3558 tgt tok/s;     62 s elapsed
Epoch  7,   300/  454; acc:  69.73; ppl:   4.36; 3430 src tok/s; 3562 tgt tok/s;     74 s elapsed
Epoch  7,   350/  454; acc:  70.32; ppl:   4.24; 3434 src tok/s; 3587 tgt tok/s;     86 s elapsed
Epoch  7,   400/  454; acc:  68.95; ppl:   4.62; 3425 src tok/s; 3541 tgt tok/s;     98 s elapsed
Epoch  7,   450/  454; acc:  69.68; ppl:   4.42; 3295 src tok/s; 3435 tgt tok/s;    111 s elapsed
Train perplexity: 4.28902
Train accuracy: 69.9926
Validation perplexity: 6.67884
Validation accuracy: 66.6809

Epoch  8,    50/  454; acc:  71.77; ppl:   3.70; 3458 src tok/s; 3558 tgt tok/s;     13 s elapsed
Epoch  8,   100/  454; acc:  73.86; ppl:   3.29; 3356 src tok/s; 3494 tgt tok/s;     25 s elapsed
Epoch  8,   150/  454; acc:  72.08; ppl:   3.68; 3429 src tok/s; 3560 tgt tok/s;     37 s elapsed
Epoch  8,   200/  454; acc:  71.88; ppl:   3.74; 3336 src tok/s; 3468 tgt tok/s;     50 s elapsed
Epoch  8,   250/  454; acc:  70.94; ppl:   3.90; 3345 src tok/s; 3467 tgt tok/s;     62 s elapsed
Epoch  8,   300/  454; acc:  72.23; ppl:   3.60; 3392 src tok/s; 3529 tgt tok/s;     74 s elapsed
Epoch  8,   350/  454; acc:  71.52; ppl:   3.72; 3331 src tok/s; 3497 tgt tok/s;     87 s elapsed
Epoch  8,   400/  454; acc:  70.69; ppl:   3.99; 3449 src tok/s; 3565 tgt tok/s;     99 s elapsed
Epoch  8,   450/  454; acc:  71.55; ppl:   3.78; 3350 src tok/s; 3467 tgt tok/s;    111 s elapsed
Train perplexity: 3.71514
Train accuracy: 71.7866
Validation perplexity: 6.48432
Validation accuracy: 67.8445
Decaying learning rate to 0.5

Epoch  9,    50/  454; acc:  76.81; ppl:   2.82; 3441 src tok/s; 3573 tgt tok/s;     12 s elapsed
Epoch  9,   100/  454; acc:  77.18; ppl:   2.73; 3413 src tok/s; 3536 tgt tok/s;     24 s elapsed
Epoch  9,   150/  454; acc:  76.83; ppl:   2.79; 3378 src tok/s; 3507 tgt tok/s;     37 s elapsed
Epoch  9,   200/  454; acc:  76.06; ppl:   2.87; 3408 src tok/s; 3531 tgt tok/s;     49 s elapsed
Epoch  9,   250/  454; acc:  76.43; ppl:   2.83; 3415 src tok/s; 3544 tgt tok/s;     62 s elapsed
Epoch  9,   300/  454; acc:  76.74; ppl:   2.80; 3382 src tok/s; 3509 tgt tok/s;     74 s elapsed
Epoch  9,   350/  454; acc:  77.40; ppl:   2.66; 3397 src tok/s; 3540 tgt tok/s;     86 s elapsed
Epoch  9,   400/  454; acc:  75.36; ppl:   2.99; 3391 src tok/s; 3510 tgt tok/s;     99 s elapsed
Epoch  9,   450/  454; acc:  76.40; ppl:   2.76; 3328 src tok/s; 3457 tgt tok/s;    111 s elapsed
Train perplexity: 2.80352
Train accuracy: 76.5753
Validation perplexity: 6.09483
Validation accuracy: 69.3203
Decaying learning rate to 0.25

Epoch 10,    50/  454; acc:  79.43; ppl:   2.45; 3398 src tok/s; 3498 tgt tok/s;     13 s elapsed
Epoch 10,   100/  454; acc:  80.83; ppl:   2.24; 3385 src tok/s; 3532 tgt tok/s;     25 s elapsed
Epoch 10,   150/  454; acc:  80.24; ppl:   2.33; 3385 src tok/s; 3501 tgt tok/s;     37 s elapsed
Epoch 10,   200/  454; acc:  80.61; ppl:   2.29; 3462 src tok/s; 3582 tgt tok/s;     49 s elapsed
Epoch 10,   250/  454; acc:  81.11; ppl:   2.23; 3467 src tok/s; 3585 tgt tok/s;     61 s elapsed
Epoch 10,   300/  454; acc:  79.59; ppl:   2.38; 3435 src tok/s; 3559 tgt tok/s;     74 s elapsed
Epoch 10,   350/  454; acc:  79.39; ppl:   2.42; 3423 src tok/s; 3546 tgt tok/s;     86 s elapsed
Epoch 10,   400/  454; acc:  80.32; ppl:   2.28; 3372 src tok/s; 3532 tgt tok/s;     98 s elapsed
Epoch 10,   450/  454; acc:  79.71; ppl:   2.38; 3332 src tok/s; 3483 tgt tok/s;    111 s elapsed
Train perplexity: 2.33283
Train accuracy: 80.1203
Validation perplexity: 6.14387
Validation accuracy: 69.7176
Decaying learning rate to 0.125

Epoch 11,    50/  454; acc:  81.86; ppl:   2.15; 3366 src tok/s; 3474 tgt tok/s;     13 s elapsed
Epoch 11,   100/  454; acc:  82.84; ppl:   2.03; 3418 src tok/s; 3563 tgt tok/s;     25 s elapsed
Epoch 11,   150/  454; acc:  81.11; ppl:   2.21; 3445 src tok/s; 3536 tgt tok/s;     37 s elapsed
Epoch 11,   200/  454; acc:  83.04; ppl:   2.01; 3360 src tok/s; 3514 tgt tok/s;     49 s elapsed
Epoch 11,   250/  454; acc:  83.76; ppl:   1.95; 3383 src tok/s; 3565 tgt tok/s;     61 s elapsed
Epoch 11,   300/  454; acc:  80.86; ppl:   2.26; 3454 src tok/s; 3557 tgt tok/s;     74 s elapsed
Epoch 11,   350/  454; acc:  81.88; ppl:   2.14; 3421 src tok/s; 3529 tgt tok/s;     87 s elapsed
Epoch 11,   400/  454; acc:  81.76; ppl:   2.13; 3406 src tok/s; 3552 tgt tok/s;     99 s elapsed
Epoch 11,   450/  454; acc:  81.87; ppl:   2.16; 3326 src tok/s; 3451 tgt tok/s;    111 s elapsed
Train perplexity: 2.11428
Train accuracy: 82.0909
Validation perplexity: 6.24006
Validation accuracy: 69.7247
Decaying learning rate to 0.0625

Epoch 12,    50/  454; acc:  82.16; ppl:   2.11; 3401 src tok/s; 3496 tgt tok/s;     13 s elapsed
Epoch 12,   100/  454; acc:  84.15; ppl:   1.89; 3399 src tok/s; 3556 tgt tok/s;     25 s elapsed
Epoch 12,   150/  454; acc:  82.14; ppl:   2.12; 3332 src tok/s; 3461 tgt tok/s;     38 s elapsed
Epoch 12,   200/  454; acc:  83.72; ppl:   1.93; 3343 src tok/s; 3482 tgt tok/s;     50 s elapsed
Epoch 12,   250/  454; acc:  83.11; ppl:   2.02; 3387 src tok/s; 3519 tgt tok/s;     62 s elapsed
Epoch 12,   300/  454; acc:  82.88; ppl:   2.04; 3434 src tok/s; 3564 tgt tok/s;     75 s elapsed
Epoch 12,   350/  454; acc:  82.53; ppl:   2.08; 3418 src tok/s; 3536 tgt tok/s;     87 s elapsed
Epoch 12,   400/  454; acc:  84.32; ppl:   1.89; 3377 src tok/s; 3512 tgt tok/s;     99 s elapsed
Epoch 12,   450/  454; acc:  82.94; ppl:   2.04; 3329 src tok/s; 3447 tgt tok/s;    111 s elapsed
Train perplexity: 2.01289
Train accuracy: 83.0791
Validation perplexity: 6.34374
Validation accuracy: 69.8382
Decaying learning rate to 0.03125

Epoch 13,    50/  454; acc:  84.12; ppl:   1.91; 3363 src tok/s; 3513 tgt tok/s;     12 s elapsed
Epoch 13,   100/  454; acc:  83.38; ppl:   2.02; 3353 src tok/s; 3465 tgt tok/s;     25 s elapsed
Epoch 13,   150/  454; acc:  83.33; ppl:   2.00; 3401 src tok/s; 3520 tgt tok/s;     38 s elapsed
Epoch 13,   200/  454; acc:  84.17; ppl:   1.90; 3410 src tok/s; 3537 tgt tok/s;     50 s elapsed
Epoch 13,   250/  454; acc:  83.14; ppl:   2.02; 3376 src tok/s; 3514 tgt tok/s;     62 s elapsed
Epoch 13,   300/  454; acc:  84.14; ppl:   1.90; 3413 src tok/s; 3557 tgt tok/s;     74 s elapsed
Epoch 13,   350/  454; acc:  83.57; ppl:   1.97; 3345 src tok/s; 3492 tgt tok/s;     87 s elapsed
Epoch 13,   400/  454; acc:  83.32; ppl:   2.00; 3431 src tok/s; 3533 tgt tok/s;     99 s elapsed
Epoch 13,   450/  454; acc:  83.91; ppl:   1.93; 3344 src tok/s; 3465 tgt tok/s;    111 s elapsed
Train perplexity: 1.96274
Train accuracy: 83.6572
Validation perplexity: 6.39414
Validation accuracy: 69.7886
Decaying learning rate to 0.015625

Epoch 14,    50/  454; acc:  84.48; ppl:   1.86; 3376 src tok/s; 3526 tgt tok/s;     12 s elapsed
Epoch 14,   100/  454; acc:  83.47; ppl:   1.99; 3454 src tok/s; 3564 tgt tok/s;     25 s elapsed
Epoch 14,   150/  454; acc:  83.85; ppl:   1.94; 3439 src tok/s; 3545 tgt tok/s;     37 s elapsed
Epoch 14,   200/  454; acc:  83.60; ppl:   1.98; 3323 src tok/s; 3462 tgt tok/s;     49 s elapsed
Epoch 14,   250/  454; acc:  83.80; ppl:   1.96; 3396 src tok/s; 3508 tgt tok/s;     62 s elapsed
Epoch 14,   300/  454; acc:  84.15; ppl:   1.94; 3371 src tok/s; 3520 tgt tok/s;     74 s elapsed
Epoch 14,   350/  454; acc:  83.61; ppl:   1.99; 3416 src tok/s; 3546 tgt tok/s;     86 s elapsed
Epoch 14,   400/  454; acc:  84.61; ppl:   1.88; 3380 src tok/s; 3518 tgt tok/s;     99 s elapsed
Epoch 14,   450/  454; acc:  83.78; ppl:   1.93; 3357 src tok/s; 3478 tgt tok/s;    111 s elapsed
Train perplexity: 1.93865
Train accuracy: 83.9362
Validation perplexity: 6.41997
Validation accuracy: 69.7602
Decaying learning rate to 0.0078125

Epoch 15,    50/  454; acc:  83.63; ppl:   1.97; 3407 src tok/s; 3539 tgt tok/s;     13 s elapsed
Epoch 15,   100/  454; acc:  84.43; ppl:   1.90; 3454 src tok/s; 3581 tgt tok/s;     25 s elapsed
Epoch 15,   150/  454; acc:  84.22; ppl:   1.91; 3395 src tok/s; 3540 tgt tok/s;     37 s elapsed
Epoch 15,   200/  454; acc:  84.21; ppl:   1.90; 3411 src tok/s; 3528 tgt tok/s;     49 s elapsed
Epoch 15,   250/  454; acc:  84.91; ppl:   1.87; 3337 src tok/s; 3481 tgt tok/s;     61 s elapsed
Epoch 15,   300/  454; acc:  83.56; ppl:   1.98; 3431 src tok/s; 3541 tgt tok/s;     74 s elapsed
Epoch 15,   350/  454; acc:  83.01; ppl:   2.02; 3357 src tok/s; 3480 tgt tok/s;     87 s elapsed
Epoch 15,   400/  454; acc:  84.74; ppl:   1.84; 3417 src tok/s; 3557 tgt tok/s;     99 s elapsed
Epoch 15,   450/  454; acc:  83.42; ppl:   1.97; 3346 src tok/s; 3463 tgt tok/s;    111 s elapsed
Train perplexity: 1.92783
Train accuracy: 84.0144
Validation perplexity: 6.42987
Validation accuracy: 69.7602
Decaying learning rate to 0.00390625

Epoch 16,    50/  454; acc:  83.72; ppl:   1.97; 3380 src tok/s; 3487 tgt tok/s;     13 s elapsed
Epoch 16,   100/  454; acc:  84.80; ppl:   1.85; 3373 src tok/s; 3529 tgt tok/s;     25 s elapsed
Epoch 16,   150/  454; acc:  84.67; ppl:   1.88; 3450 src tok/s; 3597 tgt tok/s;     37 s elapsed
Epoch 16,   200/  454; acc:  84.10; ppl:   1.95; 3397 src tok/s; 3501 tgt tok/s;     49 s elapsed
Epoch 16,   250/  454; acc:  83.98; ppl:   1.95; 3388 src tok/s; 3521 tgt tok/s;     61 s elapsed
Epoch 16,   300/  454; acc:  83.96; ppl:   1.95; 3419 src tok/s; 3540 tgt tok/s;     74 s elapsed
Epoch 16,   350/  454; acc:  84.05; ppl:   1.95; 3349 src tok/s; 3488 tgt tok/s;     87 s elapsed
Epoch 16,   400/  454; acc:  84.00; ppl:   1.91; 3379 src tok/s; 3505 tgt tok/s;     99 s elapsed
Epoch 16,   450/  454; acc:  84.33; ppl:   1.90; 3419 src tok/s; 3540 tgt tok/s;    111 s elapsed
Train perplexity: 1.92044
Train accuracy: 84.1901
Validation perplexity: 6.4366
Validation accuracy: 69.7531
Decaying learning rate to 0.00195312

Epoch 17,    50/  454; acc:  84.80; ppl:   1.84; 3391 src tok/s; 3528 tgt tok/s;     12 s elapsed
Epoch 17,   100/  454; acc:  83.41; ppl:   2.02; 3378 src tok/s; 3485 tgt tok/s;     25 s elapsed
Epoch 17,   150/  454; acc:  83.72; ppl:   1.95; 3364 src tok/s; 3498 tgt tok/s;     37 s elapsed
Epoch 17,   200/  454; acc:  84.04; ppl:   1.90; 3438 src tok/s; 3560 tgt tok/s;     50 s elapsed
Epoch 17,   250/  454; acc:  84.48; ppl:   1.87; 3398 src tok/s; 3532 tgt tok/s;     62 s elapsed
Epoch 17,   300/  454; acc:  83.75; ppl:   1.95; 3413 src tok/s; 3550 tgt tok/s;     74 s elapsed
Epoch 17,   350/  454; acc:  83.71; ppl:   1.98; 3380 src tok/s; 3494 tgt tok/s;     87 s elapsed
Epoch 17,   400/  454; acc:  84.86; ppl:   1.84; 3323 src tok/s; 3467 tgt tok/s;     99 s elapsed
Epoch 17,   450/  454; acc:  84.14; ppl:   1.91; 3436 src tok/s; 3561 tgt tok/s;    111 s elapsed
Train perplexity: 1.91676
Train accuracy: 84.1093
Validation perplexity: 6.44208
Validation accuracy: 69.7602
Decaying learning rate to 0.000976562
