<module 'opts' from '/u/suhubdyd/research/projects/jumble_lstm/code/auxiliary-nmt/opts.pyc'>
Namespace(batch_size=64, brnn=False, brnn_merge='concat', cnn_kernel_width=3, context_gate=None, copy_attn=False, copy_attn_force=False, coverage_attn=False, data='/data/lisatmp3/suhubdyd/multi30k.atok.low', dec_layers=1, decay_method='', decoder_type='rnn', dropout=0.3, enc_layers=2, encoder_type='rnn', epochs=17, exp='', exp_host='', feat_merge='concat', feat_vec_exponent=0.7, feat_vec_size=-1, fix_word_vecs_dec=False, fix_word_vecs_enc=False, global_attention='general', gpuid=[0], input_feed=1, kappa_dec=0.4, kappa_enc=0.3, lambda_coverage=1, layers=-1, learning_rate=1.0, learning_rate_decay=0.5, max_generator_batches=32, max_grad_norm=5, model_type='text', optim='sgd', param_init=0.1, position_encoding=False, pre_word_vecs_dec=None, pre_word_vecs_enc=None, report_every=50, rnn_size=500, rnn_type='LSTM', save_model='/data/lisatmp3/suhubdyd/models/seeds/encoder0.3decoder0.4dropout0.3wdropFalseseed4', seed=4, share_decoder_embeddings=False, share_embeddings=False, src_word_vec_size=500, start_checkpoint_at=0, start_decay_at=8, start_epoch=1, tgt_word_vec_size=500, train_from='', truncated_decoder=0, warmup_steps=4000, weightdropout=False, word_vec_size=-1)
('Using Kappa L2 loss on encoder', 0.3)
('Using Kappa L2 loss on decoder', 0.4)
Loading train and validate data from '/data/lisatmp3/suhubdyd/multi30k.atok.low'
 * number of training sentences: 29000
 * maximum batch size: 64
 * vocabulary size. source = 10841; target = 18563
Building model...
Intializing model parameters.
NMTModel (
  (encoder): RNNEncoder (
    (embeddings): Embeddings (
      (make_embedding): Sequential (
        (emb_luts): Elementwise (
          (0): Embedding(10841, 500, padding_idx=1)
        )
      )
    )
    (dropout): Dropout (p = 0.3)
    (rnn): LSTM(500, 500, dropout=0.3)
  )
  (decoder): InputFeedRNNDecoder (
    (embeddings): Embeddings (
      (make_embedding): Sequential (
        (emb_luts): Elementwise (
          (0): Embedding(18563, 500, padding_idx=1)
        )
      )
    )
    (dropout): Dropout (p = 0.3)
    (rnn): StackedLSTM (
      (dropout): Dropout (p = 0.3)
      (layers): ModuleList (
        (0): LSTMCell(1000, 500)
      )
    )
    (attn): GlobalAttention (
      (linear_in): Linear (500 -> 500)
      (linear_out): Linear (1000 -> 500)
      (sm): Softmax ()
      (tanh): Tanh ()
    )
  )
  (generator): Sequential (
    (0): Linear (500 -> 18563)
    (1): LogSoftmax ()
  )
)
* number of parameters: 29760063
('encoder: ', 7424500)
('decoder: ', 22335563)

Epoch  1,    50/  454; acc:   9.01; ppl: 17965.22; 4713 src tok/s; 4887 tgt tok/s;      9 s elapsed
Epoch  1,   100/  454; acc:  15.70; ppl: 1142.48; 4761 src tok/s; 4962 tgt tok/s;     18 s elapsed
Epoch  1,   150/  454; acc:  18.15; ppl: 480.36; 4896 src tok/s; 5057 tgt tok/s;     26 s elapsed
Epoch  1,   200/  454; acc:  21.86; ppl: 244.59; 4786 src tok/s; 4991 tgt tok/s;     35 s elapsed
Epoch  1,   250/  454; acc:  24.86; ppl: 159.69; 4868 src tok/s; 5052 tgt tok/s;     44 s elapsed
Epoch  1,   300/  454; acc:  26.51; ppl: 127.62; 4842 src tok/s; 5005 tgt tok/s;     52 s elapsed
Epoch  1,   350/  454; acc:  29.77; ppl:  91.85; 4783 src tok/s; 4991 tgt tok/s;     61 s elapsed
Epoch  1,   400/  454; acc:  31.69; ppl:  78.98; 4905 src tok/s; 5058 tgt tok/s;     70 s elapsed
Epoch  1,   450/  454; acc:  33.02; ppl:  67.10; 4768 src tok/s; 4953 tgt tok/s;     78 s elapsed
Train perplexity: 302.945
Train accuracy: 23.4691
Validation perplexity: 58.991
Validation accuracy: 34.7595

Epoch  2,    50/  454; acc:  36.54; ppl:  50.93; 4749 src tok/s; 4974 tgt tok/s;      8 s elapsed
Epoch  2,   100/  454; acc:  37.63; ppl:  48.87; 4904 src tok/s; 5040 tgt tok/s;     17 s elapsed
Epoch  2,   150/  454; acc:  40.97; ppl:  37.79; 4711 src tok/s; 4909 tgt tok/s;     26 s elapsed
Epoch  2,   200/  454; acc:  42.94; ppl:  32.48; 4809 src tok/s; 4993 tgt tok/s;     35 s elapsed
Epoch  2,   250/  454; acc:  44.45; ppl:  29.58; 4820 src tok/s; 4953 tgt tok/s;     44 s elapsed
Epoch  2,   300/  454; acc:  47.92; ppl:  23.22; 4850 src tok/s; 5071 tgt tok/s;     52 s elapsed
Epoch  2,   350/  454; acc:  47.72; ppl:  22.82; 4899 src tok/s; 5077 tgt tok/s;     61 s elapsed
Epoch  2,   400/  454; acc:  51.17; ppl:  19.42; 4760 src tok/s; 4947 tgt tok/s;     70 s elapsed
Epoch  2,   450/  454; acc:  52.65; ppl:  17.29; 4769 src tok/s; 4986 tgt tok/s;     78 s elapsed
Train perplexity: 29.3681
Train accuracy: 44.6403
Validation perplexity: 16.5401
Validation accuracy: 54.3565

Epoch  3,    50/  454; acc:  54.09; ppl:  14.87; 4758 src tok/s; 4934 tgt tok/s;      9 s elapsed
Epoch  3,   100/  454; acc:  54.23; ppl:  14.70; 4897 src tok/s; 5070 tgt tok/s;     17 s elapsed
Epoch  3,   150/  454; acc:  54.98; ppl:  13.90; 4892 src tok/s; 5081 tgt tok/s;     26 s elapsed
Epoch  3,   200/  454; acc:  56.41; ppl:  12.90; 4758 src tok/s; 4950 tgt tok/s;     35 s elapsed
Epoch  3,   250/  454; acc:  56.96; ppl:  12.39; 4755 src tok/s; 4945 tgt tok/s;     44 s elapsed
Epoch  3,   300/  454; acc:  57.19; ppl:  12.17; 4890 src tok/s; 5041 tgt tok/s;     52 s elapsed
Epoch  3,   350/  454; acc:  57.67; ppl:  11.81; 4819 src tok/s; 5024 tgt tok/s;     61 s elapsed
Epoch  3,   400/  454; acc:  58.54; ppl:  11.03; 4906 src tok/s; 5092 tgt tok/s;     69 s elapsed
Epoch  3,   450/  454; acc:  58.85; ppl:  10.97; 4744 src tok/s; 4906 tgt tok/s;     78 s elapsed
Train perplexity: 12.6323
Train accuracy: 56.5949
Validation perplexity: 9.90157
Validation accuracy: 61.6433

Epoch  4,    50/  454; acc:  61.45; ppl:   8.66; 4852 src tok/s; 5028 tgt tok/s;      9 s elapsed
Epoch  4,   100/  454; acc:  61.35; ppl:   8.61; 4734 src tok/s; 4915 tgt tok/s;     18 s elapsed
Epoch  4,   150/  454; acc:  61.74; ppl:   8.24; 4774 src tok/s; 4965 tgt tok/s;     26 s elapsed
Epoch  4,   200/  454; acc:  61.13; ppl:   8.79; 4843 src tok/s; 4992 tgt tok/s;     35 s elapsed
Epoch  4,   250/  454; acc:  61.72; ppl:   8.49; 4881 src tok/s; 5093 tgt tok/s;     44 s elapsed
Epoch  4,   300/  454; acc:  62.11; ppl:   8.26; 4788 src tok/s; 4986 tgt tok/s;     52 s elapsed
Epoch  4,   350/  454; acc:  63.37; ppl:   7.84; 4684 src tok/s; 4903 tgt tok/s;     61 s elapsed
Epoch  4,   400/  454; acc:  62.41; ppl:   8.04; 4956 src tok/s; 5098 tgt tok/s;     70 s elapsed
Epoch  4,   450/  454; acc:  62.86; ppl:   7.92; 4757 src tok/s; 4928 tgt tok/s;     78 s elapsed
Train perplexity: 8.30312
Train accuracy: 62.0256
Validation perplexity: 8.67565
Validation accuracy: 62.5302

Epoch  5,    50/  454; acc:  65.02; ppl:   6.43; 4907 src tok/s; 5078 tgt tok/s;      9 s elapsed
Epoch  5,   100/  454; acc:  65.06; ppl:   6.44; 4784 src tok/s; 4958 tgt tok/s;     17 s elapsed
Epoch  5,   150/  454; acc:  66.29; ppl:   6.04; 4843 src tok/s; 5052 tgt tok/s;     26 s elapsed
Epoch  5,   200/  454; acc:  64.23; ppl:   6.68; 4813 src tok/s; 4988 tgt tok/s;     35 s elapsed
Epoch  5,   250/  454; acc:  64.66; ppl:   6.58; 4756 src tok/s; 4915 tgt tok/s;     44 s elapsed
Epoch  5,   300/  454; acc:  66.25; ppl:   6.01; 4860 src tok/s; 5034 tgt tok/s;     52 s elapsed
Epoch  5,   350/  454; acc:  66.88; ppl:   5.77; 4738 src tok/s; 4967 tgt tok/s;     61 s elapsed
Epoch  5,   400/  454; acc:  64.86; ppl:   6.44; 4751 src tok/s; 4902 tgt tok/s;     70 s elapsed
Epoch  5,   450/  454; acc:  66.59; ppl:   5.99; 4721 src tok/s; 4921 tgt tok/s;     78 s elapsed
Train perplexity: 6.27518
Train accuracy: 65.4826
Validation perplexity: 7.32187
Validation accuracy: 65.5882

Epoch  6,    50/  454; acc:  67.90; ppl:   5.06; 4954 src tok/s; 5096 tgt tok/s;      9 s elapsed
Epoch  6,   100/  454; acc:  68.93; ppl:   4.81; 4685 src tok/s; 4911 tgt tok/s;     17 s elapsed
Epoch  6,   150/  454; acc:  68.22; ppl:   5.00; 4861 src tok/s; 5039 tgt tok/s;     26 s elapsed
Epoch  6,   200/  454; acc:  68.35; ppl:   4.99; 4713 src tok/s; 4891 tgt tok/s;     35 s elapsed
Epoch  6,   250/  454; acc:  69.01; ppl:   4.72; 4850 src tok/s; 5044 tgt tok/s;     43 s elapsed
Epoch  6,   300/  454; acc:  66.48; ppl:   5.51; 4759 src tok/s; 4929 tgt tok/s;     52 s elapsed
Epoch  6,   350/  454; acc:  68.76; ppl:   4.89; 4737 src tok/s; 4960 tgt tok/s;     61 s elapsed
Epoch  6,   400/  454; acc:  65.99; ppl:   5.81; 4809 src tok/s; 4949 tgt tok/s;     70 s elapsed
Epoch  6,   450/  454; acc:  68.13; ppl:   4.98; 4867 src tok/s; 5054 tgt tok/s;     79 s elapsed
Train perplexity: 5.07879
Train accuracy: 67.9611
Validation perplexity: 6.98792
Validation accuracy: 65.9571

Epoch  7,    50/  454; acc:  70.39; ppl:   4.21; 4834 src tok/s; 4994 tgt tok/s;      9 s elapsed
Epoch  7,   100/  454; acc:  71.26; ppl:   4.06; 4775 src tok/s; 4986 tgt tok/s;     18 s elapsed
Epoch  7,   150/  454; acc:  70.74; ppl:   4.16; 4761 src tok/s; 4954 tgt tok/s;     26 s elapsed
Epoch  7,   200/  454; acc:  69.95; ppl:   4.30; 4843 src tok/s; 5017 tgt tok/s;     35 s elapsed
Epoch  7,   250/  454; acc:  69.13; ppl:   4.48; 4883 src tok/s; 5027 tgt tok/s;     44 s elapsed
Epoch  7,   300/  454; acc:  70.79; ppl:   4.10; 4761 src tok/s; 4979 tgt tok/s;     52 s elapsed
Epoch  7,   350/  454; acc:  69.57; ppl:   4.35; 4886 src tok/s; 5064 tgt tok/s;     61 s elapsed
Epoch  7,   400/  454; acc:  70.15; ppl:   4.28; 4714 src tok/s; 4887 tgt tok/s;     70 s elapsed
Epoch  7,   450/  454; acc:  70.46; ppl:   4.18; 4771 src tok/s; 4976 tgt tok/s;     78 s elapsed
Train perplexity: 4.25928
Train accuracy: 70.1781
Validation perplexity: 6.61086
Validation accuracy: 66.695

Epoch  8,    50/  454; acc:  72.09; ppl:   3.71; 4822 src tok/s; 4987 tgt tok/s;      9 s elapsed
Epoch  8,   100/  454; acc:  72.95; ppl:   3.50; 4813 src tok/s; 5007 tgt tok/s;     17 s elapsed
Epoch  8,   150/  454; acc:  72.62; ppl:   3.55; 4718 src tok/s; 4914 tgt tok/s;     26 s elapsed
Epoch  8,   200/  454; acc:  71.56; ppl:   3.76; 4930 src tok/s; 5079 tgt tok/s;     35 s elapsed
Epoch  8,   250/  454; acc:  70.96; ppl:   3.89; 4827 src tok/s; 4967 tgt tok/s;     44 s elapsed
Epoch  8,   300/  454; acc:  72.32; ppl:   3.58; 4772 src tok/s; 4970 tgt tok/s;     52 s elapsed
Epoch  8,   350/  454; acc:  71.32; ppl:   3.81; 4725 src tok/s; 4928 tgt tok/s;     61 s elapsed
Epoch  8,   400/  454; acc:  71.18; ppl:   3.83; 4870 src tok/s; 5062 tgt tok/s;     70 s elapsed
Epoch  8,   450/  454; acc:  71.58; ppl:   3.71; 4812 src tok/s; 5021 tgt tok/s;     78 s elapsed
Train perplexity: 3.70642
Train accuracy: 71.8192
Validation perplexity: 6.72865
Validation accuracy: 66.8582
Decaying learning rate to 0.5

Epoch  9,    50/  454; acc:  76.75; ppl:   2.77; 4772 src tok/s; 4965 tgt tok/s;      9 s elapsed
Epoch  9,   100/  454; acc:  76.43; ppl:   2.83; 4868 src tok/s; 5056 tgt tok/s;     17 s elapsed
Epoch  9,   150/  454; acc:  76.10; ppl:   2.88; 4883 src tok/s; 5081 tgt tok/s;     26 s elapsed
Epoch  9,   200/  454; acc:  77.22; ppl:   2.69; 4801 src tok/s; 4979 tgt tok/s;     35 s elapsed
Epoch  9,   250/  454; acc:  77.31; ppl:   2.71; 4642 src tok/s; 4845 tgt tok/s;     43 s elapsed
Epoch  9,   300/  454; acc:  76.19; ppl:   2.85; 4832 src tok/s; 4991 tgt tok/s;     52 s elapsed
Epoch  9,   350/  454; acc:  76.90; ppl:   2.76; 4897 src tok/s; 5052 tgt tok/s;     61 s elapsed
Epoch  9,   400/  454; acc:  76.51; ppl:   2.83; 4744 src tok/s; 4937 tgt tok/s;     70 s elapsed
Epoch  9,   450/  454; acc:  76.27; ppl:   2.80; 4761 src tok/s; 4925 tgt tok/s;     79 s elapsed
Train perplexity: 2.78973
Train accuracy: 76.6452
Validation perplexity: 6.1227
Validation accuracy: 69.0436
Decaying learning rate to 0.25

Epoch 10,    50/  454; acc:  80.40; ppl:   2.29; 4814 src tok/s; 4997 tgt tok/s;      9 s elapsed
Epoch 10,   100/  454; acc:  80.08; ppl:   2.37; 4756 src tok/s; 4942 tgt tok/s;     18 s elapsed
Epoch 10,   150/  454; acc:  79.79; ppl:   2.38; 4758 src tok/s; 4949 tgt tok/s;     26 s elapsed
Epoch 10,   200/  454; acc:  80.93; ppl:   2.24; 4797 src tok/s; 4982 tgt tok/s;     35 s elapsed
Epoch 10,   250/  454; acc:  79.52; ppl:   2.43; 4869 src tok/s; 5056 tgt tok/s;     44 s elapsed
Epoch 10,   300/  454; acc:  80.68; ppl:   2.23; 4911 src tok/s; 5080 tgt tok/s;     52 s elapsed
Epoch 10,   350/  454; acc:  80.11; ppl:   2.29; 4862 src tok/s; 5035 tgt tok/s;     61 s elapsed
Epoch 10,   400/  454; acc:  80.17; ppl:   2.31; 4723 src tok/s; 4906 tgt tok/s;     70 s elapsed
Epoch 10,   450/  454; acc:  79.72; ppl:   2.37; 4760 src tok/s; 4935 tgt tok/s;     79 s elapsed
Train perplexity: 2.32185
Train accuracy: 80.1644
Validation perplexity: 6.24044
Validation accuracy: 69.6963
Decaying learning rate to 0.125

Epoch 11,    50/  454; acc:  82.94; ppl:   2.02; 4865 src tok/s; 5080 tgt tok/s;      8 s elapsed
Epoch 11,   100/  454; acc:  81.94; ppl:   2.15; 4763 src tok/s; 4933 tgt tok/s;     17 s elapsed
Epoch 11,   150/  454; acc:  81.44; ppl:   2.18; 4758 src tok/s; 4944 tgt tok/s;     27 s elapsed
Epoch 11,   200/  454; acc:  83.02; ppl:   2.04; 4754 src tok/s; 4975 tgt tok/s;     35 s elapsed
Epoch 11,   250/  454; acc:  82.99; ppl:   2.02; 4822 src tok/s; 5011 tgt tok/s;     44 s elapsed
Epoch 11,   300/  454; acc:  81.81; ppl:   2.19; 4844 src tok/s; 4999 tgt tok/s;     52 s elapsed
Epoch 11,   350/  454; acc:  82.69; ppl:   2.03; 4806 src tok/s; 5020 tgt tok/s;     61 s elapsed
Epoch 11,   400/  454; acc:  81.08; ppl:   2.23; 4802 src tok/s; 4955 tgt tok/s;     70 s elapsed
Epoch 11,   450/  454; acc:  82.05; ppl:   2.11; 4847 src tok/s; 4975 tgt tok/s;     79 s elapsed
Train perplexity: 2.10765
Train accuracy: 82.2178
Validation perplexity: 6.2536
Validation accuracy: 69.6396
Decaying learning rate to 0.0625

Epoch 12,    50/  454; acc:  82.77; ppl:   2.04; 4791 src tok/s; 4947 tgt tok/s;      9 s elapsed
Epoch 12,   100/  454; acc:  83.94; ppl:   1.94; 4794 src tok/s; 4992 tgt tok/s;     17 s elapsed
Epoch 12,   150/  454; acc:  82.98; ppl:   2.04; 4825 src tok/s; 5011 tgt tok/s;     26 s elapsed
Epoch 12,   200/  454; acc:  83.76; ppl:   1.94; 4855 src tok/s; 5071 tgt tok/s;     35 s elapsed
Epoch 12,   250/  454; acc:  83.97; ppl:   1.93; 4861 src tok/s; 5077 tgt tok/s;     43 s elapsed
Epoch 12,   300/  454; acc:  82.60; ppl:   2.08; 4820 src tok/s; 4969 tgt tok/s;     52 s elapsed
Epoch 12,   350/  454; acc:  83.09; ppl:   2.01; 4758 src tok/s; 4947 tgt tok/s;     61 s elapsed
Epoch 12,   400/  454; acc:  83.18; ppl:   2.01; 4870 src tok/s; 5039 tgt tok/s;     70 s elapsed
Epoch 12,   450/  454; acc:  82.67; ppl:   2.07; 4681 src tok/s; 4837 tgt tok/s;     79 s elapsed
Train perplexity: 2.00533
Train accuracy: 83.2247
Validation perplexity: 6.34804
Validation accuracy: 69.7389
Decaying learning rate to 0.03125

Epoch 13,    50/  454; acc:  84.67; ppl:   1.88; 4811 src tok/s; 5004 tgt tok/s;      8 s elapsed
Epoch 13,   100/  454; acc:  83.61; ppl:   1.98; 4809 src tok/s; 4975 tgt tok/s;     17 s elapsed
Epoch 13,   150/  454; acc:  84.12; ppl:   1.92; 4781 src tok/s; 4960 tgt tok/s;     26 s elapsed
Epoch 13,   200/  454; acc:  83.43; ppl:   1.97; 4841 src tok/s; 5016 tgt tok/s;     35 s elapsed
Epoch 13,   250/  454; acc:  84.21; ppl:   1.91; 4827 src tok/s; 5042 tgt tok/s;     43 s elapsed
Epoch 13,   300/  454; acc:  83.48; ppl:   1.99; 4852 src tok/s; 4992 tgt tok/s;     52 s elapsed
Epoch 13,   350/  454; acc:  83.32; ppl:   2.00; 4806 src tok/s; 4987 tgt tok/s;     61 s elapsed
Epoch 13,   400/  454; acc:  83.44; ppl:   1.99; 4735 src tok/s; 4920 tgt tok/s;     70 s elapsed
Epoch 13,   450/  454; acc:  83.56; ppl:   1.96; 4758 src tok/s; 4955 tgt tok/s;     79 s elapsed
Train perplexity: 1.95383
Train accuracy: 83.7581
Validation perplexity: 6.40704
Validation accuracy: 69.6041
Decaying learning rate to 0.015625

Epoch 14,    50/  454; acc:  85.85; ppl:   1.78; 4627 src tok/s; 4865 tgt tok/s;      8 s elapsed
Epoch 14,   100/  454; acc:  82.67; ppl:   2.08; 4853 src tok/s; 4989 tgt tok/s;     18 s elapsed
Epoch 14,   150/  454; acc:  84.66; ppl:   1.88; 4797 src tok/s; 5006 tgt tok/s;     26 s elapsed
Epoch 14,   200/  454; acc:  84.04; ppl:   1.95; 4850 src tok/s; 5014 tgt tok/s;     35 s elapsed
Epoch 14,   250/  454; acc:  83.57; ppl:   1.98; 4873 src tok/s; 5072 tgt tok/s;     44 s elapsed
Epoch 14,   300/  454; acc:  84.03; ppl:   1.94; 4830 src tok/s; 5010 tgt tok/s;     52 s elapsed
Epoch 14,   350/  454; acc:  83.27; ppl:   2.01; 4776 src tok/s; 4937 tgt tok/s;     61 s elapsed
Epoch 14,   400/  454; acc:  84.67; ppl:   1.85; 4834 src tok/s; 5021 tgt tok/s;     70 s elapsed
Epoch 14,   450/  454; acc:  84.20; ppl:   1.92; 4813 src tok/s; 4978 tgt tok/s;     79 s elapsed
Train perplexity: 1.93272
Train accuracy: 84.0885
Validation perplexity: 6.43919
Validation accuracy: 69.6467
Decaying learning rate to 0.0078125

Epoch 15,    50/  454; acc:  83.80; ppl:   1.94; 4720 src tok/s; 4892 tgt tok/s;      9 s elapsed
Epoch 15,   100/  454; acc:  84.56; ppl:   1.90; 4891 src tok/s; 5061 tgt tok/s;     18 s elapsed
Epoch 15,   150/  454; acc:  84.25; ppl:   1.94; 4796 src tok/s; 4983 tgt tok/s;     26 s elapsed
Epoch 15,   200/  454; acc:  83.95; ppl:   1.94; 4706 src tok/s; 4907 tgt tok/s;     35 s elapsed
Epoch 15,   250/  454; acc:  84.04; ppl:   1.93; 4925 src tok/s; 5099 tgt tok/s;     44 s elapsed
Epoch 15,   300/  454; acc:  84.29; ppl:   1.90; 4862 src tok/s; 5083 tgt tok/s;     52 s elapsed
Epoch 15,   350/  454; acc:  84.47; ppl:   1.88; 4751 src tok/s; 4937 tgt tok/s;     61 s elapsed
Epoch 15,   400/  454; acc:  83.83; ppl:   1.94; 4785 src tok/s; 4953 tgt tok/s;     70 s elapsed
Epoch 15,   450/  454; acc:  84.17; ppl:   1.93; 4808 src tok/s; 4965 tgt tok/s;     79 s elapsed
Train perplexity: 1.92064
Train accuracy: 84.1697
Validation perplexity: 6.44583
Validation accuracy: 69.6963
Decaying learning rate to 0.00390625

Epoch 16,    50/  454; acc:  85.01; ppl:   1.85; 4738 src tok/s; 4929 tgt tok/s;      9 s elapsed
Epoch 16,   100/  454; acc:  83.67; ppl:   1.96; 4932 src tok/s; 5103 tgt tok/s;     17 s elapsed
Epoch 16,   150/  454; acc:  83.66; ppl:   1.98; 4804 src tok/s; 4977 tgt tok/s;     26 s elapsed
Epoch 16,   200/  454; acc:  84.67; ppl:   1.89; 4668 src tok/s; 4869 tgt tok/s;     35 s elapsed
Epoch 16,   250/  454; acc:  84.47; ppl:   1.88; 4725 src tok/s; 4917 tgt tok/s;     44 s elapsed
Epoch 16,   300/  454; acc:  83.91; ppl:   1.92; 4839 src tok/s; 5032 tgt tok/s;     53 s elapsed
Epoch 16,   350/  454; acc:  83.26; ppl:   1.99; 4827 src tok/s; 4978 tgt tok/s;     62 s elapsed
Epoch 16,   400/  454; acc:  84.83; ppl:   1.85; 4842 src tok/s; 5053 tgt tok/s;     70 s elapsed
Epoch 16,   450/  454; acc:  84.38; ppl:   1.90; 4861 src tok/s; 5017 tgt tok/s;     79 s elapsed
Train perplexity: 1.91341
Train accuracy: 84.2114
Validation perplexity: 6.45028
Validation accuracy: 69.7176
Decaying learning rate to 0.00195312

Epoch 17,    50/  454; acc:  83.81; ppl:   1.92; 4948 src tok/s; 5098 tgt tok/s;      9 s elapsed
Epoch 17,   100/  454; acc:  84.38; ppl:   1.92; 4705 src tok/s; 4900 tgt tok/s;     17 s elapsed
Epoch 17,   150/  454; acc:  83.60; ppl:   1.99; 4826 src tok/s; 5005 tgt tok/s;     26 s elapsed
Epoch 17,   200/  454; acc:  85.30; ppl:   1.83; 4856 src tok/s; 5031 tgt tok/s;     35 s elapsed
Epoch 17,   250/  454; acc:  84.70; ppl:   1.86; 4892 src tok/s; 5058 tgt tok/s;     43 s elapsed
Epoch 17,   300/  454; acc:  83.58; ppl:   1.97; 4750 src tok/s; 4931 tgt tok/s;     52 s elapsed
Epoch 17,   350/  454; acc:  84.64; ppl:   1.87; 4734 src tok/s; 4933 tgt tok/s;     61 s elapsed
Epoch 17,   400/  454; acc:  84.11; ppl:   1.92; 4722 src tok/s; 4925 tgt tok/s;     70 s elapsed
Epoch 17,   450/  454; acc:  84.36; ppl:   1.91; 4786 src tok/s; 4970 tgt tok/s;     79 s elapsed
Train perplexity: 1.91123
Train accuracy: 84.2488
Validation perplexity: 6.45265
Validation accuracy: 69.7105
Decaying learning rate to 0.000976562
