<module 'opts' from '/u/suhubdyd/research/projects/jumble_lstm/code/auxiliary-nmt/opts.pyc'>
Namespace(batch_size=64, brnn=False, brnn_merge='concat', cnn_kernel_width=3, context_gate=None, copy_attn=False, copy_attn_force=False, coverage_attn=False, data='/data/lisatmp3/suhubdyd/multi30k.atok.low', dec_layers=1, decay_method='', decoder_type='rnn', dropout=0.6, enc_layers=2, encoder_type='rnn', epochs=17, exp='', exp_host='', feat_merge='concat', feat_vec_exponent=0.7, feat_vec_size=-1, fix_word_vecs_dec=False, fix_word_vecs_enc=False, global_attention='general', gpuid=[0], input_feed=1, kappa_dec=0.15, kappa_enc=0.15, lambda_coverage=1, layers=-1, learning_rate=1.0, learning_rate_decay=0.5, max_generator_batches=32, max_grad_norm=5, model_type='text', optim='sgd', param_init=0.1, position_encoding=False, pre_word_vecs_dec=None, pre_word_vecs_enc=None, report_every=50, rnn_size=500, rnn_type='LSTM', save_model='/data/lisatmp3/suhubdyd/models/encoder0.15_decoder0.15_dropout0.6', seed=1, share_decoder_embeddings=False, share_embeddings=False, src_word_vec_size=500, start_checkpoint_at=0, start_decay_at=8, start_epoch=1, tgt_word_vec_size=500, train_from='', truncated_decoder=0, warmup_steps=4000, word_vec_size=-1)
('Using Kappa L2 loss on encoder', 0.15)
('Using Kappa L2 loss on decoder', 0.15)
Loading train and validate data from '/data/lisatmp3/suhubdyd/multi30k.atok.low'
 * number of training sentences: 29000
 * maximum batch size: 64
 * vocabulary size. source = 10841; target = 18563
Building model...
Intializing model parameters.
NMTModel (
  (encoder): RNNEncoder (
    (embeddings): Embeddings (
      (make_embedding): Sequential (
        (emb_luts): Elementwise (
          (0): Embedding(10841, 500, padding_idx=1)
        )
      )
    )
    (dropout): Dropout (p = 0.6)
    (rnn): LSTM(500, 500, dropout=0.6)
  )
  (decoder): InputFeedRNNDecoder (
    (embeddings): Embeddings (
      (make_embedding): Sequential (
        (emb_luts): Elementwise (
          (0): Embedding(18563, 500, padding_idx=1)
        )
      )
    )
    (dropout): Dropout (p = 0.6)
    (rnn): StackedLSTM (
      (dropout): Dropout (p = 0.6)
      (layers): ModuleList (
        (0): LSTMCell(1000, 500)
      )
    )
    (attn): GlobalAttention (
      (linear_in): Linear (500 -> 500)
      (linear_out): Linear (1000 -> 500)
      (sm): Softmax ()
      (tanh): Tanh ()
    )
  )
  (generator): Sequential (
    (0): Linear (500 -> 18563)
    (1): LogSoftmax ()
  )
)
* number of parameters: 29760063
('encoder: ', 7424500)
('decoder: ', 22335563)

Epoch  1,    50/  454; acc:  10.00; ppl: 13215.73; 3039 src tok/s; 3141 tgt tok/s;     14 s elapsed
Epoch  1,   100/  454; acc:  16.19; ppl: 1306.23; 3203 src tok/s; 3344 tgt tok/s;     27 s elapsed
Epoch  1,   150/  454; acc:  19.51; ppl: 411.45; 3198 src tok/s; 3348 tgt tok/s;     40 s elapsed
Epoch  1,   200/  454; acc:  21.91; ppl: 228.26; 3212 src tok/s; 3317 tgt tok/s;     53 s elapsed
Epoch  1,   250/  454; acc:  25.76; ppl: 151.74; 3203 src tok/s; 3322 tgt tok/s;     66 s elapsed
Epoch  1,   300/  454; acc:  27.92; ppl: 112.92; 3197 src tok/s; 3327 tgt tok/s;     79 s elapsed
Epoch  1,   350/  454; acc:  30.29; ppl:  87.31; 3154 src tok/s; 3259 tgt tok/s;     93 s elapsed
Epoch  1,   400/  454; acc:  31.56; ppl:  75.67; 3242 src tok/s; 3357 tgt tok/s;    106 s elapsed
Epoch  1,   450/  454; acc:  33.11; ppl:  66.83; 3154 src tok/s; 3268 tgt tok/s;    119 s elapsed
Train perplexity: 282.974
Train accuracy: 24.1166
Validation perplexity: 53.9464
Validation accuracy: 36.6539

Epoch  2,    50/  454; acc:  35.57; ppl:  52.87; 3133 src tok/s; 3249 tgt tok/s;     14 s elapsed
Epoch  2,   100/  454; acc:  39.21; ppl:  42.26; 3248 src tok/s; 3376 tgt tok/s;     26 s elapsed
Epoch  2,   150/  454; acc:  42.69; ppl:  33.04; 3135 src tok/s; 3268 tgt tok/s;     39 s elapsed
Epoch  2,   200/  454; acc:  43.07; ppl:  31.63; 3187 src tok/s; 3299 tgt tok/s;     53 s elapsed
Epoch  2,   250/  454; acc:  44.98; ppl:  27.64; 3185 src tok/s; 3306 tgt tok/s;     66 s elapsed
Epoch  2,   300/  454; acc:  47.28; ppl:  24.03; 3218 src tok/s; 3328 tgt tok/s;     79 s elapsed
Epoch  2,   350/  454; acc:  48.58; ppl:  22.31; 3173 src tok/s; 3290 tgt tok/s;     92 s elapsed
Epoch  2,   400/  454; acc:  49.99; ppl:  19.50; 3242 src tok/s; 3377 tgt tok/s;    105 s elapsed
Epoch  2,   450/  454; acc:  51.32; ppl:  18.16; 3188 src tok/s; 3306 tgt tok/s;    118 s elapsed
Train perplexity: 28.3469
Train accuracy: 44.8026
Validation perplexity: 15.2408
Validation accuracy: 53.7321

Epoch  3,    50/  454; acc:  54.21; ppl:  14.07; 3217 src tok/s; 3345 tgt tok/s;     13 s elapsed
Epoch  3,   100/  454; acc:  53.87; ppl:  14.33; 3200 src tok/s; 3314 tgt tok/s;     26 s elapsed
Epoch  3,   150/  454; acc:  54.24; ppl:  14.18; 3214 src tok/s; 3324 tgt tok/s;     39 s elapsed
Epoch  3,   200/  454; acc:  55.97; ppl:  12.71; 3196 src tok/s; 3334 tgt tok/s;     52 s elapsed
Epoch  3,   250/  454; acc:  55.62; ppl:  13.07; 3163 src tok/s; 3269 tgt tok/s;     66 s elapsed
Epoch  3,   300/  454; acc:  56.82; ppl:  11.99; 3255 src tok/s; 3380 tgt tok/s;     79 s elapsed
Epoch  3,   350/  454; acc:  57.61; ppl:  11.50; 3236 src tok/s; 3347 tgt tok/s;     92 s elapsed
Epoch  3,   400/  454; acc:  57.70; ppl:  11.31; 3070 src tok/s; 3205 tgt tok/s;    105 s elapsed
Epoch  3,   450/  454; acc:  58.08; ppl:  11.15; 3190 src tok/s; 3313 tgt tok/s;    118 s elapsed
Train perplexity: 12.6499
Train accuracy: 56.0199
Validation perplexity: 9.93259
Validation accuracy: 60.7776

Epoch  4,    50/  454; acc:  60.90; ppl:   8.60; 3276 src tok/s; 3383 tgt tok/s;     13 s elapsed
Epoch  4,   100/  454; acc:  60.17; ppl:   9.13; 3128 src tok/s; 3275 tgt tok/s;     26 s elapsed
Epoch  4,   150/  454; acc:  61.09; ppl:   8.60; 3213 src tok/s; 3343 tgt tok/s;     39 s elapsed
Epoch  4,   200/  454; acc:  59.58; ppl:   9.18; 3136 src tok/s; 3253 tgt tok/s;     53 s elapsed
Epoch  4,   250/  454; acc:  60.02; ppl:   9.03; 3206 src tok/s; 3296 tgt tok/s;     67 s elapsed
Epoch  4,   300/  454; acc:  62.48; ppl:   7.89; 3199 src tok/s; 3340 tgt tok/s;     79 s elapsed
Epoch  4,   350/  454; acc:  61.05; ppl:   8.57; 3268 src tok/s; 3391 tgt tok/s;     92 s elapsed
Epoch  4,   400/  454; acc:  62.59; ppl:   7.76; 3156 src tok/s; 3286 tgt tok/s;    105 s elapsed
Epoch  4,   450/  454; acc:  61.87; ppl:   7.95; 3125 src tok/s; 3227 tgt tok/s;    118 s elapsed
Train perplexity: 8.51306
Train accuracy: 61.0769
Validation perplexity: 8.08892
Validation accuracy: 63.112

Epoch  5,    50/  454; acc:  63.92; ppl:   6.65; 3186 src tok/s; 3306 tgt tok/s;     13 s elapsed
Epoch  5,   100/  454; acc:  64.42; ppl:   6.58; 3212 src tok/s; 3330 tgt tok/s;     26 s elapsed
Epoch  5,   150/  454; acc:  64.08; ppl:   6.52; 3221 src tok/s; 3354 tgt tok/s;     39 s elapsed
Epoch  5,   200/  454; acc:  63.61; ppl:   6.82; 3165 src tok/s; 3298 tgt tok/s;     53 s elapsed
Epoch  5,   250/  454; acc:  64.47; ppl:   6.44; 3173 src tok/s; 3291 tgt tok/s;     66 s elapsed
Epoch  5,   300/  454; acc:  63.37; ppl:   6.85; 3235 src tok/s; 3343 tgt tok/s;     79 s elapsed
Epoch  5,   350/  454; acc:  64.35; ppl:   6.42; 3242 src tok/s; 3368 tgt tok/s;     92 s elapsed
Epoch  5,   400/  454; acc:  64.68; ppl:   6.35; 3143 src tok/s; 3272 tgt tok/s;    105 s elapsed
Epoch  5,   450/  454; acc:  64.73; ppl:   6.32; 3203 src tok/s; 3309 tgt tok/s;    118 s elapsed
Train perplexity: 6.54059
Train accuracy: 64.2016
Validation perplexity: 7.13135
Validation accuracy: 65.5172

Epoch  6,    50/  454; acc:  66.41; ppl:   5.53; 3164 src tok/s; 3278 tgt tok/s;     14 s elapsed
Epoch  6,   100/  454; acc:  67.20; ppl:   5.18; 3186 src tok/s; 3313 tgt tok/s;     27 s elapsed
Epoch  6,   150/  454; acc:  66.78; ppl:   5.40; 3236 src tok/s; 3364 tgt tok/s;     39 s elapsed
Epoch  6,   200/  454; acc:  66.15; ppl:   5.37; 3170 src tok/s; 3295 tgt tok/s;     53 s elapsed
Epoch  6,   250/  454; acc:  68.31; ppl:   4.95; 3183 src tok/s; 3326 tgt tok/s;     65 s elapsed
Epoch  6,   300/  454; acc:  64.96; ppl:   6.00; 3268 src tok/s; 3352 tgt tok/s;     79 s elapsed
Epoch  6,   350/  454; acc:  66.63; ppl:   5.37; 3239 src tok/s; 3347 tgt tok/s;     92 s elapsed
Epoch  6,   400/  454; acc:  67.13; ppl:   5.06; 3147 src tok/s; 3283 tgt tok/s;    105 s elapsed
Epoch  6,   450/  454; acc:  66.03; ppl:   5.46; 3101 src tok/s; 3226 tgt tok/s;    118 s elapsed
Train perplexity: 5.36786
Train accuracy: 66.5987
Validation perplexity: 6.70821
Validation accuracy: 67.4897

Epoch  7,    50/  454; acc:  69.08; ppl:   4.36; 3180 src tok/s; 3313 tgt tok/s;     13 s elapsed
Epoch  7,   100/  454; acc:  68.10; ppl:   4.69; 3154 src tok/s; 3260 tgt tok/s;     26 s elapsed
Epoch  7,   150/  454; acc:  68.26; ppl:   4.65; 3261 src tok/s; 3366 tgt tok/s;     40 s elapsed
Epoch  7,   200/  454; acc:  68.88; ppl:   4.42; 3187 src tok/s; 3323 tgt tok/s;     52 s elapsed
Epoch  7,   250/  454; acc:  68.94; ppl:   4.41; 3196 src tok/s; 3336 tgt tok/s;     65 s elapsed
Epoch  7,   300/  454; acc:  67.53; ppl:   4.85; 3101 src tok/s; 3205 tgt tok/s;     79 s elapsed
Epoch  7,   350/  454; acc:  68.10; ppl:   4.64; 3188 src tok/s; 3310 tgt tok/s;     92 s elapsed
Epoch  7,   400/  454; acc:  68.41; ppl:   4.60; 3271 src tok/s; 3390 tgt tok/s;    105 s elapsed
Epoch  7,   450/  454; acc:  67.85; ppl:   4.70; 3174 src tok/s; 3303 tgt tok/s;    118 s elapsed
Train perplexity: 4.59253
Train accuracy: 68.3334
Validation perplexity: 6.43043
Validation accuracy: 66.837

Epoch  8,    50/  454; acc:  71.48; ppl:   3.66; 3225 src tok/s; 3359 tgt tok/s;     13 s elapsed
Epoch  8,   100/  454; acc:  70.06; ppl:   4.01; 3202 src tok/s; 3321 tgt tok/s;     26 s elapsed
Epoch  8,   150/  454; acc:  70.46; ppl:   3.92; 3169 src tok/s; 3302 tgt tok/s;     39 s elapsed
Epoch  8,   200/  454; acc:  69.56; ppl:   4.09; 3243 src tok/s; 3347 tgt tok/s;     52 s elapsed
Epoch  8,   250/  454; acc:  69.69; ppl:   4.13; 3130 src tok/s; 3243 tgt tok/s;     66 s elapsed
Epoch  8,   300/  454; acc:  69.55; ppl:   4.10; 3144 src tok/s; 3270 tgt tok/s;     79 s elapsed
Epoch  8,   350/  454; acc:  70.47; ppl:   3.88; 3182 src tok/s; 3327 tgt tok/s;     92 s elapsed
Epoch  8,   400/  454; acc:  68.72; ppl:   4.31; 3241 src tok/s; 3333 tgt tok/s;    105 s elapsed
Epoch  8,   450/  454; acc:  68.99; ppl:   4.23; 3181 src tok/s; 3297 tgt tok/s;    118 s elapsed
Train perplexity: 4.02697
Train accuracy: 69.9094
Validation perplexity: 6.46317
Validation accuracy: 67.4613
Decaying learning rate to 0.5

Epoch  9,    50/  454; acc:  74.15; ppl:   3.18; 3164 src tok/s; 3291 tgt tok/s;     13 s elapsed
Epoch  9,   100/  454; acc:  74.34; ppl:   3.10; 3209 src tok/s; 3324 tgt tok/s;     26 s elapsed
Epoch  9,   150/  454; acc:  73.98; ppl:   3.16; 3118 src tok/s; 3233 tgt tok/s;     40 s elapsed
Epoch  9,   200/  454; acc:  75.01; ppl:   2.93; 3198 src tok/s; 3334 tgt tok/s;     53 s elapsed
Epoch  9,   250/  454; acc:  72.78; ppl:   3.39; 3284 src tok/s; 3376 tgt tok/s;     66 s elapsed
Epoch  9,   300/  454; acc:  75.26; ppl:   2.89; 3172 src tok/s; 3323 tgt tok/s;     79 s elapsed
Epoch  9,   350/  454; acc:  73.49; ppl:   3.22; 3245 src tok/s; 3355 tgt tok/s;     92 s elapsed
Epoch  9,   400/  454; acc:  74.29; ppl:   3.10; 3181 src tok/s; 3307 tgt tok/s;    105 s elapsed
Epoch  9,   450/  454; acc:  73.73; ppl:   3.17; 3181 src tok/s; 3297 tgt tok/s;    118 s elapsed
Train perplexity: 3.12445
Train accuracy: 74.1153
Validation perplexity: 5.87822
Validation accuracy: 69.5828
Decaying learning rate to 0.25

Epoch 10,    50/  454; acc:  77.48; ppl:   2.58; 3262 src tok/s; 3392 tgt tok/s;     13 s elapsed
Epoch 10,   100/  454; acc:  76.60; ppl:   2.72; 3194 src tok/s; 3305 tgt tok/s;     26 s elapsed
Epoch 10,   150/  454; acc:  77.61; ppl:   2.60; 3187 src tok/s; 3303 tgt tok/s;     39 s elapsed
Epoch 10,   200/  454; acc:  76.59; ppl:   2.73; 3203 src tok/s; 3320 tgt tok/s;     52 s elapsed
Epoch 10,   250/  454; acc:  75.96; ppl:   2.81; 3251 src tok/s; 3362 tgt tok/s;     66 s elapsed
Epoch 10,   300/  454; acc:  78.19; ppl:   2.50; 3101 src tok/s; 3249 tgt tok/s;     79 s elapsed
Epoch 10,   350/  454; acc:  77.49; ppl:   2.60; 3168 src tok/s; 3307 tgt tok/s;     91 s elapsed
Epoch 10,   400/  454; acc:  76.13; ppl:   2.74; 3240 src tok/s; 3343 tgt tok/s;    105 s elapsed
Epoch 10,   450/  454; acc:  76.41; ppl:   2.73; 3176 src tok/s; 3294 tgt tok/s;    118 s elapsed
Train perplexity: 2.66578
Train accuracy: 76.9339
Validation perplexity: 5.80322
Validation accuracy: 69.7176
Decaying learning rate to 0.125

Epoch 11,    50/  454; acc:  78.04; ppl:   2.55; 3172 src tok/s; 3268 tgt tok/s;     14 s elapsed
Epoch 11,   100/  454; acc:  79.21; ppl:   2.41; 3244 src tok/s; 3372 tgt tok/s;     26 s elapsed
Epoch 11,   150/  454; acc:  78.58; ppl:   2.49; 3196 src tok/s; 3300 tgt tok/s;     40 s elapsed
Epoch 11,   200/  454; acc:  79.42; ppl:   2.37; 3161 src tok/s; 3304 tgt tok/s;     53 s elapsed
Epoch 11,   250/  454; acc:  77.94; ppl:   2.55; 3210 src tok/s; 3309 tgt tok/s;     67 s elapsed
Epoch 11,   300/  454; acc:  79.96; ppl:   2.28; 3182 src tok/s; 3346 tgt tok/s;     79 s elapsed
Epoch 11,   350/  454; acc:  78.55; ppl:   2.47; 3229 src tok/s; 3348 tgt tok/s;     92 s elapsed
Epoch 11,   400/  454; acc:  78.41; ppl:   2.47; 3208 src tok/s; 3330 tgt tok/s;    105 s elapsed
Epoch 11,   450/  454; acc:  78.34; ppl:   2.49; 3134 src tok/s; 3254 tgt tok/s;    118 s elapsed
Train perplexity: 2.45425
Train accuracy: 78.6976
Validation perplexity: 5.78979
Validation accuracy: 70.2285
Decaying learning rate to 0.0625

Epoch 12,    50/  454; acc:  78.59; ppl:   2.48; 3198 src tok/s; 3310 tgt tok/s;     14 s elapsed
Epoch 12,   100/  454; acc:  80.13; ppl:   2.27; 3216 src tok/s; 3348 tgt tok/s;     26 s elapsed
Epoch 12,   150/  454; acc:  80.37; ppl:   2.22; 3201 src tok/s; 3343 tgt tok/s;     39 s elapsed
Epoch 12,   200/  454; acc:  78.74; ppl:   2.46; 3218 src tok/s; 3334 tgt tok/s;     52 s elapsed
Epoch 12,   250/  454; acc:  79.76; ppl:   2.31; 3275 src tok/s; 3377 tgt tok/s;     65 s elapsed
Epoch 12,   300/  454; acc:  79.29; ppl:   2.39; 3230 src tok/s; 3349 tgt tok/s;     78 s elapsed
Epoch 12,   350/  454; acc:  78.82; ppl:   2.45; 3249 src tok/s; 3359 tgt tok/s;     91 s elapsed
Epoch 12,   400/  454; acc:  80.45; ppl:   2.22; 3177 src tok/s; 3317 tgt tok/s;    104 s elapsed
Epoch 12,   450/  454; acc:  79.08; ppl:   2.38; 3203 src tok/s; 3321 tgt tok/s;    117 s elapsed
Train perplexity: 2.35029
Train accuracy: 79.4799
Validation perplexity: 5.76688
Validation accuracy: 70.3278
Decaying learning rate to 0.03125

Epoch 13,    50/  454; acc:  81.57; ppl:   2.11; 3192 src tok/s; 3336 tgt tok/s;     12 s elapsed
Epoch 13,   100/  454; acc:  78.89; ppl:   2.45; 3190 src tok/s; 3280 tgt tok/s;     26 s elapsed
Epoch 13,   150/  454; acc:  79.61; ppl:   2.36; 3295 src tok/s; 3404 tgt tok/s;     40 s elapsed
Epoch 13,   200/  454; acc:  80.61; ppl:   2.22; 3195 src tok/s; 3353 tgt tok/s;     52 s elapsed
Epoch 13,   250/  454; acc:  79.64; ppl:   2.35; 3180 src tok/s; 3290 tgt tok/s;     66 s elapsed
Epoch 13,   300/  454; acc:  80.35; ppl:   2.26; 3209 src tok/s; 3327 tgt tok/s;     78 s elapsed
Epoch 13,   350/  454; acc:  79.01; ppl:   2.38; 3207 src tok/s; 3322 tgt tok/s;     92 s elapsed
Epoch 13,   400/  454; acc:  80.27; ppl:   2.23; 3168 src tok/s; 3291 tgt tok/s;    105 s elapsed
Epoch 13,   450/  454; acc:  79.62; ppl:   2.34; 3180 src tok/s; 3302 tgt tok/s;    118 s elapsed
Train perplexity: 2.29716
Train accuracy: 79.9492
Validation perplexity: 5.76569
Validation accuracy: 70.2143
Decaying learning rate to 0.015625

Epoch 14,    50/  454; acc:  79.73; ppl:   2.33; 3240 src tok/s; 3354 tgt tok/s;     13 s elapsed
Epoch 14,   100/  454; acc:  80.62; ppl:   2.25; 3160 src tok/s; 3276 tgt tok/s;     26 s elapsed
Epoch 14,   150/  454; acc:  80.95; ppl:   2.17; 3131 src tok/s; 3273 tgt tok/s;     39 s elapsed
Epoch 14,   200/  454; acc:  79.55; ppl:   2.35; 3249 src tok/s; 3369 tgt tok/s;     53 s elapsed
Epoch 14,   250/  454; acc:  81.70; ppl:   2.12; 3170 src tok/s; 3328 tgt tok/s;     65 s elapsed
Epoch 14,   300/  454; acc:  78.80; ppl:   2.43; 3220 src tok/s; 3325 tgt tok/s;     79 s elapsed
Epoch 14,   350/  454; acc:  80.56; ppl:   2.24; 3251 src tok/s; 3369 tgt tok/s;     92 s elapsed
Epoch 14,   400/  454; acc:  80.23; ppl:   2.27; 3200 src tok/s; 3305 tgt tok/s;    105 s elapsed
Epoch 14,   450/  454; acc:  79.53; ppl:   2.36; 3158 src tok/s; 3268 tgt tok/s;    118 s elapsed
Train perplexity: 2.27629
Train accuracy: 80.1875
Validation perplexity: 5.77406
Validation accuracy: 70.2781
Decaying learning rate to 0.0078125

Epoch 15,    50/  454; acc:  80.46; ppl:   2.24; 3173 src tok/s; 3309 tgt tok/s;     13 s elapsed
Epoch 15,   100/  454; acc:  80.33; ppl:   2.25; 3252 src tok/s; 3357 tgt tok/s;     26 s elapsed
Epoch 15,   150/  454; acc:  80.18; ppl:   2.25; 3204 src tok/s; 3317 tgt tok/s;     39 s elapsed
Epoch 15,   200/  454; acc:  80.11; ppl:   2.27; 3218 src tok/s; 3333 tgt tok/s;     52 s elapsed
Epoch 15,   250/  454; acc:  79.49; ppl:   2.32; 3221 src tok/s; 3331 tgt tok/s;     66 s elapsed
Epoch 15,   300/  454; acc:  80.63; ppl:   2.21; 3212 src tok/s; 3341 tgt tok/s;     78 s elapsed
Epoch 15,   350/  454; acc:  79.55; ppl:   2.36; 3177 src tok/s; 3285 tgt tok/s;     92 s elapsed
Epoch 15,   400/  454; acc:  81.28; ppl:   2.15; 3233 src tok/s; 3375 tgt tok/s;    105 s elapsed
Epoch 15,   450/  454; acc:  80.12; ppl:   2.27; 3086 src tok/s; 3223 tgt tok/s;    118 s elapsed
Train perplexity: 2.25762
Train accuracy: 80.2318
Validation perplexity: 5.7752
Validation accuracy: 70.3207
Decaying learning rate to 0.00390625

Epoch 16,    50/  454; acc:  79.97; ppl:   2.29; 3233 src tok/s; 3346 tgt tok/s;     13 s elapsed
Epoch 16,   100/  454; acc:  80.47; ppl:   2.27; 3155 src tok/s; 3280 tgt tok/s;     26 s elapsed
Epoch 16,   150/  454; acc:  80.72; ppl:   2.17; 3253 src tok/s; 3357 tgt tok/s;     39 s elapsed
Epoch 16,   200/  454; acc:  79.93; ppl:   2.33; 3173 src tok/s; 3289 tgt tok/s;     53 s elapsed
Epoch 16,   250/  454; acc:  80.30; ppl:   2.26; 3199 src tok/s; 3340 tgt tok/s;     65 s elapsed
Epoch 16,   300/  454; acc:  80.30; ppl:   2.28; 3218 src tok/s; 3323 tgt tok/s;     79 s elapsed
Epoch 16,   350/  454; acc:  79.59; ppl:   2.32; 3204 src tok/s; 3323 tgt tok/s;     92 s elapsed
Epoch 16,   400/  454; acc:  80.89; ppl:   2.16; 3172 src tok/s; 3316 tgt tok/s;    105 s elapsed
Epoch 16,   450/  454; acc:  80.85; ppl:   2.21; 3176 src tok/s; 3297 tgt tok/s;    118 s elapsed
Train perplexity: 2.25387
Train accuracy: 80.3397
Validation perplexity: 5.77576
Validation accuracy: 70.3704
Decaying learning rate to 0.00195312

Epoch 17,    50/  454; acc:  81.21; ppl:   2.15; 3218 src tok/s; 3348 tgt tok/s;     13 s elapsed
Epoch 17,   100/  454; acc:  79.72; ppl:   2.32; 3219 src tok/s; 3314 tgt tok/s;     26 s elapsed
Epoch 17,   150/  454; acc:  81.11; ppl:   2.18; 3054 src tok/s; 3203 tgt tok/s;     39 s elapsed
Epoch 17,   200/  454; acc:  80.05; ppl:   2.30; 3277 src tok/s; 3373 tgt tok/s;     53 s elapsed
Epoch 17,   250/  454; acc:  79.79; ppl:   2.32; 3227 src tok/s; 3355 tgt tok/s;     66 s elapsed
Epoch 17,   300/  454; acc:  81.27; ppl:   2.13; 3232 src tok/s; 3357 tgt tok/s;     78 s elapsed
Epoch 17,   350/  454; acc:  79.53; ppl:   2.36; 3190 src tok/s; 3309 tgt tok/s;     92 s elapsed
Epoch 17,   400/  454; acc:  80.89; ppl:   2.21; 3202 src tok/s; 3332 tgt tok/s;    105 s elapsed
Epoch 17,   450/  454; acc:  79.98; ppl:   2.29; 3164 src tok/s; 3284 tgt tok/s;    118 s elapsed
Train perplexity: 2.25093
Train accuracy: 80.3808
Validation perplexity: 5.777
Validation accuracy: 70.3846
Decaying learning rate to 0.000976562
