<module 'opts' from '/u/suhubdyd/research/projects/jumble_lstm/code/auxiliary-nmt/opts.pyc'>
Namespace(batch_size=64, brnn=False, brnn_merge='concat', cnn_kernel_width=3, context_gate=None, copy_attn=False, copy_attn_force=False, coverage_attn=False, data='/data/lisatmp3/suhubdyd/multi30k.atok.low', dec_layers=1, decay_method='', decoder_type='rnn', dropout=0.3, enc_layers=2, encoder_type='rnn', epochs=17, exp='', exp_host='', feat_merge='concat', feat_vec_exponent=0.7, feat_vec_size=-1, fix_word_vecs_dec=False, fix_word_vecs_enc=False, global_attention='general', gpuid=[0], input_feed=1, kappa_dec=0.6, kappa_enc=0.6, lambda_coverage=1, layers=-1, learning_rate=1.0, learning_rate_decay=0.5, max_generator_batches=32, max_grad_norm=5, model_type='text', optim='sgd', param_init=0.1, position_encoding=False, pre_word_vecs_dec=None, pre_word_vecs_enc=None, report_every=50, rnn_size=500, rnn_type='LSTM', save_model='/data/lisatmp3/suhubdyd/models/seeds/encoder0.6decoder0.6dropout0.3wdropFalseseed3', seed=3, share_decoder_embeddings=False, share_embeddings=False, src_word_vec_size=500, start_checkpoint_at=0, start_decay_at=8, start_epoch=1, tgt_word_vec_size=500, train_from='', truncated_decoder=0, warmup_steps=4000, weightdropout=False, word_vec_size=-1)
('Using Kappa L2 loss on encoder', 0.6)
('Using Kappa L2 loss on decoder', 0.6)
Loading train and validate data from '/data/lisatmp3/suhubdyd/multi30k.atok.low'
 * number of training sentences: 29000
 * maximum batch size: 64
 * vocabulary size. source = 10841; target = 18563
Building model...
Intializing model parameters.
NMTModel (
  (encoder): RNNEncoder (
    (embeddings): Embeddings (
      (make_embedding): Sequential (
        (emb_luts): Elementwise (
          (0): Embedding(10841, 500, padding_idx=1)
        )
      )
    )
    (dropout): Dropout (p = 0.3)
    (rnn): LSTM(500, 500, dropout=0.3)
  )
  (decoder): InputFeedRNNDecoder (
    (embeddings): Embeddings (
      (make_embedding): Sequential (
        (emb_luts): Elementwise (
          (0): Embedding(18563, 500, padding_idx=1)
        )
      )
    )
    (dropout): Dropout (p = 0.3)
    (rnn): StackedLSTM (
      (dropout): Dropout (p = 0.3)
      (layers): ModuleList (
        (0): LSTMCell(1000, 500)
      )
    )
    (attn): GlobalAttention (
      (linear_in): Linear (500 -> 500)
      (linear_out): Linear (1000 -> 500)
      (sm): Softmax ()
      (tanh): Tanh ()
    )
  )
  (generator): Sequential (
    (0): Linear (500 -> 18563)
    (1): LogSoftmax ()
  )
)
* number of parameters: 29760063
('encoder: ', 7424500)
('decoder: ', 22335563)

Epoch  1,    50/  454; acc:   9.73; ppl: 13311.36; 4871 src tok/s; 5050 tgt tok/s;      8 s elapsed
Epoch  1,   100/  454; acc:  15.83; ppl: 1096.35; 5344 src tok/s; 5536 tgt tok/s;     16 s elapsed
Epoch  1,   150/  454; acc:  19.02; ppl: 407.73; 5369 src tok/s; 5554 tgt tok/s;     24 s elapsed
Epoch  1,   200/  454; acc:  21.65; ppl: 242.41; 5402 src tok/s; 5606 tgt tok/s;     32 s elapsed
Epoch  1,   250/  454; acc:  25.28; ppl: 161.67; 5340 src tok/s; 5552 tgt tok/s;     40 s elapsed
Epoch  1,   300/  454; acc:  27.57; ppl: 119.70; 5277 src tok/s; 5474 tgt tok/s;     48 s elapsed
Epoch  1,   350/  454; acc:  30.34; ppl:  89.47; 5358 src tok/s; 5584 tgt tok/s;     55 s elapsed
Epoch  1,   400/  454; acc:  30.95; ppl:  82.19; 5355 src tok/s; 5550 tgt tok/s;     64 s elapsed
Epoch  1,   450/  454; acc:  32.99; ppl:  68.65; 5223 src tok/s; 5426 tgt tok/s;     71 s elapsed
Train perplexity: 283.926
Train accuracy: 23.8045
Validation perplexity: 59.4453
Validation accuracy: 32.6096

Epoch  2,    50/  454; acc:  35.56; ppl:  53.14; 5298 src tok/s; 5523 tgt tok/s;      8 s elapsed
Epoch  2,   100/  454; acc:  38.19; ppl:  46.36; 5494 src tok/s; 5662 tgt tok/s;     15 s elapsed
Epoch  2,   150/  454; acc:  39.90; ppl:  40.22; 5375 src tok/s; 5566 tgt tok/s;     23 s elapsed
Epoch  2,   200/  454; acc:  42.47; ppl:  33.20; 5431 src tok/s; 5625 tgt tok/s;     31 s elapsed
Epoch  2,   250/  454; acc:  44.86; ppl:  28.64; 5382 src tok/s; 5602 tgt tok/s;     39 s elapsed
Epoch  2,   300/  454; acc:  45.95; ppl:  26.65; 5362 src tok/s; 5565 tgt tok/s;     47 s elapsed
Epoch  2,   350/  454; acc:  48.79; ppl:  21.84; 5324 src tok/s; 5571 tgt tok/s;     54 s elapsed
Epoch  2,   400/  454; acc:  49.35; ppl:  21.00; 5319 src tok/s; 5498 tgt tok/s;     62 s elapsed
Epoch  2,   450/  454; acc:  51.46; ppl:  18.15; 5228 src tok/s; 5414 tgt tok/s;     70 s elapsed
Train perplexity: 29.9949
Train accuracy: 44.1621
Validation perplexity: 16.0253
Validation accuracy: 54.101

Epoch  3,    50/  454; acc:  54.50; ppl:  14.40; 5319 src tok/s; 5524 tgt tok/s;      8 s elapsed
Epoch  3,   100/  454; acc:  53.32; ppl:  15.54; 5402 src tok/s; 5587 tgt tok/s;     16 s elapsed
Epoch  3,   150/  454; acc:  55.04; ppl:  14.13; 5345 src tok/s; 5540 tgt tok/s;     24 s elapsed
Epoch  3,   200/  454; acc:  56.66; ppl:  12.59; 5450 src tok/s; 5680 tgt tok/s;     31 s elapsed
Epoch  3,   250/  454; acc:  58.21; ppl:  11.67; 5408 src tok/s; 5649 tgt tok/s;     39 s elapsed
Epoch  3,   300/  454; acc:  56.29; ppl:  12.95; 5523 src tok/s; 5694 tgt tok/s;     47 s elapsed
Epoch  3,   350/  454; acc:  57.54; ppl:  12.06; 5246 src tok/s; 5454 tgt tok/s;     55 s elapsed
Epoch  3,   400/  454; acc:  58.38; ppl:  11.07; 5284 src tok/s; 5489 tgt tok/s;     62 s elapsed
Epoch  3,   450/  454; acc:  58.37; ppl:  11.09; 5459 src tok/s; 5637 tgt tok/s;     70 s elapsed
Train perplexity: 12.7379
Train accuracy: 56.4998
Validation perplexity: 10.0935
Validation accuracy: 60.8557

Epoch  4,    50/  454; acc:  60.89; ppl:   8.88; 5408 src tok/s; 5600 tgt tok/s;      8 s elapsed
Epoch  4,   100/  454; acc:  60.98; ppl:   8.84; 5320 src tok/s; 5540 tgt tok/s;     16 s elapsed
Epoch  4,   150/  454; acc:  60.86; ppl:   8.78; 5454 src tok/s; 5647 tgt tok/s;     24 s elapsed
Epoch  4,   200/  454; acc:  62.17; ppl:   8.17; 5456 src tok/s; 5686 tgt tok/s;     31 s elapsed
Epoch  4,   250/  454; acc:  60.52; ppl:   8.93; 5319 src tok/s; 5492 tgt tok/s;     39 s elapsed
Epoch  4,   300/  454; acc:  63.79; ppl:   7.54; 5403 src tok/s; 5628 tgt tok/s;     47 s elapsed
Epoch  4,   350/  454; acc:  62.02; ppl:   8.43; 5300 src tok/s; 5476 tgt tok/s;     55 s elapsed
Epoch  4,   400/  454; acc:  63.05; ppl:   7.69; 5404 src tok/s; 5621 tgt tok/s;     62 s elapsed
Epoch  4,   450/  454; acc:  62.92; ppl:   7.73; 5327 src tok/s; 5545 tgt tok/s;     70 s elapsed
Train perplexity: 8.34053
Train accuracy: 61.8633
Validation perplexity: 8.50532
Validation accuracy: 62.6792

Epoch  5,    50/  454; acc:  66.18; ppl:   6.03; 5449 src tok/s; 5650 tgt tok/s;      8 s elapsed
Epoch  5,   100/  454; acc:  64.27; ppl:   6.76; 5404 src tok/s; 5578 tgt tok/s;     16 s elapsed
Epoch  5,   150/  454; acc:  66.29; ppl:   6.00; 5415 src tok/s; 5665 tgt tok/s;     23 s elapsed
Epoch  5,   200/  454; acc:  64.37; ppl:   6.78; 5345 src tok/s; 5540 tgt tok/s;     31 s elapsed
Epoch  5,   250/  454; acc:  64.87; ppl:   6.42; 5290 src tok/s; 5475 tgt tok/s;     39 s elapsed
Epoch  5,   300/  454; acc:  66.54; ppl:   6.01; 5405 src tok/s; 5623 tgt tok/s;     47 s elapsed
Epoch  5,   350/  454; acc:  65.43; ppl:   6.35; 5441 src tok/s; 5656 tgt tok/s;     54 s elapsed
Epoch  5,   400/  454; acc:  65.08; ppl:   6.32; 5531 src tok/s; 5715 tgt tok/s;     62 s elapsed
Epoch  5,   450/  454; acc:  65.62; ppl:   6.24; 5309 src tok/s; 5530 tgt tok/s;     70 s elapsed
Train perplexity: 6.31336
Train accuracy: 65.4027
Validation perplexity: 7.35559
Validation accuracy: 64.9922

Epoch  6,    50/  454; acc:  67.62; ppl:   5.27; 5228 src tok/s; 5406 tgt tok/s;      8 s elapsed
Epoch  6,   100/  454; acc:  68.53; ppl:   4.86; 5417 src tok/s; 5589 tgt tok/s;     16 s elapsed
Epoch  6,   150/  454; acc:  68.15; ppl:   5.12; 5467 src tok/s; 5648 tgt tok/s;     23 s elapsed
Epoch  6,   200/  454; acc:  67.92; ppl:   5.03; 5463 src tok/s; 5679 tgt tok/s;     31 s elapsed
Epoch  6,   250/  454; acc:  67.31; ppl:   5.28; 5343 src tok/s; 5540 tgt tok/s;     39 s elapsed
Epoch  6,   300/  454; acc:  68.70; ppl:   4.80; 5385 src tok/s; 5626 tgt tok/s;     47 s elapsed
Epoch  6,   350/  454; acc:  68.48; ppl:   4.90; 5309 src tok/s; 5577 tgt tok/s;     54 s elapsed
Epoch  6,   400/  454; acc:  65.99; ppl:   5.66; 5341 src tok/s; 5510 tgt tok/s;     62 s elapsed
Epoch  6,   450/  454; acc:  67.61; ppl:   5.18; 5269 src tok/s; 5477 tgt tok/s;     70 s elapsed
Train perplexity: 5.11798
Train accuracy: 67.8095
Validation perplexity: 6.78911
Validation accuracy: 66.6809

Epoch  7,    50/  454; acc:  70.11; ppl:   4.28; 5210 src tok/s; 5412 tgt tok/s;      8 s elapsed
Epoch  7,   100/  454; acc:  71.73; ppl:   3.86; 5373 src tok/s; 5613 tgt tok/s;     16 s elapsed
Epoch  7,   150/  454; acc:  69.84; ppl:   4.40; 5403 src tok/s; 5604 tgt tok/s;     24 s elapsed
Epoch  7,   200/  454; acc:  69.58; ppl:   4.36; 5351 src tok/s; 5545 tgt tok/s;     31 s elapsed
Epoch  7,   250/  454; acc:  69.89; ppl:   4.37; 5350 src tok/s; 5545 tgt tok/s;     39 s elapsed
Epoch  7,   300/  454; acc:  69.83; ppl:   4.28; 5356 src tok/s; 5549 tgt tok/s;     47 s elapsed
Epoch  7,   350/  454; acc:  68.69; ppl:   4.58; 5450 src tok/s; 5628 tgt tok/s;     55 s elapsed
Epoch  7,   400/  454; acc:  70.71; ppl:   4.14; 5391 src tok/s; 5597 tgt tok/s;     63 s elapsed
Epoch  7,   450/  454; acc:  69.19; ppl:   4.57; 5282 src tok/s; 5473 tgt tok/s;     71 s elapsed
Train perplexity: 4.30464
Train accuracy: 69.9751
Validation perplexity: 6.61503
Validation accuracy: 66.688

Epoch  8,    50/  454; acc:  73.19; ppl:   3.43; 5444 src tok/s; 5637 tgt tok/s;      8 s elapsed
Epoch  8,   100/  454; acc:  72.25; ppl:   3.66; 5373 src tok/s; 5548 tgt tok/s;     15 s elapsed
Epoch  8,   150/  454; acc:  72.70; ppl:   3.59; 5364 src tok/s; 5579 tgt tok/s;     23 s elapsed
Epoch  8,   200/  454; acc:  72.09; ppl:   3.66; 5417 src tok/s; 5638 tgt tok/s;     31 s elapsed
Epoch  8,   250/  454; acc:  71.80; ppl:   3.75; 5264 src tok/s; 5482 tgt tok/s;     39 s elapsed
Epoch  8,   300/  454; acc:  71.44; ppl:   3.79; 5363 src tok/s; 5538 tgt tok/s;     47 s elapsed
Epoch  8,   350/  454; acc:  71.32; ppl:   3.84; 5471 src tok/s; 5663 tgt tok/s;     55 s elapsed
Epoch  8,   400/  454; acc:  71.03; ppl:   3.86; 5208 src tok/s; 5440 tgt tok/s;     63 s elapsed
Epoch  8,   450/  454; acc:  70.79; ppl:   3.97; 5408 src tok/s; 5608 tgt tok/s;     70 s elapsed
Train perplexity: 3.7237
Train accuracy: 71.8481
Validation perplexity: 6.71213
Validation accuracy: 66.993
Decaying learning rate to 0.5

Epoch  9,    50/  454; acc:  75.96; ppl:   2.89; 5359 src tok/s; 5550 tgt tok/s;      8 s elapsed
Epoch  9,   100/  454; acc:  76.14; ppl:   2.89; 5431 src tok/s; 5638 tgt tok/s;     16 s elapsed
Epoch  9,   150/  454; acc:  77.07; ppl:   2.76; 5373 src tok/s; 5572 tgt tok/s;     23 s elapsed
Epoch  9,   200/  454; acc:  76.67; ppl:   2.76; 5367 src tok/s; 5575 tgt tok/s;     31 s elapsed
Epoch  9,   250/  454; acc:  77.38; ppl:   2.72; 5329 src tok/s; 5560 tgt tok/s;     39 s elapsed
Epoch  9,   300/  454; acc:  76.36; ppl:   2.84; 5366 src tok/s; 5543 tgt tok/s;     47 s elapsed
Epoch  9,   350/  454; acc:  76.78; ppl:   2.78; 5204 src tok/s; 5416 tgt tok/s;     55 s elapsed
Epoch  9,   400/  454; acc:  76.23; ppl:   2.88; 5458 src tok/s; 5664 tgt tok/s;     63 s elapsed
Epoch  9,   450/  454; acc:  77.07; ppl:   2.76; 5377 src tok/s; 5580 tgt tok/s;     70 s elapsed
Train perplexity: 2.80717
Train accuracy: 76.629
Validation perplexity: 6.16707
Validation accuracy: 68.6888
Decaying learning rate to 0.25

Epoch 10,    50/  454; acc:  79.95; ppl:   2.36; 5387 src tok/s; 5583 tgt tok/s;      8 s elapsed
Epoch 10,   100/  454; acc:  79.93; ppl:   2.34; 5438 src tok/s; 5634 tgt tok/s;     16 s elapsed
Epoch 10,   150/  454; acc:  80.56; ppl:   2.31; 5207 src tok/s; 5418 tgt tok/s;     23 s elapsed
Epoch 10,   200/  454; acc:  80.27; ppl:   2.33; 5396 src tok/s; 5574 tgt tok/s;     31 s elapsed
Epoch 10,   250/  454; acc:  80.49; ppl:   2.28; 5376 src tok/s; 5588 tgt tok/s;     39 s elapsed
Epoch 10,   300/  454; acc:  79.68; ppl:   2.34; 5410 src tok/s; 5616 tgt tok/s;     47 s elapsed
Epoch 10,   350/  454; acc:  81.03; ppl:   2.24; 5398 src tok/s; 5625 tgt tok/s;     54 s elapsed
Epoch 10,   400/  454; acc:  79.29; ppl:   2.44; 5235 src tok/s; 5431 tgt tok/s;     63 s elapsed
Epoch 10,   450/  454; acc:  79.75; ppl:   2.38; 5337 src tok/s; 5530 tgt tok/s;     70 s elapsed
Train perplexity: 2.33473
Train accuracy: 80.1079
Validation perplexity: 6.14269
Validation accuracy: 69.2138
Decaying learning rate to 0.125

Epoch 11,    50/  454; acc:  82.43; ppl:   2.06; 5348 src tok/s; 5552 tgt tok/s;      8 s elapsed
Epoch 11,   100/  454; acc:  82.23; ppl:   2.11; 5406 src tok/s; 5624 tgt tok/s;     16 s elapsed
Epoch 11,   150/  454; acc:  82.23; ppl:   2.08; 5294 src tok/s; 5495 tgt tok/s;     24 s elapsed
Epoch 11,   200/  454; acc:  81.39; ppl:   2.16; 5380 src tok/s; 5593 tgt tok/s;     31 s elapsed
Epoch 11,   250/  454; acc:  81.71; ppl:   2.17; 5383 src tok/s; 5555 tgt tok/s;     39 s elapsed
Epoch 11,   300/  454; acc:  82.09; ppl:   2.11; 5364 src tok/s; 5574 tgt tok/s;     47 s elapsed
Epoch 11,   350/  454; acc:  82.18; ppl:   2.12; 5345 src tok/s; 5560 tgt tok/s;     55 s elapsed
Epoch 11,   400/  454; acc:  81.65; ppl:   2.14; 5442 src tok/s; 5631 tgt tok/s;     63 s elapsed
Epoch 11,   450/  454; acc:  82.13; ppl:   2.13; 5378 src tok/s; 5565 tgt tok/s;     70 s elapsed
Train perplexity: 2.11839
Train accuracy: 82.0203
Validation perplexity: 6.20179
Validation accuracy: 69.5899
Decaying learning rate to 0.0625

Epoch 12,    50/  454; acc:  83.33; ppl:   2.00; 5277 src tok/s; 5531 tgt tok/s;      8 s elapsed
Epoch 12,   100/  454; acc:  83.31; ppl:   2.01; 5433 src tok/s; 5591 tgt tok/s;     16 s elapsed
Epoch 12,   150/  454; acc:  82.82; ppl:   2.05; 5455 src tok/s; 5624 tgt tok/s;     24 s elapsed
Epoch 12,   200/  454; acc:  84.07; ppl:   1.93; 5415 src tok/s; 5625 tgt tok/s;     31 s elapsed
Epoch 12,   250/  454; acc:  83.09; ppl:   2.04; 5284 src tok/s; 5514 tgt tok/s;     39 s elapsed
Epoch 12,   300/  454; acc:  82.82; ppl:   2.02; 5377 src tok/s; 5537 tgt tok/s;     47 s elapsed
Epoch 12,   350/  454; acc:  83.12; ppl:   2.01; 5188 src tok/s; 5433 tgt tok/s;     55 s elapsed
Epoch 12,   400/  454; acc:  82.77; ppl:   2.04; 5428 src tok/s; 5613 tgt tok/s;     63 s elapsed
Epoch 12,   450/  454; acc:  82.82; ppl:   2.03; 5309 src tok/s; 5531 tgt tok/s;     70 s elapsed
Train perplexity: 2.01424
Train accuracy: 83.1286
Validation perplexity: 6.28911
Validation accuracy: 69.5828
Decaying learning rate to 0.03125

Epoch 13,    50/  454; acc:  83.49; ppl:   2.01; 5366 src tok/s; 5538 tgt tok/s;      8 s elapsed
Epoch 13,   100/  454; acc:  84.36; ppl:   1.88; 5275 src tok/s; 5477 tgt tok/s;     16 s elapsed
Epoch 13,   150/  454; acc:  83.12; ppl:   2.03; 5416 src tok/s; 5616 tgt tok/s;     24 s elapsed
Epoch 13,   200/  454; acc:  84.37; ppl:   1.91; 5276 src tok/s; 5520 tgt tok/s;     31 s elapsed
Epoch 13,   250/  454; acc:  83.89; ppl:   1.93; 5346 src tok/s; 5534 tgt tok/s;     39 s elapsed
Epoch 13,   300/  454; acc:  83.66; ppl:   1.96; 5333 src tok/s; 5547 tgt tok/s;     47 s elapsed
Epoch 13,   350/  454; acc:  83.82; ppl:   1.95; 5409 src tok/s; 5624 tgt tok/s;     55 s elapsed
Epoch 13,   400/  454; acc:  83.41; ppl:   2.00; 5297 src tok/s; 5484 tgt tok/s;     63 s elapsed
Epoch 13,   450/  454; acc:  83.19; ppl:   2.01; 5362 src tok/s; 5550 tgt tok/s;     71 s elapsed
Train perplexity: 1.96165
Train accuracy: 83.7245
Validation perplexity: 6.34471
Validation accuracy: 69.6254
Decaying learning rate to 0.015625

Epoch 14,    50/  454; acc:  83.95; ppl:   1.94; 5264 src tok/s; 5444 tgt tok/s;      8 s elapsed
Epoch 14,   100/  454; acc:  83.80; ppl:   1.96; 5393 src tok/s; 5584 tgt tok/s;     16 s elapsed
Epoch 14,   150/  454; acc:  83.88; ppl:   1.96; 5291 src tok/s; 5502 tgt tok/s;     24 s elapsed
Epoch 14,   200/  454; acc:  84.19; ppl:   1.90; 5373 src tok/s; 5591 tgt tok/s;     31 s elapsed
Epoch 14,   250/  454; acc:  83.24; ppl:   1.99; 5329 src tok/s; 5500 tgt tok/s;     39 s elapsed
Epoch 14,   300/  454; acc:  84.82; ppl:   1.87; 5232 src tok/s; 5454 tgt tok/s;     47 s elapsed
Epoch 14,   350/  454; acc:  84.29; ppl:   1.91; 5298 src tok/s; 5521 tgt tok/s;     55 s elapsed
Epoch 14,   400/  454; acc:  83.47; ppl:   1.99; 5395 src tok/s; 5570 tgt tok/s;     63 s elapsed
Epoch 14,   450/  454; acc:  83.70; ppl:   1.98; 5302 src tok/s; 5518 tgt tok/s;     71 s elapsed
Train perplexity: 1.94178
Train accuracy: 83.9468
Validation perplexity: 6.35667
Validation accuracy: 69.7318
Decaying learning rate to 0.0078125

Epoch 15,    50/  454; acc:  83.40; ppl:   2.00; 5243 src tok/s; 5473 tgt tok/s;      8 s elapsed
Epoch 15,   100/  454; acc:  84.51; ppl:   1.88; 5311 src tok/s; 5506 tgt tok/s;     16 s elapsed
Epoch 15,   150/  454; acc:  83.98; ppl:   1.94; 5292 src tok/s; 5488 tgt tok/s;     24 s elapsed
Epoch 15,   200/  454; acc:  84.39; ppl:   1.90; 5436 src tok/s; 5631 tgt tok/s;     32 s elapsed
Epoch 15,   250/  454; acc:  83.79; ppl:   1.96; 5294 src tok/s; 5501 tgt tok/s;     40 s elapsed
Epoch 15,   300/  454; acc:  84.16; ppl:   1.92; 5369 src tok/s; 5564 tgt tok/s;     47 s elapsed
Epoch 15,   350/  454; acc:  84.22; ppl:   1.95; 5307 src tok/s; 5494 tgt tok/s;     55 s elapsed
Epoch 15,   400/  454; acc:  84.40; ppl:   1.89; 5376 src tok/s; 5584 tgt tok/s;     63 s elapsed
Epoch 15,   450/  454; acc:  84.03; ppl:   1.95; 5339 src tok/s; 5534 tgt tok/s;     71 s elapsed
Train perplexity: 1.92973
Train accuracy: 84.1103
Validation perplexity: 6.3699
Validation accuracy: 69.7389
Decaying learning rate to 0.00390625

Epoch 16,    50/  454; acc:  84.24; ppl:   1.92; 5279 src tok/s; 5499 tgt tok/s;      8 s elapsed
Epoch 16,   100/  454; acc:  84.24; ppl:   1.90; 5438 src tok/s; 5614 tgt tok/s;     16 s elapsed
Epoch 16,   150/  454; acc:  84.90; ppl:   1.86; 5319 src tok/s; 5564 tgt tok/s;     23 s elapsed
Epoch 16,   200/  454; acc:  84.07; ppl:   1.96; 5266 src tok/s; 5442 tgt tok/s;     32 s elapsed
Epoch 16,   250/  454; acc:  85.31; ppl:   1.80; 5378 src tok/s; 5616 tgt tok/s;     39 s elapsed
Epoch 16,   300/  454; acc:  83.28; ppl:   2.01; 5372 src tok/s; 5542 tgt tok/s;     47 s elapsed
Epoch 16,   350/  454; acc:  84.13; ppl:   1.93; 5331 src tok/s; 5540 tgt tok/s;     55 s elapsed
Epoch 16,   400/  454; acc:  83.87; ppl:   1.94; 5335 src tok/s; 5530 tgt tok/s;     63 s elapsed
Epoch 16,   450/  454; acc:  83.55; ppl:   1.99; 5287 src tok/s; 5478 tgt tok/s;     71 s elapsed
Train perplexity: 1.92306
Train accuracy: 84.1819
Validation perplexity: 6.37906
Validation accuracy: 69.746
Decaying learning rate to 0.00195312

Epoch 17,    50/  454; acc:  83.48; ppl:   2.00; 5422 src tok/s; 5581 tgt tok/s;      8 s elapsed
Epoch 17,   100/  454; acc:  84.89; ppl:   1.84; 5319 src tok/s; 5559 tgt tok/s;     16 s elapsed
Epoch 17,   150/  454; acc:  84.75; ppl:   1.85; 5344 src tok/s; 5545 tgt tok/s;     23 s elapsed
Epoch 17,   200/  454; acc:  83.46; ppl:   1.97; 5308 src tok/s; 5526 tgt tok/s;     31 s elapsed
Epoch 17,   250/  454; acc:  84.46; ppl:   1.91; 5234 src tok/s; 5450 tgt tok/s;     39 s elapsed
Epoch 17,   300/  454; acc:  84.07; ppl:   1.94; 5365 src tok/s; 5551 tgt tok/s;     47 s elapsed
Epoch 17,   350/  454; acc:  83.13; ppl:   2.03; 5373 src tok/s; 5521 tgt tok/s;     55 s elapsed
Epoch 17,   400/  454; acc:  85.06; ppl:   1.82; 5280 src tok/s; 5501 tgt tok/s;     63 s elapsed
Epoch 17,   450/  454; acc:  83.93; ppl:   1.93; 5358 src tok/s; 5581 tgt tok/s;     71 s elapsed
Train perplexity: 1.91927
Train accuracy: 84.1426
Validation perplexity: 6.38263
Validation accuracy: 69.7673
Decaying learning rate to 0.000976562
