<module 'opts' from '/u/suhubdyd/research/projects/jumble_lstm/code/auxiliary-nmt/opts.pyc'>
Namespace(batch_size=64, brnn=False, brnn_merge='concat', cnn_kernel_width=3, context_gate=None, copy_attn=False, copy_attn_force=False, coverage_attn=False, data='/data/lisatmp3/suhubdyd/multi30k.atok.low', dec_layers=1, decay_method='', decoder_type='rnn', dropout=0.3, enc_layers=2, encoder_type='rnn', epochs=17, exp='', exp_host='', feat_merge='concat', feat_vec_exponent=0.7, feat_vec_size=-1, fix_word_vecs_dec=False, fix_word_vecs_enc=False, global_attention='general', gpuid=[0], input_feed=1, kappa_dec=0.0, kappa_enc=0.25, lambda_coverage=1, layers=-1, learning_rate=1.0, learning_rate_decay=0.5, max_generator_batches=32, max_grad_norm=5, model_type='text', optim='sgd', param_init=0.1, position_encoding=False, pre_word_vecs_dec=None, pre_word_vecs_enc=None, report_every=50, rnn_size=500, rnn_type='LSTM', save_model='/data/lisatmp3/suhubdyd/models/encoder0.25decoder0dropout0.3wdropFalse', seed=-1, share_decoder_embeddings=False, share_embeddings=False, src_word_vec_size=500, start_checkpoint_at=0, start_decay_at=8, start_epoch=1, tgt_word_vec_size=500, train_from='', truncated_decoder=0, warmup_steps=4000, weightdropout=False, word_vec_size=-1)
('Using Kappa L2 loss on encoder', 0.25)
Loading train and validate data from '/data/lisatmp3/suhubdyd/multi30k.atok.low'
 * number of training sentences: 29000
 * maximum batch size: 64
 * vocabulary size. source = 10841; target = 18563
Building model...
Intializing model parameters.
NMTModel (
  (encoder): RNNEncoder (
    (embeddings): Embeddings (
      (make_embedding): Sequential (
        (emb_luts): Elementwise (
          (0): Embedding(10841, 500, padding_idx=1)
        )
      )
    )
    (dropout): Dropout (p = 0.3)
    (rnn): LSTM(500, 500, dropout=0.3)
  )
  (decoder): InputFeedRNNDecoder (
    (embeddings): Embeddings (
      (make_embedding): Sequential (
        (emb_luts): Elementwise (
          (0): Embedding(18563, 500, padding_idx=1)
        )
      )
    )
    (dropout): Dropout (p = 0.3)
    (rnn): StackedLSTM (
      (dropout): Dropout (p = 0.3)
      (layers): ModuleList (
        (0): LSTMCell(1000, 500)
      )
    )
    (attn): GlobalAttention (
      (linear_in): Linear (500 -> 500)
      (linear_out): Linear (1000 -> 500)
      (sm): Softmax ()
      (tanh): Tanh ()
    )
  )
  (generator): Sequential (
    (0): Linear (500 -> 18563)
    (1): LogSoftmax ()
  )
)
* number of parameters: 29760063
('encoder: ', 7424500)
('decoder: ', 22335563)

Epoch  1,    50/  454; acc:   8.56; ppl: 17623.14; 5114 src tok/s; 5335 tgt tok/s;      8 s elapsed
Epoch  1,   100/  454; acc:  14.54; ppl: 1826.58; 5932 src tok/s; 6140 tgt tok/s;     15 s elapsed
Epoch  1,   150/  454; acc:  17.41; ppl: 554.58; 5946 src tok/s; 6203 tgt tok/s;     22 s elapsed
Epoch  1,   200/  454; acc:  20.14; ppl: 308.04; 6072 src tok/s; 6265 tgt tok/s;     29 s elapsed
Epoch  1,   250/  454; acc:  23.45; ppl: 197.06; 5561 src tok/s; 5780 tgt tok/s;     37 s elapsed
Epoch  1,   300/  454; acc:  25.78; ppl: 140.46; 5463 src tok/s; 5657 tgt tok/s;     44 s elapsed
Epoch  1,   350/  454; acc:  28.23; ppl: 106.09; 5602 src tok/s; 5820 tgt tok/s;     52 s elapsed
Epoch  1,   400/  454; acc:  31.49; ppl:  77.66; 5545 src tok/s; 5770 tgt tok/s;     59 s elapsed
Epoch  1,   450/  454; acc:  32.60; ppl:  73.77; 5542 src tok/s; 5716 tgt tok/s;     67 s elapsed
Train perplexity: 349.632
Train accuracy: 22.6056
Validation perplexity: 56.2431
Validation accuracy: 38.0729

Epoch  2,    50/  454; acc:  35.77; ppl:  54.52; 5707 src tok/s; 5909 tgt tok/s;      7 s elapsed
Epoch  2,   100/  454; acc:  38.20; ppl:  46.34; 5553 src tok/s; 5766 tgt tok/s;     15 s elapsed
Epoch  2,   150/  454; acc:  40.13; ppl:  40.70; 5535 src tok/s; 5735 tgt tok/s;     23 s elapsed
Epoch  2,   200/  454; acc:  42.47; ppl:  34.63; 5731 src tok/s; 5930 tgt tok/s;     30 s elapsed
Epoch  2,   250/  454; acc:  44.55; ppl:  30.07; 5541 src tok/s; 5767 tgt tok/s;     38 s elapsed
Epoch  2,   300/  454; acc:  47.89; ppl:  24.02; 5719 src tok/s; 5922 tgt tok/s;     45 s elapsed
Epoch  2,   350/  454; acc:  48.19; ppl:  22.89; 5695 src tok/s; 5907 tgt tok/s;     52 s elapsed
Epoch  2,   400/  454; acc:  50.27; ppl:  20.03; 5521 src tok/s; 5761 tgt tok/s;     60 s elapsed
Epoch  2,   450/  454; acc:  51.48; ppl:  18.91; 5596 src tok/s; 5817 tgt tok/s;     67 s elapsed
Train perplexity: 30.3899
Train accuracy: 44.351
Validation perplexity: 17.1548
Validation accuracy: 51.6035

Epoch  3,    50/  454; acc:  53.04; ppl:  15.73; 5849 src tok/s; 6033 tgt tok/s;      7 s elapsed
Epoch  3,   100/  454; acc:  55.26; ppl:  14.08; 5555 src tok/s; 5826 tgt tok/s;     15 s elapsed
Epoch  3,   150/  454; acc:  54.22; ppl:  14.54; 5845 src tok/s; 5969 tgt tok/s;     22 s elapsed
Epoch  3,   200/  454; acc:  56.65; ppl:  12.78; 5540 src tok/s; 5793 tgt tok/s;     29 s elapsed
Epoch  3,   250/  454; acc:  57.36; ppl:  12.00; 5560 src tok/s; 5827 tgt tok/s;     37 s elapsed
Epoch  3,   300/  454; acc:  55.66; ppl:  13.45; 5669 src tok/s; 5870 tgt tok/s;     44 s elapsed
Epoch  3,   350/  454; acc:  57.80; ppl:  11.81; 5543 src tok/s; 5728 tgt tok/s;     52 s elapsed
Epoch  3,   400/  454; acc:  58.95; ppl:  10.61; 5627 src tok/s; 5870 tgt tok/s;     59 s elapsed
Epoch  3,   450/  454; acc:  58.22; ppl:  11.18; 5715 src tok/s; 5916 tgt tok/s;     67 s elapsed
Train perplexity: 12.8155
Train accuracy: 56.3361
Validation perplexity: 10.6031
Validation accuracy: 60.0894

Epoch  4,    50/  454; acc:  60.85; ppl:   8.79; 5765 src tok/s; 5971 tgt tok/s;      7 s elapsed
Epoch  4,   100/  454; acc:  60.96; ppl:   8.93; 5614 src tok/s; 5855 tgt tok/s;     15 s elapsed
Epoch  4,   150/  454; acc:  62.89; ppl:   7.98; 5617 src tok/s; 5835 tgt tok/s;     22 s elapsed
Epoch  4,   200/  454; acc:  60.72; ppl:   9.08; 5602 src tok/s; 5795 tgt tok/s;     30 s elapsed
Epoch  4,   250/  454; acc:  62.09; ppl:   8.18; 5721 src tok/s; 5928 tgt tok/s;     37 s elapsed
Epoch  4,   300/  454; acc:  62.04; ppl:   8.20; 5664 src tok/s; 5899 tgt tok/s;     44 s elapsed
Epoch  4,   350/  454; acc:  62.30; ppl:   8.29; 5681 src tok/s; 5902 tgt tok/s;     52 s elapsed
Epoch  4,   400/  454; acc:  61.55; ppl:   8.41; 5646 src tok/s; 5856 tgt tok/s;     59 s elapsed
Epoch  4,   450/  454; acc:  63.17; ppl:   7.74; 5625 src tok/s; 5820 tgt tok/s;     67 s elapsed
Train perplexity: 8.38364
Train accuracy: 61.8475
Validation perplexity: 8.24216
Validation accuracy: 63.5944

Epoch  5,    50/  454; acc:  65.82; ppl:   6.22; 5737 src tok/s; 5965 tgt tok/s;      7 s elapsed
Epoch  5,   100/  454; acc:  65.38; ppl:   6.43; 5740 src tok/s; 5963 tgt tok/s;     15 s elapsed
Epoch  5,   150/  454; acc:  66.11; ppl:   6.00; 5467 src tok/s; 5705 tgt tok/s;     22 s elapsed
Epoch  5,   200/  454; acc:  64.60; ppl:   6.61; 5706 src tok/s; 5878 tgt tok/s;     30 s elapsed
Epoch  5,   250/  454; acc:  64.40; ppl:   6.65; 5707 src tok/s; 5909 tgt tok/s;     37 s elapsed
Epoch  5,   300/  454; acc:  65.43; ppl:   6.31; 5616 src tok/s; 5846 tgt tok/s;     44 s elapsed
Epoch  5,   350/  454; acc:  64.64; ppl:   6.42; 5762 src tok/s; 5936 tgt tok/s;     52 s elapsed
Epoch  5,   400/  454; acc:  66.00; ppl:   6.11; 5474 src tok/s; 5718 tgt tok/s;     59 s elapsed
Epoch  5,   450/  454; acc:  65.39; ppl:   6.20; 5629 src tok/s; 5844 tgt tok/s;     67 s elapsed
Train perplexity: 6.32975
Train accuracy: 65.2879
Validation perplexity: 7.28052
Validation accuracy: 65.3115

Epoch  6,    50/  454; acc:  67.50; ppl:   5.24; 5717 src tok/s; 5896 tgt tok/s;      8 s elapsed
Epoch  6,   100/  454; acc:  69.24; ppl:   4.65; 5734 src tok/s; 6011 tgt tok/s;     15 s elapsed
Epoch  6,   150/  454; acc:  67.19; ppl:   5.37; 5665 src tok/s; 5843 tgt tok/s;     22 s elapsed
Epoch  6,   200/  454; acc:  68.29; ppl:   4.91; 5565 src tok/s; 5809 tgt tok/s;     30 s elapsed
Epoch  6,   250/  454; acc:  68.33; ppl:   4.99; 5691 src tok/s; 5912 tgt tok/s;     37 s elapsed
Epoch  6,   300/  454; acc:  67.79; ppl:   5.20; 5581 src tok/s; 5796 tgt tok/s;     45 s elapsed
Epoch  6,   350/  454; acc:  67.68; ppl:   5.14; 5673 src tok/s; 5859 tgt tok/s;     52 s elapsed
Epoch  6,   400/  454; acc:  67.51; ppl:   5.17; 5711 src tok/s; 5945 tgt tok/s;     59 s elapsed
Epoch  6,   450/  454; acc:  67.54; ppl:   5.28; 5679 src tok/s; 5871 tgt tok/s;     67 s elapsed
Train perplexity: 5.09887
Train accuracy: 67.9089
Validation perplexity: 6.80672
Validation accuracy: 66.6738

Epoch  7,    50/  454; acc:  70.85; ppl:   4.10; 5731 src tok/s; 5944 tgt tok/s;      7 s elapsed
Epoch  7,   100/  454; acc:  70.99; ppl:   4.05; 5759 src tok/s; 5931 tgt tok/s;     15 s elapsed
Epoch  7,   150/  454; acc:  69.83; ppl:   4.33; 5718 src tok/s; 5915 tgt tok/s;     22 s elapsed
Epoch  7,   200/  454; acc:  70.57; ppl:   4.16; 5729 src tok/s; 5980 tgt tok/s;     29 s elapsed
Epoch  7,   250/  454; acc:  68.72; ppl:   4.56; 5484 src tok/s; 5703 tgt tok/s;     37 s elapsed
Epoch  7,   300/  454; acc:  70.22; ppl:   4.29; 5676 src tok/s; 5898 tgt tok/s;     44 s elapsed
Epoch  7,   350/  454; acc:  68.97; ppl:   4.55; 5500 src tok/s; 5721 tgt tok/s;     52 s elapsed
Epoch  7,   400/  454; acc:  70.29; ppl:   4.26; 5760 src tok/s; 5982 tgt tok/s;     59 s elapsed
Epoch  7,   450/  454; acc:  69.55; ppl:   4.36; 5648 src tok/s; 5863 tgt tok/s;     66 s elapsed
Train perplexity: 4.30158
Train accuracy: 69.9647
Validation perplexity: 6.53936
Validation accuracy: 66.993

Epoch  8,    50/  454; acc:  73.02; ppl:   3.48; 5849 src tok/s; 6037 tgt tok/s;      7 s elapsed
Epoch  8,   100/  454; acc:  72.32; ppl:   3.61; 5765 src tok/s; 6032 tgt tok/s;     14 s elapsed
Epoch  8,   150/  454; acc:  72.40; ppl:   3.54; 5807 src tok/s; 6045 tgt tok/s;     22 s elapsed
Epoch  8,   200/  454; acc:  71.44; ppl:   3.81; 5677 src tok/s; 5885 tgt tok/s;     29 s elapsed
Epoch  8,   250/  454; acc:  71.90; ppl:   3.72; 5681 src tok/s; 5882 tgt tok/s;     36 s elapsed
Epoch  8,   300/  454; acc:  70.83; ppl:   3.89; 5634 src tok/s; 5821 tgt tok/s;     44 s elapsed
Epoch  8,   350/  454; acc:  72.64; ppl:   3.48; 5724 src tok/s; 5979 tgt tok/s;     51 s elapsed
Epoch  8,   400/  454; acc:  70.25; ppl:   4.08; 5764 src tok/s; 5942 tgt tok/s;     59 s elapsed
Epoch  8,   450/  454; acc:  70.62; ppl:   3.99; 5580 src tok/s; 5794 tgt tok/s;     66 s elapsed
Train perplexity: 3.72691
Train accuracy: 71.7161
Validation perplexity: 6.74477
Validation accuracy: 66.4041
Decaying learning rate to 0.5

Epoch  9,    50/  454; acc:  75.92; ppl:   2.89; 5895 src tok/s; 6114 tgt tok/s;      7 s elapsed
Epoch  9,   100/  454; acc:  76.83; ppl:   2.78; 5823 src tok/s; 6040 tgt tok/s;     14 s elapsed
Epoch  9,   150/  454; acc:  76.59; ppl:   2.78; 5727 src tok/s; 5933 tgt tok/s;     22 s elapsed
Epoch  9,   200/  454; acc:  77.41; ppl:   2.70; 5699 src tok/s; 5897 tgt tok/s;     29 s elapsed
Epoch  9,   250/  454; acc:  76.56; ppl:   2.81; 5566 src tok/s; 5815 tgt tok/s;     36 s elapsed
Epoch  9,   300/  454; acc:  76.47; ppl:   2.80; 5901 src tok/s; 6099 tgt tok/s;     44 s elapsed
Epoch  9,   350/  454; acc:  76.01; ppl:   2.88; 5631 src tok/s; 5795 tgt tok/s;     51 s elapsed
Epoch  9,   400/  454; acc:  76.63; ppl:   2.77; 5571 src tok/s; 5825 tgt tok/s;     59 s elapsed
Epoch  9,   450/  454; acc:  76.18; ppl:   2.88; 5583 src tok/s; 5806 tgt tok/s;     66 s elapsed
Train perplexity: 2.80704
Train accuracy: 76.5254
Validation perplexity: 6.14818
Validation accuracy: 68.9229
Decaying learning rate to 0.25

Epoch 10,    50/  454; acc:  79.85; ppl:   2.37; 5718 src tok/s; 5952 tgt tok/s;      7 s elapsed
Epoch 10,   100/  454; acc:  80.10; ppl:   2.31; 5767 src tok/s; 5971 tgt tok/s;     15 s elapsed
Epoch 10,   150/  454; acc:  80.49; ppl:   2.29; 5593 src tok/s; 5801 tgt tok/s;     22 s elapsed
Epoch 10,   200/  454; acc:  79.84; ppl:   2.36; 5764 src tok/s; 5977 tgt tok/s;     29 s elapsed
Epoch 10,   250/  454; acc:  80.58; ppl:   2.29; 5628 src tok/s; 5870 tgt tok/s;     37 s elapsed
Epoch 10,   300/  454; acc:  79.70; ppl:   2.41; 5755 src tok/s; 5958 tgt tok/s;     44 s elapsed
Epoch 10,   350/  454; acc:  79.92; ppl:   2.35; 5842 src tok/s; 6034 tgt tok/s;     52 s elapsed
Epoch 10,   400/  454; acc:  80.40; ppl:   2.28; 5599 src tok/s; 5822 tgt tok/s;     59 s elapsed
Epoch 10,   450/  454; acc:  80.12; ppl:   2.31; 5670 src tok/s; 5893 tgt tok/s;     66 s elapsed
Train perplexity: 2.33084
Train accuracy: 80.1065
Validation perplexity: 6.18048
Validation accuracy: 69.4906
Decaying learning rate to 0.125

Epoch 11,    50/  454; acc:  83.10; ppl:   2.00; 5759 src tok/s; 5989 tgt tok/s;      7 s elapsed
Epoch 11,   100/  454; acc:  81.55; ppl:   2.17; 5599 src tok/s; 5774 tgt tok/s;     15 s elapsed
Epoch 11,   150/  454; acc:  82.65; ppl:   2.06; 5638 src tok/s; 5864 tgt tok/s;     22 s elapsed
Epoch 11,   200/  454; acc:  82.16; ppl:   2.11; 5721 src tok/s; 5918 tgt tok/s;     30 s elapsed
Epoch 11,   250/  454; acc:  82.89; ppl:   2.03; 5506 src tok/s; 5759 tgt tok/s;     37 s elapsed
Epoch 11,   300/  454; acc:  81.49; ppl:   2.19; 5596 src tok/s; 5819 tgt tok/s;     45 s elapsed
Epoch 11,   350/  454; acc:  82.48; ppl:   2.06; 5781 src tok/s; 6011 tgt tok/s;     52 s elapsed
Epoch 11,   400/  454; acc:  81.32; ppl:   2.20; 5673 src tok/s; 5858 tgt tok/s;     59 s elapsed
Epoch 11,   450/  454; acc:  81.78; ppl:   2.13; 5665 src tok/s; 5889 tgt tok/s;     67 s elapsed
Train perplexity: 2.10683
Train accuracy: 82.1466
Validation perplexity: 6.21763
Validation accuracy: 69.526
Decaying learning rate to 0.0625

Epoch 12,    50/  454; acc:  83.44; ppl:   1.98; 5755 src tok/s; 5978 tgt tok/s;      7 s elapsed
Epoch 12,   100/  454; acc:  83.21; ppl:   2.03; 5675 src tok/s; 5877 tgt tok/s;     15 s elapsed
Epoch 12,   150/  454; acc:  82.17; ppl:   2.13; 5802 src tok/s; 5979 tgt tok/s;     22 s elapsed
Epoch 12,   200/  454; acc:  85.04; ppl:   1.83; 5560 src tok/s; 5836 tgt tok/s;     29 s elapsed
Epoch 12,   250/  454; acc:  83.75; ppl:   1.96; 5618 src tok/s; 5846 tgt tok/s;     37 s elapsed
Epoch 12,   300/  454; acc:  82.81; ppl:   2.05; 5749 src tok/s; 5928 tgt tok/s;     44 s elapsed
Epoch 12,   350/  454; acc:  83.24; ppl:   2.00; 5654 src tok/s; 5857 tgt tok/s;     52 s elapsed
Epoch 12,   400/  454; acc:  83.15; ppl:   2.01; 5676 src tok/s; 5908 tgt tok/s;     59 s elapsed
Epoch 12,   450/  454; acc:  83.30; ppl:   2.01; 5744 src tok/s; 5989 tgt tok/s;     66 s elapsed
Train perplexity: 2.00867
Train accuracy: 83.2582
Validation perplexity: 6.29361
Validation accuracy: 69.6396
Decaying learning rate to 0.03125

Epoch 13,    50/  454; acc:  84.09; ppl:   1.96; 5826 src tok/s; 6039 tgt tok/s;      7 s elapsed
Epoch 13,   100/  454; acc:  83.98; ppl:   1.94; 5806 src tok/s; 6005 tgt tok/s;     14 s elapsed
Epoch 13,   150/  454; acc:  83.59; ppl:   1.97; 5762 src tok/s; 5957 tgt tok/s;     22 s elapsed
Epoch 13,   200/  454; acc:  83.43; ppl:   2.00; 5665 src tok/s; 5882 tgt tok/s;     29 s elapsed
Epoch 13,   250/  454; acc:  84.04; ppl:   1.93; 5684 src tok/s; 5887 tgt tok/s;     37 s elapsed
Epoch 13,   300/  454; acc:  83.36; ppl:   2.00; 5601 src tok/s; 5846 tgt tok/s;     44 s elapsed
Epoch 13,   350/  454; acc:  84.84; ppl:   1.86; 5742 src tok/s; 5991 tgt tok/s;     51 s elapsed
Epoch 13,   400/  454; acc:  82.50; ppl:   2.06; 5725 src tok/s; 5916 tgt tok/s;     59 s elapsed
Epoch 13,   450/  454; acc:  83.98; ppl:   1.93; 5546 src tok/s; 5770 tgt tok/s;     66 s elapsed
Train perplexity: 1.95982
Train accuracy: 83.766
Validation perplexity: 6.37751
Validation accuracy: 69.4551
Decaying learning rate to 0.015625

Epoch 14,    50/  454; acc:  83.99; ppl:   1.93; 5664 src tok/s; 5874 tgt tok/s;      8 s elapsed
Epoch 14,   100/  454; acc:  84.57; ppl:   1.90; 5747 src tok/s; 5990 tgt tok/s;     15 s elapsed
Epoch 14,   150/  454; acc:  85.52; ppl:   1.81; 5622 src tok/s; 5871 tgt tok/s;     22 s elapsed
Epoch 14,   200/  454; acc:  82.81; ppl:   2.07; 5732 src tok/s; 5908 tgt tok/s;     29 s elapsed
Epoch 14,   250/  454; acc:  83.61; ppl:   1.94; 5694 src tok/s; 5892 tgt tok/s;     37 s elapsed
Epoch 14,   300/  454; acc:  83.50; ppl:   1.96; 5706 src tok/s; 5928 tgt tok/s;     44 s elapsed
Epoch 14,   350/  454; acc:  83.93; ppl:   1.96; 5736 src tok/s; 5962 tgt tok/s;     52 s elapsed
Epoch 14,   400/  454; acc:  84.06; ppl:   1.92; 5624 src tok/s; 5827 tgt tok/s;     59 s elapsed
Epoch 14,   450/  454; acc:  83.92; ppl:   1.96; 5677 src tok/s; 5891 tgt tok/s;     66 s elapsed
Train perplexity: 1.93703
Train accuracy: 83.9851
Validation perplexity: 6.38782
Validation accuracy: 69.5757
Decaying learning rate to 0.0078125

Epoch 15,    50/  454; acc:  83.54; ppl:   1.98; 5814 src tok/s; 5966 tgt tok/s;      8 s elapsed
Epoch 15,   100/  454; acc:  85.01; ppl:   1.84; 5625 src tok/s; 5891 tgt tok/s;     15 s elapsed
Epoch 15,   150/  454; acc:  84.10; ppl:   1.93; 5608 src tok/s; 5824 tgt tok/s;     22 s elapsed
Epoch 15,   200/  454; acc:  84.46; ppl:   1.89; 5637 src tok/s; 5870 tgt tok/s;     30 s elapsed
Epoch 15,   250/  454; acc:  82.94; ppl:   2.06; 5699 src tok/s; 5896 tgt tok/s;     37 s elapsed
Epoch 15,   300/  454; acc:  85.37; ppl:   1.81; 5761 src tok/s; 5990 tgt tok/s;     44 s elapsed
Epoch 15,   350/  454; acc:  83.59; ppl:   1.97; 5656 src tok/s; 5843 tgt tok/s;     52 s elapsed
Epoch 15,   400/  454; acc:  84.66; ppl:   1.87; 5622 src tok/s; 5857 tgt tok/s;     59 s elapsed
Epoch 15,   450/  454; acc:  83.83; ppl:   1.95; 5673 src tok/s; 5889 tgt tok/s;     66 s elapsed
Train perplexity: 1.92063
Train accuracy: 84.1646
Validation perplexity: 6.40168
Validation accuracy: 69.5686
Decaying learning rate to 0.00390625

Epoch 16,    50/  454; acc:  83.78; ppl:   1.94; 5764 src tok/s; 5950 tgt tok/s;      8 s elapsed
Epoch 16,   100/  454; acc:  84.81; ppl:   1.88; 5647 src tok/s; 5916 tgt tok/s;     15 s elapsed
Epoch 16,   150/  454; acc:  83.81; ppl:   1.98; 5728 src tok/s; 5905 tgt tok/s;     22 s elapsed
Epoch 16,   200/  454; acc:  84.79; ppl:   1.86; 5706 src tok/s; 5944 tgt tok/s;     29 s elapsed
Epoch 16,   250/  454; acc:  84.91; ppl:   1.86; 5735 src tok/s; 5976 tgt tok/s;     37 s elapsed
Epoch 16,   300/  454; acc:  83.74; ppl:   1.98; 5708 src tok/s; 5902 tgt tok/s;     44 s elapsed
Epoch 16,   350/  454; acc:  84.07; ppl:   1.94; 5625 src tok/s; 5846 tgt tok/s;     51 s elapsed
Epoch 16,   400/  454; acc:  84.05; ppl:   1.91; 5596 src tok/s; 5791 tgt tok/s;     59 s elapsed
Epoch 16,   450/  454; acc:  84.24; ppl:   1.92; 5610 src tok/s; 5822 tgt tok/s;     66 s elapsed
Train perplexity: 1.91797
Train accuracy: 84.2612
Validation perplexity: 6.40808
Validation accuracy: 69.6112
Decaying learning rate to 0.00195312

Epoch 17,    50/  454; acc:  85.68; ppl:   1.77; 5761 src tok/s; 6033 tgt tok/s;      7 s elapsed
Epoch 17,   100/  454; acc:  83.07; ppl:   2.03; 5738 src tok/s; 5897 tgt tok/s;     15 s elapsed
Epoch 17,   150/  454; acc:  84.19; ppl:   1.95; 5828 src tok/s; 6015 tgt tok/s;     22 s elapsed
Epoch 17,   200/  454; acc:  84.69; ppl:   1.88; 5615 src tok/s; 5860 tgt tok/s;     29 s elapsed
Epoch 17,   250/  454; acc:  84.55; ppl:   1.91; 5649 src tok/s; 5892 tgt tok/s;     37 s elapsed
Epoch 17,   300/  454; acc:  84.04; ppl:   1.92; 5700 src tok/s; 5906 tgt tok/s;     44 s elapsed
Epoch 17,   350/  454; acc:  84.42; ppl:   1.89; 5572 src tok/s; 5800 tgt tok/s;     52 s elapsed
Epoch 17,   400/  454; acc:  83.75; ppl:   1.96; 5613 src tok/s; 5801 tgt tok/s;     59 s elapsed
Epoch 17,   450/  454; acc:  83.93; ppl:   1.95; 5672 src tok/s; 5878 tgt tok/s;     66 s elapsed
Train perplexity: 1.91431
Train accuracy: 84.2554
Validation perplexity: 6.41273
Validation accuracy: 69.597
Decaying learning rate to 0.000976562
