<module 'opts' from '/u/suhubdyd/research/projects/jumble_lstm/code/auxiliary-nmt/opts.pyc'>
Namespace(batch_size=64, brnn=False, brnn_merge='concat', cnn_kernel_width=3, context_gate=None, copy_attn=False, copy_attn_force=False, coverage_attn=False, data='/data/lisatmp3/suhubdyd/multi30k.atok.low', dec_layers=1, decay_method='', decoder_type='rnn', dropout=0.3, enc_layers=2, encoder_type='rnn', epochs=17, exp='', exp_host='', feat_merge='concat', feat_vec_exponent=0.7, feat_vec_size=-1, fix_word_vecs_dec=False, fix_word_vecs_enc=False, global_attention='general', gpuid=[0], input_feed=1, kappa_dec=0.3, kappa_enc=0.25, lambda_coverage=1, layers=-1, learning_rate=1.0, learning_rate_decay=0.5, max_generator_batches=32, max_grad_norm=5, model_type='text', optim='sgd', param_init=0.1, position_encoding=False, pre_word_vecs_dec=None, pre_word_vecs_enc=None, report_every=50, rnn_size=500, rnn_type='LSTM', save_model='/data/lisatmp3/suhubdyd/models/seeds/encoder0.25decoder0.3dropout0.3wdropFalseseed1', seed=1, share_decoder_embeddings=False, share_embeddings=False, src_word_vec_size=500, start_checkpoint_at=0, start_decay_at=8, start_epoch=1, tgt_word_vec_size=500, train_from='', truncated_decoder=0, warmup_steps=4000, weightdropout=False, word_vec_size=-1)
('Using Kappa L2 loss on encoder', 0.25)
('Using Kappa L2 loss on decoder', 0.3)
Loading train and validate data from '/data/lisatmp3/suhubdyd/multi30k.atok.low'
 * number of training sentences: 29000
 * maximum batch size: 64
 * vocabulary size. source = 10841; target = 18563
Building model...
Intializing model parameters.
NMTModel (
  (encoder): RNNEncoder (
    (embeddings): Embeddings (
      (make_embedding): Sequential (
        (emb_luts): Elementwise (
          (0): Embedding(10841, 500, padding_idx=1)
        )
      )
    )
    (dropout): Dropout (p = 0.3)
    (rnn): LSTM(500, 500, dropout=0.3)
  )
  (decoder): InputFeedRNNDecoder (
    (embeddings): Embeddings (
      (make_embedding): Sequential (
        (emb_luts): Elementwise (
          (0): Embedding(18563, 500, padding_idx=1)
        )
      )
    )
    (dropout): Dropout (p = 0.3)
    (rnn): StackedLSTM (
      (dropout): Dropout (p = 0.3)
      (layers): ModuleList (
        (0): LSTMCell(1000, 500)
      )
    )
    (attn): GlobalAttention (
      (linear_in): Linear (500 -> 500)
      (linear_out): Linear (1000 -> 500)
      (sm): Softmax ()
      (tanh): Tanh ()
    )
  )
  (generator): Sequential (
    (0): Linear (500 -> 18563)
    (1): LogSoftmax ()
  )
)
* number of parameters: 29760063
('encoder: ', 7424500)
('decoder: ', 22335563)

Epoch  1,    50/  454; acc:   8.66; ppl: 19398.24; 6004 src tok/s; 6242 tgt tok/s;      7 s elapsed
Epoch  1,   100/  454; acc:  13.59; ppl: 2755.85; 7037 src tok/s; 7322 tgt tok/s;     13 s elapsed
Epoch  1,   150/  454; acc:  16.90; ppl: 680.58; 7052 src tok/s; 7295 tgt tok/s;     19 s elapsed
Epoch  1,   200/  454; acc:  19.55; ppl: 332.84; 6940 src tok/s; 7216 tgt tok/s;     25 s elapsed
Epoch  1,   250/  454; acc:  22.74; ppl: 198.17; 7178 src tok/s; 7435 tgt tok/s;     31 s elapsed
Epoch  1,   300/  454; acc:  27.83; ppl: 126.90; 6952 src tok/s; 7241 tgt tok/s;     37 s elapsed
Epoch  1,   350/  454; acc:  29.77; ppl:  99.37; 6983 src tok/s; 7283 tgt tok/s;     43 s elapsed
Epoch  1,   400/  454; acc:  30.29; ppl:  85.71; 7000 src tok/s; 7220 tgt tok/s;     49 s elapsed
Epoch  1,   450/  454; acc:  32.81; ppl:  69.69; 7099 src tok/s; 7343 tgt tok/s;     55 s elapsed
Train perplexity: 381.337
Train accuracy: 22.4964
Validation perplexity: 58.8636
Validation accuracy: 35.5683

Epoch  2,    50/  454; acc:  34.92; ppl:  56.53; 6882 src tok/s; 7122 tgt tok/s;      6 s elapsed
Epoch  2,   100/  454; acc:  38.85; ppl:  44.36; 6911 src tok/s; 7238 tgt tok/s;     12 s elapsed
Epoch  2,   150/  454; acc:  40.47; ppl:  39.97; 7148 src tok/s; 7389 tgt tok/s;     18 s elapsed
Epoch  2,   200/  454; acc:  43.01; ppl:  32.90; 7096 src tok/s; 7351 tgt tok/s;     24 s elapsed
Epoch  2,   250/  454; acc:  44.92; ppl:  28.98; 6981 src tok/s; 7225 tgt tok/s;     30 s elapsed
Epoch  2,   300/  454; acc:  47.50; ppl:  24.24; 7073 src tok/s; 7327 tgt tok/s;     36 s elapsed
Epoch  2,   350/  454; acc:  49.58; ppl:  21.01; 7017 src tok/s; 7287 tgt tok/s;     42 s elapsed
Epoch  2,   400/  454; acc:  50.44; ppl:  20.19; 7020 src tok/s; 7277 tgt tok/s;     48 s elapsed
Epoch  2,   450/  454; acc:  50.96; ppl:  19.46; 6893 src tok/s; 7193 tgt tok/s;     54 s elapsed
Train perplexity: 29.851
Train accuracy: 44.547
Validation perplexity: 16.1841
Validation accuracy: 54.3139

Epoch  3,    50/  454; acc:  54.14; ppl:  15.03; 7016 src tok/s; 7287 tgt tok/s;      6 s elapsed
Epoch  3,   100/  454; acc:  54.91; ppl:  14.21; 6937 src tok/s; 7228 tgt tok/s;     12 s elapsed
Epoch  3,   150/  454; acc:  55.74; ppl:  13.37; 7029 src tok/s; 7287 tgt tok/s;     18 s elapsed
Epoch  3,   200/  454; acc:  55.51; ppl:  13.54; 6726 src tok/s; 6986 tgt tok/s;     24 s elapsed
Epoch  3,   250/  454; acc:  57.72; ppl:  11.87; 6989 src tok/s; 7302 tgt tok/s;     30 s elapsed
Epoch  3,   300/  454; acc:  56.35; ppl:  13.02; 7189 src tok/s; 7381 tgt tok/s;     36 s elapsed
Epoch  3,   350/  454; acc:  58.10; ppl:  11.76; 6871 src tok/s; 7218 tgt tok/s;     42 s elapsed
Epoch  3,   400/  454; acc:  57.50; ppl:  11.70; 7132 src tok/s; 7332 tgt tok/s;     48 s elapsed
Epoch  3,   450/  454; acc:  58.40; ppl:  11.15; 6866 src tok/s; 7112 tgt tok/s;     54 s elapsed
Train perplexity: 12.7687
Train accuracy: 56.5108
Validation perplexity: 10.6179
Validation accuracy: 59.3657

Epoch  4,    50/  454; acc:  61.22; ppl:   8.91; 6979 src tok/s; 7299 tgt tok/s;      6 s elapsed
Epoch  4,   100/  454; acc:  61.48; ppl:   8.76; 7002 src tok/s; 7281 tgt tok/s;     12 s elapsed
Epoch  4,   150/  454; acc:  62.25; ppl:   8.12; 6907 src tok/s; 7176 tgt tok/s;     18 s elapsed
Epoch  4,   200/  454; acc:  60.88; ppl:   8.97; 6993 src tok/s; 7202 tgt tok/s;     24 s elapsed
Epoch  4,   250/  454; acc:  62.07; ppl:   8.09; 6944 src tok/s; 7218 tgt tok/s;     30 s elapsed
Epoch  4,   300/  454; acc:  62.37; ppl:   8.11; 6909 src tok/s; 7173 tgt tok/s;     36 s elapsed
Epoch  4,   350/  454; acc:  62.00; ppl:   8.22; 6845 src tok/s; 7099 tgt tok/s;     42 s elapsed
Epoch  4,   400/  454; acc:  62.88; ppl:   7.84; 6968 src tok/s; 7226 tgt tok/s;     48 s elapsed
Epoch  4,   450/  454; acc:  62.90; ppl:   8.01; 7027 src tok/s; 7312 tgt tok/s;     54 s elapsed
Train perplexity: 8.37107
Train accuracy: 61.9254
Validation perplexity: 8.74138
Validation accuracy: 62.7501

Epoch  5,    50/  454; acc:  65.81; ppl:   6.14; 6906 src tok/s; 7199 tgt tok/s;      6 s elapsed
Epoch  5,   100/  454; acc:  64.80; ppl:   6.50; 6994 src tok/s; 7232 tgt tok/s;     12 s elapsed
Epoch  5,   150/  454; acc:  65.34; ppl:   6.36; 6956 src tok/s; 7209 tgt tok/s;     18 s elapsed
Epoch  5,   200/  454; acc:  64.64; ppl:   6.61; 6866 src tok/s; 7147 tgt tok/s;     24 s elapsed
Epoch  5,   250/  454; acc:  65.50; ppl:   6.25; 7090 src tok/s; 7298 tgt tok/s;     30 s elapsed
Epoch  5,   300/  454; acc:  65.45; ppl:   6.31; 6915 src tok/s; 7220 tgt tok/s;     36 s elapsed
Epoch  5,   350/  454; acc:  65.64; ppl:   6.09; 7130 src tok/s; 7430 tgt tok/s;     42 s elapsed
Epoch  5,   400/  454; acc:  65.10; ppl:   6.47; 6986 src tok/s; 7244 tgt tok/s;     48 s elapsed
Epoch  5,   450/  454; acc:  65.08; ppl:   6.35; 6963 src tok/s; 7210 tgt tok/s;     54 s elapsed
Train perplexity: 6.33192
Train accuracy: 65.2844
Validation perplexity: 7.41711
Validation accuracy: 64.6871

Epoch  6,    50/  454; acc:  68.74; ppl:   4.86; 6795 src tok/s; 7054 tgt tok/s;      6 s elapsed
Epoch  6,   100/  454; acc:  68.36; ppl:   4.99; 7007 src tok/s; 7307 tgt tok/s;     12 s elapsed
Epoch  6,   150/  454; acc:  67.06; ppl:   5.34; 6952 src tok/s; 7190 tgt tok/s;     18 s elapsed
Epoch  6,   200/  454; acc:  68.74; ppl:   4.86; 7010 src tok/s; 7319 tgt tok/s;     24 s elapsed
Epoch  6,   250/  454; acc:  68.16; ppl:   5.06; 7021 src tok/s; 7284 tgt tok/s;     30 s elapsed
Epoch  6,   300/  454; acc:  67.13; ppl:   5.38; 6939 src tok/s; 7176 tgt tok/s;     36 s elapsed
Epoch  6,   350/  454; acc:  67.65; ppl:   5.09; 7108 src tok/s; 7327 tgt tok/s;     42 s elapsed
Epoch  6,   400/  454; acc:  67.42; ppl:   5.25; 6843 src tok/s; 7125 tgt tok/s;     48 s elapsed
Epoch  6,   450/  454; acc:  67.29; ppl:   5.28; 7086 src tok/s; 7356 tgt tok/s;     54 s elapsed
Train perplexity: 5.1216
Train accuracy: 67.8432
Validation perplexity: 7.02626
Validation accuracy: 66.0281

Epoch  7,    50/  454; acc:  70.55; ppl:   4.21; 7140 src tok/s; 7390 tgt tok/s;      6 s elapsed
Epoch  7,   100/  454; acc:  70.54; ppl:   4.13; 6912 src tok/s; 7201 tgt tok/s;     12 s elapsed
Epoch  7,   150/  454; acc:  70.10; ppl:   4.28; 6992 src tok/s; 7242 tgt tok/s;     18 s elapsed
Epoch  7,   200/  454; acc:  70.84; ppl:   4.17; 6811 src tok/s; 7099 tgt tok/s;     24 s elapsed
Epoch  7,   250/  454; acc:  69.25; ppl:   4.45; 7000 src tok/s; 7243 tgt tok/s;     30 s elapsed
Epoch  7,   300/  454; acc:  70.05; ppl:   4.24; 6853 src tok/s; 7142 tgt tok/s;     36 s elapsed
Epoch  7,   350/  454; acc:  69.44; ppl:   4.47; 7059 src tok/s; 7301 tgt tok/s;     42 s elapsed
Epoch  7,   400/  454; acc:  70.43; ppl:   4.21; 7045 src tok/s; 7296 tgt tok/s;     48 s elapsed
Epoch  7,   450/  454; acc:  69.01; ppl:   4.48; 6805 src tok/s; 7082 tgt tok/s;     54 s elapsed
Train perplexity: 4.29314
Train accuracy: 70.0214
Validation perplexity: 6.77576
Validation accuracy: 66.4183

Epoch  8,    50/  454; acc:  72.63; ppl:   3.58; 6940 src tok/s; 7193 tgt tok/s;      6 s elapsed
Epoch  8,   100/  454; acc:  72.44; ppl:   3.64; 6932 src tok/s; 7165 tgt tok/s;     12 s elapsed
Epoch  8,   150/  454; acc:  72.76; ppl:   3.49; 6764 src tok/s; 7098 tgt tok/s;     18 s elapsed
Epoch  8,   200/  454; acc:  70.83; ppl:   3.85; 7085 src tok/s; 7297 tgt tok/s;     24 s elapsed
Epoch  8,   250/  454; acc:  71.36; ppl:   3.78; 6988 src tok/s; 7267 tgt tok/s;     30 s elapsed
Epoch  8,   300/  454; acc:  71.61; ppl:   3.70; 6900 src tok/s; 7168 tgt tok/s;     36 s elapsed
Epoch  8,   350/  454; acc:  71.70; ppl:   3.75; 6902 src tok/s; 7166 tgt tok/s;     42 s elapsed
Epoch  8,   400/  454; acc:  71.23; ppl:   3.80; 6989 src tok/s; 7262 tgt tok/s;     48 s elapsed
Epoch  8,   450/  454; acc:  71.27; ppl:   3.89; 6862 src tok/s; 7121 tgt tok/s;     54 s elapsed
Train perplexity: 3.72372
Train accuracy: 71.7235
Validation perplexity: 6.45617
Validation accuracy: 67.7097
Decaying learning rate to 0.5

Epoch  9,    50/  454; acc:  77.10; ppl:   2.76; 6874 src tok/s; 7169 tgt tok/s;      6 s elapsed
Epoch  9,   100/  454; acc:  75.97; ppl:   2.92; 7052 src tok/s; 7275 tgt tok/s;     12 s elapsed
Epoch  9,   150/  454; acc:  77.52; ppl:   2.69; 6938 src tok/s; 7184 tgt tok/s;     18 s elapsed
Epoch  9,   200/  454; acc:  76.52; ppl:   2.82; 6911 src tok/s; 7186 tgt tok/s;     24 s elapsed
Epoch  9,   250/  454; acc:  76.49; ppl:   2.87; 7106 src tok/s; 7333 tgt tok/s;     30 s elapsed
Epoch  9,   300/  454; acc:  77.15; ppl:   2.70; 6951 src tok/s; 7226 tgt tok/s;     36 s elapsed
Epoch  9,   350/  454; acc:  76.42; ppl:   2.85; 6806 src tok/s; 7120 tgt tok/s;     42 s elapsed
Epoch  9,   400/  454; acc:  75.79; ppl:   2.90; 6904 src tok/s; 7135 tgt tok/s;     48 s elapsed
Epoch  9,   450/  454; acc:  76.40; ppl:   2.81; 6895 src tok/s; 7154 tgt tok/s;     54 s elapsed
Train perplexity: 2.80893
Train accuracy: 76.6156
Validation perplexity: 6.18037
Validation accuracy: 68.4547
Decaying learning rate to 0.25

Epoch 10,    50/  454; acc:  80.32; ppl:   2.30; 6815 src tok/s; 7059 tgt tok/s;      6 s elapsed
Epoch 10,   100/  454; acc:  80.36; ppl:   2.31; 7080 src tok/s; 7328 tgt tok/s;     12 s elapsed
Epoch 10,   150/  454; acc:  80.32; ppl:   2.30; 6994 src tok/s; 7271 tgt tok/s;     18 s elapsed
Epoch 10,   200/  454; acc:  80.39; ppl:   2.31; 7006 src tok/s; 7247 tgt tok/s;     24 s elapsed
Epoch 10,   250/  454; acc:  79.81; ppl:   2.35; 6928 src tok/s; 7187 tgt tok/s;     30 s elapsed
Epoch 10,   300/  454; acc:  80.22; ppl:   2.32; 7066 src tok/s; 7364 tgt tok/s;     36 s elapsed
Epoch 10,   350/  454; acc:  79.60; ppl:   2.39; 6970 src tok/s; 7263 tgt tok/s;     42 s elapsed
Epoch 10,   400/  454; acc:  80.13; ppl:   2.31; 7022 src tok/s; 7296 tgt tok/s;     48 s elapsed
Epoch 10,   450/  454; acc:  79.45; ppl:   2.43; 6984 src tok/s; 7223 tgt tok/s;     54 s elapsed
Train perplexity: 2.33394
Train accuracy: 80.0804
Validation perplexity: 6.18063
Validation accuracy: 69.4125
Decaying learning rate to 0.125

Epoch 11,    50/  454; acc:  82.95; ppl:   2.01; 6927 src tok/s; 7203 tgt tok/s;      6 s elapsed
Epoch 11,   100/  454; acc:  81.60; ppl:   2.19; 6999 src tok/s; 7208 tgt tok/s;     12 s elapsed
Epoch 11,   150/  454; acc:  81.94; ppl:   2.16; 7028 src tok/s; 7295 tgt tok/s;     18 s elapsed
Epoch 11,   200/  454; acc:  82.64; ppl:   2.05; 7067 src tok/s; 7348 tgt tok/s;     24 s elapsed
Epoch 11,   250/  454; acc:  80.59; ppl:   2.25; 6920 src tok/s; 7152 tgt tok/s;     30 s elapsed
Epoch 11,   300/  454; acc:  82.97; ppl:   2.00; 6840 src tok/s; 7167 tgt tok/s;     36 s elapsed
Epoch 11,   350/  454; acc:  81.83; ppl:   2.13; 6894 src tok/s; 7168 tgt tok/s;     42 s elapsed
Epoch 11,   400/  454; acc:  82.34; ppl:   2.08; 7059 src tok/s; 7319 tgt tok/s;     48 s elapsed
Epoch 11,   450/  454; acc:  82.37; ppl:   2.05; 6807 src tok/s; 7076 tgt tok/s;     54 s elapsed
Train perplexity: 2.11007
Train accuracy: 82.0493
Validation perplexity: 6.31491
Validation accuracy: 69.7602
Decaying learning rate to 0.0625

Epoch 12,    50/  454; acc:  83.58; ppl:   1.98; 6859 src tok/s; 7114 tgt tok/s;      6 s elapsed
Epoch 12,   100/  454; acc:  83.33; ppl:   2.00; 6985 src tok/s; 7261 tgt tok/s;     12 s elapsed
Epoch 12,   150/  454; acc:  84.44; ppl:   1.89; 6869 src tok/s; 7198 tgt tok/s;     18 s elapsed
Epoch 12,   200/  454; acc:  82.28; ppl:   2.10; 7061 src tok/s; 7262 tgt tok/s;     24 s elapsed
Epoch 12,   250/  454; acc:  83.28; ppl:   1.99; 7004 src tok/s; 7296 tgt tok/s;     30 s elapsed
Epoch 12,   300/  454; acc:  82.69; ppl:   2.05; 6937 src tok/s; 7189 tgt tok/s;     36 s elapsed
Epoch 12,   350/  454; acc:  83.42; ppl:   1.97; 6997 src tok/s; 7290 tgt tok/s;     42 s elapsed
Epoch 12,   400/  454; acc:  82.49; ppl:   2.07; 6969 src tok/s; 7225 tgt tok/s;     48 s elapsed
Epoch 12,   450/  454; acc:  82.64; ppl:   2.06; 6850 src tok/s; 7062 tgt tok/s;     54 s elapsed
Train perplexity: 2.01308
Train accuracy: 83.1186
Validation perplexity: 6.41218
Validation accuracy: 69.4338
Decaying learning rate to 0.03125

Epoch 13,    50/  454; acc:  83.68; ppl:   1.96; 6987 src tok/s; 7288 tgt tok/s;      6 s elapsed
Epoch 13,   100/  454; acc:  83.42; ppl:   1.98; 7020 src tok/s; 7279 tgt tok/s;     12 s elapsed
Epoch 13,   150/  454; acc:  83.01; ppl:   2.03; 6944 src tok/s; 7191 tgt tok/s;     18 s elapsed
Epoch 13,   200/  454; acc:  84.32; ppl:   1.87; 6942 src tok/s; 7242 tgt tok/s;     24 s elapsed
Epoch 13,   250/  454; acc:  84.34; ppl:   1.90; 6913 src tok/s; 7201 tgt tok/s;     30 s elapsed
Epoch 13,   300/  454; acc:  82.80; ppl:   2.04; 6935 src tok/s; 7149 tgt tok/s;     36 s elapsed
Epoch 13,   350/  454; acc:  84.71; ppl:   1.86; 7044 src tok/s; 7353 tgt tok/s;     42 s elapsed
Epoch 13,   400/  454; acc:  82.51; ppl:   2.07; 7054 src tok/s; 7251 tgt tok/s;     48 s elapsed
Epoch 13,   450/  454; acc:  83.76; ppl:   1.96; 6761 src tok/s; 7027 tgt tok/s;     54 s elapsed
Train perplexity: 1.96361
Train accuracy: 83.6071
Validation perplexity: 6.44795
Validation accuracy: 69.6396
Decaying learning rate to 0.015625

Epoch 14,    50/  454; acc:  84.44; ppl:   1.88; 6888 src tok/s; 7176 tgt tok/s;      6 s elapsed
Epoch 14,   100/  454; acc:  83.75; ppl:   1.99; 6965 src tok/s; 7237 tgt tok/s;     12 s elapsed
Epoch 14,   150/  454; acc:  84.76; ppl:   1.86; 6850 src tok/s; 7096 tgt tok/s;     18 s elapsed
Epoch 14,   200/  454; acc:  83.27; ppl:   2.01; 7133 src tok/s; 7348 tgt tok/s;     24 s elapsed
Epoch 14,   250/  454; acc:  84.11; ppl:   1.91; 6863 src tok/s; 7115 tgt tok/s;     30 s elapsed
Epoch 14,   300/  454; acc:  83.23; ppl:   2.02; 6974 src tok/s; 7221 tgt tok/s;     36 s elapsed
Epoch 14,   350/  454; acc:  83.52; ppl:   1.96; 7091 src tok/s; 7362 tgt tok/s;     42 s elapsed
Epoch 14,   400/  454; acc:  84.62; ppl:   1.89; 7067 src tok/s; 7390 tgt tok/s;     48 s elapsed
Epoch 14,   450/  454; acc:  83.94; ppl:   1.93; 6865 src tok/s; 7136 tgt tok/s;     54 s elapsed
Train perplexity: 1.93872
Train accuracy: 83.9536
Validation perplexity: 6.49136
Validation accuracy: 69.5686
Decaying learning rate to 0.0078125

Epoch 15,    50/  454; acc:  84.42; ppl:   1.90; 6966 src tok/s; 7209 tgt tok/s;      6 s elapsed
Epoch 15,   100/  454; acc:  83.59; ppl:   1.99; 6977 src tok/s; 7274 tgt tok/s;     12 s elapsed
Epoch 15,   150/  454; acc:  83.74; ppl:   1.99; 7075 src tok/s; 7319 tgt tok/s;     18 s elapsed
Epoch 15,   200/  454; acc:  84.68; ppl:   1.86; 6959 src tok/s; 7222 tgt tok/s;     24 s elapsed
Epoch 15,   250/  454; acc:  84.02; ppl:   1.91; 7099 src tok/s; 7331 tgt tok/s;     30 s elapsed
Epoch 15,   300/  454; acc:  84.21; ppl:   1.93; 6868 src tok/s; 7142 tgt tok/s;     36 s elapsed
Epoch 15,   350/  454; acc:  84.37; ppl:   1.90; 6904 src tok/s; 7186 tgt tok/s;     42 s elapsed
Epoch 15,   400/  454; acc:  84.05; ppl:   1.93; 7162 src tok/s; 7443 tgt tok/s;     48 s elapsed
Epoch 15,   450/  454; acc:  84.10; ppl:   1.95; 6899 src tok/s; 7160 tgt tok/s;     54 s elapsed
Train perplexity: 1.92677
Train accuracy: 84.1226
Validation perplexity: 6.50844
Validation accuracy: 69.4622
Decaying learning rate to 0.00390625

Epoch 16,    50/  454; acc:  84.41; ppl:   1.89; 6807 src tok/s; 7108 tgt tok/s;      6 s elapsed
Epoch 16,   100/  454; acc:  83.75; ppl:   1.92; 6913 src tok/s; 7174 tgt tok/s;     12 s elapsed
Epoch 16,   150/  454; acc:  84.58; ppl:   1.87; 6716 src tok/s; 6975 tgt tok/s;     18 s elapsed
Epoch 16,   200/  454; acc:  83.73; ppl:   1.95; 6968 src tok/s; 7249 tgt tok/s;     25 s elapsed
Epoch 16,   250/  454; acc:  83.19; ppl:   2.00; 6948 src tok/s; 7168 tgt tok/s;     31 s elapsed
Epoch 16,   300/  454; acc:  85.12; ppl:   1.83; 7012 src tok/s; 7251 tgt tok/s;     37 s elapsed
Epoch 16,   350/  454; acc:  83.44; ppl:   2.00; 6996 src tok/s; 7265 tgt tok/s;     43 s elapsed
Epoch 16,   400/  454; acc:  84.63; ppl:   1.87; 6949 src tok/s; 7234 tgt tok/s;     49 s elapsed
Epoch 16,   450/  454; acc:  83.99; ppl:   1.97; 6769 src tok/s; 6994 tgt tok/s;     55 s elapsed
Train perplexity: 1.92005
Train accuracy: 84.1011
Validation perplexity: 6.51559
Validation accuracy: 69.4977
Decaying learning rate to 0.00195312

Epoch 17,    50/  454; acc:  84.02; ppl:   1.93; 6849 src tok/s; 7098 tgt tok/s;      6 s elapsed
Epoch 17,   100/  454; acc:  84.15; ppl:   1.92; 7033 src tok/s; 7234 tgt tok/s;     12 s elapsed
Epoch 17,   150/  454; acc:  82.99; ppl:   2.04; 7101 src tok/s; 7327 tgt tok/s;     18 s elapsed
Epoch 17,   200/  454; acc:  85.41; ppl:   1.81; 6914 src tok/s; 7244 tgt tok/s;     24 s elapsed
Epoch 17,   250/  454; acc:  83.32; ppl:   1.98; 6944 src tok/s; 7190 tgt tok/s;     30 s elapsed
Epoch 17,   300/  454; acc:  84.81; ppl:   1.86; 6902 src tok/s; 7192 tgt tok/s;     36 s elapsed
Epoch 17,   350/  454; acc:  84.15; ppl:   1.93; 6877 src tok/s; 7131 tgt tok/s;     42 s elapsed
Epoch 17,   400/  454; acc:  84.42; ppl:   1.88; 6986 src tok/s; 7273 tgt tok/s;     48 s elapsed
Epoch 17,   450/  454; acc:  84.16; ppl:   1.93; 6902 src tok/s; 7189 tgt tok/s;     54 s elapsed
Train perplexity: 1.92111
Train accuracy: 84.1348
Validation perplexity: 6.51397
Validation accuracy: 69.5189
Decaying learning rate to 0.000976562
