<module 'opts' from '/u/suhubdyd/research/projects/jumble_lstm/code/auxiliary-nmt/opts.pyc'>
Namespace(batch_size=64, brnn=False, brnn_merge='concat', cnn_kernel_width=3, context_gate=None, copy_attn=False, copy_attn_force=False, coverage_attn=False, data='/data/lisatmp3/suhubdyd/multi30k.atok.low', dec_layers=1, decay_method='', decoder_type='rnn', dropout=0.4, enc_layers=2, encoder_type='rnn', epochs=17, exp='', exp_host='', feat_merge='concat', feat_vec_exponent=0.7, feat_vec_size=-1, fix_word_vecs_dec=False, fix_word_vecs_enc=False, global_attention='general', gpuid=[0], input_feed=1, kappa_dec=0.0, kappa_enc=0.25, lambda_coverage=1, layers=-1, learning_rate=1.0, learning_rate_decay=0.5, max_generator_batches=32, max_grad_norm=5, model_type='text', optim='sgd', param_init=0.1, position_encoding=False, pre_word_vecs_dec=None, pre_word_vecs_enc=None, report_every=50, rnn_size=500, rnn_type='LSTM', save_model='/data/lisatmp3/suhubdyd/models/encoder0.25_decoder0_dropout0.4', seed=-1, share_decoder_embeddings=False, share_embeddings=False, src_word_vec_size=500, start_checkpoint_at=0, start_decay_at=8, start_epoch=1, tgt_word_vec_size=500, train_from='', truncated_decoder=0, warmup_steps=4000, word_vec_size=-1)
('Using Kappa L2 loss on encoder', 0.25)
Loading train and validate data from '/data/lisatmp3/suhubdyd/multi30k.atok.low'
 * number of training sentences: 29000
 * maximum batch size: 64
 * vocabulary size. source = 10841; target = 18563
Building model...
Intializing model parameters.
NMTModel (
  (encoder): RNNEncoder (
    (embeddings): Embeddings (
      (make_embedding): Sequential (
        (emb_luts): Elementwise (
          (0): Embedding(10841, 500, padding_idx=1)
        )
      )
    )
    (dropout): Dropout (p = 0.4)
    (rnn): LSTM(500, 500, dropout=0.4)
  )
  (decoder): InputFeedRNNDecoder (
    (embeddings): Embeddings (
      (make_embedding): Sequential (
        (emb_luts): Elementwise (
          (0): Embedding(18563, 500, padding_idx=1)
        )
      )
    )
    (dropout): Dropout (p = 0.4)
    (rnn): StackedLSTM (
      (dropout): Dropout (p = 0.4)
      (layers): ModuleList (
        (0): LSTMCell(1000, 500)
      )
    )
    (attn): GlobalAttention (
      (linear_in): Linear (500 -> 500)
      (linear_out): Linear (1000 -> 500)
      (sm): Softmax ()
      (tanh): Tanh ()
    )
  )
  (generator): Sequential (
    (0): Linear (500 -> 18563)
    (1): LogSoftmax ()
  )
)
* number of parameters: 29760063
('encoder: ', 7424500)
('decoder: ', 22335563)

Epoch  1,    50/  454; acc:   8.25; ppl: 19976.08; 3280 src tok/s; 3379 tgt tok/s;     13 s elapsed
Epoch  1,   100/  454; acc:  15.13; ppl: 1466.48; 3402 src tok/s; 3565 tgt tok/s;     25 s elapsed
Epoch  1,   150/  454; acc:  18.05; ppl: 507.41; 3428 src tok/s; 3536 tgt tok/s;     38 s elapsed
Epoch  1,   200/  454; acc:  22.70; ppl: 270.28; 3240 src tok/s; 3367 tgt tok/s;     50 s elapsed
Epoch  1,   250/  454; acc:  24.70; ppl: 179.73; 3198 src tok/s; 3324 tgt tok/s;     63 s elapsed
Epoch  1,   300/  454; acc:  28.11; ppl: 116.16; 3192 src tok/s; 3331 tgt tok/s;     76 s elapsed
Epoch  1,   350/  454; acc:  29.38; ppl:  99.31; 3269 src tok/s; 3377 tgt tok/s;     89 s elapsed
Epoch  1,   400/  454; acc:  31.70; ppl:  78.66; 3201 src tok/s; 3334 tgt tok/s;    102 s elapsed
Epoch  1,   450/  454; acc:  32.86; ppl:  67.59; 3181 src tok/s; 3299 tgt tok/s;    115 s elapsed
Train perplexity: 327.599
Train accuracy: 23.4576
Validation perplexity: 61.5697
Validation accuracy: 33.3475

Epoch  2,    50/  454; acc:  34.82; ppl:  56.54; 3275 src tok/s; 3379 tgt tok/s;     13 s elapsed
Epoch  2,   100/  454; acc:  38.12; ppl:  45.13; 3251 src tok/s; 3382 tgt tok/s;     26 s elapsed
Epoch  2,   150/  454; acc:  41.65; ppl:  36.13; 3187 src tok/s; 3314 tgt tok/s;     39 s elapsed
Epoch  2,   200/  454; acc:  43.79; ppl:  31.39; 3259 src tok/s; 3369 tgt tok/s;     52 s elapsed
Epoch  2,   250/  454; acc:  45.60; ppl:  27.69; 3171 src tok/s; 3277 tgt tok/s;     65 s elapsed
Epoch  2,   300/  454; acc:  48.12; ppl:  23.03; 3168 src tok/s; 3314 tgt tok/s;     78 s elapsed
Epoch  2,   350/  454; acc:  49.44; ppl:  21.67; 3221 src tok/s; 3332 tgt tok/s;     91 s elapsed
Epoch  2,   400/  454; acc:  51.64; ppl:  18.64; 3203 src tok/s; 3344 tgt tok/s;    104 s elapsed
Epoch  2,   450/  454; acc:  52.57; ppl:  16.74; 3200 src tok/s; 3326 tgt tok/s;    117 s elapsed
Train perplexity: 28.4729
Train accuracy: 45.1203
Validation perplexity: 15.1253
Validation accuracy: 54.7538

Epoch  3,    50/  454; acc:  55.06; ppl:  13.60; 3254 src tok/s; 3369 tgt tok/s;     13 s elapsed
Epoch  3,   100/  454; acc:  55.03; ppl:  13.71; 3254 src tok/s; 3375 tgt tok/s;     26 s elapsed
Epoch  3,   150/  454; acc:  57.33; ppl:  11.95; 3186 src tok/s; 3325 tgt tok/s;     38 s elapsed
Epoch  3,   200/  454; acc:  56.30; ppl:  12.56; 3279 src tok/s; 3379 tgt tok/s;     52 s elapsed
Epoch  3,   250/  454; acc:  56.49; ppl:  12.35; 3257 src tok/s; 3356 tgt tok/s;     65 s elapsed
Epoch  3,   300/  454; acc:  59.23; ppl:  10.57; 3215 src tok/s; 3341 tgt tok/s;     78 s elapsed
Epoch  3,   350/  454; acc:  57.91; ppl:  11.39; 3171 src tok/s; 3291 tgt tok/s;     91 s elapsed
Epoch  3,   400/  454; acc:  59.66; ppl:  10.39; 3199 src tok/s; 3338 tgt tok/s;    104 s elapsed
Epoch  3,   450/  454; acc:  59.42; ppl:  10.51; 3131 src tok/s; 3261 tgt tok/s;    117 s elapsed
Train perplexity: 11.8128
Train accuracy: 57.4084
Validation perplexity: 9.6123
Validation accuracy: 61.2956

Epoch  4,    50/  454; acc:  62.21; ppl:   7.96; 3175 src tok/s; 3333 tgt tok/s;     13 s elapsed
Epoch  4,   100/  454; acc:  61.33; ppl:   8.46; 3223 src tok/s; 3317 tgt tok/s;     26 s elapsed
Epoch  4,   150/  454; acc:  62.47; ppl:   7.84; 3252 src tok/s; 3368 tgt tok/s;     39 s elapsed
Epoch  4,   200/  454; acc:  62.09; ppl:   7.99; 3217 src tok/s; 3324 tgt tok/s;     52 s elapsed
Epoch  4,   250/  454; acc:  62.15; ppl:   8.01; 3302 src tok/s; 3395 tgt tok/s;     65 s elapsed
Epoch  4,   300/  454; acc:  63.75; ppl:   7.26; 3176 src tok/s; 3331 tgt tok/s;     78 s elapsed
Epoch  4,   350/  454; acc:  62.33; ppl:   7.83; 3182 src tok/s; 3294 tgt tok/s;     91 s elapsed
Epoch  4,   400/  454; acc:  64.02; ppl:   7.18; 3248 src tok/s; 3381 tgt tok/s;    104 s elapsed
Epoch  4,   450/  454; acc:  63.21; ppl:   7.35; 3108 src tok/s; 3232 tgt tok/s;    118 s elapsed
Train perplexity: 7.73562
Train accuracy: 62.6576
Validation perplexity: 7.79006
Validation accuracy: 64.7084

Epoch  5,    50/  454; acc:  67.48; ppl:   5.46; 3231 src tok/s; 3363 tgt tok/s;     12 s elapsed
Epoch  5,   100/  454; acc:  65.02; ppl:   6.24; 3203 src tok/s; 3293 tgt tok/s;     26 s elapsed
Epoch  5,   150/  454; acc:  65.50; ppl:   5.96; 3247 src tok/s; 3380 tgt tok/s;     39 s elapsed
Epoch  5,   200/  454; acc:  65.96; ppl:   5.83; 3226 src tok/s; 3352 tgt tok/s;     52 s elapsed
Epoch  5,   250/  454; acc:  64.77; ppl:   6.33; 3224 src tok/s; 3327 tgt tok/s;     66 s elapsed
Epoch  5,   300/  454; acc:  67.18; ppl:   5.42; 3094 src tok/s; 3255 tgt tok/s;     79 s elapsed
Epoch  5,   350/  454; acc:  66.44; ppl:   5.76; 3238 src tok/s; 3351 tgt tok/s;     92 s elapsed
Epoch  5,   400/  454; acc:  65.99; ppl:   5.86; 3171 src tok/s; 3286 tgt tok/s;    105 s elapsed
Epoch  5,   450/  454; acc:  66.42; ppl:   5.85; 3200 src tok/s; 3316 tgt tok/s;    118 s elapsed
Train perplexity: 5.84925
Train accuracy: 66.0829
Validation perplexity: 7.15042
Validation accuracy: 65.0986

Epoch  6,    50/  454; acc:  70.28; ppl:   4.32; 3250 src tok/s; 3396 tgt tok/s;     12 s elapsed
Epoch  6,   100/  454; acc:  67.92; ppl:   4.93; 3196 src tok/s; 3302 tgt tok/s;     26 s elapsed
Epoch  6,   150/  454; acc:  68.81; ppl:   4.60; 3209 src tok/s; 3338 tgt tok/s;     39 s elapsed
Epoch  6,   200/  454; acc:  68.71; ppl:   4.75; 3216 src tok/s; 3325 tgt tok/s;     52 s elapsed
Epoch  6,   250/  454; acc:  68.33; ppl:   4.80; 3246 src tok/s; 3356 tgt tok/s;     65 s elapsed
Epoch  6,   300/  454; acc:  67.76; ppl:   4.98; 3149 src tok/s; 3279 tgt tok/s;     78 s elapsed
Epoch  6,   350/  454; acc:  68.43; ppl:   4.83; 3150 src tok/s; 3260 tgt tok/s;     92 s elapsed
Epoch  6,   400/  454; acc:  69.18; ppl:   4.56; 3221 src tok/s; 3341 tgt tok/s;    105 s elapsed
Epoch  6,   450/  454; acc:  68.31; ppl:   4.78; 3179 src tok/s; 3319 tgt tok/s;    117 s elapsed
Train perplexity: 4.72821
Train accuracy: 68.6091
Validation perplexity: 6.79952
Validation accuracy: 66.2268

Epoch  7,    50/  454; acc:  70.76; ppl:   3.91; 3260 src tok/s; 3358 tgt tok/s;     13 s elapsed
Epoch  7,   100/  454; acc:  71.93; ppl:   3.74; 3174 src tok/s; 3312 tgt tok/s;     26 s elapsed
Epoch  7,   150/  454; acc:  71.27; ppl:   3.80; 3210 src tok/s; 3332 tgt tok/s;     39 s elapsed
Epoch  7,   200/  454; acc:  70.59; ppl:   3.96; 3250 src tok/s; 3365 tgt tok/s;     52 s elapsed
Epoch  7,   250/  454; acc:  70.99; ppl:   3.93; 3154 src tok/s; 3292 tgt tok/s;     65 s elapsed
Epoch  7,   300/  454; acc:  69.81; ppl:   4.20; 3147 src tok/s; 3254 tgt tok/s;     79 s elapsed
Epoch  7,   350/  454; acc:  69.74; ppl:   4.22; 3249 src tok/s; 3354 tgt tok/s;     92 s elapsed
Epoch  7,   400/  454; acc:  70.68; ppl:   3.95; 3239 src tok/s; 3386 tgt tok/s;    105 s elapsed
Epoch  7,   450/  454; acc:  70.85; ppl:   3.98; 3182 src tok/s; 3307 tgt tok/s;    118 s elapsed
Train perplexity: 3.96942
Train accuracy: 70.71
Validation perplexity: 6.54209
Validation accuracy: 67.3549

Epoch  8,    50/  454; acc:  72.26; ppl:   3.52; 3290 src tok/s; 3364 tgt tok/s;     14 s elapsed
Epoch  8,   100/  454; acc:  75.08; ppl:   3.01; 3133 src tok/s; 3306 tgt tok/s;     26 s elapsed
Epoch  8,   150/  454; acc:  72.32; ppl:   3.46; 3222 src tok/s; 3333 tgt tok/s;     39 s elapsed
Epoch  8,   200/  454; acc:  72.90; ppl:   3.39; 3203 src tok/s; 3325 tgt tok/s;     52 s elapsed
Epoch  8,   250/  454; acc:  73.15; ppl:   3.31; 3176 src tok/s; 3328 tgt tok/s;     65 s elapsed
Epoch  8,   300/  454; acc:  70.96; ppl:   3.76; 3219 src tok/s; 3320 tgt tok/s;     78 s elapsed
Epoch  8,   350/  454; acc:  71.94; ppl:   3.50; 3197 src tok/s; 3317 tgt tok/s;     92 s elapsed
Epoch  8,   400/  454; acc:  72.48; ppl:   3.45; 3241 src tok/s; 3378 tgt tok/s;    104 s elapsed
Epoch  8,   450/  454; acc:  71.80; ppl:   3.60; 3153 src tok/s; 3263 tgt tok/s;    118 s elapsed
Train perplexity: 3.44738
Train accuracy: 72.5065
Validation perplexity: 6.66496
Validation accuracy: 66.9434
Decaying learning rate to 0.5

Epoch  9,    50/  454; acc:  77.47; ppl:   2.63; 3217 src tok/s; 3334 tgt tok/s;     13 s elapsed
Epoch  9,   100/  454; acc:  77.88; ppl:   2.57; 3269 src tok/s; 3373 tgt tok/s;     26 s elapsed
Epoch  9,   150/  454; acc:  78.81; ppl:   2.43; 3115 src tok/s; 3265 tgt tok/s;     39 s elapsed
Epoch  9,   200/  454; acc:  76.60; ppl:   2.74; 3169 src tok/s; 3280 tgt tok/s;     52 s elapsed
Epoch  9,   250/  454; acc:  78.40; ppl:   2.51; 3153 src tok/s; 3278 tgt tok/s;     66 s elapsed
Epoch  9,   300/  454; acc:  77.13; ppl:   2.66; 3286 src tok/s; 3380 tgt tok/s;     79 s elapsed
Epoch  9,   350/  454; acc:  77.85; ppl:   2.54; 3209 src tok/s; 3339 tgt tok/s;     92 s elapsed
Epoch  9,   400/  454; acc:  76.82; ppl:   2.67; 3224 src tok/s; 3358 tgt tok/s;    105 s elapsed
Epoch  9,   450/  454; acc:  77.16; ppl:   2.61; 3149 src tok/s; 3270 tgt tok/s;    118 s elapsed
Train perplexity: 2.59392
Train accuracy: 77.5736
Validation perplexity: 6.33427
Validation accuracy: 68.3482
Decaying learning rate to 0.25

Epoch 10,    50/  454; acc:  81.77; ppl:   2.10; 3210 src tok/s; 3342 tgt tok/s;     13 s elapsed
Epoch 10,   100/  454; acc:  81.62; ppl:   2.15; 3239 src tok/s; 3359 tgt tok/s;     26 s elapsed
Epoch 10,   150/  454; acc:  81.51; ppl:   2.13; 3230 src tok/s; 3351 tgt tok/s;     39 s elapsed
Epoch 10,   200/  454; acc:  80.59; ppl:   2.24; 3183 src tok/s; 3297 tgt tok/s;     52 s elapsed
Epoch 10,   250/  454; acc:  80.89; ppl:   2.21; 3193 src tok/s; 3289 tgt tok/s;     66 s elapsed
Epoch 10,   300/  454; acc:  81.76; ppl:   2.12; 3166 src tok/s; 3290 tgt tok/s;     79 s elapsed
Epoch 10,   350/  454; acc:  80.98; ppl:   2.21; 3209 src tok/s; 3341 tgt tok/s;     92 s elapsed
Epoch 10,   400/  454; acc:  81.34; ppl:   2.14; 3233 src tok/s; 3367 tgt tok/s;    105 s elapsed
Epoch 10,   450/  454; acc:  81.12; ppl:   2.18; 3170 src tok/s; 3287 tgt tok/s;    118 s elapsed
Train perplexity: 2.16407
Train accuracy: 81.2807
Validation perplexity: 6.21908
Validation accuracy: 69.3132
Decaying learning rate to 0.125

Epoch 11,    50/  454; acc:  83.63; ppl:   1.96; 3237 src tok/s; 3360 tgt tok/s;     13 s elapsed
Epoch 11,   100/  454; acc:  83.21; ppl:   1.97; 3208 src tok/s; 3332 tgt tok/s;     26 s elapsed
Epoch 11,   150/  454; acc:  83.56; ppl:   1.96; 3198 src tok/s; 3307 tgt tok/s;     39 s elapsed
Epoch 11,   200/  454; acc:  83.71; ppl:   1.94; 3239 src tok/s; 3355 tgt tok/s;     52 s elapsed
Epoch 11,   250/  454; acc:  83.69; ppl:   1.94; 3184 src tok/s; 3321 tgt tok/s;     65 s elapsed
Epoch 11,   300/  454; acc:  82.99; ppl:   2.02; 3212 src tok/s; 3334 tgt tok/s;     78 s elapsed
Epoch 11,   350/  454; acc:  83.91; ppl:   1.92; 3252 src tok/s; 3376 tgt tok/s;     91 s elapsed
Epoch 11,   400/  454; acc:  82.82; ppl:   2.03; 3109 src tok/s; 3234 tgt tok/s;    105 s elapsed
Epoch 11,   450/  454; acc:  83.14; ppl:   1.97; 3110 src tok/s; 3225 tgt tok/s;    118 s elapsed
Train perplexity: 1.9683
Train accuracy: 83.4043
Validation perplexity: 6.35554
Validation accuracy: 69.2493
Decaying learning rate to 0.0625

Epoch 12,    50/  454; acc:  85.57; ppl:   1.79; 3125 src tok/s; 3261 tgt tok/s;     13 s elapsed
Epoch 12,   100/  454; acc:  83.60; ppl:   1.95; 3249 src tok/s; 3369 tgt tok/s;     26 s elapsed
Epoch 12,   150/  454; acc:  84.38; ppl:   1.88; 3222 src tok/s; 3346 tgt tok/s;     39 s elapsed
Epoch 12,   200/  454; acc:  84.54; ppl:   1.87; 3136 src tok/s; 3262 tgt tok/s;     53 s elapsed
Epoch 12,   250/  454; acc:  84.09; ppl:   1.92; 3174 src tok/s; 3286 tgt tok/s;     66 s elapsed
Epoch 12,   300/  454; acc:  84.68; ppl:   1.84; 3196 src tok/s; 3323 tgt tok/s;     79 s elapsed
Epoch 12,   350/  454; acc:  84.28; ppl:   1.91; 3231 src tok/s; 3340 tgt tok/s;     92 s elapsed
Epoch 12,   400/  454; acc:  84.52; ppl:   1.88; 3275 src tok/s; 3398 tgt tok/s;    105 s elapsed
Epoch 12,   450/  454; acc:  84.38; ppl:   1.87; 3203 src tok/s; 3320 tgt tok/s;    118 s elapsed
Train perplexity: 1.87859
Train accuracy: 84.4434
Validation perplexity: 6.42376
Validation accuracy: 69.2564
Decaying learning rate to 0.03125

Epoch 13,    50/  454; acc:  85.51; ppl:   1.82; 3320 src tok/s; 3427 tgt tok/s;     13 s elapsed
Epoch 13,   100/  454; acc:  84.71; ppl:   1.85; 3149 src tok/s; 3273 tgt tok/s;     26 s elapsed
Epoch 13,   150/  454; acc:  84.78; ppl:   1.88; 3208 src tok/s; 3334 tgt tok/s;     39 s elapsed
Epoch 13,   200/  454; acc:  85.66; ppl:   1.78; 3209 src tok/s; 3336 tgt tok/s;     52 s elapsed
Epoch 13,   250/  454; acc:  84.73; ppl:   1.85; 3254 src tok/s; 3365 tgt tok/s;     65 s elapsed
Epoch 13,   300/  454; acc:  85.41; ppl:   1.79; 3166 src tok/s; 3294 tgt tok/s;     78 s elapsed
Epoch 13,   350/  454; acc:  84.59; ppl:   1.88; 3151 src tok/s; 3274 tgt tok/s;     92 s elapsed
Epoch 13,   400/  454; acc:  85.23; ppl:   1.80; 3212 src tok/s; 3339 tgt tok/s;    104 s elapsed
Epoch 13,   450/  454; acc:  84.70; ppl:   1.86; 3208 src tok/s; 3324 tgt tok/s;    118 s elapsed
Train perplexity: 1.83374
Train accuracy: 85.0502
Validation perplexity: 6.4511
Validation accuracy: 69.228
Decaying learning rate to 0.015625

Epoch 14,    50/  454; acc:  85.20; ppl:   1.84; 3243 src tok/s; 3370 tgt tok/s;     13 s elapsed
Epoch 14,   100/  454; acc:  85.86; ppl:   1.76; 3255 src tok/s; 3383 tgt tok/s;     26 s elapsed
Epoch 14,   150/  454; acc:  85.81; ppl:   1.79; 3191 src tok/s; 3326 tgt tok/s;     39 s elapsed
Epoch 14,   200/  454; acc:  84.87; ppl:   1.88; 3223 src tok/s; 3317 tgt tok/s;     52 s elapsed
Epoch 14,   250/  454; acc:  85.43; ppl:   1.80; 3169 src tok/s; 3309 tgt tok/s;     65 s elapsed
Epoch 14,   300/  454; acc:  85.04; ppl:   1.84; 3222 src tok/s; 3345 tgt tok/s;     78 s elapsed
Epoch 14,   350/  454; acc:  85.81; ppl:   1.78; 3222 src tok/s; 3346 tgt tok/s;     91 s elapsed
Epoch 14,   400/  454; acc:  84.99; ppl:   1.84; 3232 src tok/s; 3339 tgt tok/s;    104 s elapsed
Epoch 14,   450/  454; acc:  84.88; ppl:   1.84; 3183 src tok/s; 3295 tgt tok/s;    117 s elapsed
Train perplexity: 1.81507
Train accuracy: 85.3429
Validation perplexity: 6.48613
Validation accuracy: 69.1855
Decaying learning rate to 0.0078125

Epoch 15,    50/  454; acc:  84.67; ppl:   1.87; 3252 src tok/s; 3337 tgt tok/s;     14 s elapsed
Epoch 15,   100/  454; acc:  86.57; ppl:   1.70; 3184 src tok/s; 3334 tgt tok/s;     26 s elapsed
Epoch 15,   150/  454; acc:  85.50; ppl:   1.80; 3233 src tok/s; 3359 tgt tok/s;     39 s elapsed
Epoch 15,   200/  454; acc:  85.63; ppl:   1.80; 3247 src tok/s; 3369 tgt tok/s;     52 s elapsed
Epoch 15,   250/  454; acc:  85.63; ppl:   1.78; 3192 src tok/s; 3307 tgt tok/s;     65 s elapsed
Epoch 15,   300/  454; acc:  85.26; ppl:   1.82; 3190 src tok/s; 3328 tgt tok/s;     78 s elapsed
Epoch 15,   350/  454; acc:  84.76; ppl:   1.86; 3185 src tok/s; 3285 tgt tok/s;     92 s elapsed
Epoch 15,   400/  454; acc:  85.82; ppl:   1.75; 3191 src tok/s; 3324 tgt tok/s;    105 s elapsed
Epoch 15,   450/  454; acc:  84.70; ppl:   1.86; 3174 src tok/s; 3293 tgt tok/s;    118 s elapsed
Train perplexity: 1.80115
Train accuracy: 85.4118
Validation perplexity: 6.48683
Validation accuracy: 69.2068
Decaying learning rate to 0.00390625

Epoch 16,    50/  454; acc:  85.14; ppl:   1.83; 3270 src tok/s; 3379 tgt tok/s;     13 s elapsed
Epoch 16,   100/  454; acc:  85.63; ppl:   1.78; 3147 src tok/s; 3281 tgt tok/s;     26 s elapsed
Epoch 16,   150/  454; acc:  86.99; ppl:   1.69; 3186 src tok/s; 3338 tgt tok/s;     38 s elapsed
Epoch 16,   200/  454; acc:  84.41; ppl:   1.90; 3287 src tok/s; 3371 tgt tok/s;     52 s elapsed
Epoch 16,   250/  454; acc:  85.36; ppl:   1.81; 3239 src tok/s; 3374 tgt tok/s;     65 s elapsed
Epoch 16,   300/  454; acc:  85.71; ppl:   1.79; 3209 src tok/s; 3324 tgt tok/s;     78 s elapsed
Epoch 16,   350/  454; acc:  86.24; ppl:   1.74; 3180 src tok/s; 3324 tgt tok/s;     91 s elapsed
Epoch 16,   400/  454; acc:  84.79; ppl:   1.85; 3191 src tok/s; 3296 tgt tok/s;    104 s elapsed
Epoch 16,   450/  454; acc:  85.62; ppl:   1.81; 3220 src tok/s; 3343 tgt tok/s;    117 s elapsed
Train perplexity: 1.79783
Train accuracy: 85.5256
Validation perplexity: 6.4947
Validation accuracy: 69.228
Decaying learning rate to 0.00195312

Epoch 17,    50/  454; acc:  85.31; ppl:   1.81; 3225 src tok/s; 3344 tgt tok/s;     13 s elapsed
Epoch 17,   100/  454; acc:  85.94; ppl:   1.75; 3207 src tok/s; 3329 tgt tok/s;     26 s elapsed
Epoch 17,   150/  454; acc:  85.13; ppl:   1.83; 3291 src tok/s; 3401 tgt tok/s;     39 s elapsed
Epoch 17,   200/  454; acc:  86.27; ppl:   1.73; 3187 src tok/s; 3323 tgt tok/s;     52 s elapsed
Epoch 17,   250/  454; acc:  84.58; ppl:   1.87; 3264 src tok/s; 3363 tgt tok/s;     65 s elapsed
Epoch 17,   300/  454; acc:  86.31; ppl:   1.74; 3203 src tok/s; 3343 tgt tok/s;     78 s elapsed
Epoch 17,   350/  454; acc:  84.72; ppl:   1.86; 3243 src tok/s; 3362 tgt tok/s;     91 s elapsed
Epoch 17,   400/  454; acc:  86.14; ppl:   1.73; 3223 src tok/s; 3357 tgt tok/s;    104 s elapsed
Epoch 17,   450/  454; acc:  85.50; ppl:   1.80; 3132 src tok/s; 3252 tgt tok/s;    117 s elapsed
Train perplexity: 1.79307
Train accuracy: 85.5064
Validation perplexity: 6.49723
Validation accuracy: 69.2138
Decaying learning rate to 0.000976562
