<module 'opts' from '/u/suhubdyd/research/projects/jumble_lstm/code/auxiliary-nmt/opts.pyc'>
Namespace(batch_size=64, brnn=False, brnn_merge='concat', cnn_kernel_width=3, context_gate=None, copy_attn=False, copy_attn_force=False, coverage_attn=False, data='/data/lisatmp3/suhubdyd/multi30k.atok.low', dec_layers=1, decay_method='', decoder_type='rnn', dropout=0.7, enc_layers=2, encoder_type='rnn', epochs=17, exp='', exp_host='', feat_merge='concat', feat_vec_exponent=0.7, feat_vec_size=-1, fix_word_vecs_dec=False, fix_word_vecs_enc=False, global_attention='general', gpuid=[0], input_feed=1, kappa_dec=0.15, kappa_enc=0.15, lambda_coverage=1, layers=-1, learning_rate=1.0, learning_rate_decay=0.5, max_generator_batches=32, max_grad_norm=5, model_type='text', optim='sgd', param_init=0.1, position_encoding=False, pre_word_vecs_dec=None, pre_word_vecs_enc=None, report_every=50, rnn_size=500, rnn_type='LSTM', save_model='/data/lisatmp3/suhubdyd/models/encoder0.15_decoder0.15_dropout0.7', seed=-1, share_decoder_embeddings=False, share_embeddings=False, src_word_vec_size=500, start_checkpoint_at=0, start_decay_at=8, start_epoch=1, tgt_word_vec_size=500, train_from='', truncated_decoder=0, warmup_steps=4000, word_vec_size=-1)
('Using Kappa L2 loss on encoder', 0.15)
('Using Kappa L2 loss on decoder', 0.15)
Loading train and validate data from '/data/lisatmp3/suhubdyd/multi30k.atok.low'
 * number of training sentences: 29000
 * maximum batch size: 64
 * vocabulary size. source = 10841; target = 18563
Building model...
Intializing model parameters.
NMTModel (
  (encoder): RNNEncoder (
    (embeddings): Embeddings (
      (make_embedding): Sequential (
        (emb_luts): Elementwise (
          (0): Embedding(10841, 500, padding_idx=1)
        )
      )
    )
    (dropout): Dropout (p = 0.7)
    (rnn): LSTM(500, 500, dropout=0.7)
  )
  (decoder): InputFeedRNNDecoder (
    (embeddings): Embeddings (
      (make_embedding): Sequential (
        (emb_luts): Elementwise (
          (0): Embedding(18563, 500, padding_idx=1)
        )
      )
    )
    (dropout): Dropout (p = 0.7)
    (rnn): StackedLSTM (
      (dropout): Dropout (p = 0.7)
      (layers): ModuleList (
        (0): LSTMCell(1000, 500)
      )
    )
    (attn): GlobalAttention (
      (linear_in): Linear (500 -> 500)
      (linear_out): Linear (1000 -> 500)
      (sm): Softmax ()
      (tanh): Tanh ()
    )
  )
  (generator): Sequential (
    (0): Linear (500 -> 18563)
    (1): LogSoftmax ()
  )
)
* number of parameters: 29760063
('encoder: ', 7424500)
('decoder: ', 22335563)

Epoch  1,    50/  454; acc:   8.18; ppl: 23002.26; 4671 src tok/s; 4830 tgt tok/s;      9 s elapsed
Epoch  1,   100/  454; acc:  14.88; ppl: 1504.28; 5078 src tok/s; 5278 tgt tok/s;     17 s elapsed
Epoch  1,   150/  454; acc:  17.81; ppl: 523.49; 4857 src tok/s; 5065 tgt tok/s;     26 s elapsed
Epoch  1,   200/  454; acc:  21.15; ppl: 269.16; 4973 src tok/s; 5140 tgt tok/s;     34 s elapsed
Epoch  1,   250/  454; acc:  24.61; ppl: 167.06; 4995 src tok/s; 5172 tgt tok/s;     43 s elapsed
Epoch  1,   300/  454; acc:  27.78; ppl: 118.16; 4883 src tok/s; 5062 tgt tok/s;     51 s elapsed
Epoch  1,   350/  454; acc:  28.87; ppl: 100.44; 4691 src tok/s; 4871 tgt tok/s;     61 s elapsed
Epoch  1,   400/  454; acc:  32.36; ppl:  75.02; 4854 src tok/s; 5068 tgt tok/s;     69 s elapsed
Epoch  1,   450/  454; acc:  34.32; ppl:  63.69; 4842 src tok/s; 5020 tgt tok/s;     77 s elapsed
Train perplexity: 326.503
Train accuracy: 23.4178
Validation perplexity: 47.1409
Validation accuracy: 38.9882

Epoch  2,    50/  454; acc:  36.71; ppl:  49.95; 4986 src tok/s; 5159 tgt tok/s;      9 s elapsed
Epoch  2,   100/  454; acc:  39.50; ppl:  41.03; 4997 src tok/s; 5187 tgt tok/s;     17 s elapsed
Epoch  2,   150/  454; acc:  40.66; ppl:  38.70; 4875 src tok/s; 5079 tgt tok/s;     25 s elapsed
Epoch  2,   200/  454; acc:  44.37; ppl:  29.60; 4789 src tok/s; 4979 tgt tok/s;     34 s elapsed
Epoch  2,   250/  454; acc:  45.88; ppl:  26.64; 4855 src tok/s; 5051 tgt tok/s;     43 s elapsed
Epoch  2,   300/  454; acc:  46.90; ppl:  24.53; 4600 src tok/s; 4762 tgt tok/s;     52 s elapsed
Epoch  2,   350/  454; acc:  48.80; ppl:  22.11; 4782 src tok/s; 4982 tgt tok/s;     61 s elapsed
Epoch  2,   400/  454; acc:  49.17; ppl:  21.33; 4901 src tok/s; 5067 tgt tok/s;     69 s elapsed
Epoch  2,   450/  454; acc:  50.32; ppl:  19.54; 5012 src tok/s; 5173 tgt tok/s;     78 s elapsed
Train perplexity: 28.7765
Train accuracy: 44.7801
Validation perplexity: 15.0926
Validation accuracy: 55.7542

Epoch  3,    50/  454; acc:  52.06; ppl:  16.37; 4937 src tok/s; 5099 tgt tok/s;      9 s elapsed
Epoch  3,   100/  454; acc:  54.09; ppl:  14.29; 4852 src tok/s; 5069 tgt tok/s;     17 s elapsed
Epoch  3,   150/  454; acc:  54.64; ppl:  14.17; 4804 src tok/s; 5019 tgt tok/s;     26 s elapsed
Epoch  3,   200/  454; acc:  53.52; ppl:  14.96; 4960 src tok/s; 5120 tgt tok/s;     34 s elapsed
Epoch  3,   250/  454; acc:  54.09; ppl:  14.20; 4906 src tok/s; 5036 tgt tok/s;     43 s elapsed
Epoch  3,   300/  454; acc:  57.68; ppl:  11.64; 4644 src tok/s; 4864 tgt tok/s;     52 s elapsed
Epoch  3,   350/  454; acc:  55.97; ppl:  12.75; 4856 src tok/s; 5050 tgt tok/s;     61 s elapsed
Epoch  3,   400/  454; acc:  56.84; ppl:  12.09; 4828 src tok/s; 5009 tgt tok/s;     69 s elapsed
Epoch  3,   450/  454; acc:  56.88; ppl:  11.93; 4784 src tok/s; 4952 tgt tok/s;     78 s elapsed
Train perplexity: 13.5174
Train accuracy: 55.0868
Validation perplexity: 10.3561
Validation accuracy: 60.0043

Epoch  4,    50/  454; acc:  59.90; ppl:   9.33; 4802 src tok/s; 5022 tgt tok/s;      8 s elapsed
Epoch  4,   100/  454; acc:  59.40; ppl:   9.70; 4895 src tok/s; 5033 tgt tok/s;     17 s elapsed
Epoch  4,   150/  454; acc:  59.16; ppl:   9.75; 4904 src tok/s; 5070 tgt tok/s;     26 s elapsed
Epoch  4,   200/  454; acc:  59.93; ppl:   9.19; 4945 src tok/s; 5138 tgt tok/s;     34 s elapsed
Epoch  4,   250/  454; acc:  60.73; ppl:   8.85; 4824 src tok/s; 5070 tgt tok/s;     43 s elapsed
Epoch  4,   300/  454; acc:  58.89; ppl:   9.66; 3782 src tok/s; 3916 tgt tok/s;     54 s elapsed
Epoch  4,   350/  454; acc:  61.07; ppl:   8.63; 3672 src tok/s; 3814 tgt tok/s;     66 s elapsed
Epoch  4,   400/  454; acc:  59.98; ppl:   9.21; 3426 src tok/s; 3549 tgt tok/s;     78 s elapsed
Epoch  4,   450/  454; acc:  60.50; ppl:   9.00; 3301 src tok/s; 3419 tgt tok/s;     90 s elapsed
Train perplexity: 9.27101
Train accuracy: 59.905
Validation perplexity: 8.88089
Validation accuracy: 61.7497

Epoch  5,    50/  454; acc:  61.77; ppl:   7.68; 3714 src tok/s; 3839 tgt tok/s;     12 s elapsed
Epoch  5,   100/  454; acc:  63.05; ppl:   7.04; 3662 src tok/s; 3813 tgt tok/s;     23 s elapsed
Epoch  5,   150/  454; acc:  62.18; ppl:   7.62; 3872 src tok/s; 3982 tgt tok/s;     34 s elapsed
Epoch  5,   200/  454; acc:  63.24; ppl:   6.98; 4458 src tok/s; 4665 tgt tok/s;     43 s elapsed
Epoch  5,   250/  454; acc:  63.61; ppl:   6.83; 4891 src tok/s; 5103 tgt tok/s;     51 s elapsed
Epoch  5,   300/  454; acc:  61.72; ppl:   7.83; 5044 src tok/s; 5199 tgt tok/s;     60 s elapsed
Epoch  5,   350/  454; acc:  63.18; ppl:   7.05; 4829 src tok/s; 5016 tgt tok/s;     69 s elapsed
Epoch  5,   400/  454; acc:  63.20; ppl:   7.13; 4967 src tok/s; 5171 tgt tok/s;     77 s elapsed
Epoch  5,   450/  454; acc:  63.23; ppl:   7.11; 4830 src tok/s; 5026 tgt tok/s;     85 s elapsed
Train perplexity: 7.25673
Train accuracy: 62.781
Validation perplexity: 7.65643
Validation accuracy: 64.4317

Epoch  6,    50/  454; acc:  65.41; ppl:   5.80; 4792 src tok/s; 4951 tgt tok/s;      9 s elapsed
Epoch  6,   100/  454; acc:  64.84; ppl:   5.98; 4868 src tok/s; 5077 tgt tok/s;     17 s elapsed
Epoch  6,   150/  454; acc:  64.23; ppl:   6.21; 4957 src tok/s; 5103 tgt tok/s;     26 s elapsed
Epoch  6,   200/  454; acc:  65.07; ppl:   6.13; 4600 src tok/s; 4788 tgt tok/s;     35 s elapsed
Epoch  6,   250/  454; acc:  65.47; ppl:   5.88; 4818 src tok/s; 5015 tgt tok/s;     43 s elapsed
Epoch  6,   300/  454; acc:  65.10; ppl:   5.99; 4806 src tok/s; 4980 tgt tok/s;     52 s elapsed
Epoch  6,   350/  454; acc:  63.90; ppl:   6.44; 4933 src tok/s; 5110 tgt tok/s;     61 s elapsed
Epoch  6,   400/  454; acc:  65.60; ppl:   5.89; 4758 src tok/s; 4963 tgt tok/s;     70 s elapsed
Epoch  6,   450/  454; acc:  66.07; ppl:   5.62; 4835 src tok/s; 5037 tgt tok/s;     78 s elapsed
Train perplexity: 6.01931
Train accuracy: 64.987
Validation perplexity: 7.58033
Validation accuracy: 63.9634

Epoch  7,    50/  454; acc:  67.58; ppl:   4.88; 4806 src tok/s; 5014 tgt tok/s;      8 s elapsed
Epoch  7,   100/  454; acc:  66.64; ppl:   5.29; 4921 src tok/s; 5068 tgt tok/s;     17 s elapsed
Epoch  7,   150/  454; acc:  65.68; ppl:   5.29; 4921 src tok/s; 5105 tgt tok/s;     26 s elapsed
Epoch  7,   200/  454; acc:  67.32; ppl:   4.92; 4625 src tok/s; 4803 tgt tok/s;     35 s elapsed
Epoch  7,   250/  454; acc:  66.02; ppl:   5.38; 4826 src tok/s; 5015 tgt tok/s;     44 s elapsed
Epoch  7,   300/  454; acc:  67.54; ppl:   4.92; 4802 src tok/s; 5000 tgt tok/s;     52 s elapsed
Epoch  7,   350/  454; acc:  65.87; ppl:   5.38; 4865 src tok/s; 5036 tgt tok/s;     61 s elapsed
Epoch  7,   400/  454; acc:  66.96; ppl:   5.12; 4906 src tok/s; 5115 tgt tok/s;     69 s elapsed
Epoch  7,   450/  454; acc:  66.22; ppl:   5.38; 4759 src tok/s; 4927 tgt tok/s;     78 s elapsed
Train perplexity: 5.18003
Train accuracy: 66.6177
Validation perplexity: 6.63184
Validation accuracy: 66.4183

Epoch  8,    50/  454; acc:  69.29; ppl:   4.26; 4774 src tok/s; 4950 tgt tok/s;      9 s elapsed
Epoch  8,   100/  454; acc:  68.30; ppl:   4.43; 4845 src tok/s; 5040 tgt tok/s;     17 s elapsed
Epoch  8,   150/  454; acc:  68.24; ppl:   4.48; 4724 src tok/s; 4911 tgt tok/s;     26 s elapsed
Epoch  8,   200/  454; acc:  67.74; ppl:   4.70; 4894 src tok/s; 5051 tgt tok/s;     35 s elapsed
Epoch  8,   250/  454; acc:  67.29; ppl:   4.77; 4907 src tok/s; 5067 tgt tok/s;     44 s elapsed
Epoch  8,   300/  454; acc:  69.07; ppl:   4.35; 4729 src tok/s; 4938 tgt tok/s;     52 s elapsed
Epoch  8,   350/  454; acc:  67.73; ppl:   4.72; 4907 src tok/s; 5105 tgt tok/s;     61 s elapsed
Epoch  8,   400/  454; acc:  67.50; ppl:   4.75; 4969 src tok/s; 5144 tgt tok/s;     69 s elapsed
Epoch  8,   450/  454; acc:  67.67; ppl:   4.73; 4881 src tok/s; 5072 tgt tok/s;     78 s elapsed
Train perplexity: 4.57247
Train accuracy: 68.0883
Validation perplexity: 6.36366
Validation accuracy: 67.589
Decaying learning rate to 0.5

Epoch  9,    50/  454; acc:  72.27; ppl:   3.57; 4807 src tok/s; 5014 tgt tok/s;      8 s elapsed
Epoch  9,   100/  454; acc:  71.42; ppl:   3.73; 4813 src tok/s; 4961 tgt tok/s;     17 s elapsed
Epoch  9,   150/  454; acc:  70.89; ppl:   3.80; 4754 src tok/s; 4917 tgt tok/s;     27 s elapsed
Epoch  9,   200/  454; acc:  72.90; ppl:   3.41; 4670 src tok/s; 4894 tgt tok/s;     35 s elapsed
Epoch  9,   250/  454; acc:  71.19; ppl:   3.72; 4424 src tok/s; 4576 tgt tok/s;     45 s elapsed
Epoch  9,   300/  454; acc:  72.23; ppl:   3.48; 4456 src tok/s; 4610 tgt tok/s;     54 s elapsed
Epoch  9,   350/  454; acc:  72.42; ppl:   3.48; 4478 src tok/s; 4648 tgt tok/s;     64 s elapsed
Epoch  9,   400/  454; acc:  71.14; ppl:   3.71; 4523 src tok/s; 4712 tgt tok/s;     73 s elapsed
Epoch  9,   450/  454; acc:  71.90; ppl:   3.64; 4550 src tok/s; 4708 tgt tok/s;     82 s elapsed
Train perplexity: 3.6091
Train accuracy: 71.8372
Validation perplexity: 5.95713
Validation accuracy: 69.0507
Decaying learning rate to 0.25

Epoch 10,    50/  454; acc:  73.54; ppl:   3.23; 4889 src tok/s; 5041 tgt tok/s;      9 s elapsed
Epoch 10,   100/  454; acc:  75.12; ppl:   3.01; 4799 src tok/s; 5001 tgt tok/s;     17 s elapsed
Epoch 10,   150/  454; acc:  74.07; ppl:   3.21; 4699 src tok/s; 4881 tgt tok/s;     26 s elapsed
Epoch 10,   200/  454; acc:  75.24; ppl:   2.90; 4886 src tok/s; 5087 tgt tok/s;     35 s elapsed
Epoch 10,   250/  454; acc:  73.83; ppl:   3.17; 4778 src tok/s; 4982 tgt tok/s;     43 s elapsed
Epoch 10,   300/  454; acc:  74.07; ppl:   3.09; 4853 src tok/s; 5020 tgt tok/s;     52 s elapsed
Epoch 10,   350/  454; acc:  74.43; ppl:   3.06; 4465 src tok/s; 4652 tgt tok/s;     61 s elapsed
Epoch 10,   400/  454; acc:  73.91; ppl:   3.19; 4484 src tok/s; 4648 tgt tok/s;     71 s elapsed
Epoch 10,   450/  454; acc:  74.21; ppl:   3.11; 4446 src tok/s; 4582 tgt tok/s;     80 s elapsed
Train perplexity: 3.10817
Train accuracy: 74.2547
Validation perplexity: 5.71929
Validation accuracy: 69.8737
Decaying learning rate to 0.125

Epoch 11,    50/  454; acc:  74.71; ppl:   2.99; 4708 src tok/s; 4844 tgt tok/s;      9 s elapsed
Epoch 11,   100/  454; acc:  76.18; ppl:   2.80; 4398 src tok/s; 4548 tgt tok/s;     19 s elapsed
Epoch 11,   150/  454; acc:  75.05; ppl:   2.99; 4876 src tok/s; 5046 tgt tok/s;     27 s elapsed
Epoch 11,   200/  454; acc:  76.36; ppl:   2.73; 5057 src tok/s; 5272 tgt tok/s;     35 s elapsed
Epoch 11,   250/  454; acc:  75.76; ppl:   2.83; 4798 src tok/s; 5033 tgt tok/s;     44 s elapsed
Epoch 11,   300/  454; acc:  75.78; ppl:   2.87; 4791 src tok/s; 4956 tgt tok/s;     53 s elapsed
Epoch 11,   350/  454; acc:  76.62; ppl:   2.73; 4853 src tok/s; 5060 tgt tok/s;     61 s elapsed
Epoch 11,   400/  454; acc:  75.21; ppl:   2.98; 4872 src tok/s; 5039 tgt tok/s;     70 s elapsed
Epoch 11,   450/  454; acc:  75.24; ppl:   2.93; 4812 src tok/s; 5008 tgt tok/s;     79 s elapsed
Train perplexity: 2.87173
Train accuracy: 75.6405
Validation perplexity: 5.6823
Validation accuracy: 70.0014
Decaying learning rate to 0.0625

Epoch 12,    50/  454; acc:  77.14; ppl:   2.67; 4917 src tok/s; 5118 tgt tok/s;      8 s elapsed
Epoch 12,   100/  454; acc:  76.35; ppl:   2.82; 4745 src tok/s; 4922 tgt tok/s;     17 s elapsed
Epoch 12,   150/  454; acc:  77.08; ppl:   2.69; 4937 src tok/s; 5125 tgt tok/s;     26 s elapsed
Epoch 12,   200/  454; acc:  76.02; ppl:   2.80; 4883 src tok/s; 5056 tgt tok/s;     34 s elapsed
Epoch 12,   250/  454; acc:  77.24; ppl:   2.63; 4753 src tok/s; 4968 tgt tok/s;     43 s elapsed
Epoch 12,   300/  454; acc:  75.62; ppl:   2.91; 5006 src tok/s; 5170 tgt tok/s;     52 s elapsed
Epoch 12,   350/  454; acc:  76.01; ppl:   2.79; 4877 src tok/s; 5030 tgt tok/s;     60 s elapsed
Epoch 12,   400/  454; acc:  77.08; ppl:   2.68; 4882 src tok/s; 5085 tgt tok/s;     69 s elapsed
Epoch 12,   450/  454; acc:  76.20; ppl:   2.81; 4717 src tok/s; 4897 tgt tok/s;     78 s elapsed
Train perplexity: 2.75942
Train accuracy: 76.4953
Validation perplexity: 5.66153
Validation accuracy: 70.1717
Decaying learning rate to 0.03125

Epoch 13,    50/  454; acc:  76.91; ppl:   2.68; 4628 src tok/s; 4799 tgt tok/s;      9 s elapsed
Epoch 13,   100/  454; acc:  77.10; ppl:   2.67; 5006 src tok/s; 5208 tgt tok/s;     17 s elapsed
Epoch 13,   150/  454; acc:  75.55; ppl:   2.90; 4883 src tok/s; 5028 tgt tok/s;     27 s elapsed
Epoch 13,   200/  454; acc:  78.09; ppl:   2.53; 4805 src tok/s; 5048 tgt tok/s;     35 s elapsed
Epoch 13,   250/  454; acc:  78.56; ppl:   2.48; 4847 src tok/s; 5067 tgt tok/s;     43 s elapsed
Epoch 13,   300/  454; acc:  76.03; ppl:   2.83; 4982 src tok/s; 5128 tgt tok/s;     52 s elapsed
Epoch 13,   350/  454; acc:  76.42; ppl:   2.77; 4879 src tok/s; 5051 tgt tok/s;     61 s elapsed
Epoch 13,   400/  454; acc:  77.07; ppl:   2.69; 4931 src tok/s; 5128 tgt tok/s;     69 s elapsed
Epoch 13,   450/  454; acc:  76.92; ppl:   2.71; 4795 src tok/s; 4973 tgt tok/s;     77 s elapsed
Train perplexity: 2.69713
Train accuracy: 76.9172
Validation perplexity: 5.63447
Validation accuracy: 70.2923
Decaying learning rate to 0.015625

Epoch 14,    50/  454; acc:  76.65; ppl:   2.75; 4591 src tok/s; 4758 tgt tok/s;      9 s elapsed
Epoch 14,   100/  454; acc:  78.24; ppl:   2.52; 4964 src tok/s; 5165 tgt tok/s;     18 s elapsed
Epoch 14,   150/  454; acc:  76.99; ppl:   2.67; 4917 src tok/s; 5086 tgt tok/s;     26 s elapsed
Epoch 14,   200/  454; acc:  77.08; ppl:   2.65; 4741 src tok/s; 4917 tgt tok/s;     35 s elapsed
Epoch 14,   250/  454; acc:  76.33; ppl:   2.78; 4837 src tok/s; 5009 tgt tok/s;     44 s elapsed
Epoch 14,   300/  454; acc:  77.68; ppl:   2.59; 5038 src tok/s; 5243 tgt tok/s;     52 s elapsed
Epoch 14,   350/  454; acc:  76.86; ppl:   2.72; 4946 src tok/s; 5130 tgt tok/s;     60 s elapsed
Epoch 14,   400/  454; acc:  77.10; ppl:   2.66; 4916 src tok/s; 5114 tgt tok/s;     69 s elapsed
Epoch 14,   450/  454; acc:  76.97; ppl:   2.69; 4859 src tok/s; 5045 tgt tok/s;     78 s elapsed
Train perplexity: 2.66849
Train accuracy: 77.1045
Validation perplexity: 5.63623
Validation accuracy: 70.2001
Decaying learning rate to 0.0078125

Epoch 15,    50/  454; acc:  77.33; ppl:   2.65; 4665 src tok/s; 4822 tgt tok/s;      9 s elapsed
Epoch 15,   100/  454; acc:  76.95; ppl:   2.64; 4741 src tok/s; 4950 tgt tok/s;     18 s elapsed
Epoch 15,   150/  454; acc:  78.03; ppl:   2.56; 4859 src tok/s; 5068 tgt tok/s;     26 s elapsed
Epoch 15,   200/  454; acc:  76.53; ppl:   2.74; 4982 src tok/s; 5124 tgt tok/s;     35 s elapsed
Epoch 15,   250/  454; acc:  75.92; ppl:   2.87; 4794 src tok/s; 4940 tgt tok/s;     44 s elapsed
Epoch 15,   300/  454; acc:  78.58; ppl:   2.47; 4864 src tok/s; 5099 tgt tok/s;     52 s elapsed
Epoch 15,   350/  454; acc:  76.63; ppl:   2.74; 4809 src tok/s; 4985 tgt tok/s;     61 s elapsed
Epoch 15,   400/  454; acc:  78.17; ppl:   2.53; 4749 src tok/s; 4933 tgt tok/s;     70 s elapsed
Epoch 15,   450/  454; acc:  76.96; ppl:   2.70; 4409 src tok/s; 4576 tgt tok/s;     79 s elapsed
Train perplexity: 2.65235
Train accuracy: 77.2271
Validation perplexity: 5.63693
Validation accuracy: 70.1859
Decaying learning rate to 0.00390625

Epoch 16,    50/  454; acc:  78.57; ppl:   2.49; 4690 src tok/s; 4884 tgt tok/s;      9 s elapsed
Epoch 16,   100/  454; acc:  76.19; ppl:   2.82; 4828 src tok/s; 4988 tgt tok/s;     18 s elapsed
Epoch 16,   150/  454; acc:  77.98; ppl:   2.58; 4870 src tok/s; 5064 tgt tok/s;     26 s elapsed
Epoch 16,   200/  454; acc:  76.89; ppl:   2.71; 4801 src tok/s; 4957 tgt tok/s;     35 s elapsed
Epoch 16,   250/  454; acc:  78.12; ppl:   2.52; 4812 src tok/s; 4999 tgt tok/s;     44 s elapsed
Epoch 16,   300/  454; acc:  76.51; ppl:   2.77; 4820 src tok/s; 4985 tgt tok/s;     52 s elapsed
Epoch 16,   350/  454; acc:  76.25; ppl:   2.76; 4978 src tok/s; 5169 tgt tok/s;     61 s elapsed
Epoch 16,   400/  454; acc:  78.19; ppl:   2.55; 4796 src tok/s; 5022 tgt tok/s;     70 s elapsed
Epoch 16,   450/  454; acc:  77.36; ppl:   2.63; 4911 src tok/s; 5078 tgt tok/s;     78 s elapsed
Train perplexity: 2.64387
Train accuracy: 77.3462
Validation perplexity: 5.63818
Validation accuracy: 70.2356
Decaying learning rate to 0.00195312

Epoch 17,    50/  454; acc:  78.42; ppl:   2.50; 4515 src tok/s; 4704 tgt tok/s;      9 s elapsed
Epoch 17,   100/  454; acc:  76.97; ppl:   2.73; 4939 src tok/s; 5125 tgt tok/s;     18 s elapsed
Epoch 17,   150/  454; acc:  77.87; ppl:   2.60; 4873 src tok/s; 5087 tgt tok/s;     26 s elapsed
Epoch 17,   200/  454; acc:  76.66; ppl:   2.71; 4875 src tok/s; 5043 tgt tok/s;     35 s elapsed
Epoch 17,   250/  454; acc:  77.11; ppl:   2.69; 4794 src tok/s; 4979 tgt tok/s;     44 s elapsed
Epoch 17,   300/  454; acc:  77.28; ppl:   2.63; 4860 src tok/s; 5058 tgt tok/s;     52 s elapsed
Epoch 17,   350/  454; acc:  78.23; ppl:   2.54; 5007 src tok/s; 5212 tgt tok/s;     61 s elapsed
Epoch 17,   400/  454; acc:  76.80; ppl:   2.68; 4834 src tok/s; 4979 tgt tok/s;     69 s elapsed
Epoch 17,   450/  454; acc:  77.05; ppl:   2.67; 4875 src tok/s; 5044 tgt tok/s;     78 s elapsed
Train perplexity: 2.64174
Train accuracy: 77.35
Validation perplexity: 5.63793
Validation accuracy: 70.2356
Decaying learning rate to 0.000976562
