<module 'opts' from '/u/suhubdyd/research/projects/jumble_lstm/code/auxiliary-nmt/opts.pyc'>
Namespace(batch_size=64, brnn=False, brnn_merge='concat', cnn_kernel_width=3, context_gate=None, copy_attn=False, copy_attn_force=False, coverage_attn=False, data='/data/lisatmp3/suhubdyd/multi30k.atok.low', dec_layers=1, decay_method='', decoder_type='rnn', dropout=0.3, enc_layers=2, encoder_type='rnn', epochs=17, exp='', exp_host='', feat_merge='concat', feat_vec_exponent=0.7, feat_vec_size=-1, fix_word_vecs_dec=False, fix_word_vecs_enc=False, global_attention='general', gpuid=[0], input_feed=1, kappa_dec=0.2, kappa_enc=0.25, lambda_coverage=1, layers=-1, learning_rate=1.0, learning_rate_decay=0.5, max_generator_batches=32, max_grad_norm=5, model_type='text', optim='sgd', param_init=0.1, position_encoding=False, pre_word_vecs_dec=None, pre_word_vecs_enc=None, report_every=50, rnn_size=500, rnn_type='LSTM', save_model='/data/lisatmp3/suhubdyd/models/encoder0.25_decoder0.20_dropout0.3', seed=-1, share_decoder_embeddings=False, share_embeddings=False, src_word_vec_size=500, start_checkpoint_at=0, start_decay_at=8, start_epoch=1, tgt_word_vec_size=500, train_from='', truncated_decoder=0, warmup_steps=4000, word_vec_size=-1)
('Using Kappa L2 loss on encoder', 0.25)
('Using Kappa L2 loss on decoder', 0.2)
Loading train and validate data from '/data/lisatmp3/suhubdyd/multi30k.atok.low'
 * number of training sentences: 29000
 * maximum batch size: 64
 * vocabulary size. source = 10841; target = 18563
Building model...
Intializing model parameters.
NMTModel (
  (encoder): RNNEncoder (
    (embeddings): Embeddings (
      (make_embedding): Sequential (
        (emb_luts): Elementwise (
          (0): Embedding(10841, 500, padding_idx=1)
        )
      )
    )
    (dropout): Dropout (p = 0.3)
    (rnn): LSTM(500, 500, dropout=0.3)
  )
  (decoder): InputFeedRNNDecoder (
    (embeddings): Embeddings (
      (make_embedding): Sequential (
        (emb_luts): Elementwise (
          (0): Embedding(18563, 500, padding_idx=1)
        )
      )
    )
    (dropout): Dropout (p = 0.3)
    (rnn): StackedLSTM (
      (dropout): Dropout (p = 0.3)
      (layers): ModuleList (
        (0): LSTMCell(1000, 500)
      )
    )
    (attn): GlobalAttention (
      (linear_in): Linear (500 -> 500)
      (linear_out): Linear (1000 -> 500)
      (sm): Softmax ()
      (tanh): Tanh ()
    )
  )
  (generator): Sequential (
    (0): Linear (500 -> 18563)
    (1): LogSoftmax ()
  )
)
* number of parameters: 29760063
('encoder: ', 7424500)
('decoder: ', 22335563)

Epoch  1,    50/  454; acc:   8.15; ppl: 66357.29; 4837 src tok/s; 5021 tgt tok/s;      9 s elapsed
Epoch  1,   100/  454; acc:  13.55; ppl: 4881.44; 5084 src tok/s; 5253 tgt tok/s;     17 s elapsed
Epoch  1,   150/  454; acc:  16.71; ppl: 685.23; 4954 src tok/s; 5161 tgt tok/s;     25 s elapsed
Epoch  1,   200/  454; acc:  19.83; ppl: 351.62; 5037 src tok/s; 5222 tgt tok/s;     34 s elapsed
Epoch  1,   250/  454; acc:  23.66; ppl: 188.44; 4881 src tok/s; 5081 tgt tok/s;     42 s elapsed
Epoch  1,   300/  454; acc:  25.29; ppl: 150.04; 4914 src tok/s; 5062 tgt tok/s;     51 s elapsed
Epoch  1,   350/  454; acc:  29.94; ppl:  96.24; 5059 src tok/s; 5284 tgt tok/s;     59 s elapsed
Epoch  1,   400/  454; acc:  31.01; ppl:  81.13; 4984 src tok/s; 5162 tgt tok/s;     68 s elapsed
Epoch  1,   450/  454; acc:  33.07; ppl:  68.58; 4799 src tok/s; 4984 tgt tok/s;     76 s elapsed
Train perplexity: 466.377
Train accuracy: 22.4404
Validation perplexity: 64.8084
Validation accuracy: 30.7507

Epoch  2,    50/  454; acc:  35.06; ppl:  57.77; 4912 src tok/s; 5084 tgt tok/s;      9 s elapsed
Epoch  2,   100/  454; acc:  39.01; ppl:  44.17; 4867 src tok/s; 5063 tgt tok/s;     17 s elapsed
Epoch  2,   150/  454; acc:  42.61; ppl:  34.78; 4816 src tok/s; 5009 tgt tok/s;     26 s elapsed
Epoch  2,   200/  454; acc:  42.26; ppl:  34.53; 5145 src tok/s; 5320 tgt tok/s;     34 s elapsed
Epoch  2,   250/  454; acc:  45.74; ppl:  27.09; 4889 src tok/s; 5089 tgt tok/s;     42 s elapsed
Epoch  2,   300/  454; acc:  48.01; ppl:  22.92; 4893 src tok/s; 5071 tgt tok/s;     51 s elapsed
Epoch  2,   350/  454; acc:  49.93; ppl:  20.71; 4827 src tok/s; 5003 tgt tok/s;     60 s elapsed
Epoch  2,   400/  454; acc:  50.26; ppl:  19.97; 5002 src tok/s; 5201 tgt tok/s;     68 s elapsed
Epoch  2,   450/  454; acc:  51.98; ppl:  17.91; 4922 src tok/s; 5103 tgt tok/s;     77 s elapsed
Train perplexity: 28.7722
Train accuracy: 45.0579
Validation perplexity: 14.6976
Validation accuracy: 55.0802

Epoch  3,    50/  454; acc:  55.04; ppl:  13.96; 4855 src tok/s; 5061 tgt tok/s;      9 s elapsed
Epoch  3,   100/  454; acc:  55.39; ppl:  13.63; 4945 src tok/s; 5096 tgt tok/s;     17 s elapsed
Epoch  3,   150/  454; acc:  56.83; ppl:  12.34; 4852 src tok/s; 5050 tgt tok/s;     26 s elapsed
Epoch  3,   200/  454; acc:  56.95; ppl:  12.21; 4968 src tok/s; 5152 tgt tok/s;     34 s elapsed
Epoch  3,   250/  454; acc:  56.72; ppl:  12.20; 4923 src tok/s; 5140 tgt tok/s;     43 s elapsed
Epoch  3,   300/  454; acc:  58.10; ppl:  11.23; 4869 src tok/s; 5071 tgt tok/s;     51 s elapsed
Epoch  3,   350/  454; acc:  58.95; ppl:  10.80; 4765 src tok/s; 4889 tgt tok/s;     61 s elapsed
Epoch  3,   400/  454; acc:  60.69; ppl:   9.40; 4990 src tok/s; 5196 tgt tok/s;     69 s elapsed
Epoch  3,   450/  454; acc:  60.32; ppl:   9.58; 4865 src tok/s; 5058 tgt tok/s;     77 s elapsed
Train perplexity: 11.6411
Train accuracy: 57.6347
Validation perplexity: 10.258
Validation accuracy: 60.359

Epoch  4,    50/  454; acc:  60.82; ppl:   8.67; 4993 src tok/s; 5154 tgt tok/s;      9 s elapsed
Epoch  4,   100/  454; acc:  63.36; ppl:   7.32; 5015 src tok/s; 5228 tgt tok/s;     17 s elapsed
Epoch  4,   150/  454; acc:  62.44; ppl:   7.89; 4971 src tok/s; 5164 tgt tok/s;     25 s elapsed
Epoch  4,   200/  454; acc:  63.14; ppl:   7.38; 4986 src tok/s; 5173 tgt tok/s;     34 s elapsed
Epoch  4,   250/  454; acc:  63.22; ppl:   7.54; 4910 src tok/s; 5116 tgt tok/s;     42 s elapsed
Epoch  4,   300/  454; acc:  62.97; ppl:   7.62; 5052 src tok/s; 5221 tgt tok/s;     51 s elapsed
Epoch  4,   350/  454; acc:  63.37; ppl:   7.58; 4743 src tok/s; 4913 tgt tok/s;     59 s elapsed
Epoch  4,   400/  454; acc:  63.93; ppl:   7.22; 4913 src tok/s; 5111 tgt tok/s;     68 s elapsed
Epoch  4,   450/  454; acc:  63.48; ppl:   7.30; 4850 src tok/s; 5032 tgt tok/s;     76 s elapsed
Train perplexity: 7.59229
Train accuracy: 62.9829
Validation perplexity: 8.05953
Validation accuracy: 63.5306

Epoch  5,    50/  454; acc:  67.98; ppl:   5.24; 4950 src tok/s; 5159 tgt tok/s;      8 s elapsed
Epoch  5,   100/  454; acc:  65.78; ppl:   5.93; 5054 src tok/s; 5228 tgt tok/s;     17 s elapsed
Epoch  5,   150/  454; acc:  66.56; ppl:   5.63; 4940 src tok/s; 5142 tgt tok/s;     25 s elapsed
Epoch  5,   200/  454; acc:  65.71; ppl:   5.98; 4929 src tok/s; 5096 tgt tok/s;     34 s elapsed
Epoch  5,   250/  454; acc:  66.51; ppl:   5.60; 4912 src tok/s; 5125 tgt tok/s;     42 s elapsed
Epoch  5,   300/  454; acc:  64.99; ppl:   6.20; 4997 src tok/s; 5170 tgt tok/s;     51 s elapsed
Epoch  5,   350/  454; acc:  66.29; ppl:   5.67; 5019 src tok/s; 5185 tgt tok/s;     59 s elapsed
Epoch  5,   400/  454; acc:  66.94; ppl:   5.55; 4891 src tok/s; 5100 tgt tok/s;     68 s elapsed
Epoch  5,   450/  454; acc:  66.26; ppl:   5.69; 4862 src tok/s; 5024 tgt tok/s;     76 s elapsed
Train perplexity: 5.7099
Train accuracy: 66.3488
Validation perplexity: 7.32296
Validation accuracy: 65.2973

Epoch  6,    50/  454; acc:  69.26; ppl:   4.58; 4920 src tok/s; 5089 tgt tok/s;      9 s elapsed
Epoch  6,   100/  454; acc:  69.92; ppl:   4.35; 4934 src tok/s; 5129 tgt tok/s;     17 s elapsed
Epoch  6,   150/  454; acc:  68.92; ppl:   4.59; 5001 src tok/s; 5184 tgt tok/s;     25 s elapsed
Epoch  6,   200/  454; acc:  69.64; ppl:   4.43; 4913 src tok/s; 5116 tgt tok/s;     34 s elapsed
Epoch  6,   250/  454; acc:  67.66; ppl:   4.96; 5010 src tok/s; 5169 tgt tok/s;     43 s elapsed
Epoch  6,   300/  454; acc:  69.50; ppl:   4.41; 4979 src tok/s; 5196 tgt tok/s;     51 s elapsed
Epoch  6,   350/  454; acc:  68.94; ppl:   4.66; 5081 src tok/s; 5256 tgt tok/s;     59 s elapsed
Epoch  6,   400/  454; acc:  68.62; ppl:   4.65; 4759 src tok/s; 4957 tgt tok/s;     68 s elapsed
Epoch  6,   450/  454; acc:  68.72; ppl:   4.72; 4896 src tok/s; 5076 tgt tok/s;     76 s elapsed
Train perplexity: 4.59279
Train accuracy: 69.0163
Validation perplexity: 6.7691
Validation accuracy: 66.3616

Epoch  7,    50/  454; acc:  73.16; ppl:   3.44; 4966 src tok/s; 5168 tgt tok/s;      8 s elapsed
Epoch  7,   100/  454; acc:  71.48; ppl:   3.76; 5058 src tok/s; 5246 tgt tok/s;     17 s elapsed
Epoch  7,   150/  454; acc:  70.49; ppl:   4.03; 5075 src tok/s; 5259 tgt tok/s;     25 s elapsed
Epoch  7,   200/  454; acc:  71.86; ppl:   3.67; 5002 src tok/s; 5218 tgt tok/s;     33 s elapsed
Epoch  7,   250/  454; acc:  71.59; ppl:   3.76; 4990 src tok/s; 5199 tgt tok/s;     42 s elapsed
Epoch  7,   300/  454; acc:  70.36; ppl:   4.08; 5069 src tok/s; 5234 tgt tok/s;     50 s elapsed
Epoch  7,   350/  454; acc:  71.78; ppl:   3.76; 4965 src tok/s; 5175 tgt tok/s;     58 s elapsed
Epoch  7,   400/  454; acc:  70.74; ppl:   3.99; 4986 src tok/s; 5161 tgt tok/s;     67 s elapsed
Epoch  7,   450/  454; acc:  70.55; ppl:   4.08; 4766 src tok/s; 4935 tgt tok/s;     76 s elapsed
Train perplexity: 3.84002
Train accuracy: 71.3121
Validation perplexity: 6.71006
Validation accuracy: 66.8724

Epoch  8,    50/  454; acc:  74.28; ppl:   3.11; 5012 src tok/s; 5197 tgt tok/s;      8 s elapsed
Epoch  8,   100/  454; acc:  74.70; ppl:   3.03; 5105 src tok/s; 5305 tgt tok/s;     17 s elapsed
Epoch  8,   150/  454; acc:  73.27; ppl:   3.24; 5004 src tok/s; 5193 tgt tok/s;     25 s elapsed
Epoch  8,   200/  454; acc:  72.92; ppl:   3.36; 4929 src tok/s; 5112 tgt tok/s;     34 s elapsed
Epoch  8,   250/  454; acc:  73.16; ppl:   3.37; 5067 src tok/s; 5235 tgt tok/s;     42 s elapsed
Epoch  8,   300/  454; acc:  72.59; ppl:   3.45; 5032 src tok/s; 5230 tgt tok/s;     50 s elapsed
Epoch  8,   350/  454; acc:  72.00; ppl:   3.54; 4971 src tok/s; 5143 tgt tok/s;     59 s elapsed
Epoch  8,   400/  454; acc:  73.69; ppl:   3.23; 4906 src tok/s; 5137 tgt tok/s;     67 s elapsed
Epoch  8,   450/  454; acc:  72.30; ppl:   3.48; 4916 src tok/s; 5082 tgt tok/s;     76 s elapsed
Train perplexity: 3.30689
Train accuracy: 73.2096
Validation perplexity: 6.97007
Validation accuracy: 66.2551
Decaying learning rate to 0.5

Epoch  9,    50/  454; acc:  79.59; ppl:   2.34; 4994 src tok/s; 5246 tgt tok/s;      8 s elapsed
Epoch  9,   100/  454; acc:  77.47; ppl:   2.63; 4997 src tok/s; 5136 tgt tok/s;     17 s elapsed
Epoch  9,   150/  454; acc:  79.92; ppl:   2.31; 4915 src tok/s; 5155 tgt tok/s;     25 s elapsed
Epoch  9,   200/  454; acc:  78.06; ppl:   2.55; 4934 src tok/s; 5097 tgt tok/s;     34 s elapsed
Epoch  9,   250/  454; acc:  78.43; ppl:   2.50; 4977 src tok/s; 5156 tgt tok/s;     42 s elapsed
Epoch  9,   300/  454; acc:  78.74; ppl:   2.43; 5150 src tok/s; 5330 tgt tok/s;     50 s elapsed
Epoch  9,   350/  454; acc:  77.72; ppl:   2.56; 5005 src tok/s; 5145 tgt tok/s;     59 s elapsed
Epoch  9,   400/  454; acc:  79.21; ppl:   2.36; 4961 src tok/s; 5189 tgt tok/s;     67 s elapsed
Epoch  9,   450/  454; acc:  78.41; ppl:   2.50; 4856 src tok/s; 5029 tgt tok/s;     76 s elapsed
Train perplexity: 2.46123
Train accuracy: 78.6084
Validation perplexity: 6.40267
Validation accuracy: 68.6249
Decaying learning rate to 0.25

Epoch 10,    50/  454; acc:  82.63; ppl:   2.04; 5096 src tok/s; 5263 tgt tok/s;      9 s elapsed
Epoch 10,   100/  454; acc:  83.42; ppl:   2.00; 4906 src tok/s; 5128 tgt tok/s;     17 s elapsed
Epoch 10,   150/  454; acc:  84.02; ppl:   1.89; 4895 src tok/s; 5098 tgt tok/s;     25 s elapsed
Epoch 10,   200/  454; acc:  81.91; ppl:   2.13; 4960 src tok/s; 5127 tgt tok/s;     34 s elapsed
Epoch 10,   250/  454; acc:  83.26; ppl:   1.98; 5041 src tok/s; 5216 tgt tok/s;     42 s elapsed
Epoch 10,   300/  454; acc:  82.50; ppl:   2.07; 4991 src tok/s; 5180 tgt tok/s;     50 s elapsed
Epoch 10,   350/  454; acc:  83.09; ppl:   1.99; 4862 src tok/s; 5059 tgt tok/s;     59 s elapsed
Epoch 10,   400/  454; acc:  82.11; ppl:   2.07; 5079 src tok/s; 5272 tgt tok/s;     67 s elapsed
Epoch 10,   450/  454; acc:  82.86; ppl:   2.03; 4848 src tok/s; 5036 tgt tok/s;     76 s elapsed
Train perplexity: 2.02375
Train accuracy: 82.8482
Validation perplexity: 6.46925
Validation accuracy: 69.001
Decaying learning rate to 0.125

Epoch 11,    50/  454; acc:  84.58; ppl:   1.90; 4808 src tok/s; 4975 tgt tok/s;      9 s elapsed
Epoch 11,   100/  454; acc:  86.03; ppl:   1.76; 4874 src tok/s; 5084 tgt tok/s;     17 s elapsed
Epoch 11,   150/  454; acc:  84.94; ppl:   1.87; 5037 src tok/s; 5208 tgt tok/s;     26 s elapsed
Epoch 11,   200/  454; acc:  85.42; ppl:   1.81; 4968 src tok/s; 5147 tgt tok/s;     34 s elapsed
Epoch 11,   250/  454; acc:  84.20; ppl:   1.91; 4999 src tok/s; 5161 tgt tok/s;     43 s elapsed
Epoch 11,   300/  454; acc:  86.16; ppl:   1.73; 4851 src tok/s; 5062 tgt tok/s;     51 s elapsed
Epoch 11,   350/  454; acc:  85.51; ppl:   1.80; 4997 src tok/s; 5199 tgt tok/s;     59 s elapsed
Epoch 11,   400/  454; acc:  85.01; ppl:   1.83; 5037 src tok/s; 5231 tgt tok/s;     68 s elapsed
Epoch 11,   450/  454; acc:  84.54; ppl:   1.86; 4861 src tok/s; 5038 tgt tok/s;     77 s elapsed
Train perplexity: 1.8286
Train accuracy: 85.1661
Validation perplexity: 6.65913
Validation accuracy: 69.2564
Decaying learning rate to 0.0625

Epoch 12,    50/  454; acc:  87.69; ppl:   1.63; 4768 src tok/s; 5001 tgt tok/s;      8 s elapsed
Epoch 12,   100/  454; acc:  85.33; ppl:   1.84; 5029 src tok/s; 5166 tgt tok/s;     17 s elapsed
Epoch 12,   150/  454; acc:  85.79; ppl:   1.79; 4985 src tok/s; 5155 tgt tok/s;     26 s elapsed
Epoch 12,   200/  454; acc:  86.77; ppl:   1.70; 4825 src tok/s; 5045 tgt tok/s;     34 s elapsed
Epoch 12,   250/  454; acc:  87.02; ppl:   1.69; 4872 src tok/s; 5078 tgt tok/s;     43 s elapsed
Epoch 12,   300/  454; acc:  85.97; ppl:   1.78; 5011 src tok/s; 5160 tgt tok/s;     51 s elapsed
Epoch 12,   350/  454; acc:  87.21; ppl:   1.65; 4946 src tok/s; 5167 tgt tok/s;     59 s elapsed
Epoch 12,   400/  454; acc:  85.23; ppl:   1.84; 4972 src tok/s; 5123 tgt tok/s;     68 s elapsed
Epoch 12,   450/  454; acc:  86.23; ppl:   1.72; 5012 src tok/s; 5218 tgt tok/s;     76 s elapsed
Train perplexity: 1.73991
Train accuracy: 86.3349
Validation perplexity: 6.75847
Validation accuracy: 69.001
Decaying learning rate to 0.03125

Epoch 13,    50/  454; acc:  87.16; ppl:   1.71; 4795 src tok/s; 4961 tgt tok/s;      9 s elapsed
Epoch 13,   100/  454; acc:  87.14; ppl:   1.69; 5002 src tok/s; 5173 tgt tok/s;     17 s elapsed
Epoch 13,   150/  454; acc:  86.27; ppl:   1.77; 4972 src tok/s; 5110 tgt tok/s;     26 s elapsed
Epoch 13,   200/  454; acc:  88.28; ppl:   1.59; 4968 src tok/s; 5207 tgt tok/s;     34 s elapsed
Epoch 13,   250/  454; acc:  87.02; ppl:   1.69; 4950 src tok/s; 5129 tgt tok/s;     43 s elapsed
Epoch 13,   300/  454; acc:  86.52; ppl:   1.72; 4958 src tok/s; 5159 tgt tok/s;     51 s elapsed
Epoch 13,   350/  454; acc:  85.85; ppl:   1.80; 4976 src tok/s; 5136 tgt tok/s;     60 s elapsed
Epoch 13,   400/  454; acc:  88.33; ppl:   1.59; 4925 src tok/s; 5161 tgt tok/s;     68 s elapsed
Epoch 13,   450/  454; acc:  86.64; ppl:   1.73; 4912 src tok/s; 5110 tgt tok/s;     76 s elapsed
Train perplexity: 1.69764
Train accuracy: 87.0234
Validation perplexity: 6.83312
Validation accuracy: 68.8946
Decaying learning rate to 0.015625

Epoch 14,    50/  454; acc:  87.47; ppl:   1.68; 2770 src tok/s; 2878 tgt tok/s;     15 s elapsed
Epoch 14,   100/  454; acc:  87.32; ppl:   1.68; 3009 src tok/s; 3139 tgt tok/s;     29 s elapsed
Epoch 14,   150/  454; acc:  87.24; ppl:   1.69; 3653 src tok/s; 3776 tgt tok/s;     41 s elapsed
Epoch 14,   200/  454; acc:  87.56; ppl:   1.67; 3354 src tok/s; 3484 tgt tok/s;     53 s elapsed
Epoch 14,   250/  454; acc:  87.11; ppl:   1.68; 3501 src tok/s; 3611 tgt tok/s;     65 s elapsed
Epoch 14,   300/  454; acc:  87.47; ppl:   1.67; 3343 src tok/s; 3470 tgt tok/s;     78 s elapsed
Epoch 14,   350/  454; acc:  87.10; ppl:   1.69; 3544 src tok/s; 3684 tgt tok/s;     90 s elapsed
Epoch 14,   400/  454; acc:  87.69; ppl:   1.64; 3720 src tok/s; 3854 tgt tok/s;    101 s elapsed
Epoch 14,   450/  454; acc:  87.08; ppl:   1.70; 3319 src tok/s; 3455 tgt tok/s;    113 s elapsed
Train perplexity: 1.676
Train accuracy: 87.3471
Validation perplexity: 6.85201
Validation accuracy: 68.9513
Decaying learning rate to 0.0078125

Epoch 15,    50/  454; acc:  87.76; ppl:   1.66; 3375 src tok/s; 3502 tgt tok/s;     12 s elapsed
Epoch 15,   100/  454; acc:  87.11; ppl:   1.69; 3686 src tok/s; 3838 tgt tok/s;     24 s elapsed
Epoch 15,   150/  454; acc:  88.64; ppl:   1.58; 4435 src tok/s; 4598 tgt tok/s;     33 s elapsed
Epoch 15,   200/  454; acc:  86.71; ppl:   1.73; 4971 src tok/s; 5130 tgt tok/s;     42 s elapsed
Epoch 15,   250/  454; acc:  86.50; ppl:   1.74; 4971 src tok/s; 5143 tgt tok/s;     50 s elapsed
Epoch 15,   300/  454; acc:  88.08; ppl:   1.61; 4915 src tok/s; 5121 tgt tok/s;     59 s elapsed
Epoch 15,   350/  454; acc:  87.25; ppl:   1.66; 4924 src tok/s; 5125 tgt tok/s;     67 s elapsed
Epoch 15,   400/  454; acc:  87.55; ppl:   1.66; 4885 src tok/s; 5070 tgt tok/s;     76 s elapsed
Epoch 15,   450/  454; acc:  87.16; ppl:   1.68; 4834 src tok/s; 5011 tgt tok/s;     84 s elapsed
Train perplexity: 1.66661
Train accuracy: 87.4339
Validation perplexity: 6.87285
Validation accuracy: 68.9584
Decaying learning rate to 0.00390625

Epoch 16,    50/  454; acc:  87.31; ppl:   1.68; 4966 src tok/s; 5124 tgt tok/s;      9 s elapsed
Epoch 16,   100/  454; acc:  87.57; ppl:   1.66; 4943 src tok/s; 5159 tgt tok/s;     17 s elapsed
Epoch 16,   150/  454; acc:  86.99; ppl:   1.70; 4983 src tok/s; 5125 tgt tok/s;     26 s elapsed
Epoch 16,   200/  454; acc:  88.54; ppl:   1.59; 4775 src tok/s; 4998 tgt tok/s;     34 s elapsed
Epoch 16,   250/  454; acc:  86.62; ppl:   1.74; 5034 src tok/s; 5174 tgt tok/s;     43 s elapsed
Epoch 16,   300/  454; acc:  88.28; ppl:   1.60; 4876 src tok/s; 5104 tgt tok/s;     51 s elapsed
Epoch 16,   350/  454; acc:  87.75; ppl:   1.66; 4937 src tok/s; 5142 tgt tok/s;     59 s elapsed
Epoch 16,   400/  454; acc:  87.36; ppl:   1.66; 5108 src tok/s; 5291 tgt tok/s;     68 s elapsed
Epoch 16,   450/  454; acc:  87.42; ppl:   1.66; 4762 src tok/s; 4951 tgt tok/s;     76 s elapsed
Train perplexity: 1.66087
Train accuracy: 87.5471
Validation perplexity: 6.88486
Validation accuracy: 68.9655
Decaying learning rate to 0.00195312

Epoch 17,    50/  454; acc:  87.11; ppl:   1.68; 4951 src tok/s; 5113 tgt tok/s;      9 s elapsed
Epoch 17,   100/  454; acc:  88.08; ppl:   1.62; 4936 src tok/s; 5176 tgt tok/s;     17 s elapsed
Epoch 17,   150/  454; acc:  88.15; ppl:   1.63; 4967 src tok/s; 5138 tgt tok/s;     25 s elapsed
Epoch 17,   200/  454; acc:  86.86; ppl:   1.69; 4870 src tok/s; 5048 tgt tok/s;     34 s elapsed
Epoch 17,   250/  454; acc:  88.01; ppl:   1.63; 4828 src tok/s; 5032 tgt tok/s;     42 s elapsed
Epoch 17,   300/  454; acc:  87.44; ppl:   1.68; 5084 src tok/s; 5257 tgt tok/s;     51 s elapsed
Epoch 17,   350/  454; acc:  86.99; ppl:   1.72; 4995 src tok/s; 5161 tgt tok/s;     60 s elapsed
Epoch 17,   400/  454; acc:  88.06; ppl:   1.62; 4991 src tok/s; 5186 tgt tok/s;     68 s elapsed
Epoch 17,   450/  454; acc:  87.50; ppl:   1.67; 4903 src tok/s; 5092 tgt tok/s;     76 s elapsed
Train perplexity: 1.65752
Train accuracy: 87.59
Validation perplexity: 6.88871
Validation accuracy: 68.9655
Decaying learning rate to 0.000976562
