<module 'opts' from '/u/suhubdyd/research/projects/jumble_lstm/code/auxiliary-nmt/opts.pyc'>
Namespace(batch_size=64, brnn=False, brnn_merge='concat', cnn_kernel_width=3, context_gate=None, copy_attn=False, copy_attn_force=False, coverage_attn=False, data='/data/lisatmp3/suhubdyd/multi30k.atok.low', dec_layers=1, decay_method='', decoder_type='rnn', dropout=0.3, enc_layers=2, encoder_type='rnn', epochs=17, exp='', exp_host='', feat_merge='concat', feat_vec_exponent=0.7, feat_vec_size=-1, fix_word_vecs_dec=False, fix_word_vecs_enc=False, global_attention='general', gpuid=[0], input_feed=1, kappa_dec=0.2, kappa_enc=0.15, lambda_coverage=1, layers=-1, learning_rate=1.0, learning_rate_decay=0.5, max_generator_batches=32, max_grad_norm=5, model_type='text', optim='sgd', param_init=0.1, position_encoding=False, pre_word_vecs_dec=None, pre_word_vecs_enc=None, report_every=50, rnn_size=500, rnn_type='LSTM', save_model='/data/lisatmp3/suhubdyd/models/encoder0.15_decoder0.2_dropout0.3', seed=-1, share_decoder_embeddings=False, share_embeddings=False, src_word_vec_size=500, start_checkpoint_at=0, start_decay_at=8, start_epoch=1, tgt_word_vec_size=500, train_from='', truncated_decoder=0, warmup_steps=4000, word_vec_size=-1)
('Using Kappa L2 loss on encoder', 0.15)
('Using Kappa L2 loss on decoder', 0.2)
Loading train and validate data from '/data/lisatmp3/suhubdyd/multi30k.atok.low'
 * number of training sentences: 29000
 * maximum batch size: 64
 * vocabulary size. source = 10841; target = 18563
Building model...
Intializing model parameters.
NMTModel (
  (encoder): RNNEncoder (
    (embeddings): Embeddings (
      (make_embedding): Sequential (
        (emb_luts): Elementwise (
          (0): Embedding(10841, 500, padding_idx=1)
        )
      )
    )
    (dropout): Dropout (p = 0.3)
    (rnn): LSTM(500, 500, dropout=0.3)
  )
  (decoder): InputFeedRNNDecoder (
    (embeddings): Embeddings (
      (make_embedding): Sequential (
        (emb_luts): Elementwise (
          (0): Embedding(18563, 500, padding_idx=1)
        )
      )
    )
    (dropout): Dropout (p = 0.3)
    (rnn): StackedLSTM (
      (dropout): Dropout (p = 0.3)
      (layers): ModuleList (
        (0): LSTMCell(1000, 500)
      )
    )
    (attn): GlobalAttention (
      (linear_in): Linear (500 -> 500)
      (linear_out): Linear (1000 -> 500)
      (sm): Softmax ()
      (tanh): Tanh ()
    )
  )
  (generator): Sequential (
    (0): Linear (500 -> 18563)
    (1): LogSoftmax ()
  )
)
* number of parameters: 29760063
('encoder: ', 7424500)
('decoder: ', 22335563)

Epoch  1,    50/  454; acc:   7.95; ppl: 23001.76; 5323 src tok/s; 5541 tgt tok/s;      8 s elapsed
Epoch  1,   100/  454; acc:  15.48; ppl: 1288.45; 5843 src tok/s; 6059 tgt tok/s;     15 s elapsed
Epoch  1,   150/  454; acc:  17.73; ppl: 515.15; 5778 src tok/s; 5993 tgt tok/s;     22 s elapsed
Epoch  1,   200/  454; acc:  20.90; ppl: 266.30; 5860 src tok/s; 6090 tgt tok/s;     29 s elapsed
Epoch  1,   250/  454; acc:  25.73; ppl: 152.56; 5550 src tok/s; 5758 tgt tok/s;     37 s elapsed
Epoch  1,   300/  454; acc:  28.03; ppl: 118.59; 5445 src tok/s; 5598 tgt tok/s;     45 s elapsed
Epoch  1,   350/  454; acc:  30.68; ppl:  87.57; 5368 src tok/s; 5602 tgt tok/s;     52 s elapsed
Epoch  1,   400/  454; acc:  30.87; ppl:  82.05; 5412 src tok/s; 5604 tgt tok/s;     60 s elapsed
Epoch  1,   450/  454; acc:  33.78; ppl:  63.92; 5400 src tok/s; 5643 tgt tok/s;     68 s elapsed
Train perplexity: 316.96
Train accuracy: 23.4962
Validation perplexity: 53.9284
Validation accuracy: 36.661

Epoch  2,    50/  454; acc:  35.50; ppl:  52.90; 5660 src tok/s; 5836 tgt tok/s;      8 s elapsed
Epoch  2,   100/  454; acc:  39.54; ppl:  40.94; 5371 src tok/s; 5615 tgt tok/s;     15 s elapsed
Epoch  2,   150/  454; acc:  42.08; ppl:  34.52; 5510 src tok/s; 5724 tgt tok/s;     23 s elapsed
Epoch  2,   200/  454; acc:  43.58; ppl:  30.77; 5354 src tok/s; 5547 tgt tok/s;     31 s elapsed
Epoch  2,   250/  454; acc:  46.58; ppl:  24.93; 5519 src tok/s; 5718 tgt tok/s;     38 s elapsed
Epoch  2,   300/  454; acc:  46.48; ppl:  25.70; 5352 src tok/s; 5527 tgt tok/s;     46 s elapsed
Epoch  2,   350/  454; acc:  48.62; ppl:  21.76; 5469 src tok/s; 5677 tgt tok/s;     54 s elapsed
Epoch  2,   400/  454; acc:  51.95; ppl:  17.85; 5381 src tok/s; 5634 tgt tok/s;     62 s elapsed
Epoch  2,   450/  454; acc:  52.34; ppl:  17.29; 5245 src tok/s; 5439 tgt tok/s;     69 s elapsed
Train perplexity: 27.7663
Train accuracy: 45.1989
Validation perplexity: 16.3744
Validation accuracy: 53.0438

Epoch  3,    50/  454; acc:  54.62; ppl:  13.79; 5552 src tok/s; 5698 tgt tok/s;      8 s elapsed
Epoch  3,   100/  454; acc:  55.86; ppl:  13.24; 5380 src tok/s; 5643 tgt tok/s;     15 s elapsed
Epoch  3,   150/  454; acc:  57.63; ppl:  11.64; 5413 src tok/s; 5649 tgt tok/s;     23 s elapsed
Epoch  3,   200/  454; acc:  55.97; ppl:  12.84; 5434 src tok/s; 5615 tgt tok/s;     31 s elapsed
Epoch  3,   250/  454; acc:  58.30; ppl:  11.17; 5548 src tok/s; 5804 tgt tok/s;     38 s elapsed
Epoch  3,   300/  454; acc:  57.25; ppl:  11.85; 5541 src tok/s; 5714 tgt tok/s;     46 s elapsed
Epoch  3,   350/  454; acc:  58.03; ppl:  11.17; 5416 src tok/s; 5596 tgt tok/s;     54 s elapsed
Epoch  3,   400/  454; acc:  59.37; ppl:  10.43; 5459 src tok/s; 5694 tgt tok/s;     61 s elapsed
Epoch  3,   450/  454; acc:  59.58; ppl:  10.01; 5288 src tok/s; 5489 tgt tok/s;     69 s elapsed
Train perplexity: 11.7346
Train accuracy: 57.3752
Validation perplexity: 9.89294
Validation accuracy: 60.4229

Epoch  4,    50/  454; acc:  62.32; ppl:   7.91; 5578 src tok/s; 5770 tgt tok/s;      8 s elapsed
Epoch  4,   100/  454; acc:  62.42; ppl:   7.96; 5459 src tok/s; 5701 tgt tok/s;     15 s elapsed
Epoch  4,   150/  454; acc:  61.71; ppl:   8.20; 5399 src tok/s; 5577 tgt tok/s;     23 s elapsed
Epoch  4,   200/  454; acc:  63.21; ppl:   7.45; 5501 src tok/s; 5708 tgt tok/s;     31 s elapsed
Epoch  4,   250/  454; acc:  61.63; ppl:   8.05; 5402 src tok/s; 5600 tgt tok/s;     38 s elapsed
Epoch  4,   300/  454; acc:  63.05; ppl:   7.39; 5469 src tok/s; 5694 tgt tok/s;     46 s elapsed
Epoch  4,   350/  454; acc:  63.04; ppl:   7.68; 5538 src tok/s; 5751 tgt tok/s;     53 s elapsed
Epoch  4,   400/  454; acc:  63.69; ppl:   7.22; 5511 src tok/s; 5705 tgt tok/s;     61 s elapsed
Epoch  4,   450/  454; acc:  63.78; ppl:   7.27; 5442 src tok/s; 5656 tgt tok/s;     69 s elapsed
Train perplexity: 7.65879
Train accuracy: 62.7924
Validation perplexity: 8.37709
Validation accuracy: 63.4809

Epoch  5,    50/  454; acc:  66.58; ppl:   5.59; 5621 src tok/s; 5824 tgt tok/s;      8 s elapsed
Epoch  5,   100/  454; acc:  66.37; ppl:   5.76; 5428 src tok/s; 5654 tgt tok/s;     15 s elapsed
Epoch  5,   150/  454; acc:  66.21; ppl:   5.82; 5613 src tok/s; 5814 tgt tok/s;     23 s elapsed
Epoch  5,   200/  454; acc:  66.38; ppl:   5.74; 5425 src tok/s; 5621 tgt tok/s;     30 s elapsed
Epoch  5,   250/  454; acc:  66.69; ppl:   5.62; 5383 src tok/s; 5636 tgt tok/s;     38 s elapsed
Epoch  5,   300/  454; acc:  65.32; ppl:   6.11; 5429 src tok/s; 5589 tgt tok/s;     46 s elapsed
Epoch  5,   350/  454; acc:  66.90; ppl:   5.53; 5435 src tok/s; 5667 tgt tok/s;     53 s elapsed
Epoch  5,   400/  454; acc:  65.83; ppl:   5.88; 5598 src tok/s; 5791 tgt tok/s;     61 s elapsed
Epoch  5,   450/  454; acc:  66.40; ppl:   5.63; 5510 src tok/s; 5718 tgt tok/s;     69 s elapsed
Train perplexity: 5.7331
Train accuracy: 66.3283
Validation perplexity: 7.40549
Validation accuracy: 64.7864

Epoch  6,    50/  454; acc:  68.97; ppl:   4.58; 5658 src tok/s; 5863 tgt tok/s;      8 s elapsed
Epoch  6,   100/  454; acc:  69.96; ppl:   4.36; 5435 src tok/s; 5652 tgt tok/s;     15 s elapsed
Epoch  6,   150/  454; acc:  68.47; ppl:   4.85; 5424 src tok/s; 5586 tgt tok/s;     23 s elapsed
Epoch  6,   200/  454; acc:  70.05; ppl:   4.33; 5470 src tok/s; 5716 tgt tok/s;     31 s elapsed
Epoch  6,   250/  454; acc:  68.58; ppl:   4.65; 5467 src tok/s; 5650 tgt tok/s;     38 s elapsed
Epoch  6,   300/  454; acc:  68.95; ppl:   4.62; 5447 src tok/s; 5670 tgt tok/s;     46 s elapsed
Epoch  6,   350/  454; acc:  68.94; ppl:   4.58; 5476 src tok/s; 5711 tgt tok/s;     54 s elapsed
Epoch  6,   400/  454; acc:  68.75; ppl:   4.68; 5479 src tok/s; 5673 tgt tok/s;     61 s elapsed
Epoch  6,   450/  454; acc:  68.86; ppl:   4.64; 5450 src tok/s; 5666 tgt tok/s;     69 s elapsed
Train perplexity: 4.59845
Train accuracy: 69.0179
Validation perplexity: 6.94537
Validation accuracy: 66.1558

Epoch  7,    50/  454; acc:  72.58; ppl:   3.58; 5685 src tok/s; 5881 tgt tok/s;      7 s elapsed
Epoch  7,   100/  454; acc:  72.08; ppl:   3.66; 5424 src tok/s; 5664 tgt tok/s;     15 s elapsed
Epoch  7,   150/  454; acc:  71.13; ppl:   3.80; 5483 src tok/s; 5664 tgt tok/s;     23 s elapsed
Epoch  7,   200/  454; acc:  71.31; ppl:   3.82; 5555 src tok/s; 5768 tgt tok/s;     30 s elapsed
Epoch  7,   250/  454; acc:  71.83; ppl:   3.77; 5533 src tok/s; 5783 tgt tok/s;     38 s elapsed
Epoch  7,   300/  454; acc:  70.11; ppl:   4.10; 5544 src tok/s; 5718 tgt tok/s;     46 s elapsed
Epoch  7,   350/  454; acc:  71.57; ppl:   3.78; 5442 src tok/s; 5695 tgt tok/s;     53 s elapsed
Epoch  7,   400/  454; acc:  70.23; ppl:   4.11; 5395 src tok/s; 5566 tgt tok/s;     61 s elapsed
Epoch  7,   450/  454; acc:  70.23; ppl:   4.03; 5407 src tok/s; 5603 tgt tok/s;     69 s elapsed
Train perplexity: 3.84796
Train accuracy: 71.2272
Validation perplexity: 6.73144
Validation accuracy: 66.8299

Epoch  8,    50/  454; acc:  74.10; ppl:   3.13; 5573 src tok/s; 5801 tgt tok/s;      8 s elapsed
Epoch  8,   100/  454; acc:  74.00; ppl:   3.15; 5440 src tok/s; 5648 tgt tok/s;     15 s elapsed
Epoch  8,   150/  454; acc:  73.74; ppl:   3.19; 5535 src tok/s; 5714 tgt tok/s;     23 s elapsed
Epoch  8,   200/  454; acc:  73.19; ppl:   3.34; 5571 src tok/s; 5803 tgt tok/s;     30 s elapsed
Epoch  8,   250/  454; acc:  73.61; ppl:   3.23; 5456 src tok/s; 5637 tgt tok/s;     38 s elapsed
Epoch  8,   300/  454; acc:  72.70; ppl:   3.44; 5503 src tok/s; 5705 tgt tok/s;     46 s elapsed
Epoch  8,   350/  454; acc:  73.49; ppl:   3.25; 5460 src tok/s; 5698 tgt tok/s;     53 s elapsed
Epoch  8,   400/  454; acc:  72.09; ppl:   3.51; 5635 src tok/s; 5822 tgt tok/s;     61 s elapsed
Epoch  8,   450/  454; acc:  72.21; ppl:   3.49; 5316 src tok/s; 5534 tgt tok/s;     69 s elapsed
Train perplexity: 3.30369
Train accuracy: 73.2217
Validation perplexity: 6.71619
Validation accuracy: 67.2769
Decaying learning rate to 0.5

Epoch  9,    50/  454; acc:  78.65; ppl:   2.46; 5614 src tok/s; 5848 tgt tok/s;      7 s elapsed
Epoch  9,   100/  454; acc:  78.57; ppl:   2.49; 5675 src tok/s; 5836 tgt tok/s;     15 s elapsed
Epoch  9,   150/  454; acc:  78.32; ppl:   2.51; 5644 src tok/s; 5817 tgt tok/s;     23 s elapsed
Epoch  9,   200/  454; acc:  79.44; ppl:   2.39; 5478 src tok/s; 5689 tgt tok/s;     30 s elapsed
Epoch  9,   250/  454; acc:  78.08; ppl:   2.55; 5369 src tok/s; 5583 tgt tok/s;     38 s elapsed
Epoch  9,   300/  454; acc:  78.92; ppl:   2.40; 5452 src tok/s; 5675 tgt tok/s;     46 s elapsed
Epoch  9,   350/  454; acc:  78.33; ppl:   2.53; 5531 src tok/s; 5724 tgt tok/s;     53 s elapsed
Epoch  9,   400/  454; acc:  79.40; ppl:   2.37; 5436 src tok/s; 5676 tgt tok/s;     61 s elapsed
Epoch  9,   450/  454; acc:  78.35; ppl:   2.48; 5508 src tok/s; 5721 tgt tok/s;     68 s elapsed
Train perplexity: 2.46169
Train accuracy: 78.679
Validation perplexity: 6.54374
Validation accuracy: 68.1779
Decaying learning rate to 0.25

Epoch 10,    50/  454; acc:  82.46; ppl:   2.08; 5612 src tok/s; 5796 tgt tok/s;      8 s elapsed
Epoch 10,   100/  454; acc:  83.71; ppl:   1.96; 5547 src tok/s; 5778 tgt tok/s;     15 s elapsed
Epoch 10,   150/  454; acc:  83.10; ppl:   1.98; 5592 src tok/s; 5802 tgt tok/s;     23 s elapsed
Epoch 10,   200/  454; acc:  82.69; ppl:   2.07; 5451 src tok/s; 5682 tgt tok/s;     30 s elapsed
Epoch 10,   250/  454; acc:  83.13; ppl:   2.00; 5514 src tok/s; 5741 tgt tok/s;     38 s elapsed
Epoch 10,   300/  454; acc:  82.51; ppl:   2.04; 5509 src tok/s; 5688 tgt tok/s;     45 s elapsed
Epoch 10,   350/  454; acc:  82.79; ppl:   2.05; 5600 src tok/s; 5801 tgt tok/s;     53 s elapsed
Epoch 10,   400/  454; acc:  82.69; ppl:   2.03; 5513 src tok/s; 5732 tgt tok/s;     61 s elapsed
Epoch 10,   450/  454; acc:  82.70; ppl:   2.01; 5420 src tok/s; 5629 tgt tok/s;     68 s elapsed
Train perplexity: 2.02598
Train accuracy: 82.8426
Validation perplexity: 6.53854
Validation accuracy: 68.8165
Decaying learning rate to 0.125

Epoch 11,    50/  454; acc:  84.62; ppl:   1.89; 5666 src tok/s; 5837 tgt tok/s;      8 s elapsed
Epoch 11,   100/  454; acc:  86.40; ppl:   1.71; 5462 src tok/s; 5695 tgt tok/s;     15 s elapsed
Epoch 11,   150/  454; acc:  85.64; ppl:   1.81; 5519 src tok/s; 5755 tgt tok/s;     23 s elapsed
Epoch 11,   200/  454; acc:  85.13; ppl:   1.84; 5578 src tok/s; 5785 tgt tok/s;     30 s elapsed
Epoch 11,   250/  454; acc:  86.32; ppl:   1.73; 5516 src tok/s; 5745 tgt tok/s;     37 s elapsed
Epoch 11,   300/  454; acc:  83.85; ppl:   1.95; 5569 src tok/s; 5743 tgt tok/s;     45 s elapsed
Epoch 11,   350/  454; acc:  85.42; ppl:   1.79; 5459 src tok/s; 5662 tgt tok/s;     53 s elapsed
Epoch 11,   400/  454; acc:  84.55; ppl:   1.87; 5560 src tok/s; 5770 tgt tok/s;     61 s elapsed
Epoch 11,   450/  454; acc:  84.65; ppl:   1.88; 5449 src tok/s; 5660 tgt tok/s;     68 s elapsed
Train perplexity: 1.82831
Train accuracy: 85.1756
Validation perplexity: 6.68176
Validation accuracy: 68.5185
Decaying learning rate to 0.0625

Epoch 12,    50/  454; acc:  86.81; ppl:   1.71; 5576 src tok/s; 5793 tgt tok/s;      8 s elapsed
Epoch 12,   100/  454; acc:  86.32; ppl:   1.76; 5577 src tok/s; 5786 tgt tok/s;     15 s elapsed
Epoch 12,   150/  454; acc:  87.63; ppl:   1.65; 5485 src tok/s; 5720 tgt tok/s;     23 s elapsed
Epoch 12,   200/  454; acc:  85.11; ppl:   1.85; 5449 src tok/s; 5641 tgt tok/s;     31 s elapsed
Epoch 12,   250/  454; acc:  86.77; ppl:   1.71; 5578 src tok/s; 5818 tgt tok/s;     38 s elapsed
Epoch 12,   300/  454; acc:  86.07; ppl:   1.78; 5531 src tok/s; 5707 tgt tok/s;     46 s elapsed
Epoch 12,   350/  454; acc:  85.76; ppl:   1.78; 5576 src tok/s; 5732 tgt tok/s;     53 s elapsed
Epoch 12,   400/  454; acc:  87.10; ppl:   1.68; 5586 src tok/s; 5822 tgt tok/s;     61 s elapsed
Epoch 12,   450/  454; acc:  86.10; ppl:   1.76; 5465 src tok/s; 5697 tgt tok/s;     68 s elapsed
Train perplexity: 1.74183
Train accuracy: 86.3984
Validation perplexity: 6.80467
Validation accuracy: 68.7669
Decaying learning rate to 0.03125

Epoch 13,    50/  454; acc:  87.57; ppl:   1.66; 5704 src tok/s; 5927 tgt tok/s;      7 s elapsed
Epoch 13,   100/  454; acc:  86.67; ppl:   1.74; 5531 src tok/s; 5715 tgt tok/s;     15 s elapsed
Epoch 13,   150/  454; acc:  87.43; ppl:   1.66; 5502 src tok/s; 5735 tgt tok/s;     22 s elapsed
Epoch 13,   200/  454; acc:  86.68; ppl:   1.72; 5481 src tok/s; 5695 tgt tok/s;     30 s elapsed
Epoch 13,   250/  454; acc:  86.92; ppl:   1.71; 5554 src tok/s; 5740 tgt tok/s;     38 s elapsed
Epoch 13,   300/  454; acc:  86.97; ppl:   1.71; 5409 src tok/s; 5640 tgt tok/s;     45 s elapsed
Epoch 13,   350/  454; acc:  85.36; ppl:   1.81; 5585 src tok/s; 5707 tgt tok/s;     54 s elapsed
Epoch 13,   400/  454; acc:  88.76; ppl:   1.56; 5502 src tok/s; 5792 tgt tok/s;     61 s elapsed
Epoch 13,   450/  454; acc:  86.43; ppl:   1.74; 5540 src tok/s; 5749 tgt tok/s;     68 s elapsed
Train perplexity: 1.70036
Train accuracy: 86.9676
Validation perplexity: 6.86409
Validation accuracy: 68.6888
Decaying learning rate to 0.015625

Epoch 14,    50/  454; acc:  87.82; ppl:   1.64; 5570 src tok/s; 5793 tgt tok/s;      7 s elapsed
Epoch 14,   100/  454; acc:  86.85; ppl:   1.72; 5465 src tok/s; 5671 tgt tok/s;     15 s elapsed
Epoch 14,   150/  454; acc:  88.41; ppl:   1.59; 5538 src tok/s; 5790 tgt tok/s;     23 s elapsed
Epoch 14,   200/  454; acc:  86.87; ppl:   1.72; 5499 src tok/s; 5687 tgt tok/s;     30 s elapsed
Epoch 14,   250/  454; acc:  86.31; ppl:   1.75; 5460 src tok/s; 5645 tgt tok/s;     38 s elapsed
Epoch 14,   300/  454; acc:  87.88; ppl:   1.63; 5533 src tok/s; 5778 tgt tok/s;     46 s elapsed
Epoch 14,   350/  454; acc:  86.95; ppl:   1.69; 5629 src tok/s; 5790 tgt tok/s;     53 s elapsed
Epoch 14,   400/  454; acc:  87.57; ppl:   1.66; 5520 src tok/s; 5743 tgt tok/s;     61 s elapsed
Epoch 14,   450/  454; acc:  86.95; ppl:   1.71; 5494 src tok/s; 5695 tgt tok/s;     68 s elapsed
Train perplexity: 1.67821
Train accuracy: 87.2916
Validation perplexity: 6.88498
Validation accuracy: 68.8662
Decaying learning rate to 0.0078125

Epoch 15,    50/  454; acc:  87.79; ppl:   1.64; 5619 src tok/s; 5835 tgt tok/s;      7 s elapsed
Epoch 15,   100/  454; acc:  87.25; ppl:   1.66; 5593 src tok/s; 5795 tgt tok/s;     15 s elapsed
Epoch 15,   150/  454; acc:  88.09; ppl:   1.63; 5533 src tok/s; 5728 tgt tok/s;     23 s elapsed
Epoch 15,   200/  454; acc:  86.88; ppl:   1.73; 5433 src tok/s; 5651 tgt tok/s;     30 s elapsed
Epoch 15,   250/  454; acc:  87.85; ppl:   1.65; 5504 src tok/s; 5724 tgt tok/s;     38 s elapsed
Epoch 15,   300/  454; acc:  86.93; ppl:   1.70; 5501 src tok/s; 5708 tgt tok/s;     45 s elapsed
Epoch 15,   350/  454; acc:  86.82; ppl:   1.73; 5577 src tok/s; 5700 tgt tok/s;     53 s elapsed
Epoch 15,   400/  454; acc:  87.88; ppl:   1.62; 5515 src tok/s; 5788 tgt tok/s;     61 s elapsed
Epoch 15,   450/  454; acc:  87.50; ppl:   1.68; 5453 src tok/s; 5679 tgt tok/s;     68 s elapsed
Train perplexity: 1.668
Train accuracy: 87.4505
Validation perplexity: 6.89431
Validation accuracy: 68.8023
Decaying learning rate to 0.00390625

Epoch 16,    50/  454; acc:  87.97; ppl:   1.64; 5744 src tok/s; 5969 tgt tok/s;      7 s elapsed
Epoch 16,   100/  454; acc:  87.50; ppl:   1.67; 5583 src tok/s; 5786 tgt tok/s;     15 s elapsed
Epoch 16,   150/  454; acc:  88.17; ppl:   1.64; 5387 src tok/s; 5644 tgt tok/s;     22 s elapsed
Epoch 16,   200/  454; acc:  87.31; ppl:   1.67; 5489 src tok/s; 5648 tgt tok/s;     30 s elapsed
Epoch 16,   250/  454; acc:  87.62; ppl:   1.65; 5367 src tok/s; 5615 tgt tok/s;     38 s elapsed
Epoch 16,   300/  454; acc:  87.42; ppl:   1.66; 5621 src tok/s; 5782 tgt tok/s;     46 s elapsed
Epoch 16,   350/  454; acc:  87.07; ppl:   1.70; 5490 src tok/s; 5696 tgt tok/s;     53 s elapsed
Epoch 16,   400/  454; acc:  87.70; ppl:   1.64; 5632 src tok/s; 5843 tgt tok/s;     61 s elapsed
Epoch 16,   450/  454; acc:  87.88; ppl:   1.63; 5562 src tok/s; 5799 tgt tok/s;     68 s elapsed
Train perplexity: 1.66284
Train accuracy: 87.5499
Validation perplexity: 6.90417
Validation accuracy: 68.8165
Decaying learning rate to 0.00195312

Epoch 17,    50/  454; acc:  88.56; ppl:   1.61; 5690 src tok/s; 5931 tgt tok/s;      7 s elapsed
Epoch 17,   100/  454; acc:  86.62; ppl:   1.73; 5452 src tok/s; 5654 tgt tok/s;     15 s elapsed
Epoch 17,   150/  454; acc:  88.38; ppl:   1.60; 5644 src tok/s; 5870 tgt tok/s;     22 s elapsed
Epoch 17,   200/  454; acc:  87.08; ppl:   1.71; 5460 src tok/s; 5649 tgt tok/s;     30 s elapsed
Epoch 17,   250/  454; acc:  87.35; ppl:   1.66; 5488 src tok/s; 5671 tgt tok/s;     38 s elapsed
Epoch 17,   300/  454; acc:  87.68; ppl:   1.66; 5487 src tok/s; 5688 tgt tok/s;     45 s elapsed
Epoch 17,   350/  454; acc:  86.77; ppl:   1.73; 5568 src tok/s; 5751 tgt tok/s;     53 s elapsed
Epoch 17,   400/  454; acc:  88.56; ppl:   1.60; 5546 src tok/s; 5777 tgt tok/s;     61 s elapsed
Epoch 17,   450/  454; acc:  87.51; ppl:   1.67; 5457 src tok/s; 5684 tgt tok/s;     68 s elapsed
Train perplexity: 1.6606
Train accuracy: 87.613
Validation perplexity: 6.90909
Validation accuracy: 68.7739
Decaying learning rate to 0.000976562
