<module 'opts' from '/u/suhubdyd/research/projects/jumble_lstm/code/auxiliary-nmt/opts.pyc'>
Namespace(batch_size=64, brnn=False, brnn_merge='concat', cnn_kernel_width=3, context_gate=None, copy_attn=False, copy_attn_force=False, coverage_attn=False, data='/data/lisatmp3/suhubdyd/multi30k.atok.low', dec_layers=1, decay_method='', decoder_type='rnn', dropout=0.4, enc_layers=2, encoder_type='rnn', epochs=17, exp='', exp_host='', feat_merge='concat', feat_vec_exponent=0.7, feat_vec_size=-1, fix_word_vecs_dec=False, fix_word_vecs_enc=False, global_attention='general', gpuid=[0], input_feed=1, kappa_dec=0.0, kappa_enc=0.15, lambda_coverage=1, layers=-1, learning_rate=1.0, learning_rate_decay=0.5, max_generator_batches=32, max_grad_norm=5, model_type='text', optim='sgd', param_init=0.1, position_encoding=False, pre_word_vecs_dec=None, pre_word_vecs_enc=None, report_every=50, rnn_size=500, rnn_type='LSTM', save_model='/data/lisatmp3/suhubdyd/models/encoder0.15_decoder0_dropout0.4', seed=-1, share_decoder_embeddings=False, share_embeddings=False, src_word_vec_size=500, start_checkpoint_at=0, start_decay_at=8, start_epoch=1, tgt_word_vec_size=500, train_from='', truncated_decoder=0, warmup_steps=4000, word_vec_size=-1)
('Using Kappa L2 loss on encoder', 0.15)
Loading train and validate data from '/data/lisatmp3/suhubdyd/multi30k.atok.low'
 * number of training sentences: 29000
 * maximum batch size: 64
 * vocabulary size. source = 10841; target = 18563
Building model...
Intializing model parameters.
NMTModel (
  (encoder): RNNEncoder (
    (embeddings): Embeddings (
      (make_embedding): Sequential (
        (emb_luts): Elementwise (
          (0): Embedding(10841, 500, padding_idx=1)
        )
      )
    )
    (dropout): Dropout (p = 0.4)
    (rnn): LSTM(500, 500, dropout=0.4)
  )
  (decoder): InputFeedRNNDecoder (
    (embeddings): Embeddings (
      (make_embedding): Sequential (
        (emb_luts): Elementwise (
          (0): Embedding(18563, 500, padding_idx=1)
        )
      )
    )
    (dropout): Dropout (p = 0.4)
    (rnn): StackedLSTM (
      (dropout): Dropout (p = 0.4)
      (layers): ModuleList (
        (0): LSTMCell(1000, 500)
      )
    )
    (attn): GlobalAttention (
      (linear_in): Linear (500 -> 500)
      (linear_out): Linear (1000 -> 500)
      (sm): Softmax ()
      (tanh): Tanh ()
    )
  )
  (generator): Sequential (
    (0): Linear (500 -> 18563)
    (1): LogSoftmax ()
  )
)
* number of parameters: 29760063
('encoder: ', 7424500)
('decoder: ', 22335563)

Epoch  1,    50/  454; acc:   9.27; ppl: 12820.20; 6382 src tok/s; 6664 tgt tok/s;      6 s elapsed
Epoch  1,   100/  454; acc:  15.53; ppl: 1042.23; 7107 src tok/s; 7357 tgt tok/s;     12 s elapsed
Epoch  1,   150/  454; acc:  19.25; ppl: 443.80; 7003 src tok/s; 7290 tgt tok/s;     18 s elapsed
Epoch  1,   200/  454; acc:  22.13; ppl: 236.66; 7029 src tok/s; 7297 tgt tok/s;     24 s elapsed
Epoch  1,   250/  454; acc:  24.14; ppl: 176.59; 7022 src tok/s; 7270 tgt tok/s;     31 s elapsed
Epoch  1,   300/  454; acc:  29.28; ppl: 104.01; 7116 src tok/s; 7384 tgt tok/s;     36 s elapsed
Epoch  1,   350/  454; acc:  31.29; ppl:  84.27; 6966 src tok/s; 7261 tgt tok/s;     42 s elapsed
Epoch  1,   400/  454; acc:  31.09; ppl:  81.36; 7099 src tok/s; 7314 tgt tok/s;     48 s elapsed
Epoch  1,   450/  454; acc:  33.50; ppl:  66.60; 7021 src tok/s; 7272 tgt tok/s;     54 s elapsed
Train perplexity: 279.782
Train accuracy: 24.0365
Validation perplexity: 49.694
Validation accuracy: 37.2641

Epoch  2,    50/  454; acc:  35.52; ppl:  54.11; 6974 src tok/s; 7208 tgt tok/s;      6 s elapsed
Epoch  2,   100/  454; acc:  40.19; ppl:  39.16; 6956 src tok/s; 7256 tgt tok/s;     12 s elapsed
Epoch  2,   150/  454; acc:  41.68; ppl:  35.92; 7086 src tok/s; 7332 tgt tok/s;     18 s elapsed
Epoch  2,   200/  454; acc:  43.03; ppl:  31.83; 7153 src tok/s; 7440 tgt tok/s;     24 s elapsed
Epoch  2,   250/  454; acc:  46.82; ppl:  24.73; 7003 src tok/s; 7286 tgt tok/s;     30 s elapsed
Epoch  2,   300/  454; acc:  47.49; ppl:  23.35; 7132 src tok/s; 7384 tgt tok/s;     36 s elapsed
Epoch  2,   350/  454; acc:  48.90; ppl:  21.25; 7124 src tok/s; 7355 tgt tok/s;     42 s elapsed
Epoch  2,   400/  454; acc:  51.51; ppl:  18.83; 6931 src tok/s; 7225 tgt tok/s;     48 s elapsed
Epoch  2,   450/  454; acc:  52.73; ppl:  16.89; 7161 src tok/s; 7417 tgt tok/s;     53 s elapsed
Train perplexity: 27.5862
Train accuracy: 45.3466
Validation perplexity: 14.9515
Validation accuracy: 54.8177

Epoch  3,    50/  454; acc:  54.35; ppl:  14.42; 7154 src tok/s; 7379 tgt tok/s;      6 s elapsed
Epoch  3,   100/  454; acc:  56.95; ppl:  12.30; 6905 src tok/s; 7205 tgt tok/s;     12 s elapsed
Epoch  3,   150/  454; acc:  56.34; ppl:  12.52; 6822 src tok/s; 7068 tgt tok/s;     18 s elapsed
Epoch  3,   200/  454; acc:  56.24; ppl:  12.50; 6899 src tok/s; 7169 tgt tok/s;     24 s elapsed
Epoch  3,   250/  454; acc:  56.92; ppl:  11.90; 7137 src tok/s; 7331 tgt tok/s;     30 s elapsed
Epoch  3,   300/  454; acc:  59.12; ppl:  10.66; 6719 src tok/s; 7053 tgt tok/s;     36 s elapsed
Epoch  3,   350/  454; acc:  57.55; ppl:  11.51; 7013 src tok/s; 7243 tgt tok/s;     42 s elapsed
Epoch  3,   400/  454; acc:  59.84; ppl:   9.94; 6953 src tok/s; 7232 tgt tok/s;     48 s elapsed
Epoch  3,   450/  454; acc:  59.41; ppl:  10.38; 6813 src tok/s; 7113 tgt tok/s;     54 s elapsed
Train perplexity: 11.7062
Train accuracy: 57.4315
Validation perplexity: 9.68078
Validation accuracy: 61.3027

Epoch  4,    50/  454; acc:  62.27; ppl:   8.08; 6818 src tok/s; 7032 tgt tok/s;      6 s elapsed
Epoch  4,   100/  454; acc:  62.43; ppl:   7.71; 6914 src tok/s; 7199 tgt tok/s;     12 s elapsed
Epoch  4,   150/  454; acc:  62.17; ppl:   8.17; 6730 src tok/s; 7008 tgt tok/s;     18 s elapsed
Epoch  4,   200/  454; acc:  61.84; ppl:   8.10; 6903 src tok/s; 7152 tgt tok/s;     25 s elapsed
Epoch  4,   250/  454; acc:  61.89; ppl:   8.00; 6849 src tok/s; 7109 tgt tok/s;     31 s elapsed
Epoch  4,   300/  454; acc:  63.19; ppl:   7.51; 6847 src tok/s; 7127 tgt tok/s;     37 s elapsed
Epoch  4,   350/  454; acc:  62.90; ppl:   7.55; 6893 src tok/s; 7151 tgt tok/s;     43 s elapsed
Epoch  4,   400/  454; acc:  63.21; ppl:   7.46; 6940 src tok/s; 7172 tgt tok/s;     49 s elapsed
Epoch  4,   450/  454; acc:  63.53; ppl:   7.29; 6876 src tok/s; 7145 tgt tok/s;     55 s elapsed
Train perplexity: 7.7444
Train accuracy: 62.636
Validation perplexity: 7.9371
Validation accuracy: 63.6228

Epoch  5,    50/  454; acc:  66.19; ppl:   5.79; 6699 src tok/s; 6924 tgt tok/s;      7 s elapsed
Epoch  5,   100/  454; acc:  66.77; ppl:   5.68; 6759 src tok/s; 7052 tgt tok/s;     12 s elapsed
Epoch  5,   150/  454; acc:  66.07; ppl:   5.86; 6874 src tok/s; 7103 tgt tok/s;     19 s elapsed
Epoch  5,   200/  454; acc:  65.80; ppl:   5.88; 6862 src tok/s; 7145 tgt tok/s;     25 s elapsed
Epoch  5,   250/  454; acc:  65.25; ppl:   6.07; 6930 src tok/s; 7191 tgt tok/s;     31 s elapsed
Epoch  5,   300/  454; acc:  65.85; ppl:   5.88; 6927 src tok/s; 7222 tgt tok/s;     37 s elapsed
Epoch  5,   350/  454; acc:  65.94; ppl:   5.81; 6939 src tok/s; 7196 tgt tok/s;     43 s elapsed
Epoch  5,   400/  454; acc:  65.86; ppl:   5.94; 6919 src tok/s; 7172 tgt tok/s;     49 s elapsed
Epoch  5,   450/  454; acc:  66.13; ppl:   5.93; 6971 src tok/s; 7209 tgt tok/s;     55 s elapsed
Train perplexity: 5.86902
Train accuracy: 65.9947
Validation perplexity: 7.50144
Validation accuracy: 64.3111

Epoch  6,    50/  454; acc:  69.30; ppl:   4.55; 6787 src tok/s; 7071 tgt tok/s;      6 s elapsed
Epoch  6,   100/  454; acc:  68.90; ppl:   4.61; 6775 src tok/s; 7041 tgt tok/s;     12 s elapsed
Epoch  6,   150/  454; acc:  69.34; ppl:   4.51; 6793 src tok/s; 7098 tgt tok/s;     18 s elapsed
Epoch  6,   200/  454; acc:  68.33; ppl:   4.87; 6980 src tok/s; 7181 tgt tok/s;     25 s elapsed
Epoch  6,   250/  454; acc:  68.74; ppl:   4.65; 6908 src tok/s; 7152 tgt tok/s;     31 s elapsed
Epoch  6,   300/  454; acc:  67.84; ppl:   4.97; 6906 src tok/s; 7210 tgt tok/s;     37 s elapsed
Epoch  6,   350/  454; acc:  67.09; ppl:   5.20; 7008 src tok/s; 7189 tgt tok/s;     43 s elapsed
Epoch  6,   400/  454; acc:  69.13; ppl:   4.60; 6846 src tok/s; 7121 tgt tok/s;     49 s elapsed
Epoch  6,   450/  454; acc:  68.03; ppl:   4.91; 6690 src tok/s; 6963 tgt tok/s;     55 s elapsed
Train perplexity: 4.75668
Train accuracy: 68.5288
Validation perplexity: 6.75681
Validation accuracy: 66.4822

Epoch  7,    50/  454; acc:  70.87; ppl:   4.03; 6972 src tok/s; 7167 tgt tok/s;      6 s elapsed
Epoch  7,   100/  454; acc:  72.12; ppl:   3.63; 6844 src tok/s; 7165 tgt tok/s;     12 s elapsed
Epoch  7,   150/  454; acc:  71.90; ppl:   3.69; 6880 src tok/s; 7160 tgt tok/s;     18 s elapsed
Epoch  7,   200/  454; acc:  69.73; ppl:   4.24; 6905 src tok/s; 7146 tgt tok/s;     24 s elapsed
Epoch  7,   250/  454; acc:  70.83; ppl:   3.91; 6944 src tok/s; 7239 tgt tok/s;     30 s elapsed
Epoch  7,   300/  454; acc:  70.31; ppl:   4.11; 6931 src tok/s; 7166 tgt tok/s;     36 s elapsed
Epoch  7,   350/  454; acc:  70.07; ppl:   4.09; 6910 src tok/s; 7187 tgt tok/s;     43 s elapsed
Epoch  7,   400/  454; acc:  70.47; ppl:   4.04; 6937 src tok/s; 7199 tgt tok/s;     49 s elapsed
Epoch  7,   450/  454; acc:  69.82; ppl:   4.21; 6771 src tok/s; 7044 tgt tok/s;     54 s elapsed
Train perplexity: 4.00202
Train accuracy: 70.6319
Validation perplexity: 6.66869
Validation accuracy: 65.9359

Epoch  8,    50/  454; acc:  73.30; ppl:   3.26; 6749 src tok/s; 7007 tgt tok/s;      6 s elapsed
Epoch  8,   100/  454; acc:  73.14; ppl:   3.31; 6975 src tok/s; 7228 tgt tok/s;     12 s elapsed
Epoch  8,   150/  454; acc:  72.95; ppl:   3.35; 6978 src tok/s; 7226 tgt tok/s;     18 s elapsed
Epoch  8,   200/  454; acc:  72.78; ppl:   3.37; 6830 src tok/s; 7094 tgt tok/s;     24 s elapsed
Epoch  8,   250/  454; acc:  72.28; ppl:   3.53; 6945 src tok/s; 7233 tgt tok/s;     30 s elapsed
Epoch  8,   300/  454; acc:  72.36; ppl:   3.50; 7327 src tok/s; 7589 tgt tok/s;     36 s elapsed
Epoch  8,   350/  454; acc:  72.06; ppl:   3.52; 7385 src tok/s; 7651 tgt tok/s;     42 s elapsed
Epoch  8,   400/  454; acc:  71.61; ppl:   3.60; 7192 src tok/s; 7473 tgt tok/s;     48 s elapsed
Epoch  8,   450/  454; acc:  71.50; ppl:   3.68; 7150 src tok/s; 7427 tgt tok/s;     53 s elapsed
Train perplexity: 3.45719
Train accuracy: 72.4401
Validation perplexity: 6.55503
Validation accuracy: 67.3407
Decaying learning rate to 0.5

Epoch  9,    50/  454; acc:  77.78; ppl:   2.59; 6691 src tok/s; 6977 tgt tok/s;      6 s elapsed
Epoch  9,   100/  454; acc:  76.88; ppl:   2.69; 7012 src tok/s; 7242 tgt tok/s;     12 s elapsed
Epoch  9,   150/  454; acc:  77.03; ppl:   2.64; 6859 src tok/s; 7132 tgt tok/s;     18 s elapsed
Epoch  9,   200/  454; acc:  77.75; ppl:   2.59; 7151 src tok/s; 7378 tgt tok/s;     24 s elapsed
Epoch  9,   250/  454; acc:  77.30; ppl:   2.65; 6965 src tok/s; 7221 tgt tok/s;     30 s elapsed
Epoch  9,   300/  454; acc:  77.88; ppl:   2.54; 6974 src tok/s; 7228 tgt tok/s;     36 s elapsed
Epoch  9,   350/  454; acc:  76.56; ppl:   2.70; 7003 src tok/s; 7299 tgt tok/s;     42 s elapsed
Epoch  9,   400/  454; acc:  78.23; ppl:   2.50; 7166 src tok/s; 7441 tgt tok/s;     48 s elapsed
Epoch  9,   450/  454; acc:  77.53; ppl:   2.61; 6894 src tok/s; 7169 tgt tok/s;     54 s elapsed
Train perplexity: 2.61228
Train accuracy: 77.42
Validation perplexity: 6.26945
Validation accuracy: 68.6462
Decaying learning rate to 0.25

Epoch 10,    50/  454; acc:  81.38; ppl:   2.17; 6811 src tok/s; 7068 tgt tok/s;      6 s elapsed
Epoch 10,   100/  454; acc:  81.44; ppl:   2.15; 6972 src tok/s; 7214 tgt tok/s;     12 s elapsed
Epoch 10,   150/  454; acc:  80.80; ppl:   2.23; 6869 src tok/s; 7159 tgt tok/s;     18 s elapsed
Epoch 10,   200/  454; acc:  81.56; ppl:   2.12; 6951 src tok/s; 7244 tgt tok/s;     24 s elapsed
Epoch 10,   250/  454; acc:  81.31; ppl:   2.18; 6822 src tok/s; 7126 tgt tok/s;     30 s elapsed
Epoch 10,   300/  454; acc:  81.39; ppl:   2.14; 7091 src tok/s; 7315 tgt tok/s;     36 s elapsed
Epoch 10,   350/  454; acc:  82.01; ppl:   2.07; 6891 src tok/s; 7187 tgt tok/s;     42 s elapsed
Epoch 10,   400/  454; acc:  80.02; ppl:   2.34; 7170 src tok/s; 7391 tgt tok/s;     48 s elapsed
Epoch 10,   450/  454; acc:  80.69; ppl:   2.21; 7059 src tok/s; 7294 tgt tok/s;     54 s elapsed
Train perplexity: 2.17658
Train accuracy: 81.1821
Validation perplexity: 6.20415
Validation accuracy: 69.3203
Decaying learning rate to 0.125

Epoch 11,    50/  454; acc:  83.11; ppl:   2.00; 6896 src tok/s; 7137 tgt tok/s;      6 s elapsed
Epoch 11,   100/  454; acc:  83.84; ppl:   1.94; 7068 src tok/s; 7368 tgt tok/s;     12 s elapsed
Epoch 11,   150/  454; acc:  83.41; ppl:   1.96; 6864 src tok/s; 7124 tgt tok/s;     18 s elapsed
Epoch 11,   200/  454; acc:  83.00; ppl:   2.01; 7095 src tok/s; 7325 tgt tok/s;     24 s elapsed
Epoch 11,   250/  454; acc:  83.16; ppl:   1.99; 7074 src tok/s; 7354 tgt tok/s;     30 s elapsed
Epoch 11,   300/  454; acc:  83.47; ppl:   1.98; 7004 src tok/s; 7271 tgt tok/s;     36 s elapsed
Epoch 11,   350/  454; acc:  82.34; ppl:   2.10; 7122 src tok/s; 7388 tgt tok/s;     42 s elapsed
Epoch 11,   400/  454; acc:  84.51; ppl:   1.85; 7027 src tok/s; 7311 tgt tok/s;     48 s elapsed
Epoch 11,   450/  454; acc:  82.69; ppl:   2.04; 7011 src tok/s; 7253 tgt tok/s;     54 s elapsed
Train perplexity: 1.98149
Train accuracy: 83.299
Validation perplexity: 6.27016
Validation accuracy: 69.4622
Decaying learning rate to 0.0625

Epoch 12,    50/  454; acc:  83.21; ppl:   2.03; 7117 src tok/s; 7300 tgt tok/s;      6 s elapsed
Epoch 12,   100/  454; acc:  86.13; ppl:   1.73; 6964 src tok/s; 7334 tgt tok/s;     12 s elapsed
Epoch 12,   150/  454; acc:  84.58; ppl:   1.85; 7023 src tok/s; 7322 tgt tok/s;     18 s elapsed
Epoch 12,   200/  454; acc:  84.25; ppl:   1.90; 7001 src tok/s; 7250 tgt tok/s;     24 s elapsed
Epoch 12,   250/  454; acc:  83.94; ppl:   1.92; 7124 src tok/s; 7378 tgt tok/s;     30 s elapsed
Epoch 12,   300/  454; acc:  84.49; ppl:   1.87; 7144 src tok/s; 7421 tgt tok/s;     36 s elapsed
Epoch 12,   350/  454; acc:  84.06; ppl:   1.90; 7171 src tok/s; 7416 tgt tok/s;     42 s elapsed
Epoch 12,   400/  454; acc:  84.49; ppl:   1.89; 6990 src tok/s; 7248 tgt tok/s;     48 s elapsed
Epoch 12,   450/  454; acc:  83.99; ppl:   1.91; 6793 src tok/s; 7058 tgt tok/s;     54 s elapsed
Train perplexity: 1.88908
Train accuracy: 84.3341
Validation perplexity: 6.35052
Validation accuracy: 69.4764
Decaying learning rate to 0.03125

Epoch 13,    50/  454; acc:  85.34; ppl:   1.79; 6767 src tok/s; 7037 tgt tok/s;      6 s elapsed
Epoch 13,   100/  454; acc:  84.59; ppl:   1.87; 7004 src tok/s; 7247 tgt tok/s;     12 s elapsed
Epoch 13,   150/  454; acc:  84.68; ppl:   1.86; 7143 src tok/s; 7416 tgt tok/s;     18 s elapsed
Epoch 13,   200/  454; acc:  85.12; ppl:   1.85; 7142 src tok/s; 7374 tgt tok/s;     24 s elapsed
Epoch 13,   250/  454; acc:  84.65; ppl:   1.87; 7111 src tok/s; 7397 tgt tok/s;     30 s elapsed
Epoch 13,   300/  454; acc:  85.45; ppl:   1.79; 6921 src tok/s; 7265 tgt tok/s;     36 s elapsed
Epoch 13,   350/  454; acc:  83.64; ppl:   1.95; 7077 src tok/s; 7288 tgt tok/s;     42 s elapsed
Epoch 13,   400/  454; acc:  85.88; ppl:   1.77; 7014 src tok/s; 7317 tgt tok/s;     48 s elapsed
Epoch 13,   450/  454; acc:  84.87; ppl:   1.84; 6853 src tok/s; 7092 tgt tok/s;     54 s elapsed
Train perplexity: 1.84429
Train accuracy: 84.8824
Validation perplexity: 6.40019
Validation accuracy: 69.4764
Decaying learning rate to 0.015625

Epoch 14,    50/  454; acc:  84.66; ppl:   1.85; 6844 src tok/s; 7109 tgt tok/s;      6 s elapsed
Epoch 14,   100/  454; acc:  85.78; ppl:   1.79; 6806 src tok/s; 7104 tgt tok/s;     12 s elapsed
Epoch 14,   150/  454; acc:  85.85; ppl:   1.78; 6848 src tok/s; 7160 tgt tok/s;     18 s elapsed
Epoch 14,   200/  454; acc:  85.01; ppl:   1.85; 7081 src tok/s; 7298 tgt tok/s;     24 s elapsed
Epoch 14,   250/  454; acc:  84.66; ppl:   1.88; 6778 src tok/s; 7018 tgt tok/s;     30 s elapsed
Epoch 14,   300/  454; acc:  85.34; ppl:   1.81; 6937 src tok/s; 7167 tgt tok/s;     37 s elapsed
Epoch 14,   350/  454; acc:  85.99; ppl:   1.76; 6866 src tok/s; 7163 tgt tok/s;     42 s elapsed
Epoch 14,   400/  454; acc:  84.63; ppl:   1.88; 6951 src tok/s; 7191 tgt tok/s;     49 s elapsed
Epoch 14,   450/  454; acc:  84.86; ppl:   1.84; 6855 src tok/s; 7102 tgt tok/s;     55 s elapsed
Train perplexity: 1.8246
Train accuracy: 85.1885
Validation perplexity: 6.41797
Validation accuracy: 69.4409
Decaying learning rate to 0.0078125

Epoch 15,    50/  454; acc:  85.32; ppl:   1.82; 6517 src tok/s; 6805 tgt tok/s;      6 s elapsed
Epoch 15,   100/  454; acc:  85.26; ppl:   1.80; 7109 src tok/s; 7311 tgt tok/s;     12 s elapsed
Epoch 15,   150/  454; acc:  84.72; ppl:   1.85; 6936 src tok/s; 7180 tgt tok/s;     19 s elapsed
Epoch 15,   200/  454; acc:  85.42; ppl:   1.81; 6878 src tok/s; 7158 tgt tok/s;     25 s elapsed
Epoch 15,   250/  454; acc:  84.21; ppl:   1.94; 6852 src tok/s; 7056 tgt tok/s;     31 s elapsed
Epoch 15,   300/  454; acc:  86.51; ppl:   1.71; 6817 src tok/s; 7088 tgt tok/s;     37 s elapsed
Epoch 15,   350/  454; acc:  84.63; ppl:   1.85; 6898 src tok/s; 7116 tgt tok/s;     43 s elapsed
Epoch 15,   400/  454; acc:  86.73; ppl:   1.71; 6647 src tok/s; 6987 tgt tok/s;     49 s elapsed
Epoch 15,   450/  454; acc:  85.21; ppl:   1.81; 6892 src tok/s; 7160 tgt tok/s;     55 s elapsed
Train perplexity: 1.81078
Train accuracy: 85.3004
Validation perplexity: 6.43084
Validation accuracy: 69.3416
Decaying learning rate to 0.00390625

Epoch 16,    50/  454; acc:  85.46; ppl:   1.79; 6698 src tok/s; 6990 tgt tok/s;      6 s elapsed
Epoch 16,   100/  454; acc:  84.99; ppl:   1.84; 6817 src tok/s; 7052 tgt tok/s;     12 s elapsed
Epoch 16,   150/  454; acc:  85.14; ppl:   1.83; 7054 src tok/s; 7264 tgt tok/s;     19 s elapsed
Epoch 16,   200/  454; acc:  86.03; ppl:   1.77; 6852 src tok/s; 7107 tgt tok/s;     25 s elapsed
Epoch 16,   250/  454; acc:  85.92; ppl:   1.77; 6807 src tok/s; 7096 tgt tok/s;     31 s elapsed
Epoch 16,   300/  454; acc:  85.16; ppl:   1.84; 6957 src tok/s; 7227 tgt tok/s;     37 s elapsed
Epoch 16,   350/  454; acc:  85.08; ppl:   1.85; 6846 src tok/s; 7100 tgt tok/s;     43 s elapsed
Epoch 16,   400/  454; acc:  85.87; ppl:   1.77; 6913 src tok/s; 7169 tgt tok/s;     49 s elapsed
Epoch 16,   450/  454; acc:  85.59; ppl:   1.79; 6739 src tok/s; 7019 tgt tok/s;     55 s elapsed
Train perplexity: 1.80879
Train accuracy: 85.4374
Validation perplexity: 6.43451
Validation accuracy: 69.3203
Decaying learning rate to 0.00195312

Epoch 17,    50/  454; acc:  84.98; ppl:   1.85; 6705 src tok/s; 6922 tgt tok/s;      6 s elapsed
Epoch 17,   100/  454; acc:  85.97; ppl:   1.75; 6795 src tok/s; 7077 tgt tok/s;     12 s elapsed
Epoch 17,   150/  454; acc:  84.78; ppl:   1.86; 6926 src tok/s; 7166 tgt tok/s;     19 s elapsed
Epoch 17,   200/  454; acc:  86.18; ppl:   1.74; 6734 src tok/s; 7023 tgt tok/s;     25 s elapsed
Epoch 17,   250/  454; acc:  85.79; ppl:   1.80; 6880 src tok/s; 7141 tgt tok/s;     31 s elapsed
Epoch 17,   300/  454; acc:  85.65; ppl:   1.79; 7101 src tok/s; 7339 tgt tok/s;     37 s elapsed
Epoch 17,   350/  454; acc:  85.35; ppl:   1.81; 6962 src tok/s; 7211 tgt tok/s;     43 s elapsed
Epoch 17,   400/  454; acc:  85.56; ppl:   1.80; 6779 src tok/s; 7057 tgt tok/s;     49 s elapsed
Epoch 17,   450/  454; acc:  85.14; ppl:   1.84; 6697 src tok/s; 6975 tgt tok/s;     55 s elapsed
Train perplexity: 1.80482
Train accuracy: 85.4703
Validation perplexity: 6.43861
Validation accuracy: 69.3274
Decaying learning rate to 0.000976562
