<module 'opts' from '/u/suhubdyd/research/projects/jumble_lstm/code/auxiliary-nmt/opts.pyc'>
Namespace(batch_size=64, brnn=False, brnn_merge='concat', cnn_kernel_width=3, context_gate=None, copy_attn=False, copy_attn_force=False, coverage_attn=False, data='/data/lisatmp3/suhubdyd/multi30k.atok.low', dec_layers=1, decay_method='', decoder_type='rnn', dropout=0.3, enc_layers=2, encoder_type='rnn', epochs=17, exp='', exp_host='', feat_merge='concat', feat_vec_exponent=0.7, feat_vec_size=-1, fix_word_vecs_dec=False, fix_word_vecs_enc=False, global_attention='general', gpuid=[0], input_feed=1, kappa_dec=0.0, kappa_enc=0.2, lambda_coverage=1, layers=-1, learning_rate=1.0, learning_rate_decay=0.5, max_generator_batches=32, max_grad_norm=5, model_type='text', optim='sgd', param_init=0.1, position_encoding=False, pre_word_vecs_dec=None, pre_word_vecs_enc=None, report_every=50, rnn_size=500, rnn_type='LSTM', save_model='/data/lisatmp3/suhubdyd/models/encoder0.20decoder0dropout0.3wdropFalse', seed=-1, share_decoder_embeddings=False, share_embeddings=False, src_word_vec_size=500, start_checkpoint_at=0, start_decay_at=8, start_epoch=1, tgt_word_vec_size=500, train_from='', truncated_decoder=0, warmup_steps=4000, weightdropout=False, word_vec_size=-1)
('Using Kappa L2 loss on encoder', 0.2)
Loading train and validate data from '/data/lisatmp3/suhubdyd/multi30k.atok.low'
 * number of training sentences: 29000
 * maximum batch size: 64
 * vocabulary size. source = 10841; target = 18563
Building model...
Intializing model parameters.
NMTModel (
  (encoder): RNNEncoder (
    (embeddings): Embeddings (
      (make_embedding): Sequential (
        (emb_luts): Elementwise (
          (0): Embedding(10841, 500, padding_idx=1)
        )
      )
    )
    (dropout): Dropout (p = 0.3)
    (rnn): LSTM(500, 500, dropout=0.3)
  )
  (decoder): InputFeedRNNDecoder (
    (embeddings): Embeddings (
      (make_embedding): Sequential (
        (emb_luts): Elementwise (
          (0): Embedding(18563, 500, padding_idx=1)
        )
      )
    )
    (dropout): Dropout (p = 0.3)
    (rnn): StackedLSTM (
      (dropout): Dropout (p = 0.3)
      (layers): ModuleList (
        (0): LSTMCell(1000, 500)
      )
    )
    (attn): GlobalAttention (
      (linear_in): Linear (500 -> 500)
      (linear_out): Linear (1000 -> 500)
      (sm): Softmax ()
      (tanh): Tanh ()
    )
  )
  (generator): Sequential (
    (0): Linear (500 -> 18563)
    (1): LogSoftmax ()
  )
)
* number of parameters: 29760063
('encoder: ', 7424500)
('decoder: ', 22335563)

Epoch  1,    50/  454; acc:  10.26; ppl: 15557.98; 3293 src tok/s; 3417 tgt tok/s;     13 s elapsed
Epoch  1,   100/  454; acc:  15.08; ppl: 1442.08; 3417 src tok/s; 3541 tgt tok/s;     25 s elapsed
Epoch  1,   150/  454; acc:  18.01; ppl: 471.03; 3412 src tok/s; 3555 tgt tok/s;     37 s elapsed
Epoch  1,   200/  454; acc:  21.76; ppl: 257.45; 3497 src tok/s; 3633 tgt tok/s;     49 s elapsed
Epoch  1,   250/  454; acc:  24.55; ppl: 168.06; 3490 src tok/s; 3618 tgt tok/s;     61 s elapsed
Epoch  1,   300/  454; acc:  27.80; ppl: 120.62; 3431 src tok/s; 3554 tgt tok/s;     74 s elapsed
Epoch  1,   350/  454; acc:  30.16; ppl:  92.00; 3489 src tok/s; 3637 tgt tok/s;     85 s elapsed
Epoch  1,   400/  454; acc:  30.82; ppl:  83.41; 3508 src tok/s; 3596 tgt tok/s;     98 s elapsed
Epoch  1,   450/  454; acc:  33.23; ppl:  66.43; 3352 src tok/s; 3505 tgt tok/s;    110 s elapsed
Train perplexity: 307.242
Train accuracy: 23.6285
Validation perplexity: 64.7894
Validation accuracy: 32.262

Epoch  2,    50/  454; acc:  36.74; ppl:  50.77; 3397 src tok/s; 3559 tgt tok/s;     12 s elapsed
Epoch  2,   100/  454; acc:  38.04; ppl:  46.25; 3469 src tok/s; 3576 tgt tok/s;     24 s elapsed
Epoch  2,   150/  454; acc:  40.02; ppl:  40.75; 3426 src tok/s; 3530 tgt tok/s;     37 s elapsed
Epoch  2,   200/  454; acc:  44.59; ppl:  29.35; 3380 src tok/s; 3538 tgt tok/s;     49 s elapsed
Epoch  2,   250/  454; acc:  46.05; ppl:  27.14; 3417 src tok/s; 3547 tgt tok/s;     61 s elapsed
Epoch  2,   300/  454; acc:  47.04; ppl:  25.55; 3448 src tok/s; 3574 tgt tok/s;     74 s elapsed
Epoch  2,   350/  454; acc:  49.32; ppl:  21.72; 3492 src tok/s; 3628 tgt tok/s;     86 s elapsed
Epoch  2,   400/  454; acc:  51.14; ppl:  18.87; 3459 src tok/s; 3581 tgt tok/s;     98 s elapsed
Epoch  2,   450/  454; acc:  51.05; ppl:  18.86; 3381 src tok/s; 3506 tgt tok/s;    110 s elapsed
Train perplexity: 29.0018
Train accuracy: 44.9449
Validation perplexity: 15.5273
Validation accuracy: 54.101

Epoch  3,    50/  454; acc:  54.24; ppl:  14.49; 3275 src tok/s; 3425 tgt tok/s;     13 s elapsed
Epoch  3,   100/  454; acc:  54.87; ppl:  14.03; 3423 src tok/s; 3536 tgt tok/s;     25 s elapsed
Epoch  3,   150/  454; acc:  55.03; ppl:  13.92; 3468 src tok/s; 3582 tgt tok/s;     37 s elapsed
Epoch  3,   200/  454; acc:  56.83; ppl:  12.77; 3372 src tok/s; 3509 tgt tok/s;     50 s elapsed
Epoch  3,   250/  454; acc:  56.34; ppl:  12.90; 3465 src tok/s; 3591 tgt tok/s;     62 s elapsed
Epoch  3,   300/  454; acc:  58.17; ppl:  11.48; 3385 src tok/s; 3530 tgt tok/s;     74 s elapsed
Epoch  3,   350/  454; acc:  59.12; ppl:  10.63; 3393 src tok/s; 3523 tgt tok/s;     86 s elapsed
Epoch  3,   400/  454; acc:  57.97; ppl:  11.39; 3461 src tok/s; 3571 tgt tok/s;     99 s elapsed
Epoch  3,   450/  454; acc:  58.53; ppl:  11.03; 3404 src tok/s; 3552 tgt tok/s;    110 s elapsed
Train perplexity: 12.4892
Train accuracy: 56.7297
Validation perplexity: 10.2998
Validation accuracy: 60.21

Epoch  4,    50/  454; acc:  60.31; ppl:   9.02; 3416 src tok/s; 3529 tgt tok/s;     13 s elapsed
Epoch  4,   100/  454; acc:  62.21; ppl:   8.25; 3480 src tok/s; 3610 tgt tok/s;     24 s elapsed
Epoch  4,   150/  454; acc:  61.34; ppl:   8.58; 3402 src tok/s; 3538 tgt tok/s;     37 s elapsed
Epoch  4,   200/  454; acc:  61.39; ppl:   8.66; 3427 src tok/s; 3573 tgt tok/s;     49 s elapsed
Epoch  4,   250/  454; acc:  62.20; ppl:   8.09; 3407 src tok/s; 3540 tgt tok/s;     61 s elapsed
Epoch  4,   300/  454; acc:  61.92; ppl:   8.38; 3423 src tok/s; 3559 tgt tok/s;     74 s elapsed
Epoch  4,   350/  454; acc:  62.70; ppl:   8.05; 3454 src tok/s; 3557 tgt tok/s;     86 s elapsed
Epoch  4,   400/  454; acc:  63.79; ppl:   7.46; 3445 src tok/s; 3585 tgt tok/s;     98 s elapsed
Epoch  4,   450/  454; acc:  63.03; ppl:   7.66; 3380 src tok/s; 3510 tgt tok/s;    110 s elapsed
Train perplexity: 8.25135
Train accuracy: 62.0565
Validation perplexity: 8.00069
Validation accuracy: 64.0485

Epoch  5,    50/  454; acc:  65.91; ppl:   6.08; 3420 src tok/s; 3534 tgt tok/s;     12 s elapsed
Epoch  5,   100/  454; acc:  65.63; ppl:   6.18; 3485 src tok/s; 3615 tgt tok/s;     24 s elapsed
Epoch  5,   150/  454; acc:  64.54; ppl:   6.49; 3373 src tok/s; 3502 tgt tok/s;     37 s elapsed
Epoch  5,   200/  454; acc:  65.09; ppl:   6.42; 3449 src tok/s; 3590 tgt tok/s;     49 s elapsed
Epoch  5,   250/  454; acc:  66.67; ppl:   5.79; 3419 src tok/s; 3575 tgt tok/s;     60 s elapsed
Epoch  5,   300/  454; acc:  64.48; ppl:   6.58; 3505 src tok/s; 3620 tgt tok/s;     73 s elapsed
Epoch  5,   350/  454; acc:  66.35; ppl:   5.97; 3372 src tok/s; 3539 tgt tok/s;     85 s elapsed
Epoch  5,   400/  454; acc:  64.55; ppl:   6.68; 3476 src tok/s; 3586 tgt tok/s;     98 s elapsed
Epoch  5,   450/  454; acc:  65.80; ppl:   6.08; 3425 src tok/s; 3533 tgt tok/s;    110 s elapsed
Train perplexity: 6.25308
Train accuracy: 65.4314
Validation perplexity: 7.2683
Validation accuracy: 65.049

Epoch  6,    50/  454; acc:  68.28; ppl:   4.99; 3398 src tok/s; 3517 tgt tok/s;     13 s elapsed
Epoch  6,   100/  454; acc:  68.67; ppl:   4.84; 3418 src tok/s; 3551 tgt tok/s;     25 s elapsed
Epoch  6,   150/  454; acc:  67.17; ppl:   5.33; 3463 src tok/s; 3609 tgt tok/s;     37 s elapsed
Epoch  6,   200/  454; acc:  68.53; ppl:   4.88; 3440 src tok/s; 3579 tgt tok/s;     49 s elapsed
Epoch  6,   250/  454; acc:  67.83; ppl:   5.09; 3384 src tok/s; 3515 tgt tok/s;     61 s elapsed
Epoch  6,   300/  454; acc:  68.04; ppl:   5.05; 3442 src tok/s; 3550 tgt tok/s;     73 s elapsed
Epoch  6,   350/  454; acc:  67.92; ppl:   5.05; 3391 src tok/s; 3522 tgt tok/s;     86 s elapsed
Epoch  6,   400/  454; acc:  67.03; ppl:   5.34; 3433 src tok/s; 3566 tgt tok/s;     98 s elapsed
Epoch  6,   450/  454; acc:  67.59; ppl:   5.10; 3390 src tok/s; 3506 tgt tok/s;    110 s elapsed
Train perplexity: 5.06665
Train accuracy: 67.9119
Validation perplexity: 6.84535
Validation accuracy: 66.2977

Epoch  7,    50/  454; acc:  71.17; ppl:   4.06; 3435 src tok/s; 3576 tgt tok/s;     12 s elapsed
Epoch  7,   100/  454; acc:  69.65; ppl:   4.35; 3443 src tok/s; 3576 tgt tok/s;     24 s elapsed
Epoch  7,   150/  454; acc:  71.62; ppl:   3.93; 3321 src tok/s; 3486 tgt tok/s;     36 s elapsed
Epoch  7,   200/  454; acc:  69.16; ppl:   4.46; 3442 src tok/s; 3534 tgt tok/s;     49 s elapsed
Epoch  7,   250/  454; acc:  68.96; ppl:   4.56; 3554 src tok/s; 3660 tgt tok/s;     62 s elapsed
Epoch  7,   300/  454; acc:  71.13; ppl:   3.98; 3363 src tok/s; 3507 tgt tok/s;     73 s elapsed
Epoch  7,   350/  454; acc:  70.03; ppl:   4.26; 3474 src tok/s; 3591 tgt tok/s;     86 s elapsed
Epoch  7,   400/  454; acc:  69.04; ppl:   4.50; 3430 src tok/s; 3574 tgt tok/s;     98 s elapsed
Epoch  7,   450/  454; acc:  69.42; ppl:   4.47; 3322 src tok/s; 3451 tgt tok/s;    110 s elapsed
Train perplexity: 4.28394
Train accuracy: 69.9905
Validation perplexity: 6.54469
Validation accuracy: 67.1917

Epoch  8,    50/  454; acc:  72.96; ppl:   3.54; 3383 src tok/s; 3513 tgt tok/s;     12 s elapsed
Epoch  8,   100/  454; acc:  72.82; ppl:   3.49; 3463 src tok/s; 3594 tgt tok/s;     25 s elapsed
Epoch  8,   150/  454; acc:  71.99; ppl:   3.67; 3419 src tok/s; 3546 tgt tok/s;     37 s elapsed
Epoch  8,   200/  454; acc:  72.06; ppl:   3.66; 3386 src tok/s; 3531 tgt tok/s;     49 s elapsed
Epoch  8,   250/  454; acc:  71.38; ppl:   3.84; 3410 src tok/s; 3515 tgt tok/s;     62 s elapsed
Epoch  8,   300/  454; acc:  72.46; ppl:   3.55; 3465 src tok/s; 3624 tgt tok/s;     73 s elapsed
Epoch  8,   350/  454; acc:  70.79; ppl:   3.99; 3451 src tok/s; 3574 tgt tok/s;     86 s elapsed
Epoch  8,   400/  454; acc:  71.26; ppl:   3.81; 3418 src tok/s; 3540 tgt tok/s;     98 s elapsed
Epoch  8,   450/  454; acc:  70.79; ppl:   3.95; 3359 src tok/s; 3484 tgt tok/s;    110 s elapsed
Train perplexity: 3.71619
Train accuracy: 71.8484
Validation perplexity: 6.45858
Validation accuracy: 67.6245
Decaying learning rate to 0.5

Epoch  9,    50/  454; acc:  75.81; ppl:   2.91; 3335 src tok/s; 3471 tgt tok/s;     13 s elapsed
Epoch  9,   100/  454; acc:  77.24; ppl:   2.72; 3425 src tok/s; 3560 tgt tok/s;     25 s elapsed
Epoch  9,   150/  454; acc:  77.22; ppl:   2.71; 3456 src tok/s; 3589 tgt tok/s;     37 s elapsed
Epoch  9,   200/  454; acc:  76.61; ppl:   2.81; 3397 src tok/s; 3523 tgt tok/s;     49 s elapsed
Epoch  9,   250/  454; acc:  76.93; ppl:   2.77; 3423 src tok/s; 3562 tgt tok/s;     61 s elapsed
Epoch  9,   300/  454; acc:  76.36; ppl:   2.81; 3427 src tok/s; 3547 tgt tok/s;     74 s elapsed
Epoch  9,   350/  454; acc:  76.97; ppl:   2.78; 3430 src tok/s; 3550 tgt tok/s;     86 s elapsed
Epoch  9,   400/  454; acc:  76.08; ppl:   2.87; 3412 src tok/s; 3532 tgt tok/s;     98 s elapsed
Epoch  9,   450/  454; acc:  76.38; ppl:   2.84; 3354 src tok/s; 3483 tgt tok/s;    111 s elapsed
Train perplexity: 2.80063
Train accuracy: 76.6389
Validation perplexity: 6.08697
Validation accuracy: 69.079
Decaying learning rate to 0.25

Epoch 10,    50/  454; acc:  81.09; ppl:   2.23; 3321 src tok/s; 3462 tgt tok/s;     12 s elapsed
Epoch 10,   100/  454; acc:  79.77; ppl:   2.39; 3435 src tok/s; 3542 tgt tok/s;     25 s elapsed
Epoch 10,   150/  454; acc:  80.62; ppl:   2.27; 3437 src tok/s; 3562 tgt tok/s;     37 s elapsed
Epoch 10,   200/  454; acc:  80.16; ppl:   2.35; 3448 src tok/s; 3573 tgt tok/s;     49 s elapsed
Epoch 10,   250/  454; acc:  79.88; ppl:   2.38; 3497 src tok/s; 3625 tgt tok/s;     62 s elapsed
Epoch 10,   300/  454; acc:  80.46; ppl:   2.26; 3418 src tok/s; 3560 tgt tok/s;     73 s elapsed
Epoch 10,   350/  454; acc:  79.80; ppl:   2.34; 3525 src tok/s; 3660 tgt tok/s;     85 s elapsed
Epoch 10,   400/  454; acc:  79.94; ppl:   2.36; 3434 src tok/s; 3562 tgt tok/s;     98 s elapsed
Epoch 10,   450/  454; acc:  79.68; ppl:   2.34; 3357 src tok/s; 3492 tgt tok/s;    110 s elapsed
Train perplexity: 2.32545
Train accuracy: 80.1401
Validation perplexity: 6.1473
Validation accuracy: 69.1926
Decaying learning rate to 0.125

Epoch 11,    50/  454; acc:  82.01; ppl:   2.12; 3441 src tok/s; 3546 tgt tok/s;     12 s elapsed
Epoch 11,   100/  454; acc:  82.71; ppl:   2.04; 3432 src tok/s; 3568 tgt tok/s;     24 s elapsed
Epoch 11,   150/  454; acc:  82.48; ppl:   2.04; 3419 src tok/s; 3557 tgt tok/s;     36 s elapsed
Epoch 11,   200/  454; acc:  81.40; ppl:   2.19; 3442 src tok/s; 3577 tgt tok/s;     49 s elapsed
Epoch 11,   250/  454; acc:  80.91; ppl:   2.26; 3467 src tok/s; 3583 tgt tok/s;     61 s elapsed
Epoch 11,   300/  454; acc:  83.50; ppl:   1.96; 3427 src tok/s; 3569 tgt tok/s;     73 s elapsed
Epoch 11,   350/  454; acc:  82.17; ppl:   2.08; 3496 src tok/s; 3611 tgt tok/s;     85 s elapsed
Epoch 11,   400/  454; acc:  81.82; ppl:   2.17; 3378 src tok/s; 3527 tgt tok/s;     98 s elapsed
Epoch 11,   450/  454; acc:  81.71; ppl:   2.15; 3324 src tok/s; 3450 tgt tok/s;    110 s elapsed
Train perplexity: 2.11084
Train accuracy: 82.0681
Validation perplexity: 6.21931
Validation accuracy: 69.2777
Decaying learning rate to 0.0625

Epoch 12,    50/  454; acc:  83.33; ppl:   1.99; 3328 src tok/s; 3475 tgt tok/s;     12 s elapsed
Epoch 12,   100/  454; acc:  83.44; ppl:   1.97; 3474 src tok/s; 3608 tgt tok/s;     25 s elapsed
Epoch 12,   150/  454; acc:  82.89; ppl:   2.06; 3479 src tok/s; 3598 tgt tok/s;     37 s elapsed
Epoch 12,   200/  454; acc:  83.96; ppl:   1.93; 3457 src tok/s; 3598 tgt tok/s;     49 s elapsed
Epoch 12,   250/  454; acc:  82.64; ppl:   2.03; 3448 src tok/s; 3567 tgt tok/s;     61 s elapsed
Epoch 12,   300/  454; acc:  83.39; ppl:   2.00; 3448 src tok/s; 3583 tgt tok/s;     73 s elapsed
Epoch 12,   350/  454; acc:  82.99; ppl:   2.02; 3420 src tok/s; 3533 tgt tok/s;     86 s elapsed
Epoch 12,   400/  454; acc:  83.09; ppl:   2.01; 3425 src tok/s; 3574 tgt tok/s;     98 s elapsed
Epoch 12,   450/  454; acc:  82.46; ppl:   2.07; 3396 src tok/s; 3502 tgt tok/s;    110 s elapsed
Train perplexity: 2.00583
Train accuracy: 83.143
Validation perplexity: 6.32168
Validation accuracy: 69.3061
Decaying learning rate to 0.03125

Epoch 13,    50/  454; acc:  83.91; ppl:   1.95; 3341 src tok/s; 3473 tgt tok/s;     12 s elapsed
Epoch 13,   100/  454; acc:  83.32; ppl:   1.97; 3439 src tok/s; 3549 tgt tok/s;     25 s elapsed
Epoch 13,   150/  454; acc:  84.01; ppl:   1.95; 3437 src tok/s; 3565 tgt tok/s;     37 s elapsed
Epoch 13,   200/  454; acc:  83.98; ppl:   1.93; 3460 src tok/s; 3589 tgt tok/s;     49 s elapsed
Epoch 13,   250/  454; acc:  83.88; ppl:   1.94; 3410 src tok/s; 3551 tgt tok/s;     61 s elapsed
Epoch 13,   300/  454; acc:  82.69; ppl:   2.04; 3496 src tok/s; 3629 tgt tok/s;     73 s elapsed
Epoch 13,   350/  454; acc:  82.87; ppl:   2.04; 3492 src tok/s; 3596 tgt tok/s;     86 s elapsed
Epoch 13,   400/  454; acc:  84.43; ppl:   1.88; 3386 src tok/s; 3534 tgt tok/s;     98 s elapsed
Epoch 13,   450/  454; acc:  83.97; ppl:   1.95; 3384 src tok/s; 3526 tgt tok/s;    110 s elapsed
Train perplexity: 1.96187
Train accuracy: 83.6647
Validation perplexity: 6.36098
Validation accuracy: 69.4835
Decaying learning rate to 0.015625

Epoch 14,    50/  454; acc:  82.83; ppl:   2.07; 3428 src tok/s; 3538 tgt tok/s;     13 s elapsed
Epoch 14,   100/  454; acc:  85.04; ppl:   1.82; 3398 src tok/s; 3531 tgt tok/s;     25 s elapsed
Epoch 14,   150/  454; acc:  84.11; ppl:   1.91; 3348 src tok/s; 3509 tgt tok/s;     37 s elapsed
Epoch 14,   200/  454; acc:  83.89; ppl:   1.94; 3422 src tok/s; 3564 tgt tok/s;     49 s elapsed
Epoch 14,   250/  454; acc:  83.95; ppl:   1.95; 3365 src tok/s; 3493 tgt tok/s;     62 s elapsed
Epoch 14,   300/  454; acc:  83.72; ppl:   1.96; 3437 src tok/s; 3559 tgt tok/s;     74 s elapsed
Epoch 14,   350/  454; acc:  83.27; ppl:   2.02; 3442 src tok/s; 3562 tgt tok/s;     87 s elapsed
Epoch 14,   400/  454; acc:  84.72; ppl:   1.87; 3518 src tok/s; 3643 tgt tok/s;     98 s elapsed
Epoch 14,   450/  454; acc:  84.17; ppl:   1.91; 3439 src tok/s; 3560 tgt tok/s;    110 s elapsed
Train perplexity: 1.93868
Train accuracy: 83.9544
Validation perplexity: 6.39114
Validation accuracy: 69.4622
Decaying learning rate to 0.0078125

Epoch 15,    50/  454; acc:  83.18; ppl:   1.99; 3412 src tok/s; 3521 tgt tok/s;     13 s elapsed
Epoch 15,   100/  454; acc:  84.98; ppl:   1.84; 3417 src tok/s; 3573 tgt tok/s;     24 s elapsed
Epoch 15,   150/  454; acc:  84.07; ppl:   1.92; 3396 src tok/s; 3534 tgt tok/s;     37 s elapsed
Epoch 15,   200/  454; acc:  84.31; ppl:   1.89; 3391 src tok/s; 3528 tgt tok/s;     49 s elapsed
Epoch 15,   250/  454; acc:  83.76; ppl:   1.97; 3433 src tok/s; 3549 tgt tok/s;     62 s elapsed
Epoch 15,   300/  454; acc:  84.38; ppl:   1.90; 3456 src tok/s; 3590 tgt tok/s;     74 s elapsed
Epoch 15,   350/  454; acc:  84.22; ppl:   1.91; 3472 src tok/s; 3580 tgt tok/s;     86 s elapsed
Epoch 15,   400/  454; acc:  83.51; ppl:   1.97; 3385 src tok/s; 3517 tgt tok/s;     98 s elapsed
Epoch 15,   450/  454; acc:  84.43; ppl:   1.90; 3396 src tok/s; 3532 tgt tok/s;    110 s elapsed
Train perplexity: 1.92237
Train accuracy: 84.0664
Validation perplexity: 6.40612
Validation accuracy: 69.4977
Decaying learning rate to 0.00390625

Epoch 16,    50/  454; acc:  84.56; ppl:   1.88; 3402 src tok/s; 3534 tgt tok/s;     12 s elapsed
Epoch 16,   100/  454; acc:  82.98; ppl:   2.03; 3409 src tok/s; 3529 tgt tok/s;     25 s elapsed
Epoch 16,   150/  454; acc:  84.27; ppl:   1.92; 3474 src tok/s; 3585 tgt tok/s;     37 s elapsed
Epoch 16,   200/  454; acc:  84.73; ppl:   1.88; 3350 src tok/s; 3488 tgt tok/s;     49 s elapsed
Epoch 16,   250/  454; acc:  83.31; ppl:   2.00; 3493 src tok/s; 3605 tgt tok/s;     62 s elapsed
Epoch 16,   300/  454; acc:  84.96; ppl:   1.82; 3478 src tok/s; 3622 tgt tok/s;     73 s elapsed
Epoch 16,   350/  454; acc:  85.65; ppl:   1.77; 3354 src tok/s; 3514 tgt tok/s;     85 s elapsed
Epoch 16,   400/  454; acc:  82.92; ppl:   2.03; 3411 src tok/s; 3529 tgt tok/s;     98 s elapsed
Epoch 16,   450/  454; acc:  83.99; ppl:   1.93; 3383 src tok/s; 3513 tgt tok/s;    110 s elapsed
Train perplexity: 1.91666
Train accuracy: 84.1386
Validation perplexity: 6.41503
Validation accuracy: 69.448
Decaying learning rate to 0.00195312

Epoch 17,    50/  454; acc:  84.18; ppl:   1.88; 3428 src tok/s; 3561 tgt tok/s;     12 s elapsed
Epoch 17,   100/  454; acc:  84.11; ppl:   1.93; 3404 src tok/s; 3524 tgt tok/s;     25 s elapsed
Epoch 17,   150/  454; acc:  84.52; ppl:   1.88; 3386 src tok/s; 3514 tgt tok/s;     37 s elapsed
Epoch 17,   200/  454; acc:  84.11; ppl:   1.93; 3472 src tok/s; 3614 tgt tok/s;     49 s elapsed
Epoch 17,   250/  454; acc:  83.96; ppl:   1.93; 3352 src tok/s; 3499 tgt tok/s;     61 s elapsed
Epoch 17,   300/  454; acc:  84.02; ppl:   1.93; 3412 src tok/s; 3544 tgt tok/s;     74 s elapsed
Epoch 17,   350/  454; acc:  83.64; ppl:   1.98; 3463 src tok/s; 3577 tgt tok/s;     86 s elapsed
Epoch 17,   400/  454; acc:  84.80; ppl:   1.85; 3430 src tok/s; 3568 tgt tok/s;     98 s elapsed
Epoch 17,   450/  454; acc:  83.85; ppl:   1.93; 3385 src tok/s; 3498 tgt tok/s;    110 s elapsed
Train perplexity: 1.9174
Train accuracy: 84.1213
Validation perplexity: 6.41749
Validation accuracy: 69.4125
Decaying learning rate to 0.000976562
