<module 'opts' from '/u/suhubdyd/research/projects/jumble_lstm/code/auxiliary-nmt/opts.pyc'>
Namespace(batch_size=64, brnn=False, brnn_merge='concat', cnn_kernel_width=3, context_gate=None, copy_attn=False, copy_attn_force=False, coverage_attn=False, data='/data/lisatmp3/suhubdyd/multi30k.atok.low', dec_layers=1, decay_method='', decoder_type='rnn', dropout=0.4, enc_layers=2, encoder_type='rnn', epochs=17, exp='', exp_host='', feat_merge='concat', feat_vec_exponent=0.7, feat_vec_size=-1, fix_word_vecs_dec=False, fix_word_vecs_enc=False, global_attention='general', gpuid=[0], input_feed=1, kappa_dec=0.0, kappa_enc=0.2, lambda_coverage=1, layers=-1, learning_rate=1.0, learning_rate_decay=0.5, max_generator_batches=32, max_grad_norm=5, model_type='text', optim='sgd', param_init=0.1, position_encoding=False, pre_word_vecs_dec=None, pre_word_vecs_enc=None, report_every=50, rnn_size=500, rnn_type='LSTM', save_model='/data/lisatmp3/suhubdyd/models/encoder0.2_decoder0_dropout0.4', seed=-1, share_decoder_embeddings=False, share_embeddings=False, src_word_vec_size=500, start_checkpoint_at=0, start_decay_at=8, start_epoch=1, tgt_word_vec_size=500, train_from='', truncated_decoder=0, warmup_steps=4000, word_vec_size=-1)
('Using Kappa L2 loss on encoder', 0.2)
Loading train and validate data from '/data/lisatmp3/suhubdyd/multi30k.atok.low'
 * number of training sentences: 29000
 * maximum batch size: 64
 * vocabulary size. source = 10841; target = 18563
Building model...
Intializing model parameters.
NMTModel (
  (encoder): RNNEncoder (
    (embeddings): Embeddings (
      (make_embedding): Sequential (
        (emb_luts): Elementwise (
          (0): Embedding(10841, 500, padding_idx=1)
        )
      )
    )
    (dropout): Dropout (p = 0.4)
    (rnn): LSTM(500, 500, dropout=0.4)
  )
  (decoder): InputFeedRNNDecoder (
    (embeddings): Embeddings (
      (make_embedding): Sequential (
        (emb_luts): Elementwise (
          (0): Embedding(18563, 500, padding_idx=1)
        )
      )
    )
    (dropout): Dropout (p = 0.4)
    (rnn): StackedLSTM (
      (dropout): Dropout (p = 0.4)
      (layers): ModuleList (
        (0): LSTMCell(1000, 500)
      )
    )
    (attn): GlobalAttention (
      (linear_in): Linear (500 -> 500)
      (linear_out): Linear (1000 -> 500)
      (sm): Softmax ()
      (tanh): Tanh ()
    )
  )
  (generator): Sequential (
    (0): Linear (500 -> 18563)
    (1): LogSoftmax ()
  )
)
* number of parameters: 29760063
('encoder: ', 7424500)
('decoder: ', 22335563)

Epoch  1,    50/  454; acc:   8.45; ppl: 23867.72; 4581 src tok/s; 4722 tgt tok/s;      9 s elapsed
Epoch  1,   100/  454; acc:  15.48; ppl: 1056.76; 5179 src tok/s; 5402 tgt tok/s;     17 s elapsed
Epoch  1,   150/  454; acc:  17.98; ppl: 607.29; 5181 src tok/s; 5388 tgt tok/s;     25 s elapsed
Epoch  1,   200/  454; acc:  20.66; ppl: 276.62; 5213 src tok/s; 5426 tgt tok/s;     33 s elapsed
Epoch  1,   250/  454; acc:  24.88; ppl: 170.11; 5183 src tok/s; 5354 tgt tok/s;     42 s elapsed
Epoch  1,   300/  454; acc:  27.54; ppl: 121.90; 5186 src tok/s; 5378 tgt tok/s;     50 s elapsed
Epoch  1,   350/  454; acc:  30.11; ppl:  87.73; 5146 src tok/s; 5355 tgt tok/s;     58 s elapsed
Epoch  1,   400/  454; acc:  32.39; ppl:  76.27; 5140 src tok/s; 5335 tgt tok/s;     66 s elapsed
Epoch  1,   450/  454; acc:  33.98; ppl:  64.68; 4962 src tok/s; 5154 tgt tok/s;     74 s elapsed
Train perplexity: 320.642
Train accuracy: 23.5399
Validation perplexity: 58.9689
Validation accuracy: 34.8872

Epoch  2,    50/  454; acc:  36.18; ppl:  54.24; 5201 src tok/s; 5376 tgt tok/s;      8 s elapsed
Epoch  2,   100/  454; acc:  39.27; ppl:  41.87; 5233 src tok/s; 5452 tgt tok/s;     16 s elapsed
Epoch  2,   150/  454; acc:  40.96; ppl:  37.72; 5160 src tok/s; 5346 tgt tok/s;     25 s elapsed
Epoch  2,   200/  454; acc:  44.86; ppl:  28.58; 5104 src tok/s; 5331 tgt tok/s;     32 s elapsed
Epoch  2,   250/  454; acc:  45.90; ppl:  27.16; 5151 src tok/s; 5328 tgt tok/s;     41 s elapsed
Epoch  2,   300/  454; acc:  48.05; ppl:  23.10; 5130 src tok/s; 5310 tgt tok/s;     49 s elapsed
Epoch  2,   350/  454; acc:  48.09; ppl:  22.53; 5088 src tok/s; 5259 tgt tok/s;     57 s elapsed
Epoch  2,   400/  454; acc:  51.38; ppl:  18.45; 5053 src tok/s; 5268 tgt tok/s;     65 s elapsed
Epoch  2,   450/  454; acc:  52.15; ppl:  17.49; 5039 src tok/s; 5239 tgt tok/s;     73 s elapsed
Train perplexity: 28.163
Train accuracy: 45.2107
Validation perplexity: 15.214
Validation accuracy: 54.2571

Epoch  3,    50/  454; acc:  53.95; ppl:  14.86; 5094 src tok/s; 5293 tgt tok/s;      8 s elapsed
Epoch  3,   100/  454; acc:  55.48; ppl:  13.49; 5189 src tok/s; 5394 tgt tok/s;     16 s elapsed
Epoch  3,   150/  454; acc:  55.19; ppl:  13.52; 5188 src tok/s; 5345 tgt tok/s;     25 s elapsed
Epoch  3,   200/  454; acc:  57.65; ppl:  11.70; 5146 src tok/s; 5395 tgt tok/s;     33 s elapsed
Epoch  3,   250/  454; acc:  56.59; ppl:  12.24; 5129 src tok/s; 5304 tgt tok/s;     41 s elapsed
Epoch  3,   300/  454; acc:  58.33; ppl:  11.00; 5198 src tok/s; 5419 tgt tok/s;     49 s elapsed
Epoch  3,   350/  454; acc:  57.95; ppl:  11.22; 5139 src tok/s; 5305 tgt tok/s;     57 s elapsed
Epoch  3,   400/  454; acc:  59.30; ppl:  10.36; 5170 src tok/s; 5369 tgt tok/s;     65 s elapsed
Epoch  3,   450/  454; acc:  59.09; ppl:  10.38; 5025 src tok/s; 5217 tgt tok/s;     73 s elapsed
Train perplexity: 11.994
Train accuracy: 57.0617
Validation perplexity: 10.437
Validation accuracy: 60.6712

Epoch  4,    50/  454; acc:  62.63; ppl:   7.79; 5107 src tok/s; 5335 tgt tok/s;      8 s elapsed
Epoch  4,   100/  454; acc:  61.56; ppl:   8.25; 5200 src tok/s; 5391 tgt tok/s;     16 s elapsed
Epoch  4,   150/  454; acc:  63.50; ppl:   7.28; 5043 src tok/s; 5299 tgt tok/s;     24 s elapsed
Epoch  4,   200/  454; acc:  60.54; ppl:   8.69; 5194 src tok/s; 5319 tgt tok/s;     33 s elapsed
Epoch  4,   250/  454; acc:  62.99; ppl:   7.65; 5122 src tok/s; 5332 tgt tok/s;     41 s elapsed
Epoch  4,   300/  454; acc:  62.70; ppl:   7.71; 5187 src tok/s; 5383 tgt tok/s;     49 s elapsed
Epoch  4,   350/  454; acc:  62.20; ppl:   7.99; 5134 src tok/s; 5320 tgt tok/s;     57 s elapsed
Epoch  4,   400/  454; acc:  63.21; ppl:   7.63; 5199 src tok/s; 5372 tgt tok/s;     65 s elapsed
Epoch  4,   450/  454; acc:  62.54; ppl:   7.64; 5095 src tok/s; 5301 tgt tok/s;     73 s elapsed
Train perplexity: 7.84744
Train accuracy: 62.41
Validation perplexity: 8.037
Validation accuracy: 64.2543

Epoch  5,    50/  454; acc:  66.63; ppl:   5.75; 5190 src tok/s; 5399 tgt tok/s;      8 s elapsed
Epoch  5,   100/  454; acc:  65.65; ppl:   5.98; 5265 src tok/s; 5432 tgt tok/s;     16 s elapsed
Epoch  5,   150/  454; acc:  65.40; ppl:   6.01; 5185 src tok/s; 5348 tgt tok/s;     24 s elapsed
Epoch  5,   200/  454; acc:  66.74; ppl:   5.61; 5141 src tok/s; 5367 tgt tok/s;     32 s elapsed
Epoch  5,   250/  454; acc:  65.68; ppl:   5.96; 5087 src tok/s; 5306 tgt tok/s;     40 s elapsed
Epoch  5,   300/  454; acc:  65.91; ppl:   5.93; 5110 src tok/s; 5303 tgt tok/s;     49 s elapsed
Epoch  5,   350/  454; acc:  65.39; ppl:   6.15; 5155 src tok/s; 5343 tgt tok/s;     57 s elapsed
Epoch  5,   400/  454; acc:  65.88; ppl:   5.91; 5176 src tok/s; 5363 tgt tok/s;     65 s elapsed
Epoch  5,   450/  454; acc:  66.42; ppl:   5.76; 5006 src tok/s; 5210 tgt tok/s;     73 s elapsed
Train perplexity: 5.89453
Train accuracy: 65.9651
Validation perplexity: 7.28219
Validation accuracy: 65.4676

Epoch  6,    50/  454; acc:  69.35; ppl:   4.44; 5146 src tok/s; 5351 tgt tok/s;      8 s elapsed
Epoch  6,   100/  454; acc:  67.74; ppl:   4.83; 5289 src tok/s; 5475 tgt tok/s;     16 s elapsed
Epoch  6,   150/  454; acc:  68.03; ppl:   4.91; 5137 src tok/s; 5296 tgt tok/s;     25 s elapsed
Epoch  6,   200/  454; acc:  68.99; ppl:   4.63; 5140 src tok/s; 5357 tgt tok/s;     33 s elapsed
Epoch  6,   250/  454; acc:  68.79; ppl:   4.74; 5147 src tok/s; 5357 tgt tok/s;     40 s elapsed
Epoch  6,   300/  454; acc:  68.11; ppl:   4.91; 5147 src tok/s; 5328 tgt tok/s;     49 s elapsed
Epoch  6,   350/  454; acc:  67.91; ppl:   4.90; 5141 src tok/s; 5329 tgt tok/s;     57 s elapsed
Epoch  6,   400/  454; acc:  68.64; ppl:   4.76; 5110 src tok/s; 5313 tgt tok/s;     65 s elapsed
Epoch  6,   450/  454; acc:  68.12; ppl:   4.83; 5044 src tok/s; 5248 tgt tok/s;     73 s elapsed
Train perplexity: 4.76318
Train accuracy: 68.4249
Validation perplexity: 6.94549
Validation accuracy: 66.1913

Epoch  7,    50/  454; acc:  71.30; ppl:   3.87; 5179 src tok/s; 5349 tgt tok/s;      8 s elapsed
Epoch  7,   100/  454; acc:  70.98; ppl:   3.88; 5301 src tok/s; 5485 tgt tok/s;     16 s elapsed
Epoch  7,   150/  454; acc:  71.02; ppl:   3.93; 5035 src tok/s; 5275 tgt tok/s;     24 s elapsed
Epoch  7,   200/  454; acc:  70.12; ppl:   4.06; 5149 src tok/s; 5338 tgt tok/s;     33 s elapsed
Epoch  7,   250/  454; acc:  70.90; ppl:   3.95; 5278 src tok/s; 5434 tgt tok/s;     41 s elapsed
Epoch  7,   300/  454; acc:  69.96; ppl:   4.19; 5196 src tok/s; 5381 tgt tok/s;     49 s elapsed
Epoch  7,   350/  454; acc:  69.67; ppl:   4.17; 5103 src tok/s; 5307 tgt tok/s;     57 s elapsed
Epoch  7,   400/  454; acc:  70.47; ppl:   4.02; 5030 src tok/s; 5240 tgt tok/s;     65 s elapsed
Epoch  7,   450/  454; acc:  69.79; ppl:   4.11; 5192 src tok/s; 5401 tgt tok/s;     73 s elapsed
Train perplexity: 4.01408
Train accuracy: 70.4867
Validation perplexity: 6.76855
Validation accuracy: 66.695

Epoch  8,    50/  454; acc:  73.59; ppl:   3.31; 5215 src tok/s; 5400 tgt tok/s;      8 s elapsed
Epoch  8,   100/  454; acc:  73.12; ppl:   3.36; 5182 src tok/s; 5406 tgt tok/s;     16 s elapsed
Epoch  8,   150/  454; acc:  72.03; ppl:   3.51; 5126 src tok/s; 5314 tgt tok/s;     25 s elapsed
Epoch  8,   200/  454; acc:  73.44; ppl:   3.30; 5098 src tok/s; 5304 tgt tok/s;     33 s elapsed
Epoch  8,   250/  454; acc:  71.55; ppl:   3.59; 5202 src tok/s; 5375 tgt tok/s;     41 s elapsed
Epoch  8,   300/  454; acc:  72.33; ppl:   3.45; 5131 src tok/s; 5322 tgt tok/s;     49 s elapsed
Epoch  8,   350/  454; acc:  71.45; ppl:   3.62; 5097 src tok/s; 5317 tgt tok/s;     57 s elapsed
Epoch  8,   400/  454; acc:  72.18; ppl:   3.51; 5106 src tok/s; 5289 tgt tok/s;     65 s elapsed
Epoch  8,   450/  454; acc:  71.81; ppl:   3.61; 5158 src tok/s; 5335 tgt tok/s;     73 s elapsed
Train perplexity: 3.47267
Train accuracy: 72.3596
Validation perplexity: 6.56573
Validation accuracy: 67.362
Decaying learning rate to 0.5

Epoch  9,    50/  454; acc:  76.96; ppl:   2.69; 5246 src tok/s; 5424 tgt tok/s;      8 s elapsed
Epoch  9,   100/  454; acc:  78.42; ppl:   2.51; 5164 src tok/s; 5372 tgt tok/s;     16 s elapsed
Epoch  9,   150/  454; acc:  77.52; ppl:   2.61; 5144 src tok/s; 5324 tgt tok/s;     24 s elapsed
Epoch  9,   200/  454; acc:  78.02; ppl:   2.57; 5035 src tok/s; 5280 tgt tok/s;     32 s elapsed
Epoch  9,   250/  454; acc:  76.74; ppl:   2.72; 5138 src tok/s; 5300 tgt tok/s;     41 s elapsed
Epoch  9,   300/  454; acc:  78.17; ppl:   2.50; 5130 src tok/s; 5329 tgt tok/s;     49 s elapsed
Epoch  9,   350/  454; acc:  76.85; ppl:   2.69; 5171 src tok/s; 5364 tgt tok/s;     57 s elapsed
Epoch  9,   400/  454; acc:  77.23; ppl:   2.62; 5120 src tok/s; 5328 tgt tok/s;     65 s elapsed
Epoch  9,   450/  454; acc:  77.58; ppl:   2.59; 5076 src tok/s; 5274 tgt tok/s;     73 s elapsed
Train perplexity: 2.61902
Train accuracy: 77.4425
Validation perplexity: 6.28757
Validation accuracy: 68.3482
Decaying learning rate to 0.25

Epoch 10,    50/  454; acc:  81.16; ppl:   2.18; 5202 src tok/s; 5398 tgt tok/s;      8 s elapsed
Epoch 10,   100/  454; acc:  81.42; ppl:   2.19; 5194 src tok/s; 5397 tgt tok/s;     16 s elapsed
Epoch 10,   150/  454; acc:  80.91; ppl:   2.21; 5097 src tok/s; 5299 tgt tok/s;     24 s elapsed
Epoch 10,   200/  454; acc:  81.41; ppl:   2.13; 5150 src tok/s; 5353 tgt tok/s;     33 s elapsed
Epoch 10,   250/  454; acc:  80.19; ppl:   2.30; 5188 src tok/s; 5376 tgt tok/s;     41 s elapsed
Epoch 10,   300/  454; acc:  82.08; ppl:   2.09; 5121 src tok/s; 5332 tgt tok/s;     49 s elapsed
Epoch 10,   350/  454; acc:  81.93; ppl:   2.12; 5108 src tok/s; 5322 tgt tok/s;     57 s elapsed
Epoch 10,   400/  454; acc:  80.53; ppl:   2.23; 5173 src tok/s; 5336 tgt tok/s;     65 s elapsed
Epoch 10,   450/  454; acc:  80.92; ppl:   2.19; 5097 src tok/s; 5271 tgt tok/s;     73 s elapsed
Train perplexity: 2.18134
Train accuracy: 81.1675
Validation perplexity: 6.25034
Validation accuracy: 69.1429
Decaying learning rate to 0.125

Epoch 11,    50/  454; acc:  83.18; ppl:   2.01; 5350 src tok/s; 5519 tgt tok/s;      8 s elapsed
Epoch 11,   100/  454; acc:  83.91; ppl:   1.92; 5080 src tok/s; 5337 tgt tok/s;     16 s elapsed
Epoch 11,   150/  454; acc:  83.80; ppl:   1.94; 5215 src tok/s; 5430 tgt tok/s;     24 s elapsed
Epoch 11,   200/  454; acc:  83.12; ppl:   2.03; 5113 src tok/s; 5311 tgt tok/s;     32 s elapsed
Epoch 11,   250/  454; acc:  83.38; ppl:   1.97; 5240 src tok/s; 5416 tgt tok/s;     40 s elapsed
Epoch 11,   300/  454; acc:  82.99; ppl:   1.98; 5044 src tok/s; 5248 tgt tok/s;     49 s elapsed
Epoch 11,   350/  454; acc:  82.55; ppl:   2.07; 5147 src tok/s; 5310 tgt tok/s;     57 s elapsed
Epoch 11,   400/  454; acc:  83.72; ppl:   1.93; 5161 src tok/s; 5355 tgt tok/s;     65 s elapsed
Epoch 11,   450/  454; acc:  82.78; ppl:   2.00; 4998 src tok/s; 5186 tgt tok/s;     73 s elapsed
Train perplexity: 1.98415
Train accuracy: 83.2424
Validation perplexity: 6.3691
Validation accuracy: 69.079
Decaying learning rate to 0.0625

Epoch 12,    50/  454; acc:  84.84; ppl:   1.83; 5157 src tok/s; 5357 tgt tok/s;      8 s elapsed
Epoch 12,   100/  454; acc:  83.57; ppl:   1.96; 5281 src tok/s; 5437 tgt tok/s;     16 s elapsed
Epoch 12,   150/  454; acc:  84.33; ppl:   1.89; 5152 src tok/s; 5354 tgt tok/s;     24 s elapsed
Epoch 12,   200/  454; acc:  84.56; ppl:   1.87; 5117 src tok/s; 5316 tgt tok/s;     32 s elapsed
Epoch 12,   250/  454; acc:  84.28; ppl:   1.90; 5114 src tok/s; 5324 tgt tok/s;     41 s elapsed
Epoch 12,   300/  454; acc:  84.43; ppl:   1.87; 5219 src tok/s; 5407 tgt tok/s;     49 s elapsed
Epoch 12,   350/  454; acc:  84.76; ppl:   1.85; 5262 src tok/s; 5453 tgt tok/s;     57 s elapsed
Epoch 12,   400/  454; acc:  83.81; ppl:   1.95; 5058 src tok/s; 5288 tgt tok/s;     65 s elapsed
Epoch 12,   450/  454; acc:  83.91; ppl:   1.92; 5046 src tok/s; 5229 tgt tok/s;     73 s elapsed
Train perplexity: 1.8905
Train accuracy: 84.2878
Validation perplexity: 6.38851
Validation accuracy: 69.3628
Decaying learning rate to 0.03125

Epoch 13,    50/  454; acc:  85.66; ppl:   1.79; 5186 src tok/s; 5380 tgt tok/s;      8 s elapsed
Epoch 13,   100/  454; acc:  84.47; ppl:   1.88; 5169 src tok/s; 5360 tgt tok/s;     16 s elapsed
Epoch 13,   150/  454; acc:  85.46; ppl:   1.79; 5159 src tok/s; 5372 tgt tok/s;     24 s elapsed
Epoch 13,   200/  454; acc:  84.13; ppl:   1.91; 5178 src tok/s; 5363 tgt tok/s;     32 s elapsed
Epoch 13,   250/  454; acc:  85.09; ppl:   1.84; 5183 src tok/s; 5395 tgt tok/s;     40 s elapsed
Epoch 13,   300/  454; acc:  84.42; ppl:   1.87; 5147 src tok/s; 5335 tgt tok/s;     49 s elapsed
Epoch 13,   350/  454; acc:  84.80; ppl:   1.85; 5118 src tok/s; 5298 tgt tok/s;     57 s elapsed
Epoch 13,   400/  454; acc:  84.73; ppl:   1.85; 5044 src tok/s; 5250 tgt tok/s;     65 s elapsed
Epoch 13,   450/  454; acc:  84.93; ppl:   1.85; 5151 src tok/s; 5334 tgt tok/s;     73 s elapsed
Train perplexity: 1.84853
Train accuracy: 84.837
Validation perplexity: 6.44519
Validation accuracy: 69.3132
Decaying learning rate to 0.015625

Epoch 14,    50/  454; acc:  85.26; ppl:   1.83; 5153 src tok/s; 5339 tgt tok/s;      8 s elapsed
Epoch 14,   100/  454; acc:  85.45; ppl:   1.79; 5203 src tok/s; 5386 tgt tok/s;     16 s elapsed
Epoch 14,   150/  454; acc:  85.46; ppl:   1.80; 5168 src tok/s; 5399 tgt tok/s;     24 s elapsed
Epoch 14,   200/  454; acc:  85.13; ppl:   1.84; 5086 src tok/s; 5256 tgt tok/s;     33 s elapsed
Epoch 14,   250/  454; acc:  84.64; ppl:   1.89; 5126 src tok/s; 5351 tgt tok/s;     41 s elapsed
Epoch 14,   300/  454; acc:  85.65; ppl:   1.78; 5241 src tok/s; 5436 tgt tok/s;     49 s elapsed
Epoch 14,   350/  454; acc:  85.16; ppl:   1.80; 5161 src tok/s; 5350 tgt tok/s;     57 s elapsed
Epoch 14,   400/  454; acc:  84.65; ppl:   1.88; 5047 src tok/s; 5226 tgt tok/s;     65 s elapsed
Epoch 14,   450/  454; acc:  85.29; ppl:   1.80; 5043 src tok/s; 5249 tgt tok/s;     73 s elapsed
Train perplexity: 1.82638
Train accuracy: 85.1492
Validation perplexity: 6.45402
Validation accuracy: 69.299
Decaying learning rate to 0.0078125

Epoch 15,    50/  454; acc:  85.29; ppl:   1.84; 5169 src tok/s; 5367 tgt tok/s;      8 s elapsed
Epoch 15,   100/  454; acc:  85.81; ppl:   1.76; 5213 src tok/s; 5439 tgt tok/s;     16 s elapsed
Epoch 15,   150/  454; acc:  84.66; ppl:   1.87; 5181 src tok/s; 5354 tgt tok/s;     25 s elapsed
Epoch 15,   200/  454; acc:  85.33; ppl:   1.82; 5113 src tok/s; 5342 tgt tok/s;     32 s elapsed
Epoch 15,   250/  454; acc:  84.10; ppl:   1.91; 5160 src tok/s; 5315 tgt tok/s;     41 s elapsed
Epoch 15,   300/  454; acc:  86.26; ppl:   1.73; 5099 src tok/s; 5323 tgt tok/s;     49 s elapsed
Epoch 15,   350/  454; acc:  85.86; ppl:   1.78; 5159 src tok/s; 5350 tgt tok/s;     57 s elapsed
Epoch 15,   400/  454; acc:  85.08; ppl:   1.85; 5113 src tok/s; 5287 tgt tok/s;     65 s elapsed
Epoch 15,   450/  454; acc:  85.20; ppl:   1.81; 5124 src tok/s; 5294 tgt tok/s;     73 s elapsed
Train perplexity: 1.81783
Train accuracy: 85.302
Validation perplexity: 6.46595
Validation accuracy: 69.2422
Decaying learning rate to 0.00390625

Epoch 16,    50/  454; acc:  85.39; ppl:   1.81; 5235 src tok/s; 5419 tgt tok/s;      8 s elapsed
Epoch 16,   100/  454; acc:  85.34; ppl:   1.81; 5106 src tok/s; 5312 tgt tok/s;     16 s elapsed
Epoch 16,   150/  454; acc:  84.23; ppl:   1.90; 5236 src tok/s; 5383 tgt tok/s;     25 s elapsed
Epoch 16,   200/  454; acc:  86.07; ppl:   1.75; 5059 src tok/s; 5287 tgt tok/s;     33 s elapsed
Epoch 16,   250/  454; acc:  85.15; ppl:   1.84; 5106 src tok/s; 5268 tgt tok/s;     41 s elapsed
Epoch 16,   300/  454; acc:  86.06; ppl:   1.77; 4998 src tok/s; 5217 tgt tok/s;     49 s elapsed
Epoch 16,   350/  454; acc:  86.22; ppl:   1.73; 5111 src tok/s; 5323 tgt tok/s;     57 s elapsed
Epoch 16,   400/  454; acc:  84.43; ppl:   1.87; 5163 src tok/s; 5365 tgt tok/s;     65 s elapsed
Epoch 16,   450/  454; acc:  85.37; ppl:   1.80; 5156 src tok/s; 5353 tgt tok/s;     74 s elapsed
Train perplexity: 1.80898
Train accuracy: 85.3568
Validation perplexity: 6.47118
Validation accuracy: 69.3274
Decaying learning rate to 0.00195312

Epoch 17,    50/  454; acc:  84.42; ppl:   1.92; 5219 src tok/s; 5410 tgt tok/s;      8 s elapsed
Epoch 17,   100/  454; acc:  86.55; ppl:   1.70; 5238 src tok/s; 5478 tgt tok/s;     16 s elapsed
Epoch 17,   150/  454; acc:  85.22; ppl:   1.81; 5210 src tok/s; 5396 tgt tok/s;     24 s elapsed
Epoch 17,   200/  454; acc:  85.05; ppl:   1.83; 5158 src tok/s; 5338 tgt tok/s;     32 s elapsed
Epoch 17,   250/  454; acc:  85.24; ppl:   1.81; 5051 src tok/s; 5248 tgt tok/s;     41 s elapsed
Epoch 17,   300/  454; acc:  85.83; ppl:   1.77; 5171 src tok/s; 5382 tgt tok/s;     49 s elapsed
Epoch 17,   350/  454; acc:  86.26; ppl:   1.72; 5114 src tok/s; 5303 tgt tok/s;     57 s elapsed
Epoch 17,   400/  454; acc:  84.52; ppl:   1.88; 5130 src tok/s; 5305 tgt tok/s;     65 s elapsed
Epoch 17,   450/  454; acc:  85.28; ppl:   1.83; 5035 src tok/s; 5214 tgt tok/s;     73 s elapsed
Train perplexity: 1.80618
Train accuracy: 85.3814
Validation perplexity: 6.47472
Validation accuracy: 69.2919
Decaying learning rate to 0.000976562
