<module 'opts' from '/u/suhubdyd/research/projects/jumble_lstm/code/auxiliary-nmt/opts.pyc'>
Namespace(batch_size=64, brnn=False, brnn_merge='concat', cnn_kernel_width=3, context_gate=None, copy_attn=False, copy_attn_force=False, coverage_attn=False, data='/data/lisatmp3/suhubdyd/multi30k.atok.low', dec_layers=1, decay_method='', decoder_type='rnn', dropout=0.3, enc_layers=2, encoder_type='rnn', epochs=17, exp='', exp_host='', feat_merge='concat', feat_vec_exponent=0.7, feat_vec_size=-1, fix_word_vecs_dec=False, fix_word_vecs_enc=False, global_attention='general', gpuid=[0], input_feed=1, kappa_dec=0.1, kappa_enc=0.0, lambda_coverage=1, layers=-1, learning_rate=1.0, learning_rate_decay=0.5, max_generator_batches=32, max_grad_norm=5, model_type='text', optim='sgd', param_init=0.1, position_encoding=False, pre_word_vecs_dec=None, pre_word_vecs_enc=None, report_every=50, rnn_size=500, rnn_type='LSTM', save_model='/data/lisatmp3/suhubdyd/models/encoder0decoder0.10dropout0.3wdropTrue', seed=-1, share_decoder_embeddings=False, share_embeddings=False, src_word_vec_size=500, start_checkpoint_at=0, start_decay_at=8, start_epoch=1, tgt_word_vec_size=500, train_from='', truncated_decoder=0, warmup_steps=4000, weightdropout=True, word_vec_size=-1)
('Using Kappa L2 loss on decoder', 0.1)
('Using weight dropout', True)
Loading train and validate data from '/data/lisatmp3/suhubdyd/multi30k.atok.low'
 * number of training sentences: 29000
 * maximum batch size: 64
 * vocabulary size. source = 10841; target = 18563
Building model...
Applying weight drop of 0.3 to weight_hh_l0
Applying weight drop of 0.3 to weight_hh
Intializing model parameters.
NMTModel (
  (encoder): RNNEncoder (
    (embeddings): Embeddings (
      (make_embedding): Sequential (
        (emb_luts): Elementwise (
          (0): Embedding(10841, 500, padding_idx=1)
        )
      )
    )
    (dropout): Dropout (p = 0.3)
    (rnn): WeightDrop (
      (module): LSTM(500, 500, dropout=0.3)
    )
  )
  (decoder): InputFeedRNNDecoder (
    (embeddings): Embeddings (
      (make_embedding): Sequential (
        (emb_luts): Elementwise (
          (0): Embedding(18563, 500, padding_idx=1)
        )
      )
    )
    (dropout): Dropout (p = 0.3)
    (rnn): StackedLSTMWDropout (
      (dropout): Dropout (p = 0)
      (layers): ModuleList (
        (0): WeightDrop (
          (module): LSTMCell(1000, 500)
        )
      )
    )
    (attn): GlobalAttention (
      (linear_in): Linear (500 -> 500)
      (linear_out): Linear (1000 -> 500)
      (sm): Softmax ()
      (tanh): Tanh ()
    )
  )
  (generator): Sequential (
    (0): Linear (500 -> 18563)
    (1): LogSoftmax ()
  )
)
* number of parameters: 29760063
('encoder: ', 7424500)
('decoder: ', 22335563)

/u/suhubdyd/.conda/envs/lisa/lib/python2.7/site-packages/torch/nn/modules/module.py:224: UserWarning: RNN module weights are not part of single contiguous chunk of memory. This means they need to be compacted at every call, possibly greately increasing memory usage. To compact weights again call flatten_parameters().
  result = self.forward(*input, **kwargs)
Epoch  1,    50/  454; acc:   8.44; ppl: 9949.30; 4341 src tok/s; 4472 tgt tok/s;     10 s elapsed
Epoch  1,   100/  454; acc:  14.59; ppl: 2424.65; 6523 src tok/s; 6794 tgt tok/s;     16 s elapsed
Epoch  1,   150/  454; acc:  17.37; ppl: 665.45; 6457 src tok/s; 6734 tgt tok/s;     23 s elapsed
Epoch  1,   200/  454; acc:  21.20; ppl: 271.80; 6442 src tok/s; 6700 tgt tok/s;     29 s elapsed
Epoch  1,   250/  454; acc:  23.29; ppl: 190.40; 6534 src tok/s; 6712 tgt tok/s;     36 s elapsed
Epoch  1,   300/  454; acc:  28.02; ppl: 117.98; 6417 src tok/s; 6720 tgt tok/s;     42 s elapsed
Epoch  1,   350/  454; acc:  28.74; ppl: 102.02; 6402 src tok/s; 6640 tgt tok/s;     49 s elapsed
Epoch  1,   400/  454; acc:  32.38; ppl:  74.92; 6424 src tok/s; 6690 tgt tok/s;     55 s elapsed
Epoch  1,   450/  454; acc:  34.05; ppl:  66.53; 6226 src tok/s; 6474 tgt tok/s;     62 s elapsed
Train perplexity: 332.766
Train accuracy: 23.116
Validation perplexity: 55.0601
Validation accuracy: 36.9448

Epoch  2,    50/  454; acc:  35.80; ppl:  55.67; 5264 src tok/s; 5459 tgt tok/s;      8 s elapsed
Epoch  2,   100/  454; acc:  39.70; ppl:  40.81; 6463 src tok/s; 6715 tgt tok/s;     15 s elapsed
Epoch  2,   150/  454; acc:  42.12; ppl:  35.09; 6475 src tok/s; 6727 tgt tok/s;     21 s elapsed
Epoch  2,   200/  454; acc:  44.23; ppl:  30.27; 6565 src tok/s; 6799 tgt tok/s;     27 s elapsed
Epoch  2,   250/  454; acc:  46.11; ppl:  27.56; 6299 src tok/s; 6525 tgt tok/s;     34 s elapsed
Epoch  2,   300/  454; acc:  47.81; ppl:  23.90; 6366 src tok/s; 6631 tgt tok/s;     41 s elapsed
Epoch  2,   350/  454; acc:  48.70; ppl:  22.14; 6324 src tok/s; 6551 tgt tok/s;     47 s elapsed
Epoch  2,   400/  454; acc:  50.84; ppl:  19.22; 6423 src tok/s; 6675 tgt tok/s;     54 s elapsed
Epoch  2,   450/  454; acc:  51.81; ppl:  18.49; 6365 src tok/s; 6602 tgt tok/s;     60 s elapsed
Train perplexity: 28.4324
Train accuracy: 45.3038
Validation perplexity: 15.3265
Validation accuracy: 54.7893

Epoch  3,    50/  454; acc:  53.32; ppl:  15.60; 6288 src tok/s; 6483 tgt tok/s;      7 s elapsed
Epoch  3,   100/  454; acc:  56.49; ppl:  12.85; 6368 src tok/s; 6664 tgt tok/s;     13 s elapsed
Epoch  3,   150/  454; acc:  55.84; ppl:  13.38; 6310 src tok/s; 6569 tgt tok/s;     20 s elapsed
Epoch  3,   200/  454; acc:  55.59; ppl:  13.53; 6485 src tok/s; 6703 tgt tok/s;     26 s elapsed
Epoch  3,   250/  454; acc:  58.34; ppl:  11.31; 6350 src tok/s; 6674 tgt tok/s;     33 s elapsed
Epoch  3,   300/  454; acc:  56.14; ppl:  12.85; 6570 src tok/s; 6745 tgt tok/s;     39 s elapsed
Epoch  3,   350/  454; acc:  57.85; ppl:  11.75; 6454 src tok/s; 6673 tgt tok/s;     46 s elapsed
Epoch  3,   400/  454; acc:  59.30; ppl:  10.54; 6292 src tok/s; 6545 tgt tok/s;     53 s elapsed
Epoch  3,   450/  454; acc:  58.35; ppl:  11.15; 6333 src tok/s; 6573 tgt tok/s;     59 s elapsed
Train perplexity: 12.4744
Train accuracy: 56.8052
Validation perplexity: 9.88516
Validation accuracy: 61.6787

Epoch  4,    50/  454; acc:  61.37; ppl:   8.66; 6189 src tok/s; 6419 tgt tok/s;      7 s elapsed
Epoch  4,   100/  454; acc:  61.72; ppl:   8.62; 6515 src tok/s; 6755 tgt tok/s;     13 s elapsed
Epoch  4,   150/  454; acc:  61.27; ppl:   8.74; 6471 src tok/s; 6690 tgt tok/s;     20 s elapsed
Epoch  4,   200/  454; acc:  62.85; ppl:   7.88; 6282 src tok/s; 6574 tgt tok/s;     26 s elapsed
Epoch  4,   250/  454; acc:  62.38; ppl:   8.06; 6409 src tok/s; 6650 tgt tok/s;     33 s elapsed
Epoch  4,   300/  454; acc:  62.46; ppl:   8.13; 6289 src tok/s; 6506 tgt tok/s;     40 s elapsed
Epoch  4,   350/  454; acc:  62.39; ppl:   8.11; 6251 src tok/s; 6503 tgt tok/s;     46 s elapsed
Epoch  4,   400/  454; acc:  62.77; ppl:   7.90; 6446 src tok/s; 6699 tgt tok/s;     53 s elapsed
Epoch  4,   450/  454; acc:  63.15; ppl:   7.72; 6387 src tok/s; 6616 tgt tok/s;     59 s elapsed
Train perplexity: 8.20158
Train accuracy: 62.2457
Validation perplexity: 8.77105
Validation accuracy: 62.1825

Epoch  5,    50/  454; acc:  65.14; ppl:   6.41; 6087 src tok/s; 6321 tgt tok/s;      7 s elapsed
Epoch  5,   100/  454; acc:  65.68; ppl:   6.14; 6445 src tok/s; 6671 tgt tok/s;     13 s elapsed
Epoch  5,   150/  454; acc:  65.01; ppl:   6.42; 6448 src tok/s; 6658 tgt tok/s;     20 s elapsed
Epoch  5,   200/  454; acc:  65.98; ppl:   6.08; 6458 src tok/s; 6741 tgt tok/s;     26 s elapsed
Epoch  5,   250/  454; acc:  65.94; ppl:   6.04; 6188 src tok/s; 6477 tgt tok/s;     33 s elapsed
Epoch  5,   300/  454; acc:  65.17; ppl:   6.38; 6366 src tok/s; 6591 tgt tok/s;     40 s elapsed
Epoch  5,   350/  454; acc:  65.32; ppl:   6.30; 6302 src tok/s; 6545 tgt tok/s;     46 s elapsed
Epoch  5,   400/  454; acc:  66.22; ppl:   5.94; 6452 src tok/s; 6700 tgt tok/s;     53 s elapsed
Epoch  5,   450/  454; acc:  65.86; ppl:   6.05; 6369 src tok/s; 6584 tgt tok/s;     59 s elapsed
Train perplexity: 6.20242
Train accuracy: 65.5637
Validation perplexity: 7.46723
Validation accuracy: 64.7439

Epoch  6,    50/  454; acc:  69.71; ppl:   4.64; 6165 src tok/s; 6392 tgt tok/s;      7 s elapsed
Epoch  6,   100/  454; acc:  67.98; ppl:   5.01; 6293 src tok/s; 6537 tgt tok/s;     14 s elapsed
Epoch  6,   150/  454; acc:  68.53; ppl:   4.87; 6325 src tok/s; 6602 tgt tok/s;     20 s elapsed
Epoch  6,   200/  454; acc:  68.50; ppl:   4.93; 6459 src tok/s; 6718 tgt tok/s;     27 s elapsed
Epoch  6,   250/  454; acc:  67.70; ppl:   5.21; 6517 src tok/s; 6724 tgt tok/s;     33 s elapsed
Epoch  6,   300/  454; acc:  68.02; ppl:   5.03; 6251 src tok/s; 6515 tgt tok/s;     40 s elapsed
Epoch  6,   350/  454; acc:  68.69; ppl:   4.85; 6422 src tok/s; 6632 tgt tok/s;     46 s elapsed
Epoch  6,   400/  454; acc:  67.63; ppl:   5.15; 6478 src tok/s; 6686 tgt tok/s;     53 s elapsed
Epoch  6,   450/  454; acc:  67.63; ppl:   5.21; 6197 src tok/s; 6467 tgt tok/s;     59 s elapsed
Train perplexity: 4.98332
Train accuracy: 68.2751
Validation perplexity: 6.90689
Validation accuracy: 65.9004

Epoch  7,    50/  454; acc:  70.63; ppl:   4.16; 6125 src tok/s; 6376 tgt tok/s;      7 s elapsed
Epoch  7,   100/  454; acc:  71.04; ppl:   4.05; 6428 src tok/s; 6680 tgt tok/s;     13 s elapsed
Epoch  7,   150/  454; acc:  70.44; ppl:   4.18; 6432 src tok/s; 6630 tgt tok/s;     20 s elapsed
Epoch  7,   200/  454; acc:  70.11; ppl:   4.27; 6390 src tok/s; 6623 tgt tok/s;     27 s elapsed
Epoch  7,   250/  454; acc:  70.50; ppl:   4.19; 6392 src tok/s; 6629 tgt tok/s;     33 s elapsed
Epoch  7,   300/  454; acc:  70.25; ppl:   4.20; 6414 src tok/s; 6640 tgt tok/s;     40 s elapsed
Epoch  7,   350/  454; acc:  69.02; ppl:   4.59; 6432 src tok/s; 6622 tgt tok/s;     47 s elapsed
Epoch  7,   400/  454; acc:  71.54; ppl:   3.87; 6146 src tok/s; 6488 tgt tok/s;     53 s elapsed
Epoch  7,   450/  454; acc:  70.09; ppl:   4.24; 6253 src tok/s; 6499 tgt tok/s;     59 s elapsed
Train perplexity: 4.1969
Train accuracy: 70.3701
Validation perplexity: 6.561
Validation accuracy: 67.135

Epoch  8,    50/  454; acc:  73.60; ppl:   3.36; 6159 src tok/s; 6390 tgt tok/s;      7 s elapsed
Epoch  8,   100/  454; acc:  72.94; ppl:   3.50; 6481 src tok/s; 6729 tgt tok/s;     13 s elapsed
Epoch  8,   150/  454; acc:  72.79; ppl:   3.52; 6206 src tok/s; 6445 tgt tok/s;     20 s elapsed
Epoch  8,   200/  454; acc:  72.00; ppl:   3.65; 6427 src tok/s; 6661 tgt tok/s;     27 s elapsed
Epoch  8,   250/  454; acc:  72.86; ppl:   3.46; 6269 src tok/s; 6548 tgt tok/s;     33 s elapsed
Epoch  8,   300/  454; acc:  71.14; ppl:   3.88; 6539 src tok/s; 6756 tgt tok/s;     40 s elapsed
Epoch  8,   350/  454; acc:  70.21; ppl:   4.09; 6344 src tok/s; 6525 tgt tok/s;     47 s elapsed
Epoch  8,   400/  454; acc:  73.12; ppl:   3.38; 6280 src tok/s; 6566 tgt tok/s;     53 s elapsed
Epoch  8,   450/  454; acc:  71.84; ppl:   3.76; 6371 src tok/s; 6619 tgt tok/s;     59 s elapsed
Train perplexity: 3.62442
Train accuracy: 72.2374
Validation perplexity: 6.715
Validation accuracy: 65.6804
Decaying learning rate to 0.5

Epoch  9,    50/  454; acc:  77.19; ppl:   2.72; 6205 src tok/s; 6418 tgt tok/s;      7 s elapsed
Epoch  9,   100/  454; acc:  77.20; ppl:   2.75; 6418 src tok/s; 6652 tgt tok/s;     13 s elapsed
Epoch  9,   150/  454; acc:  76.62; ppl:   2.79; 6348 src tok/s; 6599 tgt tok/s;     20 s elapsed
Epoch  9,   200/  454; acc:  77.71; ppl:   2.66; 6422 src tok/s; 6674 tgt tok/s;     27 s elapsed
Epoch  9,   250/  454; acc:  78.92; ppl:   2.50; 6272 src tok/s; 6576 tgt tok/s;     33 s elapsed
Epoch  9,   300/  454; acc:  76.50; ppl:   2.84; 6543 src tok/s; 6746 tgt tok/s;     40 s elapsed
Epoch  9,   350/  454; acc:  76.53; ppl:   2.80; 6438 src tok/s; 6657 tgt tok/s;     46 s elapsed
Epoch  9,   400/  454; acc:  77.80; ppl:   2.62; 6333 src tok/s; 6582 tgt tok/s;     53 s elapsed
Epoch  9,   450/  454; acc:  76.84; ppl:   2.74; 6312 src tok/s; 6547 tgt tok/s;     59 s elapsed
Train perplexity: 2.71198
Train accuracy: 77.2408
Validation perplexity: 6.24653
Validation accuracy: 68.4618
Decaying learning rate to 0.25

Epoch 10,    50/  454; acc:  79.83; ppl:   2.37; 6252 src tok/s; 6434 tgt tok/s;      7 s elapsed
Epoch 10,   100/  454; acc:  82.30; ppl:   2.09; 6272 src tok/s; 6559 tgt tok/s;     13 s elapsed
Epoch 10,   150/  454; acc:  81.46; ppl:   2.24; 6344 src tok/s; 6578 tgt tok/s;     20 s elapsed
Epoch 10,   200/  454; acc:  81.23; ppl:   2.21; 6470 src tok/s; 6735 tgt tok/s;     27 s elapsed
Epoch 10,   250/  454; acc:  80.77; ppl:   2.28; 6334 src tok/s; 6541 tgt tok/s;     33 s elapsed
Epoch 10,   300/  454; acc:  81.85; ppl:   2.14; 6450 src tok/s; 6703 tgt tok/s;     40 s elapsed
Epoch 10,   350/  454; acc:  80.92; ppl:   2.24; 6215 src tok/s; 6469 tgt tok/s;     46 s elapsed
Epoch 10,   400/  454; acc:  81.11; ppl:   2.24; 6477 src tok/s; 6704 tgt tok/s;     53 s elapsed
Epoch 10,   450/  454; acc:  80.85; ppl:   2.22; 6352 src tok/s; 6635 tgt tok/s;     59 s elapsed
Train perplexity: 2.23498
Train accuracy: 81.0671
Validation perplexity: 6.32135
Validation accuracy: 69.1145
Decaying learning rate to 0.125

Epoch 11,    50/  454; acc:  84.94; ppl:   1.86; 5993 src tok/s; 6311 tgt tok/s;      6 s elapsed
Epoch 11,   100/  454; acc:  81.85; ppl:   2.17; 6509 src tok/s; 6688 tgt tok/s;     13 s elapsed
Epoch 11,   150/  454; acc:  82.99; ppl:   2.04; 6470 src tok/s; 6697 tgt tok/s;     20 s elapsed
Epoch 11,   200/  454; acc:  83.62; ppl:   1.96; 6347 src tok/s; 6595 tgt tok/s;     27 s elapsed
Epoch 11,   250/  454; acc:  83.12; ppl:   2.05; 6376 src tok/s; 6594 tgt tok/s;     33 s elapsed
Epoch 11,   300/  454; acc:  83.62; ppl:   1.98; 6466 src tok/s; 6710 tgt tok/s;     40 s elapsed
Epoch 11,   350/  454; acc:  83.92; ppl:   1.92; 6326 src tok/s; 6627 tgt tok/s;     46 s elapsed
Epoch 11,   400/  454; acc:  81.93; ppl:   2.14; 6390 src tok/s; 6594 tgt tok/s;     53 s elapsed
Epoch 11,   450/  454; acc:  82.60; ppl:   2.06; 6395 src tok/s; 6615 tgt tok/s;     59 s elapsed
Train perplexity: 2.01775
Train accuracy: 83.1678
Validation perplexity: 6.47312
Validation accuracy: 68.8449
Decaying learning rate to 0.0625

Epoch 12,    50/  454; acc:  85.21; ppl:   1.83; 5960 src tok/s; 6247 tgt tok/s;      7 s elapsed
Epoch 12,   100/  454; acc:  83.98; ppl:   1.97; 6376 src tok/s; 6569 tgt tok/s;     14 s elapsed
Epoch 12,   150/  454; acc:  84.36; ppl:   1.92; 6341 src tok/s; 6598 tgt tok/s;     20 s elapsed
Epoch 12,   200/  454; acc:  84.32; ppl:   1.90; 6424 src tok/s; 6653 tgt tok/s;     27 s elapsed
Epoch 12,   250/  454; acc:  84.09; ppl:   1.92; 6480 src tok/s; 6714 tgt tok/s;     33 s elapsed
Epoch 12,   300/  454; acc:  84.22; ppl:   1.92; 6509 src tok/s; 6753 tgt tok/s;     40 s elapsed
Epoch 12,   350/  454; acc:  83.77; ppl:   1.98; 6411 src tok/s; 6637 tgt tok/s;     46 s elapsed
Epoch 12,   400/  454; acc:  84.74; ppl:   1.86; 6326 src tok/s; 6588 tgt tok/s;     53 s elapsed
Epoch 12,   450/  454; acc:  83.88; ppl:   1.96; 6394 src tok/s; 6617 tgt tok/s;     59 s elapsed
Train perplexity: 1.91667
Train accuracy: 84.281
Validation perplexity: 6.5321
Validation accuracy: 69.0932
Decaying learning rate to 0.03125

Epoch 13,    50/  454; acc:  83.85; ppl:   1.95; 6237 src tok/s; 6443 tgt tok/s;      7 s elapsed
Epoch 13,   100/  454; acc:  85.76; ppl:   1.78; 6345 src tok/s; 6639 tgt tok/s;     13 s elapsed
Epoch 13,   150/  454; acc:  84.46; ppl:   1.91; 6303 src tok/s; 6528 tgt tok/s;     20 s elapsed
Epoch 13,   200/  454; acc:  85.63; ppl:   1.81; 6200 src tok/s; 6440 tgt tok/s;     27 s elapsed
Epoch 13,   250/  454; acc:  85.87; ppl:   1.77; 6299 src tok/s; 6612 tgt tok/s;     33 s elapsed
Epoch 13,   300/  454; acc:  83.99; ppl:   1.96; 6646 src tok/s; 6812 tgt tok/s;     40 s elapsed
Epoch 13,   350/  454; acc:  86.02; ppl:   1.74; 6349 src tok/s; 6633 tgt tok/s;     46 s elapsed
Epoch 13,   400/  454; acc:  83.39; ppl:   2.02; 6474 src tok/s; 6672 tgt tok/s;     53 s elapsed
Epoch 13,   450/  454; acc:  84.81; ppl:   1.86; 6256 src tok/s; 6500 tgt tok/s;     59 s elapsed
Train perplexity: 1.86997
Train accuracy: 84.8242
Validation perplexity: 6.61301
Validation accuracy: 69.2068
Decaying learning rate to 0.015625

Epoch 14,    50/  454; acc:  84.79; ppl:   1.89; 6258 src tok/s; 6483 tgt tok/s;      7 s elapsed
Epoch 14,   100/  454; acc:  85.41; ppl:   1.81; 6345 src tok/s; 6602 tgt tok/s;     13 s elapsed
Epoch 14,   150/  454; acc:  84.81; ppl:   1.88; 6258 src tok/s; 6509 tgt tok/s;     20 s elapsed
Epoch 14,   200/  454; acc:  85.74; ppl:   1.80; 6437 src tok/s; 6679 tgt tok/s;     26 s elapsed
Epoch 14,   250/  454; acc:  85.81; ppl:   1.78; 6470 src tok/s; 6699 tgt tok/s;     33 s elapsed
Epoch 14,   300/  454; acc:  84.67; ppl:   1.91; 6337 src tok/s; 6575 tgt tok/s;     40 s elapsed
Epoch 14,   350/  454; acc:  85.33; ppl:   1.82; 6454 src tok/s; 6709 tgt tok/s;     46 s elapsed
Epoch 14,   400/  454; acc:  84.29; ppl:   1.90; 6328 src tok/s; 6565 tgt tok/s;     53 s elapsed
Epoch 14,   450/  454; acc:  85.23; ppl:   1.81; 6363 src tok/s; 6600 tgt tok/s;     59 s elapsed
Train perplexity: 1.84701
Train accuracy: 85.0851
Validation perplexity: 6.66526
Validation accuracy: 69.1287
Decaying learning rate to 0.0078125

Epoch 15,    50/  454; acc:  84.97; ppl:   1.86; 6209 src tok/s; 6435 tgt tok/s;      7 s elapsed
Epoch 15,   100/  454; acc:  85.61; ppl:   1.82; 6429 src tok/s; 6654 tgt tok/s;     13 s elapsed
Epoch 15,   150/  454; acc:  85.24; ppl:   1.85; 6440 src tok/s; 6680 tgt tok/s;     20 s elapsed
Epoch 15,   200/  454; acc:  85.55; ppl:   1.82; 6283 src tok/s; 6537 tgt tok/s;     26 s elapsed
Epoch 15,   250/  454; acc:  84.65; ppl:   1.88; 6367 src tok/s; 6573 tgt tok/s;     33 s elapsed
Epoch 15,   300/  454; acc:  86.10; ppl:   1.76; 6380 src tok/s; 6654 tgt tok/s;     40 s elapsed
Epoch 15,   350/  454; acc:  84.56; ppl:   1.88; 6376 src tok/s; 6598 tgt tok/s;     46 s elapsed
Epoch 15,   400/  454; acc:  85.55; ppl:   1.82; 6449 src tok/s; 6727 tgt tok/s;     53 s elapsed
Epoch 15,   450/  454; acc:  85.58; ppl:   1.81; 6266 src tok/s; 6523 tgt tok/s;     59 s elapsed
Train perplexity: 1.83557
Train accuracy: 85.2688
Validation perplexity: 6.68525
Validation accuracy: 69.0578
Decaying learning rate to 0.00390625

Epoch 16,    50/  454; acc:  86.07; ppl:   1.75; 6113 src tok/s; 6367 tgt tok/s;      7 s elapsed
Epoch 16,   100/  454; acc:  84.55; ppl:   1.91; 6389 src tok/s; 6633 tgt tok/s;     13 s elapsed
Epoch 16,   150/  454; acc:  85.85; ppl:   1.80; 6365 src tok/s; 6622 tgt tok/s;     20 s elapsed
Epoch 16,   200/  454; acc:  84.84; ppl:   1.86; 6351 src tok/s; 6570 tgt tok/s;     27 s elapsed
Epoch 16,   250/  454; acc:  85.92; ppl:   1.76; 6421 src tok/s; 6693 tgt tok/s;     33 s elapsed
Epoch 16,   300/  454; acc:  84.72; ppl:   1.89; 6413 src tok/s; 6640 tgt tok/s;     40 s elapsed
Epoch 16,   350/  454; acc:  84.48; ppl:   1.89; 6329 src tok/s; 6532 tgt tok/s;     46 s elapsed
Epoch 16,   400/  454; acc:  85.75; ppl:   1.76; 6430 src tok/s; 6650 tgt tok/s;     53 s elapsed
Epoch 16,   450/  454; acc:  84.96; ppl:   1.83; 6305 src tok/s; 6569 tgt tok/s;     59 s elapsed
Train perplexity: 1.8267
Train accuracy: 85.2362
Validation perplexity: 6.69317
Validation accuracy: 69.0932
Decaying learning rate to 0.00195312

Epoch 17,    50/  454; acc:  85.10; ppl:   1.83; 6252 src tok/s; 6512 tgt tok/s;      7 s elapsed
Epoch 17,   100/  454; acc:  85.67; ppl:   1.82; 6307 src tok/s; 6545 tgt tok/s;     13 s elapsed
Epoch 17,   150/  454; acc:  85.59; ppl:   1.80; 6434 src tok/s; 6661 tgt tok/s;     20 s elapsed
Epoch 17,   200/  454; acc:  85.16; ppl:   1.86; 6411 src tok/s; 6637 tgt tok/s;     26 s elapsed
Epoch 17,   250/  454; acc:  85.53; ppl:   1.81; 6493 src tok/s; 6700 tgt tok/s;     33 s elapsed
Epoch 17,   300/  454; acc:  85.47; ppl:   1.84; 6414 src tok/s; 6655 tgt tok/s;     39 s elapsed
Epoch 17,   350/  454; acc:  85.14; ppl:   1.83; 6295 src tok/s; 6539 tgt tok/s;     46 s elapsed
Epoch 17,   400/  454; acc:  85.45; ppl:   1.83; 6349 src tok/s; 6623 tgt tok/s;     53 s elapsed
Epoch 17,   450/  454; acc:  85.61; ppl:   1.79; 6335 src tok/s; 6585 tgt tok/s;     59 s elapsed
Train perplexity: 1.82513
Train accuracy: 85.3864
Validation perplexity: 6.69569
Validation accuracy: 69.1287
Decaying learning rate to 0.000976562
