<module 'opts' from '/u/suhubdyd/research/projects/jumble_lstm/code/auxiliary-nmt/opts.pyc'>
Namespace(batch_size=64, brnn=False, brnn_merge='concat', cnn_kernel_width=3, context_gate=None, copy_attn=False, copy_attn_force=False, coverage_attn=False, data='/data/lisatmp3/suhubdyd/multi30k.atok.low', dec_layers=1, decay_method='', decoder_type='rnn', dropout=0.3, enc_layers=2, encoder_type='rnn', epochs=17, exp='', exp_host='', feat_merge='concat', feat_vec_exponent=0.7, feat_vec_size=-1, fix_word_vecs_dec=False, fix_word_vecs_enc=False, global_attention='general', gpuid=[0], input_feed=1, kappa_dec=0.1, kappa_enc=0.1, lambda_coverage=1, layers=-1, learning_rate=1.0, learning_rate_decay=0.5, max_generator_batches=32, max_grad_norm=5, model_type='text', optim='sgd', param_init=0.1, position_encoding=False, pre_word_vecs_dec=None, pre_word_vecs_enc=None, report_every=50, rnn_size=500, rnn_type='LSTM', save_model='/data/lisatmp3/suhubdyd/models/encoder0.1_decoder0.1_dropout0.3', seed=-1, share_decoder_embeddings=False, share_embeddings=False, src_word_vec_size=500, start_checkpoint_at=0, start_decay_at=8, start_epoch=1, tgt_word_vec_size=500, train_from='', truncated_decoder=0, warmup_steps=4000, word_vec_size=-1)
('Using Kappa L2 loss on encoder', 0.1)
('Using Kappa L2 loss on decoder', 0.1)
Loading train and validate data from '/data/lisatmp3/suhubdyd/multi30k.atok.low'
 * number of training sentences: 29000
 * maximum batch size: 64
 * vocabulary size. source = 10841; target = 18563
Building model...
Intializing model parameters.
NMTModel (
  (encoder): RNNEncoder (
    (embeddings): Embeddings (
      (make_embedding): Sequential (
        (emb_luts): Elementwise (
          (0): Embedding(10841, 500, padding_idx=1)
        )
      )
    )
    (dropout): Dropout (p = 0.3)
    (rnn): LSTM(500, 500, dropout=0.3)
  )
  (decoder): InputFeedRNNDecoder (
    (embeddings): Embeddings (
      (make_embedding): Sequential (
        (emb_luts): Elementwise (
          (0): Embedding(18563, 500, padding_idx=1)
        )
      )
    )
    (dropout): Dropout (p = 0.3)
    (rnn): StackedLSTM (
      (dropout): Dropout (p = 0.3)
      (layers): ModuleList (
        (0): LSTMCell(1000, 500)
      )
    )
    (attn): GlobalAttention (
      (linear_in): Linear (500 -> 500)
      (linear_out): Linear (1000 -> 500)
      (sm): Softmax ()
      (tanh): Tanh ()
    )
  )
  (generator): Sequential (
    (0): Linear (500 -> 18563)
    (1): LogSoftmax ()
  )
)
* number of parameters: 29760063
('encoder: ', 7424500)
('decoder: ', 22335563)

Epoch  1,    50/  454; acc:   7.70; ppl: 23791.32; 4638 src tok/s; 4799 tgt tok/s;      9 s elapsed
Epoch  1,   100/  454; acc:  15.09; ppl: 1844.88; 4953 src tok/s; 5164 tgt tok/s;     18 s elapsed
Epoch  1,   150/  454; acc:  18.39; ppl: 508.70; 5045 src tok/s; 5248 tgt tok/s;     26 s elapsed
Epoch  1,   200/  454; acc:  20.77; ppl: 273.75; 4886 src tok/s; 5053 tgt tok/s;     35 s elapsed
Epoch  1,   250/  454; acc:  25.49; ppl: 161.85; 4843 src tok/s; 5031 tgt tok/s;     43 s elapsed
Epoch  1,   300/  454; acc:  28.08; ppl: 117.89; 4596 src tok/s; 4779 tgt tok/s;     52 s elapsed
Epoch  1,   350/  454; acc:  29.70; ppl:  93.67; 4832 src tok/s; 5008 tgt tok/s;     61 s elapsed
Epoch  1,   400/  454; acc:  31.95; ppl:  75.43; 4870 src tok/s; 5031 tgt tok/s;     70 s elapsed
Epoch  1,   450/  454; acc:  33.07; ppl:  65.86; 4936 src tok/s; 5129 tgt tok/s;     78 s elapsed
Train perplexity: 335.405
Train accuracy: 23.4085
Validation perplexity: 51.4449
Validation accuracy: 35.7244

Epoch  2,    50/  454; acc:  35.10; ppl:  55.58; 4889 src tok/s; 5088 tgt tok/s;      9 s elapsed
Epoch  2,   100/  454; acc:  38.49; ppl:  44.75; 4841 src tok/s; 5028 tgt tok/s;     17 s elapsed
Epoch  2,   150/  454; acc:  39.17; ppl:  42.11; 4856 src tok/s; 5002 tgt tok/s;     26 s elapsed
Epoch  2,   200/  454; acc:  43.73; ppl:  31.14; 4778 src tok/s; 4997 tgt tok/s;     35 s elapsed
Epoch  2,   250/  454; acc:  44.99; ppl:  27.54; 4927 src tok/s; 5080 tgt tok/s;     43 s elapsed
Epoch  2,   300/  454; acc:  48.04; ppl:  23.39; 4486 src tok/s; 4669 tgt tok/s;     53 s elapsed
Epoch  2,   350/  454; acc:  48.31; ppl:  22.28; 4954 src tok/s; 5143 tgt tok/s;     61 s elapsed
Epoch  2,   400/  454; acc:  51.05; ppl:  19.02; 4887 src tok/s; 5064 tgt tok/s;     70 s elapsed
Epoch  2,   450/  454; acc:  51.48; ppl:  18.79; 4820 src tok/s; 5015 tgt tok/s;     78 s elapsed
Train perplexity: 29.3477
Train accuracy: 44.5366
Validation perplexity: 15.311
Validation accuracy: 54.9028

Epoch  3,    50/  454; acc:  55.34; ppl:  13.43; 4853 src tok/s; 5050 tgt tok/s;      8 s elapsed
Epoch  3,   100/  454; acc:  54.50; ppl:  13.70; 4873 src tok/s; 5066 tgt tok/s;     17 s elapsed
Epoch  3,   150/  454; acc:  56.39; ppl:  12.53; 4691 src tok/s; 4903 tgt tok/s;     26 s elapsed
Epoch  3,   200/  454; acc:  56.01; ppl:  12.92; 5011 src tok/s; 5170 tgt tok/s;     35 s elapsed
Epoch  3,   250/  454; acc:  56.42; ppl:  12.58; 4847 src tok/s; 5003 tgt tok/s;     43 s elapsed
Epoch  3,   300/  454; acc:  59.05; ppl:  10.80; 4649 src tok/s; 4859 tgt tok/s;     52 s elapsed
Epoch  3,   350/  454; acc:  57.53; ppl:  11.59; 4811 src tok/s; 4991 tgt tok/s;     61 s elapsed
Epoch  3,   400/  454; acc:  59.97; ppl:   9.98; 4987 src tok/s; 5159 tgt tok/s;     69 s elapsed
Epoch  3,   450/  454; acc:  59.28; ppl:  10.40; 4751 src tok/s; 4924 tgt tok/s;     78 s elapsed
Train perplexity: 11.9318
Train accuracy: 57.1485
Validation perplexity: 9.83066
Validation accuracy: 61.0614

Epoch  4,    50/  454; acc:  62.09; ppl:   8.07; 4797 src tok/s; 4945 tgt tok/s;      9 s elapsed
Epoch  4,   100/  454; acc:  62.10; ppl:   8.10; 4765 src tok/s; 4970 tgt tok/s;     18 s elapsed
Epoch  4,   150/  454; acc:  62.96; ppl:   7.65; 4775 src tok/s; 4976 tgt tok/s;     26 s elapsed
Epoch  4,   200/  454; acc:  61.88; ppl:   7.99; 4900 src tok/s; 5057 tgt tok/s;     35 s elapsed
Epoch  4,   250/  454; acc:  61.93; ppl:   8.16; 4732 src tok/s; 4904 tgt tok/s;     44 s elapsed
Epoch  4,   300/  454; acc:  63.64; ppl:   7.15; 4785 src tok/s; 4988 tgt tok/s;     52 s elapsed
Epoch  4,   350/  454; acc:  62.81; ppl:   7.77; 4907 src tok/s; 5069 tgt tok/s;     61 s elapsed
Epoch  4,   400/  454; acc:  63.73; ppl:   7.28; 4763 src tok/s; 4955 tgt tok/s;     70 s elapsed
Epoch  4,   450/  454; acc:  63.86; ppl:   7.06; 4809 src tok/s; 5013 tgt tok/s;     78 s elapsed
Train perplexity: 7.69221
Train accuracy: 62.7542
Validation perplexity: 8.02981
Validation accuracy: 63.6086

Epoch  5,    50/  454; acc:  67.19; ppl:   5.52; 4890 src tok/s; 5058 tgt tok/s;      8 s elapsed
Epoch  5,   100/  454; acc:  66.49; ppl:   5.67; 4966 src tok/s; 5146 tgt tok/s;     17 s elapsed
Epoch  5,   150/  454; acc:  66.67; ppl:   5.68; 4765 src tok/s; 4945 tgt tok/s;     26 s elapsed
Epoch  5,   200/  454; acc:  65.83; ppl:   5.89; 4891 src tok/s; 5063 tgt tok/s;     34 s elapsed
Epoch  5,   250/  454; acc:  66.18; ppl:   5.72; 3812 src tok/s; 3971 tgt tok/s;     45 s elapsed
Epoch  5,   300/  454; acc:  66.15; ppl:   5.91; 3070 src tok/s; 3182 tgt tok/s;     59 s elapsed
Epoch  5,   350/  454; acc:  66.05; ppl:   5.84; 3267 src tok/s; 3384 tgt tok/s;     72 s elapsed
Epoch  5,   400/  454; acc:  66.50; ppl:   5.63; 3627 src tok/s; 3776 tgt tok/s;     84 s elapsed
Epoch  5,   450/  454; acc:  66.14; ppl:   5.62; 3689 src tok/s; 3859 tgt tok/s;     94 s elapsed
Train perplexity: 5.74173
Train accuracy: 66.291
Validation perplexity: 7.26519
Validation accuracy: 65.4818

Epoch  6,    50/  454; acc:  69.45; ppl:   4.51; 3668 src tok/s; 3808 tgt tok/s;     12 s elapsed
Epoch  6,   100/  454; acc:  69.64; ppl:   4.42; 4889 src tok/s; 5084 tgt tok/s;     20 s elapsed
Epoch  6,   150/  454; acc:  69.55; ppl:   4.42; 4887 src tok/s; 5078 tgt tok/s;     28 s elapsed
Epoch  6,   200/  454; acc:  68.40; ppl:   4.77; 4929 src tok/s; 5092 tgt tok/s;     37 s elapsed
Epoch  6,   250/  454; acc:  69.70; ppl:   4.38; 4808 src tok/s; 5001 tgt tok/s;     46 s elapsed
Epoch  6,   300/  454; acc:  67.96; ppl:   4.83; 4868 src tok/s; 5021 tgt tok/s;     54 s elapsed
Epoch  6,   350/  454; acc:  68.64; ppl:   4.63; 4747 src tok/s; 4954 tgt tok/s;     63 s elapsed
Epoch  6,   400/  454; acc:  68.57; ppl:   4.78; 4860 src tok/s; 5042 tgt tok/s;     72 s elapsed
Epoch  6,   450/  454; acc:  68.77; ppl:   4.71; 4799 src tok/s; 4981 tgt tok/s;     81 s elapsed
Train perplexity: 4.6017
Train accuracy: 68.9634
Validation perplexity: 6.80659
Validation accuracy: 65.9146

Epoch  7,    50/  454; acc:  71.64; ppl:   3.76; 4490 src tok/s; 4697 tgt tok/s;      9 s elapsed
Epoch  7,   100/  454; acc:  72.50; ppl:   3.54; 4854 src tok/s; 5026 tgt tok/s;     18 s elapsed
Epoch  7,   150/  454; acc:  72.35; ppl:   3.53; 4875 src tok/s; 5090 tgt tok/s;     26 s elapsed
Epoch  7,   200/  454; acc:  69.82; ppl:   4.20; 5110 src tok/s; 5236 tgt tok/s;     35 s elapsed
Epoch  7,   250/  454; acc:  70.59; ppl:   3.95; 4821 src tok/s; 5002 tgt tok/s;     44 s elapsed
Epoch  7,   300/  454; acc:  71.47; ppl:   3.79; 4816 src tok/s; 5014 tgt tok/s;     52 s elapsed
Epoch  7,   350/  454; acc:  70.36; ppl:   4.05; 5053 src tok/s; 5233 tgt tok/s;     61 s elapsed
Epoch  7,   400/  454; acc:  71.52; ppl:   3.76; 4772 src tok/s; 4965 tgt tok/s;     69 s elapsed
Epoch  7,   450/  454; acc:  70.52; ppl:   4.02; 4932 src tok/s; 5116 tgt tok/s;     78 s elapsed
Train perplexity: 3.83805
Train accuracy: 71.1931
Validation perplexity: 6.77611
Validation accuracy: 66.8937

Epoch  8,    50/  454; acc:  74.76; ppl:   3.04; 4673 src tok/s; 4827 tgt tok/s;      9 s elapsed
Epoch  8,   100/  454; acc:  73.80; ppl:   3.14; 4901 src tok/s; 5094 tgt tok/s;     17 s elapsed
Epoch  8,   150/  454; acc:  73.50; ppl:   3.25; 4887 src tok/s; 5078 tgt tok/s;     26 s elapsed
Epoch  8,   200/  454; acc:  73.42; ppl:   3.27; 4856 src tok/s; 5024 tgt tok/s;     35 s elapsed
Epoch  8,   250/  454; acc:  73.07; ppl:   3.36; 4828 src tok/s; 5019 tgt tok/s;     44 s elapsed
Epoch  8,   300/  454; acc:  72.72; ppl:   3.36; 4993 src tok/s; 5208 tgt tok/s;     52 s elapsed
Epoch  8,   350/  454; acc:  71.96; ppl:   3.59; 4818 src tok/s; 4981 tgt tok/s;     61 s elapsed
Epoch  8,   400/  454; acc:  73.40; ppl:   3.24; 4860 src tok/s; 5067 tgt tok/s;     69 s elapsed
Epoch  8,   450/  454; acc:  71.85; ppl:   3.54; 4770 src tok/s; 4942 tgt tok/s;     78 s elapsed
Train perplexity: 3.3075
Train accuracy: 73.1589
Validation perplexity: 6.97761
Validation accuracy: 66.4325
Decaying learning rate to 0.5

Epoch  9,    50/  454; acc:  77.73; ppl:   2.58; 4675 src tok/s; 4858 tgt tok/s;      9 s elapsed
Epoch  9,   100/  454; acc:  79.34; ppl:   2.36; 4870 src tok/s; 5061 tgt tok/s;     18 s elapsed
Epoch  9,   150/  454; acc:  79.70; ppl:   2.33; 4404 src tok/s; 4553 tgt tok/s;     27 s elapsed
Epoch  9,   200/  454; acc:  78.32; ppl:   2.50; 4501 src tok/s; 4653 tgt tok/s;     36 s elapsed
Epoch  9,   250/  454; acc:  79.50; ppl:   2.36; 4957 src tok/s; 5145 tgt tok/s;     45 s elapsed
Epoch  9,   300/  454; acc:  77.76; ppl:   2.57; 4858 src tok/s; 5044 tgt tok/s;     54 s elapsed
Epoch  9,   350/  454; acc:  78.54; ppl:   2.44; 4852 src tok/s; 5023 tgt tok/s;     62 s elapsed
Epoch  9,   400/  454; acc:  78.68; ppl:   2.47; 4763 src tok/s; 4969 tgt tok/s;     71 s elapsed
Epoch  9,   450/  454; acc:  78.78; ppl:   2.45; 4782 src tok/s; 4985 tgt tok/s;     80 s elapsed
Train perplexity: 2.45182
Train accuracy: 78.6748
Validation perplexity: 6.29681
Validation accuracy: 68.8236
Decaying learning rate to 0.25

Epoch 10,    50/  454; acc:  83.61; ppl:   1.97; 4526 src tok/s; 4684 tgt tok/s;      9 s elapsed
Epoch 10,   100/  454; acc:  82.41; ppl:   2.06; 5025 src tok/s; 5209 tgt tok/s;     18 s elapsed
Epoch 10,   150/  454; acc:  83.84; ppl:   1.92; 4849 src tok/s; 5070 tgt tok/s;     26 s elapsed
Epoch 10,   200/  454; acc:  82.55; ppl:   2.07; 4950 src tok/s; 5106 tgt tok/s;     35 s elapsed
Epoch 10,   250/  454; acc:  82.55; ppl:   2.06; 4964 src tok/s; 5158 tgt tok/s;     43 s elapsed
Epoch 10,   300/  454; acc:  83.21; ppl:   1.98; 4721 src tok/s; 4884 tgt tok/s;     52 s elapsed
Epoch 10,   350/  454; acc:  83.03; ppl:   2.00; 4776 src tok/s; 4975 tgt tok/s;     61 s elapsed
Epoch 10,   400/  454; acc:  82.64; ppl:   2.05; 5008 src tok/s; 5191 tgt tok/s;     69 s elapsed
Epoch 10,   450/  454; acc:  82.61; ppl:   2.04; 4719 src tok/s; 4918 tgt tok/s;     78 s elapsed
Train perplexity: 2.01764
Train accuracy: 82.9039
Validation perplexity: 6.41891
Validation accuracy: 69.1784
Decaying learning rate to 0.125

Epoch 11,    50/  454; acc:  85.48; ppl:   1.83; 4722 src tok/s; 4877 tgt tok/s;      9 s elapsed
Epoch 11,   100/  454; acc:  85.25; ppl:   1.82; 4769 src tok/s; 4963 tgt tok/s;     18 s elapsed
Epoch 11,   150/  454; acc:  84.44; ppl:   1.92; 4756 src tok/s; 4933 tgt tok/s;     27 s elapsed
Epoch 11,   200/  454; acc:  86.16; ppl:   1.74; 4913 src tok/s; 5110 tgt tok/s;     35 s elapsed
Epoch 11,   250/  454; acc:  85.20; ppl:   1.82; 4948 src tok/s; 5167 tgt tok/s;     43 s elapsed
Epoch 11,   300/  454; acc:  85.22; ppl:   1.82; 4908 src tok/s; 5074 tgt tok/s;     52 s elapsed
Epoch 11,   350/  454; acc:  85.99; ppl:   1.75; 4769 src tok/s; 4958 tgt tok/s;     61 s elapsed
Epoch 11,   400/  454; acc:  84.35; ppl:   1.90; 5014 src tok/s; 5177 tgt tok/s;     69 s elapsed
Epoch 11,   450/  454; acc:  84.77; ppl:   1.85; 4779 src tok/s; 4965 tgt tok/s;     78 s elapsed
Train perplexity: 1.82412
Train accuracy: 85.2337
Validation perplexity: 6.54512
Validation accuracy: 69.3416
Decaying learning rate to 0.0625

Epoch 12,    50/  454; acc:  87.55; ppl:   1.65; 4868 src tok/s; 5098 tgt tok/s;      8 s elapsed
Epoch 12,   100/  454; acc:  85.61; ppl:   1.80; 4885 src tok/s; 5035 tgt tok/s;     17 s elapsed
Epoch 12,   150/  454; acc:  86.16; ppl:   1.75; 4824 src tok/s; 4977 tgt tok/s;     26 s elapsed
Epoch 12,   200/  454; acc:  86.52; ppl:   1.74; 4695 src tok/s; 4909 tgt tok/s;     35 s elapsed
Epoch 12,   250/  454; acc:  86.54; ppl:   1.72; 4871 src tok/s; 5054 tgt tok/s;     44 s elapsed
Epoch 12,   300/  454; acc:  86.42; ppl:   1.74; 4766 src tok/s; 4949 tgt tok/s;     52 s elapsed
Epoch 12,   350/  454; acc:  87.54; ppl:   1.66; 4867 src tok/s; 5036 tgt tok/s;     61 s elapsed
Epoch 12,   400/  454; acc:  85.72; ppl:   1.80; 4940 src tok/s; 5113 tgt tok/s;     69 s elapsed
Epoch 12,   450/  454; acc:  86.24; ppl:   1.75; 4631 src tok/s; 4811 tgt tok/s;     78 s elapsed
Train perplexity: 1.73423
Train accuracy: 86.4663
Validation perplexity: 6.61801
Validation accuracy: 69.1997
Decaying learning rate to 0.03125

Epoch 13,    50/  454; acc:  87.91; ppl:   1.63; 4808 src tok/s; 5010 tgt tok/s;      9 s elapsed
Epoch 13,   100/  454; acc:  86.47; ppl:   1.74; 4947 src tok/s; 5147 tgt tok/s;     17 s elapsed
Epoch 13,   150/  454; acc:  87.26; ppl:   1.69; 4857 src tok/s; 4989 tgt tok/s;     26 s elapsed
Epoch 13,   200/  454; acc:  87.09; ppl:   1.70; 4817 src tok/s; 5042 tgt tok/s;     35 s elapsed
Epoch 13,   250/  454; acc:  86.04; ppl:   1.77; 4905 src tok/s; 5054 tgt tok/s;     44 s elapsed
Epoch 13,   300/  454; acc:  88.06; ppl:   1.63; 4704 src tok/s; 4918 tgt tok/s;     52 s elapsed
Epoch 13,   350/  454; acc:  86.66; ppl:   1.72; 4997 src tok/s; 5182 tgt tok/s;     61 s elapsed
Epoch 13,   400/  454; acc:  87.53; ppl:   1.65; 4806 src tok/s; 4989 tgt tok/s;     69 s elapsed
Epoch 13,   450/  454; acc:  87.06; ppl:   1.70; 4530 src tok/s; 4677 tgt tok/s;     78 s elapsed
Train perplexity: 1.69172
Train accuracy: 87.128
Validation perplexity: 6.67257
Validation accuracy: 69.1997
Decaying learning rate to 0.015625

Epoch 14,    50/  454; acc:  87.72; ppl:   1.64; 4808 src tok/s; 4995 tgt tok/s;      8 s elapsed
Epoch 14,   100/  454; acc:  86.79; ppl:   1.70; 4928 src tok/s; 5107 tgt tok/s;     17 s elapsed
Epoch 14,   150/  454; acc:  87.06; ppl:   1.70; 4825 src tok/s; 4970 tgt tok/s;     26 s elapsed
Epoch 14,   200/  454; acc:  88.16; ppl:   1.62; 4897 src tok/s; 5104 tgt tok/s;     35 s elapsed
Epoch 14,   250/  454; acc:  86.94; ppl:   1.72; 4627 src tok/s; 4800 tgt tok/s;     44 s elapsed
Epoch 14,   300/  454; acc:  87.89; ppl:   1.63; 4825 src tok/s; 5020 tgt tok/s;     52 s elapsed
Epoch 14,   350/  454; acc:  87.23; ppl:   1.68; 4769 src tok/s; 4944 tgt tok/s;     61 s elapsed
Epoch 14,   400/  454; acc:  87.47; ppl:   1.66; 4876 src tok/s; 5060 tgt tok/s;     70 s elapsed
Epoch 14,   450/  454; acc:  87.37; ppl:   1.67; 4549 src tok/s; 4744 tgt tok/s;     79 s elapsed
Train perplexity: 1.66992
Train accuracy: 87.4002
Validation perplexity: 6.70804
Validation accuracy: 69.2068
Decaying learning rate to 0.0078125

Epoch 15,    50/  454; acc:  87.07; ppl:   1.71; 4889 src tok/s; 5076 tgt tok/s;      9 s elapsed
Epoch 15,   100/  454; acc:  88.12; ppl:   1.63; 4881 src tok/s; 5085 tgt tok/s;     17 s elapsed
Epoch 15,   150/  454; acc:  87.18; ppl:   1.70; 4970 src tok/s; 5114 tgt tok/s;     26 s elapsed
Epoch 15,   200/  454; acc:  87.98; ppl:   1.63; 4850 src tok/s; 5040 tgt tok/s;     34 s elapsed
Epoch 15,   250/  454; acc:  87.65; ppl:   1.65; 4867 src tok/s; 5068 tgt tok/s;     43 s elapsed
Epoch 15,   300/  454; acc:  87.66; ppl:   1.64; 4878 src tok/s; 5049 tgt tok/s;     51 s elapsed
Epoch 15,   350/  454; acc:  87.67; ppl:   1.64; 4807 src tok/s; 4959 tgt tok/s;     61 s elapsed
Epoch 15,   400/  454; acc:  87.46; ppl:   1.68; 4825 src tok/s; 5047 tgt tok/s;     69 s elapsed
Epoch 15,   450/  454; acc:  87.28; ppl:   1.67; 4462 src tok/s; 4641 tgt tok/s;     78 s elapsed
Train perplexity: 1.66072
Train accuracy: 87.5558
Validation perplexity: 6.72914
Validation accuracy: 69.228
Decaying learning rate to 0.00390625

Epoch 16,    50/  454; acc:  87.79; ppl:   1.66; 4783 src tok/s; 4967 tgt tok/s;      9 s elapsed
Epoch 16,   100/  454; acc:  87.74; ppl:   1.65; 4814 src tok/s; 4999 tgt tok/s;     18 s elapsed
Epoch 16,   150/  454; acc:  87.88; ppl:   1.65; 4778 src tok/s; 4984 tgt tok/s;     26 s elapsed
Epoch 16,   200/  454; acc:  87.35; ppl:   1.67; 4926 src tok/s; 5110 tgt tok/s;     35 s elapsed
Epoch 16,   250/  454; acc:  88.33; ppl:   1.61; 4920 src tok/s; 5091 tgt tok/s;     43 s elapsed
Epoch 16,   300/  454; acc:  87.23; ppl:   1.68; 4797 src tok/s; 4978 tgt tok/s;     52 s elapsed
Epoch 16,   350/  454; acc:  87.89; ppl:   1.62; 4880 src tok/s; 5077 tgt tok/s;     61 s elapsed
Epoch 16,   400/  454; acc:  87.48; ppl:   1.68; 4997 src tok/s; 5177 tgt tok/s;     69 s elapsed
Epoch 16,   450/  454; acc:  87.31; ppl:   1.68; 4509 src tok/s; 4669 tgt tok/s;     78 s elapsed
Train perplexity: 1.6558
Train accuracy: 87.6702
Validation perplexity: 6.73537
Validation accuracy: 69.228
Decaying learning rate to 0.00195312

Epoch 17,    50/  454; acc:  88.02; ppl:   1.64; 4913 src tok/s; 5100 tgt tok/s;      8 s elapsed
Epoch 17,   100/  454; acc:  87.17; ppl:   1.69; 4824 src tok/s; 5011 tgt tok/s;     17 s elapsed
Epoch 17,   150/  454; acc:  87.88; ppl:   1.63; 4890 src tok/s; 5097 tgt tok/s;     26 s elapsed
Epoch 17,   200/  454; acc:  87.12; ppl:   1.70; 5069 src tok/s; 5212 tgt tok/s;     34 s elapsed
Epoch 17,   250/  454; acc:  87.90; ppl:   1.63; 4894 src tok/s; 5071 tgt tok/s;     43 s elapsed
Epoch 17,   300/  454; acc:  87.57; ppl:   1.67; 4862 src tok/s; 5079 tgt tok/s;     51 s elapsed
Epoch 17,   350/  454; acc:  87.84; ppl:   1.65; 4914 src tok/s; 5098 tgt tok/s;     60 s elapsed
Epoch 17,   400/  454; acc:  87.81; ppl:   1.65; 4589 src tok/s; 4770 tgt tok/s;     69 s elapsed
Epoch 17,   450/  454; acc:  87.69; ppl:   1.64; 4876 src tok/s; 5037 tgt tok/s;     78 s elapsed
Train perplexity: 1.65402
Train accuracy: 87.6732
Validation perplexity: 6.73866
Validation accuracy: 69.1926
Decaying learning rate to 0.000976562
