<module 'opts' from '/u/suhubdyd/research/projects/jumble_lstm/code/auxiliary-nmt/opts.pyc'>
Namespace(batch_size=64, brnn=False, brnn_merge='concat', cnn_kernel_width=3, context_gate=None, copy_attn=False, copy_attn_force=False, coverage_attn=False, data='/data/lisatmp3/suhubdyd/multi30k.atok.low', dec_layers=1, decay_method='', decoder_type='rnn', dropout=0.6, enc_layers=2, encoder_type='rnn', epochs=17, exp='', exp_host='', feat_merge='concat', feat_vec_exponent=0.7, feat_vec_size=-1, fix_word_vecs_dec=False, fix_word_vecs_enc=False, global_attention='general', gpuid=[0], input_feed=1, kappa_dec=0.15, kappa_enc=0.15, lambda_coverage=1, layers=-1, learning_rate=1.0, learning_rate_decay=0.5, max_generator_batches=32, max_grad_norm=5, model_type='text', optim='sgd', param_init=0.1, position_encoding=False, pre_word_vecs_dec=None, pre_word_vecs_enc=None, report_every=50, rnn_size=500, rnn_type='LSTM', save_model='/data/lisatmp3/suhubdyd/models/encoder0.15_decoder0.15_dropout0.6', seed=-1, share_decoder_embeddings=False, share_embeddings=False, src_word_vec_size=500, start_checkpoint_at=0, start_decay_at=8, start_epoch=1, tgt_word_vec_size=500, train_from='', truncated_decoder=0, warmup_steps=4000, word_vec_size=-1)
('Using Kappa L2 loss on encoder', 0.15)
('Using Kappa L2 loss on decoder', 0.15)
Loading train and validate data from '/data/lisatmp3/suhubdyd/multi30k.atok.low'
 * number of training sentences: 29000
 * maximum batch size: 64
 * vocabulary size. source = 10841; target = 18563
Building model...
Intializing model parameters.
NMTModel (
  (encoder): RNNEncoder (
    (embeddings): Embeddings (
      (make_embedding): Sequential (
        (emb_luts): Elementwise (
          (0): Embedding(10841, 500, padding_idx=1)
        )
      )
    )
    (dropout): Dropout (p = 0.6)
    (rnn): LSTM(500, 500, dropout=0.6)
  )
  (decoder): InputFeedRNNDecoder (
    (embeddings): Embeddings (
      (make_embedding): Sequential (
        (emb_luts): Elementwise (
          (0): Embedding(18563, 500, padding_idx=1)
        )
      )
    )
    (dropout): Dropout (p = 0.6)
    (rnn): StackedLSTM (
      (dropout): Dropout (p = 0.6)
      (layers): ModuleList (
        (0): LSTMCell(1000, 500)
      )
    )
    (attn): GlobalAttention (
      (linear_in): Linear (500 -> 500)
      (linear_out): Linear (1000 -> 500)
      (sm): Softmax ()
      (tanh): Tanh ()
    )
  )
  (generator): Sequential (
    (0): Linear (500 -> 18563)
    (1): LogSoftmax ()
  )
)
* number of parameters: 29760063
('encoder: ', 7424500)
('decoder: ', 22335563)

Epoch  1,    50/  454; acc:   9.33; ppl: 36630.92; 6681 src tok/s; 6904 tgt tok/s;      6 s elapsed
Epoch  1,   100/  454; acc:  15.02; ppl: 1187.30; 7079 src tok/s; 7366 tgt tok/s;     12 s elapsed
Epoch  1,   150/  454; acc:  18.77; ppl: 450.10; 7179 src tok/s; 7446 tgt tok/s;     18 s elapsed
Epoch  1,   200/  454; acc:  21.22; ppl: 283.21; 6946 src tok/s; 7203 tgt tok/s;     24 s elapsed
Epoch  1,   250/  454; acc:  24.01; ppl: 168.31; 7177 src tok/s; 7440 tgt tok/s;     30 s elapsed
Epoch  1,   300/  454; acc:  27.62; ppl: 114.49; 7117 src tok/s; 7441 tgt tok/s;     36 s elapsed
Epoch  1,   350/  454; acc:  28.77; ppl:  99.80; 7106 src tok/s; 7317 tgt tok/s;     42 s elapsed
Epoch  1,   400/  454; acc:  31.36; ppl:  77.96; 6925 src tok/s; 7199 tgt tok/s;     48 s elapsed
Epoch  1,   450/  454; acc:  32.54; ppl:  70.15; 7013 src tok/s; 7291 tgt tok/s;     54 s elapsed
Train perplexity: 336.587
Train accuracy: 23.2833
Validation perplexity: 49.823
Validation accuracy: 37.7253

Epoch  2,    50/  454; acc:  34.84; ppl:  57.63; 7137 src tok/s; 7355 tgt tok/s;      6 s elapsed
Epoch  2,   100/  454; acc:  39.64; ppl:  40.63; 6792 src tok/s; 7096 tgt tok/s;     12 s elapsed
Epoch  2,   150/  454; acc:  40.91; ppl:  36.93; 7017 src tok/s; 7305 tgt tok/s;     18 s elapsed
Epoch  2,   200/  454; acc:  42.84; ppl:  32.53; 7151 src tok/s; 7389 tgt tok/s;     24 s elapsed
Epoch  2,   250/  454; acc:  45.09; ppl:  27.84; 7142 src tok/s; 7384 tgt tok/s;     30 s elapsed
Epoch  2,   300/  454; acc:  47.72; ppl:  24.13; 7017 src tok/s; 7282 tgt tok/s;     36 s elapsed
Epoch  2,   350/  454; acc:  48.82; ppl:  22.08; 7014 src tok/s; 7295 tgt tok/s;     42 s elapsed
Epoch  2,   400/  454; acc:  50.62; ppl:  19.64; 6867 src tok/s; 7130 tgt tok/s;     48 s elapsed
Epoch  2,   450/  454; acc:  51.34; ppl:  18.52; 6958 src tok/s; 7236 tgt tok/s;     54 s elapsed
Train perplexity: 29.0453
Train accuracy: 44.6981
Validation perplexity: 15.0144
Validation accuracy: 55.5768

Epoch  3,    50/  454; acc:  53.24; ppl:  15.55; 6780 src tok/s; 7056 tgt tok/s;      6 s elapsed
Epoch  3,   100/  454; acc:  54.66; ppl:  13.94; 6953 src tok/s; 7228 tgt tok/s;     12 s elapsed
Epoch  3,   150/  454; acc:  55.59; ppl:  13.13; 6916 src tok/s; 7194 tgt tok/s;     18 s elapsed
Epoch  3,   200/  454; acc:  54.94; ppl:  13.70; 7222 src tok/s; 7433 tgt tok/s;     24 s elapsed
Epoch  3,   250/  454; acc:  56.49; ppl:  12.45; 6954 src tok/s; 7200 tgt tok/s;     30 s elapsed
Epoch  3,   300/  454; acc:  57.55; ppl:  11.78; 7063 src tok/s; 7348 tgt tok/s;     36 s elapsed
Epoch  3,   350/  454; acc:  57.57; ppl:  11.60; 7137 src tok/s; 7391 tgt tok/s;     42 s elapsed
Epoch  3,   400/  454; acc:  58.15; ppl:  10.85; 7003 src tok/s; 7278 tgt tok/s;     48 s elapsed
Epoch  3,   450/  454; acc:  58.24; ppl:  11.29; 6946 src tok/s; 7227 tgt tok/s;     54 s elapsed
Train perplexity: 12.5953
Train accuracy: 56.3007
Validation perplexity: 10.3264
Validation accuracy: 59.9333

Epoch  4,    50/  454; acc:  60.23; ppl:   9.17; 6858 src tok/s; 7077 tgt tok/s;      6 s elapsed
Epoch  4,   100/  454; acc:  61.12; ppl:   8.55; 7154 src tok/s; 7442 tgt tok/s;     12 s elapsed
Epoch  4,   150/  454; acc:  60.94; ppl:   8.79; 7028 src tok/s; 7312 tgt tok/s;     18 s elapsed
Epoch  4,   200/  454; acc:  61.09; ppl:   8.48; 6971 src tok/s; 7265 tgt tok/s;     24 s elapsed
Epoch  4,   250/  454; acc:  61.72; ppl:   8.12; 7034 src tok/s; 7276 tgt tok/s;     30 s elapsed
Epoch  4,   300/  454; acc:  61.95; ppl:   8.32; 6793 src tok/s; 7073 tgt tok/s;     36 s elapsed
Epoch  4,   350/  454; acc:  61.59; ppl:   8.43; 6957 src tok/s; 7231 tgt tok/s;     42 s elapsed
Epoch  4,   400/  454; acc:  62.29; ppl:   8.11; 7034 src tok/s; 7285 tgt tok/s;     48 s elapsed
Epoch  4,   450/  454; acc:  61.85; ppl:   8.19; 7075 src tok/s; 7325 tgt tok/s;     54 s elapsed
Train perplexity: 8.44369
Train accuracy: 61.4394
Validation perplexity: 8.3872
Validation accuracy: 62.8211

Epoch  5,    50/  454; acc:  64.49; ppl:   6.55; 6947 src tok/s; 7192 tgt tok/s;      6 s elapsed
Epoch  5,   100/  454; acc:  64.16; ppl:   6.71; 6971 src tok/s; 7245 tgt tok/s;     12 s elapsed
Epoch  5,   150/  454; acc:  63.21; ppl:   6.94; 7011 src tok/s; 7214 tgt tok/s;     19 s elapsed
Epoch  5,   200/  454; acc:  65.56; ppl:   6.05; 6971 src tok/s; 7292 tgt tok/s;     24 s elapsed
Epoch  5,   250/  454; acc:  64.37; ppl:   6.44; 7203 src tok/s; 7439 tgt tok/s;     30 s elapsed
Epoch  5,   300/  454; acc:  64.10; ppl:   6.72; 6867 src tok/s; 7184 tgt tok/s;     36 s elapsed
Epoch  5,   350/  454; acc:  64.22; ppl:   6.72; 7018 src tok/s; 7267 tgt tok/s;     42 s elapsed
Epoch  5,   400/  454; acc:  65.32; ppl:   6.18; 7205 src tok/s; 7449 tgt tok/s;     48 s elapsed
Epoch  5,   450/  454; acc:  64.76; ppl:   6.37; 6868 src tok/s; 7175 tgt tok/s;     54 s elapsed
Train perplexity: 6.51565
Train accuracy: 64.4676
Validation perplexity: 7.45083
Validation accuracy: 63.9137

Epoch  6,    50/  454; acc:  67.75; ppl:   5.08; 6884 src tok/s; 7153 tgt tok/s;      6 s elapsed
Epoch  6,   100/  454; acc:  66.53; ppl:   5.34; 7015 src tok/s; 7285 tgt tok/s;     12 s elapsed
Epoch  6,   150/  454; acc:  67.56; ppl:   5.07; 6945 src tok/s; 7260 tgt tok/s;     18 s elapsed
Epoch  6,   200/  454; acc:  66.09; ppl:   5.52; 7062 src tok/s; 7282 tgt tok/s;     24 s elapsed
Epoch  6,   250/  454; acc:  65.85; ppl:   5.66; 6909 src tok/s; 7158 tgt tok/s;     30 s elapsed
Epoch  6,   300/  454; acc:  66.96; ppl:   5.29; 7100 src tok/s; 7362 tgt tok/s;     36 s elapsed
Epoch  6,   350/  454; acc:  67.18; ppl:   5.28; 7081 src tok/s; 7327 tgt tok/s;     42 s elapsed
Epoch  6,   400/  454; acc:  66.59; ppl:   5.45; 7060 src tok/s; 7326 tgt tok/s;     48 s elapsed
Epoch  6,   450/  454; acc:  66.73; ppl:   5.37; 6980 src tok/s; 7262 tgt tok/s;     54 s elapsed
Train perplexity: 5.34019
Train accuracy: 66.7966
Validation perplexity: 7.01036
Validation accuracy: 66.1913

Epoch  7,    50/  454; acc:  69.54; ppl:   4.33; 6963 src tok/s; 7196 tgt tok/s;      6 s elapsed
Epoch  7,   100/  454; acc:  68.68; ppl:   4.50; 7020 src tok/s; 7284 tgt tok/s;     12 s elapsed
Epoch  7,   150/  454; acc:  68.96; ppl:   4.44; 7087 src tok/s; 7317 tgt tok/s;     18 s elapsed
Epoch  7,   200/  454; acc:  68.64; ppl:   4.51; 7108 src tok/s; 7368 tgt tok/s;     24 s elapsed
Epoch  7,   250/  454; acc:  68.61; ppl:   4.60; 7073 src tok/s; 7325 tgt tok/s;     30 s elapsed
Epoch  7,   300/  454; acc:  68.23; ppl:   4.62; 6984 src tok/s; 7252 tgt tok/s;     36 s elapsed
Epoch  7,   350/  454; acc:  68.32; ppl:   4.70; 6957 src tok/s; 7263 tgt tok/s;     42 s elapsed
Epoch  7,   400/  454; acc:  68.17; ppl:   4.65; 7017 src tok/s; 7308 tgt tok/s;     48 s elapsed
Epoch  7,   450/  454; acc:  68.86; ppl:   4.51; 6836 src tok/s; 7121 tgt tok/s;     54 s elapsed
Train perplexity: 4.55078
Train accuracy: 68.6213
Validation perplexity: 6.5279
Validation accuracy: 67.213

Epoch  8,    50/  454; acc:  71.08; ppl:   3.81; 6873 src tok/s; 7142 tgt tok/s;      6 s elapsed
Epoch  8,   100/  454; acc:  70.49; ppl:   3.86; 7042 src tok/s; 7304 tgt tok/s;     12 s elapsed
Epoch  8,   150/  454; acc:  70.89; ppl:   3.78; 7134 src tok/s; 7426 tgt tok/s;     18 s elapsed
Epoch  8,   200/  454; acc:  69.89; ppl:   4.06; 6950 src tok/s; 7216 tgt tok/s;     24 s elapsed
Epoch  8,   250/  454; acc:  70.15; ppl:   3.95; 7281 src tok/s; 7499 tgt tok/s;     30 s elapsed
Epoch  8,   300/  454; acc:  69.39; ppl:   4.15; 6860 src tok/s; 7163 tgt tok/s;     36 s elapsed
Epoch  8,   350/  454; acc:  69.00; ppl:   4.25; 6966 src tok/s; 7228 tgt tok/s;     42 s elapsed
Epoch  8,   400/  454; acc:  70.20; ppl:   4.00; 7128 src tok/s; 7372 tgt tok/s;     48 s elapsed
Epoch  8,   450/  454; acc:  69.97; ppl:   4.04; 6780 src tok/s; 7052 tgt tok/s;     54 s elapsed
Train perplexity: 3.9998
Train accuracy: 70.0574
Validation perplexity: 6.63677
Validation accuracy: 66.7873
Decaying learning rate to 0.5

Epoch  9,    50/  454; acc:  73.21; ppl:   3.33; 6965 src tok/s; 7195 tgt tok/s;      6 s elapsed
Epoch  9,   100/  454; acc:  75.37; ppl:   2.96; 6903 src tok/s; 7159 tgt tok/s;     12 s elapsed
Epoch  9,   150/  454; acc:  73.60; ppl:   3.22; 7057 src tok/s; 7249 tgt tok/s;     19 s elapsed
Epoch  9,   200/  454; acc:  75.65; ppl:   2.89; 7003 src tok/s; 7352 tgt tok/s;     24 s elapsed
Epoch  9,   250/  454; acc:  73.89; ppl:   3.19; 6970 src tok/s; 7265 tgt tok/s;     30 s elapsed
Epoch  9,   300/  454; acc:  74.65; ppl:   3.02; 7002 src tok/s; 7282 tgt tok/s;     36 s elapsed
Epoch  9,   350/  454; acc:  74.92; ppl:   2.94; 7000 src tok/s; 7316 tgt tok/s;     42 s elapsed
Epoch  9,   400/  454; acc:  73.59; ppl:   3.21; 6965 src tok/s; 7186 tgt tok/s;     48 s elapsed
Epoch  9,   450/  454; acc:  74.34; ppl:   3.08; 7019 src tok/s; 7274 tgt tok/s;     54 s elapsed
Train perplexity: 3.09172
Train accuracy: 74.3569
Validation perplexity: 5.94431
Validation accuracy: 69.1997
Decaying learning rate to 0.25

Epoch 10,    50/  454; acc:  77.29; ppl:   2.64; 6835 src tok/s; 7104 tgt tok/s;      6 s elapsed
Epoch 10,   100/  454; acc:  77.70; ppl:   2.58; 7238 src tok/s; 7482 tgt tok/s;     12 s elapsed
Epoch 10,   150/  454; acc:  76.95; ppl:   2.70; 7025 src tok/s; 7292 tgt tok/s;     18 s elapsed
Epoch 10,   200/  454; acc:  78.16; ppl:   2.53; 7091 src tok/s; 7374 tgt tok/s;     24 s elapsed
Epoch 10,   250/  454; acc:  77.18; ppl:   2.66; 7008 src tok/s; 7264 tgt tok/s;     30 s elapsed
Epoch 10,   300/  454; acc:  77.12; ppl:   2.61; 6910 src tok/s; 7208 tgt tok/s;     36 s elapsed
Epoch 10,   350/  454; acc:  76.62; ppl:   2.70; 7073 src tok/s; 7299 tgt tok/s;     42 s elapsed
Epoch 10,   400/  454; acc:  77.26; ppl:   2.62; 6879 src tok/s; 7157 tgt tok/s;     48 s elapsed
Epoch 10,   450/  454; acc:  76.78; ppl:   2.71; 6834 src tok/s; 7092 tgt tok/s;     54 s elapsed
Train perplexity: 2.63924
Train accuracy: 77.2264
Validation perplexity: 5.86373
Validation accuracy: 69.597
Decaying learning rate to 0.125

Epoch 11,    50/  454; acc:  80.09; ppl:   2.27; 6576 src tok/s; 6881 tgt tok/s;      6 s elapsed
Epoch 11,   100/  454; acc:  78.22; ppl:   2.53; 7104 src tok/s; 7301 tgt tok/s;     12 s elapsed
Epoch 11,   150/  454; acc:  77.37; ppl:   2.64; 7200 src tok/s; 7413 tgt tok/s;     18 s elapsed
Epoch 11,   200/  454; acc:  79.99; ppl:   2.29; 6854 src tok/s; 7181 tgt tok/s;     24 s elapsed
Epoch 11,   250/  454; acc:  79.22; ppl:   2.39; 6939 src tok/s; 7251 tgt tok/s;     30 s elapsed
Epoch 11,   300/  454; acc:  78.84; ppl:   2.46; 7018 src tok/s; 7286 tgt tok/s;     36 s elapsed
Epoch 11,   350/  454; acc:  78.93; ppl:   2.40; 7056 src tok/s; 7300 tgt tok/s;     42 s elapsed
Epoch 11,   400/  454; acc:  78.93; ppl:   2.43; 7101 src tok/s; 7340 tgt tok/s;     48 s elapsed
Epoch 11,   450/  454; acc:  78.83; ppl:   2.44; 6868 src tok/s; 7136 tgt tok/s;     54 s elapsed
Train perplexity: 2.42705
Train accuracy: 78.9251
Validation perplexity: 5.86277
Validation accuracy: 69.9163
Decaying learning rate to 0.0625

Epoch 12,    50/  454; acc:  79.33; ppl:   2.39; 6895 src tok/s; 7166 tgt tok/s;      6 s elapsed
Epoch 12,   100/  454; acc:  80.52; ppl:   2.23; 6941 src tok/s; 7208 tgt tok/s;     12 s elapsed
Epoch 12,   150/  454; acc:  80.78; ppl:   2.22; 7025 src tok/s; 7303 tgt tok/s;     18 s elapsed
Epoch 12,   200/  454; acc:  79.00; ppl:   2.46; 7011 src tok/s; 7256 tgt tok/s;     24 s elapsed
Epoch 12,   250/  454; acc:  79.66; ppl:   2.34; 7081 src tok/s; 7353 tgt tok/s;     30 s elapsed
Epoch 12,   300/  454; acc:  80.08; ppl:   2.29; 7119 src tok/s; 7398 tgt tok/s;     36 s elapsed
Epoch 12,   350/  454; acc:  78.81; ppl:   2.42; 7057 src tok/s; 7310 tgt tok/s;     42 s elapsed
Epoch 12,   400/  454; acc:  80.32; ppl:   2.26; 6928 src tok/s; 7201 tgt tok/s;     48 s elapsed
Epoch 12,   450/  454; acc:  79.89; ppl:   2.32; 6867 src tok/s; 7105 tgt tok/s;     54 s elapsed
Train perplexity: 2.32626
Train accuracy: 79.8186
Validation perplexity: 5.83511
Validation accuracy: 69.9376
Decaying learning rate to 0.03125

Epoch 13,    50/  454; acc:  81.08; ppl:   2.18; 6910 src tok/s; 7233 tgt tok/s;      6 s elapsed
Epoch 13,   100/  454; acc:  79.45; ppl:   2.35; 6966 src tok/s; 7206 tgt tok/s;     12 s elapsed
Epoch 13,   150/  454; acc:  80.32; ppl:   2.28; 7000 src tok/s; 7277 tgt tok/s;     18 s elapsed
Epoch 13,   200/  454; acc:  80.29; ppl:   2.26; 7097 src tok/s; 7377 tgt tok/s;     24 s elapsed
Epoch 13,   250/  454; acc:  80.28; ppl:   2.23; 7050 src tok/s; 7316 tgt tok/s;     30 s elapsed
Epoch 13,   300/  454; acc:  79.79; ppl:   2.33; 6934 src tok/s; 7169 tgt tok/s;     36 s elapsed
Epoch 13,   350/  454; acc:  79.90; ppl:   2.31; 6985 src tok/s; 7216 tgt tok/s;     42 s elapsed
Epoch 13,   400/  454; acc:  80.39; ppl:   2.23; 7120 src tok/s; 7394 tgt tok/s;     48 s elapsed
Epoch 13,   450/  454; acc:  80.63; ppl:   2.21; 6875 src tok/s; 7147 tgt tok/s;     54 s elapsed
Train perplexity: 2.27308
Train accuracy: 80.1565
Validation perplexity: 5.8482
Validation accuracy: 69.9021
Decaying learning rate to 0.015625

Epoch 14,    50/  454; acc:  80.17; ppl:   2.28; 6883 src tok/s; 7114 tgt tok/s;      6 s elapsed
Epoch 14,   100/  454; acc:  81.10; ppl:   2.18; 7097 src tok/s; 7342 tgt tok/s;     12 s elapsed
Epoch 14,   150/  454; acc:  81.55; ppl:   2.14; 6934 src tok/s; 7277 tgt tok/s;     18 s elapsed
Epoch 14,   200/  454; acc:  79.43; ppl:   2.36; 7009 src tok/s; 7215 tgt tok/s;     24 s elapsed
Epoch 14,   250/  454; acc:  79.92; ppl:   2.32; 6953 src tok/s; 7202 tgt tok/s;     30 s elapsed
Epoch 14,   300/  454; acc:  80.69; ppl:   2.22; 6966 src tok/s; 7229 tgt tok/s;     36 s elapsed
Epoch 14,   350/  454; acc:  79.69; ppl:   2.34; 7036 src tok/s; 7292 tgt tok/s;     42 s elapsed
Epoch 14,   400/  454; acc:  81.61; ppl:   2.14; 6949 src tok/s; 7255 tgt tok/s;     48 s elapsed
Epoch 14,   450/  454; acc:  80.44; ppl:   2.24; 6884 src tok/s; 7180 tgt tok/s;     54 s elapsed
Train perplexity: 2.25298
Train accuracy: 80.4346
Validation perplexity: 5.85412
Validation accuracy: 69.9305
Decaying learning rate to 0.0078125

Epoch 15,    50/  454; acc:  80.91; ppl:   2.19; 6932 src tok/s; 7200 tgt tok/s;      6 s elapsed
Epoch 15,   100/  454; acc:  79.97; ppl:   2.29; 7010 src tok/s; 7281 tgt tok/s;     12 s elapsed
Epoch 15,   150/  454; acc:  81.44; ppl:   2.13; 7074 src tok/s; 7367 tgt tok/s;     18 s elapsed
Epoch 15,   200/  454; acc:  80.22; ppl:   2.28; 7024 src tok/s; 7248 tgt tok/s;     24 s elapsed
Epoch 15,   250/  454; acc:  80.68; ppl:   2.21; 6967 src tok/s; 7236 tgt tok/s;     30 s elapsed
Epoch 15,   300/  454; acc:  80.51; ppl:   2.26; 7102 src tok/s; 7370 tgt tok/s;     36 s elapsed
Epoch 15,   350/  454; acc:  81.10; ppl:   2.14; 6929 src tok/s; 7220 tgt tok/s;     42 s elapsed
Epoch 15,   400/  454; acc:  79.50; ppl:   2.36; 7090 src tok/s; 7323 tgt tok/s;     48 s elapsed
Epoch 15,   450/  454; acc:  80.23; ppl:   2.27; 6912 src tok/s; 7172 tgt tok/s;     54 s elapsed
Train perplexity: 2.23487
Train accuracy: 80.5242
Validation perplexity: 5.86251
Validation accuracy: 69.9163
Decaying learning rate to 0.00390625

Epoch 16,    50/  454; acc:  81.00; ppl:   2.20; 6854 src tok/s; 7128 tgt tok/s;      6 s elapsed
Epoch 16,   100/  454; acc:  80.36; ppl:   2.25; 6921 src tok/s; 7157 tgt tok/s;     12 s elapsed
Epoch 16,   150/  454; acc:  80.63; ppl:   2.25; 7037 src tok/s; 7291 tgt tok/s;     18 s elapsed
Epoch 16,   200/  454; acc:  81.31; ppl:   2.15; 6997 src tok/s; 7292 tgt tok/s;     24 s elapsed
Epoch 16,   250/  454; acc:  80.53; ppl:   2.24; 7081 src tok/s; 7290 tgt tok/s;     30 s elapsed
Epoch 16,   300/  454; acc:  80.51; ppl:   2.26; 6939 src tok/s; 7240 tgt tok/s;     36 s elapsed
Epoch 16,   350/  454; acc:  81.06; ppl:   2.16; 6882 src tok/s; 7191 tgt tok/s;     42 s elapsed
Epoch 16,   400/  454; acc:  79.98; ppl:   2.29; 7212 src tok/s; 7451 tgt tok/s;     48 s elapsed
Epoch 16,   450/  454; acc:  80.17; ppl:   2.26; 6897 src tok/s; 7157 tgt tok/s;     54 s elapsed
Train perplexity: 2.22554
Train accuracy: 80.6302
Validation perplexity: 5.86158
Validation accuracy: 69.9092
Decaying learning rate to 0.00195312

Epoch 17,    50/  454; acc:  80.34; ppl:   2.23; 6994 src tok/s; 7270 tgt tok/s;      6 s elapsed
Epoch 17,   100/  454; acc:  80.94; ppl:   2.17; 7007 src tok/s; 7255 tgt tok/s;     12 s elapsed
Epoch 17,   150/  454; acc:  80.37; ppl:   2.25; 6983 src tok/s; 7233 tgt tok/s;     18 s elapsed
Epoch 17,   200/  454; acc:  81.09; ppl:   2.18; 7061 src tok/s; 7381 tgt tok/s;     24 s elapsed
Epoch 17,   250/  454; acc:  80.44; ppl:   2.23; 6944 src tok/s; 7201 tgt tok/s;     30 s elapsed
Epoch 17,   300/  454; acc:  80.60; ppl:   2.26; 7024 src tok/s; 7269 tgt tok/s;     36 s elapsed
Epoch 17,   350/  454; acc:  80.72; ppl:   2.26; 7019 src tok/s; 7312 tgt tok/s;     42 s elapsed
Epoch 17,   400/  454; acc:  80.55; ppl:   2.23; 7195 src tok/s; 7386 tgt tok/s;     48 s elapsed
Epoch 17,   450/  454; acc:  80.92; ppl:   2.20; 6920 src tok/s; 7242 tgt tok/s;     54 s elapsed
Train perplexity: 2.22421
Train accuracy: 80.6517
Validation perplexity: 5.86227
Validation accuracy: 69.9588
Decaying learning rate to 0.000976562
