<module 'opts' from '/u/suhubdyd/research/projects/jumble_lstm/code/auxiliary-nmt/opts.pyc'>
Namespace(batch_size=64, brnn=False, brnn_merge='concat', cnn_kernel_width=3, context_gate=None, copy_attn=False, copy_attn_force=False, coverage_attn=False, data='/data/lisatmp3/suhubdyd/multi30k.atok.low', dec_layers=1, decay_method='', decoder_type='rnn', dropout=0.3, enc_layers=2, encoder_type='rnn', epochs=17, exp='', exp_host='', feat_merge='concat', feat_vec_exponent=0.7, feat_vec_size=-1, fix_word_vecs_dec=False, fix_word_vecs_enc=False, global_attention='general', gpuid=[0], input_feed=1, kappa_dec=0.3, kappa_enc=0.3, lambda_coverage=1, layers=-1, learning_rate=1.0, learning_rate_decay=0.5, max_generator_batches=32, max_grad_norm=5, model_type='text', optim='sgd', param_init=0.1, position_encoding=False, pre_word_vecs_dec=None, pre_word_vecs_enc=None, report_every=50, rnn_size=500, rnn_type='LSTM', save_model='/data/lisatmp3/suhubdyd/models/seeds/encoder0.3decoder0.3dropout0.3wdropFalseseed4', seed=4, share_decoder_embeddings=False, share_embeddings=False, src_word_vec_size=500, start_checkpoint_at=0, start_decay_at=8, start_epoch=1, tgt_word_vec_size=500, train_from='', truncated_decoder=0, warmup_steps=4000, weightdropout=False, word_vec_size=-1)
('Using Kappa L2 loss on encoder', 0.3)
('Using Kappa L2 loss on decoder', 0.3)
Loading train and validate data from '/data/lisatmp3/suhubdyd/multi30k.atok.low'
 * number of training sentences: 29000
 * maximum batch size: 64
 * vocabulary size. source = 10841; target = 18563
Building model...
Intializing model parameters.
NMTModel (
  (encoder): RNNEncoder (
    (embeddings): Embeddings (
      (make_embedding): Sequential (
        (emb_luts): Elementwise (
          (0): Embedding(10841, 500, padding_idx=1)
        )
      )
    )
    (dropout): Dropout (p = 0.3)
    (rnn): LSTM(500, 500, dropout=0.3)
  )
  (decoder): InputFeedRNNDecoder (
    (embeddings): Embeddings (
      (make_embedding): Sequential (
        (emb_luts): Elementwise (
          (0): Embedding(18563, 500, padding_idx=1)
        )
      )
    )
    (dropout): Dropout (p = 0.3)
    (rnn): StackedLSTM (
      (dropout): Dropout (p = 0.3)
      (layers): ModuleList (
        (0): LSTMCell(1000, 500)
      )
    )
    (attn): GlobalAttention (
      (linear_in): Linear (500 -> 500)
      (linear_out): Linear (1000 -> 500)
      (sm): Softmax ()
      (tanh): Tanh ()
    )
  )
  (generator): Sequential (
    (0): Linear (500 -> 18563)
    (1): LogSoftmax ()
  )
)
* number of parameters: 29760063
('encoder: ', 7424500)
('decoder: ', 22335563)

Epoch  1,    50/  454; acc:   7.27; ppl: 16855.98; 2938 src tok/s; 3025 tgt tok/s;     15 s elapsed
Epoch  1,   100/  454; acc:  15.61; ppl: 978.52; 2990 src tok/s; 3122 tgt tok/s;     28 s elapsed
Epoch  1,   150/  454; acc:  17.59; ppl: 548.60; 3052 src tok/s; 3169 tgt tok/s;     42 s elapsed
Epoch  1,   200/  454; acc:  21.13; ppl: 260.33; 3022 src tok/s; 3143 tgt tok/s;     56 s elapsed
Epoch  1,   250/  454; acc:  24.69; ppl: 164.53; 3066 src tok/s; 3158 tgt tok/s;     70 s elapsed
Epoch  1,   300/  454; acc:  28.33; ppl: 120.90; 3001 src tok/s; 3135 tgt tok/s;     84 s elapsed
Epoch  1,   350/  454; acc:  30.90; ppl:  87.17; 3000 src tok/s; 3128 tgt tok/s;     97 s elapsed
Epoch  1,   400/  454; acc:  31.01; ppl:  85.52; 3013 src tok/s; 3117 tgt tok/s;    111 s elapsed
Epoch  1,   450/  454; acc:  33.96; ppl:  63.83; 3021 src tok/s; 3126 tgt tok/s;    125 s elapsed
Train perplexity: 305.272
Train accuracy: 23.428
Validation perplexity: 55.3689
Validation accuracy: 37.7253

Epoch  2,    50/  454; acc:  36.94; ppl:  50.76; 2979 src tok/s; 3107 tgt tok/s;     14 s elapsed
Epoch  2,   100/  454; acc:  39.29; ppl:  42.03; 3022 src tok/s; 3132 tgt tok/s;     28 s elapsed
Epoch  2,   150/  454; acc:  44.22; ppl:  31.45; 2995 src tok/s; 3124 tgt tok/s;     41 s elapsed
Epoch  2,   200/  454; acc:  43.34; ppl:  32.57; 3045 src tok/s; 3132 tgt tok/s;     56 s elapsed
Epoch  2,   250/  454; acc:  47.32; ppl:  25.51; 3004 src tok/s; 3141 tgt tok/s;     69 s elapsed
Epoch  2,   300/  454; acc:  47.38; ppl:  23.85; 3019 src tok/s; 3118 tgt tok/s;     84 s elapsed
Epoch  2,   350/  454; acc:  48.62; ppl:  22.91; 3012 src tok/s; 3105 tgt tok/s;     98 s elapsed
Epoch  2,   400/  454; acc:  52.14; ppl:  18.15; 2932 src tok/s; 3068 tgt tok/s;    112 s elapsed
Epoch  2,   450/  454; acc:  52.30; ppl:  17.77; 2966 src tok/s; 3071 tgt tok/s;    126 s elapsed
Train perplexity: 27.7229
Train accuracy: 45.7592
Validation perplexity: 16.841
Validation accuracy: 52.6465

Epoch  3,    50/  454; acc:  54.90; ppl:  14.34; 3001 src tok/s; 3121 tgt tok/s;     14 s elapsed
Epoch  3,   100/  454; acc:  54.30; ppl:  14.52; 3047 src tok/s; 3153 tgt tok/s;     28 s elapsed
Epoch  3,   150/  454; acc:  55.94; ppl:  13.15; 2973 src tok/s; 3094 tgt tok/s;     42 s elapsed
Epoch  3,   200/  454; acc:  56.88; ppl:  12.38; 3004 src tok/s; 3109 tgt tok/s;     56 s elapsed
Epoch  3,   250/  454; acc:  57.51; ppl:  12.03; 3043 src tok/s; 3141 tgt tok/s;     69 s elapsed
Epoch  3,   300/  454; acc:  57.78; ppl:  11.75; 2989 src tok/s; 3111 tgt tok/s;     83 s elapsed
Epoch  3,   350/  454; acc:  58.60; ppl:  11.16; 2991 src tok/s; 3106 tgt tok/s;     97 s elapsed
Epoch  3,   400/  454; acc:  58.61; ppl:  11.08; 3059 src tok/s; 3174 tgt tok/s;    111 s elapsed
Epoch  3,   450/  454; acc:  59.78; ppl:  10.17; 2982 src tok/s; 3107 tgt tok/s;    125 s elapsed
Train perplexity: 12.2264
Train accuracy: 57.122
Validation perplexity: 10.0379
Validation accuracy: 60.7564

Epoch  4,    50/  454; acc:  63.69; ppl:   7.61; 2678 src tok/s; 2814 tgt tok/s;     14 s elapsed
Epoch  4,   100/  454; acc:  59.87; ppl:   9.52; 2893 src tok/s; 2952 tgt tok/s;     30 s elapsed
Epoch  4,   150/  454; acc:  62.03; ppl:   8.32; 2940 src tok/s; 3064 tgt tok/s;     44 s elapsed
Epoch  4,   200/  454; acc:  61.37; ppl:   8.36; 2998 src tok/s; 3125 tgt tok/s;     58 s elapsed
Epoch  4,   250/  454; acc:  62.31; ppl:   8.14; 3064 src tok/s; 3165 tgt tok/s;     72 s elapsed
Epoch  4,   300/  454; acc:  62.71; ppl:   7.90; 3003 src tok/s; 3125 tgt tok/s;     86 s elapsed
Epoch  4,   350/  454; acc:  63.33; ppl:   7.67; 3033 src tok/s; 3165 tgt tok/s;     99 s elapsed
Epoch  4,   400/  454; acc:  62.23; ppl:   8.11; 2975 src tok/s; 3076 tgt tok/s;    114 s elapsed
Epoch  4,   450/  454; acc:  63.25; ppl:   7.77; 2969 src tok/s; 3083 tgt tok/s;    128 s elapsed
Train perplexity: 8.14907
Train accuracy: 62.2891
Validation perplexity: 8.22764
Validation accuracy: 62.9204

Epoch  5,    50/  454; acc:  66.16; ppl:   6.08; 2993 src tok/s; 3111 tgt tok/s;     14 s elapsed
Epoch  5,   100/  454; acc:  65.78; ppl:   6.13; 3034 src tok/s; 3143 tgt tok/s;     28 s elapsed
Epoch  5,   150/  454; acc:  66.30; ppl:   5.97; 2844 src tok/s; 2967 tgt tok/s;     42 s elapsed
Epoch  5,   200/  454; acc:  65.50; ppl:   6.18; 3031 src tok/s; 3122 tgt tok/s;     56 s elapsed
Epoch  5,   250/  454; acc:  65.10; ppl:   6.39; 3002 src tok/s; 3109 tgt tok/s;     71 s elapsed
Epoch  5,   300/  454; acc:  66.16; ppl:   6.01; 3042 src tok/s; 3182 tgt tok/s;     84 s elapsed
Epoch  5,   350/  454; acc:  65.51; ppl:   6.28; 3006 src tok/s; 3118 tgt tok/s;     98 s elapsed
Epoch  5,   400/  454; acc:  65.48; ppl:   6.30; 2944 src tok/s; 3042 tgt tok/s;    112 s elapsed
Epoch  5,   450/  454; acc:  65.09; ppl:   6.44; 2947 src tok/s; 3061 tgt tok/s;    126 s elapsed
Train perplexity: 6.18992
Train accuracy: 65.6866
Validation perplexity: 7.20951
Validation accuracy: 66.1984

Epoch  6,    50/  454; acc:  69.30; ppl:   4.71; 2949 src tok/s; 3075 tgt tok/s;     14 s elapsed
Epoch  6,   100/  454; acc:  67.71; ppl:   5.14; 3027 src tok/s; 3122 tgt tok/s;     28 s elapsed
Epoch  6,   150/  454; acc:  69.09; ppl:   4.63; 2997 src tok/s; 3133 tgt tok/s;     42 s elapsed
Epoch  6,   200/  454; acc:  67.28; ppl:   5.28; 3031 src tok/s; 3116 tgt tok/s;     56 s elapsed
Epoch  6,   250/  454; acc:  67.56; ppl:   5.26; 2995 src tok/s; 3115 tgt tok/s;     70 s elapsed
Epoch  6,   300/  454; acc:  68.18; ppl:   5.03; 3058 src tok/s; 3175 tgt tok/s;     84 s elapsed
Epoch  6,   350/  454; acc:  67.99; ppl:   5.13; 2973 src tok/s; 3069 tgt tok/s;     98 s elapsed
Epoch  6,   400/  454; acc:  68.72; ppl:   4.83; 3030 src tok/s; 3149 tgt tok/s;    112 s elapsed
Epoch  6,   450/  454; acc:  67.35; ppl:   5.27; 2927 src tok/s; 3052 tgt tok/s;    126 s elapsed
Train perplexity: 5.03046
Train accuracy: 68.1159
Validation perplexity: 7.02099
Validation accuracy: 65.5669

Epoch  7,    50/  454; acc:  70.23; ppl:   4.22; 2952 src tok/s; 3028 tgt tok/s;     15 s elapsed
Epoch  7,   100/  454; acc:  72.13; ppl:   3.72; 2987 src tok/s; 3131 tgt tok/s;     28 s elapsed
Epoch  7,   150/  454; acc:  69.37; ppl:   4.45; 3049 src tok/s; 3137 tgt tok/s;     43 s elapsed
Epoch  7,   200/  454; acc:  71.48; ppl:   3.90; 2964 src tok/s; 3106 tgt tok/s;     56 s elapsed
Epoch  7,   250/  454; acc:  70.93; ppl:   4.11; 2966 src tok/s; 3109 tgt tok/s;     70 s elapsed
Epoch  7,   300/  454; acc:  69.34; ppl:   4.53; 3038 src tok/s; 3132 tgt tok/s;     84 s elapsed
Epoch  7,   350/  454; acc:  70.99; ppl:   4.05; 2977 src tok/s; 3108 tgt tok/s;     97 s elapsed
Epoch  7,   400/  454; acc:  68.04; ppl:   4.75; 2895 src tok/s; 3006 tgt tok/s;    113 s elapsed
Epoch  7,   450/  454; acc:  69.54; ppl:   4.51; 2921 src tok/s; 3013 tgt tok/s;    127 s elapsed
Train perplexity: 4.24445
Train accuracy: 70.1874
Validation perplexity: 6.68828
Validation accuracy: 66.8582

Epoch  8,    50/  454; acc:  73.37; ppl:   3.41; 2956 src tok/s; 3095 tgt tok/s;     14 s elapsed
Epoch  8,   100/  454; acc:  72.19; ppl:   3.60; 3045 src tok/s; 3147 tgt tok/s;     28 s elapsed
Epoch  8,   150/  454; acc:  72.57; ppl:   3.56; 2989 src tok/s; 3103 tgt tok/s;     42 s elapsed
Epoch  8,   200/  454; acc:  71.83; ppl:   3.68; 3016 src tok/s; 3121 tgt tok/s;     56 s elapsed
Epoch  8,   250/  454; acc:  71.96; ppl:   3.71; 2989 src tok/s; 3094 tgt tok/s;     70 s elapsed
Epoch  8,   300/  454; acc:  71.77; ppl:   3.67; 2980 src tok/s; 3100 tgt tok/s;     84 s elapsed
Epoch  8,   350/  454; acc:  70.84; ppl:   3.90; 3020 src tok/s; 3120 tgt tok/s;     98 s elapsed
Epoch  8,   400/  454; acc:  71.39; ppl:   3.73; 2976 src tok/s; 3096 tgt tok/s;    112 s elapsed
Epoch  8,   450/  454; acc:  71.18; ppl:   3.96; 2866 src tok/s; 2976 tgt tok/s;    126 s elapsed
Train perplexity: 3.69436
Train accuracy: 71.8727
Validation perplexity: 6.65452
Validation accuracy: 66.5319
Decaying learning rate to 0.5

Epoch  9,    50/  454; acc:  77.00; ppl:   2.77; 2986 src tok/s; 3114 tgt tok/s;     14 s elapsed
Epoch  9,   100/  454; acc:  76.75; ppl:   2.78; 3009 src tok/s; 3105 tgt tok/s;     28 s elapsed
Epoch  9,   150/  454; acc:  76.36; ppl:   2.81; 3059 src tok/s; 3171 tgt tok/s;     42 s elapsed
Epoch  9,   200/  454; acc:  77.44; ppl:   2.68; 3025 src tok/s; 3141 tgt tok/s;     55 s elapsed
Epoch  9,   250/  454; acc:  77.14; ppl:   2.71; 2980 src tok/s; 3084 tgt tok/s;     69 s elapsed
Epoch  9,   300/  454; acc:  76.31; ppl:   2.86; 2955 src tok/s; 3065 tgt tok/s;     84 s elapsed
Epoch  9,   350/  454; acc:  76.83; ppl:   2.76; 2999 src tok/s; 3125 tgt tok/s;     98 s elapsed
Epoch  9,   400/  454; acc:  76.11; ppl:   2.86; 3007 src tok/s; 3127 tgt tok/s;    112 s elapsed
Epoch  9,   450/  454; acc:  75.83; ppl:   2.92; 2981 src tok/s; 3083 tgt tok/s;    126 s elapsed
Train perplexity: 2.79024
Train accuracy: 76.6711
Validation perplexity: 6.20337
Validation accuracy: 68.8023
Decaying learning rate to 0.25

Epoch 10,    50/  454; acc:  79.78; ppl:   2.37; 2970 src tok/s; 3072 tgt tok/s;     15 s elapsed
Epoch 10,   100/  454; acc:  81.26; ppl:   2.19; 2971 src tok/s; 3115 tgt tok/s;     28 s elapsed
Epoch 10,   150/  454; acc:  80.06; ppl:   2.34; 3023 src tok/s; 3117 tgt tok/s;     43 s elapsed
Epoch 10,   200/  454; acc:  80.65; ppl:   2.26; 2995 src tok/s; 3120 tgt tok/s;     56 s elapsed
Epoch 10,   250/  454; acc:  79.77; ppl:   2.38; 2922 src tok/s; 3036 tgt tok/s;     70 s elapsed
Epoch 10,   300/  454; acc:  80.30; ppl:   2.31; 3024 src tok/s; 3145 tgt tok/s;     84 s elapsed
Epoch 10,   350/  454; acc:  80.38; ppl:   2.27; 3034 src tok/s; 3154 tgt tok/s;     98 s elapsed
Epoch 10,   400/  454; acc:  79.46; ppl:   2.39; 3015 src tok/s; 3115 tgt tok/s;    112 s elapsed
Epoch 10,   450/  454; acc:  80.09; ppl:   2.34; 2921 src tok/s; 3026 tgt tok/s;    126 s elapsed
Train perplexity: 2.31798
Train accuracy: 80.1793
Validation perplexity: 6.20193
Validation accuracy: 69.2493
Decaying learning rate to 0.125

Epoch 11,    50/  454; acc:  83.50; ppl:   1.97; 2963 src tok/s; 3093 tgt tok/s;     13 s elapsed
Epoch 11,   100/  454; acc:  81.92; ppl:   2.15; 3018 src tok/s; 3119 tgt tok/s;     28 s elapsed
Epoch 11,   150/  454; acc:  82.43; ppl:   2.07; 2976 src tok/s; 3116 tgt tok/s;     41 s elapsed
Epoch 11,   200/  454; acc:  81.91; ppl:   2.16; 2974 src tok/s; 3062 tgt tok/s;     56 s elapsed
Epoch 11,   250/  454; acc:  82.33; ppl:   2.11; 2992 src tok/s; 3093 tgt tok/s;     70 s elapsed
Epoch 11,   300/  454; acc:  82.08; ppl:   2.09; 3027 src tok/s; 3146 tgt tok/s;     84 s elapsed
Epoch 11,   350/  454; acc:  82.97; ppl:   2.03; 3012 src tok/s; 3139 tgt tok/s;     97 s elapsed
Epoch 11,   400/  454; acc:  81.06; ppl:   2.23; 3031 src tok/s; 3131 tgt tok/s;    112 s elapsed
Epoch 11,   450/  454; acc:  81.58; ppl:   2.14; 2965 src tok/s; 3085 tgt tok/s;    126 s elapsed
Train perplexity: 2.10225
Train accuracy: 82.2059
Validation perplexity: 6.34622
Validation accuracy: 69.6183
Decaying learning rate to 0.0625

Epoch 12,    50/  454; acc:  82.77; ppl:   2.08; 2923 src tok/s; 3018 tgt tok/s;     15 s elapsed
Epoch 12,   100/  454; acc:  84.25; ppl:   1.90; 2939 src tok/s; 3064 tgt tok/s;     29 s elapsed
Epoch 12,   150/  454; acc:  84.10; ppl:   1.93; 2989 src tok/s; 3130 tgt tok/s;     42 s elapsed
Epoch 12,   200/  454; acc:  82.41; ppl:   2.04; 3013 src tok/s; 3115 tgt tok/s;     57 s elapsed
Epoch 12,   250/  454; acc:  82.74; ppl:   2.04; 2992 src tok/s; 3096 tgt tok/s;     71 s elapsed
Epoch 12,   300/  454; acc:  82.90; ppl:   2.00; 3062 src tok/s; 3173 tgt tok/s;     84 s elapsed
Epoch 12,   350/  454; acc:  83.14; ppl:   2.00; 2947 src tok/s; 3071 tgt tok/s;     98 s elapsed
Epoch 12,   400/  454; acc:  83.34; ppl:   2.01; 2933 src tok/s; 3030 tgt tok/s;    113 s elapsed
Epoch 12,   450/  454; acc:  83.54; ppl:   1.97; 2934 src tok/s; 3053 tgt tok/s;    127 s elapsed
Train perplexity: 2.00082
Train accuracy: 83.1797
Validation perplexity: 6.39659
Validation accuracy: 69.597
Decaying learning rate to 0.03125

Epoch 13,    50/  454; acc:  83.18; ppl:   2.00; 2983 src tok/s; 3090 tgt tok/s;     14 s elapsed
Epoch 13,   100/  454; acc:  84.28; ppl:   1.92; 2995 src tok/s; 3105 tgt tok/s;     28 s elapsed
Epoch 13,   150/  454; acc:  84.57; ppl:   1.87; 2981 src tok/s; 3114 tgt tok/s;     42 s elapsed
Epoch 13,   200/  454; acc:  83.28; ppl:   2.01; 2985 src tok/s; 3099 tgt tok/s;     56 s elapsed
Epoch 13,   250/  454; acc:  83.54; ppl:   1.98; 2974 src tok/s; 3090 tgt tok/s;     71 s elapsed
Epoch 13,   300/  454; acc:  84.17; ppl:   1.92; 2986 src tok/s; 3106 tgt tok/s;     84 s elapsed
Epoch 13,   350/  454; acc:  84.17; ppl:   1.92; 3021 src tok/s; 3122 tgt tok/s;     98 s elapsed
Epoch 13,   400/  454; acc:  83.19; ppl:   1.98; 3045 src tok/s; 3167 tgt tok/s;    112 s elapsed
Epoch 13,   450/  454; acc:  83.58; ppl:   2.00; 2957 src tok/s; 3048 tgt tok/s;    126 s elapsed
Train perplexity: 1.95419
Train accuracy: 83.7871
Validation perplexity: 6.43305
Validation accuracy: 69.6325
Decaying learning rate to 0.015625

Epoch 14,    50/  454; acc:  83.88; ppl:   1.95; 2993 src tok/s; 3102 tgt tok/s;     14 s elapsed
Epoch 14,   100/  454; acc:  84.25; ppl:   1.89; 2961 src tok/s; 3091 tgt tok/s;     28 s elapsed
Epoch 14,   150/  454; acc:  84.04; ppl:   1.94; 2955 src tok/s; 3056 tgt tok/s;     42 s elapsed
Epoch 14,   200/  454; acc:  84.31; ppl:   1.91; 2986 src tok/s; 3110 tgt tok/s;     56 s elapsed
Epoch 14,   250/  454; acc:  83.94; ppl:   1.96; 3026 src tok/s; 3134 tgt tok/s;     70 s elapsed
Epoch 14,   300/  454; acc:  83.94; ppl:   1.95; 3056 src tok/s; 3160 tgt tok/s;     84 s elapsed
Epoch 14,   350/  454; acc:  84.01; ppl:   1.94; 2991 src tok/s; 3094 tgt tok/s;     98 s elapsed
Epoch 14,   400/  454; acc:  84.23; ppl:   1.92; 3025 src tok/s; 3154 tgt tok/s;    112 s elapsed
Epoch 14,   450/  454; acc:  83.96; ppl:   1.91; 2964 src tok/s; 3078 tgt tok/s;    126 s elapsed
Train perplexity: 1.93044
Train accuracy: 84.067
Validation perplexity: 6.47388
Validation accuracy: 69.7176
Decaying learning rate to 0.0078125

Epoch 15,    50/  454; acc:  83.47; ppl:   2.00; 2965 src tok/s; 3058 tgt tok/s;     15 s elapsed
Epoch 15,   100/  454; acc:  84.91; ppl:   1.87; 3025 src tok/s; 3151 tgt tok/s;     28 s elapsed
Epoch 15,   150/  454; acc:  85.18; ppl:   1.83; 3073 src tok/s; 3194 tgt tok/s;     41 s elapsed
Epoch 15,   200/  454; acc:  83.83; ppl:   1.96; 3006 src tok/s; 3117 tgt tok/s;     56 s elapsed
Epoch 15,   250/  454; acc:  84.87; ppl:   1.85; 2991 src tok/s; 3119 tgt tok/s;     69 s elapsed
Epoch 15,   300/  454; acc:  83.48; ppl:   2.00; 3009 src tok/s; 3131 tgt tok/s;     84 s elapsed
Epoch 15,   350/  454; acc:  85.06; ppl:   1.83; 3028 src tok/s; 3135 tgt tok/s;     97 s elapsed
Epoch 15,   400/  454; acc:  83.16; ppl:   2.02; 3010 src tok/s; 3126 tgt tok/s;    111 s elapsed
Epoch 15,   450/  454; acc:  83.96; ppl:   1.93; 2988 src tok/s; 3082 tgt tok/s;    126 s elapsed
Train perplexity: 1.91922
Train accuracy: 84.2199
Validation perplexity: 6.48365
Validation accuracy: 69.6821
Decaying learning rate to 0.00390625

Epoch 16,    50/  454; acc:  83.75; ppl:   1.94; 2989 src tok/s; 3104 tgt tok/s;     14 s elapsed
Epoch 16,   100/  454; acc:  84.19; ppl:   1.92; 3029 src tok/s; 3138 tgt tok/s;     28 s elapsed
Epoch 16,   150/  454; acc:  84.58; ppl:   1.89; 3016 src tok/s; 3133 tgt tok/s;     42 s elapsed
Epoch 16,   200/  454; acc:  83.94; ppl:   1.94; 2984 src tok/s; 3111 tgt tok/s;     56 s elapsed
Epoch 16,   250/  454; acc:  83.37; ppl:   2.01; 2993 src tok/s; 3099 tgt tok/s;     71 s elapsed
Epoch 16,   300/  454; acc:  85.05; ppl:   1.84; 3034 src tok/s; 3158 tgt tok/s;     84 s elapsed
Epoch 16,   350/  454; acc:  84.24; ppl:   1.92; 2957 src tok/s; 3068 tgt tok/s;     98 s elapsed
Epoch 16,   400/  454; acc:  84.60; ppl:   1.88; 3039 src tok/s; 3147 tgt tok/s;    112 s elapsed
Epoch 16,   450/  454; acc:  85.00; ppl:   1.86; 2945 src tok/s; 3053 tgt tok/s;    126 s elapsed
Train perplexity: 1.91504
Train accuracy: 84.2631
Validation perplexity: 6.48925
Validation accuracy: 69.7105
Decaying learning rate to 0.00195312

Epoch 17,    50/  454; acc:  84.43; ppl:   1.90; 3005 src tok/s; 3115 tgt tok/s;     14 s elapsed
Epoch 17,   100/  454; acc:  83.90; ppl:   1.95; 3019 src tok/s; 3130 tgt tok/s;     28 s elapsed
Epoch 17,   150/  454; acc:  85.05; ppl:   1.83; 3038 src tok/s; 3155 tgt tok/s;     42 s elapsed
Epoch 17,   200/  454; acc:  83.65; ppl:   1.98; 3026 src tok/s; 3131 tgt tok/s;     56 s elapsed
Epoch 17,   250/  454; acc:  84.81; ppl:   1.87; 3077 src tok/s; 3184 tgt tok/s;     69 s elapsed
Epoch 17,   300/  454; acc:  84.09; ppl:   1.94; 3006 src tok/s; 3117 tgt tok/s;     83 s elapsed
Epoch 17,   350/  454; acc:  84.56; ppl:   1.87; 2877 src tok/s; 3012 tgt tok/s;     97 s elapsed
Epoch 17,   400/  454; acc:  83.93; ppl:   1.97; 3021 src tok/s; 3131 tgt tok/s;    112 s elapsed
Epoch 17,   450/  454; acc:  84.33; ppl:   1.92; 2961 src tok/s; 3084 tgt tok/s;    125 s elapsed
Train perplexity: 1.91167
Train accuracy: 84.3043
Validation perplexity: 6.4896
Validation accuracy: 69.7034
Decaying learning rate to 0.000976562
