<module 'opts' from '/u/suhubdyd/research/projects/jumble_lstm/code/auxiliary-nmt/opts.pyc'>
Namespace(batch_size=64, brnn=False, brnn_merge='concat', cnn_kernel_width=3, context_gate=None, copy_attn=False, copy_attn_force=False, coverage_attn=False, data='/data/lisatmp3/suhubdyd/multi30k.atok.low', dec_layers=1, decay_method='', decoder_type='rnn', dropout=0.3, enc_layers=2, encoder_type='rnn', epochs=17, exp='', exp_host='', feat_merge='concat', feat_vec_exponent=0.7, feat_vec_size=-1, fix_word_vecs_dec=False, fix_word_vecs_enc=False, global_attention='general', gpuid=[0], input_feed=1, kappa_dec=0.3, kappa_enc=0.05, lambda_coverage=1, layers=-1, learning_rate=1.0, learning_rate_decay=0.5, max_generator_batches=32, max_grad_norm=5, model_type='text', optim='sgd', param_init=0.1, position_encoding=False, pre_word_vecs_dec=None, pre_word_vecs_enc=None, report_every=50, rnn_size=500, rnn_type='LSTM', save_model='/data/lisatmp3/suhubdyd/models/encoder0.05decoder0.30dropout0.3wdropFalse', seed=-1, share_decoder_embeddings=False, share_embeddings=False, src_word_vec_size=500, start_checkpoint_at=0, start_decay_at=8, start_epoch=1, tgt_word_vec_size=500, train_from='', truncated_decoder=0, warmup_steps=4000, weightdropout=False, word_vec_size=-1)
('Using Kappa L2 loss on encoder', 0.05)
('Using Kappa L2 loss on decoder', 0.3)
Loading train and validate data from '/data/lisatmp3/suhubdyd/multi30k.atok.low'
 * number of training sentences: 29000
 * maximum batch size: 64
 * vocabulary size. source = 10841; target = 18563
Building model...
Intializing model parameters.
NMTModel (
  (encoder): RNNEncoder (
    (embeddings): Embeddings (
      (make_embedding): Sequential (
        (emb_luts): Elementwise (
          (0): Embedding(10841, 500, padding_idx=1)
        )
      )
    )
    (dropout): Dropout (p = 0.3)
    (rnn): LSTM(500, 500, dropout=0.3)
  )
  (decoder): InputFeedRNNDecoder (
    (embeddings): Embeddings (
      (make_embedding): Sequential (
        (emb_luts): Elementwise (
          (0): Embedding(18563, 500, padding_idx=1)
        )
      )
    )
    (dropout): Dropout (p = 0.3)
    (rnn): StackedLSTM (
      (dropout): Dropout (p = 0.3)
      (layers): ModuleList (
        (0): LSTMCell(1000, 500)
      )
    )
    (attn): GlobalAttention (
      (linear_in): Linear (500 -> 500)
      (linear_out): Linear (1000 -> 500)
      (sm): Softmax ()
      (tanh): Tanh ()
    )
  )
  (generator): Sequential (
    (0): Linear (500 -> 18563)
    (1): LogSoftmax ()
  )
)
* number of parameters: 29760063
('encoder: ', 7424500)
('decoder: ', 22335563)

Epoch  1,    50/  454; acc:  11.03; ppl: 7192.20; 5201 src tok/s; 5373 tgt tok/s;      8 s elapsed
Epoch  1,   100/  454; acc:  16.20; ppl: 857.06; 5926 src tok/s; 6151 tgt tok/s;     15 s elapsed
Epoch  1,   150/  454; acc:  19.37; ppl: 380.76; 5806 src tok/s; 6037 tgt tok/s;     22 s elapsed
Epoch  1,   200/  454; acc:  21.33; ppl: 270.29; 5818 src tok/s; 6042 tgt tok/s;     30 s elapsed
Epoch  1,   250/  454; acc:  25.61; ppl: 156.61; 5648 src tok/s; 5877 tgt tok/s;     37 s elapsed
Epoch  1,   300/  454; acc:  28.14; ppl: 113.68; 5708 src tok/s; 5923 tgt tok/s;     44 s elapsed
Epoch  1,   350/  454; acc:  31.29; ppl:  86.09; 5534 src tok/s; 5808 tgt tok/s;     51 s elapsed
Epoch  1,   400/  454; acc:  30.86; ppl:  82.68; 5371 src tok/s; 5525 tgt tok/s;     60 s elapsed
Epoch  1,   450/  454; acc:  32.89; ppl:  68.15; 5358 src tok/s; 5548 tgt tok/s;     68 s elapsed
Train perplexity: 256.089
Train accuracy: 24.1703
Validation perplexity: 52.211
Validation accuracy: 34.9865

Epoch  2,    50/  454; acc:  37.02; ppl:  49.34; 5619 src tok/s; 5824 tgt tok/s;      7 s elapsed
Epoch  2,   100/  454; acc:  37.18; ppl:  48.45; 5427 src tok/s; 5617 tgt tok/s;     15 s elapsed
Epoch  2,   150/  454; acc:  41.33; ppl:  35.30; 5524 src tok/s; 5751 tgt tok/s;     23 s elapsed
Epoch  2,   200/  454; acc:  42.40; ppl:  34.97; 5453 src tok/s; 5657 tgt tok/s;     30 s elapsed
Epoch  2,   250/  454; acc:  44.44; ppl:  29.10; 5474 src tok/s; 5677 tgt tok/s;     38 s elapsed
Epoch  2,   300/  454; acc:  47.49; ppl:  24.30; 5475 src tok/s; 5707 tgt tok/s;     46 s elapsed
Epoch  2,   350/  454; acc:  48.63; ppl:  22.14; 5517 src tok/s; 5689 tgt tok/s;     54 s elapsed
Epoch  2,   400/  454; acc:  51.38; ppl:  19.11; 5472 src tok/s; 5702 tgt tok/s;     61 s elapsed
Epoch  2,   450/  454; acc:  51.08; ppl:  18.94; 5556 src tok/s; 5759 tgt tok/s;     69 s elapsed
Train perplexity: 29.2897
Train accuracy: 44.6436
Validation perplexity: 16.1445
Validation accuracy: 54.3707

Epoch  3,    50/  454; acc:  54.84; ppl:  14.36; 5592 src tok/s; 5800 tgt tok/s;      7 s elapsed
Epoch  3,   100/  454; acc:  54.02; ppl:  15.24; 5540 src tok/s; 5759 tgt tok/s;     15 s elapsed
Epoch  3,   150/  454; acc:  55.44; ppl:  13.56; 5481 src tok/s; 5651 tgt tok/s;     23 s elapsed
Epoch  3,   200/  454; acc:  56.63; ppl:  12.67; 5567 src tok/s; 5803 tgt tok/s;     30 s elapsed
Epoch  3,   250/  454; acc:  55.83; ppl:  13.18; 5617 src tok/s; 5791 tgt tok/s;     38 s elapsed
Epoch  3,   300/  454; acc:  59.04; ppl:  10.86; 5399 src tok/s; 5658 tgt tok/s;     45 s elapsed
Epoch  3,   350/  454; acc:  57.60; ppl:  11.96; 5595 src tok/s; 5748 tgt tok/s;     53 s elapsed
Epoch  3,   400/  454; acc:  58.85; ppl:  10.71; 5494 src tok/s; 5721 tgt tok/s;     61 s elapsed
Epoch  3,   450/  454; acc:  59.38; ppl:  10.61; 5372 src tok/s; 5599 tgt tok/s;     68 s elapsed
Train perplexity: 12.4711
Train accuracy: 56.8519
Validation perplexity: 10.1716
Validation accuracy: 60.5435

Epoch  4,    50/  454; acc:  61.27; ppl:   8.69; 5571 src tok/s; 5768 tgt tok/s;      8 s elapsed
Epoch  4,   100/  454; acc:  61.97; ppl:   8.37; 5435 src tok/s; 5662 tgt tok/s;     15 s elapsed
Epoch  4,   150/  454; acc:  60.79; ppl:   8.94; 5478 src tok/s; 5643 tgt tok/s;     23 s elapsed
Epoch  4,   200/  454; acc:  62.60; ppl:   8.10; 5469 src tok/s; 5704 tgt tok/s;     31 s elapsed
Epoch  4,   250/  454; acc:  62.52; ppl:   7.97; 5494 src tok/s; 5709 tgt tok/s;     38 s elapsed
Epoch  4,   300/  454; acc:  62.55; ppl:   8.15; 5494 src tok/s; 5715 tgt tok/s;     46 s elapsed
Epoch  4,   350/  454; acc:  62.76; ppl:   7.91; 5590 src tok/s; 5839 tgt tok/s;     53 s elapsed
Epoch  4,   400/  454; acc:  62.19; ppl:   8.23; 5488 src tok/s; 5661 tgt tok/s;     61 s elapsed
Epoch  4,   450/  454; acc:  62.75; ppl:   7.90; 5567 src tok/s; 5741 tgt tok/s;     69 s elapsed
Train perplexity: 8.22726
Train accuracy: 62.1868
Validation perplexity: 8.28876
Validation accuracy: 63.0055

Epoch  5,    50/  454; acc:  66.78; ppl:   5.82; 5543 src tok/s; 5774 tgt tok/s;      7 s elapsed
Epoch  5,   100/  454; acc:  64.55; ppl:   6.75; 5618 src tok/s; 5750 tgt tok/s;     15 s elapsed
Epoch  5,   150/  454; acc:  65.35; ppl:   6.27; 5547 src tok/s; 5734 tgt tok/s;     23 s elapsed
Epoch  5,   200/  454; acc:  65.06; ppl:   6.42; 5452 src tok/s; 5708 tgt tok/s;     30 s elapsed
Epoch  5,   250/  454; acc:  65.56; ppl:   6.24; 5468 src tok/s; 5711 tgt tok/s;     38 s elapsed
Epoch  5,   300/  454; acc:  65.26; ppl:   6.25; 5506 src tok/s; 5711 tgt tok/s;     46 s elapsed
Epoch  5,   350/  454; acc:  65.82; ppl:   6.21; 5591 src tok/s; 5797 tgt tok/s;     53 s elapsed
Epoch  5,   400/  454; acc:  65.69; ppl:   6.07; 5543 src tok/s; 5764 tgt tok/s;     61 s elapsed
Epoch  5,   450/  454; acc:  65.11; ppl:   6.38; 5459 src tok/s; 5659 tgt tok/s;     68 s elapsed
Train perplexity: 6.25922
Train accuracy: 65.4717
Validation perplexity: 7.30055
Validation accuracy: 65.6379

Epoch  6,    50/  454; acc:  68.88; ppl:   4.86; 5474 src tok/s; 5678 tgt tok/s;      8 s elapsed
Epoch  6,   100/  454; acc:  68.74; ppl:   4.82; 5731 src tok/s; 5925 tgt tok/s;     15 s elapsed
Epoch  6,   150/  454; acc:  68.85; ppl:   4.78; 5561 src tok/s; 5812 tgt tok/s;     22 s elapsed
Epoch  6,   200/  454; acc:  67.61; ppl:   5.15; 5641 src tok/s; 5814 tgt tok/s;     30 s elapsed
Epoch  6,   250/  454; acc:  68.89; ppl:   4.78; 5503 src tok/s; 5718 tgt tok/s;     38 s elapsed
Epoch  6,   300/  454; acc:  67.47; ppl:   5.31; 5459 src tok/s; 5675 tgt tok/s;     45 s elapsed
Epoch  6,   350/  454; acc:  67.05; ppl:   5.34; 5502 src tok/s; 5702 tgt tok/s;     53 s elapsed
Epoch  6,   400/  454; acc:  67.51; ppl:   5.18; 5665 src tok/s; 5882 tgt tok/s;     60 s elapsed
Epoch  6,   450/  454; acc:  67.32; ppl:   5.30; 5565 src tok/s; 5781 tgt tok/s;     68 s elapsed
Train perplexity: 5.05118
Train accuracy: 68.0427
Validation perplexity: 6.71043
Validation accuracy: 66.6738

Epoch  7,    50/  454; acc:  70.86; ppl:   4.10; 5438 src tok/s; 5641 tgt tok/s;      8 s elapsed
Epoch  7,   100/  454; acc:  70.94; ppl:   4.08; 5646 src tok/s; 5856 tgt tok/s;     15 s elapsed
Epoch  7,   150/  454; acc:  70.07; ppl:   4.29; 5509 src tok/s; 5705 tgt tok/s;     23 s elapsed
Epoch  7,   200/  454; acc:  70.12; ppl:   4.26; 5536 src tok/s; 5759 tgt tok/s;     30 s elapsed
Epoch  7,   250/  454; acc:  70.20; ppl:   4.23; 5618 src tok/s; 5783 tgt tok/s;     38 s elapsed
Epoch  7,   300/  454; acc:  69.56; ppl:   4.41; 5615 src tok/s; 5866 tgt tok/s;     45 s elapsed
Epoch  7,   350/  454; acc:  69.57; ppl:   4.39; 5467 src tok/s; 5645 tgt tok/s;     53 s elapsed
Epoch  7,   400/  454; acc:  70.17; ppl:   4.24; 5545 src tok/s; 5788 tgt tok/s;     61 s elapsed
Epoch  7,   450/  454; acc:  69.90; ppl:   4.39; 5593 src tok/s; 5820 tgt tok/s;     68 s elapsed
Train perplexity: 4.27304
Train accuracy: 70.1373
Validation perplexity: 6.55986
Validation accuracy: 67.1988

Epoch  8,    50/  454; acc:  72.39; ppl:   3.59; 5634 src tok/s; 5803 tgt tok/s;      8 s elapsed
Epoch  8,   100/  454; acc:  72.73; ppl:   3.49; 5510 src tok/s; 5740 tgt tok/s;     15 s elapsed
Epoch  8,   150/  454; acc:  73.26; ppl:   3.46; 5576 src tok/s; 5778 tgt tok/s;     22 s elapsed
Epoch  8,   200/  454; acc:  71.54; ppl:   3.80; 5605 src tok/s; 5779 tgt tok/s;     30 s elapsed
Epoch  8,   250/  454; acc:  71.90; ppl:   3.67; 5580 src tok/s; 5767 tgt tok/s;     38 s elapsed
Epoch  8,   300/  454; acc:  71.55; ppl:   3.75; 5560 src tok/s; 5801 tgt tok/s;     45 s elapsed
Epoch  8,   350/  454; acc:  71.18; ppl:   3.86; 5494 src tok/s; 5724 tgt tok/s;     53 s elapsed
Epoch  8,   400/  454; acc:  70.89; ppl:   3.90; 5500 src tok/s; 5744 tgt tok/s;     60 s elapsed
Epoch  8,   450/  454; acc:  71.35; ppl:   3.84; 5603 src tok/s; 5833 tgt tok/s;     68 s elapsed
Train perplexity: 3.71038
Train accuracy: 71.8383
Validation perplexity: 6.49986
Validation accuracy: 67.0782
Decaying learning rate to 0.5

Epoch  9,    50/  454; acc:  76.80; ppl:   2.80; 5567 src tok/s; 5795 tgt tok/s;      7 s elapsed
Epoch  9,   100/  454; acc:  76.47; ppl:   2.85; 5541 src tok/s; 5716 tgt tok/s;     15 s elapsed
Epoch  9,   150/  454; acc:  77.48; ppl:   2.62; 5579 src tok/s; 5808 tgt tok/s;     22 s elapsed
Epoch  9,   200/  454; acc:  75.77; ppl:   2.93; 5629 src tok/s; 5807 tgt tok/s;     30 s elapsed
Epoch  9,   250/  454; acc:  76.03; ppl:   2.84; 5523 src tok/s; 5728 tgt tok/s;     38 s elapsed
Epoch  9,   300/  454; acc:  77.52; ppl:   2.65; 5539 src tok/s; 5787 tgt tok/s;     45 s elapsed
Epoch  9,   350/  454; acc:  76.51; ppl:   2.82; 5492 src tok/s; 5689 tgt tok/s;     53 s elapsed
Epoch  9,   400/  454; acc:  76.84; ppl:   2.77; 5623 src tok/s; 5859 tgt tok/s;     60 s elapsed
Epoch  9,   450/  454; acc:  76.14; ppl:   2.86; 5536 src tok/s; 5735 tgt tok/s;     68 s elapsed
Train perplexity: 2.79328
Train accuracy: 76.6088
Validation perplexity: 6.12198
Validation accuracy: 68.93
Decaying learning rate to 0.25

Epoch 10,    50/  454; acc:  80.76; ppl:   2.26; 5597 src tok/s; 5852 tgt tok/s;      7 s elapsed
Epoch 10,   100/  454; acc:  80.01; ppl:   2.37; 5645 src tok/s; 5841 tgt tok/s;     15 s elapsed
Epoch 10,   150/  454; acc:  80.24; ppl:   2.29; 5524 src tok/s; 5737 tgt tok/s;     22 s elapsed
Epoch 10,   200/  454; acc:  80.06; ppl:   2.35; 5653 src tok/s; 5862 tgt tok/s;     30 s elapsed
Epoch 10,   250/  454; acc:  80.30; ppl:   2.27; 5525 src tok/s; 5748 tgt tok/s;     37 s elapsed
Epoch 10,   300/  454; acc:  79.67; ppl:   2.34; 5587 src tok/s; 5792 tgt tok/s;     45 s elapsed
Epoch 10,   350/  454; acc:  79.70; ppl:   2.35; 5624 src tok/s; 5812 tgt tok/s;     53 s elapsed
Epoch 10,   400/  454; acc:  80.62; ppl:   2.25; 5597 src tok/s; 5809 tgt tok/s;     60 s elapsed
Epoch 10,   450/  454; acc:  79.64; ppl:   2.36; 5434 src tok/s; 5645 tgt tok/s;     67 s elapsed
Train perplexity: 2.31806
Train accuracy: 80.0969
Validation perplexity: 6.16573
Validation accuracy: 69.3912
Decaying learning rate to 0.125

Epoch 11,    50/  454; acc:  82.33; ppl:   2.11; 5604 src tok/s; 5822 tgt tok/s;      8 s elapsed
Epoch 11,   100/  454; acc:  82.66; ppl:   2.05; 5597 src tok/s; 5808 tgt tok/s;     15 s elapsed
Epoch 11,   150/  454; acc:  82.35; ppl:   2.08; 5653 src tok/s; 5858 tgt tok/s;     22 s elapsed
Epoch 11,   200/  454; acc:  81.98; ppl:   2.13; 5365 src tok/s; 5586 tgt tok/s;     30 s elapsed
Epoch 11,   250/  454; acc:  81.65; ppl:   2.14; 5700 src tok/s; 5891 tgt tok/s;     38 s elapsed
Epoch 11,   300/  454; acc:  82.63; ppl:   2.05; 5649 src tok/s; 5877 tgt tok/s;     45 s elapsed
Epoch 11,   350/  454; acc:  82.37; ppl:   2.06; 5616 src tok/s; 5824 tgt tok/s;     52 s elapsed
Epoch 11,   400/  454; acc:  81.41; ppl:   2.16; 5618 src tok/s; 5822 tgt tok/s;     60 s elapsed
Epoch 11,   450/  454; acc:  82.06; ppl:   2.11; 5440 src tok/s; 5657 tgt tok/s;     67 s elapsed
Train perplexity: 2.10474
Train accuracy: 82.1048
Validation perplexity: 6.25749
Validation accuracy: 69.597
Decaying learning rate to 0.0625

Epoch 12,    50/  454; acc:  83.13; ppl:   2.03; 5646 src tok/s; 5842 tgt tok/s;      8 s elapsed
Epoch 12,   100/  454; acc:  83.81; ppl:   1.94; 5660 src tok/s; 5872 tgt tok/s;     15 s elapsed
Epoch 12,   150/  454; acc:  82.79; ppl:   2.05; 5524 src tok/s; 5725 tgt tok/s;     23 s elapsed
Epoch 12,   200/  454; acc:  83.37; ppl:   1.97; 5548 src tok/s; 5778 tgt tok/s;     30 s elapsed
Epoch 12,   250/  454; acc:  83.92; ppl:   1.94; 5583 src tok/s; 5811 tgt tok/s;     37 s elapsed
Epoch 12,   300/  454; acc:  82.67; ppl:   2.05; 5574 src tok/s; 5778 tgt tok/s;     45 s elapsed
Epoch 12,   350/  454; acc:  82.53; ppl:   2.06; 5513 src tok/s; 5706 tgt tok/s;     53 s elapsed
Epoch 12,   400/  454; acc:  83.34; ppl:   1.98; 5507 src tok/s; 5714 tgt tok/s;     60 s elapsed
Epoch 12,   450/  454; acc:  82.64; ppl:   2.04; 5442 src tok/s; 5651 tgt tok/s;     68 s elapsed
Train perplexity: 2.00249
Train accuracy: 83.1551
Validation perplexity: 6.3541
Validation accuracy: 69.8595
Decaying learning rate to 0.03125

Epoch 13,    50/  454; acc:  83.57; ppl:   1.99; 5691 src tok/s; 5886 tgt tok/s;      8 s elapsed
Epoch 13,   100/  454; acc:  84.27; ppl:   1.91; 5571 src tok/s; 5831 tgt tok/s;     15 s elapsed
Epoch 13,   150/  454; acc:  83.32; ppl:   1.97; 5574 src tok/s; 5783 tgt tok/s;     22 s elapsed
Epoch 13,   200/  454; acc:  84.06; ppl:   1.93; 5707 src tok/s; 5933 tgt tok/s;     30 s elapsed
Epoch 13,   250/  454; acc:  84.92; ppl:   1.86; 5575 src tok/s; 5825 tgt tok/s;     37 s elapsed
Epoch 13,   300/  454; acc:  82.84; ppl:   2.05; 5426 src tok/s; 5605 tgt tok/s;     45 s elapsed
Epoch 13,   350/  454; acc:  83.79; ppl:   1.94; 5594 src tok/s; 5804 tgt tok/s;     52 s elapsed
Epoch 13,   400/  454; acc:  83.61; ppl:   1.97; 5680 src tok/s; 5865 tgt tok/s;     60 s elapsed
Epoch 13,   450/  454; acc:  83.32; ppl:   2.00; 5563 src tok/s; 5752 tgt tok/s;     67 s elapsed
Train perplexity: 1.95369
Train accuracy: 83.7609
Validation perplexity: 6.38908
Validation accuracy: 69.7602
Decaying learning rate to 0.015625

Epoch 14,    50/  454; acc:  84.26; ppl:   1.88; 5606 src tok/s; 5778 tgt tok/s;      8 s elapsed
Epoch 14,   100/  454; acc:  84.04; ppl:   1.94; 5718 src tok/s; 5916 tgt tok/s;     15 s elapsed
Epoch 14,   150/  454; acc:  84.38; ppl:   1.89; 5557 src tok/s; 5793 tgt tok/s;     22 s elapsed
Epoch 14,   200/  454; acc:  83.53; ppl:   1.98; 5589 src tok/s; 5776 tgt tok/s;     30 s elapsed
Epoch 14,   250/  454; acc:  84.67; ppl:   1.87; 5581 src tok/s; 5820 tgt tok/s;     37 s elapsed
Epoch 14,   300/  454; acc:  83.50; ppl:   1.99; 5634 src tok/s; 5848 tgt tok/s;     45 s elapsed
Epoch 14,   350/  454; acc:  84.83; ppl:   1.85; 5605 src tok/s; 5856 tgt tok/s;     52 s elapsed
Epoch 14,   400/  454; acc:  82.93; ppl:   2.02; 5551 src tok/s; 5763 tgt tok/s;     60 s elapsed
Epoch 14,   450/  454; acc:  83.51; ppl:   1.97; 5605 src tok/s; 5811 tgt tok/s;     67 s elapsed
Train perplexity: 1.93186
Train accuracy: 83.9525
Validation perplexity: 6.41226
Validation accuracy: 69.7389
Decaying learning rate to 0.0078125

Epoch 15,    50/  454; acc:  84.09; ppl:   1.95; 5716 src tok/s; 5903 tgt tok/s;      8 s elapsed
Epoch 15,   100/  454; acc:  84.77; ppl:   1.87; 5600 src tok/s; 5844 tgt tok/s;     15 s elapsed
Epoch 15,   150/  454; acc:  83.93; ppl:   1.96; 5464 src tok/s; 5654 tgt tok/s;     23 s elapsed
Epoch 15,   200/  454; acc:  84.39; ppl:   1.89; 5676 src tok/s; 5896 tgt tok/s;     30 s elapsed
Epoch 15,   250/  454; acc:  84.02; ppl:   1.94; 5644 src tok/s; 5840 tgt tok/s;     38 s elapsed
Epoch 15,   300/  454; acc:  84.36; ppl:   1.89; 5591 src tok/s; 5839 tgt tok/s;     45 s elapsed
Epoch 15,   350/  454; acc:  83.60; ppl:   1.97; 5589 src tok/s; 5776 tgt tok/s;     53 s elapsed
Epoch 15,   400/  454; acc:  84.62; ppl:   1.88; 5558 src tok/s; 5764 tgt tok/s;     60 s elapsed
Epoch 15,   450/  454; acc:  84.08; ppl:   1.92; 5471 src tok/s; 5694 tgt tok/s;     67 s elapsed
Train perplexity: 1.91745
Train accuracy: 84.2216
Validation perplexity: 6.42527
Validation accuracy: 69.7673
Decaying learning rate to 0.00390625

Epoch 16,    50/  454; acc:  83.70; ppl:   1.98; 5553 src tok/s; 5738 tgt tok/s;      8 s elapsed
Epoch 16,   100/  454; acc:  84.76; ppl:   1.86; 5602 src tok/s; 5838 tgt tok/s;     15 s elapsed
Epoch 16,   150/  454; acc:  83.68; ppl:   1.96; 5533 src tok/s; 5730 tgt tok/s;     23 s elapsed
Epoch 16,   200/  454; acc:  84.88; ppl:   1.84; 5550 src tok/s; 5766 tgt tok/s;     30 s elapsed
Epoch 16,   250/  454; acc:  84.45; ppl:   1.91; 5513 src tok/s; 5724 tgt tok/s;     38 s elapsed
Epoch 16,   300/  454; acc:  84.31; ppl:   1.91; 5605 src tok/s; 5800 tgt tok/s;     45 s elapsed
Epoch 16,   350/  454; acc:  83.44; ppl:   2.00; 5432 src tok/s; 5618 tgt tok/s;     53 s elapsed
Epoch 16,   400/  454; acc:  84.92; ppl:   1.85; 5499 src tok/s; 5761 tgt tok/s;     61 s elapsed
Epoch 16,   450/  454; acc:  83.86; ppl:   1.95; 5459 src tok/s; 5646 tgt tok/s;     68 s elapsed
Train perplexity: 1.91566
Train accuracy: 84.2437
Validation perplexity: 6.42745
Validation accuracy: 69.7318
Decaying learning rate to 0.00195312

Epoch 17,    50/  454; acc:  84.38; ppl:   1.89; 5181 src tok/s; 5379 tgt tok/s;      8 s elapsed
Epoch 17,   100/  454; acc:  84.01; ppl:   1.94; 5487 src tok/s; 5698 tgt tok/s;     16 s elapsed
Epoch 17,   150/  454; acc:  84.18; ppl:   1.91; 5486 src tok/s; 5736 tgt tok/s;     23 s elapsed
Epoch 17,   200/  454; acc:  84.25; ppl:   1.89; 5605 src tok/s; 5812 tgt tok/s;     31 s elapsed
Epoch 17,   250/  454; acc:  84.14; ppl:   1.90; 5670 src tok/s; 5847 tgt tok/s;     38 s elapsed
Epoch 17,   300/  454; acc:  84.68; ppl:   1.91; 5557 src tok/s; 5775 tgt tok/s;     46 s elapsed
Epoch 17,   350/  454; acc:  83.73; ppl:   1.98; 5581 src tok/s; 5743 tgt tok/s;     53 s elapsed
Epoch 17,   400/  454; acc:  84.60; ppl:   1.87; 5596 src tok/s; 5844 tgt tok/s;     61 s elapsed
Epoch 17,   450/  454; acc:  84.01; ppl:   1.94; 5522 src tok/s; 5718 tgt tok/s;     68 s elapsed
Train perplexity: 1.9122
Train accuracy: 84.245
Validation perplexity: 6.42964
Validation accuracy: 69.7602
Decaying learning rate to 0.000976562
