<module 'opts' from '/u/suhubdyd/research/projects/jumble_lstm/code/auxiliary-nmt/opts.pyc'>
Namespace(batch_size=64, brnn=False, brnn_merge='concat', cnn_kernel_width=3, context_gate=None, copy_attn=False, copy_attn_force=False, coverage_attn=False, data='/data/lisatmp3/suhubdyd/multi30k.atok.low', dec_layers=1, decay_method='', decoder_type='rnn', dropout=0.3, enc_layers=2, encoder_type='rnn', epochs=17, exp='', exp_host='', feat_merge='concat', feat_vec_exponent=0.7, feat_vec_size=-1, fix_word_vecs_dec=False, fix_word_vecs_enc=False, global_attention='general', gpuid=[0], input_feed=1, kappa_dec=0.6, kappa_enc=0.5, lambda_coverage=1, layers=-1, learning_rate=1.0, learning_rate_decay=0.5, max_generator_batches=32, max_grad_norm=5, model_type='text', optim='sgd', param_init=0.1, position_encoding=False, pre_word_vecs_dec=None, pre_word_vecs_enc=None, report_every=50, rnn_size=500, rnn_type='LSTM', save_model='/data/lisatmp3/suhubdyd/models/seeds/encoder0.5decoder0.6dropout0.3wdropFalseseed-1', seed=-1, share_decoder_embeddings=False, share_embeddings=False, src_word_vec_size=500, start_checkpoint_at=0, start_decay_at=8, start_epoch=1, tgt_word_vec_size=500, train_from='', truncated_decoder=0, warmup_steps=4000, weightdropout=False, word_vec_size=-1)
('Using Kappa L2 loss on encoder', 0.5)
('Using Kappa L2 loss on decoder', 0.6)
Loading train and validate data from '/data/lisatmp3/suhubdyd/multi30k.atok.low'
 * number of training sentences: 29000
 * maximum batch size: 64
 * vocabulary size. source = 10841; target = 18563
Building model...
Intializing model parameters.
NMTModel (
  (encoder): RNNEncoder (
    (embeddings): Embeddings (
      (make_embedding): Sequential (
        (emb_luts): Elementwise (
          (0): Embedding(10841, 500, padding_idx=1)
        )
      )
    )
    (dropout): Dropout (p = 0.3)
    (rnn): LSTM(500, 500, dropout=0.3)
  )
  (decoder): InputFeedRNNDecoder (
    (embeddings): Embeddings (
      (make_embedding): Sequential (
        (emb_luts): Elementwise (
          (0): Embedding(18563, 500, padding_idx=1)
        )
      )
    )
    (dropout): Dropout (p = 0.3)
    (rnn): StackedLSTM (
      (dropout): Dropout (p = 0.3)
      (layers): ModuleList (
        (0): LSTMCell(1000, 500)
      )
    )
    (attn): GlobalAttention (
      (linear_in): Linear (500 -> 500)
      (linear_out): Linear (1000 -> 500)
      (sm): Softmax ()
      (tanh): Tanh ()
    )
  )
  (generator): Sequential (
    (0): Linear (500 -> 18563)
    (1): LogSoftmax ()
  )
)
* number of parameters: 29760063
('encoder: ', 7424500)
('decoder: ', 22335563)

Epoch  1,    50/  454; acc:  10.23; ppl: 11080.49; 3212 src tok/s; 3357 tgt tok/s;     13 s elapsed
Epoch  1,   100/  454; acc:  14.13; ppl: 2710.07; 3583 src tok/s; 3683 tgt tok/s;     25 s elapsed
Epoch  1,   150/  454; acc:  18.31; ppl: 542.31; 3447 src tok/s; 3576 tgt tok/s;     37 s elapsed
Epoch  1,   200/  454; acc:  21.14; ppl: 268.61; 3407 src tok/s; 3543 tgt tok/s;     49 s elapsed
Epoch  1,   250/  454; acc:  23.95; ppl: 181.48; 3327 src tok/s; 3454 tgt tok/s;     62 s elapsed
Epoch  1,   300/  454; acc:  27.43; ppl: 121.04; 3380 src tok/s; 3517 tgt tok/s;     74 s elapsed
Epoch  1,   350/  454; acc:  28.87; ppl: 101.74; 3332 src tok/s; 3446 tgt tok/s;     87 s elapsed
Epoch  1,   400/  454; acc:  31.06; ppl:  80.41; 3422 src tok/s; 3561 tgt tok/s;     99 s elapsed
Epoch  1,   450/  454; acc:  33.67; ppl:  64.91; 3352 src tok/s; 3484 tgt tok/s;    111 s elapsed
Train perplexity: 329.587
Train accuracy: 23.2559
Validation perplexity: 51.5591
Validation accuracy: 37.484

Epoch  2,    50/  454; acc:  35.65; ppl:  54.29; 3384 src tok/s; 3503 tgt tok/s;     13 s elapsed
Epoch  2,   100/  454; acc:  38.66; ppl:  43.57; 3299 src tok/s; 3437 tgt tok/s;     25 s elapsed
Epoch  2,   150/  454; acc:  40.94; ppl:  37.79; 3387 src tok/s; 3524 tgt tok/s;     38 s elapsed
Epoch  2,   200/  454; acc:  43.08; ppl:  33.13; 3360 src tok/s; 3485 tgt tok/s;     50 s elapsed
Epoch  2,   250/  454; acc:  46.54; ppl:  26.47; 3406 src tok/s; 3541 tgt tok/s;     62 s elapsed
Epoch  2,   300/  454; acc:  46.84; ppl:  25.35; 3345 src tok/s; 3462 tgt tok/s;     75 s elapsed
Epoch  2,   350/  454; acc:  49.93; ppl:  21.04; 3466 src tok/s; 3593 tgt tok/s;     87 s elapsed
Epoch  2,   400/  454; acc:  49.53; ppl:  20.74; 3388 src tok/s; 3501 tgt tok/s;     99 s elapsed
Epoch  2,   450/  454; acc:  51.50; ppl:  18.85; 3355 src tok/s; 3503 tgt tok/s;    112 s elapsed
Train perplexity: 29.3207
Train accuracy: 44.7711
Validation perplexity: 15.6831
Validation accuracy: 54.7609

Epoch  3,    50/  454; acc:  54.28; ppl:  15.16; 3462 src tok/s; 3585 tgt tok/s;     12 s elapsed
Epoch  3,   100/  454; acc:  54.37; ppl:  14.64; 3451 src tok/s; 3575 tgt tok/s;     24 s elapsed
Epoch  3,   150/  454; acc:  54.77; ppl:  14.27; 3418 src tok/s; 3530 tgt tok/s;     37 s elapsed
Epoch  3,   200/  454; acc:  57.57; ppl:  12.10; 3395 src tok/s; 3542 tgt tok/s;     49 s elapsed
Epoch  3,   250/  454; acc:  57.73; ppl:  11.67; 3358 src tok/s; 3519 tgt tok/s;     61 s elapsed
Epoch  3,   300/  454; acc:  55.41; ppl:  13.32; 3276 src tok/s; 3374 tgt tok/s;     74 s elapsed
Epoch  3,   350/  454; acc:  57.22; ppl:  11.95; 3380 src tok/s; 3507 tgt tok/s;     87 s elapsed
Epoch  3,   400/  454; acc:  59.06; ppl:  10.60; 3331 src tok/s; 3475 tgt tok/s;     99 s elapsed
Epoch  3,   450/  454; acc:  58.67; ppl:  10.99; 3274 src tok/s; 3391 tgt tok/s;    112 s elapsed
Train perplexity: 12.6591
Train accuracy: 56.5439
Validation perplexity: 11.2206
Validation accuracy: 57.7905

Epoch  4,    50/  454; acc:  61.74; ppl:   8.36; 3417 src tok/s; 3549 tgt tok/s;     12 s elapsed
Epoch  4,   100/  454; acc:  61.17; ppl:   8.89; 3389 src tok/s; 3520 tgt tok/s;     25 s elapsed
Epoch  4,   150/  454; acc:  62.02; ppl:   8.37; 3373 src tok/s; 3497 tgt tok/s;     37 s elapsed
Epoch  4,   200/  454; acc:  61.09; ppl:   8.72; 3476 src tok/s; 3594 tgt tok/s;     49 s elapsed
Epoch  4,   250/  454; acc:  61.63; ppl:   8.35; 3390 src tok/s; 3518 tgt tok/s;     62 s elapsed
Epoch  4,   300/  454; acc:  62.25; ppl:   8.15; 3354 src tok/s; 3486 tgt tok/s;     74 s elapsed
Epoch  4,   350/  454; acc:  62.69; ppl:   8.03; 3349 src tok/s; 3473 tgt tok/s;     87 s elapsed
Epoch  4,   400/  454; acc:  62.23; ppl:   8.11; 3296 src tok/s; 3416 tgt tok/s;     99 s elapsed
Epoch  4,   450/  454; acc:  62.44; ppl:   7.94; 3279 src tok/s; 3416 tgt tok/s;    112 s elapsed
Train perplexity: 8.30712
Train accuracy: 61.9326
Validation perplexity: 8.45634
Validation accuracy: 62.7501

Epoch  5,    50/  454; acc:  66.27; ppl:   6.05; 3337 src tok/s; 3473 tgt tok/s;     12 s elapsed
Epoch  5,   100/  454; acc:  65.26; ppl:   6.35; 3416 src tok/s; 3520 tgt tok/s;     25 s elapsed
Epoch  5,   150/  454; acc:  66.11; ppl:   5.94; 3339 src tok/s; 3499 tgt tok/s;     37 s elapsed
Epoch  5,   200/  454; acc:  64.23; ppl:   6.70; 3418 src tok/s; 3540 tgt tok/s;     50 s elapsed
Epoch  5,   250/  454; acc:  66.67; ppl:   5.85; 3305 src tok/s; 3449 tgt tok/s;     62 s elapsed
Epoch  5,   300/  454; acc:  64.90; ppl:   6.41; 3397 src tok/s; 3495 tgt tok/s;     75 s elapsed
Epoch  5,   350/  454; acc:  64.84; ppl:   6.46; 3258 src tok/s; 3389 tgt tok/s;     87 s elapsed
Epoch  5,   400/  454; acc:  65.12; ppl:   6.41; 3389 src tok/s; 3520 tgt tok/s;    100 s elapsed
Epoch  5,   450/  454; acc:  64.83; ppl:   6.44; 3276 src tok/s; 3396 tgt tok/s;    113 s elapsed
Train perplexity: 6.28743
Train accuracy: 65.3523
Validation perplexity: 7.29341
Validation accuracy: 65.3753

Epoch  6,    50/  454; acc:  68.57; ppl:   4.93; 3466 src tok/s; 3577 tgt tok/s;     12 s elapsed
Epoch  6,   100/  454; acc:  68.21; ppl:   4.95; 3319 src tok/s; 3474 tgt tok/s;     25 s elapsed
Epoch  6,   150/  454; acc:  67.66; ppl:   5.08; 3409 src tok/s; 3518 tgt tok/s;     37 s elapsed
Epoch  6,   200/  454; acc:  68.33; ppl:   5.00; 3450 src tok/s; 3581 tgt tok/s;     49 s elapsed
Epoch  6,   250/  454; acc:  67.53; ppl:   5.23; 3287 src tok/s; 3419 tgt tok/s;     62 s elapsed
Epoch  6,   300/  454; acc:  68.29; ppl:   5.02; 3336 src tok/s; 3466 tgt tok/s;     75 s elapsed
Epoch  6,   350/  454; acc:  68.54; ppl:   4.91; 3270 src tok/s; 3416 tgt tok/s;     87 s elapsed
Epoch  6,   400/  454; acc:  66.94; ppl:   5.46; 3323 src tok/s; 3427 tgt tok/s;    100 s elapsed
Epoch  6,   450/  454; acc:  67.46; ppl:   5.26; 3361 src tok/s; 3483 tgt tok/s;    112 s elapsed
Train perplexity: 5.08976
Train accuracy: 67.9486
Validation perplexity: 6.7839
Validation accuracy: 66.021

Epoch  7,    50/  454; acc:  70.94; ppl:   4.14; 3378 src tok/s; 3528 tgt tok/s;     12 s elapsed
Epoch  7,   100/  454; acc:  70.78; ppl:   4.03; 3405 src tok/s; 3524 tgt tok/s;     25 s elapsed
Epoch  7,   150/  454; acc:  70.69; ppl:   4.08; 3411 src tok/s; 3543 tgt tok/s;     37 s elapsed
Epoch  7,   200/  454; acc:  69.42; ppl:   4.50; 3394 src tok/s; 3506 tgt tok/s;     49 s elapsed
Epoch  7,   250/  454; acc:  70.45; ppl:   4.24; 3368 src tok/s; 3502 tgt tok/s;     62 s elapsed
Epoch  7,   300/  454; acc:  69.27; ppl:   4.41; 3358 src tok/s; 3469 tgt tok/s;     74 s elapsed
Epoch  7,   350/  454; acc:  68.98; ppl:   4.55; 3362 src tok/s; 3482 tgt tok/s;     87 s elapsed
Epoch  7,   400/  454; acc:  70.58; ppl:   4.23; 3331 src tok/s; 3472 tgt tok/s;    100 s elapsed
Epoch  7,   450/  454; acc:  69.80; ppl:   4.43; 3211 src tok/s; 3337 tgt tok/s;    112 s elapsed
Train perplexity: 4.28908
Train accuracy: 70.0886
Validation perplexity: 6.78349
Validation accuracy: 66.17

Epoch  8,    50/  454; acc:  73.19; ppl:   3.43; 3426 src tok/s; 3559 tgt tok/s;     12 s elapsed
Epoch  8,   100/  454; acc:  72.25; ppl:   3.57; 3395 src tok/s; 3516 tgt tok/s;     25 s elapsed
Epoch  8,   150/  454; acc:  72.68; ppl:   3.58; 3378 src tok/s; 3509 tgt tok/s;     37 s elapsed
Epoch  8,   200/  454; acc:  71.33; ppl:   3.82; 3316 src tok/s; 3422 tgt tok/s;     50 s elapsed
Epoch  8,   250/  454; acc:  70.57; ppl:   3.94; 3324 src tok/s; 3435 tgt tok/s;     63 s elapsed
Epoch  8,   300/  454; acc:  72.84; ppl:   3.51; 3321 src tok/s; 3458 tgt tok/s;     75 s elapsed
Epoch  8,   350/  454; acc:  71.12; ppl:   3.93; 3246 src tok/s; 3395 tgt tok/s;     88 s elapsed
Epoch  8,   400/  454; acc:  71.33; ppl:   3.84; 3348 src tok/s; 3470 tgt tok/s;    100 s elapsed
Epoch  8,   450/  454; acc:  71.23; ppl:   3.86; 3296 src tok/s; 3420 tgt tok/s;    113 s elapsed
Train perplexity: 3.71547
Train accuracy: 71.842
Validation perplexity: 6.54527
Validation accuracy: 67.5536
Decaying learning rate to 0.5

Epoch  9,    50/  454; acc:  77.24; ppl:   2.70; 3395 src tok/s; 3530 tgt tok/s;     12 s elapsed
Epoch  9,   100/  454; acc:  76.60; ppl:   2.84; 3443 src tok/s; 3551 tgt tok/s;     25 s elapsed
Epoch  9,   150/  454; acc:  76.84; ppl:   2.74; 3428 src tok/s; 3540 tgt tok/s;     37 s elapsed
Epoch  9,   200/  454; acc:  76.58; ppl:   2.81; 3341 src tok/s; 3483 tgt tok/s;     49 s elapsed
Epoch  9,   250/  454; acc:  76.57; ppl:   2.80; 3343 src tok/s; 3471 tgt tok/s;     62 s elapsed
Epoch  9,   300/  454; acc:  76.53; ppl:   2.81; 3359 src tok/s; 3480 tgt tok/s;     74 s elapsed
Epoch  9,   350/  454; acc:  76.04; ppl:   2.87; 3289 src tok/s; 3410 tgt tok/s;     88 s elapsed
Epoch  9,   400/  454; acc:  76.91; ppl:   2.78; 3283 src tok/s; 3438 tgt tok/s;    100 s elapsed
Epoch  9,   450/  454; acc:  76.44; ppl:   2.82; 3296 src tok/s; 3413 tgt tok/s;    112 s elapsed
Train perplexity: 2.79693
Train accuracy: 76.6409
Validation perplexity: 6.24572
Validation accuracy: 68.5895
Decaying learning rate to 0.25

Epoch 10,    50/  454; acc:  80.28; ppl:   2.34; 3355 src tok/s; 3488 tgt tok/s;     12 s elapsed
Epoch 10,   100/  454; acc:  80.24; ppl:   2.28; 3309 src tok/s; 3422 tgt tok/s;     25 s elapsed
Epoch 10,   150/  454; acc:  80.28; ppl:   2.36; 3403 src tok/s; 3512 tgt tok/s;     38 s elapsed
Epoch 10,   200/  454; acc:  80.64; ppl:   2.27; 3417 src tok/s; 3560 tgt tok/s;     50 s elapsed
Epoch 10,   250/  454; acc:  80.60; ppl:   2.25; 3333 src tok/s; 3470 tgt tok/s;     62 s elapsed
Epoch 10,   300/  454; acc:  79.51; ppl:   2.43; 3378 src tok/s; 3474 tgt tok/s;     75 s elapsed
Epoch 10,   350/  454; acc:  79.77; ppl:   2.38; 3345 src tok/s; 3475 tgt tok/s;     88 s elapsed
Epoch 10,   400/  454; acc:  80.46; ppl:   2.26; 3339 src tok/s; 3480 tgt tok/s;    100 s elapsed
Epoch 10,   450/  454; acc:  80.10; ppl:   2.31; 3336 src tok/s; 3480 tgt tok/s;    112 s elapsed
Train perplexity: 2.32047
Train accuracy: 80.2008
Validation perplexity: 6.29124
Validation accuracy: 69.3416
Decaying learning rate to 0.125

Epoch 11,    50/  454; acc:  82.11; ppl:   2.11; 3341 src tok/s; 3487 tgt tok/s;     12 s elapsed
Epoch 11,   100/  454; acc:  82.32; ppl:   2.08; 3395 src tok/s; 3518 tgt tok/s;     25 s elapsed
Epoch 11,   150/  454; acc:  82.23; ppl:   2.12; 3398 src tok/s; 3527 tgt tok/s;     37 s elapsed
Epoch 11,   200/  454; acc:  82.54; ppl:   2.07; 3383 src tok/s; 3502 tgt tok/s;     50 s elapsed
Epoch 11,   250/  454; acc:  82.35; ppl:   2.11; 3323 src tok/s; 3441 tgt tok/s;     63 s elapsed
Epoch 11,   300/  454; acc:  82.19; ppl:   2.10; 3338 src tok/s; 3474 tgt tok/s;     75 s elapsed
Epoch 11,   350/  454; acc:  82.04; ppl:   2.10; 3331 src tok/s; 3456 tgt tok/s;     87 s elapsed
Epoch 11,   400/  454; acc:  81.78; ppl:   2.13; 3392 src tok/s; 3509 tgt tok/s;    100 s elapsed
Epoch 11,   450/  454; acc:  81.46; ppl:   2.18; 3305 src tok/s; 3430 tgt tok/s;    113 s elapsed
Train perplexity: 2.10889
Train accuracy: 82.1315
Validation perplexity: 6.37794
Validation accuracy: 69.5544
Decaying learning rate to 0.0625

Epoch 12,    50/  454; acc:  82.27; ppl:   2.10; 3322 src tok/s; 3439 tgt tok/s;     13 s elapsed
Epoch 12,   100/  454; acc:  84.16; ppl:   1.90; 3327 src tok/s; 3478 tgt tok/s;     25 s elapsed
Epoch 12,   150/  454; acc:  82.59; ppl:   2.07; 3395 src tok/s; 3507 tgt tok/s;     38 s elapsed
Epoch 12,   200/  454; acc:  83.78; ppl:   1.93; 3272 src tok/s; 3414 tgt tok/s;     50 s elapsed
Epoch 12,   250/  454; acc:  82.73; ppl:   2.07; 3343 src tok/s; 3450 tgt tok/s;     63 s elapsed
Epoch 12,   300/  454; acc:  83.57; ppl:   1.95; 3349 src tok/s; 3494 tgt tok/s;     76 s elapsed
Epoch 12,   350/  454; acc:  82.34; ppl:   2.14; 3398 src tok/s; 3498 tgt tok/s;     88 s elapsed
Epoch 12,   400/  454; acc:  84.22; ppl:   1.90; 3338 src tok/s; 3485 tgt tok/s;    100 s elapsed
Epoch 12,   450/  454; acc:  82.83; ppl:   2.02; 3283 src tok/s; 3400 tgt tok/s;    113 s elapsed
Train perplexity: 2.00561
Train accuracy: 83.1712
Validation perplexity: 6.41061
Validation accuracy: 69.675
Decaying learning rate to 0.03125

Epoch 13,    50/  454; acc:  84.40; ppl:   1.91; 3366 src tok/s; 3508 tgt tok/s;     12 s elapsed
Epoch 13,   100/  454; acc:  83.99; ppl:   1.94; 3426 src tok/s; 3534 tgt tok/s;     25 s elapsed
Epoch 13,   150/  454; acc:  85.02; ppl:   1.84; 3390 src tok/s; 3553 tgt tok/s;     36 s elapsed
Epoch 13,   200/  454; acc:  82.42; ppl:   2.09; 3402 src tok/s; 3509 tgt tok/s;     49 s elapsed
Epoch 13,   250/  454; acc:  84.11; ppl:   1.93; 3329 src tok/s; 3485 tgt tok/s;     62 s elapsed
Epoch 13,   300/  454; acc:  83.11; ppl:   2.01; 3369 src tok/s; 3485 tgt tok/s;     74 s elapsed
Epoch 13,   350/  454; acc:  82.77; ppl:   2.06; 3353 src tok/s; 3439 tgt tok/s;     87 s elapsed
Epoch 13,   400/  454; acc:  84.40; ppl:   1.87; 3353 src tok/s; 3499 tgt tok/s;    100 s elapsed
Epoch 13,   450/  454; acc:  84.10; ppl:   1.92; 3269 src tok/s; 3408 tgt tok/s;    112 s elapsed
Train perplexity: 1.95802
Train accuracy: 83.7457
Validation perplexity: 6.46778
Validation accuracy: 69.7531
Decaying learning rate to 0.015625

Epoch 14,    50/  454; acc:  83.62; ppl:   1.97; 3340 src tok/s; 3447 tgt tok/s;     13 s elapsed
Epoch 14,   100/  454; acc:  84.45; ppl:   1.90; 3320 src tok/s; 3459 tgt tok/s;     25 s elapsed
Epoch 14,   150/  454; acc:  83.78; ppl:   1.95; 3417 src tok/s; 3544 tgt tok/s;     37 s elapsed
Epoch 14,   200/  454; acc:  84.22; ppl:   1.91; 3343 src tok/s; 3478 tgt tok/s;     50 s elapsed
Epoch 14,   250/  454; acc:  83.43; ppl:   1.99; 3378 src tok/s; 3496 tgt tok/s;     63 s elapsed
Epoch 14,   300/  454; acc:  84.57; ppl:   1.87; 3319 src tok/s; 3479 tgt tok/s;     75 s elapsed
Epoch 14,   350/  454; acc:  83.92; ppl:   1.93; 3298 src tok/s; 3411 tgt tok/s;     88 s elapsed
Epoch 14,   400/  454; acc:  84.05; ppl:   1.93; 3374 src tok/s; 3499 tgt tok/s;    100 s elapsed
Epoch 14,   450/  454; acc:  83.42; ppl:   1.98; 3290 src tok/s; 3405 tgt tok/s;    113 s elapsed
Train perplexity: 1.93457
Train accuracy: 83.951
Validation perplexity: 6.48934
Validation accuracy: 69.746
Decaying learning rate to 0.0078125

Epoch 15,    50/  454; acc:  83.59; ppl:   1.97; 3411 src tok/s; 3529 tgt tok/s;     13 s elapsed
Epoch 15,   100/  454; acc:  84.50; ppl:   1.88; 3422 src tok/s; 3547 tgt tok/s;     25 s elapsed
Epoch 15,   150/  454; acc:  84.02; ppl:   1.95; 3378 src tok/s; 3496 tgt tok/s;     37 s elapsed
Epoch 15,   200/  454; acc:  84.42; ppl:   1.89; 3321 src tok/s; 3446 tgt tok/s;     50 s elapsed
Epoch 15,   250/  454; acc:  85.20; ppl:   1.81; 3351 src tok/s; 3511 tgt tok/s;     61 s elapsed
Epoch 15,   300/  454; acc:  83.19; ppl:   2.02; 3373 src tok/s; 3464 tgt tok/s;     75 s elapsed
Epoch 15,   350/  454; acc:  84.67; ppl:   1.87; 3367 src tok/s; 3512 tgt tok/s;     87 s elapsed
Epoch 15,   400/  454; acc:  83.66; ppl:   1.99; 3291 src tok/s; 3420 tgt tok/s;    100 s elapsed
Epoch 15,   450/  454; acc:  84.13; ppl:   1.92; 3234 src tok/s; 3361 tgt tok/s;    113 s elapsed
Train perplexity: 1.92288
Train accuracy: 84.1489
Validation perplexity: 6.50397
Validation accuracy: 69.7673
Decaying learning rate to 0.00390625

Epoch 16,    50/  454; acc:  85.05; ppl:   1.83; 3390 src tok/s; 3528 tgt tok/s;     12 s elapsed
Epoch 16,   100/  454; acc:  83.22; ppl:   1.99; 3446 src tok/s; 3549 tgt tok/s;     25 s elapsed
Epoch 16,   150/  454; acc:  83.29; ppl:   2.03; 3399 src tok/s; 3512 tgt tok/s;     38 s elapsed
Epoch 16,   200/  454; acc:  85.38; ppl:   1.81; 3253 src tok/s; 3411 tgt tok/s;     50 s elapsed
Epoch 16,   250/  454; acc:  83.92; ppl:   1.94; 3374 src tok/s; 3489 tgt tok/s;     62 s elapsed
Epoch 16,   300/  454; acc:  83.95; ppl:   1.93; 3322 src tok/s; 3463 tgt tok/s;     75 s elapsed
Epoch 16,   350/  454; acc:  84.49; ppl:   1.90; 3333 src tok/s; 3447 tgt tok/s;     87 s elapsed
Epoch 16,   400/  454; acc:  84.27; ppl:   1.89; 3346 src tok/s; 3471 tgt tok/s;    100 s elapsed
Epoch 16,   450/  454; acc:  83.91; ppl:   1.93; 3300 src tok/s; 3432 tgt tok/s;    113 s elapsed
Train perplexity: 1.9159
Train accuracy: 84.161
Validation perplexity: 6.51565
Validation accuracy: 69.7744
Decaying learning rate to 0.00195312

Epoch 17,    50/  454; acc:  84.06; ppl:   1.92; 3460 src tok/s; 3585 tgt tok/s;     12 s elapsed
Epoch 17,   100/  454; acc:  84.33; ppl:   1.90; 3416 src tok/s; 3556 tgt tok/s;     25 s elapsed
Epoch 17,   150/  454; acc:  83.85; ppl:   1.96; 3388 src tok/s; 3526 tgt tok/s;     37 s elapsed
Epoch 17,   200/  454; acc:  84.62; ppl:   1.89; 3273 src tok/s; 3408 tgt tok/s;     50 s elapsed
Epoch 17,   250/  454; acc:  84.22; ppl:   1.92; 3331 src tok/s; 3467 tgt tok/s;     62 s elapsed
Epoch 17,   300/  454; acc:  84.52; ppl:   1.88; 3337 src tok/s; 3438 tgt tok/s;     75 s elapsed
Epoch 17,   350/  454; acc:  83.67; ppl:   1.95; 3334 src tok/s; 3439 tgt tok/s;     88 s elapsed
Epoch 17,   400/  454; acc:  84.47; ppl:   1.89; 3235 src tok/s; 3370 tgt tok/s;    100 s elapsed
Epoch 17,   450/  454; acc:  84.19; ppl:   1.90; 3265 src tok/s; 3381 tgt tok/s;    113 s elapsed
Train perplexity: 1.91224
Train accuracy: 84.2161
Validation perplexity: 6.51815
Validation accuracy: 69.746
Decaying learning rate to 0.000976562
