<module 'opts' from '/u/suhubdyd/research/projects/jumble_lstm/code/auxiliary-nmt/opts.pyc'>
Namespace(batch_size=64, brnn=False, brnn_merge='concat', cnn_kernel_width=3, context_gate=None, copy_attn=False, copy_attn_force=False, coverage_attn=False, data='/data/lisatmp3/suhubdyd/multi30k.atok.low', dec_layers=1, decay_method='', decoder_type='rnn', dropout=0.3, enc_layers=2, encoder_type='rnn', epochs=17, exp='', exp_host='', feat_merge='concat', feat_vec_exponent=0.7, feat_vec_size=-1, fix_word_vecs_dec=False, fix_word_vecs_enc=False, global_attention='general', gpuid=[0], input_feed=1, kappa_dec=0.4, kappa_enc=0.4, lambda_coverage=1, layers=-1, learning_rate=1.0, learning_rate_decay=0.5, max_generator_batches=32, max_grad_norm=5, model_type='text', optim='sgd', param_init=0.1, position_encoding=False, pre_word_vecs_dec=None, pre_word_vecs_enc=None, report_every=50, rnn_size=500, rnn_type='LSTM', save_model='/data/lisatmp3/suhubdyd/models/seeds/encoder0.4decoder0.4dropout0.3wdropFalseseed3', seed=3, share_decoder_embeddings=False, share_embeddings=False, src_word_vec_size=500, start_checkpoint_at=0, start_decay_at=8, start_epoch=1, tgt_word_vec_size=500, train_from='', truncated_decoder=0, warmup_steps=4000, weightdropout=False, word_vec_size=-1)
('Using Kappa L2 loss on encoder', 0.4)
('Using Kappa L2 loss on decoder', 0.4)
Loading train and validate data from '/data/lisatmp3/suhubdyd/multi30k.atok.low'
 * number of training sentences: 29000
 * maximum batch size: 64
 * vocabulary size. source = 10841; target = 18563
Building model...
Intializing model parameters.
NMTModel (
  (encoder): RNNEncoder (
    (embeddings): Embeddings (
      (make_embedding): Sequential (
        (emb_luts): Elementwise (
          (0): Embedding(10841, 500, padding_idx=1)
        )
      )
    )
    (dropout): Dropout (p = 0.3)
    (rnn): LSTM(500, 500, dropout=0.3)
  )
  (decoder): InputFeedRNNDecoder (
    (embeddings): Embeddings (
      (make_embedding): Sequential (
        (emb_luts): Elementwise (
          (0): Embedding(18563, 500, padding_idx=1)
        )
      )
    )
    (dropout): Dropout (p = 0.3)
    (rnn): StackedLSTM (
      (dropout): Dropout (p = 0.3)
      (layers): ModuleList (
        (0): LSTMCell(1000, 500)
      )
    )
    (attn): GlobalAttention (
      (linear_in): Linear (500 -> 500)
      (linear_out): Linear (1000 -> 500)
      (sm): Softmax ()
      (tanh): Tanh ()
    )
  )
  (generator): Sequential (
    (0): Linear (500 -> 18563)
    (1): LogSoftmax ()
  )
)
* number of parameters: 29760063
('encoder: ', 7424500)
('decoder: ', 22335563)

Epoch  1,    50/  454; acc:   9.40; ppl: 10727.31; 2994 src tok/s; 3092 tgt tok/s;     14 s elapsed
Epoch  1,   100/  454; acc:  13.42; ppl: 3277.52; 3164 src tok/s; 3287 tgt tok/s;     27 s elapsed
Epoch  1,   150/  454; acc:  17.29; ppl: 644.91; 3134 src tok/s; 3250 tgt tok/s;     41 s elapsed
Epoch  1,   200/  454; acc:  20.45; ppl: 307.21; 3147 src tok/s; 3258 tgt tok/s;     54 s elapsed
Epoch  1,   250/  454; acc:  24.60; ppl: 177.15; 3166 src tok/s; 3298 tgt tok/s;     67 s elapsed
Epoch  1,   300/  454; acc:  26.83; ppl: 130.76; 3222 src tok/s; 3319 tgt tok/s;     80 s elapsed
Epoch  1,   350/  454; acc:  30.65; ppl:  93.14; 3107 src tok/s; 3253 tgt tok/s;     93 s elapsed
Epoch  1,   400/  454; acc:  31.25; ppl:  83.59; 3165 src tok/s; 3276 tgt tok/s;    107 s elapsed
Epoch  1,   450/  454; acc:  33.71; ppl:  67.56; 3139 src tok/s; 3271 tgt tok/s;    121 s elapsed
Train perplexity: 347.651
Train accuracy: 23.1439
Validation perplexity: 58.5787
Validation accuracy: 35.6251

Epoch  2,    50/  454; acc:  37.19; ppl:  52.76; 3138 src tok/s; 3260 tgt tok/s;     13 s elapsed
Epoch  2,   100/  454; acc:  38.74; ppl:  45.22; 3161 src tok/s; 3278 tgt tok/s;     27 s elapsed
Epoch  2,   150/  454; acc:  41.36; ppl:  37.03; 3139 src tok/s; 3250 tgt tok/s;     40 s elapsed
Epoch  2,   200/  454; acc:  43.17; ppl:  32.21; 3186 src tok/s; 3309 tgt tok/s;     53 s elapsed
Epoch  2,   250/  454; acc:  44.87; ppl:  29.17; 3135 src tok/s; 3252 tgt tok/s;     67 s elapsed
Epoch  2,   300/  454; acc:  47.98; ppl:  23.94; 3248 src tok/s; 3364 tgt tok/s;     80 s elapsed
Epoch  2,   350/  454; acc:  49.74; ppl:  21.04; 3198 src tok/s; 3336 tgt tok/s;     92 s elapsed
Epoch  2,   400/  454; acc:  49.26; ppl:  21.23; 3106 src tok/s; 3217 tgt tok/s;    106 s elapsed
Epoch  2,   450/  454; acc:  52.20; ppl:  17.76; 3176 src tok/s; 3303 tgt tok/s;    119 s elapsed
Train perplexity: 29.2213
Train accuracy: 44.9563
Validation perplexity: 16.1387
Validation accuracy: 54.2713

Epoch  3,    50/  454; acc:  53.91; ppl:  15.26; 3117 src tok/s; 3234 tgt tok/s;     13 s elapsed
Epoch  3,   100/  454; acc:  54.89; ppl:  14.12; 3175 src tok/s; 3285 tgt tok/s;     27 s elapsed
Epoch  3,   150/  454; acc:  55.33; ppl:  13.75; 3104 src tok/s; 3231 tgt tok/s;     40 s elapsed
Epoch  3,   200/  454; acc:  55.83; ppl:  13.29; 3190 src tok/s; 3304 tgt tok/s;     53 s elapsed
Epoch  3,   250/  454; acc:  57.38; ppl:  12.18; 3172 src tok/s; 3307 tgt tok/s;     66 s elapsed
Epoch  3,   300/  454; acc:  57.27; ppl:  12.16; 3204 src tok/s; 3299 tgt tok/s;     80 s elapsed
Epoch  3,   350/  454; acc:  56.51; ppl:  12.56; 3173 src tok/s; 3266 tgt tok/s;     94 s elapsed
Epoch  3,   400/  454; acc:  60.04; ppl:  10.17; 3137 src tok/s; 3299 tgt tok/s;    106 s elapsed
Epoch  3,   450/  454; acc:  58.82; ppl:  10.62; 3164 src tok/s; 3297 tgt tok/s;    119 s elapsed
Train perplexity: 12.5995
Train accuracy: 56.6447
Validation perplexity: 10.8845
Validation accuracy: 59.5998

Epoch  4,    50/  454; acc:  61.24; ppl:   8.81; 3117 src tok/s; 3219 tgt tok/s;     13 s elapsed
Epoch  4,   100/  454; acc:  61.68; ppl:   8.58; 3156 src tok/s; 3255 tgt tok/s;     27 s elapsed
Epoch  4,   150/  454; acc:  61.47; ppl:   8.56; 3062 src tok/s; 3194 tgt tok/s;     40 s elapsed
Epoch  4,   200/  454; acc:  62.05; ppl:   8.29; 2993 src tok/s; 3106 tgt tok/s;     54 s elapsed
Epoch  4,   250/  454; acc:  61.90; ppl:   8.44; 2996 src tok/s; 3114 tgt tok/s;     68 s elapsed
Epoch  4,   300/  454; acc:  61.84; ppl:   8.24; 2991 src tok/s; 3110 tgt tok/s;     83 s elapsed
Epoch  4,   350/  454; acc:  62.69; ppl:   8.18; 3089 src tok/s; 3215 tgt tok/s;     96 s elapsed
Epoch  4,   400/  454; acc:  62.58; ppl:   7.93; 3209 src tok/s; 3338 tgt tok/s;    109 s elapsed
Epoch  4,   450/  454; acc:  62.31; ppl:   8.15; 3145 src tok/s; 3258 tgt tok/s;    122 s elapsed
Train perplexity: 8.34586
Train accuracy: 61.9812
Validation perplexity: 8.48055
Validation accuracy: 63.1829

Epoch  5,    50/  454; acc:  65.79; ppl:   6.26; 3074 src tok/s; 3225 tgt tok/s;     13 s elapsed
Epoch  5,   100/  454; acc:  65.21; ppl:   6.33; 3202 src tok/s; 3302 tgt tok/s;     27 s elapsed
Epoch  5,   150/  454; acc:  65.16; ppl:   6.41; 3221 src tok/s; 3319 tgt tok/s;     40 s elapsed
Epoch  5,   200/  454; acc:  66.05; ppl:   6.13; 3175 src tok/s; 3326 tgt tok/s;     53 s elapsed
Epoch  5,   250/  454; acc:  66.15; ppl:   6.08; 3117 src tok/s; 3263 tgt tok/s;     66 s elapsed
Epoch  5,   300/  454; acc:  64.12; ppl:   6.76; 3186 src tok/s; 3298 tgt tok/s;     79 s elapsed
Epoch  5,   350/  454; acc:  65.50; ppl:   6.27; 3189 src tok/s; 3297 tgt tok/s;     93 s elapsed
Epoch  5,   400/  454; acc:  65.14; ppl:   6.41; 3082 src tok/s; 3188 tgt tok/s;    106 s elapsed
Epoch  5,   450/  454; acc:  65.42; ppl:   6.28; 3131 src tok/s; 3243 tgt tok/s;    119 s elapsed
Train perplexity: 6.33607
Train accuracy: 65.3543
Validation perplexity: 7.39456
Validation accuracy: 64.6161

Epoch  6,    50/  454; acc:  68.99; ppl:   4.75; 3193 src tok/s; 3311 tgt tok/s;     14 s elapsed
Epoch  6,   100/  454; acc:  68.02; ppl:   5.07; 3107 src tok/s; 3243 tgt tok/s;     27 s elapsed
Epoch  6,   150/  454; acc:  67.68; ppl:   5.20; 3228 src tok/s; 3342 tgt tok/s;     40 s elapsed
Epoch  6,   200/  454; acc:  67.91; ppl:   5.04; 3179 src tok/s; 3301 tgt tok/s;     53 s elapsed
Epoch  6,   250/  454; acc:  68.13; ppl:   5.04; 3250 src tok/s; 3363 tgt tok/s;     66 s elapsed
Epoch  6,   300/  454; acc:  67.49; ppl:   5.29; 3126 src tok/s; 3247 tgt tok/s;     79 s elapsed
Epoch  6,   350/  454; acc:  67.66; ppl:   5.24; 3143 src tok/s; 3311 tgt tok/s;     92 s elapsed
Epoch  6,   400/  454; acc:  67.25; ppl:   5.39; 3196 src tok/s; 3290 tgt tok/s;    106 s elapsed
Epoch  6,   450/  454; acc:  67.51; ppl:   5.09; 3125 src tok/s; 3226 tgt tok/s;    119 s elapsed
Train perplexity: 5.1311
Train accuracy: 67.8146
Validation perplexity: 6.89682
Validation accuracy: 66.17

Epoch  7,    50/  454; acc:  70.95; ppl:   4.01; 3089 src tok/s; 3190 tgt tok/s;     14 s elapsed
Epoch  7,   100/  454; acc:  70.53; ppl:   4.16; 3082 src tok/s; 3204 tgt tok/s;     27 s elapsed
Epoch  7,   150/  454; acc:  69.52; ppl:   4.46; 3093 src tok/s; 3186 tgt tok/s;     41 s elapsed
Epoch  7,   200/  454; acc:  70.26; ppl:   4.21; 3187 src tok/s; 3335 tgt tok/s;     54 s elapsed
Epoch  7,   250/  454; acc:  69.43; ppl:   4.45; 3208 src tok/s; 3317 tgt tok/s;     67 s elapsed
Epoch  7,   300/  454; acc:  70.29; ppl:   4.22; 3151 src tok/s; 3273 tgt tok/s;     80 s elapsed
Epoch  7,   350/  454; acc:  68.84; ppl:   4.56; 3185 src tok/s; 3306 tgt tok/s;     94 s elapsed
Epoch  7,   400/  454; acc:  69.87; ppl:   4.32; 3146 src tok/s; 3271 tgt tok/s;    107 s elapsed
Epoch  7,   450/  454; acc:  69.92; ppl:   4.36; 3126 src tok/s; 3259 tgt tok/s;    120 s elapsed
Train perplexity: 4.30487
Train accuracy: 69.9465
Validation perplexity: 6.6914
Validation accuracy: 66.6241

Epoch  8,    50/  454; acc:  72.84; ppl:   3.47; 3124 src tok/s; 3238 tgt tok/s;     13 s elapsed
Epoch  8,   100/  454; acc:  72.47; ppl:   3.62; 3226 src tok/s; 3343 tgt tok/s;     26 s elapsed
Epoch  8,   150/  454; acc:  71.70; ppl:   3.74; 3190 src tok/s; 3282 tgt tok/s;     40 s elapsed
Epoch  8,   200/  454; acc:  72.88; ppl:   3.55; 3093 src tok/s; 3238 tgt tok/s;     53 s elapsed
Epoch  8,   250/  454; acc:  71.92; ppl:   3.64; 3130 src tok/s; 3259 tgt tok/s;     66 s elapsed
Epoch  8,   300/  454; acc:  70.51; ppl:   3.95; 3144 src tok/s; 3249 tgt tok/s;     80 s elapsed
Epoch  8,   350/  454; acc:  71.58; ppl:   3.77; 3109 src tok/s; 3237 tgt tok/s;     93 s elapsed
Epoch  8,   400/  454; acc:  70.25; ppl:   4.02; 3197 src tok/s; 3315 tgt tok/s;    106 s elapsed
Epoch  8,   450/  454; acc:  70.84; ppl:   3.97; 3127 src tok/s; 3262 tgt tok/s;    120 s elapsed
Train perplexity: 3.74875
Train accuracy: 71.6373
Validation perplexity: 6.43206
Validation accuracy: 67.7806
Decaying learning rate to 0.5

Epoch  9,    50/  454; acc:  76.38; ppl:   2.81; 3187 src tok/s; 3317 tgt tok/s;     13 s elapsed
Epoch  9,   100/  454; acc:  76.60; ppl:   2.81; 3154 src tok/s; 3278 tgt tok/s;     26 s elapsed
Epoch  9,   150/  454; acc:  76.26; ppl:   2.83; 3156 src tok/s; 3279 tgt tok/s;     40 s elapsed
Epoch  9,   200/  454; acc:  77.03; ppl:   2.69; 3153 src tok/s; 3273 tgt tok/s;     53 s elapsed
Epoch  9,   250/  454; acc:  76.34; ppl:   2.85; 3039 src tok/s; 3140 tgt tok/s;     67 s elapsed
Epoch  9,   300/  454; acc:  76.66; ppl:   2.77; 3163 src tok/s; 3291 tgt tok/s;     80 s elapsed
Epoch  9,   350/  454; acc:  76.06; ppl:   2.90; 3165 src tok/s; 3279 tgt tok/s;     93 s elapsed
Epoch  9,   400/  454; acc:  76.53; ppl:   2.84; 3244 src tok/s; 3355 tgt tok/s;    106 s elapsed
Epoch  9,   450/  454; acc:  76.25; ppl:   2.85; 3168 src tok/s; 3296 tgt tok/s;    119 s elapsed
Train perplexity: 2.81758
Train accuracy: 76.4458
Validation perplexity: 6.15727
Validation accuracy: 69.0649
Decaying learning rate to 0.25

Epoch 10,    50/  454; acc:  80.57; ppl:   2.27; 3225 src tok/s; 3351 tgt tok/s;     13 s elapsed
Epoch 10,   100/  454; acc:  79.72; ppl:   2.36; 3130 src tok/s; 3242 tgt tok/s;     27 s elapsed
Epoch 10,   150/  454; acc:  80.68; ppl:   2.27; 3171 src tok/s; 3293 tgt tok/s;     40 s elapsed
Epoch 10,   200/  454; acc:  79.83; ppl:   2.40; 3109 src tok/s; 3219 tgt tok/s;     53 s elapsed
Epoch 10,   250/  454; acc:  80.64; ppl:   2.26; 3160 src tok/s; 3281 tgt tok/s;     66 s elapsed
Epoch 10,   300/  454; acc:  79.53; ppl:   2.41; 3177 src tok/s; 3289 tgt tok/s;     80 s elapsed
Epoch 10,   350/  454; acc:  80.26; ppl:   2.31; 3186 src tok/s; 3314 tgt tok/s;     93 s elapsed
Epoch 10,   400/  454; acc:  79.40; ppl:   2.41; 3165 src tok/s; 3285 tgt tok/s;    106 s elapsed
Epoch 10,   450/  454; acc:  80.02; ppl:   2.32; 3118 src tok/s; 3246 tgt tok/s;    119 s elapsed
Train perplexity: 2.33689
Train accuracy: 80.0505
Validation perplexity: 6.15936
Validation accuracy: 69.675
Decaying learning rate to 0.125

Epoch 11,    50/  454; acc:  82.03; ppl:   2.12; 3204 src tok/s; 3308 tgt tok/s;     14 s elapsed
Epoch 11,   100/  454; acc:  82.36; ppl:   2.11; 3148 src tok/s; 3286 tgt tok/s;     26 s elapsed
Epoch 11,   150/  454; acc:  82.77; ppl:   2.03; 3158 src tok/s; 3287 tgt tok/s;     39 s elapsed
Epoch 11,   200/  454; acc:  81.27; ppl:   2.18; 3138 src tok/s; 3258 tgt tok/s;     53 s elapsed
Epoch 11,   250/  454; acc:  82.66; ppl:   2.06; 3175 src tok/s; 3303 tgt tok/s;     66 s elapsed
Epoch 11,   300/  454; acc:  81.49; ppl:   2.16; 3199 src tok/s; 3317 tgt tok/s;     79 s elapsed
Epoch 11,   350/  454; acc:  81.67; ppl:   2.15; 3207 src tok/s; 3319 tgt tok/s;     93 s elapsed
Epoch 11,   400/  454; acc:  81.96; ppl:   2.10; 3191 src tok/s; 3301 tgt tok/s;    106 s elapsed
Epoch 11,   450/  454; acc:  81.45; ppl:   2.20; 3181 src tok/s; 3295 tgt tok/s;    119 s elapsed
Train perplexity: 2.12097
Train accuracy: 81.9779
Validation perplexity: 6.2766
Validation accuracy: 69.4693
Decaying learning rate to 0.0625

Epoch 12,    50/  454; acc:  83.21; ppl:   2.00; 3093 src tok/s; 3233 tgt tok/s;     13 s elapsed
Epoch 12,   100/  454; acc:  82.56; ppl:   2.06; 3165 src tok/s; 3266 tgt tok/s;     27 s elapsed
Epoch 12,   150/  454; acc:  82.84; ppl:   2.03; 3188 src tok/s; 3298 tgt tok/s;     40 s elapsed
Epoch 12,   200/  454; acc:  83.09; ppl:   1.98; 3224 src tok/s; 3350 tgt tok/s;     53 s elapsed
Epoch 12,   250/  454; acc:  83.36; ppl:   1.98; 3196 src tok/s; 3319 tgt tok/s;     66 s elapsed
Epoch 12,   300/  454; acc:  83.02; ppl:   2.02; 3190 src tok/s; 3329 tgt tok/s;     79 s elapsed
Epoch 12,   350/  454; acc:  83.74; ppl:   1.95; 3157 src tok/s; 3283 tgt tok/s;     92 s elapsed
Epoch 12,   400/  454; acc:  82.67; ppl:   2.07; 3154 src tok/s; 3265 tgt tok/s;    106 s elapsed
Epoch 12,   450/  454; acc:  82.47; ppl:   2.07; 3158 src tok/s; 3260 tgt tok/s;    119 s elapsed
Train perplexity: 2.01725
Train accuracy: 82.9974
Validation perplexity: 6.36291
Validation accuracy: 69.6041
Decaying learning rate to 0.03125

Epoch 13,    50/  454; acc:  83.68; ppl:   1.97; 3152 src tok/s; 3260 tgt tok/s;     14 s elapsed
Epoch 13,   100/  454; acc:  83.84; ppl:   1.93; 3204 src tok/s; 3329 tgt tok/s;     26 s elapsed
Epoch 13,   150/  454; acc:  83.45; ppl:   1.94; 3195 src tok/s; 3331 tgt tok/s;     40 s elapsed
Epoch 13,   200/  454; acc:  83.53; ppl:   1.97; 3184 src tok/s; 3311 tgt tok/s;     53 s elapsed
Epoch 13,   250/  454; acc:  83.52; ppl:   1.98; 3142 src tok/s; 3248 tgt tok/s;     66 s elapsed
Epoch 13,   300/  454; acc:  83.43; ppl:   1.99; 3223 src tok/s; 3356 tgt tok/s;     79 s elapsed
Epoch 13,   350/  454; acc:  84.64; ppl:   1.87; 3181 src tok/s; 3322 tgt tok/s;     92 s elapsed
Epoch 13,   400/  454; acc:  83.04; ppl:   2.05; 3242 src tok/s; 3340 tgt tok/s;    105 s elapsed
Epoch 13,   450/  454; acc:  82.97; ppl:   2.02; 3162 src tok/s; 3269 tgt tok/s;    118 s elapsed
Train perplexity: 1.96594
Train accuracy: 83.5952
Validation perplexity: 6.42438
Validation accuracy: 69.6254
Decaying learning rate to 0.015625

Epoch 14,    50/  454; acc:  83.21; ppl:   2.01; 3141 src tok/s; 3240 tgt tok/s;     14 s elapsed
Epoch 14,   100/  454; acc:  84.79; ppl:   1.85; 3135 src tok/s; 3256 tgt tok/s;     27 s elapsed
Epoch 14,   150/  454; acc:  83.69; ppl:   1.97; 3167 src tok/s; 3297 tgt tok/s;     40 s elapsed
Epoch 14,   200/  454; acc:  84.00; ppl:   1.91; 3209 src tok/s; 3328 tgt tok/s;     53 s elapsed
Epoch 14,   250/  454; acc:  83.55; ppl:   1.95; 3159 src tok/s; 3295 tgt tok/s;     66 s elapsed
Epoch 14,   300/  454; acc:  84.05; ppl:   1.93; 3140 src tok/s; 3246 tgt tok/s;     80 s elapsed
Epoch 14,   350/  454; acc:  83.84; ppl:   1.94; 3145 src tok/s; 3276 tgt tok/s;     93 s elapsed
Epoch 14,   400/  454; acc:  83.62; ppl:   1.98; 3218 src tok/s; 3333 tgt tok/s;    106 s elapsed
Epoch 14,   450/  454; acc:  83.83; ppl:   1.99; 3001 src tok/s; 3109 tgt tok/s;    120 s elapsed
Train perplexity: 1.9453
Train accuracy: 83.8654
Validation perplexity: 6.46278
Validation accuracy: 69.4409
Decaying learning rate to 0.0078125

Epoch 15,    50/  454; acc:  85.21; ppl:   1.81; 3155 src tok/s; 3285 tgt tok/s;     13 s elapsed
Epoch 15,   100/  454; acc:  83.14; ppl:   2.00; 3253 src tok/s; 3352 tgt tok/s;     26 s elapsed
Epoch 15,   150/  454; acc:  84.33; ppl:   1.88; 3184 src tok/s; 3319 tgt tok/s;     39 s elapsed
Epoch 15,   200/  454; acc:  83.48; ppl:   1.96; 3178 src tok/s; 3295 tgt tok/s;     52 s elapsed
Epoch 15,   250/  454; acc:  83.66; ppl:   1.97; 3158 src tok/s; 3283 tgt tok/s;     66 s elapsed
Epoch 15,   300/  454; acc:  84.32; ppl:   1.94; 3184 src tok/s; 3292 tgt tok/s;     79 s elapsed
Epoch 15,   350/  454; acc:  83.55; ppl:   1.98; 3185 src tok/s; 3306 tgt tok/s;     92 s elapsed
Epoch 15,   400/  454; acc:  83.82; ppl:   1.95; 3166 src tok/s; 3292 tgt tok/s;    106 s elapsed
Epoch 15,   450/  454; acc:  84.19; ppl:   1.91; 3161 src tok/s; 3288 tgt tok/s;    118 s elapsed
Train perplexity: 1.93292
Train accuracy: 83.9536
Validation perplexity: 6.47231
Validation accuracy: 69.4409
Decaying learning rate to 0.00390625

Epoch 16,    50/  454; acc:  84.42; ppl:   1.91; 3129 src tok/s; 3255 tgt tok/s;     13 s elapsed
Epoch 16,   100/  454; acc:  84.30; ppl:   1.91; 3261 src tok/s; 3376 tgt tok/s;     26 s elapsed
Epoch 16,   150/  454; acc:  83.77; ppl:   1.94; 3086 src tok/s; 3211 tgt tok/s;     40 s elapsed
Epoch 16,   200/  454; acc:  84.15; ppl:   1.90; 3177 src tok/s; 3296 tgt tok/s;     53 s elapsed
Epoch 16,   250/  454; acc:  83.73; ppl:   1.97; 3145 src tok/s; 3262 tgt tok/s;     67 s elapsed
Epoch 16,   300/  454; acc:  84.08; ppl:   1.93; 3211 src tok/s; 3342 tgt tok/s;     79 s elapsed
Epoch 16,   350/  454; acc:  83.37; ppl:   2.00; 3187 src tok/s; 3279 tgt tok/s;     94 s elapsed
Epoch 16,   400/  454; acc:  84.90; ppl:   1.85; 3159 src tok/s; 3301 tgt tok/s;    106 s elapsed
Epoch 16,   450/  454; acc:  83.93; ppl:   1.92; 3171 src tok/s; 3291 tgt tok/s;    119 s elapsed
Train perplexity: 1.92794
Train accuracy: 84.0511
Validation perplexity: 6.4711
Validation accuracy: 69.4551
Decaying learning rate to 0.00195312

Epoch 17,    50/  454; acc:  84.78; ppl:   1.85; 3129 src tok/s; 3257 tgt tok/s;     13 s elapsed
Epoch 17,   100/  454; acc:  83.42; ppl:   1.97; 3190 src tok/s; 3312 tgt tok/s;     27 s elapsed
Epoch 17,   150/  454; acc:  83.80; ppl:   1.95; 3155 src tok/s; 3265 tgt tok/s;     40 s elapsed
Epoch 17,   200/  454; acc:  84.42; ppl:   1.91; 3225 src tok/s; 3342 tgt tok/s;     53 s elapsed
Epoch 17,   250/  454; acc:  83.76; ppl:   1.98; 3233 src tok/s; 3353 tgt tok/s;     66 s elapsed
Epoch 17,   300/  454; acc:  84.58; ppl:   1.86; 3127 src tok/s; 3262 tgt tok/s;     79 s elapsed
Epoch 17,   350/  454; acc:  84.49; ppl:   1.87; 3149 src tok/s; 3282 tgt tok/s;     92 s elapsed
Epoch 17,   400/  454; acc:  83.77; ppl:   1.93; 3256 src tok/s; 3351 tgt tok/s;    105 s elapsed
Epoch 17,   450/  454; acc:  83.80; ppl:   1.96; 3153 src tok/s; 3269 tgt tok/s;    119 s elapsed
Train perplexity: 1.91885
Train accuracy: 84.1018
Validation perplexity: 6.4742
Validation accuracy: 69.4551
Decaying learning rate to 0.000976562
