<module 'opts' from '/u/suhubdyd/research/projects/jumble_lstm/code/auxiliary-nmt/opts.pyc'>
Namespace(batch_size=64, brnn=False, brnn_merge='concat', cnn_kernel_width=3, context_gate=None, copy_attn=False, copy_attn_force=False, coverage_attn=False, data='/data/lisatmp3/suhubdyd/multi30k.atok.low', dec_layers=1, decay_method='', decoder_type='rnn', dropout=0.3, enc_layers=2, encoder_type='rnn', epochs=17, exp='', exp_host='', feat_merge='concat', feat_vec_exponent=0.7, feat_vec_size=-1, fix_word_vecs_dec=False, fix_word_vecs_enc=False, global_attention='general', gpuid=[0], input_feed=1, kappa_dec=0.1, kappa_enc=0.2, lambda_coverage=1, layers=-1, learning_rate=1.0, learning_rate_decay=0.5, max_generator_batches=32, max_grad_norm=5, model_type='text', optim='sgd', param_init=0.1, position_encoding=False, pre_word_vecs_dec=None, pre_word_vecs_enc=None, report_every=50, rnn_size=500, rnn_type='LSTM', save_model='/data/lisatmp3/suhubdyd/models/encoder0.2decoder0.1dropout0.3wdropFalse', seed=-1, share_decoder_embeddings=False, share_embeddings=False, src_word_vec_size=500, start_checkpoint_at=0, start_decay_at=8, start_epoch=1, tgt_word_vec_size=500, train_from='', truncated_decoder=0, warmup_steps=4000, weightdropout=False, word_vec_size=-1)
('Using Kappa L2 loss on encoder', 0.2)
('Using Kappa L2 loss on decoder', 0.1)
Loading train and validate data from '/data/lisatmp3/suhubdyd/multi30k.atok.low'
 * number of training sentences: 29000
 * maximum batch size: 64
 * vocabulary size. source = 10841; target = 18563
Building model...
Intializing model parameters.
NMTModel (
  (encoder): RNNEncoder (
    (embeddings): Embeddings (
      (make_embedding): Sequential (
        (emb_luts): Elementwise (
          (0): Embedding(10841, 500, padding_idx=1)
        )
      )
    )
    (dropout): Dropout (p = 0.3)
    (rnn): LSTM(500, 500, dropout=0.3)
  )
  (decoder): InputFeedRNNDecoder (
    (embeddings): Embeddings (
      (make_embedding): Sequential (
        (emb_luts): Elementwise (
          (0): Embedding(18563, 500, padding_idx=1)
        )
      )
    )
    (dropout): Dropout (p = 0.3)
    (rnn): StackedLSTM (
      (dropout): Dropout (p = 0.3)
      (layers): ModuleList (
        (0): LSTMCell(1000, 500)
      )
    )
    (attn): GlobalAttention (
      (linear_in): Linear (500 -> 500)
      (linear_out): Linear (1000 -> 500)
      (sm): Softmax ()
      (tanh): Tanh ()
    )
  )
  (generator): Sequential (
    (0): Linear (500 -> 18563)
    (1): LogSoftmax ()
  )
)
* number of parameters: 29760063
('encoder: ', 7424500)
('decoder: ', 22335563)

Epoch  1,    50/  454; acc:   8.38; ppl: 30567.77; 2938 src tok/s; 3060 tgt tok/s;     14 s elapsed
Epoch  1,   100/  454; acc:  14.14; ppl: 2292.63; 3156 src tok/s; 3258 tgt tok/s;     28 s elapsed
Epoch  1,   150/  454; acc:  18.17; ppl: 581.60; 3108 src tok/s; 3248 tgt tok/s;     41 s elapsed
Epoch  1,   200/  454; acc:  20.03; ppl: 308.10; 3106 src tok/s; 3218 tgt tok/s;     55 s elapsed
Epoch  1,   250/  454; acc:  24.05; ppl: 182.11; 3099 src tok/s; 3211 tgt tok/s;     68 s elapsed
Epoch  1,   300/  454; acc:  26.88; ppl: 127.57; 3170 src tok/s; 3287 tgt tok/s;     82 s elapsed
Epoch  1,   350/  454; acc:  28.31; ppl: 104.03; 3120 src tok/s; 3237 tgt tok/s;     95 s elapsed
Epoch  1,   400/  454; acc:  31.06; ppl:  81.83; 3079 src tok/s; 3190 tgt tok/s;    109 s elapsed
Epoch  1,   450/  454; acc:  32.60; ppl:  73.25; 3115 src tok/s; 3231 tgt tok/s;    122 s elapsed
Train perplexity: 375.902
Train accuracy: 22.7511
Validation perplexity: 56.3384
Validation accuracy: 36.8455

Epoch  2,    50/  454; acc:  35.26; ppl:  55.68; 3142 src tok/s; 3256 tgt tok/s;     14 s elapsed
Epoch  2,   100/  454; acc:  39.32; ppl:  43.98; 3082 src tok/s; 3225 tgt tok/s;     27 s elapsed
Epoch  2,   150/  454; acc:  38.87; ppl:  43.29; 3126 src tok/s; 3221 tgt tok/s;     42 s elapsed
Epoch  2,   200/  454; acc:  45.03; ppl:  28.78; 3118 src tok/s; 3271 tgt tok/s;     54 s elapsed
Epoch  2,   250/  454; acc:  45.71; ppl:  26.97; 3045 src tok/s; 3171 tgt tok/s;     67 s elapsed
Epoch  2,   300/  454; acc:  45.61; ppl:  26.90; 3088 src tok/s; 3184 tgt tok/s;     81 s elapsed
Epoch  2,   350/  454; acc:  47.97; ppl:  23.45; 3158 src tok/s; 3257 tgt tok/s;     95 s elapsed
Epoch  2,   400/  454; acc:  51.79; ppl:  18.20; 3163 src tok/s; 3295 tgt tok/s;    108 s elapsed
Epoch  2,   450/  454; acc:  50.99; ppl:  19.55; 3069 src tok/s; 3176 tgt tok/s;    121 s elapsed
Train perplexity: 29.8466
Train accuracy: 44.4768
Validation perplexity: 16.7138
Validation accuracy: 52.9658

Epoch  3,    50/  454; acc:  52.39; ppl:  16.33; 3059 src tok/s; 3167 tgt tok/s;     14 s elapsed
Epoch  3,   100/  454; acc:  54.80; ppl:  14.13; 3149 src tok/s; 3280 tgt tok/s;     27 s elapsed
Epoch  3,   150/  454; acc:  57.01; ppl:  12.47; 3031 src tok/s; 3186 tgt tok/s;     40 s elapsed
Epoch  3,   200/  454; acc:  54.29; ppl:  14.65; 3100 src tok/s; 3191 tgt tok/s;     55 s elapsed
Epoch  3,   250/  454; acc:  57.97; ppl:  11.74; 3115 src tok/s; 3254 tgt tok/s;     67 s elapsed
Epoch  3,   300/  454; acc:  56.72; ppl:  12.61; 3160 src tok/s; 3259 tgt tok/s;     81 s elapsed
Epoch  3,   350/  454; acc:  57.39; ppl:  12.18; 3189 src tok/s; 3286 tgt tok/s;     95 s elapsed
Epoch  3,   400/  454; acc:  58.89; ppl:  10.78; 3114 src tok/s; 3241 tgt tok/s;    108 s elapsed
Epoch  3,   450/  454; acc:  58.38; ppl:  11.10; 3027 src tok/s; 3143 tgt tok/s;    121 s elapsed
Train perplexity: 12.7687
Train accuracy: 56.4479
Validation perplexity: 10.132
Validation accuracy: 60.5719

Epoch  4,    50/  454; acc:  60.90; ppl:   8.87; 3074 src tok/s; 3166 tgt tok/s;     14 s elapsed
Epoch  4,   100/  454; acc:  61.83; ppl:   8.42; 3083 src tok/s; 3213 tgt tok/s;     27 s elapsed
Epoch  4,   150/  454; acc:  60.92; ppl:   8.83; 3139 src tok/s; 3258 tgt tok/s;     41 s elapsed
Epoch  4,   200/  454; acc:  61.64; ppl:   8.63; 3049 src tok/s; 3199 tgt tok/s;     54 s elapsed
Epoch  4,   250/  454; acc:  61.46; ppl:   8.54; 3158 src tok/s; 3274 tgt tok/s;     68 s elapsed
Epoch  4,   300/  454; acc:  61.71; ppl:   8.38; 3100 src tok/s; 3211 tgt tok/s;     81 s elapsed
Epoch  4,   350/  454; acc:  62.40; ppl:   8.16; 3094 src tok/s; 3203 tgt tok/s;     95 s elapsed
Epoch  4,   400/  454; acc:  62.52; ppl:   7.94; 3147 src tok/s; 3265 tgt tok/s;    108 s elapsed
Epoch  4,   450/  454; acc:  62.17; ppl:   8.18; 3086 src tok/s; 3198 tgt tok/s;    122 s elapsed
Train perplexity: 8.42483
Train accuracy: 61.7402
Validation perplexity: 8.09634
Validation accuracy: 64.1337

Epoch  5,    50/  454; acc:  64.14; ppl:   6.77; 3204 src tok/s; 3303 tgt tok/s;     14 s elapsed
Epoch  5,   100/  454; acc:  66.34; ppl:   5.89; 3034 src tok/s; 3162 tgt tok/s;     27 s elapsed
Epoch  5,   150/  454; acc:  64.63; ppl:   6.44; 3092 src tok/s; 3190 tgt tok/s;     41 s elapsed
Epoch  5,   200/  454; acc:  65.80; ppl:   6.19; 3001 src tok/s; 3140 tgt tok/s;     55 s elapsed
Epoch  5,   250/  454; acc:  65.16; ppl:   6.32; 3004 src tok/s; 3138 tgt tok/s;     68 s elapsed
Epoch  5,   300/  454; acc:  64.05; ppl:   6.78; 3096 src tok/s; 3195 tgt tok/s;     82 s elapsed
Epoch  5,   350/  454; acc:  65.83; ppl:   6.04; 3075 src tok/s; 3196 tgt tok/s;     95 s elapsed
Epoch  5,   400/  454; acc:  65.04; ppl:   6.43; 3119 src tok/s; 3230 tgt tok/s;    109 s elapsed
Epoch  5,   450/  454; acc:  65.35; ppl:   6.33; 2991 src tok/s; 3105 tgt tok/s;    123 s elapsed
Train perplexity: 6.35013
Train accuracy: 65.1268
Validation perplexity: 7.5022
Validation accuracy: 64.8361

Epoch  6,    50/  454; acc:  68.41; ppl:   4.94; 3059 src tok/s; 3183 tgt tok/s;     13 s elapsed
Epoch  6,   100/  454; acc:  67.97; ppl:   5.13; 3138 src tok/s; 3245 tgt tok/s;     27 s elapsed
Epoch  6,   150/  454; acc:  68.67; ppl:   4.97; 3091 src tok/s; 3216 tgt tok/s;     40 s elapsed
Epoch  6,   200/  454; acc:  67.08; ppl:   5.17; 3103 src tok/s; 3228 tgt tok/s;     54 s elapsed
Epoch  6,   250/  454; acc:  67.51; ppl:   5.25; 3094 src tok/s; 3213 tgt tok/s;     68 s elapsed
Epoch  6,   300/  454; acc:  68.23; ppl:   5.02; 3100 src tok/s; 3215 tgt tok/s;     81 s elapsed
Epoch  6,   350/  454; acc:  66.87; ppl:   5.40; 3058 src tok/s; 3166 tgt tok/s;     95 s elapsed
Epoch  6,   400/  454; acc:  67.70; ppl:   5.16; 3151 src tok/s; 3277 tgt tok/s;    108 s elapsed
Epoch  6,   450/  454; acc:  67.53; ppl:   5.22; 3080 src tok/s; 3190 tgt tok/s;    122 s elapsed
Train perplexity: 5.13403
Train accuracy: 67.7844
Validation perplexity: 6.9633
Validation accuracy: 65.8152

Epoch  7,    50/  454; acc:  71.54; ppl:   3.87; 3074 src tok/s; 3219 tgt tok/s;     13 s elapsed
Epoch  7,   100/  454; acc:  70.24; ppl:   4.28; 3085 src tok/s; 3180 tgt tok/s;     27 s elapsed
Epoch  7,   150/  454; acc:  69.88; ppl:   4.33; 3053 src tok/s; 3196 tgt tok/s;     41 s elapsed
Epoch  7,   200/  454; acc:  69.85; ppl:   4.36; 3181 src tok/s; 3286 tgt tok/s;     54 s elapsed
Epoch  7,   250/  454; acc:  69.25; ppl:   4.52; 3085 src tok/s; 3182 tgt tok/s;     68 s elapsed
Epoch  7,   300/  454; acc:  70.51; ppl:   4.15; 3102 src tok/s; 3219 tgt tok/s;     81 s elapsed
Epoch  7,   350/  454; acc:  69.10; ppl:   4.45; 3062 src tok/s; 3191 tgt tok/s;     95 s elapsed
Epoch  7,   400/  454; acc:  69.30; ppl:   4.44; 3101 src tok/s; 3205 tgt tok/s;    109 s elapsed
Epoch  7,   450/  454; acc:  68.91; ppl:   4.51; 3020 src tok/s; 3139 tgt tok/s;    122 s elapsed
Train perplexity: 4.32369
Train accuracy: 69.8281
Validation perplexity: 6.59533
Validation accuracy: 67.284

Epoch  8,    50/  454; acc:  73.44; ppl:   3.36; 3032 src tok/s; 3168 tgt tok/s;     13 s elapsed
Epoch  8,   100/  454; acc:  71.89; ppl:   3.70; 3154 src tok/s; 3255 tgt tok/s;     27 s elapsed
Epoch  8,   150/  454; acc:  73.02; ppl:   3.46; 3170 src tok/s; 3289 tgt tok/s;     40 s elapsed
Epoch  8,   200/  454; acc:  71.26; ppl:   3.82; 3071 src tok/s; 3179 tgt tok/s;     54 s elapsed
Epoch  8,   250/  454; acc:  71.17; ppl:   3.83; 3153 src tok/s; 3279 tgt tok/s;     67 s elapsed
Epoch  8,   300/  454; acc:  71.31; ppl:   3.80; 3091 src tok/s; 3205 tgt tok/s;     81 s elapsed
Epoch  8,   350/  454; acc:  71.58; ppl:   3.77; 3068 src tok/s; 3189 tgt tok/s;     94 s elapsed
Epoch  8,   400/  454; acc:  70.69; ppl:   3.92; 3050 src tok/s; 3144 tgt tok/s;    108 s elapsed
Epoch  8,   450/  454; acc:  70.77; ppl:   3.95; 3005 src tok/s; 3135 tgt tok/s;    122 s elapsed
Train perplexity: 3.73315
Train accuracy: 71.6626
Validation perplexity: 6.56053
Validation accuracy: 66.9647
Decaying learning rate to 0.5

Epoch  9,    50/  454; acc:  77.55; ppl:   2.64; 3022 src tok/s; 3187 tgt tok/s;     13 s elapsed
Epoch  9,   100/  454; acc:  75.31; ppl:   3.00; 3146 src tok/s; 3232 tgt tok/s;     27 s elapsed
Epoch  9,   150/  454; acc:  77.65; ppl:   2.66; 3097 src tok/s; 3230 tgt tok/s;     40 s elapsed
Epoch  9,   200/  454; acc:  75.92; ppl:   2.90; 3096 src tok/s; 3190 tgt tok/s;     54 s elapsed
Epoch  9,   250/  454; acc:  76.69; ppl:   2.82; 3110 src tok/s; 3220 tgt tok/s;     68 s elapsed
Epoch  9,   300/  454; acc:  76.79; ppl:   2.76; 3079 src tok/s; 3201 tgt tok/s;     81 s elapsed
Epoch  9,   350/  454; acc:  77.05; ppl:   2.69; 3067 src tok/s; 3198 tgt tok/s;     94 s elapsed
Epoch  9,   400/  454; acc:  75.19; ppl:   3.04; 3093 src tok/s; 3197 tgt tok/s;    109 s elapsed
Epoch  9,   450/  454; acc:  76.20; ppl:   2.83; 3095 src tok/s; 3207 tgt tok/s;    122 s elapsed
Train perplexity: 2.81499
Train accuracy: 76.4684
Validation perplexity: 6.05322
Validation accuracy: 68.9726
Decaying learning rate to 0.25

Epoch 10,    50/  454; acc:  79.83; ppl:   2.36; 3067 src tok/s; 3151 tgt tok/s;     14 s elapsed
Epoch 10,   100/  454; acc:  80.50; ppl:   2.25; 3153 src tok/s; 3275 tgt tok/s;     27 s elapsed
Epoch 10,   150/  454; acc:  79.48; ppl:   2.42; 3137 src tok/s; 3234 tgt tok/s;     41 s elapsed
Epoch 10,   200/  454; acc:  80.83; ppl:   2.23; 3074 src tok/s; 3234 tgt tok/s;     54 s elapsed
Epoch 10,   250/  454; acc:  79.49; ppl:   2.42; 3070 src tok/s; 3187 tgt tok/s;     68 s elapsed
Epoch 10,   300/  454; acc:  80.68; ppl:   2.25; 3011 src tok/s; 3130 tgt tok/s;     82 s elapsed
Epoch 10,   350/  454; acc:  80.15; ppl:   2.34; 3097 src tok/s; 3203 tgt tok/s;     96 s elapsed
Epoch 10,   400/  454; acc:  79.92; ppl:   2.34; 3034 src tok/s; 3168 tgt tok/s;    109 s elapsed
Epoch 10,   450/  454; acc:  79.50; ppl:   2.37; 3062 src tok/s; 3178 tgt tok/s;    122 s elapsed
Train perplexity: 2.3332
Train accuracy: 80.0265
Validation perplexity: 6.06457
Validation accuracy: 69.6892
Decaying learning rate to 0.125

Epoch 11,    50/  454; acc:  81.37; ppl:   2.20; 3101 src tok/s; 3219 tgt tok/s;     14 s elapsed
Epoch 11,   100/  454; acc:  82.74; ppl:   2.02; 3077 src tok/s; 3187 tgt tok/s;     27 s elapsed
Epoch 11,   150/  454; acc:  81.57; ppl:   2.20; 3173 src tok/s; 3257 tgt tok/s;     41 s elapsed
Epoch 11,   200/  454; acc:  82.94; ppl:   2.03; 3065 src tok/s; 3223 tgt tok/s;     54 s elapsed
Epoch 11,   250/  454; acc:  82.14; ppl:   2.10; 3062 src tok/s; 3179 tgt tok/s;     68 s elapsed
Epoch 11,   300/  454; acc:  81.72; ppl:   2.14; 3098 src tok/s; 3180 tgt tok/s;     82 s elapsed
Epoch 11,   350/  454; acc:  82.48; ppl:   2.06; 3128 src tok/s; 3243 tgt tok/s;     95 s elapsed
Epoch 11,   400/  454; acc:  81.42; ppl:   2.17; 3089 src tok/s; 3230 tgt tok/s;    108 s elapsed
Epoch 11,   450/  454; acc:  81.59; ppl:   2.16; 3056 src tok/s; 3174 tgt tok/s;    122 s elapsed
Train perplexity: 2.1166
Train accuracy: 82.0159
Validation perplexity: 6.24735
Validation accuracy: 69.2706
Decaying learning rate to 0.0625

Epoch 12,    50/  454; acc:  83.80; ppl:   1.93; 3065 src tok/s; 3195 tgt tok/s;     13 s elapsed
Epoch 12,   100/  454; acc:  82.85; ppl:   2.04; 3082 src tok/s; 3191 tgt tok/s;     27 s elapsed
Epoch 12,   150/  454; acc:  82.75; ppl:   2.07; 3143 src tok/s; 3253 tgt tok/s;     41 s elapsed
Epoch 12,   200/  454; acc:  83.30; ppl:   1.99; 3081 src tok/s; 3201 tgt tok/s;     54 s elapsed
Epoch 12,   250/  454; acc:  83.54; ppl:   1.95; 3132 src tok/s; 3265 tgt tok/s;     67 s elapsed
Epoch 12,   300/  454; acc:  82.47; ppl:   2.09; 3101 src tok/s; 3204 tgt tok/s;     81 s elapsed
Epoch 12,   350/  454; acc:  83.28; ppl:   1.99; 3074 src tok/s; 3204 tgt tok/s;     94 s elapsed
Epoch 12,   400/  454; acc:  82.84; ppl:   2.03; 3159 src tok/s; 3281 tgt tok/s;    108 s elapsed
Epoch 12,   450/  454; acc:  82.87; ppl:   1.99; 3018 src tok/s; 3124 tgt tok/s;    121 s elapsed
Train perplexity: 2.01245
Train accuracy: 83.0296
Validation perplexity: 6.31255
Validation accuracy: 69.3061
Decaying learning rate to 0.03125

Epoch 13,    50/  454; acc:  82.78; ppl:   2.02; 3151 src tok/s; 3236 tgt tok/s;     14 s elapsed
Epoch 13,   100/  454; acc:  84.63; ppl:   1.85; 3031 src tok/s; 3181 tgt tok/s;     27 s elapsed
Epoch 13,   150/  454; acc:  83.15; ppl:   2.00; 3119 src tok/s; 3249 tgt tok/s;     41 s elapsed
Epoch 13,   200/  454; acc:  83.94; ppl:   1.93; 3030 src tok/s; 3158 tgt tok/s;     54 s elapsed
Epoch 13,   250/  454; acc:  82.97; ppl:   2.02; 3099 src tok/s; 3220 tgt tok/s;     68 s elapsed
Epoch 13,   300/  454; acc:  83.95; ppl:   1.93; 3171 src tok/s; 3265 tgt tok/s;     81 s elapsed
Epoch 13,   350/  454; acc:  83.18; ppl:   2.00; 3020 src tok/s; 3151 tgt tok/s;     95 s elapsed
Epoch 13,   400/  454; acc:  83.83; ppl:   1.95; 3138 src tok/s; 3240 tgt tok/s;    108 s elapsed
Epoch 13,   450/  454; acc:  83.56; ppl:   1.96; 3094 src tok/s; 3207 tgt tok/s;    122 s elapsed
Train perplexity: 1.9647
Train accuracy: 83.5319
Validation perplexity: 6.35243
Validation accuracy: 69.2564
Decaying learning rate to 0.015625

Epoch 14,    50/  454; acc:  83.77; ppl:   1.95; 3047 src tok/s; 3170 tgt tok/s;     14 s elapsed
Epoch 14,   100/  454; acc:  83.67; ppl:   1.95; 3095 src tok/s; 3226 tgt tok/s;     27 s elapsed
Epoch 14,   150/  454; acc:  84.18; ppl:   1.90; 3131 src tok/s; 3237 tgt tok/s;     41 s elapsed
Epoch 14,   200/  454; acc:  83.76; ppl:   1.95; 3113 src tok/s; 3228 tgt tok/s;     54 s elapsed
Epoch 14,   250/  454; acc:  83.72; ppl:   1.95; 3119 src tok/s; 3244 tgt tok/s;     68 s elapsed
Epoch 14,   300/  454; acc:  84.05; ppl:   1.92; 3143 src tok/s; 3250 tgt tok/s;     81 s elapsed
Epoch 14,   350/  454; acc:  83.87; ppl:   1.95; 3023 src tok/s; 3159 tgt tok/s;     94 s elapsed
Epoch 14,   400/  454; acc:  83.87; ppl:   1.94; 3101 src tok/s; 3200 tgt tok/s;    108 s elapsed
Epoch 14,   450/  454; acc:  83.47; ppl:   1.97; 3074 src tok/s; 3194 tgt tok/s;    122 s elapsed
Train perplexity: 1.94204
Train accuracy: 83.8241
Validation perplexity: 6.38456
Validation accuracy: 69.3487
Decaying learning rate to 0.0078125

Epoch 15,    50/  454; acc:  83.44; ppl:   1.97; 3038 src tok/s; 3157 tgt tok/s;     14 s elapsed
Epoch 15,   100/  454; acc:  84.66; ppl:   1.87; 3114 src tok/s; 3216 tgt tok/s;     27 s elapsed
Epoch 15,   150/  454; acc:  84.24; ppl:   1.90; 3111 src tok/s; 3231 tgt tok/s;     40 s elapsed
Epoch 15,   200/  454; acc:  83.61; ppl:   1.96; 3082 src tok/s; 3209 tgt tok/s;     54 s elapsed
Epoch 15,   250/  454; acc:  83.21; ppl:   2.00; 3093 src tok/s; 3201 tgt tok/s;     68 s elapsed
Epoch 15,   300/  454; acc:  84.72; ppl:   1.85; 3079 src tok/s; 3205 tgt tok/s;     81 s elapsed
Epoch 15,   350/  454; acc:  84.50; ppl:   1.88; 3169 src tok/s; 3285 tgt tok/s;     95 s elapsed
Epoch 15,   400/  454; acc:  83.39; ppl:   2.00; 3116 src tok/s; 3226 tgt tok/s;    108 s elapsed
Epoch 15,   450/  454; acc:  83.73; ppl:   1.95; 3077 src tok/s; 3189 tgt tok/s;    122 s elapsed
Train perplexity: 1.92772
Train accuracy: 83.9632
Validation perplexity: 6.39449
Validation accuracy: 69.4054
Decaying learning rate to 0.00390625

Epoch 16,    50/  454; acc:  84.22; ppl:   1.92; 3115 src tok/s; 3233 tgt tok/s;     13 s elapsed
Epoch 16,   100/  454; acc:  83.95; ppl:   1.94; 3101 src tok/s; 3212 tgt tok/s;     27 s elapsed
Epoch 16,   150/  454; acc:  84.36; ppl:   1.91; 3138 src tok/s; 3262 tgt tok/s;     40 s elapsed
Epoch 16,   200/  454; acc:  83.47; ppl:   1.98; 3088 src tok/s; 3205 tgt tok/s;     54 s elapsed
Epoch 16,   250/  454; acc:  84.74; ppl:   1.87; 3032 src tok/s; 3158 tgt tok/s;     67 s elapsed
Epoch 16,   300/  454; acc:  83.96; ppl:   1.95; 3097 src tok/s; 3197 tgt tok/s;     81 s elapsed
Epoch 16,   350/  454; acc:  83.11; ppl:   2.01; 3151 src tok/s; 3257 tgt tok/s;     95 s elapsed
Epoch 16,   400/  454; acc:  84.91; ppl:   1.85; 3080 src tok/s; 3212 tgt tok/s;    108 s elapsed
Epoch 16,   450/  454; acc:  83.89; ppl:   1.92; 3029 src tok/s; 3150 tgt tok/s;    122 s elapsed
Train perplexity: 1.92763
Train accuracy: 84.0551
Validation perplexity: 6.39892
Validation accuracy: 69.3983
Decaying learning rate to 0.00195312

Epoch 17,    50/  454; acc:  83.96; ppl:   1.92; 3131 src tok/s; 3256 tgt tok/s;     13 s elapsed
Epoch 17,   100/  454; acc:  83.49; ppl:   1.97; 3088 src tok/s; 3191 tgt tok/s;     27 s elapsed
Epoch 17,   150/  454; acc:  83.40; ppl:   1.99; 3090 src tok/s; 3206 tgt tok/s;     41 s elapsed
Epoch 17,   200/  454; acc:  85.06; ppl:   1.85; 3152 src tok/s; 3286 tgt tok/s;     54 s elapsed
Epoch 17,   250/  454; acc:  84.23; ppl:   1.93; 3055 src tok/s; 3167 tgt tok/s;     68 s elapsed
Epoch 17,   300/  454; acc:  84.32; ppl:   1.90; 3090 src tok/s; 3220 tgt tok/s;     81 s elapsed
Epoch 17,   350/  454; acc:  83.81; ppl:   1.94; 3111 src tok/s; 3226 tgt tok/s;     95 s elapsed
Epoch 17,   400/  454; acc:  84.46; ppl:   1.87; 3125 src tok/s; 3247 tgt tok/s;    108 s elapsed
Epoch 17,   450/  454; acc:  84.68; ppl:   1.88; 3047 src tok/s; 3153 tgt tok/s;    121 s elapsed
Train perplexity: 1.92219
Train accuracy: 84.123
Validation perplexity: 6.40411
Validation accuracy: 69.3983
Decaying learning rate to 0.000976562
