<module 'opts' from '/u/suhubdyd/research/projects/jumble_lstm/code/auxiliary-nmt/opts.pyc'>
Namespace(batch_size=64, brnn=False, brnn_merge='concat', cnn_kernel_width=3, context_gate=None, copy_attn=False, copy_attn_force=False, coverage_attn=False, data='/data/lisatmp3/suhubdyd/multi30k.atok.low', dec_layers=1, decay_method='', decoder_type='rnn', dropout=0.3, enc_layers=2, encoder_type='rnn', epochs=17, exp='', exp_host='', feat_merge='concat', feat_vec_exponent=0.7, feat_vec_size=-1, fix_word_vecs_dec=False, fix_word_vecs_enc=False, global_attention='general', gpuid=[0], input_feed=1, kappa_dec=0.6, kappa_enc=0.5, lambda_coverage=1, layers=-1, learning_rate=1.0, learning_rate_decay=0.5, max_generator_batches=32, max_grad_norm=5, model_type='text', optim='sgd', param_init=0.1, position_encoding=False, pre_word_vecs_dec=None, pre_word_vecs_enc=None, report_every=50, rnn_size=500, rnn_type='LSTM', save_model='/data/lisatmp3/suhubdyd/models/seeds/encoder0.5decoder0.6dropout0.3wdropFalseseed1', seed=1, share_decoder_embeddings=False, share_embeddings=False, src_word_vec_size=500, start_checkpoint_at=0, start_decay_at=8, start_epoch=1, tgt_word_vec_size=500, train_from='', truncated_decoder=0, warmup_steps=4000, weightdropout=False, word_vec_size=-1)
('Using Kappa L2 loss on encoder', 0.5)
('Using Kappa L2 loss on decoder', 0.6)
Loading train and validate data from '/data/lisatmp3/suhubdyd/multi30k.atok.low'
 * number of training sentences: 29000
 * maximum batch size: 64
 * vocabulary size. source = 10841; target = 18563
Building model...
Intializing model parameters.
NMTModel (
  (encoder): RNNEncoder (
    (embeddings): Embeddings (
      (make_embedding): Sequential (
        (emb_luts): Elementwise (
          (0): Embedding(10841, 500, padding_idx=1)
        )
      )
    )
    (dropout): Dropout (p = 0.3)
    (rnn): LSTM(500, 500, dropout=0.3)
  )
  (decoder): InputFeedRNNDecoder (
    (embeddings): Embeddings (
      (make_embedding): Sequential (
        (emb_luts): Elementwise (
          (0): Embedding(18563, 500, padding_idx=1)
        )
      )
    )
    (dropout): Dropout (p = 0.3)
    (rnn): StackedLSTM (
      (dropout): Dropout (p = 0.3)
      (layers): ModuleList (
        (0): LSTMCell(1000, 500)
      )
    )
    (attn): GlobalAttention (
      (linear_in): Linear (500 -> 500)
      (linear_out): Linear (1000 -> 500)
      (sm): Softmax ()
      (tanh): Tanh ()
    )
  )
  (generator): Sequential (
    (0): Linear (500 -> 18563)
    (1): LogSoftmax ()
  )
)
* number of parameters: 29760063
('encoder: ', 7424500)
('decoder: ', 22335563)

Epoch  1,    50/  454; acc:   8.98; ppl: 18301.75; 6285 src tok/s; 6549 tgt tok/s;      7 s elapsed
Epoch  1,   100/  454; acc:  14.55; ppl: 1352.64; 7161 src tok/s; 7396 tgt tok/s;     12 s elapsed
Epoch  1,   150/  454; acc:  17.53; ppl: 570.03; 7161 src tok/s; 7436 tgt tok/s;     18 s elapsed
Epoch  1,   200/  454; acc:  20.89; ppl: 274.43; 6981 src tok/s; 7272 tgt tok/s;     24 s elapsed
Epoch  1,   250/  454; acc:  24.51; ppl: 179.87; 7122 src tok/s; 7341 tgt tok/s;     30 s elapsed
Epoch  1,   300/  454; acc:  27.86; ppl: 121.44; 6974 src tok/s; 7248 tgt tok/s;     36 s elapsed
Epoch  1,   350/  454; acc:  30.05; ppl:  93.96; 6957 src tok/s; 7229 tgt tok/s;     42 s elapsed
Epoch  1,   400/  454; acc:  31.68; ppl:  79.22; 7103 src tok/s; 7400 tgt tok/s;     48 s elapsed
Epoch  1,   450/  454; acc:  32.07; ppl:  71.34; 6857 src tok/s; 7079 tgt tok/s;     54 s elapsed
Train perplexity: 322.938
Train accuracy: 23.247
Validation perplexity: 61.4923
Validation accuracy: 36.1643

Epoch  2,    50/  454; acc:  35.68; ppl:  54.43; 6966 src tok/s; 7184 tgt tok/s;      6 s elapsed
Epoch  2,   100/  454; acc:  37.53; ppl:  48.02; 6981 src tok/s; 7291 tgt tok/s;     12 s elapsed
Epoch  2,   150/  454; acc:  41.67; ppl:  36.69; 6988 src tok/s; 7242 tgt tok/s;     18 s elapsed
Epoch  2,   200/  454; acc:  42.53; ppl:  33.82; 6809 src tok/s; 7121 tgt tok/s;     24 s elapsed
Epoch  2,   250/  454; acc:  43.57; ppl:  31.15; 7045 src tok/s; 7280 tgt tok/s;     30 s elapsed
Epoch  2,   300/  454; acc:  47.57; ppl:  24.22; 6920 src tok/s; 7240 tgt tok/s;     36 s elapsed
Epoch  2,   350/  454; acc:  50.65; ppl:  20.35; 6783 src tok/s; 7080 tgt tok/s;     42 s elapsed
Epoch  2,   400/  454; acc:  50.20; ppl:  20.11; 7114 src tok/s; 7321 tgt tok/s;     48 s elapsed
Epoch  2,   450/  454; acc:  51.38; ppl:  18.83; 6943 src tok/s; 7166 tgt tok/s;     54 s elapsed
Train perplexity: 29.7758
Train accuracy: 44.562
Validation perplexity: 16.09
Validation accuracy: 53.2354

Epoch  3,    50/  454; acc:  54.48; ppl:  14.51; 6890 src tok/s; 7174 tgt tok/s;      6 s elapsed
Epoch  3,   100/  454; acc:  53.91; ppl:  14.96; 7007 src tok/s; 7241 tgt tok/s;     12 s elapsed
Epoch  3,   150/  454; acc:  56.46; ppl:  12.78; 6968 src tok/s; 7267 tgt tok/s;     18 s elapsed
Epoch  3,   200/  454; acc:  55.65; ppl:  13.43; 6993 src tok/s; 7224 tgt tok/s;     24 s elapsed
Epoch  3,   250/  454; acc:  56.16; ppl:  12.99; 6818 src tok/s; 7066 tgt tok/s;     30 s elapsed
Epoch  3,   300/  454; acc:  57.45; ppl:  11.75; 7039 src tok/s; 7351 tgt tok/s;     36 s elapsed
Epoch  3,   350/  454; acc:  56.54; ppl:  12.35; 6901 src tok/s; 7117 tgt tok/s;     43 s elapsed
Epoch  3,   400/  454; acc:  59.41; ppl:  10.73; 6937 src tok/s; 7271 tgt tok/s;     48 s elapsed
Epoch  3,   450/  454; acc:  58.24; ppl:  11.46; 6948 src tok/s; 7173 tgt tok/s;     54 s elapsed
Train perplexity: 12.7059
Train accuracy: 56.4816
Validation perplexity: 10.692
Validation accuracy: 59.8269

Epoch  4,    50/  454; acc:  61.53; ppl:   8.68; 6847 src tok/s; 7065 tgt tok/s;      6 s elapsed
Epoch  4,   100/  454; acc:  61.21; ppl:   8.61; 6993 src tok/s; 7227 tgt tok/s;     12 s elapsed
Epoch  4,   150/  454; acc:  60.41; ppl:   9.20; 6978 src tok/s; 7226 tgt tok/s;     18 s elapsed
Epoch  4,   200/  454; acc:  61.97; ppl:   8.36; 6930 src tok/s; 7230 tgt tok/s;     24 s elapsed
Epoch  4,   250/  454; acc:  60.24; ppl:   9.08; 7066 src tok/s; 7271 tgt tok/s;     31 s elapsed
Epoch  4,   300/  454; acc:  63.87; ppl:   7.44; 6841 src tok/s; 7185 tgt tok/s;     36 s elapsed
Epoch  4,   350/  454; acc:  62.72; ppl:   7.84; 6970 src tok/s; 7247 tgt tok/s;     42 s elapsed
Epoch  4,   400/  454; acc:  62.74; ppl:   7.91; 6869 src tok/s; 7145 tgt tok/s;     48 s elapsed
Epoch  4,   450/  454; acc:  62.85; ppl:   7.84; 6952 src tok/s; 7211 tgt tok/s;     54 s elapsed
Train perplexity: 8.31533
Train accuracy: 61.9399
Validation perplexity: 7.97454
Validation accuracy: 64.0627

Epoch  5,    50/  454; acc:  65.59; ppl:   6.10; 6724 src tok/s; 7058 tgt tok/s;      6 s elapsed
Epoch  5,   100/  454; acc:  64.46; ppl:   6.66; 6954 src tok/s; 7223 tgt tok/s;     12 s elapsed
Epoch  5,   150/  454; acc:  66.22; ppl:   6.01; 6920 src tok/s; 7174 tgt tok/s;     18 s elapsed
Epoch  5,   200/  454; acc:  64.91; ppl:   6.52; 7006 src tok/s; 7249 tgt tok/s;     24 s elapsed
Epoch  5,   250/  454; acc:  65.72; ppl:   6.18; 6863 src tok/s; 7141 tgt tok/s;     30 s elapsed
Epoch  5,   300/  454; acc:  65.02; ppl:   6.45; 6990 src tok/s; 7180 tgt tok/s;     36 s elapsed
Epoch  5,   350/  454; acc:  64.96; ppl:   6.48; 6990 src tok/s; 7257 tgt tok/s;     42 s elapsed
Epoch  5,   400/  454; acc:  65.48; ppl:   6.23; 6876 src tok/s; 7149 tgt tok/s;     49 s elapsed
Epoch  5,   450/  454; acc:  66.27; ppl:   5.96; 6908 src tok/s; 7175 tgt tok/s;     54 s elapsed
Train perplexity: 6.29805
Train accuracy: 65.3627
Validation perplexity: 7.45913
Validation accuracy: 64.7013

Epoch  6,    50/  454; acc:  69.77; ppl:   4.59; 6760 src tok/s; 7030 tgt tok/s;      6 s elapsed
Epoch  6,   100/  454; acc:  67.08; ppl:   5.34; 6960 src tok/s; 7159 tgt tok/s;     12 s elapsed
Epoch  6,   150/  454; acc:  67.13; ppl:   5.36; 6938 src tok/s; 7214 tgt tok/s;     18 s elapsed
Epoch  6,   200/  454; acc:  68.48; ppl:   4.97; 7014 src tok/s; 7282 tgt tok/s;     24 s elapsed
Epoch  6,   250/  454; acc:  67.28; ppl:   5.19; 7028 src tok/s; 7297 tgt tok/s;     30 s elapsed
Epoch  6,   300/  454; acc:  67.58; ppl:   5.20; 6963 src tok/s; 7242 tgt tok/s;     36 s elapsed
Epoch  6,   350/  454; acc:  67.39; ppl:   5.23; 7146 src tok/s; 7382 tgt tok/s;     42 s elapsed
Epoch  6,   400/  454; acc:  68.97; ppl:   4.67; 6878 src tok/s; 7181 tgt tok/s;     48 s elapsed
Epoch  6,   450/  454; acc:  67.25; ppl:   5.37; 6890 src tok/s; 7158 tgt tok/s;     54 s elapsed
Train perplexity: 5.09911
Train accuracy: 67.8718
Validation perplexity: 6.87869
Validation accuracy: 65.8294

Epoch  7,    50/  454; acc:  71.39; ppl:   4.01; 6936 src tok/s; 7181 tgt tok/s;      6 s elapsed
Epoch  7,   100/  454; acc:  70.68; ppl:   4.10; 6887 src tok/s; 7168 tgt tok/s;     12 s elapsed
Epoch  7,   150/  454; acc:  70.26; ppl:   4.27; 6811 src tok/s; 7090 tgt tok/s;     18 s elapsed
Epoch  7,   200/  454; acc:  69.98; ppl:   4.38; 6930 src tok/s; 7215 tgt tok/s;     24 s elapsed
Epoch  7,   250/  454; acc:  69.63; ppl:   4.42; 7110 src tok/s; 7361 tgt tok/s;     30 s elapsed
Epoch  7,   300/  454; acc:  70.06; ppl:   4.28; 6995 src tok/s; 7298 tgt tok/s;     36 s elapsed
Epoch  7,   350/  454; acc:  68.78; ppl:   4.64; 7050 src tok/s; 7261 tgt tok/s;     42 s elapsed
Epoch  7,   400/  454; acc:  69.98; ppl:   4.25; 6919 src tok/s; 7176 tgt tok/s;     48 s elapsed
Epoch  7,   450/  454; acc:  69.56; ppl:   4.39; 6808 src tok/s; 7057 tgt tok/s;     54 s elapsed
Train perplexity: 4.29933
Train accuracy: 70.051
Validation perplexity: 6.72599
Validation accuracy: 66.7021

Epoch  8,    50/  454; acc:  72.22; ppl:   3.63; 6962 src tok/s; 7217 tgt tok/s;      6 s elapsed
slurmstepd-leto21: error: *** JOB 74331 ON leto21 CANCELLED AT 2017-10-27T02:28:18 DUE TO PREEMPTION ***
<module 'opts' from '/u/suhubdyd/research/projects/jumble_lstm/code/auxiliary-nmt/opts.pyc'>
Namespace(batch_size=64, brnn=False, brnn_merge='concat', cnn_kernel_width=3, context_gate=None, copy_attn=False, copy_attn_force=False, coverage_attn=False, data='/data/lisatmp3/suhubdyd/multi30k.atok.low', dec_layers=1, decay_method='', decoder_type='rnn', dropout=0.3, enc_layers=2, encoder_type='rnn', epochs=17, exp='', exp_host='', feat_merge='concat', feat_vec_exponent=0.7, feat_vec_size=-1, fix_word_vecs_dec=False, fix_word_vecs_enc=False, global_attention='general', gpuid=[0], input_feed=1, kappa_dec=0.6, kappa_enc=0.5, lambda_coverage=1, layers=-1, learning_rate=1.0, learning_rate_decay=0.5, max_generator_batches=32, max_grad_norm=5, model_type='text', optim='sgd', param_init=0.1, position_encoding=False, pre_word_vecs_dec=None, pre_word_vecs_enc=None, report_every=50, rnn_size=500, rnn_type='LSTM', save_model='/data/lisatmp3/suhubdyd/models/seeds/encoder0.5decoder0.6dropout0.3wdropFalseseed1', seed=1, share_decoder_embeddings=False, share_embeddings=False, src_word_vec_size=500, start_checkpoint_at=0, start_decay_at=8, start_epoch=1, tgt_word_vec_size=500, train_from='', truncated_decoder=0, warmup_steps=4000, weightdropout=False, word_vec_size=-1)
('Using Kappa L2 loss on encoder', 0.5)
('Using Kappa L2 loss on decoder', 0.6)
Loading train and validate data from '/data/lisatmp3/suhubdyd/multi30k.atok.low'
 * number of training sentences: 29000
 * maximum batch size: 64
 * vocabulary size. source = 10841; target = 18563
Building model...
Intializing model parameters.
NMTModel (
  (encoder): RNNEncoder (
    (embeddings): Embeddings (
      (make_embedding): Sequential (
        (emb_luts): Elementwise (
          (0): Embedding(10841, 500, padding_idx=1)
        )
      )
    )
    (dropout): Dropout (p = 0.3)
    (rnn): LSTM(500, 500, dropout=0.3)
  )
  (decoder): InputFeedRNNDecoder (
    (embeddings): Embeddings (
      (make_embedding): Sequential (
        (emb_luts): Elementwise (
          (0): Embedding(18563, 500, padding_idx=1)
        )
      )
    )
    (dropout): Dropout (p = 0.3)
    (rnn): StackedLSTM (
      (dropout): Dropout (p = 0.3)
      (layers): ModuleList (
        (0): LSTMCell(1000, 500)
      )
    )
    (attn): GlobalAttention (
      (linear_in): Linear (500 -> 500)
      (linear_out): Linear (1000 -> 500)
      (sm): Softmax ()
      (tanh): Tanh ()
    )
  )
  (generator): Sequential (
    (0): Linear (500 -> 18563)
    (1): LogSoftmax ()
  )
)
* number of parameters: 29760063
('encoder: ', 7424500)
('decoder: ', 22335563)

Epoch  1,    50/  454; acc:   9.65; ppl: 14606.55; 3300 src tok/s; 3397 tgt tok/s;     13 s elapsed
Epoch  1,   100/  454; acc:  15.08; ppl: 1554.84; 3327 src tok/s; 3467 tgt tok/s;     25 s elapsed
Epoch  1,   150/  454; acc:  18.71; ppl: 488.29; 3367 src tok/s; 3495 tgt tok/s;     38 s elapsed
Epoch  1,   200/  454; acc:  20.99; ppl: 265.06; 3353 src tok/s; 3473 tgt tok/s;     50 s elapsed
Epoch  1,   250/  454; acc:  25.27; ppl: 164.04; 3403 src tok/s; 3550 tgt tok/s;     63 s elapsed
Epoch  1,   300/  454; acc:  27.63; ppl: 121.31; 3333 src tok/s; 3469 tgt tok/s;     75 s elapsed
Epoch  1,   350/  454; acc:  29.63; ppl:  99.03; 3394 src tok/s; 3520 tgt tok/s;     88 s elapsed
Epoch  1,   400/  454; acc:  32.69; ppl:  69.24; 3350 src tok/s; 3483 tgt tok/s;    100 s elapsed
Epoch  1,   450/  454; acc:  33.61; ppl:  65.91; 3317 src tok/s; 3431 tgt tok/s;    113 s elapsed
Train perplexity: 308.852
Train accuracy: 23.7718
Validation perplexity: 53.1658
Validation accuracy: 34.9723

Epoch  2,    50/  454; acc:  36.63; ppl:  51.99; 3333 src tok/s; 3445 tgt tok/s;     13 s elapsed
Epoch  2,   100/  454; acc:  39.76; ppl:  40.85; 3328 src tok/s; 3459 tgt tok/s;     25 s elapsed
Epoch  2,   150/  454; acc:  41.74; ppl:  36.33; 3293 src tok/s; 3412 tgt tok/s;     38 s elapsed
Epoch  2,   200/  454; acc:  42.86; ppl:  33.15; 3377 src tok/s; 3497 tgt tok/s;     50 s elapsed
Epoch  2,   250/  454; acc:  45.83; ppl:  27.89; 3345 src tok/s; 3464 tgt tok/s;     63 s elapsed
Epoch  2,   300/  454; acc:  48.30; ppl:  22.97; 3303 src tok/s; 3432 tgt tok/s;     76 s elapsed
Epoch  2,   350/  454; acc:  49.60; ppl:  21.42; 3313 src tok/s; 3436 tgt tok/s;     88 s elapsed
Epoch  2,   400/  454; acc:  50.08; ppl:  19.94; 3291 src tok/s; 3429 tgt tok/s;    101 s elapsed
Epoch  2,   450/  454; acc:  51.68; ppl:  18.53; 3234 src tok/s; 3367 tgt tok/s;    114 s elapsed
Train perplexity: 28.547
Train accuracy: 45.2168
Validation perplexity: 15.7084
Validation accuracy: 54.3068

Epoch  3,    50/  454; acc:  53.81; ppl:  15.07; 3286 src tok/s; 3414 tgt tok/s;     13 s elapsed
Epoch  3,   100/  454; acc:  55.39; ppl:  13.62; 3293 src tok/s; 3445 tgt tok/s;     25 s elapsed
Epoch  3,   150/  454; acc:  56.00; ppl:  13.15; 3376 src tok/s; 3489 tgt tok/s;     38 s elapsed
Epoch  3,   200/  454; acc:  55.86; ppl:  13.11; 3295 src tok/s; 3424 tgt tok/s;     51 s elapsed
Epoch  3,   250/  454; acc:  57.44; ppl:  12.09; 3306 src tok/s; 3437 tgt tok/s;     63 s elapsed
Epoch  3,   300/  454; acc:  56.63; ppl:  12.47; 3429 src tok/s; 3538 tgt tok/s;     76 s elapsed
Epoch  3,   350/  454; acc:  57.92; ppl:  11.45; 3408 src tok/s; 3522 tgt tok/s;     88 s elapsed
Epoch  3,   400/  454; acc:  58.34; ppl:  11.24; 3324 src tok/s; 3467 tgt tok/s;    100 s elapsed
Epoch  3,   450/  454; acc:  58.82; ppl:  10.75; 3357 src tok/s; 3470 tgt tok/s;    113 s elapsed
Train perplexity: 12.464
Train accuracy: 56.724
Validation perplexity: 10.3133
Validation accuracy: 59.8482

Epoch  4,    50/  454; acc:  62.10; ppl:   8.35; 3428 src tok/s; 3551 tgt tok/s;     12 s elapsed
Epoch  4,   100/  454; acc:  61.68; ppl:   8.56; 3300 src tok/s; 3438 tgt tok/s;     25 s elapsed
Epoch  4,   150/  454; acc:  60.86; ppl:   8.91; 3414 src tok/s; 3524 tgt tok/s;     38 s elapsed
Epoch  4,   200/  454; acc:  62.72; ppl:   7.89; 3400 src tok/s; 3541 tgt tok/s;     50 s elapsed
Epoch  4,   250/  454; acc:  63.04; ppl:   7.77; 3289 src tok/s; 3442 tgt tok/s;     62 s elapsed
Epoch  4,   300/  454; acc:  61.18; ppl:   8.66; 3371 src tok/s; 3471 tgt tok/s;     75 s elapsed
Epoch  4,   350/  454; acc:  61.67; ppl:   8.30; 3351 src tok/s; 3459 tgt tok/s;     88 s elapsed
Epoch  4,   400/  454; acc:  63.46; ppl:   7.71; 3304 src tok/s; 3448 tgt tok/s;    100 s elapsed
Epoch  4,   450/  454; acc:  62.40; ppl:   7.98; 3219 src tok/s; 3341 tgt tok/s;    113 s elapsed
Train perplexity: 8.23523
Train accuracy: 62.1017
Validation perplexity: 8.19977
Validation accuracy: 63.2893

Epoch  5,    50/  454; acc:  65.55; ppl:   6.24; 3382 src tok/s; 3483 tgt tok/s;     13 s elapsed
Epoch  5,   100/  454; acc:  66.50; ppl:   5.81; 3285 src tok/s; 3432 tgt tok/s;     25 s elapsed
Epoch  5,   150/  454; acc:  64.28; ppl:   6.69; 3388 src tok/s; 3484 tgt tok/s;     38 s elapsed
Epoch  5,   200/  454; acc:  66.02; ppl:   6.05; 3388 src tok/s; 3539 tgt tok/s;     50 s elapsed
Epoch  5,   250/  454; acc:  65.48; ppl:   6.18; 3336 src tok/s; 3484 tgt tok/s;     62 s elapsed
Epoch  5,   300/  454; acc:  64.99; ppl:   6.30; 3321 src tok/s; 3425 tgt tok/s;     75 s elapsed
Epoch  5,   350/  454; acc:  65.87; ppl:   6.11; 3311 src tok/s; 3448 tgt tok/s;     88 s elapsed
Epoch  5,   400/  454; acc:  64.81; ppl:   6.56; 3323 src tok/s; 3446 tgt tok/s;    100 s elapsed
Epoch  5,   450/  454; acc:  65.84; ppl:   6.15; 3234 src tok/s; 3368 tgt tok/s;    113 s elapsed
Train perplexity: 6.2298
Train accuracy: 65.4757
Validation perplexity: 7.1044
Validation accuracy: 66.0565

Epoch  6,    50/  454; acc:  69.47; ppl:   4.57; 3351 src tok/s; 3478 tgt tok/s;     12 s elapsed
Epoch  6,   100/  454; acc:  68.06; ppl:   5.06; 3361 src tok/s; 3485 tgt tok/s;     25 s elapsed
Epoch  6,   150/  454; acc:  68.69; ppl:   4.91; 3284 src tok/s; 3445 tgt tok/s;     37 s elapsed
Epoch  6,   200/  454; acc:  66.48; ppl:   5.49; 3338 src tok/s; 3440 tgt tok/s;     50 s elapsed
Epoch  6,   250/  454; acc:  67.89; ppl:   5.09; 3373 src tok/s; 3487 tgt tok/s;     63 s elapsed
Epoch  6,   300/  454; acc:  67.87; ppl:   5.12; 3343 src tok/s; 3472 tgt tok/s;     75 s elapsed
Epoch  6,   350/  454; acc:  68.01; ppl:   5.01; 3371 src tok/s; 3497 tgt tok/s;     88 s elapsed
Epoch  6,   400/  454; acc:  67.71; ppl:   5.03; 3318 src tok/s; 3437 tgt tok/s;    100 s elapsed
Epoch  6,   450/  454; acc:  67.15; ppl:   5.38; 3276 src tok/s; 3404 tgt tok/s;    113 s elapsed
Train perplexity: 5.06172
Train accuracy: 67.9426
Validation perplexity: 6.69113
Validation accuracy: 66.6454

Epoch  7,    50/  454; acc:  71.60; ppl:   3.94; 3354 src tok/s; 3480 tgt tok/s;     12 s elapsed
Epoch  7,   100/  454; acc:  70.24; ppl:   4.21; 3357 src tok/s; 3475 tgt tok/s;     25 s elapsed
Epoch  7,   150/  454; acc:  69.83; ppl:   4.26; 3289 src tok/s; 3408 tgt tok/s;     38 s elapsed
Epoch  7,   200/  454; acc:  70.73; ppl:   4.10; 3388 src tok/s; 3515 tgt tok/s;     50 s elapsed
Epoch  7,   250/  454; acc:  70.23; ppl:   4.20; 3349 src tok/s; 3486 tgt tok/s;     63 s elapsed
Epoch  7,   300/  454; acc:  69.85; ppl:   4.23; 3299 src tok/s; 3431 tgt tok/s;     75 s elapsed
Epoch  7,   350/  454; acc:  68.37; ppl:   4.76; 3313 src tok/s; 3424 tgt tok/s;     88 s elapsed
Epoch  7,   400/  454; acc:  70.44; ppl:   4.18; 3327 src tok/s; 3462 tgt tok/s;    101 s elapsed
Epoch  7,   450/  454; acc:  69.62; ppl:   4.46; 3252 src tok/s; 3381 tgt tok/s;    113 s elapsed
Train perplexity: 4.25994
Train accuracy: 70.0818
Validation perplexity: 6.59407
Validation accuracy: 66.9505

Epoch  8,    50/  454; acc:  72.28; ppl:   3.65; 3296 src tok/s; 3401 tgt tok/s;     13 s elapsed
Epoch  8,   100/  454; acc:  73.18; ppl:   3.42; 3302 src tok/s; 3449 tgt tok/s;     25 s elapsed
Epoch  8,   150/  454; acc:  71.82; ppl:   3.76; 3381 src tok/s; 3478 tgt tok/s;     38 s elapsed
Epoch  8,   200/  454; acc:  72.58; ppl:   3.53; 3339 src tok/s; 3473 tgt tok/s;     50 s elapsed
Epoch  8,   250/  454; acc:  72.01; ppl:   3.69; 3318 src tok/s; 3468 tgt tok/s;     63 s elapsed
Epoch  8,   300/  454; acc:  71.39; ppl:   3.79; 3360 src tok/s; 3488 tgt tok/s;     76 s elapsed
Epoch  8,   350/  454; acc:  71.94; ppl:   3.69; 3305 src tok/s; 3448 tgt tok/s;     88 s elapsed
Epoch  8,   400/  454; acc:  70.65; ppl:   3.96; 3339 src tok/s; 3451 tgt tok/s;    101 s elapsed
Epoch  8,   450/  454; acc:  70.80; ppl:   3.88; 3287 src tok/s; 3410 tgt tok/s;    113 s elapsed
Train perplexity: 3.70039
Train accuracy: 71.8664
Validation perplexity: 6.48054
Validation accuracy: 67.291
Decaying learning rate to 0.5

Epoch  9,    50/  454; acc:  76.29; ppl:   2.90; 3293 src tok/s; 3409 tgt tok/s;     13 s elapsed
Epoch  9,   100/  454; acc:  76.76; ppl:   2.77; 3321 src tok/s; 3457 tgt tok/s;     25 s elapsed
Epoch  9,   150/  454; acc:  77.66; ppl:   2.64; 3333 src tok/s; 3457 tgt tok/s;     38 s elapsed
Epoch  9,   200/  454; acc:  76.29; ppl:   2.85; 3356 src tok/s; 3478 tgt tok/s;     50 s elapsed
Epoch  9,   250/  454; acc:  77.63; ppl:   2.62; 3314 src tok/s; 3451 tgt tok/s;     63 s elapsed
Epoch  9,   300/  454; acc:  76.31; ppl:   2.84; 3369 src tok/s; 3484 tgt tok/s;     75 s elapsed
Epoch  9,   350/  454; acc:  76.28; ppl:   2.89; 3312 src tok/s; 3447 tgt tok/s;     88 s elapsed
Epoch  9,   400/  454; acc:  76.80; ppl:   2.76; 3380 src tok/s; 3507 tgt tok/s;    101 s elapsed
Epoch  9,   450/  454; acc:  76.24; ppl:   2.86; 3298 src tok/s; 3408 tgt tok/s;    113 s elapsed
Train perplexity: 2.78921
Train accuracy: 76.7187
Validation perplexity: 6.04516
Validation accuracy: 69.1784
Decaying learning rate to 0.25

Epoch 10,    50/  454; acc:  80.72; ppl:   2.26; 3314 src tok/s; 3442 tgt tok/s;     13 s elapsed
Epoch 10,   100/  454; acc:  80.03; ppl:   2.33; 3247 src tok/s; 3376 tgt tok/s;     26 s elapsed
Epoch 10,   150/  454; acc:  79.67; ppl:   2.39; 3391 src tok/s; 3500 tgt tok/s;     39 s elapsed
Epoch 10,   200/  454; acc:  80.82; ppl:   2.23; 3300 src tok/s; 3442 tgt tok/s;     51 s elapsed
Epoch 10,   250/  454; acc:  81.02; ppl:   2.22; 3276 src tok/s; 3430 tgt tok/s;     63 s elapsed
Epoch 10,   300/  454; acc:  79.44; ppl:   2.41; 3385 src tok/s; 3493 tgt tok/s;     76 s elapsed
Epoch 10,   350/  454; acc:  80.14; ppl:   2.37; 3364 src tok/s; 3465 tgt tok/s;     89 s elapsed
Epoch 10,   400/  454; acc:  80.18; ppl:   2.32; 3310 src tok/s; 3435 tgt tok/s;    101 s elapsed
Epoch 10,   450/  454; acc:  79.64; ppl:   2.37; 3269 src tok/s; 3404 tgt tok/s;    114 s elapsed
Train perplexity: 2.32088
Train accuracy: 80.1867
Validation perplexity: 6.03431
Validation accuracy: 69.9659
Decaying learning rate to 0.125

Epoch 11,    50/  454; acc:  81.89; ppl:   2.13; 3309 src tok/s; 3434 tgt tok/s;     13 s elapsed
Epoch 11,   100/  454; acc:  82.37; ppl:   2.08; 3392 src tok/s; 3515 tgt tok/s;     25 s elapsed
Epoch 11,   150/  454; acc:  81.83; ppl:   2.16; 3313 src tok/s; 3441 tgt tok/s;     38 s elapsed
Epoch 11,   200/  454; acc:  82.27; ppl:   2.08; 3354 src tok/s; 3471 tgt tok/s;     50 s elapsed
Epoch 11,   250/  454; acc:  83.27; ppl:   2.00; 3345 src tok/s; 3495 tgt tok/s;     62 s elapsed
Epoch 11,   300/  454; acc:  81.66; ppl:   2.16; 3335 src tok/s; 3436 tgt tok/s;     75 s elapsed
Epoch 11,   350/  454; acc:  82.50; ppl:   2.03; 3295 src tok/s; 3436 tgt tok/s;     88 s elapsed
Epoch 11,   400/  454; acc:  81.33; ppl:   2.19; 3302 src tok/s; 3432 tgt tok/s;    101 s elapsed
Epoch 11,   450/  454; acc:  82.10; ppl:   2.08; 3253 src tok/s; 3375 tgt tok/s;    114 s elapsed
Train perplexity: 2.10245
Train accuracy: 82.1175
Validation perplexity: 6.12332
Validation accuracy: 70.1717
Decaying learning rate to 0.0625

Epoch 12,    50/  454; acc:  82.74; ppl:   2.05; 3365 src tok/s; 3483 tgt tok/s;     12 s elapsed
Epoch 12,   100/  454; acc:  83.42; ppl:   1.99; 3299 src tok/s; 3435 tgt tok/s;     25 s elapsed
Epoch 12,   150/  454; acc:  83.45; ppl:   1.97; 3316 src tok/s; 3453 tgt tok/s;     38 s elapsed
Epoch 12,   200/  454; acc:  82.74; ppl:   2.06; 3304 src tok/s; 3431 tgt tok/s;     51 s elapsed
Epoch 12,   250/  454; acc:  83.44; ppl:   1.99; 3298 src tok/s; 3423 tgt tok/s;     63 s elapsed
Epoch 12,   300/  454; acc:  83.15; ppl:   1.98; 3401 src tok/s; 3523 tgt tok/s;     76 s elapsed
Epoch 12,   350/  454; acc:  83.05; ppl:   2.01; 3272 src tok/s; 3395 tgt tok/s;     89 s elapsed
Epoch 12,   400/  454; acc:  83.70; ppl:   1.96; 3344 src tok/s; 3476 tgt tok/s;    101 s elapsed
Epoch 12,   450/  454; acc:  83.16; ppl:   2.00; 3308 src tok/s; 3426 tgt tok/s;    113 s elapsed
Train perplexity: 2.00152
Train accuracy: 83.1992
Validation perplexity: 6.21549
Validation accuracy: 70.122
Decaying learning rate to 0.03125

Epoch 13,    50/  454; acc:  83.30; ppl:   1.99; 3332 src tok/s; 3464 tgt tok/s;     13 s elapsed
Epoch 13,   100/  454; acc:  84.71; ppl:   1.90; 3269 src tok/s; 3405 tgt tok/s;     25 s elapsed
Epoch 13,   150/  454; acc:  84.66; ppl:   1.86; 3332 src tok/s; 3459 tgt tok/s;     37 s elapsed
Epoch 13,   200/  454; acc:  83.03; ppl:   2.02; 3355 src tok/s; 3464 tgt tok/s;     51 s elapsed
Epoch 13,   250/  454; acc:  82.84; ppl:   2.06; 3423 src tok/s; 3529 tgt tok/s;     63 s elapsed
Epoch 13,   300/  454; acc:  84.68; ppl:   1.84; 3284 src tok/s; 3442 tgt tok/s;     75 s elapsed
Epoch 13,   350/  454; acc:  82.95; ppl:   2.04; 3276 src tok/s; 3395 tgt tok/s;     88 s elapsed
Epoch 13,   400/  454; acc:  84.35; ppl:   1.88; 3352 src tok/s; 3463 tgt tok/s;    101 s elapsed
Epoch 13,   450/  454; acc:  83.20; ppl:   2.01; 3254 src tok/s; 3390 tgt tok/s;    114 s elapsed
Train perplexity: 1.95554
Train accuracy: 83.7277
Validation perplexity: 6.24036
Validation accuracy: 70.0866
Decaying learning rate to 0.015625

Epoch 14,    50/  454; acc:  84.42; ppl:   1.89; 3300 src tok/s; 3454 tgt tok/s;     12 s elapsed
Epoch 14,   100/  454; acc:  83.03; ppl:   2.02; 3353 src tok/s; 3459 tgt tok/s;     25 s elapsed
Epoch 14,   150/  454; acc:  83.29; ppl:   1.99; 3328 src tok/s; 3416 tgt tok/s;     38 s elapsed
Epoch 14,   200/  454; acc:  85.27; ppl:   1.83; 3259 src tok/s; 3413 tgt tok/s;     51 s elapsed
Epoch 14,   250/  454; acc:  83.58; ppl:   1.98; 3311 src tok/s; 3432 tgt tok/s;     64 s elapsed
Epoch 14,   300/  454; acc:  84.63; ppl:   1.87; 3365 src tok/s; 3515 tgt tok/s;     76 s elapsed
Epoch 14,   350/  454; acc:  83.01; ppl:   2.03; 3290 src tok/s; 3383 tgt tok/s;     89 s elapsed
Epoch 14,   400/  454; acc:  84.76; ppl:   1.85; 3376 src tok/s; 3515 tgt tok/s;    101 s elapsed
Epoch 14,   450/  454; acc:  83.69; ppl:   1.93; 3312 src tok/s; 3434 tgt tok/s;    114 s elapsed
Train perplexity: 1.93081
Train accuracy: 83.9652
Validation perplexity: 6.2625
Validation accuracy: 70.1149
Decaying learning rate to 0.0078125

Epoch 15,    50/  454; acc:  84.19; ppl:   1.91; 3304 src tok/s; 3418 tgt tok/s;     13 s elapsed
Epoch 15,   100/  454; acc:  84.19; ppl:   1.89; 3356 src tok/s; 3477 tgt tok/s;     25 s elapsed
Epoch 15,   150/  454; acc:  83.30; ppl:   1.99; 3301 src tok/s; 3431 tgt tok/s;     39 s elapsed
Epoch 15,   200/  454; acc:  84.68; ppl:   1.86; 3372 src tok/s; 3521 tgt tok/s;     51 s elapsed
Epoch 15,   250/  454; acc:  84.14; ppl:   1.91; 3368 src tok/s; 3498 tgt tok/s;     63 s elapsed
Epoch 15,   300/  454; acc:  84.08; ppl:   1.94; 3379 src tok/s; 3503 tgt tok/s;     75 s elapsed
Epoch 15,   350/  454; acc:  84.22; ppl:   1.89; 3276 src tok/s; 3414 tgt tok/s;     88 s elapsed
Epoch 15,   400/  454; acc:  84.06; ppl:   1.92; 3393 src tok/s; 3498 tgt tok/s;    100 s elapsed
Epoch 15,   450/  454; acc:  83.92; ppl:   1.95; 3328 src tok/s; 3463 tgt tok/s;    113 s elapsed
Train perplexity: 1.91855
Train accuracy: 84.0901
Validation perplexity: 6.28326
Validation accuracy: 70.0866
Decaying learning rate to 0.00390625

Epoch 16,    50/  454; acc:  84.39; ppl:   1.90; 3374 src tok/s; 3491 tgt tok/s;     13 s elapsed
Epoch 16,   100/  454; acc:  84.22; ppl:   1.89; 3304 src tok/s; 3424 tgt tok/s;     25 s elapsed
Epoch 16,   150/  454; acc:  85.09; ppl:   1.83; 3356 src tok/s; 3482 tgt tok/s;     37 s elapsed
Epoch 16,   200/  454; acc:  83.87; ppl:   1.97; 3319 src tok/s; 3441 tgt tok/s;     50 s elapsed
Epoch 16,   250/  454; acc:  84.38; ppl:   1.89; 3318 src tok/s; 3448 tgt tok/s;     63 s elapsed
Epoch 16,   300/  454; acc:  83.58; ppl:   1.97; 3315 src tok/s; 3450 tgt tok/s;     76 s elapsed
Epoch 16,   350/  454; acc:  84.11; ppl:   1.91; 3295 src tok/s; 3442 tgt tok/s;     88 s elapsed
Epoch 16,   400/  454; acc:  83.96; ppl:   1.90; 3417 src tok/s; 3534 tgt tok/s;    101 s elapsed
Epoch 16,   450/  454; acc:  83.96; ppl:   1.95; 3237 src tok/s; 3359 tgt tok/s;    113 s elapsed
Train perplexity: 1.91263
Train accuracy: 84.1735
Validation perplexity: 6.28863
Validation accuracy: 70.1008
Decaying learning rate to 0.00195312

Epoch 17,    50/  454; acc:  84.90; ppl:   1.84; 3312 src tok/s; 3457 tgt tok/s;     12 s elapsed
Epoch 17,   100/  454; acc:  83.81; ppl:   1.95; 3340 src tok/s; 3457 tgt tok/s;     25 s elapsed
Epoch 17,   150/  454; acc:  85.18; ppl:   1.83; 3348 src tok/s; 3489 tgt tok/s;     37 s elapsed
Epoch 17,   200/  454; acc:  83.56; ppl:   2.00; 3341 src tok/s; 3466 tgt tok/s;     50 s elapsed
Epoch 17,   250/  454; acc:  83.68; ppl:   1.95; 3312 src tok/s; 3443 tgt tok/s;     63 s elapsed
Epoch 17,   300/  454; acc:  84.79; ppl:   1.86; 3356 src tok/s; 3478 tgt tok/s;     76 s elapsed
Epoch 17,   350/  454; acc:  84.64; ppl:   1.88; 3270 src tok/s; 3414 tgt tok/s;     88 s elapsed
Epoch 17,   400/  454; acc:  83.68; ppl:   1.96; 3378 src tok/s; 3478 tgt tok/s;    101 s elapsed
Epoch 17,   450/  454; acc:  83.89; ppl:   1.92; 3287 src tok/s; 3398 tgt tok/s;    113 s elapsed
Train perplexity: 1.90989
Train accuracy: 84.239
Validation perplexity: 6.29441
Validation accuracy: 70.0724
Decaying learning rate to 0.000976562
