<module 'opts' from '/u/suhubdyd/research/projects/jumble_lstm/code/auxiliary-nmt/opts.pyc'>
Namespace(batch_size=64, brnn=False, brnn_merge='concat', cnn_kernel_width=3, context_gate=None, copy_attn=False, copy_attn_force=False, coverage_attn=False, data='/data/lisatmp3/suhubdyd/multi30k.atok.low', dec_layers=1, decay_method='', decoder_type='rnn', dropout=0.3, enc_layers=2, encoder_type='rnn', epochs=17, exp='', exp_host='', feat_merge='concat', feat_vec_exponent=0.7, feat_vec_size=-1, fix_word_vecs_dec=False, fix_word_vecs_enc=False, global_attention='general', gpuid=[0], input_feed=1, kappa_dec=0.05, kappa_enc=0.15, lambda_coverage=1, layers=-1, learning_rate=1.0, learning_rate_decay=0.5, max_generator_batches=32, max_grad_norm=5, model_type='text', optim='sgd', param_init=0.1, position_encoding=False, pre_word_vecs_dec=None, pre_word_vecs_enc=None, report_every=50, rnn_size=500, rnn_type='LSTM', save_model='/data/lisatmp3/suhubdyd/models/encoder0.15_decoder0.05_dropout0.3', seed=-1, share_decoder_embeddings=False, share_embeddings=False, src_word_vec_size=500, start_checkpoint_at=0, start_decay_at=8, start_epoch=1, tgt_word_vec_size=500, train_from='', truncated_decoder=0, warmup_steps=4000, word_vec_size=-1)
('Using Kappa L2 loss on encoder', 0.15)
('Using Kappa L2 loss on decoder', 0.05)
Loading train and validate data from '/data/lisatmp3/suhubdyd/multi30k.atok.low'
 * number of training sentences: 29000
 * maximum batch size: 64
 * vocabulary size. source = 10841; target = 18563
Building model...
Intializing model parameters.
NMTModel (
  (encoder): RNNEncoder (
    (embeddings): Embeddings (
      (make_embedding): Sequential (
        (emb_luts): Elementwise (
          (0): Embedding(10841, 500, padding_idx=1)
        )
      )
    )
    (dropout): Dropout (p = 0.3)
    (rnn): LSTM(500, 500, dropout=0.3)
  )
  (decoder): InputFeedRNNDecoder (
    (embeddings): Embeddings (
      (make_embedding): Sequential (
        (emb_luts): Elementwise (
          (0): Embedding(18563, 500, padding_idx=1)
        )
      )
    )
    (dropout): Dropout (p = 0.3)
    (rnn): StackedLSTM (
      (dropout): Dropout (p = 0.3)
      (layers): ModuleList (
        (0): LSTMCell(1000, 500)
      )
    )
    (attn): GlobalAttention (
      (linear_in): Linear (500 -> 500)
      (linear_out): Linear (1000 -> 500)
      (sm): Softmax ()
      (tanh): Tanh ()
    )
  )
  (generator): Sequential (
    (0): Linear (500 -> 18563)
    (1): LogSoftmax ()
  )
)
* number of parameters: 29760063
('encoder: ', 7424500)
('decoder: ', 22335563)

Epoch  1,    50/  454; acc:   8.77; ppl: 19702.34; 4816 src tok/s; 4932 tgt tok/s;      9 s elapsed
Epoch  1,   100/  454; acc:  15.29; ppl: 1688.98; 5087 src tok/s; 5352 tgt tok/s;     17 s elapsed
Epoch  1,   150/  454; acc:  18.90; ppl: 510.52; 5131 src tok/s; 5359 tgt tok/s;     25 s elapsed
Epoch  1,   200/  454; acc:  20.49; ppl: 283.93; 5293 src tok/s; 5491 tgt tok/s;     33 s elapsed
Epoch  1,   250/  454; acc:  24.97; ppl: 168.10; 5223 src tok/s; 5419 tgt tok/s;     41 s elapsed
Epoch  1,   300/  454; acc:  27.35; ppl: 123.23; 5335 src tok/s; 5516 tgt tok/s;     49 s elapsed
Epoch  1,   350/  454; acc:  29.64; ppl:  96.02; 5229 src tok/s; 5425 tgt tok/s;     57 s elapsed
Epoch  1,   400/  454; acc:  31.49; ppl:  78.12; 5268 src tok/s; 5467 tgt tok/s;     65 s elapsed
Epoch  1,   450/  454; acc:  33.75; ppl:  65.53; 5076 src tok/s; 5284 tgt tok/s;     73 s elapsed
Train perplexity: 333.122
Train accuracy: 23.4388
Validation perplexity: 54.9563
Validation accuracy: 36.3701

Epoch  2,    50/  454; acc:  36.77; ppl:  50.17; 5125 src tok/s; 5318 tgt tok/s;      8 s elapsed
Epoch  2,   100/  454; acc:  38.08; ppl:  45.61; 5234 src tok/s; 5428 tgt tok/s;     16 s elapsed
Epoch  2,   150/  454; acc:  40.87; ppl:  38.56; 5174 src tok/s; 5375 tgt tok/s;     24 s elapsed
Epoch  2,   200/  454; acc:  43.77; ppl:  30.11; 5264 src tok/s; 5458 tgt tok/s;     32 s elapsed
Epoch  2,   250/  454; acc:  45.55; ppl:  26.84; 5248 src tok/s; 5419 tgt tok/s;     40 s elapsed
Epoch  2,   300/  454; acc:  47.93; ppl:  22.99; 5203 src tok/s; 5408 tgt tok/s;     48 s elapsed
Epoch  2,   350/  454; acc:  48.96; ppl:  21.33; 5155 src tok/s; 5361 tgt tok/s;     56 s elapsed
Epoch  2,   400/  454; acc:  51.19; ppl:  18.70; 5031 src tok/s; 5216 tgt tok/s;     65 s elapsed
Epoch  2,   450/  454; acc:  51.85; ppl:  18.00; 5128 src tok/s; 5336 tgt tok/s;     73 s elapsed
Train perplexity: 28.2292
Train accuracy: 45.0576
Validation perplexity: 15.8065
Validation accuracy: 53.8669

Epoch  3,    50/  454; acc:  55.70; ppl:  13.27; 5253 src tok/s; 5458 tgt tok/s;      8 s elapsed
Epoch  3,   100/  454; acc:  54.27; ppl:  14.09; 5113 src tok/s; 5298 tgt tok/s;     16 s elapsed
Epoch  3,   150/  454; acc:  55.72; ppl:  13.04; 5228 src tok/s; 5415 tgt tok/s;     24 s elapsed
Epoch  3,   200/  454; acc:  56.77; ppl:  12.25; 5086 src tok/s; 5298 tgt tok/s;     32 s elapsed
Epoch  3,   250/  454; acc:  57.28; ppl:  11.81; 5246 src tok/s; 5383 tgt tok/s;     41 s elapsed
Epoch  3,   300/  454; acc:  59.05; ppl:  10.67; 5177 src tok/s; 5394 tgt tok/s;     49 s elapsed
Epoch  3,   350/  454; acc:  58.28; ppl:  11.18; 5197 src tok/s; 5400 tgt tok/s;     57 s elapsed
Epoch  3,   400/  454; acc:  59.15; ppl:  10.26; 5152 src tok/s; 5366 tgt tok/s;     65 s elapsed
Epoch  3,   450/  454; acc:  59.73; ppl:   9.83; 5123 src tok/s; 5325 tgt tok/s;     73 s elapsed
Train perplexity: 11.7268
Train accuracy: 57.3395
Validation perplexity: 9.92024
Validation accuracy: 60.2384

Epoch  4,    50/  454; acc:  62.25; ppl:   7.92; 5152 src tok/s; 5337 tgt tok/s;      8 s elapsed
Epoch  4,   100/  454; acc:  61.91; ppl:   8.17; 5230 src tok/s; 5416 tgt tok/s;     16 s elapsed
Epoch  4,   150/  454; acc:  64.59; ppl:   7.04; 5049 src tok/s; 5279 tgt tok/s;     24 s elapsed
Epoch  4,   200/  454; acc:  61.95; ppl:   8.02; 5277 src tok/s; 5426 tgt tok/s;     32 s elapsed
Epoch  4,   250/  454; acc:  62.32; ppl:   7.85; 5277 src tok/s; 5468 tgt tok/s;     41 s elapsed
Epoch  4,   300/  454; acc:  63.58; ppl:   7.26; 5185 src tok/s; 5405 tgt tok/s;     48 s elapsed
Epoch  4,   350/  454; acc:  62.30; ppl:   7.76; 5214 src tok/s; 5380 tgt tok/s;     57 s elapsed
Epoch  4,   400/  454; acc:  64.50; ppl:   6.95; 5186 src tok/s; 5409 tgt tok/s;     65 s elapsed
Epoch  4,   450/  454; acc:  63.39; ppl:   7.42; 5097 src tok/s; 5325 tgt tok/s;     73 s elapsed
Train perplexity: 7.60001
Train accuracy: 62.9435
Validation perplexity: 8.43953
Validation accuracy: 62.7146

Epoch  5,    50/  454; acc:  67.29; ppl:   5.39; 5119 src tok/s; 5343 tgt tok/s;      8 s elapsed
Epoch  5,   100/  454; acc:  65.51; ppl:   6.01; 5232 src tok/s; 5405 tgt tok/s;     16 s elapsed
Epoch  5,   150/  454; acc:  66.45; ppl:   5.65; 5334 src tok/s; 5519 tgt tok/s;     24 s elapsed
Epoch  5,   200/  454; acc:  65.96; ppl:   5.95; 5258 src tok/s; 5453 tgt tok/s;     32 s elapsed
Epoch  5,   250/  454; acc:  66.16; ppl:   5.76; 5141 src tok/s; 5330 tgt tok/s;     40 s elapsed
Epoch  5,   300/  454; acc:  66.32; ppl:   5.71; 5179 src tok/s; 5363 tgt tok/s;     48 s elapsed
Epoch  5,   350/  454; acc:  66.83; ppl:   5.52; 5076 src tok/s; 5284 tgt tok/s;     57 s elapsed
Epoch  5,   400/  454; acc:  66.31; ppl:   5.76; 5278 src tok/s; 5475 tgt tok/s;     65 s elapsed
Epoch  5,   450/  454; acc:  66.70; ppl:   5.52; 5153 src tok/s; 5368 tgt tok/s;     72 s elapsed
Train perplexity: 5.70191
Train accuracy: 66.3738
Validation perplexity: 7.2986
Validation accuracy: 65.0631

Epoch  6,    50/  454; acc:  69.42; ppl:   4.45; 5218 src tok/s; 5407 tgt tok/s;      8 s elapsed
Epoch  6,   100/  454; acc:  69.27; ppl:   4.56; 5218 src tok/s; 5406 tgt tok/s;     16 s elapsed
Epoch  6,   150/  454; acc:  68.41; ppl:   4.77; 5251 src tok/s; 5450 tgt tok/s;     24 s elapsed
Epoch  6,   200/  454; acc:  69.38; ppl:   4.57; 5161 src tok/s; 5334 tgt tok/s;     32 s elapsed
Epoch  6,   250/  454; acc:  69.32; ppl:   4.44; 5193 src tok/s; 5395 tgt tok/s;     40 s elapsed
Epoch  6,   300/  454; acc:  68.71; ppl:   4.70; 5164 src tok/s; 5364 tgt tok/s;     48 s elapsed
Epoch  6,   350/  454; acc:  69.34; ppl:   4.40; 5175 src tok/s; 5396 tgt tok/s;     56 s elapsed
Epoch  6,   400/  454; acc:  68.46; ppl:   4.73; 5187 src tok/s; 5391 tgt tok/s;     65 s elapsed
Epoch  6,   450/  454; acc:  68.67; ppl:   4.68; 5092 src tok/s; 5280 tgt tok/s;     73 s elapsed
Train perplexity: 4.58924
Train accuracy: 68.988
Validation perplexity: 6.87458
Validation accuracy: 65.6379

Epoch  7,    50/  454; acc:  72.48; ppl:   3.57; 5250 src tok/s; 5433 tgt tok/s;      8 s elapsed
Epoch  7,   100/  454; acc:  72.19; ppl:   3.63; 5211 src tok/s; 5399 tgt tok/s;     16 s elapsed
Epoch  7,   150/  454; acc:  71.17; ppl:   3.86; 5144 src tok/s; 5339 tgt tok/s;     24 s elapsed
Epoch  7,   200/  454; acc:  71.19; ppl:   3.81; 5238 src tok/s; 5434 tgt tok/s;     32 s elapsed
Epoch  7,   250/  454; acc:  70.38; ppl:   4.02; 5174 src tok/s; 5353 tgt tok/s;     41 s elapsed
Epoch  7,   300/  454; acc:  72.33; ppl:   3.62; 5181 src tok/s; 5426 tgt tok/s;     48 s elapsed
Epoch  7,   350/  454; acc:  71.09; ppl:   3.86; 5197 src tok/s; 5394 tgt tok/s;     56 s elapsed
Epoch  7,   400/  454; acc:  70.19; ppl:   4.10; 5242 src tok/s; 5432 tgt tok/s;     65 s elapsed
Epoch  7,   450/  454; acc:  70.46; ppl:   4.03; 5106 src tok/s; 5301 tgt tok/s;     73 s elapsed
Train perplexity: 3.8332
Train accuracy: 71.266
Validation perplexity: 6.95212
Validation accuracy: 66.241
Decaying learning rate to 0.5

Epoch  8,    50/  454; acc:  76.15; ppl:   2.97; 5063 src tok/s; 5278 tgt tok/s;      8 s elapsed
Epoch  8,   100/  454; acc:  77.24; ppl:   2.69; 5274 src tok/s; 5455 tgt tok/s;     16 s elapsed
Epoch  8,   150/  454; acc:  77.39; ppl:   2.67; 5219 src tok/s; 5444 tgt tok/s;     24 s elapsed
Epoch  8,   200/  454; acc:  76.23; ppl:   2.84; 5133 src tok/s; 5303 tgt tok/s;     33 s elapsed
Epoch  8,   250/  454; acc:  76.87; ppl:   2.79; 5180 src tok/s; 5352 tgt tok/s;     41 s elapsed
Epoch  8,   300/  454; acc:  77.22; ppl:   2.70; 5218 src tok/s; 5408 tgt tok/s;     49 s elapsed
Epoch  8,   350/  454; acc:  76.41; ppl:   2.80; 5284 src tok/s; 5481 tgt tok/s;     57 s elapsed
Epoch  8,   400/  454; acc:  76.44; ppl:   2.82; 5128 src tok/s; 5345 tgt tok/s;     65 s elapsed
Epoch  8,   450/  454; acc:  76.59; ppl:   2.82; 5180 src tok/s; 5371 tgt tok/s;     73 s elapsed
Train perplexity: 2.78421
Train accuracy: 76.7428
Validation perplexity: 6.2873
Validation accuracy: 68.256
Decaying learning rate to 0.25

Epoch  9,    50/  454; acc:  79.50; ppl:   2.43; 5217 src tok/s; 5397 tgt tok/s;      8 s elapsed
Epoch  9,   100/  454; acc:  81.77; ppl:   2.17; 5282 src tok/s; 5496 tgt tok/s;     16 s elapsed
Epoch  9,   150/  454; acc:  81.31; ppl:   2.22; 5194 src tok/s; 5403 tgt tok/s;     24 s elapsed
Epoch  9,   200/  454; acc:  80.54; ppl:   2.31; 5198 src tok/s; 5377 tgt tok/s;     32 s elapsed
Epoch  9,   250/  454; acc:  81.39; ppl:   2.18; 5204 src tok/s; 5411 tgt tok/s;     40 s elapsed
Epoch  9,   300/  454; acc:  80.52; ppl:   2.29; 5185 src tok/s; 5385 tgt tok/s;     48 s elapsed
Epoch  9,   350/  454; acc:  81.45; ppl:   2.18; 5118 src tok/s; 5346 tgt tok/s;     56 s elapsed
Epoch  9,   400/  454; acc:  79.98; ppl:   2.31; 5264 src tok/s; 5443 tgt tok/s;     65 s elapsed
Epoch  9,   450/  454; acc:  80.75; ppl:   2.28; 5148 src tok/s; 5325 tgt tok/s;     72 s elapsed
Train perplexity: 2.25947
Train accuracy: 80.8043
Validation perplexity: 6.2427
Validation accuracy: 69.0365
Decaying learning rate to 0.125

Epoch 10,    50/  454; acc:  83.01; ppl:   2.05; 5053 src tok/s; 5274 tgt tok/s;      8 s elapsed
Epoch 10,   100/  454; acc:  83.43; ppl:   1.98; 5283 src tok/s; 5467 tgt tok/s;     16 s elapsed
Epoch 10,   150/  454; acc:  84.11; ppl:   1.93; 5193 src tok/s; 5411 tgt tok/s;     24 s elapsed
Epoch 10,   200/  454; acc:  82.57; ppl:   2.09; 5160 src tok/s; 5320 tgt tok/s;     32 s elapsed
Epoch 10,   250/  454; acc:  82.89; ppl:   2.04; 5280 src tok/s; 5439 tgt tok/s;     41 s elapsed
Epoch 10,   300/  454; acc:  83.30; ppl:   2.04; 5053 src tok/s; 5290 tgt tok/s;     49 s elapsed
Epoch 10,   350/  454; acc:  83.31; ppl:   2.02; 5255 src tok/s; 5447 tgt tok/s;     57 s elapsed
Epoch 10,   400/  454; acc:  82.94; ppl:   2.06; 5207 src tok/s; 5402 tgt tok/s;     65 s elapsed
Epoch 10,   450/  454; acc:  83.38; ppl:   2.02; 5122 src tok/s; 5319 tgt tok/s;     73 s elapsed
Train perplexity: 2.02454
Train accuracy: 83.2158
Validation perplexity: 6.32434
Validation accuracy: 69.448
Decaying learning rate to 0.0625

Epoch 11,    50/  454; acc:  84.79; ppl:   1.87; 5163 src tok/s; 5387 tgt tok/s;      8 s elapsed
Epoch 11,   100/  454; acc:  84.02; ppl:   1.95; 5253 src tok/s; 5419 tgt tok/s;     16 s elapsed
Epoch 11,   150/  454; acc:  85.11; ppl:   1.86; 5243 src tok/s; 5442 tgt tok/s;     24 s elapsed
Epoch 11,   200/  454; acc:  84.11; ppl:   1.94; 5170 src tok/s; 5385 tgt tok/s;     32 s elapsed
Epoch 11,   250/  454; acc:  84.64; ppl:   1.89; 5206 src tok/s; 5394 tgt tok/s;     40 s elapsed
Epoch 11,   300/  454; acc:  84.33; ppl:   1.93; 5237 src tok/s; 5448 tgt tok/s;     48 s elapsed
Epoch 11,   350/  454; acc:  84.42; ppl:   1.93; 5172 src tok/s; 5365 tgt tok/s;     56 s elapsed
Epoch 11,   400/  454; acc:  84.05; ppl:   1.95; 5195 src tok/s; 5395 tgt tok/s;     65 s elapsed
Epoch 11,   450/  454; acc:  84.12; ppl:   1.94; 5133 src tok/s; 5306 tgt tok/s;     73 s elapsed
Train perplexity: 1.91817
Train accuracy: 84.4073
Validation perplexity: 6.40951
Validation accuracy: 69.2209
Decaying learning rate to 0.03125

Epoch 12,    50/  454; acc:  85.01; ppl:   1.89; 5212 src tok/s; 5397 tgt tok/s;      8 s elapsed
Epoch 12,   100/  454; acc:  85.59; ppl:   1.81; 5188 src tok/s; 5434 tgt tok/s;     16 s elapsed
Epoch 12,   150/  454; acc:  86.18; ppl:   1.78; 5145 src tok/s; 5360 tgt tok/s;     24 s elapsed
Epoch 12,   200/  454; acc:  84.25; ppl:   1.95; 5308 src tok/s; 5465 tgt tok/s;     32 s elapsed
Epoch 12,   250/  454; acc:  85.43; ppl:   1.84; 5234 src tok/s; 5417 tgt tok/s;     40 s elapsed
Epoch 12,   300/  454; acc:  85.12; ppl:   1.86; 5213 src tok/s; 5431 tgt tok/s;     48 s elapsed
Epoch 12,   350/  454; acc:  85.27; ppl:   1.83; 5249 src tok/s; 5435 tgt tok/s;     56 s elapsed
Epoch 12,   400/  454; acc:  84.63; ppl:   1.91; 5080 src tok/s; 5261 tgt tok/s;     64 s elapsed
Epoch 12,   450/  454; acc:  84.67; ppl:   1.90; 5128 src tok/s; 5319 tgt tok/s;     73 s elapsed
Train perplexity: 1.86273
Train accuracy: 85.1309
Validation perplexity: 6.46581
Validation accuracy: 69.1642
Decaying learning rate to 0.015625

Epoch 13,    50/  454; acc:  85.27; ppl:   1.86; 5369 src tok/s; 5525 tgt tok/s;      8 s elapsed
Epoch 13,   100/  454; acc:  86.11; ppl:   1.78; 4965 src tok/s; 5218 tgt tok/s;     16 s elapsed
Epoch 13,   150/  454; acc:  85.12; ppl:   1.86; 5174 src tok/s; 5360 tgt tok/s;     24 s elapsed
Epoch 13,   200/  454; acc:  85.77; ppl:   1.80; 5232 src tok/s; 5453 tgt tok/s;     32 s elapsed
Epoch 13,   250/  454; acc:  86.14; ppl:   1.78; 5190 src tok/s; 5398 tgt tok/s;     40 s elapsed
Epoch 13,   300/  454; acc:  84.81; ppl:   1.89; 5296 src tok/s; 5488 tgt tok/s;     48 s elapsed
Epoch 13,   350/  454; acc:  86.01; ppl:   1.78; 5042 src tok/s; 5262 tgt tok/s;     56 s elapsed
Epoch 13,   400/  454; acc:  84.68; ppl:   1.91; 5226 src tok/s; 5384 tgt tok/s;     65 s elapsed
Epoch 13,   450/  454; acc:  84.98; ppl:   1.88; 5173 src tok/s; 5357 tgt tok/s;     73 s elapsed
Train perplexity: 1.83719
Train accuracy: 85.4371
Validation perplexity: 6.48764
Validation accuracy: 69.1642
Decaying learning rate to 0.0078125

Epoch 14,    50/  454; acc:  85.49; ppl:   1.85; 5138 src tok/s; 5318 tgt tok/s;      8 s elapsed
Epoch 14,   100/  454; acc:  85.83; ppl:   1.81; 5217 src tok/s; 5421 tgt tok/s;     16 s elapsed
Epoch 14,   150/  454; acc:  85.23; ppl:   1.84; 5157 src tok/s; 5372 tgt tok/s;     24 s elapsed
Epoch 14,   200/  454; acc:  85.92; ppl:   1.82; 5134 src tok/s; 5333 tgt tok/s;     33 s elapsed
Epoch 14,   250/  454; acc:  86.38; ppl:   1.76; 5215 src tok/s; 5442 tgt tok/s;     40 s elapsed
Epoch 14,   300/  454; acc:  85.10; ppl:   1.87; 5303 src tok/s; 5447 tgt tok/s;     48 s elapsed
Epoch 14,   350/  454; acc:  85.39; ppl:   1.81; 5207 src tok/s; 5419 tgt tok/s;     56 s elapsed
Epoch 14,   400/  454; acc:  85.42; ppl:   1.84; 5162 src tok/s; 5343 tgt tok/s;     65 s elapsed
Epoch 14,   450/  454; acc:  85.45; ppl:   1.83; 5144 src tok/s; 5349 tgt tok/s;     73 s elapsed
Train perplexity: 1.82665
Train accuracy: 85.568
Validation perplexity: 6.50647
Validation accuracy: 69.1145
Decaying learning rate to 0.00390625

Epoch 15,    50/  454; acc:  85.20; ppl:   1.86; 5028 src tok/s; 5219 tgt tok/s;      8 s elapsed
Epoch 15,   100/  454; acc:  85.82; ppl:   1.81; 5242 src tok/s; 5433 tgt tok/s;     16 s elapsed
Epoch 15,   150/  454; acc:  85.93; ppl:   1.80; 5211 src tok/s; 5420 tgt tok/s;     24 s elapsed
Epoch 15,   200/  454; acc:  85.78; ppl:   1.82; 5244 src tok/s; 5452 tgt tok/s;     32 s elapsed
Epoch 15,   250/  454; acc:  85.84; ppl:   1.80; 5102 src tok/s; 5317 tgt tok/s;     41 s elapsed
Epoch 15,   300/  454; acc:  85.53; ppl:   1.84; 5219 src tok/s; 5394 tgt tok/s;     49 s elapsed
Epoch 15,   350/  454; acc:  86.54; ppl:   1.75; 5270 src tok/s; 5508 tgt tok/s;     56 s elapsed
Epoch 15,   400/  454; acc:  84.98; ppl:   1.89; 5247 src tok/s; 5393 tgt tok/s;     65 s elapsed
Epoch 15,   450/  454; acc:  85.57; ppl:   1.83; 5232 src tok/s; 5421 tgt tok/s;     73 s elapsed
Train perplexity: 1.82062
Train accuracy: 85.7027
Validation perplexity: 6.51652
Validation accuracy: 69.079
Decaying learning rate to 0.00195312

Epoch 16,    50/  454; acc:  85.25; ppl:   1.86; 5132 src tok/s; 5327 tgt tok/s;      8 s elapsed
Epoch 16,   100/  454; acc:  86.10; ppl:   1.80; 5212 src tok/s; 5422 tgt tok/s;     16 s elapsed
Epoch 16,   150/  454; acc:  86.32; ppl:   1.76; 5263 src tok/s; 5472 tgt tok/s;     24 s elapsed
Epoch 16,   200/  454; acc:  85.82; ppl:   1.82; 5251 src tok/s; 5409 tgt tok/s;     32 s elapsed
Epoch 16,   250/  454; acc:  85.34; ppl:   1.86; 5167 src tok/s; 5343 tgt tok/s;     41 s elapsed
Epoch 16,   300/  454; acc:  86.59; ppl:   1.75; 5145 src tok/s; 5371 tgt tok/s;     48 s elapsed
Epoch 16,   350/  454; acc:  85.37; ppl:   1.83; 5084 src tok/s; 5273 tgt tok/s;     57 s elapsed
Epoch 16,   400/  454; acc:  85.62; ppl:   1.83; 5193 src tok/s; 5398 tgt tok/s;     65 s elapsed
Epoch 16,   450/  454; acc:  85.54; ppl:   1.82; 5129 src tok/s; 5334 tgt tok/s;     73 s elapsed
Train perplexity: 1.81636
Train accuracy: 85.7518
Validation perplexity: 6.52064
Validation accuracy: 69.0578
Decaying learning rate to 0.000976562

Epoch 17,    50/  454; acc:  85.13; ppl:   1.86; 5135 src tok/s; 5318 tgt tok/s;      8 s elapsed
Epoch 17,   100/  454; acc:  86.11; ppl:   1.78; 5281 src tok/s; 5503 tgt tok/s;     16 s elapsed
Epoch 17,   150/  454; acc:  85.31; ppl:   1.86; 5246 src tok/s; 5463 tgt tok/s;     24 s elapsed
Epoch 17,   200/  454; acc:  86.19; ppl:   1.79; 5137 src tok/s; 5333 tgt tok/s;     32 s elapsed
Epoch 17,   250/  454; acc:  86.10; ppl:   1.78; 5249 src tok/s; 5443 tgt tok/s;     40 s elapsed
Epoch 17,   300/  454; acc:  85.22; ppl:   1.85; 5238 src tok/s; 5430 tgt tok/s;     48 s elapsed
Epoch 17,   350/  454; acc:  85.71; ppl:   1.81; 5203 src tok/s; 5381 tgt tok/s;     56 s elapsed
Epoch 17,   400/  454; acc:  85.94; ppl:   1.81; 5242 src tok/s; 5435 tgt tok/s;     64 s elapsed
Epoch 17,   450/  454; acc:  86.15; ppl:   1.79; 5079 src tok/s; 5286 tgt tok/s;     72 s elapsed
Train perplexity: 1.81534
Train accuracy: 85.7384
Validation perplexity: 6.52233
Validation accuracy: 69.0578
Decaying learning rate to 0.000488281
