<module 'opts' from '/u/suhubdyd/research/projects/jumble_lstm/code/auxiliary-nmt/opts.pyc'>
Namespace(batch_size=64, brnn=False, brnn_merge='concat', cnn_kernel_width=3, context_gate=None, copy_attn=False, copy_attn_force=False, coverage_attn=False, data='/data/lisatmp3/suhubdyd/multi30k.atok.low', dec_layers=1, decay_method='', decoder_type='rnn', dropout=0.4, enc_layers=2, encoder_type='rnn', epochs=17, exp='', exp_host='', feat_merge='concat', feat_vec_exponent=0.7, feat_vec_size=-1, fix_word_vecs_dec=False, fix_word_vecs_enc=False, global_attention='general', gpuid=[0], input_feed=1, kappa_dec=0.0, kappa_enc=0.15, lambda_coverage=1, layers=-1, learning_rate=1.0, learning_rate_decay=0.5, max_generator_batches=32, max_grad_norm=5, model_type='text', optim='sgd', param_init=0.1, position_encoding=False, pre_word_vecs_dec=None, pre_word_vecs_enc=None, report_every=50, rnn_size=500, rnn_type='LSTM', save_model='/data/lisatmp3/suhubdyd/models/encoder0.15_decoder0_dropout0.4', seed=-1, share_decoder_embeddings=False, share_embeddings=False, src_word_vec_size=500, start_checkpoint_at=0, start_decay_at=8, start_epoch=1, tgt_word_vec_size=500, train_from='', truncated_decoder=0, warmup_steps=4000, word_vec_size=-1)
('Using Kappa L2 loss on encoder', 0.15)
Loading train and validate data from '/data/lisatmp3/suhubdyd/multi30k.atok.low'
 * number of training sentences: 29000
 * maximum batch size: 64
 * vocabulary size. source = 10841; target = 18563
Building model...
Intializing model parameters.
NMTModel (
  (encoder): RNNEncoder (
    (embeddings): Embeddings (
      (make_embedding): Sequential (
        (emb_luts): Elementwise (
          (0): Embedding(10841, 500, padding_idx=1)
        )
      )
    )
    (dropout): Dropout (p = 0.4)
    (rnn): LSTM(500, 500, dropout=0.4)
  )
  (decoder): InputFeedRNNDecoder (
    (embeddings): Embeddings (
      (make_embedding): Sequential (
        (emb_luts): Elementwise (
          (0): Embedding(18563, 500, padding_idx=1)
        )
      )
    )
    (dropout): Dropout (p = 0.4)
    (rnn): StackedLSTM (
      (dropout): Dropout (p = 0.4)
      (layers): ModuleList (
        (0): LSTMCell(1000, 500)
      )
    )
    (attn): GlobalAttention (
      (linear_in): Linear (500 -> 500)
      (linear_out): Linear (1000 -> 500)
      (sm): Softmax ()
      (tanh): Tanh ()
    )
  )
  (generator): Sequential (
    (0): Linear (500 -> 18563)
    (1): LogSoftmax ()
  )
)
* number of parameters: 29760063
('encoder: ', 7424500)
('decoder: ', 22335563)

Epoch  1,    50/  454; acc:   7.95; ppl: 61654.89; 4681 src tok/s; 4883 tgt tok/s;      9 s elapsed
Epoch  1,   100/  454; acc:  14.22; ppl: 1811.88; 5040 src tok/s; 5214 tgt tok/s;     17 s elapsed
Epoch  1,   150/  454; acc:  18.18; ppl: 915.78; 4995 src tok/s; 5183 tgt tok/s;     26 s elapsed
Epoch  1,   200/  454; acc:  20.24; ppl: 306.07; 5003 src tok/s; 5184 tgt tok/s;     34 s elapsed
Epoch  1,   250/  454; acc:  25.59; ppl: 159.87; 4876 src tok/s; 5095 tgt tok/s;     42 s elapsed
Epoch  1,   300/  454; acc:  25.98; ppl: 136.46; 5123 src tok/s; 5292 tgt tok/s;     51 s elapsed
Epoch  1,   350/  454; acc:  29.65; ppl:  94.15; 4841 src tok/s; 5010 tgt tok/s;     60 s elapsed
Epoch  1,   400/  454; acc:  32.89; ppl:  70.82; 4860 src tok/s; 5050 tgt tok/s;     68 s elapsed
Epoch  1,   450/  454; acc:  33.92; ppl:  64.35; 4826 src tok/s; 5008 tgt tok/s;     77 s elapsed
Train perplexity: 395.102
Train accuracy: 23.2822
Validation perplexity: 53.7299
Validation accuracy: 35.7031

Epoch  2,    50/  454; acc:  36.35; ppl:  49.76; 4920 src tok/s; 5116 tgt tok/s;      9 s elapsed
Epoch  2,   100/  454; acc:  37.34; ppl:  46.52; 4949 src tok/s; 5123 tgt tok/s;     17 s elapsed
Epoch  2,   150/  454; acc:  38.11; ppl:  43.80; 5055 src tok/s; 5226 tgt tok/s;     26 s elapsed
Epoch  2,   200/  454; acc:  42.40; ppl:  33.62; 4898 src tok/s; 5135 tgt tok/s;     34 s elapsed
Epoch  2,   250/  454; acc:  43.13; ppl:  31.79; 5071 src tok/s; 5244 tgt tok/s;     42 s elapsed
Epoch  2,   300/  454; acc:  46.47; ppl:  25.50; 5036 src tok/s; 5224 tgt tok/s;     50 s elapsed
Epoch  2,   350/  454; acc:  48.03; ppl:  23.13; 4885 src tok/s; 5057 tgt tok/s;     59 s elapsed
Epoch  2,   400/  454; acc:  49.47; ppl:  21.35; 5019 src tok/s; 5216 tgt tok/s;     67 s elapsed
Epoch  2,   450/  454; acc:  50.51; ppl:  19.23; 4808 src tok/s; 4980 tgt tok/s;     76 s elapsed
Train perplexity: 30.902
Train accuracy: 43.5718
Validation perplexity: 16.5778
Validation accuracy: 52.9161

Epoch  3,    50/  454; acc:  53.85; ppl:  14.60; 4943 src tok/s; 5137 tgt tok/s;      8 s elapsed
Epoch  3,   100/  454; acc:  54.18; ppl:  13.97; 4975 src tok/s; 5166 tgt tok/s;     17 s elapsed
Epoch  3,   150/  454; acc:  55.10; ppl:  13.62; 5032 src tok/s; 5199 tgt tok/s;     25 s elapsed
Epoch  3,   200/  454; acc:  56.91; ppl:  12.12; 4893 src tok/s; 5093 tgt tok/s;     34 s elapsed
Epoch  3,   250/  454; acc:  56.15; ppl:  12.88; 4973 src tok/s; 5153 tgt tok/s;     42 s elapsed
Epoch  3,   300/  454; acc:  57.67; ppl:  11.50; 5001 src tok/s; 5183 tgt tok/s;     51 s elapsed
Epoch  3,   350/  454; acc:  58.44; ppl:  11.18; 4945 src tok/s; 5133 tgt tok/s;     59 s elapsed
Epoch  3,   400/  454; acc:  58.63; ppl:  10.60; 5035 src tok/s; 5222 tgt tok/s;     68 s elapsed
Epoch  3,   450/  454; acc:  58.71; ppl:  10.97; 4562 src tok/s; 4742 tgt tok/s;     77 s elapsed
Train perplexity: 12.2825
Train accuracy: 56.6503
Validation perplexity: 10.0711
Validation accuracy: 59.7843

Epoch  4,    50/  454; acc:  62.70; ppl:   7.71; 4814 src tok/s; 5028 tgt tok/s;      8 s elapsed
Epoch  4,   100/  454; acc:  61.09; ppl:   8.46; 4898 src tok/s; 5063 tgt tok/s;     17 s elapsed
Epoch  4,   150/  454; acc:  61.89; ppl:   8.16; 4954 src tok/s; 5134 tgt tok/s;     26 s elapsed
Epoch  4,   200/  454; acc:  61.90; ppl:   8.21; 5050 src tok/s; 5227 tgt tok/s;     34 s elapsed
Epoch  4,   250/  454; acc:  62.33; ppl:   7.99; 5007 src tok/s; 5186 tgt tok/s;     42 s elapsed
Epoch  4,   300/  454; acc:  62.03; ppl:   8.02; 5014 src tok/s; 5219 tgt tok/s;     51 s elapsed
Epoch  4,   350/  454; acc:  63.26; ppl:   7.56; 4942 src tok/s; 5151 tgt tok/s;     59 s elapsed
Epoch  4,   400/  454; acc:  62.47; ppl:   7.90; 5040 src tok/s; 5228 tgt tok/s;     68 s elapsed
Epoch  4,   450/  454; acc:  62.54; ppl:   7.63; 4953 src tok/s; 5134 tgt tok/s;     76 s elapsed
Train perplexity: 7.95311
Train accuracy: 62.2449
Validation perplexity: 8.31472
Validation accuracy: 62.7643

Epoch  5,    50/  454; acc:  66.77; ppl:   5.62; 4986 src tok/s; 5170 tgt tok/s;      8 s elapsed
Epoch  5,   100/  454; acc:  64.86; ppl:   6.33; 4999 src tok/s; 5181 tgt tok/s;     17 s elapsed
Epoch  5,   150/  454; acc:  65.70; ppl:   5.94; 4955 src tok/s; 5154 tgt tok/s;     25 s elapsed
Epoch  5,   200/  454; acc:  65.05; ppl:   6.18; 4990 src tok/s; 5185 tgt tok/s;     34 s elapsed
Epoch  5,   250/  454; acc:  65.34; ppl:   6.09; 4907 src tok/s; 5121 tgt tok/s;     42 s elapsed
Epoch  5,   300/  454; acc:  66.03; ppl:   5.85; 4960 src tok/s; 5129 tgt tok/s;     51 s elapsed
Epoch  5,   350/  454; acc:  65.56; ppl:   6.02; 4854 src tok/s; 5047 tgt tok/s;     59 s elapsed
Epoch  5,   400/  454; acc:  66.10; ppl:   5.81; 4987 src tok/s; 5164 tgt tok/s;     68 s elapsed
Epoch  5,   450/  454; acc:  65.36; ppl:   6.08; 4870 src tok/s; 5033 tgt tok/s;     76 s elapsed
Train perplexity: 5.98963
Train accuracy: 65.6364
Validation perplexity: 7.49647
Validation accuracy: 64.1621

Epoch  6,    50/  454; acc:  69.15; ppl:   4.58; 5114 src tok/s; 5313 tgt tok/s;      8 s elapsed
Epoch  6,   100/  454; acc:  68.31; ppl:   4.81; 4778 src tok/s; 4962 tgt tok/s;     17 s elapsed
Epoch  6,   150/  454; acc:  67.73; ppl:   4.94; 4907 src tok/s; 5116 tgt tok/s;     26 s elapsed
Epoch  6,   200/  454; acc:  68.72; ppl:   4.63; 4934 src tok/s; 5158 tgt tok/s;     34 s elapsed
Epoch  6,   250/  454; acc:  68.14; ppl:   4.89; 4988 src tok/s; 5133 tgt tok/s;     42 s elapsed
Epoch  6,   300/  454; acc:  68.28; ppl:   4.83; 4984 src tok/s; 5169 tgt tok/s;     51 s elapsed
Epoch  6,   350/  454; acc:  66.70; ppl:   5.27; 4962 src tok/s; 5136 tgt tok/s;     60 s elapsed
Epoch  6,   400/  454; acc:  69.14; ppl:   4.61; 4953 src tok/s; 5156 tgt tok/s;     68 s elapsed
Epoch  6,   450/  454; acc:  68.26; ppl:   4.83; 4969 src tok/s; 5138 tgt tok/s;     76 s elapsed
Train perplexity: 4.82426
Train accuracy: 68.2421
Validation perplexity: 6.77357
Validation accuracy: 66.3403

Epoch  7,    50/  454; acc:  72.05; ppl:   3.70; 4737 src tok/s; 4929 tgt tok/s;      9 s elapsed
Epoch  7,   100/  454; acc:  70.49; ppl:   4.01; 5080 src tok/s; 5253 tgt tok/s;     17 s elapsed
Epoch  7,   150/  454; acc:  71.11; ppl:   3.89; 4808 src tok/s; 4999 tgt tok/s;     26 s elapsed
Epoch  7,   200/  454; acc:  70.02; ppl:   4.10; 4905 src tok/s; 5069 tgt tok/s;     34 s elapsed
Epoch  7,   250/  454; acc:  70.21; ppl:   4.13; 4933 src tok/s; 5086 tgt tok/s;     43 s elapsed
Epoch  7,   300/  454; acc:  69.99; ppl:   4.16; 4990 src tok/s; 5189 tgt tok/s;     51 s elapsed
Epoch  7,   350/  454; acc:  69.30; ppl:   4.28; 5030 src tok/s; 5219 tgt tok/s;     60 s elapsed
Epoch  7,   400/  454; acc:  70.57; ppl:   3.99; 5041 src tok/s; 5256 tgt tok/s;     68 s elapsed
Epoch  7,   450/  454; acc:  69.78; ppl:   4.19; 4807 src tok/s; 5007 tgt tok/s;     77 s elapsed
Train perplexity: 4.05005
Train accuracy: 70.3828
Validation perplexity: 6.67537
Validation accuracy: 66.8937

Epoch  8,    50/  454; acc:  74.03; ppl:   3.18; 4872 src tok/s; 5025 tgt tok/s;      9 s elapsed
Epoch  8,   100/  454; acc:  73.33; ppl:   3.29; 4881 src tok/s; 5067 tgt tok/s;     17 s elapsed
Epoch  8,   150/  454; acc:  72.77; ppl:   3.42; 4949 src tok/s; 5132 tgt tok/s;     26 s elapsed
Epoch  8,   200/  454; acc:  71.68; ppl:   3.58; 4913 src tok/s; 5111 tgt tok/s;     34 s elapsed
Epoch  8,   250/  454; acc:  71.43; ppl:   3.68; 4961 src tok/s; 5151 tgt tok/s;     43 s elapsed
Epoch  8,   300/  454; acc:  72.31; ppl:   3.48; 4996 src tok/s; 5208 tgt tok/s;     51 s elapsed
Epoch  8,   350/  454; acc:  70.99; ppl:   3.72; 4979 src tok/s; 5137 tgt tok/s;     60 s elapsed
Epoch  8,   400/  454; acc:  72.03; ppl:   3.51; 4817 src tok/s; 5018 tgt tok/s;     68 s elapsed
Epoch  8,   450/  454; acc:  71.70; ppl:   3.67; 4948 src tok/s; 5132 tgt tok/s;     77 s elapsed
Train perplexity: 3.49679
Train accuracy: 72.2635
Validation perplexity: 6.79588
Validation accuracy: 66.9505
Decaying learning rate to 0.5

Epoch  9,    50/  454; acc:  77.31; ppl:   2.62; 4525 src tok/s; 4710 tgt tok/s;      9 s elapsed
Epoch  9,   100/  454; acc:  76.89; ppl:   2.69; 4953 src tok/s; 5124 tgt tok/s;     18 s elapsed
Epoch  9,   150/  454; acc:  77.78; ppl:   2.57; 4968 src tok/s; 5187 tgt tok/s;     26 s elapsed
Epoch  9,   200/  454; acc:  77.19; ppl:   2.63; 4790 src tok/s; 4981 tgt tok/s;     35 s elapsed
Epoch  9,   250/  454; acc:  77.85; ppl:   2.56; 5007 src tok/s; 5182 tgt tok/s;     43 s elapsed
Epoch  9,   300/  454; acc:  77.14; ppl:   2.68; 4809 src tok/s; 4992 tgt tok/s;     52 s elapsed
Epoch  9,   350/  454; acc:  76.96; ppl:   2.71; 4923 src tok/s; 5089 tgt tok/s;     61 s elapsed
Epoch  9,   400/  454; acc:  77.47; ppl:   2.58; 4915 src tok/s; 5093 tgt tok/s;     69 s elapsed
Epoch  9,   450/  454; acc:  77.22; ppl:   2.62; 4789 src tok/s; 4974 tgt tok/s;     78 s elapsed
Train perplexity: 2.62889
Train accuracy: 77.3085
Validation perplexity: 6.06784
Validation accuracy: 69.1074
Decaying learning rate to 0.25

Epoch 10,    50/  454; acc:  81.47; ppl:   2.15; 4951 src tok/s; 5126 tgt tok/s;      8 s elapsed
Epoch 10,   100/  454; acc:  80.81; ppl:   2.22; 5043 src tok/s; 5230 tgt tok/s;     17 s elapsed
Epoch 10,   150/  454; acc:  81.05; ppl:   2.20; 4940 src tok/s; 5124 tgt tok/s;     25 s elapsed
Epoch 10,   200/  454; acc:  81.79; ppl:   2.12; 5008 src tok/s; 5190 tgt tok/s;     34 s elapsed
Epoch 10,   250/  454; acc:  81.14; ppl:   2.19; 5055 src tok/s; 5241 tgt tok/s;     42 s elapsed
Epoch 10,   300/  454; acc:  80.76; ppl:   2.19; 4943 src tok/s; 5135 tgt tok/s;     50 s elapsed
Epoch 10,   350/  454; acc:  80.97; ppl:   2.18; 4885 src tok/s; 5093 tgt tok/s;     59 s elapsed
Epoch 10,   400/  454; acc:  80.58; ppl:   2.23; 4797 src tok/s; 4963 tgt tok/s;     68 s elapsed
Epoch 10,   450/  454; acc:  80.62; ppl:   2.23; 4824 src tok/s; 5035 tgt tok/s;     76 s elapsed
Train perplexity: 2.18806
Train accuracy: 81.0206
Validation perplexity: 6.12458
Validation accuracy: 69.1074
Decaying learning rate to 0.125

Epoch 11,    50/  454; acc:  83.73; ppl:   1.93; 4760 src tok/s; 4952 tgt tok/s;      9 s elapsed
Epoch 11,   100/  454; acc:  82.66; ppl:   2.03; 4933 src tok/s; 5092 tgt tok/s;     17 s elapsed
Epoch 11,   150/  454; acc:  83.57; ppl:   1.93; 4949 src tok/s; 5148 tgt tok/s;     26 s elapsed
Epoch 11,   200/  454; acc:  82.92; ppl:   2.02; 4833 src tok/s; 5016 tgt tok/s;     34 s elapsed
Epoch 11,   250/  454; acc:  83.64; ppl:   1.91; 4794 src tok/s; 5006 tgt tok/s;     43 s elapsed
Epoch 11,   300/  454; acc:  82.40; ppl:   2.07; 5041 src tok/s; 5223 tgt tok/s;     51 s elapsed
Epoch 11,   350/  454; acc:  83.24; ppl:   1.97; 5115 src tok/s; 5304 tgt tok/s;     60 s elapsed
Epoch 11,   400/  454; acc:  82.92; ppl:   2.01; 5035 src tok/s; 5213 tgt tok/s;     68 s elapsed
Epoch 11,   450/  454; acc:  82.72; ppl:   2.03; 4877 src tok/s; 5061 tgt tok/s;     77 s elapsed
Train perplexity: 1.99109
Train accuracy: 83.0866
Validation perplexity: 6.12771
Validation accuracy: 69.3841
Decaying learning rate to 0.0625

Epoch 12,    50/  454; acc:  85.29; ppl:   1.81; 5011 src tok/s; 5228 tgt tok/s;      8 s elapsed
Epoch 12,   100/  454; acc:  83.60; ppl:   1.97; 4903 src tok/s; 5042 tgt tok/s;     17 s elapsed
Epoch 12,   150/  454; acc:  84.74; ppl:   1.84; 5005 src tok/s; 5203 tgt tok/s;     25 s elapsed
Epoch 12,   200/  454; acc:  83.60; ppl:   1.95; 4970 src tok/s; 5157 tgt tok/s;     34 s elapsed
Epoch 12,   250/  454; acc:  83.70; ppl:   1.95; 4977 src tok/s; 5155 tgt tok/s;     42 s elapsed
Epoch 12,   300/  454; acc:  84.91; ppl:   1.83; 4968 src tok/s; 5166 tgt tok/s;     51 s elapsed
Epoch 12,   350/  454; acc:  83.39; ppl:   1.98; 5019 src tok/s; 5200 tgt tok/s;     59 s elapsed
Epoch 12,   400/  454; acc:  84.28; ppl:   1.85; 4972 src tok/s; 5174 tgt tok/s;     67 s elapsed
Epoch 12,   450/  454; acc:  83.72; ppl:   1.93; 4798 src tok/s; 4981 tgt tok/s;     76 s elapsed
Train perplexity: 1.89903
Train accuracy: 84.1568
Validation perplexity: 6.14853
Validation accuracy: 69.7318
Decaying learning rate to 0.03125

Epoch 13,    50/  454; acc:  85.50; ppl:   1.79; 5087 src tok/s; 5292 tgt tok/s;      8 s elapsed
Epoch 13,   100/  454; acc:  84.18; ppl:   1.92; 3379 src tok/s; 3495 tgt tok/s;     21 s elapsed
Epoch 13,   150/  454; acc:  84.20; ppl:   1.91; 2761 src tok/s; 2868 tgt tok/s;     36 s elapsed
Epoch 13,   200/  454; acc:  85.45; ppl:   1.78; 2890 src tok/s; 3018 tgt tok/s;     50 s elapsed
Epoch 13,   250/  454; acc:  86.03; ppl:   1.73; 3613 src tok/s; 3771 tgt tok/s;     61 s elapsed
Epoch 13,   300/  454; acc:  83.44; ppl:   1.98; 3829 src tok/s; 3941 tgt tok/s;     73 s elapsed
Epoch 13,   350/  454; acc:  85.21; ppl:   1.83; 3990 src tok/s; 4164 tgt tok/s;     83 s elapsed
Epoch 13,   400/  454; acc:  84.29; ppl:   1.90; 3973 src tok/s; 4100 tgt tok/s;     94 s elapsed
Epoch 13,   450/  454; acc:  84.57; ppl:   1.87; 4667 src tok/s; 4825 tgt tok/s;    103 s elapsed
Train perplexity: 1.85582
Train accuracy: 84.7625
Validation perplexity: 6.1859
Validation accuracy: 69.4267
Decaying learning rate to 0.015625

Epoch 14,    50/  454; acc:  84.73; ppl:   1.86; 4975 src tok/s; 5149 tgt tok/s;      9 s elapsed
Epoch 14,   100/  454; acc:  85.21; ppl:   1.82; 5061 src tok/s; 5264 tgt tok/s;     17 s elapsed
Epoch 14,   150/  454; acc:  84.85; ppl:   1.88; 4957 src tok/s; 5140 tgt tok/s;     25 s elapsed
Epoch 14,   200/  454; acc:  85.30; ppl:   1.80; 4977 src tok/s; 5172 tgt tok/s;     34 s elapsed
Epoch 14,   250/  454; acc:  84.94; ppl:   1.84; 5015 src tok/s; 5195 tgt tok/s;     42 s elapsed
Epoch 14,   300/  454; acc:  85.19; ppl:   1.83; 4912 src tok/s; 5110 tgt tok/s;     51 s elapsed
Epoch 14,   350/  454; acc:  85.20; ppl:   1.81; 4956 src tok/s; 5154 tgt tok/s;     59 s elapsed
Epoch 14,   400/  454; acc:  85.33; ppl:   1.81; 4892 src tok/s; 5066 tgt tok/s;     68 s elapsed
Epoch 14,   450/  454; acc:  85.20; ppl:   1.80; 4645 src tok/s; 4819 tgt tok/s;     76 s elapsed
Train perplexity: 1.83078
Train accuracy: 85.0833
Validation perplexity: 6.21757
Validation accuracy: 69.3983
Decaying learning rate to 0.0078125

Epoch 15,    50/  454; acc:  85.31; ppl:   1.81; 4925 src tok/s; 5131 tgt tok/s;      8 s elapsed
Epoch 15,   100/  454; acc:  85.17; ppl:   1.81; 4928 src tok/s; 5088 tgt tok/s;     17 s elapsed
Epoch 15,   150/  454; acc:  85.03; ppl:   1.83; 4833 src tok/s; 5043 tgt tok/s;     26 s elapsed
Epoch 15,   200/  454; acc:  85.76; ppl:   1.77; 5138 src tok/s; 5315 tgt tok/s;     34 s elapsed
Epoch 15,   250/  454; acc:  85.78; ppl:   1.78; 4882 src tok/s; 5081 tgt tok/s;     42 s elapsed
Epoch 15,   300/  454; acc:  84.27; ppl:   1.91; 5096 src tok/s; 5277 tgt tok/s;     51 s elapsed
Epoch 15,   350/  454; acc:  83.99; ppl:   1.93; 4893 src tok/s; 5071 tgt tok/s;     59 s elapsed
Epoch 15,   400/  454; acc:  86.42; ppl:   1.72; 5000 src tok/s; 5205 tgt tok/s;     68 s elapsed
Epoch 15,   450/  454; acc:  84.68; ppl:   1.86; 4796 src tok/s; 4958 tgt tok/s;     76 s elapsed
Train perplexity: 1.82153
Train accuracy: 85.168
Validation perplexity: 6.21745
Validation accuracy: 69.3345
Decaying learning rate to 0.00390625

Epoch 16,    50/  454; acc:  85.62; ppl:   1.79; 4921 src tok/s; 5118 tgt tok/s;      8 s elapsed
Epoch 16,   100/  454; acc:  84.94; ppl:   1.86; 4935 src tok/s; 5100 tgt tok/s;     17 s elapsed
Epoch 16,   150/  454; acc:  85.62; ppl:   1.79; 4994 src tok/s; 5187 tgt tok/s;     25 s elapsed
Epoch 16,   200/  454; acc:  84.94; ppl:   1.84; 4982 src tok/s; 5155 tgt tok/s;     34 s elapsed
Epoch 16,   250/  454; acc:  84.81; ppl:   1.86; 5062 src tok/s; 5214 tgt tok/s;     42 s elapsed
Epoch 16,   300/  454; acc:  86.30; ppl:   1.74; 5002 src tok/s; 5236 tgt tok/s;     50 s elapsed
Epoch 16,   350/  454; acc:  84.78; ppl:   1.84; 4986 src tok/s; 5160 tgt tok/s;     59 s elapsed
Epoch 16,   400/  454; acc:  85.76; ppl:   1.80; 4829 src tok/s; 5027 tgt tok/s;     68 s elapsed
Epoch 16,   450/  454; acc:  85.81; ppl:   1.75; 4653 src tok/s; 4869 tgt tok/s;     76 s elapsed
Train perplexity: 1.81684
Train accuracy: 85.299
Validation perplexity: 6.22141
Validation accuracy: 69.3841
Decaying learning rate to 0.00195312

Epoch 17,    50/  454; acc:  85.02; ppl:   1.84; 4941 src tok/s; 5122 tgt tok/s;      9 s elapsed
Epoch 17,   100/  454; acc:  85.87; ppl:   1.75; 4984 src tok/s; 5188 tgt tok/s;     17 s elapsed
Epoch 17,   150/  454; acc:  85.73; ppl:   1.78; 4907 src tok/s; 5090 tgt tok/s;     25 s elapsed
Epoch 17,   200/  454; acc:  85.02; ppl:   1.85; 4825 src tok/s; 4997 tgt tok/s;     34 s elapsed
Epoch 17,   250/  454; acc:  86.42; ppl:   1.74; 4827 src tok/s; 5066 tgt tok/s;     42 s elapsed
Epoch 17,   300/  454; acc:  84.25; ppl:   1.88; 5199 src tok/s; 5371 tgt tok/s;     51 s elapsed
Epoch 17,   350/  454; acc:  85.21; ppl:   1.81; 5002 src tok/s; 5177 tgt tok/s;     59 s elapsed
Epoch 17,   400/  454; acc:  85.39; ppl:   1.82; 4953 src tok/s; 5136 tgt tok/s;     68 s elapsed
Epoch 17,   450/  454; acc:  85.23; ppl:   1.83; 4716 src tok/s; 4894 tgt tok/s;     76 s elapsed
Train perplexity: 1.81281
Train accuracy: 85.3276
Validation perplexity: 6.22521
Validation accuracy: 69.3912
Decaying learning rate to 0.000976562
