<module 'opts' from '/u/suhubdyd/research/projects/jumble_lstm/code/auxiliary-nmt/opts.pyc'>
Namespace(batch_size=64, brnn=False, brnn_merge='concat', cnn_kernel_width=3, context_gate=None, copy_attn=False, copy_attn_force=False, coverage_attn=False, data='/data/lisatmp3/suhubdyd/multi30k.atok.low', dec_layers=1, decay_method='', decoder_type='rnn', dropout=0.3, enc_layers=2, encoder_type='rnn', epochs=17, exp='', exp_host='', feat_merge='concat', feat_vec_exponent=0.7, feat_vec_size=-1, fix_word_vecs_dec=False, fix_word_vecs_enc=False, global_attention='general', gpuid=[0], input_feed=1, kappa_dec=0.15, kappa_enc=0.1, lambda_coverage=1, layers=-1, learning_rate=1.0, learning_rate_decay=0.5, max_generator_batches=32, max_grad_norm=5, model_type='text', optim='sgd', param_init=0.1, position_encoding=False, pre_word_vecs_dec=None, pre_word_vecs_enc=None, report_every=50, rnn_size=500, rnn_type='LSTM', save_model='/data/lisatmp3/suhubdyd/models/encoder0.10decoder0.15dropout0.3wdropFalse', seed=-1, share_decoder_embeddings=False, share_embeddings=False, src_word_vec_size=500, start_checkpoint_at=0, start_decay_at=8, start_epoch=1, tgt_word_vec_size=500, train_from='', truncated_decoder=0, warmup_steps=4000, weightdropout=False, word_vec_size=-1)
('Using Kappa L2 loss on encoder', 0.1)
('Using Kappa L2 loss on decoder', 0.15)
Loading train and validate data from '/data/lisatmp3/suhubdyd/multi30k.atok.low'
 * number of training sentences: 29000
 * maximum batch size: 64
 * vocabulary size. source = 10841; target = 18563
Building model...
Intializing model parameters.
NMTModel (
  (encoder): RNNEncoder (
    (embeddings): Embeddings (
      (make_embedding): Sequential (
        (emb_luts): Elementwise (
          (0): Embedding(10841, 500, padding_idx=1)
        )
      )
    )
    (dropout): Dropout (p = 0.3)
    (rnn): LSTM(500, 500, dropout=0.3)
  )
  (decoder): InputFeedRNNDecoder (
    (embeddings): Embeddings (
      (make_embedding): Sequential (
        (emb_luts): Elementwise (
          (0): Embedding(18563, 500, padding_idx=1)
        )
      )
    )
    (dropout): Dropout (p = 0.3)
    (rnn): StackedLSTM (
      (dropout): Dropout (p = 0.3)
      (layers): ModuleList (
        (0): LSTMCell(1000, 500)
      )
    )
    (attn): GlobalAttention (
      (linear_in): Linear (500 -> 500)
      (linear_out): Linear (1000 -> 500)
      (sm): Softmax ()
      (tanh): Tanh ()
    )
  )
  (generator): Sequential (
    (0): Linear (500 -> 18563)
    (1): LogSoftmax ()
  )
)
* number of parameters: 29760063
('encoder: ', 7424500)
('decoder: ', 22335563)

Epoch  1,    50/  454; acc:   8.51; ppl: 9850.56; 5608 src tok/s; 5798 tgt tok/s;      8 s elapsed
Epoch  1,   100/  454; acc:  14.90; ppl: 1617.42; 5894 src tok/s; 6102 tgt tok/s;     15 s elapsed
Epoch  1,   150/  454; acc:  18.43; ppl: 493.68; 5951 src tok/s; 6162 tgt tok/s;     22 s elapsed
Epoch  1,   200/  454; acc:  22.02; ppl: 250.54; 5849 src tok/s; 6101 tgt tok/s;     29 s elapsed
Epoch  1,   250/  454; acc:  24.82; ppl: 168.17; 5978 src tok/s; 6177 tgt tok/s;     36 s elapsed
Epoch  1,   300/  454; acc:  27.86; ppl: 116.95; 5837 src tok/s; 6089 tgt tok/s;     43 s elapsed
Epoch  1,   350/  454; acc:  29.95; ppl:  93.09; 5965 src tok/s; 6192 tgt tok/s;     50 s elapsed
Epoch  1,   400/  454; acc:  31.24; ppl:  81.86; 5876 src tok/s; 6122 tgt tok/s;     57 s elapsed
Epoch  1,   450/  454; acc:  33.07; ppl:  69.22; 5942 src tok/s; 6157 tgt tok/s;     64 s elapsed
Train perplexity: 298.32
Train accuracy: 23.488
Validation perplexity: 52.0952
Validation accuracy: 37.0016

Epoch  2,    50/  454; acc:  36.22; ppl:  51.36; 5812 src tok/s; 6049 tgt tok/s;      7 s elapsed
Epoch  2,   100/  454; acc:  36.99; ppl:  48.42; 5920 src tok/s; 6149 tgt tok/s;     14 s elapsed
Epoch  2,   150/  454; acc:  40.16; ppl:  39.85; 5972 src tok/s; 6197 tgt tok/s;     21 s elapsed
Epoch  2,   200/  454; acc:  41.95; ppl:  34.90; 5931 src tok/s; 6136 tgt tok/s;     28 s elapsed
Epoch  2,   250/  454; acc:  44.77; ppl:  28.51; 5848 src tok/s; 6065 tgt tok/s;     36 s elapsed
Epoch  2,   300/  454; acc:  47.71; ppl:  24.09; 5931 src tok/s; 6174 tgt tok/s;     43 s elapsed
Epoch  2,   350/  454; acc:  49.54; ppl:  21.48; 5808 src tok/s; 6060 tgt tok/s;     50 s elapsed
Epoch  2,   400/  454; acc:  48.92; ppl:  21.97; 5821 src tok/s; 6007 tgt tok/s;     57 s elapsed
Epoch  2,   450/  454; acc:  51.09; ppl:  19.21; 5944 src tok/s; 6144 tgt tok/s;     64 s elapsed
Train perplexity: 30.1721
Train accuracy: 44.2183
Validation perplexity: 15.461
Validation accuracy: 54.8673

Epoch  3,    50/  454; acc:  54.44; ppl:  14.88; 5898 src tok/s; 6130 tgt tok/s;      7 s elapsed
Epoch  3,   100/  454; acc:  54.15; ppl:  14.41; 5827 src tok/s; 6061 tgt tok/s;     14 s elapsed
Epoch  3,   150/  454; acc:  54.95; ppl:  14.01; 5978 src tok/s; 6202 tgt tok/s;     22 s elapsed
Epoch  3,   200/  454; acc:  56.43; ppl:  12.75; 5882 src tok/s; 6105 tgt tok/s;     28 s elapsed
Epoch  3,   250/  454; acc:  57.43; ppl:  11.98; 6021 src tok/s; 6240 tgt tok/s;     36 s elapsed
Epoch  3,   300/  454; acc:  57.73; ppl:  11.74; 5733 src tok/s; 5968 tgt tok/s;     43 s elapsed
Epoch  3,   350/  454; acc:  58.48; ppl:  11.16; 5993 src tok/s; 6225 tgt tok/s;     50 s elapsed
Epoch  3,   400/  454; acc:  57.75; ppl:  11.62; 5906 src tok/s; 6115 tgt tok/s;     57 s elapsed
Epoch  3,   450/  454; acc:  58.26; ppl:  11.53; 5922 src tok/s; 6121 tgt tok/s;     64 s elapsed
Train perplexity: 12.6015
Train accuracy: 56.6271
Validation perplexity: 9.94034
Validation accuracy: 61.0756

Epoch  4,    50/  454; acc:  61.38; ppl:   8.63; 5989 src tok/s; 6168 tgt tok/s;      7 s elapsed
Epoch  4,   100/  454; acc:  61.67; ppl:   8.67; 5900 src tok/s; 6105 tgt tok/s;     14 s elapsed
Epoch  4,   150/  454; acc:  61.93; ppl:   8.38; 5853 src tok/s; 6057 tgt tok/s;     21 s elapsed
Epoch  4,   200/  454; acc:  61.33; ppl:   8.63; 4995 src tok/s; 5201 tgt tok/s;     30 s elapsed
Epoch  4,   250/  454; acc:  62.65; ppl:   8.01; 5883 src tok/s; 6191 tgt tok/s;     36 s elapsed
Epoch  4,   300/  454; acc:  61.18; ppl:   8.60; 6017 src tok/s; 6201 tgt tok/s;     44 s elapsed
Epoch  4,   350/  454; acc:  61.91; ppl:   8.35; 6010 src tok/s; 6204 tgt tok/s;     51 s elapsed
Epoch  4,   400/  454; acc:  63.19; ppl:   7.64; 5939 src tok/s; 6217 tgt tok/s;     58 s elapsed
Epoch  4,   450/  454; acc:  63.09; ppl:   7.77; 5836 src tok/s; 6079 tgt tok/s;     65 s elapsed
Train perplexity: 8.30147
Train accuracy: 62.0073
Validation perplexity: 8.45878
Validation accuracy: 62.8991

Epoch  5,    50/  454; acc:  66.31; ppl:   5.95; 5365 src tok/s; 5617 tgt tok/s;      7 s elapsed
Epoch  5,   100/  454; acc:  64.62; ppl:   6.57; 5964 src tok/s; 6153 tgt tok/s;     15 s elapsed
Epoch  5,   150/  454; acc:  65.40; ppl:   6.35; 5963 src tok/s; 6170 tgt tok/s;     22 s elapsed
Epoch  5,   200/  454; acc:  65.84; ppl:   6.18; 5735 src tok/s; 5965 tgt tok/s;     29 s elapsed
Epoch  5,   250/  454; acc:  64.61; ppl:   6.52; 5770 src tok/s; 6000 tgt tok/s;     37 s elapsed
Epoch  5,   300/  454; acc:  65.53; ppl:   6.32; 5857 src tok/s; 6073 tgt tok/s;     44 s elapsed
Epoch  5,   350/  454; acc:  64.35; ppl:   6.67; 5877 src tok/s; 6041 tgt tok/s;     51 s elapsed
Epoch  5,   400/  454; acc:  66.39; ppl:   5.79; 5783 src tok/s; 6058 tgt tok/s;     58 s elapsed
Epoch  5,   450/  454; acc:  65.38; ppl:   6.30; 5793 src tok/s; 6001 tgt tok/s;     65 s elapsed
Train perplexity: 6.29125
Train accuracy: 65.3766
Validation perplexity: 7.00674
Validation accuracy: 66.4609

Epoch  6,    50/  454; acc:  68.42; ppl:   4.95; 5819 src tok/s; 6064 tgt tok/s;      7 s elapsed
Epoch  6,   100/  454; acc:  68.60; ppl:   4.92; 5822 src tok/s; 6035 tgt tok/s;     14 s elapsed
Epoch  6,   150/  454; acc:  66.64; ppl:   5.40; 5839 src tok/s; 6013 tgt tok/s;     22 s elapsed
Epoch  6,   200/  454; acc:  68.89; ppl:   4.76; 5777 src tok/s; 6037 tgt tok/s;     29 s elapsed
Epoch  6,   250/  454; acc:  67.27; ppl:   5.32; 5710 src tok/s; 5900 tgt tok/s;     36 s elapsed
Epoch  6,   300/  454; acc:  68.22; ppl:   4.98; 5859 src tok/s; 6088 tgt tok/s;     43 s elapsed
Epoch  6,   350/  454; acc:  67.79; ppl:   5.14; 5876 src tok/s; 6139 tgt tok/s;     50 s elapsed
Epoch  6,   400/  454; acc:  66.84; ppl:   5.36; 5988 src tok/s; 6212 tgt tok/s;     58 s elapsed
Epoch  6,   450/  454; acc:  68.26; ppl:   5.02; 5950 src tok/s; 6170 tgt tok/s;     64 s elapsed
Train perplexity: 5.10378
Train accuracy: 67.833
Validation perplexity: 6.67307
Validation accuracy: 66.468

Epoch  7,    50/  454; acc:  71.25; ppl:   3.98; 5795 src tok/s; 6030 tgt tok/s;      7 s elapsed
Epoch  7,   100/  454; acc:  69.99; ppl:   4.25; 5834 src tok/s; 6023 tgt tok/s;     14 s elapsed
Epoch  7,   150/  454; acc:  70.02; ppl:   4.24; 5880 src tok/s; 6101 tgt tok/s;     22 s elapsed
Epoch  7,   200/  454; acc:  70.45; ppl:   4.20; 5849 src tok/s; 6098 tgt tok/s;     29 s elapsed
Epoch  7,   250/  454; acc:  69.58; ppl:   4.40; 6035 src tok/s; 6248 tgt tok/s;     36 s elapsed
Epoch  7,   300/  454; acc:  69.79; ppl:   4.27; 5887 src tok/s; 6100 tgt tok/s;     43 s elapsed
Epoch  7,   350/  454; acc:  69.87; ppl:   4.32; 5918 src tok/s; 6181 tgt tok/s;     50 s elapsed
Epoch  7,   400/  454; acc:  68.76; ppl:   4.55; 6041 src tok/s; 6220 tgt tok/s;     57 s elapsed
Epoch  7,   450/  454; acc:  69.35; ppl:   4.45; 5874 src tok/s; 6118 tgt tok/s;     64 s elapsed
Train perplexity: 4.29768
Train accuracy: 69.8879
Validation perplexity: 6.50958
Validation accuracy: 67.1775

Epoch  8,    50/  454; acc:  73.10; ppl:   3.47; 6052 src tok/s; 6294 tgt tok/s;      7 s elapsed
Epoch  8,   100/  454; acc:  72.52; ppl:   3.60; 5817 src tok/s; 6043 tgt tok/s;     14 s elapsed
Epoch  8,   150/  454; acc:  71.63; ppl:   3.75; 5944 src tok/s; 6113 tgt tok/s;     21 s elapsed
Epoch  8,   200/  454; acc:  72.28; ppl:   3.63; 6157 src tok/s; 6379 tgt tok/s;     28 s elapsed
Epoch  8,   250/  454; acc:  72.55; ppl:   3.52; 6080 src tok/s; 6368 tgt tok/s;     35 s elapsed
Epoch  8,   300/  454; acc:  70.88; ppl:   3.87; 6025 src tok/s; 6227 tgt tok/s;     42 s elapsed
Epoch  8,   350/  454; acc:  70.79; ppl:   3.95; 6053 src tok/s; 6301 tgt tok/s;     49 s elapsed
Epoch  8,   400/  454; acc:  71.27; ppl:   3.85; 6023 src tok/s; 6261 tgt tok/s;     56 s elapsed
Epoch  8,   450/  454; acc:  70.82; ppl:   3.96; 6081 src tok/s; 6300 tgt tok/s;     63 s elapsed
Train perplexity: 3.72505
Train accuracy: 71.7645
Validation perplexity: 6.5315
Validation accuracy: 67.7097
Decaying learning rate to 0.5

Epoch  9,    50/  454; acc:  76.48; ppl:   2.87; 5663 src tok/s; 5819 tgt tok/s;      8 s elapsed
Epoch  9,   100/  454; acc:  76.89; ppl:   2.77; 6000 src tok/s; 6257 tgt tok/s;     14 s elapsed
Epoch  9,   150/  454; acc:  77.13; ppl:   2.72; 5849 src tok/s; 6136 tgt tok/s;     21 s elapsed
Epoch  9,   200/  454; acc:  76.03; ppl:   2.90; 5973 src tok/s; 6193 tgt tok/s;     29 s elapsed
Epoch  9,   250/  454; acc:  76.55; ppl:   2.80; 5844 src tok/s; 6042 tgt tok/s;     36 s elapsed
Epoch  9,   300/  454; acc:  76.97; ppl:   2.73; 5989 src tok/s; 6230 tgt tok/s;     43 s elapsed
Epoch  9,   350/  454; acc:  76.95; ppl:   2.76; 5959 src tok/s; 6177 tgt tok/s;     50 s elapsed
Epoch  9,   400/  454; acc:  76.02; ppl:   2.90; 5901 src tok/s; 6115 tgt tok/s;     57 s elapsed
Epoch  9,   450/  454; acc:  76.21; ppl:   2.82; 5941 src tok/s; 6160 tgt tok/s;     64 s elapsed
Train perplexity: 2.80923
Train accuracy: 76.5705
Validation perplexity: 6.06263
Validation accuracy: 69.0861
Decaying learning rate to 0.25

Epoch 10,    50/  454; acc:  79.23; ppl:   2.46; 6049 src tok/s; 6204 tgt tok/s;      7 s elapsed
Epoch 10,   100/  454; acc:  81.52; ppl:   2.18; 5869 src tok/s; 6158 tgt tok/s;     14 s elapsed
Epoch 10,   150/  454; acc:  80.55; ppl:   2.29; 5998 src tok/s; 6234 tgt tok/s;     21 s elapsed
Epoch 10,   200/  454; acc:  80.30; ppl:   2.28; 5949 src tok/s; 6194 tgt tok/s;     28 s elapsed
Epoch 10,   250/  454; acc:  80.01; ppl:   2.34; 5830 src tok/s; 6059 tgt tok/s;     35 s elapsed
Epoch 10,   300/  454; acc:  79.79; ppl:   2.35; 6092 src tok/s; 6298 tgt tok/s;     42 s elapsed
Epoch 10,   350/  454; acc:  79.38; ppl:   2.38; 5991 src tok/s; 6185 tgt tok/s;     49 s elapsed
Epoch 10,   400/  454; acc:  79.91; ppl:   2.29; 5894 src tok/s; 6155 tgt tok/s;     56 s elapsed
Epoch 10,   450/  454; acc:  79.46; ppl:   2.41; 5910 src tok/s; 6107 tgt tok/s;     63 s elapsed
Train perplexity: 2.32799
Train accuracy: 80.0254
Validation perplexity: 6.06129
Validation accuracy: 69.746
Decaying learning rate to 0.125

Epoch 11,    50/  454; acc:  80.83; ppl:   2.24; 6032 src tok/s; 6190 tgt tok/s;      8 s elapsed
Epoch 11,   100/  454; acc:  84.03; ppl:   1.93; 5718 src tok/s; 6036 tgt tok/s;     14 s elapsed
Epoch 11,   150/  454; acc:  82.82; ppl:   2.04; 5942 src tok/s; 6222 tgt tok/s;     21 s elapsed
Epoch 11,   200/  454; acc:  81.31; ppl:   2.20; 6106 src tok/s; 6282 tgt tok/s;     28 s elapsed
Epoch 11,   250/  454; acc:  83.19; ppl:   1.98; 5910 src tok/s; 6193 tgt tok/s;     35 s elapsed
Epoch 11,   300/  454; acc:  81.19; ppl:   2.23; 5962 src tok/s; 6111 tgt tok/s;     42 s elapsed
Epoch 11,   350/  454; acc:  82.43; ppl:   2.08; 5870 src tok/s; 6116 tgt tok/s;     49 s elapsed
Epoch 11,   400/  454; acc:  81.20; ppl:   2.20; 5919 src tok/s; 6137 tgt tok/s;     57 s elapsed
Epoch 11,   450/  454; acc:  81.92; ppl:   2.11; 5763 src tok/s; 5967 tgt tok/s;     64 s elapsed
Train perplexity: 2.11181
Train accuracy: 82.0658
Validation perplexity: 6.1691
Validation accuracy: 69.5473
Decaying learning rate to 0.0625

Epoch 12,    50/  454; acc:  83.47; ppl:   1.97; 5893 src tok/s; 6124 tgt tok/s;      7 s elapsed
Epoch 12,   100/  454; acc:  83.10; ppl:   2.02; 5955 src tok/s; 6170 tgt tok/s;     14 s elapsed
Epoch 12,   150/  454; acc:  83.43; ppl:   1.99; 5976 src tok/s; 6234 tgt tok/s;     21 s elapsed
Epoch 12,   200/  454; acc:  82.97; ppl:   2.04; 5915 src tok/s; 6128 tgt tok/s;     28 s elapsed
Epoch 12,   250/  454; acc:  82.50; ppl:   2.07; 6067 src tok/s; 6270 tgt tok/s;     36 s elapsed
Epoch 12,   300/  454; acc:  83.83; ppl:   1.95; 5861 src tok/s; 6173 tgt tok/s;     42 s elapsed
Epoch 12,   350/  454; acc:  81.37; ppl:   2.20; 6173 src tok/s; 6317 tgt tok/s;     50 s elapsed
Epoch 12,   400/  454; acc:  84.46; ppl:   1.88; 5882 src tok/s; 6150 tgt tok/s;     56 s elapsed
Epoch 12,   450/  454; acc:  83.30; ppl:   1.98; 6033 src tok/s; 6233 tgt tok/s;     63 s elapsed
Train perplexity: 2.01243
Train accuracy: 83.1056
Validation perplexity: 6.26371
Validation accuracy: 69.6183
Decaying learning rate to 0.03125

Epoch 13,    50/  454; acc:  83.42; ppl:   1.99; 5915 src tok/s; 6100 tgt tok/s;      7 s elapsed
Epoch 13,   100/  454; acc:  84.28; ppl:   1.90; 5977 src tok/s; 6259 tgt tok/s;     14 s elapsed
Epoch 13,   150/  454; acc:  84.43; ppl:   1.90; 5784 src tok/s; 6063 tgt tok/s;     21 s elapsed
Epoch 13,   200/  454; acc:  82.87; ppl:   2.03; 6023 src tok/s; 6187 tgt tok/s;     28 s elapsed
Epoch 13,   250/  454; acc:  84.09; ppl:   1.93; 6016 src tok/s; 6253 tgt tok/s;     35 s elapsed
Epoch 13,   300/  454; acc:  83.21; ppl:   2.01; 6104 src tok/s; 6313 tgt tok/s;     42 s elapsed
Epoch 13,   350/  454; acc:  84.02; ppl:   1.93; 6045 src tok/s; 6293 tgt tok/s;     49 s elapsed
Epoch 13,   400/  454; acc:  83.17; ppl:   2.02; 5953 src tok/s; 6188 tgt tok/s;     56 s elapsed
Epoch 13,   450/  454; acc:  83.80; ppl:   1.98; 5908 src tok/s; 6115 tgt tok/s;     63 s elapsed
Train perplexity: 1.96286
Train accuracy: 83.7093
Validation perplexity: 6.30152
Validation accuracy: 69.7034
Decaying learning rate to 0.015625

Epoch 14,    50/  454; acc:  83.58; ppl:   1.98; 5920 src tok/s; 6156 tgt tok/s;      7 s elapsed
Epoch 14,   100/  454; acc:  84.02; ppl:   1.92; 6036 src tok/s; 6260 tgt tok/s;     14 s elapsed
Epoch 14,   150/  454; acc:  84.83; ppl:   1.83; 5887 src tok/s; 6146 tgt tok/s;     21 s elapsed
Epoch 14,   200/  454; acc:  82.98; ppl:   2.02; 6166 src tok/s; 6378 tgt tok/s;     28 s elapsed
Epoch 14,   250/  454; acc:  83.05; ppl:   2.04; 6104 src tok/s; 6315 tgt tok/s;     35 s elapsed
Epoch 14,   300/  454; acc:  85.25; ppl:   1.82; 5913 src tok/s; 6186 tgt tok/s;     42 s elapsed
Epoch 14,   350/  454; acc:  83.21; ppl:   2.01; 6058 src tok/s; 6220 tgt tok/s;     49 s elapsed
Epoch 14,   400/  454; acc:  84.86; ppl:   1.87; 5993 src tok/s; 6234 tgt tok/s;     56 s elapsed
Epoch 14,   450/  454; acc:  83.98; ppl:   1.93; 6012 src tok/s; 6245 tgt tok/s;     63 s elapsed
Train perplexity: 1.93542
Train accuracy: 83.9566
Validation perplexity: 6.32871
Validation accuracy: 69.6892
Decaying learning rate to 0.0078125

Epoch 15,    50/  454; acc:  85.13; ppl:   1.81; 5757 src tok/s; 6039 tgt tok/s;      7 s elapsed
Epoch 15,   100/  454; acc:  83.25; ppl:   2.04; 6023 src tok/s; 6217 tgt tok/s;     14 s elapsed
Epoch 15,   150/  454; acc:  83.76; ppl:   1.97; 6071 src tok/s; 6284 tgt tok/s;     21 s elapsed
Epoch 15,   200/  454; acc:  84.54; ppl:   1.88; 6161 src tok/s; 6381 tgt tok/s;     28 s elapsed
Epoch 15,   250/  454; acc:  83.87; ppl:   1.94; 6092 src tok/s; 6293 tgt tok/s;     35 s elapsed
Epoch 15,   300/  454; acc:  84.19; ppl:   1.93; 5920 src tok/s; 6172 tgt tok/s;     42 s elapsed
Epoch 15,   350/  454; acc:  83.72; ppl:   1.96; 6036 src tok/s; 6254 tgt tok/s;     49 s elapsed
Epoch 15,   400/  454; acc:  84.65; ppl:   1.88; 5981 src tok/s; 6211 tgt tok/s;     56 s elapsed
Epoch 15,   450/  454; acc:  83.69; ppl:   1.94; 5872 src tok/s; 6082 tgt tok/s;     63 s elapsed
Train perplexity: 1.92609
Train accuracy: 84.0781
Validation perplexity: 6.33139
Validation accuracy: 69.746
Decaying learning rate to 0.00390625

Epoch 16,    50/  454; acc:  84.26; ppl:   1.93; 6165 src tok/s; 6358 tgt tok/s;      7 s elapsed
Epoch 16,   100/  454; acc:  84.55; ppl:   1.89; 5962 src tok/s; 6205 tgt tok/s;     14 s elapsed
Epoch 16,   150/  454; acc:  83.68; ppl:   1.97; 5985 src tok/s; 6196 tgt tok/s;     21 s elapsed
Epoch 16,   200/  454; acc:  84.67; ppl:   1.86; 6079 src tok/s; 6328 tgt tok/s;     28 s elapsed
Epoch 16,   250/  454; acc:  83.26; ppl:   2.02; 5974 src tok/s; 6165 tgt tok/s;     35 s elapsed
Epoch 16,   300/  454; acc:  85.48; ppl:   1.82; 5870 src tok/s; 6133 tgt tok/s;     42 s elapsed
Epoch 16,   350/  454; acc:  83.43; ppl:   1.98; 5761 src tok/s; 5970 tgt tok/s;     49 s elapsed
Epoch 16,   400/  454; acc:  84.64; ppl:   1.86; 5963 src tok/s; 6219 tgt tok/s;     56 s elapsed
Epoch 16,   450/  454; acc:  83.54; ppl:   1.97; 5968 src tok/s; 6181 tgt tok/s;     63 s elapsed
Train perplexity: 1.91996
Train accuracy: 84.1738
Validation perplexity: 6.33772
Validation accuracy: 69.7176
Decaying learning rate to 0.00195312

Epoch 17,    50/  454; acc:  83.66; ppl:   1.97; 6057 src tok/s; 6243 tgt tok/s;      7 s elapsed
Epoch 17,   100/  454; acc:  84.77; ppl:   1.85; 5851 src tok/s; 6101 tgt tok/s;     14 s elapsed
Epoch 17,   150/  454; acc:  84.30; ppl:   1.90; 6001 src tok/s; 6232 tgt tok/s;     21 s elapsed
Epoch 17,   200/  454; acc:  83.94; ppl:   1.95; 5890 src tok/s; 6125 tgt tok/s;     28 s elapsed
Epoch 17,   250/  454; acc:  82.96; ppl:   2.01; 6070 src tok/s; 6255 tgt tok/s;     36 s elapsed
Epoch 17,   300/  454; acc:  85.54; ppl:   1.78; 5837 src tok/s; 6127 tgt tok/s;     42 s elapsed
Epoch 17,   350/  454; acc:  84.46; ppl:   1.92; 6076 src tok/s; 6331 tgt tok/s;     49 s elapsed
Epoch 17,   400/  454; acc:  83.75; ppl:   1.95; 6085 src tok/s; 6279 tgt tok/s;     56 s elapsed
Epoch 17,   450/  454; acc:  84.40; ppl:   1.90; 6036 src tok/s; 6262 tgt tok/s;     63 s elapsed
Train perplexity: 1.91683
Train accuracy: 84.1701
Validation perplexity: 6.33974
Validation accuracy: 69.7034
Decaying learning rate to 0.000976562
