<module 'opts' from '/u/suhubdyd/research/projects/jumble_lstm/code/auxiliary-nmt/opts.pyc'>
Namespace(batch_size=64, brnn=False, brnn_merge='concat', cnn_kernel_width=3, context_gate=None, copy_attn=False, copy_attn_force=False, coverage_attn=False, data='/data/lisatmp3/suhubdyd/multi30k.atok.low', dec_layers=1, decay_method='', decoder_type='rnn', dropout=0.3, enc_layers=2, encoder_type='rnn', epochs=17, exp='', exp_host='', feat_merge='concat', feat_vec_exponent=0.7, feat_vec_size=-1, fix_word_vecs_dec=False, fix_word_vecs_enc=False, global_attention='general', gpuid=[0], input_feed=1, kappa_dec=0.5, kappa_enc=0.4, lambda_coverage=1, layers=-1, learning_rate=1.0, learning_rate_decay=0.5, max_generator_batches=32, max_grad_norm=5, model_type='text', optim='sgd', param_init=0.1, position_encoding=False, pre_word_vecs_dec=None, pre_word_vecs_enc=None, report_every=50, rnn_size=500, rnn_type='LSTM', save_model='/data/lisatmp3/suhubdyd/models/seeds/encoder0.4decoder0.5dropout0.3wdropFalseseed2', seed=2, share_decoder_embeddings=False, share_embeddings=False, src_word_vec_size=500, start_checkpoint_at=0, start_decay_at=8, start_epoch=1, tgt_word_vec_size=500, train_from='', truncated_decoder=0, warmup_steps=4000, weightdropout=False, word_vec_size=-1)
('Using Kappa L2 loss on encoder', 0.4)
('Using Kappa L2 loss on decoder', 0.5)
Loading train and validate data from '/data/lisatmp3/suhubdyd/multi30k.atok.low'
 * number of training sentences: 29000
 * maximum batch size: 64
 * vocabulary size. source = 10841; target = 18563
Building model...
Intializing model parameters.
NMTModel (
  (encoder): RNNEncoder (
    (embeddings): Embeddings (
      (make_embedding): Sequential (
        (emb_luts): Elementwise (
          (0): Embedding(10841, 500, padding_idx=1)
        )
      )
    )
    (dropout): Dropout (p = 0.3)
    (rnn): LSTM(500, 500, dropout=0.3)
  )
  (decoder): InputFeedRNNDecoder (
    (embeddings): Embeddings (
      (make_embedding): Sequential (
        (emb_luts): Elementwise (
          (0): Embedding(18563, 500, padding_idx=1)
        )
      )
    )
    (dropout): Dropout (p = 0.3)
    (rnn): StackedLSTM (
      (dropout): Dropout (p = 0.3)
      (layers): ModuleList (
        (0): LSTMCell(1000, 500)
      )
    )
    (attn): GlobalAttention (
      (linear_in): Linear (500 -> 500)
      (linear_out): Linear (1000 -> 500)
      (sm): Softmax ()
      (tanh): Tanh ()
    )
  )
  (generator): Sequential (
    (0): Linear (500 -> 18563)
    (1): LogSoftmax ()
  )
)
* number of parameters: 29760063
('encoder: ', 7424500)
('decoder: ', 22335563)

Epoch  1,    50/  454; acc:   8.80; ppl: 18556.01; 5340 src tok/s; 5528 tgt tok/s;      8 s elapsed
Epoch  1,   100/  454; acc:  15.44; ppl: 1144.46; 5017 src tok/s; 5221 tgt tok/s;     16 s elapsed
Epoch  1,   150/  454; acc:  17.54; ppl: 1010.62; 5872 src tok/s; 6058 tgt tok/s;     24 s elapsed
Epoch  1,   200/  454; acc:  21.23; ppl: 261.88; 5712 src tok/s; 5946 tgt tok/s;     31 s elapsed
Epoch  1,   250/  454; acc:  24.11; ppl: 176.88; 5837 src tok/s; 6013 tgt tok/s;     38 s elapsed
Epoch  1,   300/  454; acc:  28.27; ppl: 118.22; 5669 src tok/s; 5930 tgt tok/s;     45 s elapsed
Epoch  1,   350/  454; acc:  30.49; ppl:  92.74; 5530 src tok/s; 5738 tgt tok/s;     53 s elapsed
Epoch  1,   400/  454; acc:  30.88; ppl:  79.53; 5276 src tok/s; 5493 tgt tok/s;     61 s elapsed
Epoch  1,   450/  454; acc:  32.54; ppl:  71.57; 5500 src tok/s; 5706 tgt tok/s;     68 s elapsed
Train perplexity: 342.147
Train accuracy: 23.267
Validation perplexity: 62.3228
Validation accuracy: 33.9151

Epoch  2,    50/  454; acc:  34.15; ppl:  57.97; 5580 src tok/s; 5767 tgt tok/s;      8 s elapsed
Epoch  2,   100/  454; acc:  36.90; ppl:  48.55; 5555 src tok/s; 5794 tgt tok/s;     15 s elapsed
Epoch  2,   150/  454; acc:  38.68; ppl:  43.76; 5575 src tok/s; 5760 tgt tok/s;     23 s elapsed
Epoch  2,   200/  454; acc:  42.25; ppl:  34.30; 5520 src tok/s; 5765 tgt tok/s;     30 s elapsed
Epoch  2,   250/  454; acc:  44.32; ppl:  30.46; 5489 src tok/s; 5716 tgt tok/s;     38 s elapsed
Epoch  2,   300/  454; acc:  44.59; ppl:  28.29; 5609 src tok/s; 5819 tgt tok/s;     45 s elapsed
Epoch  2,   350/  454; acc:  47.32; ppl:  23.60; 5538 src tok/s; 5749 tgt tok/s;     53 s elapsed
Epoch  2,   400/  454; acc:  49.40; ppl:  21.04; 5686 src tok/s; 5877 tgt tok/s;     60 s elapsed
Epoch  2,   450/  454; acc:  50.18; ppl:  20.16; 5647 src tok/s; 5852 tgt tok/s;     68 s elapsed
Train perplexity: 31.9975
Train accuracy: 43.1506
Validation perplexity: 17.71
Validation accuracy: 51.1636

Epoch  3,    50/  454; acc:  51.99; ppl:  16.76; 5690 src tok/s; 5901 tgt tok/s;      8 s elapsed
Epoch  3,   100/  454; acc:  55.08; ppl:  13.99; 5756 src tok/s; 6013 tgt tok/s;     15 s elapsed
Epoch  3,   150/  454; acc:  55.29; ppl:  13.91; 5619 src tok/s; 5860 tgt tok/s;     22 s elapsed
Epoch  3,   200/  454; acc:  54.87; ppl:  13.79; 5372 src tok/s; 5540 tgt tok/s;     30 s elapsed
Epoch  3,   250/  454; acc:  55.55; ppl:  13.23; 5621 src tok/s; 5787 tgt tok/s;     38 s elapsed
Epoch  3,   300/  454; acc:  57.60; ppl:  11.94; 5629 src tok/s; 5868 tgt tok/s;     45 s elapsed
Epoch  3,   350/  454; acc:  56.82; ppl:  12.50; 5575 src tok/s; 5784 tgt tok/s;     52 s elapsed
Epoch  3,   400/  454; acc:  58.31; ppl:  11.41; 5601 src tok/s; 5835 tgt tok/s;     60 s elapsed
Epoch  3,   450/  454; acc:  57.89; ppl:  11.58; 5476 src tok/s; 5672 tgt tok/s;     67 s elapsed
Train perplexity: 13.1592
Train accuracy: 55.9183
Validation perplexity: 10.8256
Validation accuracy: 59.3231

Epoch  4,    50/  454; acc:  61.82; ppl:   8.42; 5342 src tok/s; 5582 tgt tok/s;      7 s elapsed
Epoch  4,   100/  454; acc:  60.19; ppl:   9.34; 5657 src tok/s; 5835 tgt tok/s;     15 s elapsed
Epoch  4,   150/  454; acc:  61.72; ppl:   8.40; 5567 src tok/s; 5823 tgt tok/s;     22 s elapsed
Epoch  4,   200/  454; acc:  60.58; ppl:   9.13; 5652 src tok/s; 5852 tgt tok/s;     30 s elapsed
Epoch  4,   250/  454; acc:  62.10; ppl:   8.35; 5595 src tok/s; 5823 tgt tok/s;     38 s elapsed
Epoch  4,   300/  454; acc:  61.63; ppl:   8.54; 5660 src tok/s; 5823 tgt tok/s;     45 s elapsed
Epoch  4,   350/  454; acc:  61.21; ppl:   8.78; 5538 src tok/s; 5731 tgt tok/s;     53 s elapsed
Epoch  4,   400/  454; acc:  63.05; ppl:   7.87; 5532 src tok/s; 5748 tgt tok/s;     60 s elapsed
Epoch  4,   450/  454; acc:  62.09; ppl:   8.14; 5346 src tok/s; 5558 tgt tok/s;     68 s elapsed
Train perplexity: 8.53643
Train accuracy: 61.6185
Validation perplexity: 8.00825
Validation accuracy: 64.4884

Epoch  5,    50/  454; acc:  64.76; ppl:   6.68; 5654 src tok/s; 5816 tgt tok/s;      8 s elapsed
Epoch  5,   100/  454; acc:  66.46; ppl:   5.94; 5505 src tok/s; 5742 tgt tok/s;     15 s elapsed
Epoch  5,   150/  454; acc:  65.96; ppl:   6.02; 5574 src tok/s; 5808 tgt tok/s;     22 s elapsed
Epoch  5,   200/  454; acc:  64.38; ppl:   6.71; 5587 src tok/s; 5784 tgt tok/s;     30 s elapsed
Epoch  5,   250/  454; acc:  65.88; ppl:   6.22; 5446 src tok/s; 5700 tgt tok/s;     37 s elapsed
Epoch  5,   300/  454; acc:  64.67; ppl:   6.60; 5651 src tok/s; 5830 tgt tok/s;     45 s elapsed
Epoch  5,   350/  454; acc:  64.16; ppl:   6.76; 5610 src tok/s; 5789 tgt tok/s;     53 s elapsed
Epoch  5,   400/  454; acc:  65.78; ppl:   6.22; 5583 src tok/s; 5821 tgt tok/s;     60 s elapsed
Epoch  5,   450/  454; acc:  65.32; ppl:   6.32; 4982 src tok/s; 5178 tgt tok/s;     69 s elapsed
Train perplexity: 6.38941
Train accuracy: 65.2302
Validation perplexity: 7.71655
Validation accuracy: 64.4033

Epoch  6,    50/  454; acc:  68.41; ppl:   4.96; 5573 src tok/s; 5805 tgt tok/s;      7 s elapsed
Epoch  6,   100/  454; acc:  67.71; ppl:   5.07; 5667 src tok/s; 5865 tgt tok/s;     15 s elapsed
Epoch  6,   150/  454; acc:  68.67; ppl:   4.94; 5245 src tok/s; 5479 tgt tok/s;     23 s elapsed
Epoch  6,   200/  454; acc:  67.27; ppl:   5.27; 5565 src tok/s; 5744 tgt tok/s;     30 s elapsed
Epoch  6,   250/  454; acc:  67.93; ppl:   5.01; 5681 src tok/s; 5906 tgt tok/s;     38 s elapsed
Epoch  6,   300/  454; acc:  67.74; ppl:   5.23; 5612 src tok/s; 5817 tgt tok/s;     45 s elapsed
Epoch  6,   350/  454; acc:  67.31; ppl:   5.35; 5539 src tok/s; 5786 tgt tok/s;     53 s elapsed
Epoch  6,   400/  454; acc:  67.09; ppl:   5.39; 5649 src tok/s; 5820 tgt tok/s;     60 s elapsed
Epoch  6,   450/  454; acc:  67.51; ppl:   5.28; 5539 src tok/s; 5743 tgt tok/s;     68 s elapsed
Train perplexity: 5.15734
Train accuracy: 67.7566
Validation perplexity: 7.10199
Validation accuracy: 65.3399

Epoch  7,    50/  454; acc:  71.41; ppl:   3.95; 5461 src tok/s; 5685 tgt tok/s;      7 s elapsed
Epoch  7,   100/  454; acc:  69.91; ppl:   4.26; 5617 src tok/s; 5831 tgt tok/s;     15 s elapsed
Epoch  7,   150/  454; acc:  70.14; ppl:   4.25; 5352 src tok/s; 5578 tgt tok/s;     23 s elapsed
Epoch  7,   200/  454; acc:  69.76; ppl:   4.37; 5761 src tok/s; 5951 tgt tok/s;     30 s elapsed
Epoch  7,   250/  454; acc:  69.54; ppl:   4.38; 5622 src tok/s; 5813 tgt tok/s;     38 s elapsed
Epoch  7,   300/  454; acc:  69.72; ppl:   4.40; 5583 src tok/s; 5823 tgt tok/s;     45 s elapsed
Epoch  7,   350/  454; acc:  68.93; ppl:   4.64; 5522 src tok/s; 5722 tgt tok/s;     53 s elapsed
Epoch  7,   400/  454; acc:  69.81; ppl:   4.38; 5655 src tok/s; 5866 tgt tok/s;     60 s elapsed
Epoch  7,   450/  454; acc:  69.59; ppl:   4.45; 5584 src tok/s; 5794 tgt tok/s;     68 s elapsed
Train perplexity: 4.3405
Train accuracy: 69.8575
Validation perplexity: 6.7813
Validation accuracy: 66.2055

Epoch  8,    50/  454; acc:  72.01; ppl:   3.70; 5575 src tok/s; 5778 tgt tok/s;      8 s elapsed
Epoch  8,   100/  454; acc:  73.19; ppl:   3.46; 5541 src tok/s; 5789 tgt tok/s;     15 s elapsed
Epoch  8,   150/  454; acc:  72.32; ppl:   3.59; 5602 src tok/s; 5843 tgt tok/s;     22 s elapsed
Epoch  8,   200/  454; acc:  71.22; ppl:   3.85; 5641 src tok/s; 5819 tgt tok/s;     30 s elapsed
Epoch  8,   250/  454; acc:  71.20; ppl:   3.81; 5631 src tok/s; 5840 tgt tok/s;     38 s elapsed
Epoch  8,   300/  454; acc:  71.56; ppl:   3.80; 5594 src tok/s; 5814 tgt tok/s;     45 s elapsed
Epoch  8,   350/  454; acc:  71.53; ppl:   3.79; 5597 src tok/s; 5799 tgt tok/s;     52 s elapsed
Epoch  8,   400/  454; acc:  71.26; ppl:   3.86; 5598 src tok/s; 5799 tgt tok/s;     60 s elapsed
Epoch  8,   450/  454; acc:  70.26; ppl:   4.02; 5509 src tok/s; 5709 tgt tok/s;     68 s elapsed
Train perplexity: 3.75606
Train accuracy: 71.6287
Validation perplexity: 6.49843
Validation accuracy: 67.135
Decaying learning rate to 0.5

Epoch  9,    50/  454; acc:  77.47; ppl:   2.69; 5585 src tok/s; 5825 tgt tok/s;      7 s elapsed
Epoch  9,   100/  454; acc:  75.81; ppl:   2.96; 5675 src tok/s; 5830 tgt tok/s;     15 s elapsed
Epoch  9,   150/  454; acc:  76.46; ppl:   2.83; 5553 src tok/s; 5769 tgt tok/s;     22 s elapsed
Epoch  9,   200/  454; acc:  77.39; ppl:   2.70; 5556 src tok/s; 5791 tgt tok/s;     30 s elapsed
Epoch  9,   250/  454; acc:  76.25; ppl:   2.85; 5547 src tok/s; 5703 tgt tok/s;     38 s elapsed
Epoch  9,   300/  454; acc:  76.39; ppl:   2.83; 5487 src tok/s; 5732 tgt tok/s;     45 s elapsed
Epoch  9,   350/  454; acc:  77.27; ppl:   2.73; 5493 src tok/s; 5733 tgt tok/s;     53 s elapsed
Epoch  9,   400/  454; acc:  76.12; ppl:   2.87; 5439 src tok/s; 5614 tgt tok/s;     61 s elapsed
Epoch  9,   450/  454; acc:  75.66; ppl:   2.92; 5412 src tok/s; 5634 tgt tok/s;     68 s elapsed
Train perplexity: 2.81805
Train accuracy: 76.5353
Validation perplexity: 6.0362
Validation accuracy: 68.8875
Decaying learning rate to 0.25

Epoch 10,    50/  454; acc:  79.61; ppl:   2.39; 5490 src tok/s; 5693 tgt tok/s;      8 s elapsed
Epoch 10,   100/  454; acc:  80.99; ppl:   2.23; 5433 src tok/s; 5645 tgt tok/s;     15 s elapsed
Epoch 10,   150/  454; acc:  79.98; ppl:   2.33; 5677 src tok/s; 5865 tgt tok/s;     23 s elapsed
Epoch 10,   200/  454; acc:  80.33; ppl:   2.32; 5465 src tok/s; 5666 tgt tok/s;     30 s elapsed
Epoch 10,   250/  454; acc:  80.05; ppl:   2.33; 5461 src tok/s; 5694 tgt tok/s;     38 s elapsed
Epoch 10,   300/  454; acc:  79.66; ppl:   2.38; 5558 src tok/s; 5727 tgt tok/s;     46 s elapsed
Epoch 10,   350/  454; acc:  79.37; ppl:   2.41; 5477 src tok/s; 5653 tgt tok/s;     54 s elapsed
Epoch 10,   400/  454; acc:  80.46; ppl:   2.27; 5468 src tok/s; 5717 tgt tok/s;     61 s elapsed
Epoch 10,   450/  454; acc:  79.60; ppl:   2.39; 5313 src tok/s; 5543 tgt tok/s;     69 s elapsed
Train perplexity: 2.33833
Train accuracy: 80.008
Validation perplexity: 6.05523
Validation accuracy: 69.7247
Decaying learning rate to 0.125

Epoch 11,    50/  454; acc:  81.70; ppl:   2.18; 5426 src tok/s; 5624 tgt tok/s;      8 s elapsed
Epoch 11,   100/  454; acc:  82.73; ppl:   2.08; 5464 src tok/s; 5672 tgt tok/s;     15 s elapsed
Epoch 11,   150/  454; acc:  81.24; ppl:   2.20; 5645 src tok/s; 5810 tgt tok/s;     23 s elapsed
Epoch 11,   200/  454; acc:  82.47; ppl:   2.06; 5500 src tok/s; 5726 tgt tok/s;     31 s elapsed
Epoch 11,   250/  454; acc:  81.51; ppl:   2.19; 5524 src tok/s; 5678 tgt tok/s;     38 s elapsed
Epoch 11,   300/  454; acc:  83.40; ppl:   2.00; 5430 src tok/s; 5676 tgt tok/s;     46 s elapsed
Epoch 11,   350/  454; acc:  82.58; ppl:   2.05; 5358 src tok/s; 5608 tgt tok/s;     53 s elapsed
Epoch 11,   400/  454; acc:  81.27; ppl:   2.18; 5547 src tok/s; 5736 tgt tok/s;     61 s elapsed
Epoch 11,   450/  454; acc:  82.07; ppl:   2.11; 5388 src tok/s; 5631 tgt tok/s;     69 s elapsed
Train perplexity: 2.12162
Train accuracy: 82.0524
Validation perplexity: 6.13031
Validation accuracy: 69.9588
Decaying learning rate to 0.0625

Epoch 12,    50/  454; acc:  83.35; ppl:   2.01; 5432 src tok/s; 5661 tgt tok/s;      8 s elapsed
Epoch 12,   100/  454; acc:  83.28; ppl:   2.01; 5474 src tok/s; 5676 tgt tok/s;     15 s elapsed
Epoch 12,   150/  454; acc:  82.99; ppl:   2.02; 5561 src tok/s; 5769 tgt tok/s;     23 s elapsed
Epoch 12,   200/  454; acc:  82.98; ppl:   2.02; 5464 src tok/s; 5668 tgt tok/s;     31 s elapsed
Epoch 12,   250/  454; acc:  82.50; ppl:   2.08; 5392 src tok/s; 5586 tgt tok/s;     38 s elapsed
Epoch 12,   300/  454; acc:  83.26; ppl:   1.98; 5567 src tok/s; 5768 tgt tok/s;     46 s elapsed
Epoch 12,   350/  454; acc:  83.58; ppl:   1.96; 5441 src tok/s; 5665 tgt tok/s;     53 s elapsed
Epoch 12,   400/  454; acc:  82.60; ppl:   2.07; 5552 src tok/s; 5739 tgt tok/s;     61 s elapsed
Epoch 12,   450/  454; acc:  82.86; ppl:   2.05; 5413 src tok/s; 5628 tgt tok/s;     69 s elapsed
Train perplexity: 2.01922
Train accuracy: 83.059
Validation perplexity: 6.21474
Validation accuracy: 70.0795
Decaying learning rate to 0.03125

Epoch 13,    50/  454; acc:  83.36; ppl:   2.01; 5409 src tok/s; 5598 tgt tok/s;      8 s elapsed
Epoch 13,   100/  454; acc:  83.72; ppl:   1.97; 5481 src tok/s; 5673 tgt tok/s;     15 s elapsed
Epoch 13,   150/  454; acc:  83.87; ppl:   1.95; 5513 src tok/s; 5741 tgt tok/s;     23 s elapsed
Epoch 13,   200/  454; acc:  83.37; ppl:   1.97; 5626 src tok/s; 5833 tgt tok/s;     31 s elapsed
Epoch 13,   250/  454; acc:  83.80; ppl:   1.95; 5479 src tok/s; 5666 tgt tok/s;     38 s elapsed
Epoch 13,   300/  454; acc:  83.43; ppl:   1.99; 5425 src tok/s; 5642 tgt tok/s;     46 s elapsed
Epoch 13,   350/  454; acc:  83.52; ppl:   1.98; 5394 src tok/s; 5616 tgt tok/s;     54 s elapsed
Epoch 13,   400/  454; acc:  84.00; ppl:   1.94; 5547 src tok/s; 5764 tgt tok/s;     61 s elapsed
Epoch 13,   450/  454; acc:  83.65; ppl:   1.96; 5443 src tok/s; 5640 tgt tok/s;     69 s elapsed
Train perplexity: 1.96828
Train accuracy: 83.6488
Validation perplexity: 6.2797
Validation accuracy: 70.122
Decaying learning rate to 0.015625

Epoch 14,    50/  454; acc:  83.87; ppl:   1.94; 5600 src tok/s; 5823 tgt tok/s;      7 s elapsed
Epoch 14,   100/  454; acc:  83.93; ppl:   1.94; 5702 src tok/s; 5872 tgt tok/s;     15 s elapsed
Epoch 14,   150/  454; acc:  84.45; ppl:   1.89; 5621 src tok/s; 5841 tgt tok/s;     22 s elapsed
Epoch 14,   200/  454; acc:  83.75; ppl:   1.98; 5523 src tok/s; 5751 tgt tok/s;     30 s elapsed
Epoch 14,   250/  454; acc:  84.14; ppl:   1.93; 5537 src tok/s; 5743 tgt tok/s;     37 s elapsed
Epoch 14,   300/  454; acc:  83.40; ppl:   1.98; 5503 src tok/s; 5724 tgt tok/s;     45 s elapsed
Epoch 14,   350/  454; acc:  83.38; ppl:   1.98; 5615 src tok/s; 5800 tgt tok/s;     53 s elapsed
Epoch 14,   400/  454; acc:  84.58; ppl:   1.90; 5569 src tok/s; 5811 tgt tok/s;     60 s elapsed
Epoch 14,   450/  454; acc:  83.71; ppl:   1.98; 5562 src tok/s; 5765 tgt tok/s;     68 s elapsed
Train perplexity: 1.94504
Train accuracy: 83.9231
Validation perplexity: 6.28396
Validation accuracy: 70.0795
Decaying learning rate to 0.0078125

Epoch 15,    50/  454; acc:  84.36; ppl:   1.88; 5583 src tok/s; 5789 tgt tok/s;      8 s elapsed
Epoch 15,   100/  454; acc:  83.57; ppl:   1.99; 5575 src tok/s; 5758 tgt tok/s;     15 s elapsed
Epoch 15,   150/  454; acc:  84.34; ppl:   1.91; 5648 src tok/s; 5868 tgt tok/s;     23 s elapsed
Epoch 15,   200/  454; acc:  84.07; ppl:   1.93; 5493 src tok/s; 5688 tgt tok/s;     30 s elapsed
Epoch 15,   250/  454; acc:  84.31; ppl:   1.90; 5541 src tok/s; 5753 tgt tok/s;     38 s elapsed
Epoch 15,   300/  454; acc:  83.59; ppl:   1.99; 5511 src tok/s; 5738 tgt tok/s;     45 s elapsed
Epoch 15,   350/  454; acc:  83.65; ppl:   1.97; 5624 src tok/s; 5813 tgt tok/s;     53 s elapsed
Epoch 15,   400/  454; acc:  84.19; ppl:   1.91; 5564 src tok/s; 5810 tgt tok/s;     60 s elapsed
Epoch 15,   450/  454; acc:  84.11; ppl:   1.95; 5631 src tok/s; 5847 tgt tok/s;     68 s elapsed
Train perplexity: 1.9351
Train accuracy: 84.0353
Validation perplexity: 6.30603
Validation accuracy: 70.0795
Decaying learning rate to 0.00390625

Epoch 16,    50/  454; acc:  84.50; ppl:   1.89; 5621 src tok/s; 5825 tgt tok/s;      7 s elapsed
Epoch 16,   100/  454; acc:  83.99; ppl:   1.94; 5503 src tok/s; 5713 tgt tok/s;     15 s elapsed
Epoch 16,   150/  454; acc:  83.37; ppl:   1.97; 5612 src tok/s; 5828 tgt tok/s;     23 s elapsed
Epoch 16,   200/  454; acc:  84.70; ppl:   1.87; 5423 src tok/s; 5649 tgt tok/s;     30 s elapsed
Epoch 16,   250/  454; acc:  84.35; ppl:   1.92; 5464 src tok/s; 5695 tgt tok/s;     38 s elapsed
Epoch 16,   300/  454; acc:  83.80; ppl:   1.98; 5660 src tok/s; 5843 tgt tok/s;     45 s elapsed
Epoch 16,   350/  454; acc:  85.12; ppl:   1.82; 5549 src tok/s; 5804 tgt tok/s;     53 s elapsed
Epoch 16,   400/  454; acc:  82.84; ppl:   2.05; 5719 src tok/s; 5879 tgt tok/s;     60 s elapsed
Epoch 16,   450/  454; acc:  84.34; ppl:   1.91; 5467 src tok/s; 5674 tgt tok/s;     68 s elapsed
Train perplexity: 1.9265
Train accuracy: 84.1103
Validation perplexity: 6.31154
Validation accuracy: 70.1291
Decaying learning rate to 0.00195312

Epoch 17,    50/  454; acc:  85.08; ppl:   1.83; 5518 src tok/s; 5796 tgt tok/s;      7 s elapsed
Epoch 17,   100/  454; acc:  82.97; ppl:   2.05; 5743 src tok/s; 5902 tgt tok/s;     15 s elapsed
Epoch 17,   150/  454; acc:  84.25; ppl:   1.92; 5571 src tok/s; 5801 tgt tok/s;     22 s elapsed
Epoch 17,   200/  454; acc:  83.74; ppl:   1.94; 5612 src tok/s; 5805 tgt tok/s;     30 s elapsed
Epoch 17,   250/  454; acc:  84.76; ppl:   1.88; 5590 src tok/s; 5793 tgt tok/s;     37 s elapsed
Epoch 17,   300/  454; acc:  84.08; ppl:   1.93; 5664 src tok/s; 5866 tgt tok/s;     45 s elapsed
Epoch 17,   350/  454; acc:  84.15; ppl:   1.94; 5605 src tok/s; 5806 tgt tok/s;     52 s elapsed
Epoch 17,   400/  454; acc:  84.32; ppl:   1.90; 5531 src tok/s; 5754 tgt tok/s;     60 s elapsed
Epoch 17,   450/  454; acc:  84.09; ppl:   1.93; 5567 src tok/s; 5777 tgt tok/s;     68 s elapsed
Train perplexity: 1.92381
Train accuracy: 84.1675
Validation perplexity: 6.3164
Validation accuracy: 70.1149
Decaying learning rate to 0.000976562
