<module 'opts' from '/u/suhubdyd/research/projects/jumble_lstm/code/auxiliary-nmt/opts.pyc'>
Namespace(batch_size=64, brnn=False, brnn_merge='concat', cnn_kernel_width=3, context_gate=None, copy_attn=False, copy_attn_force=False, coverage_attn=False, data='/data/lisatmp3/suhubdyd/multi30k.atok.low', dec_layers=1, decay_method='', decoder_type='rnn', dropout=0.3, enc_layers=2, encoder_type='rnn', epochs=17, exp='', exp_host='', feat_merge='concat', feat_vec_exponent=0.7, feat_vec_size=-1, fix_word_vecs_dec=False, fix_word_vecs_enc=False, global_attention='general', gpuid=[0], input_feed=1, kappa_dec=0.3, kappa_enc=0.05, lambda_coverage=1, layers=-1, learning_rate=1.0, learning_rate_decay=0.5, max_generator_batches=32, max_grad_norm=5, model_type='text', optim='sgd', param_init=0.1, position_encoding=False, pre_word_vecs_dec=None, pre_word_vecs_enc=None, report_every=50, rnn_size=500, rnn_type='LSTM', save_model='/data/lisatmp3/suhubdyd/models/seeds/encoder0.05decoder0.3dropout0.3wdropFalseseed4', seed=4, share_decoder_embeddings=False, share_embeddings=False, src_word_vec_size=500, start_checkpoint_at=0, start_decay_at=8, start_epoch=1, tgt_word_vec_size=500, train_from='', truncated_decoder=0, warmup_steps=4000, weightdropout=False, word_vec_size=-1)
('Using Kappa L2 loss on encoder', 0.05)
('Using Kappa L2 loss on decoder', 0.3)
Loading train and validate data from '/data/lisatmp3/suhubdyd/multi30k.atok.low'
 * number of training sentences: 29000
 * maximum batch size: 64
 * vocabulary size. source = 10841; target = 18563
Building model...
Intializing model parameters.
NMTModel (
  (encoder): RNNEncoder (
    (embeddings): Embeddings (
      (make_embedding): Sequential (
        (emb_luts): Elementwise (
          (0): Embedding(10841, 500, padding_idx=1)
        )
      )
    )
    (dropout): Dropout (p = 0.3)
    (rnn): LSTM(500, 500, dropout=0.3)
  )
  (decoder): InputFeedRNNDecoder (
    (embeddings): Embeddings (
      (make_embedding): Sequential (
        (emb_luts): Elementwise (
          (0): Embedding(18563, 500, padding_idx=1)
        )
      )
    )
    (dropout): Dropout (p = 0.3)
    (rnn): StackedLSTM (
      (dropout): Dropout (p = 0.3)
      (layers): ModuleList (
        (0): LSTMCell(1000, 500)
      )
    )
    (attn): GlobalAttention (
      (linear_in): Linear (500 -> 500)
      (linear_out): Linear (1000 -> 500)
      (sm): Softmax ()
      (tanh): Tanh ()
    )
  )
  (generator): Sequential (
    (0): Linear (500 -> 18563)
    (1): LogSoftmax ()
  )
)
* number of parameters: 29760063
('encoder: ', 7424500)
('decoder: ', 22335563)

Epoch  1,    50/  454; acc:   8.16; ppl: 28154.91; 3304 src tok/s; 3418 tgt tok/s;     13 s elapsed
Epoch  1,   100/  454; acc:  14.22; ppl: 2747.59; 3346 src tok/s; 3474 tgt tok/s;     25 s elapsed
Epoch  1,   150/  454; acc:  16.39; ppl: 645.50; 3325 src tok/s; 3447 tgt tok/s;     38 s elapsed
Epoch  1,   200/  454; acc:  20.65; ppl: 275.93; 3144 src tok/s; 3280 tgt tok/s;     51 s elapsed
Epoch  1,   250/  454; acc:  24.63; ppl: 175.64; 3173 src tok/s; 3311 tgt tok/s;     64 s elapsed
Epoch  1,   300/  454; acc:  26.64; ppl: 134.66; 3150 src tok/s; 3258 tgt tok/s;     78 s elapsed
Epoch  1,   350/  454; acc:  30.82; ppl:  91.13; 3171 src tok/s; 3318 tgt tok/s;     90 s elapsed
Epoch  1,   400/  454; acc:  29.80; ppl:  89.30; 3217 src tok/s; 3293 tgt tok/s;    104 s elapsed
Epoch  1,   450/  454; acc:  32.52; ppl:  70.09; 3156 src tok/s; 3285 tgt tok/s;    117 s elapsed
Train perplexity: 384.746
Train accuracy: 22.6839
Validation perplexity: 64.241
Validation accuracy: 34.4969

Epoch  2,    50/  454; acc:  35.77; ppl:  54.65; 3135 src tok/s; 3278 tgt tok/s;     13 s elapsed
Epoch  2,   100/  454; acc:  37.14; ppl:  49.09; 3221 src tok/s; 3328 tgt tok/s;     26 s elapsed
Epoch  2,   150/  454; acc:  41.33; ppl:  36.21; 3103 src tok/s; 3271 tgt tok/s;     39 s elapsed
Epoch  2,   200/  454; acc:  40.67; ppl:  39.16; 3236 src tok/s; 3322 tgt tok/s;     53 s elapsed
Epoch  2,   250/  454; acc:  45.09; ppl:  28.91; 3204 src tok/s; 3304 tgt tok/s;     66 s elapsed
Epoch  2,   300/  454; acc:  46.34; ppl:  26.62; 3135 src tok/s; 3252 tgt tok/s;     79 s elapsed
Epoch  2,   350/  454; acc:  48.42; ppl:  22.82; 3170 src tok/s; 3295 tgt tok/s;     92 s elapsed
Epoch  2,   400/  454; acc:  49.23; ppl:  21.13; 3161 src tok/s; 3268 tgt tok/s;    106 s elapsed
Epoch  2,   450/  454; acc:  50.94; ppl:  18.89; 3018 src tok/s; 3141 tgt tok/s;    119 s elapsed
Train perplexity: 30.8897
Train accuracy: 43.9448
Validation perplexity: 15.6903
Validation accuracy: 54.0514

Epoch  3,    50/  454; acc:  53.91; ppl:  15.10; 3092 src tok/s; 3237 tgt tok/s;     13 s elapsed
Epoch  3,   100/  454; acc:  53.77; ppl:  14.96; 3239 src tok/s; 3325 tgt tok/s;     26 s elapsed
Epoch  3,   150/  454; acc:  56.09; ppl:  13.07; 3123 src tok/s; 3279 tgt tok/s;     39 s elapsed
Epoch  3,   200/  454; acc:  54.51; ppl:  14.50; 3178 src tok/s; 3272 tgt tok/s;     53 s elapsed
Epoch  3,   250/  454; acc:  55.07; ppl:  13.95; 3231 src tok/s; 3326 tgt tok/s;     67 s elapsed
Epoch  3,   300/  454; acc:  57.99; ppl:  11.65; 3134 src tok/s; 3279 tgt tok/s;     79 s elapsed
Epoch  3,   350/  454; acc:  57.90; ppl:  11.61; 3123 src tok/s; 3265 tgt tok/s;     92 s elapsed
Epoch  3,   400/  454; acc:  58.27; ppl:  11.30; 3271 src tok/s; 3375 tgt tok/s;    106 s elapsed
Epoch  3,   450/  454; acc:  58.39; ppl:  11.06; 3153 src tok/s; 3263 tgt tok/s;    119 s elapsed
Train perplexity: 12.9236
Train accuracy: 56.2168
Validation perplexity: 10.8133
Validation accuracy: 58.8123

Epoch  4,    50/  454; acc:  60.55; ppl:   9.09; 3233 src tok/s; 3343 tgt tok/s;     13 s elapsed
Epoch  4,   100/  454; acc:  62.00; ppl:   8.37; 3129 src tok/s; 3261 tgt tok/s;     26 s elapsed
Epoch  4,   150/  454; acc:  61.78; ppl:   8.39; 3162 src tok/s; 3278 tgt tok/s;     40 s elapsed
Epoch  4,   200/  454; acc:  61.23; ppl:   8.67; 3075 src tok/s; 3190 tgt tok/s;     53 s elapsed
Epoch  4,   250/  454; acc:  60.80; ppl:   8.94; 3168 src tok/s; 3299 tgt tok/s;     67 s elapsed
Epoch  4,   300/  454; acc:  62.20; ppl:   8.12; 3122 src tok/s; 3246 tgt tok/s;     80 s elapsed
Epoch  4,   350/  454; acc:  62.29; ppl:   8.15; 3197 src tok/s; 3315 tgt tok/s;     93 s elapsed
Epoch  4,   400/  454; acc:  62.30; ppl:   8.09; 3157 src tok/s; 3266 tgt tok/s;    106 s elapsed
Epoch  4,   450/  454; acc:  62.38; ppl:   8.05; 3150 src tok/s; 3276 tgt tok/s;    119 s elapsed
Train perplexity: 8.42039
Train accuracy: 61.7339
Validation perplexity: 8.46182
Validation accuracy: 62.8282

Epoch  5,    50/  454; acc:  64.45; ppl:   6.57; 3186 src tok/s; 3287 tgt tok/s;     14 s elapsed
Epoch  5,   100/  454; acc:  66.69; ppl:   5.79; 3164 src tok/s; 3329 tgt tok/s;     26 s elapsed
Epoch  5,   150/  454; acc:  64.72; ppl:   6.57; 3221 src tok/s; 3324 tgt tok/s;     40 s elapsed
Epoch  5,   200/  454; acc:  65.27; ppl:   6.35; 3158 src tok/s; 3308 tgt tok/s;     53 s elapsed
Epoch  5,   250/  454; acc:  64.32; ppl:   6.54; 3190 src tok/s; 3305 tgt tok/s;     66 s elapsed
Epoch  5,   300/  454; acc:  65.65; ppl:   6.22; 3202 src tok/s; 3304 tgt tok/s;     79 s elapsed
Epoch  5,   350/  454; acc:  64.58; ppl:   6.63; 3169 src tok/s; 3283 tgt tok/s;     93 s elapsed
Epoch  5,   400/  454; acc:  66.23; ppl:   6.03; 3162 src tok/s; 3289 tgt tok/s;    106 s elapsed
Epoch  5,   450/  454; acc:  65.50; ppl:   6.32; 3150 src tok/s; 3260 tgt tok/s;    119 s elapsed
Train perplexity: 6.34684
Train accuracy: 65.2127
Validation perplexity: 7.83351
Validation accuracy: 64.8077

Epoch  6,    50/  454; acc:  69.33; ppl:   4.69; 3184 src tok/s; 3311 tgt tok/s;     13 s elapsed
Epoch  6,   100/  454; acc:  67.44; ppl:   5.25; 3201 src tok/s; 3321 tgt tok/s;     26 s elapsed
Epoch  6,   150/  454; acc:  68.05; ppl:   5.03; 3121 src tok/s; 3252 tgt tok/s;     40 s elapsed
Epoch  6,   200/  454; acc:  67.79; ppl:   5.21; 3179 src tok/s; 3299 tgt tok/s;     53 s elapsed
Epoch  6,   250/  454; acc:  67.18; ppl:   5.29; 3261 src tok/s; 3359 tgt tok/s;     66 s elapsed
Epoch  6,   300/  454; acc:  68.30; ppl:   4.91; 3077 src tok/s; 3214 tgt tok/s;     79 s elapsed
Epoch  6,   350/  454; acc:  67.23; ppl:   5.37; 3157 src tok/s; 3268 tgt tok/s;     92 s elapsed
Epoch  6,   400/  454; acc:  67.54; ppl:   5.21; 3213 src tok/s; 3336 tgt tok/s;    106 s elapsed
Epoch  6,   450/  454; acc:  67.69; ppl:   5.12; 3175 src tok/s; 3287 tgt tok/s;    119 s elapsed
Train perplexity: 5.11601
Train accuracy: 67.8427
Validation perplexity: 6.90889
Validation accuracy: 66.5886

Epoch  7,    50/  454; acc:  71.44; ppl:   4.04; 3148 src tok/s; 3264 tgt tok/s;     13 s elapsed
Epoch  7,   100/  454; acc:  69.76; ppl:   4.36; 3172 src tok/s; 3292 tgt tok/s;     26 s elapsed
Epoch  7,   150/  454; acc:  69.23; ppl:   4.43; 3150 src tok/s; 3261 tgt tok/s;     40 s elapsed
Epoch  7,   200/  454; acc:  71.12; ppl:   4.03; 3187 src tok/s; 3312 tgt tok/s;     53 s elapsed
Epoch  7,   250/  454; acc:  69.74; ppl:   4.34; 3194 src tok/s; 3297 tgt tok/s;     67 s elapsed
Epoch  7,   300/  454; acc:  70.24; ppl:   4.22; 3167 src tok/s; 3299 tgt tok/s;     79 s elapsed
Epoch  7,   350/  454; acc:  68.98; ppl:   4.55; 3204 src tok/s; 3335 tgt tok/s;     92 s elapsed
Epoch  7,   400/  454; acc:  69.69; ppl:   4.39; 3157 src tok/s; 3282 tgt tok/s;    106 s elapsed
Epoch  7,   450/  454; acc:  69.04; ppl:   4.45; 3201 src tok/s; 3323 tgt tok/s;    119 s elapsed
Train perplexity: 4.31021
Train accuracy: 69.9054
Validation perplexity: 6.67714
Validation accuracy: 66.9576

Epoch  8,    50/  454; acc:  72.78; ppl:   3.54; 3189 src tok/s; 3307 tgt tok/s;     13 s elapsed
Epoch  8,   100/  454; acc:  72.50; ppl:   3.53; 3264 src tok/s; 3378 tgt tok/s;     26 s elapsed
Epoch  8,   150/  454; acc:  72.32; ppl:   3.58; 3166 src tok/s; 3308 tgt tok/s;     39 s elapsed
Epoch  8,   200/  454; acc:  71.77; ppl:   3.71; 3174 src tok/s; 3290 tgt tok/s;     52 s elapsed
Epoch  8,   250/  454; acc:  72.55; ppl:   3.63; 3076 src tok/s; 3222 tgt tok/s;     65 s elapsed
Epoch  8,   300/  454; acc:  70.92; ppl:   4.00; 3262 src tok/s; 3347 tgt tok/s;     79 s elapsed
Epoch  8,   350/  454; acc:  70.70; ppl:   3.97; 3167 src tok/s; 3280 tgt tok/s;     93 s elapsed
Epoch  8,   400/  454; acc:  71.62; ppl:   3.74; 3170 src tok/s; 3302 tgt tok/s;    105 s elapsed
Epoch  8,   450/  454; acc:  70.88; ppl:   3.90; 3140 src tok/s; 3257 tgt tok/s;    119 s elapsed
Train perplexity: 3.73576
Train accuracy: 71.7483
Validation perplexity: 6.58435
Validation accuracy: 67.291
Decaying learning rate to 0.5

Epoch  9,    50/  454; acc:  75.51; ppl:   2.96; 3113 src tok/s; 3216 tgt tok/s;     14 s elapsed
Epoch  9,   100/  454; acc:  77.08; ppl:   2.77; 3223 src tok/s; 3356 tgt tok/s;     27 s elapsed
Epoch  9,   150/  454; acc:  77.32; ppl:   2.69; 3164 src tok/s; 3307 tgt tok/s;     40 s elapsed
Epoch  9,   200/  454; acc:  76.16; ppl:   2.86; 3236 src tok/s; 3351 tgt tok/s;     53 s elapsed
Epoch  9,   250/  454; acc:  77.12; ppl:   2.70; 3115 src tok/s; 3266 tgt tok/s;     66 s elapsed
Epoch  9,   300/  454; acc:  76.14; ppl:   2.89; 3257 src tok/s; 3361 tgt tok/s;     79 s elapsed
Epoch  9,   350/  454; acc:  76.35; ppl:   2.85; 3112 src tok/s; 3232 tgt tok/s;     92 s elapsed
Epoch  9,   400/  454; acc:  76.67; ppl:   2.75; 3227 src tok/s; 3335 tgt tok/s;    106 s elapsed
Epoch  9,   450/  454; acc:  76.22; ppl:   2.86; 3197 src tok/s; 3300 tgt tok/s;    119 s elapsed
Train perplexity: 2.81088
Train accuracy: 76.5206
Validation perplexity: 6.2469
Validation accuracy: 69.1926
Decaying learning rate to 0.25

Epoch 10,    50/  454; acc:  80.48; ppl:   2.32; 3216 src tok/s; 3330 tgt tok/s;     13 s elapsed
Epoch 10,   100/  454; acc:  80.21; ppl:   2.34; 3220 src tok/s; 3344 tgt tok/s;     26 s elapsed
Epoch 10,   150/  454; acc:  79.95; ppl:   2.34; 3189 src tok/s; 3320 tgt tok/s;     39 s elapsed
Epoch 10,   200/  454; acc:  79.78; ppl:   2.33; 3191 src tok/s; 3308 tgt tok/s;     52 s elapsed
Epoch 10,   250/  454; acc:  80.44; ppl:   2.28; 3214 src tok/s; 3330 tgt tok/s;     66 s elapsed
Epoch 10,   300/  454; acc:  80.15; ppl:   2.33; 3142 src tok/s; 3275 tgt tok/s;     79 s elapsed
Epoch 10,   350/  454; acc:  80.22; ppl:   2.30; 3183 src tok/s; 3304 tgt tok/s;     92 s elapsed
Epoch 10,   400/  454; acc:  79.36; ppl:   2.42; 3170 src tok/s; 3276 tgt tok/s;    105 s elapsed
Epoch 10,   450/  454; acc:  79.84; ppl:   2.39; 3151 src tok/s; 3265 tgt tok/s;    118 s elapsed
Train perplexity: 2.33527
Train accuracy: 80.0749
Validation perplexity: 6.21114
Validation accuracy: 69.597
Decaying learning rate to 0.125

Epoch 11,    50/  454; acc:  82.97; ppl:   2.05; 3151 src tok/s; 3282 tgt tok/s;     13 s elapsed
Epoch 11,   100/  454; acc:  81.71; ppl:   2.15; 3193 src tok/s; 3307 tgt tok/s;     26 s elapsed
Epoch 11,   150/  454; acc:  82.78; ppl:   2.02; 3157 src tok/s; 3306 tgt tok/s;     39 s elapsed
Epoch 11,   200/  454; acc:  80.80; ppl:   2.22; 3230 src tok/s; 3348 tgt tok/s;     53 s elapsed
Epoch 11,   250/  454; acc:  81.82; ppl:   2.14; 3212 src tok/s; 3309 tgt tok/s;     66 s elapsed
Epoch 11,   300/  454; acc:  82.30; ppl:   2.08; 3157 src tok/s; 3300 tgt tok/s;     79 s elapsed
Epoch 11,   350/  454; acc:  81.83; ppl:   2.13; 3149 src tok/s; 3256 tgt tok/s;     93 s elapsed
Epoch 11,   400/  454; acc:  82.30; ppl:   2.09; 3211 src tok/s; 3329 tgt tok/s;    105 s elapsed
Epoch 11,   450/  454; acc:  82.01; ppl:   2.14; 3122 src tok/s; 3236 tgt tok/s;    118 s elapsed
Train perplexity: 2.11701
Train accuracy: 82.0275
Validation perplexity: 6.30668
Validation accuracy: 69.5686
Decaying learning rate to 0.0625

Epoch 12,    50/  454; acc:  83.22; ppl:   2.00; 3161 src tok/s; 3279 tgt tok/s;     13 s elapsed
Epoch 12,   100/  454; acc:  84.02; ppl:   1.94; 3173 src tok/s; 3292 tgt tok/s;     26 s elapsed
Epoch 12,   150/  454; acc:  82.45; ppl:   2.10; 3154 src tok/s; 3265 tgt tok/s;     40 s elapsed
Epoch 12,   200/  454; acc:  83.79; ppl:   1.95; 3204 src tok/s; 3340 tgt tok/s;     53 s elapsed
Epoch 12,   250/  454; acc:  82.75; ppl:   2.05; 3244 src tok/s; 3356 tgt tok/s;     66 s elapsed
Epoch 12,   300/  454; acc:  83.21; ppl:   2.04; 3189 src tok/s; 3312 tgt tok/s;     79 s elapsed
Epoch 12,   350/  454; acc:  83.90; ppl:   1.94; 3143 src tok/s; 3276 tgt tok/s;     92 s elapsed
Epoch 12,   400/  454; acc:  82.66; ppl:   2.08; 3144 src tok/s; 3256 tgt tok/s;    106 s elapsed
Epoch 12,   450/  454; acc:  83.17; ppl:   2.01; 3137 src tok/s; 3261 tgt tok/s;    119 s elapsed
Train perplexity: 2.0171
Train accuracy: 83.1892
Validation perplexity: 6.39066
Validation accuracy: 69.6396
Decaying learning rate to 0.03125

Epoch 13,    50/  454; acc:  84.58; ppl:   1.89; 3182 src tok/s; 3305 tgt tok/s;     13 s elapsed
Epoch 13,   100/  454; acc:  83.37; ppl:   1.99; 3192 src tok/s; 3309 tgt tok/s;     26 s elapsed
Epoch 13,   150/  454; acc:  82.73; ppl:   2.07; 3191 src tok/s; 3302 tgt tok/s;     40 s elapsed
Epoch 13,   200/  454; acc:  84.40; ppl:   1.88; 3124 src tok/s; 3261 tgt tok/s;     53 s elapsed
Epoch 13,   250/  454; acc:  84.06; ppl:   1.93; 3170 src tok/s; 3299 tgt tok/s;     66 s elapsed
Epoch 13,   300/  454; acc:  82.96; ppl:   2.02; 3191 src tok/s; 3296 tgt tok/s;     79 s elapsed
Epoch 13,   350/  454; acc:  83.49; ppl:   1.98; 3109 src tok/s; 3225 tgt tok/s;     92 s elapsed
Epoch 13,   400/  454; acc:  83.42; ppl:   1.98; 3200 src tok/s; 3318 tgt tok/s;    106 s elapsed
Epoch 13,   450/  454; acc:  83.22; ppl:   1.99; 3122 src tok/s; 3249 tgt tok/s;    119 s elapsed
Train perplexity: 1.96969
Train accuracy: 83.593
Validation perplexity: 6.42062
Validation accuracy: 69.5331
Decaying learning rate to 0.015625

Epoch 14,    50/  454; acc:  84.27; ppl:   1.91; 3210 src tok/s; 3323 tgt tok/s;     13 s elapsed
Epoch 14,   100/  454; acc:  84.03; ppl:   1.95; 3167 src tok/s; 3292 tgt tok/s;     26 s elapsed
Epoch 14,   150/  454; acc:  84.31; ppl:   1.89; 3157 src tok/s; 3290 tgt tok/s;     39 s elapsed
Epoch 14,   200/  454; acc:  83.07; ppl:   2.02; 3169 src tok/s; 3285 tgt tok/s;     53 s elapsed
Epoch 14,   250/  454; acc:  84.18; ppl:   1.89; 3144 src tok/s; 3271 tgt tok/s;     66 s elapsed
Epoch 14,   300/  454; acc:  83.23; ppl:   2.01; 3213 src tok/s; 3321 tgt tok/s;     79 s elapsed
Epoch 14,   350/  454; acc:  83.62; ppl:   1.98; 3202 src tok/s; 3306 tgt tok/s;     93 s elapsed
Epoch 14,   400/  454; acc:  84.43; ppl:   1.89; 3150 src tok/s; 3295 tgt tok/s;    106 s elapsed
Epoch 14,   450/  454; acc:  83.74; ppl:   1.97; 3095 src tok/s; 3198 tgt tok/s;    119 s elapsed
Train perplexity: 1.9436
Train accuracy: 83.8872
Validation perplexity: 6.45891
Validation accuracy: 69.5189
Decaying learning rate to 0.0078125

Epoch 15,    50/  454; acc:  84.37; ppl:   1.89; 3152 src tok/s; 3281 tgt tok/s;     13 s elapsed
Epoch 15,   100/  454; acc:  83.66; ppl:   1.98; 3142 src tok/s; 3261 tgt tok/s;     27 s elapsed
Epoch 15,   150/  454; acc:  83.68; ppl:   1.97; 3264 src tok/s; 3369 tgt tok/s;     40 s elapsed
Epoch 15,   200/  454; acc:  84.26; ppl:   1.91; 3166 src tok/s; 3298 tgt tok/s;     53 s elapsed
Epoch 15,   250/  454; acc:  83.96; ppl:   1.92; 3203 src tok/s; 3329 tgt tok/s;     66 s elapsed
Epoch 15,   300/  454; acc:  84.17; ppl:   1.91; 3209 src tok/s; 3330 tgt tok/s;     79 s elapsed
Epoch 15,   350/  454; acc:  83.51; ppl:   1.98; 3160 src tok/s; 3272 tgt tok/s;     92 s elapsed
Epoch 15,   400/  454; acc:  84.16; ppl:   1.91; 3134 src tok/s; 3272 tgt tok/s;    106 s elapsed
Epoch 15,   450/  454; acc:  84.08; ppl:   1.94; 3169 src tok/s; 3267 tgt tok/s;    119 s elapsed
Train perplexity: 1.93271
Train accuracy: 84.0091
Validation perplexity: 6.47476
Validation accuracy: 69.5828
Decaying learning rate to 0.00390625

Epoch 16,    50/  454; acc:  84.65; ppl:   1.87; 3044 src tok/s; 3194 tgt tok/s;     13 s elapsed
Epoch 16,   100/  454; acc:  83.49; ppl:   1.98; 3192 src tok/s; 3294 tgt tok/s;     27 s elapsed
Epoch 16,   150/  454; acc:  84.42; ppl:   1.88; 3163 src tok/s; 3285 tgt tok/s;     40 s elapsed
Epoch 16,   200/  454; acc:  83.92; ppl:   1.95; 3225 src tok/s; 3337 tgt tok/s;     53 s elapsed
Epoch 16,   250/  454; acc:  84.09; ppl:   1.92; 3198 src tok/s; 3317 tgt tok/s;     66 s elapsed
Epoch 16,   300/  454; acc:  83.82; ppl:   1.94; 3156 src tok/s; 3272 tgt tok/s;     80 s elapsed
Epoch 16,   350/  454; acc:  84.15; ppl:   1.92; 3112 src tok/s; 3230 tgt tok/s;     93 s elapsed
Epoch 16,   400/  454; acc:  83.87; ppl:   1.91; 3093 src tok/s; 3212 tgt tok/s;    107 s elapsed
Epoch 16,   450/  454; acc:  84.13; ppl:   1.92; 3126 src tok/s; 3250 tgt tok/s;    120 s elapsed
Train perplexity: 1.92429
Train accuracy: 84.037
Validation perplexity: 6.48279
Validation accuracy: 69.5828
Decaying learning rate to 0.00195312

Epoch 17,    50/  454; acc:  84.16; ppl:   1.93; 3192 src tok/s; 3314 tgt tok/s;     13 s elapsed
Epoch 17,   100/  454; acc:  83.89; ppl:   1.94; 3171 src tok/s; 3288 tgt tok/s;     26 s elapsed
Epoch 17,   150/  454; acc:  85.41; ppl:   1.81; 3113 src tok/s; 3269 tgt tok/s;     39 s elapsed
Epoch 17,   200/  454; acc:  83.28; ppl:   2.00; 3200 src tok/s; 3283 tgt tok/s;     53 s elapsed
Epoch 17,   250/  454; acc:  84.05; ppl:   1.95; 3152 src tok/s; 3270 tgt tok/s;     66 s elapsed
Epoch 17,   300/  454; acc:  84.07; ppl:   1.95; 3214 src tok/s; 3333 tgt tok/s;     79 s elapsed
Epoch 17,   350/  454; acc:  84.18; ppl:   1.92; 3208 src tok/s; 3339 tgt tok/s;     92 s elapsed
Epoch 17,   400/  454; acc:  83.99; ppl:   1.91; 3133 src tok/s; 3239 tgt tok/s;    106 s elapsed
Epoch 17,   450/  454; acc:  84.22; ppl:   1.92; 3069 src tok/s; 3194 tgt tok/s;    119 s elapsed
Train perplexity: 1.92304
Train accuracy: 84.1393
Validation perplexity: 6.48517
Validation accuracy: 69.5544
Decaying learning rate to 0.000976562
