<module 'opts' from '/u/suhubdyd/research/projects/jumble_lstm/code/auxiliary-nmt/opts.pyc'>
Namespace(batch_size=64, brnn=False, brnn_merge='concat', cnn_kernel_width=3, context_gate=None, copy_attn=False, copy_attn_force=False, coverage_attn=False, data='/data/lisatmp3/suhubdyd/multi30k.atok.low', dec_layers=1, decay_method='', decoder_type='rnn', dropout=0.3, enc_layers=2, encoder_type='rnn', epochs=17, exp='', exp_host='', feat_merge='concat', feat_vec_exponent=0.7, feat_vec_size=-1, fix_word_vecs_dec=False, fix_word_vecs_enc=False, global_attention='general', gpuid=[0], input_feed=1, kappa_dec=0.3, kappa_enc=0.0, lambda_coverage=1, layers=-1, learning_rate=1.0, learning_rate_decay=0.5, max_generator_batches=32, max_grad_norm=5, model_type='text', optim='sgd', param_init=0.1, position_encoding=False, pre_word_vecs_dec=None, pre_word_vecs_enc=None, report_every=50, rnn_size=500, rnn_type='LSTM', save_model='/data/lisatmp3/suhubdyd/models/encoder0decoder0.30dropout0.3wdropFalse', seed=-1, share_decoder_embeddings=False, share_embeddings=False, src_word_vec_size=500, start_checkpoint_at=0, start_decay_at=8, start_epoch=1, tgt_word_vec_size=500, train_from='', truncated_decoder=0, warmup_steps=4000, weightdropout=False, word_vec_size=-1)
('Using Kappa L2 loss on decoder', 0.3)
Loading train and validate data from '/data/lisatmp3/suhubdyd/multi30k.atok.low'
 * number of training sentences: 29000
 * maximum batch size: 64
 * vocabulary size. source = 10841; target = 18563
Building model...
Intializing model parameters.
NMTModel (
  (encoder): RNNEncoder (
    (embeddings): Embeddings (
      (make_embedding): Sequential (
        (emb_luts): Elementwise (
          (0): Embedding(10841, 500, padding_idx=1)
        )
      )
    )
    (dropout): Dropout (p = 0.3)
    (rnn): LSTM(500, 500, dropout=0.3)
  )
  (decoder): InputFeedRNNDecoder (
    (embeddings): Embeddings (
      (make_embedding): Sequential (
        (emb_luts): Elementwise (
          (0): Embedding(18563, 500, padding_idx=1)
        )
      )
    )
    (dropout): Dropout (p = 0.3)
    (rnn): StackedLSTM (
      (dropout): Dropout (p = 0.3)
      (layers): ModuleList (
        (0): LSTMCell(1000, 500)
      )
    )
    (attn): GlobalAttention (
      (linear_in): Linear (500 -> 500)
      (linear_out): Linear (1000 -> 500)
      (sm): Softmax ()
      (tanh): Tanh ()
    )
  )
  (generator): Sequential (
    (0): Linear (500 -> 18563)
    (1): LogSoftmax ()
  )
)
* number of parameters: 29760063
('encoder: ', 7424500)
('decoder: ', 22335563)

Epoch  1,    50/  454; acc:   7.14; ppl: 29233.05; 3062 src tok/s; 3168 tgt tok/s;     14 s elapsed
Epoch  1,   100/  454; acc:  13.07; ppl: 3021.60; 3190 src tok/s; 3301 tgt tok/s;     27 s elapsed
Epoch  1,   150/  454; acc:  17.99; ppl: 567.64; 3193 src tok/s; 3316 tgt tok/s;     40 s elapsed
Epoch  1,   200/  454; acc:  20.37; ppl: 294.88; 3161 src tok/s; 3280 tgt tok/s;     53 s elapsed
Epoch  1,   250/  454; acc:  23.23; ppl: 194.86; 3125 src tok/s; 3236 tgt tok/s;     67 s elapsed
Epoch  1,   300/  454; acc:  27.02; ppl: 130.93; 3152 src tok/s; 3273 tgt tok/s;     80 s elapsed
Epoch  1,   350/  454; acc:  28.77; ppl: 106.94; 3160 src tok/s; 3281 tgt tok/s;     93 s elapsed
Epoch  1,   400/  454; acc:  30.76; ppl:  81.10; 3156 src tok/s; 3295 tgt tok/s;    107 s elapsed
Epoch  1,   450/  454; acc:  32.16; ppl:  71.80; 3086 src tok/s; 3202 tgt tok/s;    120 s elapsed
Train perplexity: 391.694
Train accuracy: 22.3735
Validation perplexity: 61.1171
Validation accuracy: 34.9156

Epoch  2,    50/  454; acc:  34.84; ppl:  58.15; 3184 src tok/s; 3314 tgt tok/s;     13 s elapsed
Epoch  2,   100/  454; acc:  36.95; ppl:  50.27; 3105 src tok/s; 3214 tgt tok/s;     26 s elapsed
Epoch  2,   150/  454; acc:  38.56; ppl:  44.28; 3194 src tok/s; 3291 tgt tok/s;     40 s elapsed
Epoch  2,   200/  454; acc:  42.45; ppl:  34.41; 3008 src tok/s; 3131 tgt tok/s;     54 s elapsed
Epoch  2,   250/  454; acc:  43.09; ppl:  31.85; 3051 src tok/s; 3171 tgt tok/s;     68 s elapsed
Epoch  2,   300/  454; acc:  46.40; ppl:  25.54; 3146 src tok/s; 3270 tgt tok/s;     81 s elapsed
Epoch  2,   350/  454; acc:  47.01; ppl:  24.55; 3160 src tok/s; 3256 tgt tok/s;     94 s elapsed
Epoch  2,   400/  454; acc:  50.27; ppl:  20.14; 3087 src tok/s; 3224 tgt tok/s;    108 s elapsed
Epoch  2,   450/  454; acc:  50.75; ppl:  19.60; 3106 src tok/s; 3228 tgt tok/s;    121 s elapsed
Train perplexity: 31.8954
Train accuracy: 43.4183
Validation perplexity: 16.4051
Validation accuracy: 53.4341

Epoch  3,    50/  454; acc:  53.15; ppl:  15.76; 3067 src tok/s; 3186 tgt tok/s;     14 s elapsed
Epoch  3,   100/  454; acc:  54.69; ppl:  14.67; 3159 src tok/s; 3286 tgt tok/s;     27 s elapsed
Epoch  3,   150/  454; acc:  55.54; ppl:  13.71; 3229 src tok/s; 3357 tgt tok/s;     40 s elapsed
Epoch  3,   200/  454; acc:  55.56; ppl:  13.68; 3247 src tok/s; 3356 tgt tok/s;     53 s elapsed
Epoch  3,   250/  454; acc:  55.05; ppl:  13.99; 3175 src tok/s; 3287 tgt tok/s;     67 s elapsed
Epoch  3,   300/  454; acc:  57.69; ppl:  11.78; 3170 src tok/s; 3312 tgt tok/s;     79 s elapsed
Epoch  3,   350/  454; acc:  57.07; ppl:  12.31; 3213 src tok/s; 3317 tgt tok/s;     92 s elapsed
Epoch  3,   400/  454; acc:  58.04; ppl:  11.42; 3112 src tok/s; 3233 tgt tok/s;    106 s elapsed
Epoch  3,   450/  454; acc:  58.97; ppl:  10.77; 3042 src tok/s; 3167 tgt tok/s;    119 s elapsed
Train perplexity: 13.0936
Train accuracy: 56.1202
Validation perplexity: 10.524
Validation accuracy: 59.685

Epoch  4,    50/  454; acc:  61.33; ppl:   8.77; 3134 src tok/s; 3239 tgt tok/s;     13 s elapsed
Epoch  4,   100/  454; acc:  60.35; ppl:   9.22; 3121 src tok/s; 3255 tgt tok/s;     27 s elapsed
Epoch  4,   150/  454; acc:  61.16; ppl:   8.82; 3087 src tok/s; 3219 tgt tok/s;     40 s elapsed
Epoch  4,   200/  454; acc:  62.16; ppl:   8.25; 3189 src tok/s; 3316 tgt tok/s;     54 s elapsed
Epoch  4,   250/  454; acc:  61.49; ppl:   8.55; 3165 src tok/s; 3286 tgt tok/s;     67 s elapsed
Epoch  4,   300/  454; acc:  61.66; ppl:   8.61; 3194 src tok/s; 3310 tgt tok/s;     80 s elapsed
Epoch  4,   350/  454; acc:  61.14; ppl:   8.57; 3223 src tok/s; 3313 tgt tok/s;     94 s elapsed
Epoch  4,   400/  454; acc:  63.86; ppl:   7.37; 3129 src tok/s; 3274 tgt tok/s;    106 s elapsed
Epoch  4,   450/  454; acc:  62.76; ppl:   7.99; 3122 src tok/s; 3229 tgt tok/s;    120 s elapsed
Train perplexity: 8.44562
Train accuracy: 61.7724
Validation perplexity: 8.13878
Validation accuracy: 63.8712

Epoch  5,    50/  454; acc:  65.72; ppl:   6.24; 3105 src tok/s; 3238 tgt tok/s;     13 s elapsed
Epoch  5,   100/  454; acc:  65.20; ppl:   6.40; 3194 src tok/s; 3285 tgt tok/s;     27 s elapsed
Epoch  5,   150/  454; acc:  65.69; ppl:   6.25; 3168 src tok/s; 3312 tgt tok/s;     39 s elapsed
Epoch  5,   200/  454; acc:  65.04; ppl:   6.40; 3129 src tok/s; 3254 tgt tok/s;     53 s elapsed
Epoch  5,   250/  454; acc:  64.30; ppl:   6.78; 3149 src tok/s; 3252 tgt tok/s;     67 s elapsed
Epoch  5,   300/  454; acc:  65.77; ppl:   6.24; 3155 src tok/s; 3284 tgt tok/s;     80 s elapsed
Epoch  5,   350/  454; acc:  65.74; ppl:   6.21; 3177 src tok/s; 3297 tgt tok/s;     93 s elapsed
Epoch  5,   400/  454; acc:  65.68; ppl:   6.11; 3133 src tok/s; 3255 tgt tok/s;    107 s elapsed
Epoch  5,   450/  454; acc:  65.18; ppl:   6.45; 3168 src tok/s; 3274 tgt tok/s;    120 s elapsed
Train perplexity: 6.34591
Train accuracy: 65.3579
Validation perplexity: 7.29712
Validation accuracy: 65.049

Epoch  6,    50/  454; acc:  68.58; ppl:   4.98; 3208 src tok/s; 3323 tgt tok/s;     13 s elapsed
Epoch  6,   100/  454; acc:  68.59; ppl:   4.89; 3128 src tok/s; 3257 tgt tok/s;     26 s elapsed
Epoch  6,   150/  454; acc:  68.21; ppl:   4.96; 3190 src tok/s; 3289 tgt tok/s;     40 s elapsed
Epoch  6,   200/  454; acc:  67.72; ppl:   5.20; 3071 src tok/s; 3218 tgt tok/s;     53 s elapsed
Epoch  6,   250/  454; acc:  66.58; ppl:   5.47; 3191 src tok/s; 3287 tgt tok/s;     67 s elapsed
Epoch  6,   300/  454; acc:  68.80; ppl:   4.76; 3139 src tok/s; 3284 tgt tok/s;     80 s elapsed
Epoch  6,   350/  454; acc:  68.08; ppl:   5.07; 3158 src tok/s; 3271 tgt tok/s;     93 s elapsed
Epoch  6,   400/  454; acc:  67.56; ppl:   5.23; 3119 src tok/s; 3238 tgt tok/s;    106 s elapsed
Epoch  6,   450/  454; acc:  67.06; ppl:   5.38; 3088 src tok/s; 3198 tgt tok/s;    120 s elapsed
Train perplexity: 5.10514
Train accuracy: 67.8947
Validation perplexity: 6.88246
Validation accuracy: 66.2835

Epoch  7,    50/  454; acc:  71.18; ppl:   4.04; 3091 src tok/s; 3209 tgt tok/s;     13 s elapsed
Epoch  7,   100/  454; acc:  70.08; ppl:   4.26; 3115 src tok/s; 3234 tgt tok/s;     27 s elapsed
Epoch  7,   150/  454; acc:  70.94; ppl:   4.12; 3129 src tok/s; 3270 tgt tok/s;     40 s elapsed
Epoch  7,   200/  454; acc:  69.74; ppl:   4.35; 3137 src tok/s; 3246 tgt tok/s;     54 s elapsed
Epoch  7,   250/  454; acc:  70.03; ppl:   4.32; 3031 src tok/s; 3141 tgt tok/s;     68 s elapsed
Epoch  7,   300/  454; acc:  69.80; ppl:   4.33; 3156 src tok/s; 3254 tgt tok/s;     81 s elapsed
Epoch  7,   350/  454; acc:  69.67; ppl:   4.37; 3135 src tok/s; 3249 tgt tok/s;     94 s elapsed
Epoch  7,   400/  454; acc:  69.24; ppl:   4.47; 3010 src tok/s; 3135 tgt tok/s;    108 s elapsed
Epoch  7,   450/  454; acc:  69.30; ppl:   4.47; 3092 src tok/s; 3216 tgt tok/s;    122 s elapsed
Train perplexity: 4.30846
Train accuracy: 69.9652
Validation perplexity: 6.7481
Validation accuracy: 66.6738

Epoch  8,    50/  454; acc:  72.38; ppl:   3.60; 3139 src tok/s; 3236 tgt tok/s;     14 s elapsed
Epoch  8,   100/  454; acc:  73.08; ppl:   3.43; 3107 src tok/s; 3250 tgt tok/s;     27 s elapsed
Epoch  8,   150/  454; acc:  70.94; ppl:   3.93; 3110 src tok/s; 3205 tgt tok/s;     41 s elapsed
Epoch  8,   200/  454; acc:  73.25; ppl:   3.40; 3072 src tok/s; 3224 tgt tok/s;     54 s elapsed
Epoch  8,   250/  454; acc:  71.91; ppl:   3.66; 3157 src tok/s; 3277 tgt tok/s;     67 s elapsed
Epoch  8,   300/  454; acc:  71.23; ppl:   3.85; 3151 src tok/s; 3260 tgt tok/s;     80 s elapsed
Epoch  8,   350/  454; acc:  72.34; ppl:   3.61; 3108 src tok/s; 3236 tgt tok/s;     93 s elapsed
Epoch  8,   400/  454; acc:  70.78; ppl:   4.05; 3120 src tok/s; 3218 tgt tok/s;    108 s elapsed
Epoch  8,   450/  454; acc:  70.81; ppl:   3.98; 3051 src tok/s; 3168 tgt tok/s;    121 s elapsed
Train perplexity: 3.71372
Train accuracy: 71.8666
Validation perplexity: 6.71599
Validation accuracy: 66.8299
Decaying learning rate to 0.5

Epoch  9,    50/  454; acc:  76.72; ppl:   2.83; 3105 src tok/s; 3219 tgt tok/s;     14 s elapsed
Epoch  9,   100/  454; acc:  77.05; ppl:   2.78; 3130 src tok/s; 3239 tgt tok/s;     27 s elapsed
Epoch  9,   150/  454; acc:  76.52; ppl:   2.78; 3050 src tok/s; 3192 tgt tok/s;     41 s elapsed
Epoch  9,   200/  454; acc:  76.65; ppl:   2.81; 3179 src tok/s; 3297 tgt tok/s;     54 s elapsed
Epoch  9,   250/  454; acc:  77.18; ppl:   2.67; 3075 src tok/s; 3209 tgt tok/s;     67 s elapsed
Epoch  9,   300/  454; acc:  75.93; ppl:   2.89; 3166 src tok/s; 3264 tgt tok/s;     81 s elapsed
Epoch  9,   350/  454; acc:  76.78; ppl:   2.75; 3099 src tok/s; 3232 tgt tok/s;     94 s elapsed
Epoch  9,   400/  454; acc:  75.96; ppl:   2.89; 3109 src tok/s; 3217 tgt tok/s;    108 s elapsed
Epoch  9,   450/  454; acc:  76.60; ppl:   2.78; 3115 src tok/s; 3225 tgt tok/s;    121 s elapsed
Train perplexity: 2.80082
Train accuracy: 76.5779
Validation perplexity: 6.12823
Validation accuracy: 68.8307
Decaying learning rate to 0.25

Epoch 10,    50/  454; acc:  80.26; ppl:   2.30; 3106 src tok/s; 3226 tgt tok/s;     13 s elapsed
Epoch 10,   100/  454; acc:  80.35; ppl:   2.28; 3146 src tok/s; 3274 tgt tok/s;     27 s elapsed
Epoch 10,   150/  454; acc:  81.04; ppl:   2.26; 3095 src tok/s; 3224 tgt tok/s;     40 s elapsed
Epoch 10,   200/  454; acc:  79.91; ppl:   2.41; 3122 src tok/s; 3244 tgt tok/s;     54 s elapsed
Epoch 10,   250/  454; acc:  80.06; ppl:   2.31; 3109 src tok/s; 3226 tgt tok/s;     67 s elapsed
Epoch 10,   300/  454; acc:  79.73; ppl:   2.38; 3160 src tok/s; 3261 tgt tok/s;     81 s elapsed
Epoch 10,   350/  454; acc:  80.51; ppl:   2.28; 3142 src tok/s; 3270 tgt tok/s;     94 s elapsed
Epoch 10,   400/  454; acc:  79.25; ppl:   2.40; 3120 src tok/s; 3229 tgt tok/s;    107 s elapsed
Epoch 10,   450/  454; acc:  80.03; ppl:   2.31; 3104 src tok/s; 3220 tgt tok/s;    121 s elapsed
Train perplexity: 2.32737
Train accuracy: 80.124
Validation perplexity: 6.1939
Validation accuracy: 68.9939
Decaying learning rate to 0.125

Epoch 11,    50/  454; acc:  82.25; ppl:   2.14; 3102 src tok/s; 3233 tgt tok/s;     13 s elapsed
Epoch 11,   100/  454; acc:  82.16; ppl:   2.11; 3116 src tok/s; 3236 tgt tok/s;     27 s elapsed
Epoch 11,   150/  454; acc:  82.27; ppl:   2.09; 3158 src tok/s; 3272 tgt tok/s;     40 s elapsed
Epoch 11,   200/  454; acc:  82.30; ppl:   2.08; 3097 src tok/s; 3210 tgt tok/s;     54 s elapsed
Epoch 11,   250/  454; acc:  81.98; ppl:   2.08; 3092 src tok/s; 3208 tgt tok/s;     68 s elapsed
Epoch 11,   300/  454; acc:  82.03; ppl:   2.10; 3081 src tok/s; 3198 tgt tok/s;     81 s elapsed
Epoch 11,   350/  454; acc:  81.30; ppl:   2.20; 3147 src tok/s; 3250 tgt tok/s;     95 s elapsed
Epoch 11,   400/  454; acc:  82.76; ppl:   2.05; 3118 src tok/s; 3240 tgt tok/s;    108 s elapsed
Epoch 11,   450/  454; acc:  81.57; ppl:   2.16; 3125 src tok/s; 3247 tgt tok/s;    121 s elapsed
Train perplexity: 2.11092
Train accuracy: 82.0802
Validation perplexity: 6.28696
Validation accuracy: 69.299
Decaying learning rate to 0.0625

Epoch 12,    50/  454; acc:  84.35; ppl:   1.90; 3120 src tok/s; 3257 tgt tok/s;     13 s elapsed
Epoch 12,   100/  454; acc:  82.68; ppl:   2.08; 3089 src tok/s; 3181 tgt tok/s;     27 s elapsed
Epoch 12,   150/  454; acc:  84.05; ppl:   1.91; 2971 src tok/s; 3097 tgt tok/s;     41 s elapsed
Epoch 12,   200/  454; acc:  82.47; ppl:   2.07; 3148 src tok/s; 3256 tgt tok/s;     54 s elapsed
Epoch 12,   250/  454; acc:  83.21; ppl:   1.97; 3150 src tok/s; 3266 tgt tok/s;     68 s elapsed
Epoch 12,   300/  454; acc:  83.34; ppl:   2.03; 3119 src tok/s; 3242 tgt tok/s;     81 s elapsed
Epoch 12,   350/  454; acc:  83.39; ppl:   1.99; 3091 src tok/s; 3247 tgt tok/s;     94 s elapsed
Epoch 12,   400/  454; acc:  82.50; ppl:   2.08; 3134 src tok/s; 3222 tgt tok/s;    108 s elapsed
Epoch 12,   450/  454; acc:  82.92; ppl:   2.05; 3044 src tok/s; 3153 tgt tok/s;    122 s elapsed
Train perplexity: 2.00954
Train accuracy: 83.2077
Validation perplexity: 6.36125
Validation accuracy: 69.2848
Decaying learning rate to 0.03125

Epoch 13,    50/  454; acc:  84.36; ppl:   1.91; 3086 src tok/s; 3224 tgt tok/s;     13 s elapsed
Epoch 13,   100/  454; acc:  83.35; ppl:   2.00; 3126 src tok/s; 3231 tgt tok/s;     27 s elapsed
Epoch 13,   150/  454; acc:  84.69; ppl:   1.85; 3104 src tok/s; 3248 tgt tok/s;     40 s elapsed
Epoch 13,   200/  454; acc:  82.56; ppl:   2.08; 3213 src tok/s; 3306 tgt tok/s;     54 s elapsed
Epoch 13,   250/  454; acc:  83.42; ppl:   2.02; 3059 src tok/s; 3175 tgt tok/s;     68 s elapsed
Epoch 13,   300/  454; acc:  84.36; ppl:   1.91; 3125 src tok/s; 3255 tgt tok/s;     81 s elapsed
Epoch 13,   350/  454; acc:  83.75; ppl:   1.95; 3206 src tok/s; 3312 tgt tok/s;     94 s elapsed
Epoch 13,   400/  454; acc:  83.96; ppl:   1.96; 3052 src tok/s; 3187 tgt tok/s;    107 s elapsed
Epoch 13,   450/  454; acc:  84.20; ppl:   1.90; 3119 src tok/s; 3231 tgt tok/s;    120 s elapsed
Train perplexity: 1.96254
Train accuracy: 83.7465
Validation perplexity: 6.41882
Validation accuracy: 69.3628
Decaying learning rate to 0.015625

Epoch 14,    50/  454; acc:  83.69; ppl:   1.99; 3110 src tok/s; 3216 tgt tok/s;     14 s elapsed
Epoch 14,   100/  454; acc:  84.51; ppl:   1.86; 3050 src tok/s; 3195 tgt tok/s;     27 s elapsed
Epoch 14,   150/  454; acc:  84.21; ppl:   1.90; 2961 src tok/s; 3092 tgt tok/s;     41 s elapsed
Epoch 14,   200/  454; acc:  83.35; ppl:   2.01; 3068 src tok/s; 3155 tgt tok/s;     55 s elapsed
Epoch 14,   250/  454; acc:  82.99; ppl:   2.04; 3139 src tok/s; 3237 tgt tok/s;     69 s elapsed
Epoch 14,   300/  454; acc:  85.20; ppl:   1.83; 3146 src tok/s; 3285 tgt tok/s;     82 s elapsed
Epoch 14,   350/  454; acc:  84.95; ppl:   1.85; 3110 src tok/s; 3250 tgt tok/s;     95 s elapsed
Epoch 14,   400/  454; acc:  83.35; ppl:   2.00; 3179 src tok/s; 3270 tgt tok/s;    108 s elapsed
Epoch 14,   450/  454; acc:  83.82; ppl:   1.95; 3074 src tok/s; 3197 tgt tok/s;    122 s elapsed
Train perplexity: 1.93698
Train accuracy: 83.9802
Validation perplexity: 6.43437
Validation accuracy: 69.4196
Decaying learning rate to 0.0078125

Epoch 15,    50/  454; acc:  84.36; ppl:   1.92; 3124 src tok/s; 3236 tgt tok/s;     13 s elapsed
Epoch 15,   100/  454; acc:  83.60; ppl:   1.95; 3132 src tok/s; 3249 tgt tok/s;     27 s elapsed
Epoch 15,   150/  454; acc:  83.40; ppl:   1.98; 3067 src tok/s; 3188 tgt tok/s;     41 s elapsed
Epoch 15,   200/  454; acc:  84.69; ppl:   1.86; 3041 src tok/s; 3177 tgt tok/s;     54 s elapsed
Epoch 15,   250/  454; acc:  83.98; ppl:   1.95; 3184 src tok/s; 3273 tgt tok/s;     68 s elapsed
Epoch 15,   300/  454; acc:  84.86; ppl:   1.86; 3079 src tok/s; 3216 tgt tok/s;     81 s elapsed
Epoch 15,   350/  454; acc:  83.72; ppl:   1.92; 3161 src tok/s; 3262 tgt tok/s;     95 s elapsed
Epoch 15,   400/  454; acc:  83.79; ppl:   1.96; 2898 src tok/s; 3021 tgt tok/s;    109 s elapsed
Epoch 15,   450/  454; acc:  84.68; ppl:   1.87; 2883 src tok/s; 2992 tgt tok/s;    123 s elapsed
Train perplexity: 1.92329
Train accuracy: 84.058
Validation perplexity: 6.44872
Validation accuracy: 69.3912
Decaying learning rate to 0.00390625

Epoch 16,    50/  454; acc:  84.12; ppl:   1.93; 2945 src tok/s; 3054 tgt tok/s;     14 s elapsed
Epoch 16,   100/  454; acc:  84.41; ppl:   1.90; 2956 src tok/s; 3068 tgt tok/s;     29 s elapsed
Epoch 16,   150/  454; acc:  85.06; ppl:   1.85; 2945 src tok/s; 3077 tgt tok/s;     42 s elapsed
Epoch 16,   200/  454; acc:  83.77; ppl:   1.96; 2940 src tok/s; 3041 tgt tok/s;     57 s elapsed
Epoch 16,   250/  454; acc:  84.44; ppl:   1.88; 2923 src tok/s; 3058 tgt tok/s;     71 s elapsed
Epoch 16,   300/  454; acc:  83.52; ppl:   1.97; 3012 src tok/s; 3099 tgt tok/s;     85 s elapsed
Epoch 16,   350/  454; acc:  83.32; ppl:   1.97; 2994 src tok/s; 3096 tgt tok/s;    100 s elapsed
Epoch 16,   400/  454; acc:  84.90; ppl:   1.85; 3100 src tok/s; 3238 tgt tok/s;    113 s elapsed
Epoch 16,   450/  454; acc:  84.11; ppl:   1.94; 3029 src tok/s; 3141 tgt tok/s;    126 s elapsed
Train perplexity: 1.91709
Train accuracy: 84.159
Validation perplexity: 6.46113
Validation accuracy: 69.377
Decaying learning rate to 0.00195312

Epoch 17,    50/  454; acc:  83.93; ppl:   1.94; 3040 src tok/s; 3156 tgt tok/s;     14 s elapsed
Epoch 17,   100/  454; acc:  84.34; ppl:   1.90; 3138 src tok/s; 3261 tgt tok/s;     27 s elapsed
Epoch 17,   150/  454; acc:  84.05; ppl:   1.93; 3161 src tok/s; 3264 tgt tok/s;     41 s elapsed
Epoch 17,   200/  454; acc:  84.10; ppl:   1.91; 3105 src tok/s; 3224 tgt tok/s;     54 s elapsed
Epoch 17,   250/  454; acc:  84.06; ppl:   1.95; 3122 src tok/s; 3242 tgt tok/s;     68 s elapsed
Epoch 17,   300/  454; acc:  84.00; ppl:   1.91; 3105 src tok/s; 3227 tgt tok/s;     81 s elapsed
Epoch 17,   350/  454; acc:  83.88; ppl:   1.94; 3109 src tok/s; 3215 tgt tok/s;     95 s elapsed
Epoch 17,   400/  454; acc:  85.14; ppl:   1.84; 3129 src tok/s; 3256 tgt tok/s;    108 s elapsed
Epoch 17,   450/  454; acc:  84.30; ppl:   1.91; 3049 src tok/s; 3173 tgt tok/s;    121 s elapsed
Train perplexity: 1.9146
Train accuracy: 84.2029
Validation perplexity: 6.46437
Validation accuracy: 69.3487
Decaying learning rate to 0.000976562
