<module 'opts' from '/u/suhubdyd/research/projects/jumble_lstm/code/auxiliary-nmt/opts.pyc'>
Namespace(batch_size=64, brnn=False, brnn_merge='concat', cnn_kernel_width=3, context_gate=None, copy_attn=False, copy_attn_force=False, coverage_attn=False, data='/data/lisatmp3/suhubdyd/multi30k.atok.low', dec_layers=1, decay_method='', decoder_type='rnn', dropout=0.3, enc_layers=2, encoder_type='rnn', epochs=17, exp='', exp_host='', feat_merge='concat', feat_vec_exponent=0.7, feat_vec_size=-1, fix_word_vecs_dec=False, fix_word_vecs_enc=False, global_attention='general', gpuid=[0], input_feed=1, kappa_dec=0.05, kappa_enc=0.1, lambda_coverage=1, layers=-1, learning_rate=1.0, learning_rate_decay=0.5, max_generator_batches=32, max_grad_norm=5, model_type='text', optim='sgd', param_init=0.1, position_encoding=False, pre_word_vecs_dec=None, pre_word_vecs_enc=None, report_every=50, rnn_size=500, rnn_type='LSTM', save_model='/data/lisatmp3/suhubdyd/models/encoder0.10decoder0.05dropout0.3wdropFalse', seed=-1, share_decoder_embeddings=False, share_embeddings=False, src_word_vec_size=500, start_checkpoint_at=0, start_decay_at=8, start_epoch=1, tgt_word_vec_size=500, train_from='', truncated_decoder=0, warmup_steps=4000, weightdropout=False, word_vec_size=-1)
('Using Kappa L2 loss on encoder', 0.1)
('Using Kappa L2 loss on decoder', 0.05)
Loading train and validate data from '/data/lisatmp3/suhubdyd/multi30k.atok.low'
 * number of training sentences: 29000
 * maximum batch size: 64
 * vocabulary size. source = 10841; target = 18563
Building model...
Intializing model parameters.
NMTModel (
  (encoder): RNNEncoder (
    (embeddings): Embeddings (
      (make_embedding): Sequential (
        (emb_luts): Elementwise (
          (0): Embedding(10841, 500, padding_idx=1)
        )
      )
    )
    (dropout): Dropout (p = 0.3)
    (rnn): LSTM(500, 500, dropout=0.3)
  )
  (decoder): InputFeedRNNDecoder (
    (embeddings): Embeddings (
      (make_embedding): Sequential (
        (emb_luts): Elementwise (
          (0): Embedding(18563, 500, padding_idx=1)
        )
      )
    )
    (dropout): Dropout (p = 0.3)
    (rnn): StackedLSTM (
      (dropout): Dropout (p = 0.3)
      (layers): ModuleList (
        (0): LSTMCell(1000, 500)
      )
    )
    (attn): GlobalAttention (
      (linear_in): Linear (500 -> 500)
      (linear_out): Linear (1000 -> 500)
      (sm): Softmax ()
      (tanh): Tanh ()
    )
  )
  (generator): Sequential (
    (0): Linear (500 -> 18563)
    (1): LogSoftmax ()
  )
)
* number of parameters: 29760063
('encoder: ', 7424500)
('decoder: ', 22335563)

Epoch  1,    50/  454; acc:   7.54; ppl: 40706.67; 3068 src tok/s; 3206 tgt tok/s;     13 s elapsed
Epoch  1,   100/  454; acc:  14.26; ppl: 1679.16; 3242 src tok/s; 3338 tgt tok/s;     27 s elapsed
Epoch  1,   150/  454; acc:  18.42; ppl: 511.80; 3174 src tok/s; 3309 tgt tok/s;     39 s elapsed
Epoch  1,   200/  454; acc:  21.09; ppl: 265.84; 3226 src tok/s; 3340 tgt tok/s;     53 s elapsed
Epoch  1,   250/  454; acc:  24.13; ppl: 175.53; 3146 src tok/s; 3272 tgt tok/s;     66 s elapsed
Epoch  1,   300/  454; acc:  27.19; ppl: 126.28; 3279 src tok/s; 3394 tgt tok/s;     79 s elapsed
Epoch  1,   350/  454; acc:  30.25; ppl:  93.33; 3181 src tok/s; 3321 tgt tok/s;     92 s elapsed
Epoch  1,   400/  454; acc:  31.28; ppl:  81.31; 3258 src tok/s; 3370 tgt tok/s;    105 s elapsed
Epoch  1,   450/  454; acc:  33.70; ppl:  65.30; 3200 src tok/s; 3312 tgt tok/s;    118 s elapsed
Train perplexity: 347.968
Train accuracy: 23.2259
Validation perplexity: 66.7221
Validation accuracy: 34.0783

Epoch  2,    50/  454; acc:  35.81; ppl:  53.94; 3209 src tok/s; 3323 tgt tok/s;     13 s elapsed
Epoch  2,   100/  454; acc:  36.70; ppl:  49.45; 3241 src tok/s; 3345 tgt tok/s;     26 s elapsed
Epoch  2,   150/  454; acc:  39.45; ppl:  41.84; 3291 src tok/s; 3414 tgt tok/s;     39 s elapsed
Epoch  2,   200/  454; acc:  42.10; ppl:  36.10; 3193 src tok/s; 3311 tgt tok/s;     52 s elapsed
Epoch  2,   250/  454; acc:  45.05; ppl:  29.51; 3156 src tok/s; 3309 tgt tok/s;     65 s elapsed
Epoch  2,   300/  454; acc:  45.26; ppl:  28.24; 3206 src tok/s; 3310 tgt tok/s;     78 s elapsed
Epoch  2,   350/  454; acc:  47.40; ppl:  25.10; 3234 src tok/s; 3364 tgt tok/s;     92 s elapsed
Epoch  2,   400/  454; acc:  50.21; ppl:  20.01; 3233 src tok/s; 3355 tgt tok/s;    104 s elapsed
Epoch  2,   450/  454; acc:  50.79; ppl:  19.60; 3189 src tok/s; 3318 tgt tok/s;    117 s elapsed
Train perplexity: 31.5952
Train accuracy: 43.7221
Validation perplexity: 16.5438
Validation accuracy: 53.4483

Epoch  3,    50/  454; acc:  53.79; ppl:  15.19; 3213 src tok/s; 3338 tgt tok/s;     13 s elapsed
Epoch  3,   100/  454; acc:  54.08; ppl:  15.16; 3223 src tok/s; 3344 tgt tok/s;     26 s elapsed
Epoch  3,   150/  454; acc:  56.08; ppl:  13.40; 3164 src tok/s; 3299 tgt tok/s;     39 s elapsed
Epoch  3,   200/  454; acc:  55.88; ppl:  13.20; 3320 src tok/s; 3417 tgt tok/s;     52 s elapsed
Epoch  3,   250/  454; acc:  56.26; ppl:  13.08; 3262 src tok/s; 3377 tgt tok/s;     65 s elapsed
Epoch  3,   300/  454; acc:  56.73; ppl:  12.54; 3193 src tok/s; 3337 tgt tok/s;     78 s elapsed
Epoch  3,   350/  454; acc:  57.94; ppl:  11.53; 3189 src tok/s; 3323 tgt tok/s;     91 s elapsed
Epoch  3,   400/  454; acc:  58.03; ppl:  11.34; 3202 src tok/s; 3316 tgt tok/s;    104 s elapsed
Epoch  3,   450/  454; acc:  58.34; ppl:  11.23; 3241 src tok/s; 3352 tgt tok/s;    117 s elapsed
Train perplexity: 12.8738
Train accuracy: 56.3722
Validation perplexity: 10.5191
Validation accuracy: 60.6215

Epoch  4,    50/  454; acc:  60.38; ppl:   9.26; 3166 src tok/s; 3270 tgt tok/s;     14 s elapsed
Epoch  4,   100/  454; acc:  61.81; ppl:   8.41; 3257 src tok/s; 3405 tgt tok/s;     26 s elapsed
Epoch  4,   150/  454; acc:  60.34; ppl:   9.14; 3259 src tok/s; 3362 tgt tok/s;     40 s elapsed
Epoch  4,   200/  454; acc:  63.45; ppl:   7.72; 3201 src tok/s; 3344 tgt tok/s;     52 s elapsed
Epoch  4,   250/  454; acc:  61.11; ppl:   8.83; 3261 src tok/s; 3352 tgt tok/s;     66 s elapsed
Epoch  4,   300/  454; acc:  62.97; ppl:   7.93; 3239 src tok/s; 3387 tgt tok/s;     78 s elapsed
Epoch  4,   350/  454; acc:  63.17; ppl:   7.71; 3235 src tok/s; 3371 tgt tok/s;     91 s elapsed
Epoch  4,   400/  454; acc:  62.04; ppl:   8.26; 3253 src tok/s; 3363 tgt tok/s;    104 s elapsed
Epoch  4,   450/  454; acc:  62.73; ppl:   8.10; 3232 src tok/s; 3356 tgt tok/s;    117 s elapsed
Train perplexity: 8.36607
Train accuracy: 61.97
Validation perplexity: 8.24372
Validation accuracy: 63.112

Epoch  5,    50/  454; acc:  65.15; ppl:   6.37; 3204 src tok/s; 3324 tgt tok/s;     13 s elapsed
Epoch  5,   100/  454; acc:  64.96; ppl:   6.44; 3198 src tok/s; 3327 tgt tok/s;     26 s elapsed
Epoch  5,   150/  454; acc:  64.81; ppl:   6.51; 3203 src tok/s; 3310 tgt tok/s;     39 s elapsed
Epoch  5,   200/  454; acc:  65.29; ppl:   6.37; 3307 src tok/s; 3419 tgt tok/s;     52 s elapsed
Epoch  5,   250/  454; acc:  65.67; ppl:   6.15; 3275 src tok/s; 3398 tgt tok/s;     65 s elapsed
Epoch  5,   300/  454; acc:  65.99; ppl:   6.11; 3214 src tok/s; 3327 tgt tok/s;     78 s elapsed
Epoch  5,   350/  454; acc:  65.98; ppl:   6.00; 3269 src tok/s; 3410 tgt tok/s;     90 s elapsed
Epoch  5,   400/  454; acc:  64.40; ppl:   6.76; 3243 src tok/s; 3369 tgt tok/s;    104 s elapsed
Epoch  5,   450/  454; acc:  65.47; ppl:   6.19; 3186 src tok/s; 3320 tgt tok/s;    117 s elapsed
Train perplexity: 6.3213
Train accuracy: 65.313
Validation perplexity: 7.43198
Validation accuracy: 65.0986

Epoch  6,    50/  454; acc:  68.64; ppl:   4.84; 3188 src tok/s; 3293 tgt tok/s;     13 s elapsed
Epoch  6,   100/  454; acc:  68.49; ppl:   4.97; 3254 src tok/s; 3373 tgt tok/s;     26 s elapsed
Epoch  6,   150/  454; acc:  69.36; ppl:   4.63; 3222 src tok/s; 3375 tgt tok/s;     38 s elapsed
Epoch  6,   200/  454; acc:  66.36; ppl:   5.64; 3216 src tok/s; 3320 tgt tok/s;     52 s elapsed
Epoch  6,   250/  454; acc:  67.75; ppl:   5.09; 3257 src tok/s; 3415 tgt tok/s;     65 s elapsed
Epoch  6,   300/  454; acc:  67.16; ppl:   5.30; 3306 src tok/s; 3391 tgt tok/s;     78 s elapsed
Epoch  6,   350/  454; acc:  67.56; ppl:   5.21; 3235 src tok/s; 3362 tgt tok/s;     91 s elapsed
Epoch  6,   400/  454; acc:  67.78; ppl:   5.21; 3173 src tok/s; 3301 tgt tok/s;    104 s elapsed
Epoch  6,   450/  454; acc:  67.18; ppl:   5.24; 3165 src tok/s; 3289 tgt tok/s;    117 s elapsed
Train perplexity: 5.12166
Train accuracy: 67.8126
Validation perplexity: 6.91126
Validation accuracy: 66.4467

Epoch  7,    50/  454; acc:  70.61; ppl:   4.15; 3172 src tok/s; 3291 tgt tok/s;     13 s elapsed
Epoch  7,   100/  454; acc:  70.93; ppl:   4.10; 3256 src tok/s; 3380 tgt tok/s;     26 s elapsed
Epoch  7,   150/  454; acc:  70.58; ppl:   4.15; 3218 src tok/s; 3346 tgt tok/s;     39 s elapsed
Epoch  7,   200/  454; acc:  69.90; ppl:   4.28; 3243 src tok/s; 3358 tgt tok/s;     52 s elapsed
Epoch  7,   250/  454; acc:  70.38; ppl:   4.16; 3200 src tok/s; 3338 tgt tok/s;     65 s elapsed
Epoch  7,   300/  454; acc:  68.60; ppl:   4.68; 3297 src tok/s; 3392 tgt tok/s;     78 s elapsed
Epoch  7,   350/  454; acc:  68.84; ppl:   4.60; 3189 src tok/s; 3298 tgt tok/s;     92 s elapsed
Epoch  7,   400/  454; acc:  70.24; ppl:   4.19; 3245 src tok/s; 3393 tgt tok/s;    104 s elapsed
Epoch  7,   450/  454; acc:  69.15; ppl:   4.56; 3154 src tok/s; 3277 tgt tok/s;    117 s elapsed
Train perplexity: 4.31321
Train accuracy: 69.9102
Validation perplexity: 6.5659
Validation accuracy: 66.9434

Epoch  8,    50/  454; acc:  72.75; ppl:   3.55; 3174 src tok/s; 3291 tgt tok/s;     13 s elapsed
Epoch  8,   100/  454; acc:  72.45; ppl:   3.60; 3195 src tok/s; 3326 tgt tok/s;     26 s elapsed
Epoch  8,   150/  454; acc:  72.84; ppl:   3.52; 3243 src tok/s; 3381 tgt tok/s;     39 s elapsed
Epoch  8,   200/  454; acc:  71.27; ppl:   3.86; 3251 src tok/s; 3350 tgt tok/s;     52 s elapsed
Epoch  8,   250/  454; acc:  71.90; ppl:   3.70; 3176 src tok/s; 3309 tgt tok/s;     65 s elapsed
Epoch  8,   300/  454; acc:  70.70; ppl:   3.93; 3270 src tok/s; 3386 tgt tok/s;     78 s elapsed
Epoch  8,   350/  454; acc:  70.89; ppl:   3.91; 3217 src tok/s; 3307 tgt tok/s;     92 s elapsed
Epoch  8,   400/  454; acc:  71.83; ppl:   3.69; 3185 src tok/s; 3325 tgt tok/s;    104 s elapsed
Epoch  8,   450/  454; acc:  70.95; ppl:   3.88; 3130 src tok/s; 3266 tgt tok/s;    117 s elapsed
Train perplexity: 3.7401
Train accuracy: 71.7037
Validation perplexity: 6.58905
Validation accuracy: 67.5323
Decaying learning rate to 0.5

Epoch  9,    50/  454; acc:  76.01; ppl:   2.91; 3187 src tok/s; 3318 tgt tok/s;     13 s elapsed
Epoch  9,   100/  454; acc:  76.53; ppl:   2.83; 3245 src tok/s; 3371 tgt tok/s;     26 s elapsed
Epoch  9,   150/  454; acc:  77.45; ppl:   2.70; 3049 src tok/s; 3162 tgt tok/s;     40 s elapsed
Epoch  9,   200/  454; acc:  76.47; ppl:   2.82; 3177 src tok/s; 3289 tgt tok/s;     53 s elapsed
Epoch  9,   250/  454; acc:  76.43; ppl:   2.81; 3238 src tok/s; 3371 tgt tok/s;     66 s elapsed
Epoch  9,   300/  454; acc:  76.64; ppl:   2.81; 3238 src tok/s; 3342 tgt tok/s;     79 s elapsed
Epoch  9,   350/  454; acc:  75.51; ppl:   2.97; 3249 src tok/s; 3357 tgt tok/s;     92 s elapsed
Epoch  9,   400/  454; acc:  77.49; ppl:   2.69; 3197 src tok/s; 3326 tgt tok/s;    105 s elapsed
Epoch  9,   450/  454; acc:  76.50; ppl:   2.82; 3127 src tok/s; 3257 tgt tok/s;    118 s elapsed
Train perplexity: 2.81712
Train accuracy: 76.5484
Validation perplexity: 6.20976
Validation accuracy: 68.9939
Decaying learning rate to 0.25

Epoch 10,    50/  454; acc:  79.55; ppl:   2.39; 3240 src tok/s; 3347 tgt tok/s;     13 s elapsed
Epoch 10,   100/  454; acc:  81.03; ppl:   2.22; 3216 src tok/s; 3351 tgt tok/s;     26 s elapsed
Epoch 10,   150/  454; acc:  80.13; ppl:   2.31; 3271 src tok/s; 3381 tgt tok/s;     39 s elapsed
Epoch 10,   200/  454; acc:  80.36; ppl:   2.32; 3253 src tok/s; 3378 tgt tok/s;     52 s elapsed
Epoch 10,   250/  454; acc:  79.16; ppl:   2.45; 3232 src tok/s; 3333 tgt tok/s;     65 s elapsed
Epoch 10,   300/  454; acc:  80.46; ppl:   2.25; 3205 src tok/s; 3355 tgt tok/s;     78 s elapsed
Epoch 10,   350/  454; acc:  79.99; ppl:   2.34; 3169 src tok/s; 3310 tgt tok/s;     91 s elapsed
Epoch 10,   400/  454; acc:  79.56; ppl:   2.37; 3223 src tok/s; 3345 tgt tok/s;    104 s elapsed
Epoch 10,   450/  454; acc:  79.81; ppl:   2.35; 3170 src tok/s; 3287 tgt tok/s;    117 s elapsed
Train perplexity: 2.33712
Train accuracy: 79.9686
Validation perplexity: 6.21005
Validation accuracy: 68.9655
Decaying learning rate to 0.125

Epoch 11,    50/  454; acc:  82.20; ppl:   2.11; 3205 src tok/s; 3330 tgt tok/s;     13 s elapsed
Epoch 11,   100/  454; acc:  82.46; ppl:   2.08; 3204 src tok/s; 3329 tgt tok/s;     26 s elapsed
Epoch 11,   150/  454; acc:  82.45; ppl:   2.06; 3174 src tok/s; 3318 tgt tok/s;     39 s elapsed
Epoch 11,   200/  454; acc:  82.05; ppl:   2.17; 3234 src tok/s; 3331 tgt tok/s;     52 s elapsed
Epoch 11,   250/  454; acc:  81.16; ppl:   2.23; 3277 src tok/s; 3375 tgt tok/s;     66 s elapsed
Epoch 11,   300/  454; acc:  82.87; ppl:   2.03; 3212 src tok/s; 3362 tgt tok/s;     78 s elapsed
Epoch 11,   350/  454; acc:  82.48; ppl:   2.10; 3256 src tok/s; 3353 tgt tok/s;     91 s elapsed
Epoch 11,   400/  454; acc:  81.60; ppl:   2.15; 3250 src tok/s; 3376 tgt tok/s;    104 s elapsed
Epoch 11,   450/  454; acc:  81.20; ppl:   2.19; 3176 src tok/s; 3306 tgt tok/s;    117 s elapsed
Train perplexity: 2.122
Train accuracy: 82.0648
Validation perplexity: 6.29305
Validation accuracy: 69.2777
Decaying learning rate to 0.0625

Epoch 12,    50/  454; acc:  83.31; ppl:   2.00; 3236 src tok/s; 3351 tgt tok/s;     13 s elapsed
Epoch 12,   100/  454; acc:  82.79; ppl:   2.03; 3179 src tok/s; 3305 tgt tok/s;     26 s elapsed
Epoch 12,   150/  454; acc:  83.80; ppl:   1.94; 3240 src tok/s; 3366 tgt tok/s;     39 s elapsed
Epoch 12,   200/  454; acc:  82.59; ppl:   2.07; 3247 src tok/s; 3360 tgt tok/s;     52 s elapsed
Epoch 12,   250/  454; acc:  83.11; ppl:   2.01; 3255 src tok/s; 3389 tgt tok/s;     65 s elapsed
Epoch 12,   300/  454; acc:  83.03; ppl:   2.00; 3236 src tok/s; 3358 tgt tok/s;     78 s elapsed
Epoch 12,   350/  454; acc:  83.53; ppl:   1.97; 3229 src tok/s; 3371 tgt tok/s;     90 s elapsed
Epoch 12,   400/  454; acc:  82.08; ppl:   2.11; 3217 src tok/s; 3322 tgt tok/s;    104 s elapsed
Epoch 12,   450/  454; acc:  82.78; ppl:   2.05; 3223 src tok/s; 3343 tgt tok/s;    117 s elapsed
Train perplexity: 2.01776
Train accuracy: 83.0043
Validation perplexity: 6.41478
Validation accuracy: 69.4338
Decaying learning rate to 0.03125

Epoch 13,    50/  454; acc:  82.99; ppl:   2.02; 3159 src tok/s; 3272 tgt tok/s;     13 s elapsed
Epoch 13,   100/  454; acc:  84.10; ppl:   1.93; 3266 src tok/s; 3388 tgt tok/s;     26 s elapsed
Epoch 13,   150/  454; acc:  83.74; ppl:   1.94; 3220 src tok/s; 3355 tgt tok/s;     39 s elapsed
Epoch 13,   200/  454; acc:  83.13; ppl:   2.02; 3197 src tok/s; 3312 tgt tok/s;     52 s elapsed
Epoch 13,   250/  454; acc:  83.86; ppl:   1.94; 3167 src tok/s; 3296 tgt tok/s;     65 s elapsed
Epoch 13,   300/  454; acc:  83.43; ppl:   1.98; 3203 src tok/s; 3316 tgt tok/s;     79 s elapsed
Epoch 13,   350/  454; acc:  84.60; ppl:   1.87; 3173 src tok/s; 3320 tgt tok/s;     91 s elapsed
Epoch 13,   400/  454; acc:  82.82; ppl:   2.02; 3307 src tok/s; 3407 tgt tok/s;    105 s elapsed
Epoch 13,   450/  454; acc:  84.09; ppl:   1.92; 3211 src tok/s; 3350 tgt tok/s;    117 s elapsed
Train perplexity: 1.96755
Train accuracy: 83.5648
Validation perplexity: 6.44751
Validation accuracy: 69.3416
Decaying learning rate to 0.015625

Epoch 14,    50/  454; acc:  83.48; ppl:   2.01; 3248 src tok/s; 3336 tgt tok/s;     14 s elapsed
Epoch 14,   100/  454; acc:  84.70; ppl:   1.88; 3158 src tok/s; 3309 tgt tok/s;     26 s elapsed
Epoch 14,   150/  454; acc:  83.26; ppl:   2.00; 3244 src tok/s; 3362 tgt tok/s;     39 s elapsed
Epoch 14,   200/  454; acc:  84.22; ppl:   1.90; 3228 src tok/s; 3355 tgt tok/s;     52 s elapsed
Epoch 14,   250/  454; acc:  83.67; ppl:   1.96; 3285 src tok/s; 3392 tgt tok/s;     65 s elapsed
Epoch 14,   300/  454; acc:  84.44; ppl:   1.90; 3208 src tok/s; 3326 tgt tok/s;     78 s elapsed
Epoch 14,   350/  454; acc:  84.26; ppl:   1.89; 2968 src tok/s; 3104 tgt tok/s;     92 s elapsed
Epoch 14,   400/  454; acc:  82.93; ppl:   2.03; 2976 src tok/s; 3082 tgt tok/s;    106 s elapsed
Epoch 14,   450/  454; acc:  83.73; ppl:   1.95; 2954 src tok/s; 3074 tgt tok/s;    120 s elapsed
Train perplexity: 1.94652
Train accuracy: 83.8572
Validation perplexity: 6.48264
Validation accuracy: 69.2422
Decaying learning rate to 0.0078125

Epoch 15,    50/  454; acc:  83.19; ppl:   2.01; 3087 src tok/s; 3172 tgt tok/s;     14 s elapsed
Epoch 15,   100/  454; acc:  84.68; ppl:   1.86; 2875 src tok/s; 3020 tgt tok/s;     28 s elapsed
Epoch 15,   150/  454; acc:  83.87; ppl:   1.97; 2964 src tok/s; 3053 tgt tok/s;     42 s elapsed
Epoch 15,   200/  454; acc:  84.72; ppl:   1.86; 3057 src tok/s; 3192 tgt tok/s;     56 s elapsed
Epoch 15,   250/  454; acc:  84.53; ppl:   1.88; 2927 src tok/s; 3049 tgt tok/s;     70 s elapsed
Epoch 15,   300/  454; acc:  83.37; ppl:   1.99; 3005 src tok/s; 3119 tgt tok/s;     84 s elapsed
Epoch 15,   350/  454; acc:  84.75; ppl:   1.86; 2944 src tok/s; 3068 tgt tok/s;     98 s elapsed
Epoch 15,   400/  454; acc:  83.25; ppl:   2.00; 2940 src tok/s; 3033 tgt tok/s;    113 s elapsed
Epoch 15,   450/  454; acc:  83.96; ppl:   1.95; 2991 src tok/s; 3111 tgt tok/s;    126 s elapsed
Train perplexity: 1.93461
Train accuracy: 83.9847
Validation perplexity: 6.49123
Validation accuracy: 69.3487
Decaying learning rate to 0.00390625

Epoch 16,    50/  454; acc:  84.91; ppl:   1.83; 2935 src tok/s; 3058 tgt tok/s;     14 s elapsed
Epoch 16,   100/  454; acc:  83.16; ppl:   2.03; 2944 src tok/s; 3031 tgt tok/s;     29 s elapsed
Epoch 16,   150/  454; acc:  84.01; ppl:   1.94; 2943 src tok/s; 3061 tgt tok/s;     43 s elapsed
Epoch 16,   200/  454; acc:  84.06; ppl:   1.90; 3007 src tok/s; 3117 tgt tok/s;     57 s elapsed
Epoch 16,   250/  454; acc:  84.25; ppl:   1.92; 2914 src tok/s; 3025 tgt tok/s;     71 s elapsed
Epoch 16,   300/  454; acc:  83.44; ppl:   1.97; 3017 src tok/s; 3124 tgt tok/s;     85 s elapsed
Epoch 16,   350/  454; acc:  84.50; ppl:   1.89; 2895 src tok/s; 2990 tgt tok/s;     99 s elapsed
Epoch 16,   400/  454; acc:  84.13; ppl:   1.96; 2852 src tok/s; 2967 tgt tok/s;    114 s elapsed
Epoch 16,   450/  454; acc:  83.98; ppl:   1.92; 2925 src tok/s; 3054 tgt tok/s;    129 s elapsed
Train perplexity: 1.92775
Train accuracy: 84.0547
Validation perplexity: 6.49988
Validation accuracy: 69.3345
Decaying learning rate to 0.00195312

Epoch 17,    50/  454; acc:  83.79; ppl:   1.96; 2983 src tok/s; 3093 tgt tok/s;     14 s elapsed
Epoch 17,   100/  454; acc:  84.41; ppl:   1.89; 3042 src tok/s; 3152 tgt tok/s;     28 s elapsed
Epoch 17,   150/  454; acc:  85.04; ppl:   1.84; 2922 src tok/s; 3072 tgt tok/s;     42 s elapsed
Epoch 17,   200/  454; acc:  82.99; ppl:   2.02; 3008 src tok/s; 3101 tgt tok/s;     56 s elapsed
Epoch 17,   250/  454; acc:  83.86; ppl:   1.96; 3045 src tok/s; 3155 tgt tok/s;     70 s elapsed
Epoch 17,   300/  454; acc:  84.05; ppl:   1.93; 2979 src tok/s; 3098 tgt tok/s;     84 s elapsed
Epoch 17,   350/  454; acc:  83.55; ppl:   1.96; 2952 src tok/s; 3050 tgt tok/s;     99 s elapsed
Epoch 17,   400/  454; acc:  84.71; ppl:   1.87; 2966 src tok/s; 3089 tgt tok/s;    112 s elapsed
Epoch 17,   450/  454; acc:  84.20; ppl:   1.91; 2952 src tok/s; 3061 tgt tok/s;    126 s elapsed
Train perplexity: 1.92532
Train accuracy: 84.0601
Validation perplexity: 6.50243
Validation accuracy: 69.3132
Decaying learning rate to 0.000976562
