<module 'opts' from '/u/suhubdyd/research/projects/jumble_lstm/code/auxiliary-nmt/opts.pyc'>
Namespace(batch_size=64, brnn=False, brnn_merge='concat', cnn_kernel_width=3, context_gate=None, copy_attn=False, copy_attn_force=False, coverage_attn=False, data='/data/lisatmp3/suhubdyd/multi30k.atok.low', dec_layers=1, decay_method='', decoder_type='rnn', dropout=0.3, enc_layers=2, encoder_type='rnn', epochs=17, exp='', exp_host='', feat_merge='concat', feat_vec_exponent=0.7, feat_vec_size=-1, fix_word_vecs_dec=False, fix_word_vecs_enc=False, global_attention='general', gpuid=[0], input_feed=1, kappa_dec=0.5, kappa_enc=0.5, lambda_coverage=1, layers=-1, learning_rate=1.0, learning_rate_decay=0.5, max_generator_batches=32, max_grad_norm=5, model_type='text', optim='sgd', param_init=0.1, position_encoding=False, pre_word_vecs_dec=None, pre_word_vecs_enc=None, report_every=50, rnn_size=500, rnn_type='LSTM', save_model='/data/lisatmp3/suhubdyd/models/seeds/encoder0.5decoder0.5dropout0.3wdropFalseseed2', seed=2, share_decoder_embeddings=False, share_embeddings=False, src_word_vec_size=500, start_checkpoint_at=0, start_decay_at=8, start_epoch=1, tgt_word_vec_size=500, train_from='', truncated_decoder=0, warmup_steps=4000, weightdropout=False, word_vec_size=-1)
('Using Kappa L2 loss on encoder', 0.5)
('Using Kappa L2 loss on decoder', 0.5)
Loading train and validate data from '/data/lisatmp3/suhubdyd/multi30k.atok.low'
 * number of training sentences: 29000
 * maximum batch size: 64
 * vocabulary size. source = 10841; target = 18563
Building model...
Intializing model parameters.
NMTModel (
  (encoder): RNNEncoder (
    (embeddings): Embeddings (
      (make_embedding): Sequential (
        (emb_luts): Elementwise (
          (0): Embedding(10841, 500, padding_idx=1)
        )
      )
    )
    (dropout): Dropout (p = 0.3)
    (rnn): LSTM(500, 500, dropout=0.3)
  )
  (decoder): InputFeedRNNDecoder (
    (embeddings): Embeddings (
      (make_embedding): Sequential (
        (emb_luts): Elementwise (
          (0): Embedding(18563, 500, padding_idx=1)
        )
      )
    )
    (dropout): Dropout (p = 0.3)
    (rnn): StackedLSTM (
      (dropout): Dropout (p = 0.3)
      (layers): ModuleList (
        (0): LSTMCell(1000, 500)
      )
    )
    (attn): GlobalAttention (
      (linear_in): Linear (500 -> 500)
      (linear_out): Linear (1000 -> 500)
      (sm): Softmax ()
      (tanh): Tanh ()
    )
  )
  (generator): Sequential (
    (0): Linear (500 -> 18563)
    (1): LogSoftmax ()
  )
)
* number of parameters: 29760063
('encoder: ', 7424500)
('decoder: ', 22335563)

Epoch  1,    50/  454; acc:   7.95; ppl: 40555.73; 4967 src tok/s; 5174 tgt tok/s;      8 s elapsed
Epoch  1,   100/  454; acc:  13.93; ppl: 1479.16; 5837 src tok/s; 6014 tgt tok/s;     16 s elapsed
Epoch  1,   150/  454; acc:  17.83; ppl: 536.40; 5641 src tok/s; 5869 tgt tok/s;     23 s elapsed
Epoch  1,   200/  454; acc:  20.30; ppl: 290.91; 5776 src tok/s; 5971 tgt tok/s;     30 s elapsed
Epoch  1,   250/  454; acc:  23.27; ppl: 187.09; 5594 src tok/s; 5826 tgt tok/s;     38 s elapsed
Epoch  1,   300/  454; acc:  27.24; ppl: 126.67; 5675 src tok/s; 5878 tgt tok/s;     45 s elapsed
Epoch  1,   350/  454; acc:  29.58; ppl:  99.60; 5274 src tok/s; 5511 tgt tok/s;     53 s elapsed
Epoch  1,   400/  454; acc:  31.60; ppl:  79.26; 5376 src tok/s; 5569 tgt tok/s;     61 s elapsed
Epoch  1,   450/  454; acc:  32.12; ppl:  72.21; 5406 src tok/s; 5612 tgt tok/s;     69 s elapsed
Train perplexity: 360.917
Train accuracy: 22.7432
Validation perplexity: 62.0028
Validation accuracy: 33.5107

Epoch  2,    50/  454; acc:  35.65; ppl:  56.33; 5557 src tok/s; 5786 tgt tok/s;      7 s elapsed
Epoch  2,   100/  454; acc:  36.09; ppl:  52.67; 5529 src tok/s; 5715 tgt tok/s;     15 s elapsed
Epoch  2,   150/  454; acc:  39.00; ppl:  42.26; 5516 src tok/s; 5722 tgt tok/s;     23 s elapsed
Epoch  2,   200/  454; acc:  42.85; ppl:  34.19; 5473 src tok/s; 5715 tgt tok/s;     30 s elapsed
Epoch  2,   250/  454; acc:  45.32; ppl:  27.51; 5461 src tok/s; 5683 tgt tok/s;     38 s elapsed
Epoch  2,   300/  454; acc:  46.12; ppl:  26.17; 5493 src tok/s; 5668 tgt tok/s;     46 s elapsed
Epoch  2,   350/  454; acc:  48.74; ppl:  21.83; 5452 src tok/s; 5669 tgt tok/s;     53 s elapsed
Epoch  2,   400/  454; acc:  50.08; ppl:  21.20; 5517 src tok/s; 5707 tgt tok/s;     61 s elapsed
Epoch  2,   450/  454; acc:  51.12; ppl:  19.68; 5393 src tok/s; 5582 tgt tok/s;     69 s elapsed
Train perplexity: 31.0433
Train accuracy: 43.973
Validation perplexity: 15.8406
Validation accuracy: 54.5267

Epoch  3,    50/  454; acc:  53.83; ppl:  15.08; 5531 src tok/s; 5732 tgt tok/s;      8 s elapsed
Epoch  3,   100/  454; acc:  54.65; ppl:  14.38; 5542 src tok/s; 5759 tgt tok/s;     15 s elapsed
Epoch  3,   150/  454; acc:  54.56; ppl:  14.65; 5370 src tok/s; 5542 tgt tok/s;     23 s elapsed
Epoch  3,   200/  454; acc:  56.61; ppl:  12.81; 5421 src tok/s; 5630 tgt tok/s;     31 s elapsed
Epoch  3,   250/  454; acc:  57.41; ppl:  11.96; 5388 src tok/s; 5599 tgt tok/s;     38 s elapsed
Epoch  3,   300/  454; acc:  56.85; ppl:  12.46; 5544 src tok/s; 5737 tgt tok/s;     46 s elapsed
Epoch  3,   350/  454; acc:  57.91; ppl:  11.79; 5619 src tok/s; 5833 tgt tok/s;     54 s elapsed
Epoch  3,   400/  454; acc:  58.32; ppl:  11.10; 5307 src tok/s; 5541 tgt tok/s;     61 s elapsed
Epoch  3,   450/  454; acc:  58.27; ppl:  11.12; 5419 src tok/s; 5622 tgt tok/s;     69 s elapsed
Train perplexity: 12.7296
Train accuracy: 56.5044
Validation perplexity: 10.1533
Validation accuracy: 61.0189

Epoch  4,    50/  454; acc:  61.63; ppl:   8.58; 5508 src tok/s; 5710 tgt tok/s;      8 s elapsed
Epoch  4,   100/  454; acc:  61.56; ppl:   8.84; 5475 src tok/s; 5676 tgt tok/s;     15 s elapsed
Epoch  4,   150/  454; acc:  61.07; ppl:   8.94; 5333 src tok/s; 5575 tgt tok/s;     23 s elapsed
Epoch  4,   200/  454; acc:  61.24; ppl:   8.47; 5610 src tok/s; 5812 tgt tok/s;     31 s elapsed
Epoch  4,   250/  454; acc:  61.34; ppl:   8.50; 5460 src tok/s; 5650 tgt tok/s;     39 s elapsed
Epoch  4,   300/  454; acc:  63.11; ppl:   7.86; 5398 src tok/s; 5609 tgt tok/s;     46 s elapsed
Epoch  4,   350/  454; acc:  63.07; ppl:   7.83; 5535 src tok/s; 5753 tgt tok/s;     54 s elapsed
Epoch  4,   400/  454; acc:  62.09; ppl:   8.22; 5442 src tok/s; 5638 tgt tok/s;     61 s elapsed
Epoch  4,   450/  454; acc:  63.40; ppl:   7.75; 5526 src tok/s; 5737 tgt tok/s;     69 s elapsed
Train perplexity: 8.32497
Train accuracy: 62.0527
Validation perplexity: 8.0839
Validation accuracy: 64.1833

Epoch  5,    50/  454; acc:  64.99; ppl:   6.54; 5703 src tok/s; 5898 tgt tok/s;      8 s elapsed
Epoch  5,   100/  454; acc:  66.28; ppl:   5.95; 5479 src tok/s; 5694 tgt tok/s;     15 s elapsed
Epoch  5,   150/  454; acc:  65.04; ppl:   6.34; 5637 src tok/s; 5823 tgt tok/s;     23 s elapsed
Epoch  5,   200/  454; acc:  65.31; ppl:   6.41; 5522 src tok/s; 5761 tgt tok/s;     30 s elapsed
Epoch  5,   250/  454; acc:  65.26; ppl:   6.37; 5476 src tok/s; 5654 tgt tok/s;     38 s elapsed
Epoch  5,   300/  454; acc:  65.56; ppl:   6.20; 5605 src tok/s; 5807 tgt tok/s;     45 s elapsed
Epoch  5,   350/  454; acc:  64.51; ppl:   6.65; 5543 src tok/s; 5765 tgt tok/s;     53 s elapsed
Epoch  5,   400/  454; acc:  66.23; ppl:   6.10; 5480 src tok/s; 5694 tgt tok/s;     60 s elapsed
Epoch  5,   450/  454; acc:  65.23; ppl:   6.25; 5555 src tok/s; 5784 tgt tok/s;     68 s elapsed
Train perplexity: 6.30177
Train accuracy: 65.3931
Validation perplexity: 7.18587
Validation accuracy: 65.6804

Epoch  6,    50/  454; acc:  68.93; ppl:   4.77; 5584 src tok/s; 5811 tgt tok/s;      7 s elapsed
Epoch  6,   100/  454; acc:  68.31; ppl:   5.03; 5668 src tok/s; 5859 tgt tok/s;     15 s elapsed
Epoch  6,   150/  454; acc:  67.71; ppl:   5.21; 5507 src tok/s; 5741 tgt tok/s;     22 s elapsed
Epoch  6,   200/  454; acc:  67.99; ppl:   4.95; 5546 src tok/s; 5778 tgt tok/s;     30 s elapsed
Epoch  6,   250/  454; acc:  67.53; ppl:   5.17; 5677 src tok/s; 5863 tgt tok/s;     38 s elapsed
Epoch  6,   300/  454; acc:  68.25; ppl:   5.07; 5469 src tok/s; 5674 tgt tok/s;     45 s elapsed
Epoch  6,   350/  454; acc:  68.62; ppl:   4.91; 5590 src tok/s; 5822 tgt tok/s;     52 s elapsed
Epoch  6,   400/  454; acc:  66.46; ppl:   5.46; 5528 src tok/s; 5708 tgt tok/s;     60 s elapsed
Epoch  6,   450/  454; acc:  67.44; ppl:   5.19; 5499 src tok/s; 5706 tgt tok/s;     68 s elapsed
Train perplexity: 5.0851
Train accuracy: 67.9066
Validation perplexity: 6.79688
Validation accuracy: 65.872

Epoch  7,    50/  454; acc:  71.36; ppl:   3.94; 5624 src tok/s; 5881 tgt tok/s;      7 s elapsed
Epoch  7,   100/  454; acc:  69.90; ppl:   4.39; 5589 src tok/s; 5742 tgt tok/s;     15 s elapsed
Epoch  7,   150/  454; acc:  70.88; ppl:   4.10; 5603 src tok/s; 5821 tgt tok/s;     22 s elapsed
Epoch  7,   200/  454; acc:  69.55; ppl:   4.42; 5495 src tok/s; 5698 tgt tok/s;     30 s elapsed
Epoch  7,   250/  454; acc:  69.70; ppl:   4.49; 5676 src tok/s; 5871 tgt tok/s;     38 s elapsed
Epoch  7,   300/  454; acc:  70.91; ppl:   4.08; 5676 src tok/s; 5903 tgt tok/s;     45 s elapsed
Epoch  7,   350/  454; acc:  69.14; ppl:   4.48; 5571 src tok/s; 5794 tgt tok/s;     52 s elapsed
Epoch  7,   400/  454; acc:  70.16; ppl:   4.21; 5632 src tok/s; 5826 tgt tok/s;     60 s elapsed
Epoch  7,   450/  454; acc:  70.19; ppl:   4.24; 5332 src tok/s; 5576 tgt tok/s;     67 s elapsed
Train perplexity: 4.28425
Train accuracy: 70.0916
Validation perplexity: 6.60801
Validation accuracy: 66.5815

Epoch  8,    50/  454; acc:  72.52; ppl:   3.64; 5709 src tok/s; 5916 tgt tok/s;      7 s elapsed
Epoch  8,   100/  454; acc:  72.95; ppl:   3.51; 5662 src tok/s; 5861 tgt tok/s;     15 s elapsed
Epoch  8,   150/  454; acc:  72.56; ppl:   3.53; 5531 src tok/s; 5735 tgt tok/s;     22 s elapsed
Epoch  8,   200/  454; acc:  72.24; ppl:   3.62; 5493 src tok/s; 5730 tgt tok/s;     30 s elapsed
Epoch  8,   250/  454; acc:  72.32; ppl:   3.60; 5518 src tok/s; 5743 tgt tok/s;     37 s elapsed
Epoch  8,   300/  454; acc:  70.76; ppl:   3.91; 5547 src tok/s; 5729 tgt tok/s;     45 s elapsed
Epoch  8,   350/  454; acc:  70.15; ppl:   4.07; 5688 src tok/s; 5832 tgt tok/s;     53 s elapsed
Epoch  8,   400/  454; acc:  72.00; ppl:   3.71; 5354 src tok/s; 5609 tgt tok/s;     60 s elapsed
Epoch  8,   450/  454; acc:  71.49; ppl:   3.80; 5406 src tok/s; 5642 tgt tok/s;     68 s elapsed
Train perplexity: 3.70599
Train accuracy: 71.8778
Validation perplexity: 6.53018
Validation accuracy: 67.8799
Decaying learning rate to 0.5

Epoch  9,    50/  454; acc:  75.77; ppl:   2.97; 5697 src tok/s; 5853 tgt tok/s;      8 s elapsed
Epoch  9,   100/  454; acc:  77.61; ppl:   2.65; 5481 src tok/s; 5746 tgt tok/s;     15 s elapsed
Epoch  9,   150/  454; acc:  76.71; ppl:   2.75; 5444 src tok/s; 5673 tgt tok/s;     23 s elapsed
Epoch  9,   200/  454; acc:  76.56; ppl:   2.84; 5662 src tok/s; 5835 tgt tok/s;     30 s elapsed
Epoch  9,   250/  454; acc:  76.34; ppl:   2.89; 5502 src tok/s; 5710 tgt tok/s;     38 s elapsed
Epoch  9,   300/  454; acc:  77.37; ppl:   2.69; 5625 src tok/s; 5855 tgt tok/s;     45 s elapsed
Epoch  9,   350/  454; acc:  77.00; ppl:   2.72; 5607 src tok/s; 5817 tgt tok/s;     53 s elapsed
Epoch  9,   400/  454; acc:  76.41; ppl:   2.82; 5592 src tok/s; 5819 tgt tok/s;     60 s elapsed
Epoch  9,   450/  454; acc:  76.38; ppl:   2.78; 5562 src tok/s; 5786 tgt tok/s;     67 s elapsed
Train perplexity: 2.80157
Train accuracy: 76.6141
Validation perplexity: 6.01021
Validation accuracy: 69.0436
Decaying learning rate to 0.25

Epoch 10,    50/  454; acc:  80.49; ppl:   2.28; 5634 src tok/s; 5871 tgt tok/s;      7 s elapsed
Epoch 10,   100/  454; acc:  80.03; ppl:   2.31; 5566 src tok/s; 5749 tgt tok/s;     15 s elapsed
Epoch 10,   150/  454; acc:  80.60; ppl:   2.26; 5645 src tok/s; 5832 tgt tok/s;     23 s elapsed
Epoch 10,   200/  454; acc:  80.30; ppl:   2.33; 5482 src tok/s; 5692 tgt tok/s;     30 s elapsed
Epoch 10,   250/  454; acc:  80.19; ppl:   2.34; 5571 src tok/s; 5801 tgt tok/s;     37 s elapsed
Epoch 10,   300/  454; acc:  79.97; ppl:   2.34; 5637 src tok/s; 5849 tgt tok/s;     45 s elapsed
Epoch 10,   350/  454; acc:  80.26; ppl:   2.30; 5510 src tok/s; 5723 tgt tok/s;     52 s elapsed
Epoch 10,   400/  454; acc:  79.34; ppl:   2.39; 5614 src tok/s; 5829 tgt tok/s;     60 s elapsed
Epoch 10,   450/  454; acc:  79.70; ppl:   2.36; 5561 src tok/s; 5767 tgt tok/s;     68 s elapsed
Train perplexity: 2.32163
Train accuracy: 80.102
Validation perplexity: 6.05953
Validation accuracy: 69.6183
Decaying learning rate to 0.125

Epoch 11,    50/  454; acc:  82.35; ppl:   2.10; 5730 src tok/s; 5934 tgt tok/s;      7 s elapsed
Epoch 11,   100/  454; acc:  82.09; ppl:   2.10; 5616 src tok/s; 5812 tgt tok/s;     15 s elapsed
Epoch 11,   150/  454; acc:  83.33; ppl:   1.96; 5470 src tok/s; 5692 tgt tok/s;     22 s elapsed
Epoch 11,   200/  454; acc:  81.41; ppl:   2.21; 5592 src tok/s; 5782 tgt tok/s;     30 s elapsed
Epoch 11,   250/  454; acc:  82.14; ppl:   2.11; 5524 src tok/s; 5735 tgt tok/s;     38 s elapsed
Epoch 11,   300/  454; acc:  82.33; ppl:   2.09; 5667 src tok/s; 5889 tgt tok/s;     45 s elapsed
Epoch 11,   350/  454; acc:  83.34; ppl:   2.02; 5678 src tok/s; 5909 tgt tok/s;     52 s elapsed
Epoch 11,   400/  454; acc:  81.06; ppl:   2.21; 5550 src tok/s; 5744 tgt tok/s;     60 s elapsed
Epoch 11,   450/  454; acc:  81.69; ppl:   2.15; 5442 src tok/s; 5664 tgt tok/s;     68 s elapsed
Train perplexity: 2.10535
Train accuracy: 82.1735
Validation perplexity: 6.11588
Validation accuracy: 69.9092
Decaying learning rate to 0.0625

Epoch 12,    50/  454; acc:  82.82; ppl:   2.07; 5590 src tok/s; 5811 tgt tok/s;      8 s elapsed
Epoch 12,   100/  454; acc:  83.94; ppl:   1.92; 5626 src tok/s; 5834 tgt tok/s;     15 s elapsed
Epoch 12,   150/  454; acc:  82.73; ppl:   2.05; 5588 src tok/s; 5802 tgt tok/s;     23 s elapsed
Epoch 12,   200/  454; acc:  83.40; ppl:   1.97; 5699 src tok/s; 5908 tgt tok/s;     30 s elapsed
Epoch 12,   250/  454; acc:  84.22; ppl:   1.90; 5563 src tok/s; 5823 tgt tok/s;     37 s elapsed
Epoch 12,   300/  454; acc:  82.56; ppl:   2.07; 5550 src tok/s; 5702 tgt tok/s;     45 s elapsed
Epoch 12,   350/  454; acc:  83.53; ppl:   1.97; 5557 src tok/s; 5794 tgt tok/s;     52 s elapsed
Epoch 12,   400/  454; acc:  82.66; ppl:   2.05; 5680 src tok/s; 5884 tgt tok/s;     60 s elapsed
Epoch 12,   450/  454; acc:  82.87; ppl:   2.05; 5413 src tok/s; 5609 tgt tok/s;     68 s elapsed
Train perplexity: 2.00454
Train accuracy: 83.2015
Validation perplexity: 6.21711
Validation accuracy: 69.8098
Decaying learning rate to 0.03125

Epoch 13,    50/  454; acc:  83.65; ppl:   1.96; 5681 src tok/s; 5920 tgt tok/s;      7 s elapsed
Epoch 13,   100/  454; acc:  83.64; ppl:   1.95; 5457 src tok/s; 5677 tgt tok/s;     15 s elapsed
Epoch 13,   150/  454; acc:  83.49; ppl:   1.99; 5645 src tok/s; 5852 tgt tok/s;     23 s elapsed
Epoch 13,   200/  454; acc:  84.58; ppl:   1.90; 5575 src tok/s; 5794 tgt tok/s;     30 s elapsed
Epoch 13,   250/  454; acc:  84.27; ppl:   1.90; 5566 src tok/s; 5807 tgt tok/s;     37 s elapsed
Epoch 13,   300/  454; acc:  83.15; ppl:   2.02; 5583 src tok/s; 5755 tgt tok/s;     45 s elapsed
Epoch 13,   350/  454; acc:  84.17; ppl:   1.91; 5514 src tok/s; 5749 tgt tok/s;     52 s elapsed
Epoch 13,   400/  454; acc:  83.44; ppl:   2.01; 5741 src tok/s; 5921 tgt tok/s;     60 s elapsed
Epoch 13,   450/  454; acc:  83.49; ppl:   1.98; 5532 src tok/s; 5711 tgt tok/s;     68 s elapsed
Train perplexity: 1.9558
Train accuracy: 83.7818
Validation perplexity: 6.26853
Validation accuracy: 69.8028
Decaying learning rate to 0.015625

Epoch 14,    50/  454; acc:  83.40; ppl:   2.00; 5566 src tok/s; 5776 tgt tok/s;      8 s elapsed
Epoch 14,   100/  454; acc:  84.04; ppl:   1.93; 5578 src tok/s; 5790 tgt tok/s;     15 s elapsed
Epoch 14,   150/  454; acc:  84.26; ppl:   1.90; 5539 src tok/s; 5765 tgt tok/s;     23 s elapsed
Epoch 14,   200/  454; acc:  83.86; ppl:   1.94; 5559 src tok/s; 5765 tgt tok/s;     30 s elapsed
Epoch 14,   250/  454; acc:  85.39; ppl:   1.80; 5558 src tok/s; 5824 tgt tok/s;     37 s elapsed
Epoch 14,   300/  454; acc:  83.08; ppl:   2.02; 5589 src tok/s; 5748 tgt tok/s;     45 s elapsed
Epoch 14,   350/  454; acc:  84.82; ppl:   1.85; 5613 src tok/s; 5861 tgt tok/s;     53 s elapsed
Epoch 14,   400/  454; acc:  83.33; ppl:   1.99; 5621 src tok/s; 5826 tgt tok/s;     60 s elapsed
Epoch 14,   450/  454; acc:  83.33; ppl:   1.98; 5689 src tok/s; 5841 tgt tok/s;     68 s elapsed
Train perplexity: 1.93397
Train accuracy: 83.9458
Validation perplexity: 6.30779
Validation accuracy: 69.7602
Decaying learning rate to 0.0078125

Epoch 15,    50/  454; acc:  85.17; ppl:   1.82; 5592 src tok/s; 5834 tgt tok/s;      7 s elapsed
Epoch 15,   100/  454; acc:  83.34; ppl:   1.99; 5639 src tok/s; 5825 tgt tok/s;     15 s elapsed
Epoch 15,   150/  454; acc:  84.92; ppl:   1.85; 5606 src tok/s; 5856 tgt tok/s;     22 s elapsed
Epoch 15,   200/  454; acc:  83.32; ppl:   1.98; 5630 src tok/s; 5792 tgt tok/s;     30 s elapsed
Epoch 15,   250/  454; acc:  83.62; ppl:   1.97; 5477 src tok/s; 5676 tgt tok/s;     38 s elapsed
Epoch 15,   300/  454; acc:  84.95; ppl:   1.87; 5601 src tok/s; 5800 tgt tok/s;     45 s elapsed
Epoch 15,   350/  454; acc:  83.42; ppl:   1.98; 5585 src tok/s; 5775 tgt tok/s;     53 s elapsed
Epoch 15,   400/  454; acc:  84.68; ppl:   1.87; 5604 src tok/s; 5861 tgt tok/s;     60 s elapsed
Epoch 15,   450/  454; acc:  83.96; ppl:   1.95; 5534 src tok/s; 5739 tgt tok/s;     68 s elapsed
Train perplexity: 1.92104
Train accuracy: 84.1541
Validation perplexity: 6.31123
Validation accuracy: 69.7318
Decaying learning rate to 0.00390625

Epoch 16,    50/  454; acc:  83.91; ppl:   1.93; 5537 src tok/s; 5762 tgt tok/s;      7 s elapsed
Epoch 16,   100/  454; acc:  84.11; ppl:   1.91; 5681 src tok/s; 5861 tgt tok/s;     15 s elapsed
Epoch 16,   150/  454; acc:  84.35; ppl:   1.92; 5673 src tok/s; 5878 tgt tok/s;     22 s elapsed
Epoch 16,   200/  454; acc:  84.32; ppl:   1.92; 5585 src tok/s; 5797 tgt tok/s;     30 s elapsed
Epoch 16,   250/  454; acc:  84.70; ppl:   1.85; 5687 src tok/s; 5944 tgt tok/s;     37 s elapsed
Epoch 16,   300/  454; acc:  83.70; ppl:   1.97; 5528 src tok/s; 5714 tgt tok/s;     45 s elapsed
Epoch 16,   350/  454; acc:  83.93; ppl:   1.94; 5600 src tok/s; 5787 tgt tok/s;     53 s elapsed
Epoch 16,   400/  454; acc:  84.84; ppl:   1.87; 5476 src tok/s; 5743 tgt tok/s;     60 s elapsed
Epoch 16,   450/  454; acc:  84.24; ppl:   1.92; 5524 src tok/s; 5718 tgt tok/s;     67 s elapsed
Train perplexity: 1.91389
Train accuracy: 84.2286
Validation perplexity: 6.31865
Validation accuracy: 69.7389
Decaying learning rate to 0.00195312

Epoch 17,    50/  454; acc:  84.84; ppl:   1.86; 5633 src tok/s; 5845 tgt tok/s;      7 s elapsed
Epoch 17,   100/  454; acc:  83.89; ppl:   1.96; 5584 src tok/s; 5772 tgt tok/s;     15 s elapsed
Epoch 17,   150/  454; acc:  84.67; ppl:   1.85; 5550 src tok/s; 5784 tgt tok/s;     22 s elapsed
Epoch 17,   200/  454; acc:  83.67; ppl:   1.98; 5527 src tok/s; 5735 tgt tok/s;     30 s elapsed
Epoch 17,   250/  454; acc:  84.23; ppl:   1.92; 5584 src tok/s; 5830 tgt tok/s;     38 s elapsed
Epoch 17,   300/  454; acc:  84.12; ppl:   1.91; 5646 src tok/s; 5868 tgt tok/s;     45 s elapsed
Epoch 17,   350/  454; acc:  84.99; ppl:   1.83; 5515 src tok/s; 5766 tgt tok/s;     52 s elapsed
Epoch 17,   400/  454; acc:  83.73; ppl:   1.98; 5603 src tok/s; 5747 tgt tok/s;     60 s elapsed
Epoch 17,   450/  454; acc:  84.38; ppl:   1.90; 5506 src tok/s; 5710 tgt tok/s;     68 s elapsed
Train perplexity: 1.91017
Train accuracy: 84.2716
Validation perplexity: 6.32165
Validation accuracy: 69.746
Decaying learning rate to 0.000976562
