<module 'opts' from '/u/suhubdyd/research/projects/jumble_lstm/code/auxiliary-nmt/opts.pyc'>
Namespace(batch_size=64, brnn=False, brnn_merge='concat', cnn_kernel_width=3, context_gate=None, copy_attn=False, copy_attn_force=False, coverage_attn=False, data='/data/lisatmp3/suhubdyd/multi30k.atok.low', dec_layers=1, decay_method='', decoder_type='rnn', dropout=0.3, enc_layers=2, encoder_type='rnn', epochs=17, exp='', exp_host='', feat_merge='concat', feat_vec_exponent=0.7, feat_vec_size=-1, fix_word_vecs_dec=False, fix_word_vecs_enc=False, global_attention='general', gpuid=[0], input_feed=1, kappa_dec=0.2, kappa_enc=0.1, lambda_coverage=1, layers=-1, learning_rate=1.0, learning_rate_decay=0.5, max_generator_batches=32, max_grad_norm=5, model_type='text', optim='sgd', param_init=0.1, position_encoding=False, pre_word_vecs_dec=None, pre_word_vecs_enc=None, report_every=50, rnn_size=500, rnn_type='LSTM', save_model='/data/lisatmp3/suhubdyd/models/encoder0.1decoder0.2dropout0.3wdropFalse', seed=-1, share_decoder_embeddings=False, share_embeddings=False, src_word_vec_size=500, start_checkpoint_at=0, start_decay_at=8, start_epoch=1, tgt_word_vec_size=500, train_from='', truncated_decoder=0, warmup_steps=4000, weightdropout=False, word_vec_size=-1)
('Using Kappa L2 loss on encoder', 0.1)
('Using Kappa L2 loss on decoder', 0.2)
Loading train and validate data from '/data/lisatmp3/suhubdyd/multi30k.atok.low'
 * number of training sentences: 29000
 * maximum batch size: 64
 * vocabulary size. source = 10841; target = 18563
Building model...
Intializing model parameters.
NMTModel (
  (encoder): RNNEncoder (
    (embeddings): Embeddings (
      (make_embedding): Sequential (
        (emb_luts): Elementwise (
          (0): Embedding(10841, 500, padding_idx=1)
        )
      )
    )
    (dropout): Dropout (p = 0.3)
    (rnn): LSTM(500, 500, dropout=0.3)
  )
  (decoder): InputFeedRNNDecoder (
    (embeddings): Embeddings (
      (make_embedding): Sequential (
        (emb_luts): Elementwise (
          (0): Embedding(18563, 500, padding_idx=1)
        )
      )
    )
    (dropout): Dropout (p = 0.3)
    (rnn): StackedLSTM (
      (dropout): Dropout (p = 0.3)
      (layers): ModuleList (
        (0): LSTMCell(1000, 500)
      )
    )
    (attn): GlobalAttention (
      (linear_in): Linear (500 -> 500)
      (linear_out): Linear (1000 -> 500)
      (sm): Softmax ()
      (tanh): Tanh ()
    )
  )
  (generator): Sequential (
    (0): Linear (500 -> 18563)
    (1): LogSoftmax ()
  )
)
* number of parameters: 29760063
('encoder: ', 7424500)
('decoder: ', 22335563)

Epoch  1,    50/  454; acc:   8.43; ppl: 21145.80; 5042 src tok/s; 5318 tgt tok/s;      8 s elapsed
Epoch  1,   100/  454; acc:  12.95; ppl: 3274.39; 5922 src tok/s; 6070 tgt tok/s;     15 s elapsed
Epoch  1,   150/  454; acc:  17.12; ppl: 558.66; 5810 src tok/s; 6003 tgt tok/s;     23 s elapsed
Epoch  1,   200/  454; acc:  21.45; ppl: 267.73; 5813 src tok/s; 6040 tgt tok/s;     30 s elapsed
Epoch  1,   250/  454; acc:  25.19; ppl: 169.96; 5719 src tok/s; 5953 tgt tok/s;     37 s elapsed
Epoch  1,   300/  454; acc:  26.71; ppl: 134.12; 5579 src tok/s; 5777 tgt tok/s;     45 s elapsed
Epoch  1,   350/  454; acc:  28.66; ppl: 101.00; 5407 src tok/s; 5567 tgt tok/s;     53 s elapsed
Epoch  1,   400/  454; acc:  32.97; ppl:  72.91; 5393 src tok/s; 5625 tgt tok/s;     60 s elapsed
Epoch  1,   450/  454; acc:  33.69; ppl:  67.02; 5137 src tok/s; 5378 tgt tok/s;     68 s elapsed
Train perplexity: 356.179
Train accuracy: 23.0931
Validation perplexity: 64.9557
Validation accuracy: 33.3972

Epoch  2,    50/  454; acc:  36.86; ppl:  51.64; 5572 src tok/s; 5735 tgt tok/s;      8 s elapsed
Epoch  2,   100/  454; acc:  39.97; ppl:  40.74; 5535 src tok/s; 5779 tgt tok/s;     15 s elapsed
Epoch  2,   150/  454; acc:  40.87; ppl:  36.96; 5450 src tok/s; 5650 tgt tok/s;     23 s elapsed
Epoch  2,   200/  454; acc:  43.75; ppl:  31.58; 5451 src tok/s; 5700 tgt tok/s;     31 s elapsed
Epoch  2,   250/  454; acc:  44.84; ppl:  28.25; 5374 src tok/s; 5569 tgt tok/s;     39 s elapsed
Epoch  2,   300/  454; acc:  47.87; ppl:  23.41; 5403 src tok/s; 5623 tgt tok/s;     46 s elapsed
Epoch  2,   350/  454; acc:  48.94; ppl:  21.35; 5530 src tok/s; 5711 tgt tok/s;     54 s elapsed
Epoch  2,   400/  454; acc:  51.10; ppl:  19.13; 5509 src tok/s; 5752 tgt tok/s;     61 s elapsed
Epoch  2,   450/  454; acc:  50.81; ppl:  19.46; 5430 src tok/s; 5603 tgt tok/s;     69 s elapsed
Train perplexity: 28.5929
Train accuracy: 45.0171
Validation perplexity: 16.2358
Validation accuracy: 53.2283

Epoch  3,    50/  454; acc:  52.83; ppl:  15.77; 5714 src tok/s; 5874 tgt tok/s;      8 s elapsed
Epoch  3,   100/  454; acc:  56.87; ppl:  12.69; 5509 src tok/s; 5757 tgt tok/s;     15 s elapsed
Epoch  3,   150/  454; acc:  55.31; ppl:  13.63; 5405 src tok/s; 5612 tgt tok/s;     23 s elapsed
Epoch  3,   200/  454; acc:  56.02; ppl:  12.96; 5539 src tok/s; 5740 tgt tok/s;     30 s elapsed
Epoch  3,   250/  454; acc:  55.55; ppl:  13.41; 5532 src tok/s; 5725 tgt tok/s;     38 s elapsed
Epoch  3,   300/  454; acc:  57.81; ppl:  11.50; 5612 src tok/s; 5878 tgt tok/s;     45 s elapsed
Epoch  3,   350/  454; acc:  58.08; ppl:  11.35; 5530 src tok/s; 5728 tgt tok/s;     53 s elapsed
Epoch  3,   400/  454; acc:  57.89; ppl:  11.70; 5459 src tok/s; 5680 tgt tok/s;     61 s elapsed
Epoch  3,   450/  454; acc:  58.99; ppl:  10.79; 5525 src tok/s; 5714 tgt tok/s;     68 s elapsed
Train perplexity: 12.5793
Train accuracy: 56.5777
Validation perplexity: 10.6873
Validation accuracy: 58.9045

Epoch  4,    50/  454; acc:  60.63; ppl:   9.01; 5647 src tok/s; 5843 tgt tok/s;      8 s elapsed
Epoch  4,   100/  454; acc:  61.82; ppl:   8.40; 5560 src tok/s; 5785 tgt tok/s;     15 s elapsed
Epoch  4,   150/  454; acc:  62.89; ppl:   8.03; 5550 src tok/s; 5802 tgt tok/s;     22 s elapsed
Epoch  4,   200/  454; acc:  60.34; ppl:   9.21; 5548 src tok/s; 5703 tgt tok/s;     30 s elapsed
Epoch  4,   250/  454; acc:  60.78; ppl:   8.76; 5679 src tok/s; 5859 tgt tok/s;     38 s elapsed
Epoch  4,   300/  454; acc:  62.81; ppl:   7.82; 5365 src tok/s; 5620 tgt tok/s;     45 s elapsed
Epoch  4,   350/  454; acc:  62.34; ppl:   7.97; 5420 src tok/s; 5643 tgt tok/s;     53 s elapsed
Epoch  4,   400/  454; acc:  62.73; ppl:   7.88; 5665 src tok/s; 5898 tgt tok/s;     60 s elapsed
Epoch  4,   450/  454; acc:  62.53; ppl:   7.88; 5471 src tok/s; 5659 tgt tok/s;     68 s elapsed
Train perplexity: 8.32812
Train accuracy: 61.8392
Validation perplexity: 8.25553
Validation accuracy: 62.963

Epoch  5,    50/  454; acc:  65.67; ppl:   6.20; 5638 src tok/s; 5857 tgt tok/s;      7 s elapsed
Epoch  5,   100/  454; acc:  65.05; ppl:   6.36; 5662 src tok/s; 5876 tgt tok/s;     15 s elapsed
Epoch  5,   150/  454; acc:  65.48; ppl:   6.27; 5579 src tok/s; 5806 tgt tok/s;     22 s elapsed
Epoch  5,   200/  454; acc:  64.73; ppl:   6.44; 5462 src tok/s; 5659 tgt tok/s;     30 s elapsed
Epoch  5,   250/  454; acc:  65.18; ppl:   6.47; 5616 src tok/s; 5825 tgt tok/s;     38 s elapsed
Epoch  5,   300/  454; acc:  65.98; ppl:   6.04; 5541 src tok/s; 5778 tgt tok/s;     45 s elapsed
Epoch  5,   350/  454; acc:  65.97; ppl:   5.99; 5573 src tok/s; 5786 tgt tok/s;     52 s elapsed
Epoch  5,   400/  454; acc:  64.45; ppl:   6.65; 5584 src tok/s; 5763 tgt tok/s;     60 s elapsed
Epoch  5,   450/  454; acc:  65.33; ppl:   6.34; 5624 src tok/s; 5825 tgt tok/s;     68 s elapsed
Train perplexity: 6.30079
Train accuracy: 65.3196
Validation perplexity: 7.69606
Validation accuracy: 64.453

Epoch  6,    50/  454; acc:  67.73; ppl:   5.16; 5657 src tok/s; 5838 tgt tok/s;      8 s elapsed
Epoch  6,   100/  454; acc:  69.15; ppl:   4.78; 5550 src tok/s; 5768 tgt tok/s;     15 s elapsed
Epoch  6,   150/  454; acc:  68.10; ppl:   4.96; 5488 src tok/s; 5739 tgt tok/s;     22 s elapsed
Epoch  6,   200/  454; acc:  68.03; ppl:   5.09; 5560 src tok/s; 5758 tgt tok/s;     30 s elapsed
Epoch  6,   250/  454; acc:  68.93; ppl:   4.80; 5603 src tok/s; 5856 tgt tok/s;     37 s elapsed
Epoch  6,   300/  454; acc:  66.92; ppl:   5.44; 5636 src tok/s; 5819 tgt tok/s;     45 s elapsed
Epoch  6,   350/  454; acc:  67.24; ppl:   5.42; 5630 src tok/s; 5835 tgt tok/s;     53 s elapsed
Epoch  6,   400/  454; acc:  67.98; ppl:   5.04; 5565 src tok/s; 5772 tgt tok/s;     60 s elapsed
Epoch  6,   450/  454; acc:  67.69; ppl:   5.18; 5460 src tok/s; 5665 tgt tok/s;     68 s elapsed
Train perplexity: 5.09244
Train accuracy: 67.977
Validation perplexity: 6.66395
Validation accuracy: 67.1137

Epoch  7,    50/  454; acc:  70.68; ppl:   4.12; 5652 src tok/s; 5872 tgt tok/s;      7 s elapsed
Epoch  7,   100/  454; acc:  70.11; ppl:   4.28; 5619 src tok/s; 5817 tgt tok/s;     15 s elapsed
Epoch  7,   150/  454; acc:  70.31; ppl:   4.20; 5514 src tok/s; 5719 tgt tok/s;     23 s elapsed
Epoch  7,   200/  454; acc:  69.97; ppl:   4.28; 5650 src tok/s; 5869 tgt tok/s;     30 s elapsed
Epoch  7,   250/  454; acc:  69.90; ppl:   4.27; 5633 src tok/s; 5866 tgt tok/s;     37 s elapsed
Epoch  7,   300/  454; acc:  69.41; ppl:   4.45; 5582 src tok/s; 5772 tgt tok/s;     45 s elapsed
Epoch  7,   350/  454; acc:  69.39; ppl:   4.53; 5484 src tok/s; 5696 tgt tok/s;     53 s elapsed
Epoch  7,   400/  454; acc:  70.09; ppl:   4.26; 5581 src tok/s; 5814 tgt tok/s;     60 s elapsed
Epoch  7,   450/  454; acc:  70.25; ppl:   4.26; 5517 src tok/s; 5715 tgt tok/s;     67 s elapsed
Train perplexity: 4.30548
Train accuracy: 69.9697
Validation perplexity: 6.7423
Validation accuracy: 66.4538
Decaying learning rate to 0.5

Epoch  8,    50/  454; acc:  74.24; ppl:   3.28; 5612 src tok/s; 5782 tgt tok/s;      8 s elapsed
Epoch  8,   100/  454; acc:  74.72; ppl:   3.18; 5667 src tok/s; 5902 tgt tok/s;     15 s elapsed
Epoch  8,   150/  454; acc:  75.07; ppl:   3.15; 5616 src tok/s; 5833 tgt tok/s;     22 s elapsed
Epoch  8,   200/  454; acc:  74.69; ppl:   3.24; 5612 src tok/s; 5789 tgt tok/s;     30 s elapsed
Epoch  8,   250/  454; acc:  74.58; ppl:   3.19; 5553 src tok/s; 5769 tgt tok/s;     37 s elapsed
Epoch  8,   300/  454; acc:  75.02; ppl:   3.11; 5592 src tok/s; 5836 tgt tok/s;     45 s elapsed
Epoch  8,   350/  454; acc:  75.40; ppl:   3.06; 5598 src tok/s; 5832 tgt tok/s;     52 s elapsed
Epoch  8,   400/  454; acc:  74.57; ppl:   3.20; 5592 src tok/s; 5801 tgt tok/s;     60 s elapsed
Epoch  8,   450/  454; acc:  74.78; ppl:   3.17; 5570 src tok/s; 5785 tgt tok/s;     67 s elapsed
Train perplexity: 3.1801
Train accuracy: 74.7643
Validation perplexity: 5.87806
Validation accuracy: 68.8094
Decaying learning rate to 0.25

Epoch  9,    50/  454; acc:  78.50; ppl:   2.59; 5695 src tok/s; 5909 tgt tok/s;      7 s elapsed
Epoch  9,   100/  454; acc:  78.59; ppl:   2.60; 5743 src tok/s; 5951 tgt tok/s;     15 s elapsed
Epoch  9,   150/  454; acc:  78.52; ppl:   2.57; 5605 src tok/s; 5794 tgt tok/s;     22 s elapsed
Epoch  9,   200/  454; acc:  78.09; ppl:   2.62; 5519 src tok/s; 5748 tgt tok/s;     30 s elapsed
Epoch  9,   250/  454; acc:  77.92; ppl:   2.65; 5518 src tok/s; 5731 tgt tok/s;     37 s elapsed
Epoch  9,   300/  454; acc:  78.44; ppl:   2.61; 5637 src tok/s; 5864 tgt tok/s;     45 s elapsed
Epoch  9,   350/  454; acc:  77.60; ppl:   2.72; 5517 src tok/s; 5726 tgt tok/s;     52 s elapsed
Epoch  9,   400/  454; acc:  78.52; ppl:   2.54; 5548 src tok/s; 5765 tgt tok/s;     60 s elapsed
Epoch  9,   450/  454; acc:  77.75; ppl:   2.69; 5588 src tok/s; 5782 tgt tok/s;     67 s elapsed
Train perplexity: 2.61863
Train accuracy: 78.2285
Validation perplexity: 5.96874
Validation accuracy: 69.2635
Decaying learning rate to 0.125

Epoch 10,    50/  454; acc:  80.47; ppl:   2.32; 5575 src tok/s; 5804 tgt tok/s;      7 s elapsed
Epoch 10,   100/  454; acc:  79.80; ppl:   2.40; 5551 src tok/s; 5744 tgt tok/s;     15 s elapsed
Epoch 10,   150/  454; acc:  80.36; ppl:   2.35; 5536 src tok/s; 5765 tgt tok/s;     23 s elapsed
Epoch 10,   200/  454; acc:  80.65; ppl:   2.30; 5675 src tok/s; 5863 tgt tok/s;     30 s elapsed
Epoch 10,   250/  454; acc:  80.64; ppl:   2.30; 5489 src tok/s; 5725 tgt tok/s;     37 s elapsed
Epoch 10,   300/  454; acc:  80.17; ppl:   2.38; 5529 src tok/s; 5729 tgt tok/s;     45 s elapsed
Epoch 10,   350/  454; acc:  80.79; ppl:   2.29; 5397 src tok/s; 5619 tgt tok/s;     53 s elapsed
Epoch 10,   400/  454; acc:  79.18; ppl:   2.47; 5620 src tok/s; 5813 tgt tok/s;     61 s elapsed
Epoch 10,   450/  454; acc:  79.94; ppl:   2.41; 5599 src tok/s; 5788 tgt tok/s;     68 s elapsed
Train perplexity: 2.35474
Train accuracy: 80.2399
Validation perplexity: 6.03374
Validation accuracy: 69.4977
Decaying learning rate to 0.0625

Epoch 11,    50/  454; acc:  82.43; ppl:   2.14; 5584 src tok/s; 5833 tgt tok/s;      7 s elapsed
Epoch 11,   100/  454; acc:  80.98; ppl:   2.28; 5726 src tok/s; 5901 tgt tok/s;     15 s elapsed
Epoch 11,   150/  454; acc:  80.98; ppl:   2.27; 5529 src tok/s; 5760 tgt tok/s;     22 s elapsed
Epoch 11,   200/  454; acc:  81.69; ppl:   2.18; 5616 src tok/s; 5812 tgt tok/s;     30 s elapsed
Epoch 11,   250/  454; acc:  82.39; ppl:   2.12; 5475 src tok/s; 5754 tgt tok/s;     37 s elapsed
Epoch 11,   300/  454; acc:  80.14; ppl:   2.35; 5535 src tok/s; 5694 tgt tok/s;     45 s elapsed
Epoch 11,   350/  454; acc:  80.88; ppl:   2.31; 5682 src tok/s; 5894 tgt tok/s;     52 s elapsed
Epoch 11,   400/  454; acc:  81.32; ppl:   2.22; 5625 src tok/s; 5826 tgt tok/s;     60 s elapsed
Epoch 11,   450/  454; acc:  81.14; ppl:   2.25; 5566 src tok/s; 5769 tgt tok/s;     67 s elapsed
Train perplexity: 2.2346
Train accuracy: 81.3149
Validation perplexity: 6.08658
Validation accuracy: 69.7318
Decaying learning rate to 0.03125

Epoch 12,    50/  454; acc:  81.41; ppl:   2.23; 5548 src tok/s; 5756 tgt tok/s;      8 s elapsed
Epoch 12,   100/  454; acc:  82.84; ppl:   2.08; 5633 src tok/s; 5876 tgt tok/s;     15 s elapsed
Epoch 12,   150/  454; acc:  80.95; ppl:   2.28; 5678 src tok/s; 5849 tgt tok/s;     23 s elapsed
Epoch 12,   200/  454; acc:  82.88; ppl:   2.08; 5617 src tok/s; 5857 tgt tok/s;     30 s elapsed
Epoch 12,   250/  454; acc:  80.64; ppl:   2.33; 5542 src tok/s; 5688 tgt tok/s;     38 s elapsed
Epoch 12,   300/  454; acc:  83.23; ppl:   2.01; 5571 src tok/s; 5844 tgt tok/s;     45 s elapsed
Epoch 12,   350/  454; acc:  81.74; ppl:   2.18; 5635 src tok/s; 5844 tgt tok/s;     53 s elapsed
Epoch 12,   400/  454; acc:  82.18; ppl:   2.15; 5531 src tok/s; 5761 tgt tok/s;     60 s elapsed
Epoch 12,   450/  454; acc:  81.41; ppl:   2.19; 5610 src tok/s; 5808 tgt tok/s;     67 s elapsed
Train perplexity: 2.17114
Train accuracy: 81.8945
Validation perplexity: 6.13574
Validation accuracy: 69.6963
Decaying learning rate to 0.015625

Epoch 13,    50/  454; acc:  81.60; ppl:   2.21; 5709 src tok/s; 5905 tgt tok/s;      8 s elapsed
Epoch 13,   100/  454; acc:  82.36; ppl:   2.11; 5548 src tok/s; 5801 tgt tok/s;     15 s elapsed
Epoch 13,   150/  454; acc:  82.09; ppl:   2.14; 5669 src tok/s; 5880 tgt tok/s;     22 s elapsed
Epoch 13,   200/  454; acc:  82.57; ppl:   2.12; 5554 src tok/s; 5742 tgt tok/s;     30 s elapsed
Epoch 13,   250/  454; acc:  82.69; ppl:   2.09; 5624 src tok/s; 5846 tgt tok/s;     37 s elapsed
Epoch 13,   300/  454; acc:  81.50; ppl:   2.21; 5608 src tok/s; 5820 tgt tok/s;     45 s elapsed
Epoch 13,   350/  454; acc:  82.35; ppl:   2.12; 5620 src tok/s; 5829 tgt tok/s;     52 s elapsed
Epoch 13,   400/  454; acc:  82.07; ppl:   2.15; 5617 src tok/s; 5821 tgt tok/s;     60 s elapsed
Epoch 13,   450/  454; acc:  82.77; ppl:   2.04; 5532 src tok/s; 5756 tgt tok/s;     67 s elapsed
Train perplexity: 2.13986
Train accuracy: 82.1649
Validation perplexity: 6.17446
Validation accuracy: 69.7176
Decaying learning rate to 0.0078125

Epoch 14,    50/  454; acc:  82.54; ppl:   2.10; 5581 src tok/s; 5812 tgt tok/s;      7 s elapsed
Epoch 14,   100/  454; acc:  81.67; ppl:   2.20; 5757 src tok/s; 5938 tgt tok/s;     15 s elapsed
Epoch 14,   150/  454; acc:  82.09; ppl:   2.16; 5581 src tok/s; 5792 tgt tok/s;     22 s elapsed
Epoch 14,   200/  454; acc:  82.56; ppl:   2.09; 5619 src tok/s; 5833 tgt tok/s;     30 s elapsed
Epoch 14,   250/  454; acc:  81.60; ppl:   2.19; 5611 src tok/s; 5806 tgt tok/s;     38 s elapsed
Epoch 14,   300/  454; acc:  83.04; ppl:   2.04; 5550 src tok/s; 5830 tgt tok/s;     45 s elapsed
Epoch 14,   350/  454; acc:  81.24; ppl:   2.25; 5596 src tok/s; 5758 tgt tok/s;     53 s elapsed
Epoch 14,   400/  454; acc:  83.28; ppl:   2.02; 5663 src tok/s; 5908 tgt tok/s;     60 s elapsed
Epoch 14,   450/  454; acc:  82.41; ppl:   2.09; 5587 src tok/s; 5797 tgt tok/s;     67 s elapsed
Train perplexity: 2.12865
Train accuracy: 82.2405
Validation perplexity: 6.17349
Validation accuracy: 69.7318
Decaying learning rate to 0.00390625

Epoch 15,    50/  454; acc:  82.93; ppl:   2.09; 5673 src tok/s; 5901 tgt tok/s;      7 s elapsed
Epoch 15,   100/  454; acc:  81.89; ppl:   2.18; 5710 src tok/s; 5912 tgt tok/s;     15 s elapsed
Epoch 15,   150/  454; acc:  82.39; ppl:   2.11; 5600 src tok/s; 5791 tgt tok/s;     22 s elapsed
Epoch 15,   200/  454; acc:  82.59; ppl:   2.10; 5626 src tok/s; 5861 tgt tok/s;     30 s elapsed
Epoch 15,   250/  454; acc:  83.45; ppl:   2.00; 5586 src tok/s; 5807 tgt tok/s;     37 s elapsed
Epoch 15,   300/  454; acc:  81.49; ppl:   2.23; 5532 src tok/s; 5721 tgt tok/s;     45 s elapsed
Epoch 15,   350/  454; acc:  81.75; ppl:   2.21; 5652 src tok/s; 5822 tgt tok/s;     53 s elapsed
Epoch 15,   400/  454; acc:  83.45; ppl:   2.03; 5563 src tok/s; 5835 tgt tok/s;     60 s elapsed
Epoch 15,   450/  454; acc:  82.46; ppl:   2.11; 5572 src tok/s; 5793 tgt tok/s;     67 s elapsed
Train perplexity: 2.12478
Train accuracy: 82.4136
Validation perplexity: 6.18143
Validation accuracy: 69.7105
Decaying learning rate to 0.00195312

Epoch 16,    50/  454; acc:  82.20; ppl:   2.14; 5683 src tok/s; 5872 tgt tok/s;      8 s elapsed
Epoch 16,   100/  454; acc:  82.53; ppl:   2.09; 5606 src tok/s; 5851 tgt tok/s;     15 s elapsed
Epoch 16,   150/  454; acc:  81.33; ppl:   2.22; 5591 src tok/s; 5793 tgt tok/s;     23 s elapsed
Epoch 16,   200/  454; acc:  83.78; ppl:   2.00; 5610 src tok/s; 5862 tgt tok/s;     30 s elapsed
Epoch 16,   250/  454; acc:  82.40; ppl:   2.14; 5573 src tok/s; 5819 tgt tok/s;     37 s elapsed
Epoch 16,   300/  454; acc:  82.12; ppl:   2.13; 5763 src tok/s; 5935 tgt tok/s;     45 s elapsed
Epoch 16,   350/  454; acc:  82.98; ppl:   2.08; 5493 src tok/s; 5741 tgt tok/s;     52 s elapsed
Epoch 16,   400/  454; acc:  82.28; ppl:   2.13; 5716 src tok/s; 5887 tgt tok/s;     60 s elapsed
Epoch 16,   450/  454; acc:  82.00; ppl:   2.13; 5466 src tok/s; 5660 tgt tok/s;     67 s elapsed
Train perplexity: 2.11897
Train accuracy: 82.3892
Validation perplexity: 6.18356
Validation accuracy: 69.7034
Decaying learning rate to 0.000976562

Epoch 17,    50/  454; acc:  82.75; ppl:   2.07; 5558 src tok/s; 5804 tgt tok/s;      7 s elapsed
Epoch 17,   100/  454; acc:  81.87; ppl:   2.15; 5664 src tok/s; 5854 tgt tok/s;     15 s elapsed
Epoch 17,   150/  454; acc:  82.35; ppl:   2.12; 5664 src tok/s; 5860 tgt tok/s;     22 s elapsed
Epoch 17,   200/  454; acc:  82.60; ppl:   2.08; 5458 src tok/s; 5692 tgt tok/s;     30 s elapsed
Epoch 17,   250/  454; acc:  81.50; ppl:   2.21; 5667 src tok/s; 5842 tgt tok/s;     38 s elapsed
Epoch 17,   300/  454; acc:  82.95; ppl:   2.02; 5652 src tok/s; 5897 tgt tok/s;     45 s elapsed
Epoch 17,   350/  454; acc:  82.78; ppl:   2.05; 5601 src tok/s; 5833 tgt tok/s;     52 s elapsed
Epoch 17,   400/  454; acc:  81.69; ppl:   2.19; 5668 src tok/s; 5856 tgt tok/s;     60 s elapsed
Epoch 17,   450/  454; acc:  82.15; ppl:   2.13; 5548 src tok/s; 5759 tgt tok/s;     67 s elapsed
Train perplexity: 2.11439
Train accuracy: 82.296
Validation perplexity: 6.18371
Validation accuracy: 69.7105
Decaying learning rate to 0.000488281
