<module 'opts' from '/u/suhubdyd/research/projects/jumble_lstm/code/auxiliary-nmt/opts.pyc'>
Namespace(batch_size=64, brnn=False, brnn_merge='concat', cnn_kernel_width=3, context_gate=None, copy_attn=False, copy_attn_force=False, coverage_attn=False, data='/data/lisatmp3/suhubdyd/multi30k.atok.low', dec_layers=1, decay_method='', decoder_type='rnn', dropout=0.3, enc_layers=2, encoder_type='rnn', epochs=17, exp='', exp_host='', feat_merge='concat', feat_vec_exponent=0.7, feat_vec_size=-1, fix_word_vecs_dec=False, fix_word_vecs_enc=False, global_attention='general', gpuid=[0], input_feed=1, kappa_dec=0.15, kappa_enc=0.15, lambda_coverage=1, layers=-1, learning_rate=1.0, learning_rate_decay=0.5, max_generator_batches=32, max_grad_norm=5, model_type='text', optim='sgd', param_init=0.1, position_encoding=False, pre_word_vecs_dec=None, pre_word_vecs_enc=None, report_every=50, rnn_size=500, rnn_type='LSTM', save_model='/data/lisatmp3/suhubdyd/models/encoder0.15decoder0.15dropout0.3wdropFalse', seed=-1, share_decoder_embeddings=False, share_embeddings=False, src_word_vec_size=500, start_checkpoint_at=0, start_decay_at=8, start_epoch=1, tgt_word_vec_size=500, train_from='', truncated_decoder=0, warmup_steps=4000, weightdropout=False, word_vec_size=-1)
('Using Kappa L2 loss on encoder', 0.15)
('Using Kappa L2 loss on decoder', 0.15)
Loading train and validate data from '/data/lisatmp3/suhubdyd/multi30k.atok.low'
 * number of training sentences: 29000
 * maximum batch size: 64
 * vocabulary size. source = 10841; target = 18563
Building model...
Intializing model parameters.
NMTModel (
  (encoder): RNNEncoder (
    (embeddings): Embeddings (
      (make_embedding): Sequential (
        (emb_luts): Elementwise (
          (0): Embedding(10841, 500, padding_idx=1)
        )
      )
    )
    (dropout): Dropout (p = 0.3)
    (rnn): LSTM(500, 500, dropout=0.3)
  )
  (decoder): InputFeedRNNDecoder (
    (embeddings): Embeddings (
      (make_embedding): Sequential (
        (emb_luts): Elementwise (
          (0): Embedding(18563, 500, padding_idx=1)
        )
      )
    )
    (dropout): Dropout (p = 0.3)
    (rnn): StackedLSTM (
      (dropout): Dropout (p = 0.3)
      (layers): ModuleList (
        (0): LSTMCell(1000, 500)
      )
    )
    (attn): GlobalAttention (
      (linear_in): Linear (500 -> 500)
      (linear_out): Linear (1000 -> 500)
      (sm): Softmax ()
      (tanh): Tanh ()
    )
  )
  (generator): Sequential (
    (0): Linear (500 -> 18563)
    (1): LogSoftmax ()
  )
)
* number of parameters: 29760063
('encoder: ', 7424500)
('decoder: ', 22335563)

Epoch  1,    50/  454; acc:   7.45; ppl: 70152.88; 2902 src tok/s; 3023 tgt tok/s;     14 s elapsed
Epoch  1,   100/  454; acc:  13.19; ppl: 2452.19; 3071 src tok/s; 3166 tgt tok/s;     28 s elapsed
Epoch  1,   150/  454; acc:  17.13; ppl: 573.66; 3077 src tok/s; 3176 tgt tok/s;     42 s elapsed
Epoch  1,   200/  454; acc:  21.16; ppl: 283.19; 3100 src tok/s; 3244 tgt tok/s;     55 s elapsed
Epoch  1,   250/  454; acc:  24.22; ppl: 181.99; 3083 src tok/s; 3203 tgt tok/s;     69 s elapsed
Epoch  1,   300/  454; acc:  26.77; ppl: 133.99; 3109 src tok/s; 3225 tgt tok/s;     82 s elapsed
Epoch  1,   350/  454; acc:  28.99; ppl: 103.48; 3084 src tok/s; 3198 tgt tok/s;     96 s elapsed
Epoch  1,   400/  454; acc:  31.84; ppl:  79.52; 3108 src tok/s; 3231 tgt tok/s;    109 s elapsed
Epoch  1,   450/  454; acc:  33.07; ppl:  67.38; 3063 src tok/s; 3179 tgt tok/s;    123 s elapsed
Train perplexity: 410.546
Train accuracy: 22.7197
Validation perplexity: 70.5764
Validation accuracy: 32.8509

Epoch  2,    50/  454; acc:  35.78; ppl:  52.13; 3080 src tok/s; 3224 tgt tok/s;     13 s elapsed
Epoch  2,   100/  454; acc:  37.31; ppl:  48.64; 3134 src tok/s; 3243 tgt tok/s;     27 s elapsed
Epoch  2,   150/  454; acc:  40.92; ppl:  37.75; 3169 src tok/s; 3291 tgt tok/s;     40 s elapsed
Epoch  2,   200/  454; acc:  42.26; ppl:  34.59; 3111 src tok/s; 3224 tgt tok/s;     54 s elapsed
Epoch  2,   250/  454; acc:  44.63; ppl:  29.64; 3054 src tok/s; 3176 tgt tok/s;     67 s elapsed
Epoch  2,   300/  454; acc:  47.01; ppl:  24.59; 3108 src tok/s; 3220 tgt tok/s;     81 s elapsed
Epoch  2,   350/  454; acc:  49.89; ppl:  20.86; 3090 src tok/s; 3243 tgt tok/s;     93 s elapsed
Epoch  2,   400/  454; acc:  47.46; ppl:  24.04; 3131 src tok/s; 3215 tgt tok/s;    108 s elapsed
Epoch  2,   450/  454; acc:  51.53; ppl:  18.42; 3046 src tok/s; 3151 tgt tok/s;    121 s elapsed
Train perplexity: 30.3246
Train accuracy: 44.1144
Validation perplexity: 16.0155
Validation accuracy: 53.8456

Epoch  3,    50/  454; acc:  53.89; ppl:  14.91; 3064 src tok/s; 3192 tgt tok/s;     13 s elapsed
Epoch  3,   100/  454; acc:  53.88; ppl:  14.71; 3146 src tok/s; 3251 tgt tok/s;     27 s elapsed
Epoch  3,   150/  454; acc:  54.91; ppl:  14.05; 3151 src tok/s; 3247 tgt tok/s;     41 s elapsed
Epoch  3,   200/  454; acc:  55.74; ppl:  13.37; 3139 src tok/s; 3281 tgt tok/s;     54 s elapsed
Epoch  3,   250/  454; acc:  56.65; ppl:  12.24; 3015 src tok/s; 3157 tgt tok/s;     67 s elapsed
Epoch  3,   300/  454; acc:  56.58; ppl:  12.61; 3046 src tok/s; 3143 tgt tok/s;     81 s elapsed
Epoch  3,   350/  454; acc:  56.95; ppl:  12.22; 3077 src tok/s; 3181 tgt tok/s;     95 s elapsed
Epoch  3,   400/  454; acc:  58.07; ppl:  11.48; 3075 src tok/s; 3209 tgt tok/s;    109 s elapsed
Epoch  3,   450/  454; acc:  58.68; ppl:  11.07; 3075 src tok/s; 3186 tgt tok/s;    122 s elapsed
Train perplexity: 12.8839
Train accuracy: 56.1578
Validation perplexity: 11.1271
Validation accuracy: 58.869

Epoch  4,    50/  454; acc:  62.33; ppl:   8.17; 3042 src tok/s; 3178 tgt tok/s;     13 s elapsed
Epoch  4,   100/  454; acc:  59.98; ppl:   9.57; 3163 src tok/s; 3263 tgt tok/s;     27 s elapsed
Epoch  4,   150/  454; acc:  61.01; ppl:   8.92; 3132 src tok/s; 3232 tgt tok/s;     41 s elapsed
Epoch  4,   200/  454; acc:  62.54; ppl:   8.01; 3019 src tok/s; 3166 tgt tok/s;     54 s elapsed
Epoch  4,   250/  454; acc:  61.11; ppl:   8.72; 3118 src tok/s; 3231 tgt tok/s;     68 s elapsed
Epoch  4,   300/  454; acc:  62.18; ppl:   8.26; 3048 src tok/s; 3162 tgt tok/s;     81 s elapsed
Epoch  4,   350/  454; acc:  62.38; ppl:   7.90; 3095 src tok/s; 3209 tgt tok/s;     95 s elapsed
Epoch  4,   400/  454; acc:  62.07; ppl:   8.28; 3068 src tok/s; 3186 tgt tok/s;    109 s elapsed
Epoch  4,   450/  454; acc:  62.25; ppl:   8.20; 3077 src tok/s; 3187 tgt tok/s;    122 s elapsed
Train perplexity: 8.42812
Train accuracy: 61.7679
Validation perplexity: 8.20514
Validation accuracy: 63.4312

Epoch  5,    50/  454; acc:  66.22; ppl:   6.01; 3066 src tok/s; 3195 tgt tok/s;     13 s elapsed
Epoch  5,   100/  454; acc:  64.39; ppl:   6.67; 3095 src tok/s; 3204 tgt tok/s;     27 s elapsed
Epoch  5,   150/  454; acc:  64.24; ppl:   6.66; 3114 src tok/s; 3207 tgt tok/s;     42 s elapsed
Epoch  5,   200/  454; acc:  66.56; ppl:   5.87; 3054 src tok/s; 3197 tgt tok/s;     54 s elapsed
Epoch  5,   250/  454; acc:  65.28; ppl:   6.27; 3183 src tok/s; 3309 tgt tok/s;     67 s elapsed
Epoch  5,   300/  454; acc:  64.99; ppl:   6.48; 3042 src tok/s; 3158 tgt tok/s;     81 s elapsed
Epoch  5,   350/  454; acc:  65.19; ppl:   6.32; 3036 src tok/s; 3172 tgt tok/s;     95 s elapsed
Epoch  5,   400/  454; acc:  64.98; ppl:   6.44; 3111 src tok/s; 3204 tgt tok/s;    109 s elapsed
Epoch  5,   450/  454; acc:  65.68; ppl:   6.30; 3148 src tok/s; 3259 tgt tok/s;    122 s elapsed
Train perplexity: 6.33863
Train accuracy: 65.2596
Validation perplexity: 7.44795
Validation accuracy: 64.1691

Epoch  6,    50/  454; acc:  68.34; ppl:   5.01; 3126 src tok/s; 3253 tgt tok/s;     14 s elapsed
Epoch  6,   100/  454; acc:  68.54; ppl:   4.82; 3118 src tok/s; 3236 tgt tok/s;     27 s elapsed
Epoch  6,   150/  454; acc:  67.94; ppl:   5.13; 3131 src tok/s; 3249 tgt tok/s;     40 s elapsed
Epoch  6,   200/  454; acc:  67.69; ppl:   5.28; 3035 src tok/s; 3145 tgt tok/s;     54 s elapsed
Epoch  6,   250/  454; acc:  67.58; ppl:   5.18; 3070 src tok/s; 3178 tgt tok/s;     68 s elapsed
Epoch  6,   300/  454; acc:  67.94; ppl:   5.11; 3142 src tok/s; 3263 tgt tok/s;     81 s elapsed
Epoch  6,   350/  454; acc:  67.37; ppl:   5.27; 3103 src tok/s; 3213 tgt tok/s;     95 s elapsed
Epoch  6,   400/  454; acc:  68.30; ppl:   5.05; 3070 src tok/s; 3204 tgt tok/s;    108 s elapsed
Epoch  6,   450/  454; acc:  67.66; ppl:   5.18; 3107 src tok/s; 3216 tgt tok/s;    121 s elapsed
Train perplexity: 5.12628
Train accuracy: 67.8906
Validation perplexity: 6.89372
Validation accuracy: 66.1558

Epoch  7,    50/  454; acc:  70.72; ppl:   4.24; 3026 src tok/s; 3152 tgt tok/s;     14 s elapsed
Epoch  7,   100/  454; acc:  70.05; ppl:   4.17; 3127 src tok/s; 3221 tgt tok/s;     27 s elapsed
Epoch  7,   150/  454; acc:  71.09; ppl:   4.02; 3036 src tok/s; 3187 tgt tok/s;     41 s elapsed
Epoch  7,   200/  454; acc:  69.78; ppl:   4.35; 3105 src tok/s; 3198 tgt tok/s;     55 s elapsed
Epoch  7,   250/  454; acc:  69.10; ppl:   4.50; 3034 src tok/s; 3142 tgt tok/s;     69 s elapsed
Epoch  7,   300/  454; acc:  69.84; ppl:   4.31; 3089 src tok/s; 3232 tgt tok/s;     82 s elapsed
Epoch  7,   350/  454; acc:  70.22; ppl:   4.27; 3113 src tok/s; 3229 tgt tok/s;     95 s elapsed
Epoch  7,   400/  454; acc:  69.30; ppl:   4.55; 3101 src tok/s; 3211 tgt tok/s;    109 s elapsed
Epoch  7,   450/  454; acc:  69.40; ppl:   4.46; 3055 src tok/s; 3171 tgt tok/s;    123 s elapsed
Train perplexity: 4.31803
Train accuracy: 69.939
Validation perplexity: 6.73594
Validation accuracy: 66.7376

Epoch  8,    50/  454; acc:  73.22; ppl:   3.49; 3103 src tok/s; 3207 tgt tok/s;     14 s elapsed
Epoch  8,   100/  454; acc:  72.62; ppl:   3.61; 3102 src tok/s; 3216 tgt tok/s;     27 s elapsed
Epoch  8,   150/  454; acc:  73.17; ppl:   3.41; 3095 src tok/s; 3230 tgt tok/s;     40 s elapsed
Epoch  8,   200/  454; acc:  70.44; ppl:   4.04; 3110 src tok/s; 3205 tgt tok/s;     54 s elapsed
Epoch  8,   250/  454; acc:  71.75; ppl:   3.71; 3160 src tok/s; 3268 tgt tok/s;     68 s elapsed
Epoch  8,   300/  454; acc:  71.92; ppl:   3.65; 3104 src tok/s; 3233 tgt tok/s;     81 s elapsed
Epoch  8,   350/  454; acc:  71.00; ppl:   3.93; 3062 src tok/s; 3176 tgt tok/s;     95 s elapsed
Epoch  8,   400/  454; acc:  71.43; ppl:   3.80; 3073 src tok/s; 3212 tgt tok/s;    108 s elapsed
Epoch  8,   450/  454; acc:  70.62; ppl:   3.98; 3002 src tok/s; 3117 tgt tok/s;    122 s elapsed
Train perplexity: 3.72812
Train accuracy: 71.8043
Validation perplexity: 6.48629
Validation accuracy: 67.4897
Decaying learning rate to 0.5

Epoch  9,    50/  454; acc:  75.13; ppl:   3.05; 3093 src tok/s; 3186 tgt tok/s;     14 s elapsed
Epoch  9,   100/  454; acc:  77.79; ppl:   2.65; 3039 src tok/s; 3180 tgt tok/s;     28 s elapsed
Epoch  9,   150/  454; acc:  77.22; ppl:   2.75; 3030 src tok/s; 3166 tgt tok/s;     41 s elapsed
Epoch  9,   200/  454; acc:  76.36; ppl:   2.85; 3147 src tok/s; 3248 tgt tok/s;     55 s elapsed
Epoch  9,   250/  454; acc:  76.32; ppl:   2.85; 3128 src tok/s; 3223 tgt tok/s;     68 s elapsed
Epoch  9,   300/  454; acc:  76.63; ppl:   2.78; 3055 src tok/s; 3186 tgt tok/s;     82 s elapsed
Epoch  9,   350/  454; acc:  77.31; ppl:   2.69; 3016 src tok/s; 3153 tgt tok/s;     95 s elapsed
Epoch  9,   400/  454; acc:  76.16; ppl:   2.85; 3116 src tok/s; 3222 tgt tok/s;    109 s elapsed
Epoch  9,   450/  454; acc:  76.51; ppl:   2.82; 3055 src tok/s; 3170 tgt tok/s;    123 s elapsed
Train perplexity: 2.80839
Train accuracy: 76.588
Validation perplexity: 6.04961
Validation accuracy: 69.0649
Decaying learning rate to 0.25

Epoch 10,    50/  454; acc:  81.17; ppl:   2.21; 3059 src tok/s; 3196 tgt tok/s;     13 s elapsed
Epoch 10,   100/  454; acc:  79.90; ppl:   2.37; 3088 src tok/s; 3189 tgt tok/s;     27 s elapsed
Epoch 10,   150/  454; acc:  79.81; ppl:   2.39; 3107 src tok/s; 3217 tgt tok/s;     41 s elapsed
Epoch 10,   200/  454; acc:  80.85; ppl:   2.24; 3134 src tok/s; 3248 tgt tok/s;     54 s elapsed
Epoch 10,   250/  454; acc:  79.57; ppl:   2.41; 3082 src tok/s; 3185 tgt tok/s;     68 s elapsed
Epoch 10,   300/  454; acc:  80.24; ppl:   2.30; 3008 src tok/s; 3128 tgt tok/s;     82 s elapsed
Epoch 10,   350/  454; acc:  79.92; ppl:   2.33; 3106 src tok/s; 3228 tgt tok/s;     95 s elapsed
Epoch 10,   400/  454; acc:  79.54; ppl:   2.35; 3134 src tok/s; 3256 tgt tok/s;    109 s elapsed
Epoch 10,   450/  454; acc:  79.85; ppl:   2.35; 3090 src tok/s; 3207 tgt tok/s;    122 s elapsed
Train perplexity: 2.32673
Train accuracy: 80.1065
Validation perplexity: 6.12486
Validation accuracy: 69.7034
Decaying learning rate to 0.125

Epoch 11,    50/  454; acc:  82.93; ppl:   2.02; 3054 src tok/s; 3186 tgt tok/s;     13 s elapsed
Epoch 11,   100/  454; acc:  81.54; ppl:   2.16; 3073 src tok/s; 3185 tgt tok/s;     27 s elapsed
Epoch 11,   150/  454; acc:  81.18; ppl:   2.22; 3125 src tok/s; 3220 tgt tok/s;     41 s elapsed
Epoch 11,   200/  454; acc:  83.09; ppl:   2.01; 3124 src tok/s; 3248 tgt tok/s;     54 s elapsed
Epoch 11,   250/  454; acc:  81.57; ppl:   2.19; 3102 src tok/s; 3187 tgt tok/s;     69 s elapsed
Epoch 11,   300/  454; acc:  83.35; ppl:   1.99; 3094 src tok/s; 3231 tgt tok/s;     81 s elapsed
Epoch 11,   350/  454; acc:  80.92; ppl:   2.22; 3063 src tok/s; 3187 tgt tok/s;     95 s elapsed
Epoch 11,   400/  454; acc:  82.28; ppl:   2.09; 3110 src tok/s; 3238 tgt tok/s;    109 s elapsed
Epoch 11,   450/  454; acc:  81.88; ppl:   2.14; 3095 src tok/s; 3208 tgt tok/s;    122 s elapsed
Train perplexity: 2.11208
Train accuracy: 82.0892
Validation perplexity: 6.20237
Validation accuracy: 69.7815
Decaying learning rate to 0.0625

Epoch 12,    50/  454; acc:  83.50; ppl:   1.99; 3085 src tok/s; 3213 tgt tok/s;     13 s elapsed
Epoch 12,   100/  454; acc:  82.88; ppl:   2.03; 3117 src tok/s; 3228 tgt tok/s;     27 s elapsed
Epoch 12,   150/  454; acc:  83.42; ppl:   2.02; 3066 src tok/s; 3200 tgt tok/s;     40 s elapsed
Epoch 12,   200/  454; acc:  82.75; ppl:   2.04; 3203 src tok/s; 3321 tgt tok/s;     54 s elapsed
Epoch 12,   250/  454; acc:  83.74; ppl:   1.95; 3089 src tok/s; 3206 tgt tok/s;     67 s elapsed
Epoch 12,   300/  454; acc:  82.84; ppl:   2.04; 2996 src tok/s; 3097 tgt tok/s;     81 s elapsed
Epoch 12,   350/  454; acc:  83.02; ppl:   2.03; 3080 src tok/s; 3186 tgt tok/s;     95 s elapsed
Epoch 12,   400/  454; acc:  83.10; ppl:   2.00; 3062 src tok/s; 3180 tgt tok/s;    109 s elapsed
Epoch 12,   450/  454; acc:  83.30; ppl:   2.01; 3040 src tok/s; 3162 tgt tok/s;    122 s elapsed
Train perplexity: 2.0135
Train accuracy: 83.1574
Validation perplexity: 6.28048
Validation accuracy: 69.8524
Decaying learning rate to 0.03125

Epoch 13,    50/  454; acc:  83.37; ppl:   2.00; 3096 src tok/s; 3205 tgt tok/s;     14 s elapsed
Epoch 13,   100/  454; acc:  83.96; ppl:   1.93; 3110 src tok/s; 3226 tgt tok/s;     27 s elapsed
Epoch 13,   150/  454; acc:  84.01; ppl:   1.94; 3076 src tok/s; 3212 tgt tok/s;     40 s elapsed
Epoch 13,   200/  454; acc:  83.59; ppl:   1.95; 3114 src tok/s; 3214 tgt tok/s;     54 s elapsed
Epoch 13,   250/  454; acc:  84.69; ppl:   1.88; 3099 src tok/s; 3236 tgt tok/s;     67 s elapsed
Epoch 13,   300/  454; acc:  82.81; ppl:   2.06; 3109 src tok/s; 3217 tgt tok/s;     81 s elapsed
Epoch 13,   350/  454; acc:  83.90; ppl:   1.94; 3019 src tok/s; 3137 tgt tok/s;     95 s elapsed
Epoch 13,   400/  454; acc:  82.85; ppl:   2.04; 3139 src tok/s; 3243 tgt tok/s;    108 s elapsed
Epoch 13,   450/  454; acc:  83.41; ppl:   1.97; 3097 src tok/s; 3221 tgt tok/s;    122 s elapsed
Train perplexity: 1.96462
Train accuracy: 83.6368
Validation perplexity: 6.31297
Validation accuracy: 69.8524
Decaying learning rate to 0.015625

Epoch 14,    50/  454; acc:  84.74; ppl:   1.87; 3070 src tok/s; 3205 tgt tok/s;     13 s elapsed
Epoch 14,   100/  454; acc:  83.66; ppl:   1.96; 3088 src tok/s; 3197 tgt tok/s;     27 s elapsed
Epoch 14,   150/  454; acc:  83.99; ppl:   1.94; 3162 src tok/s; 3261 tgt tok/s;     41 s elapsed
Epoch 14,   200/  454; acc:  84.31; ppl:   1.92; 3047 src tok/s; 3174 tgt tok/s;     54 s elapsed
Epoch 14,   250/  454; acc:  83.63; ppl:   1.97; 3104 src tok/s; 3215 tgt tok/s;     68 s elapsed
Epoch 14,   300/  454; acc:  84.31; ppl:   1.90; 3100 src tok/s; 3227 tgt tok/s;     81 s elapsed
Epoch 14,   350/  454; acc:  82.60; ppl:   2.06; 3094 src tok/s; 3193 tgt tok/s;     95 s elapsed
Epoch 14,   400/  454; acc:  84.82; ppl:   1.87; 3089 src tok/s; 3222 tgt tok/s;    108 s elapsed
Epoch 14,   450/  454; acc:  83.40; ppl:   1.99; 3096 src tok/s; 3208 tgt tok/s;    122 s elapsed
Train perplexity: 1.94048
Train accuracy: 83.9444
Validation perplexity: 6.3389
Validation accuracy: 69.8028
Decaying learning rate to 0.0078125

Epoch 15,    50/  454; acc:  84.11; ppl:   1.92; 3086 src tok/s; 3190 tgt tok/s;     14 s elapsed
Epoch 15,   100/  454; acc:  84.04; ppl:   1.94; 3087 src tok/s; 3212 tgt tok/s;     27 s elapsed
Epoch 15,   150/  454; acc:  83.83; ppl:   1.95; 3102 src tok/s; 3213 tgt tok/s;     41 s elapsed
Epoch 15,   200/  454; acc:  84.38; ppl:   1.89; 3124 src tok/s; 3236 tgt tok/s;     54 s elapsed
Epoch 15,   250/  454; acc:  83.98; ppl:   1.94; 3082 src tok/s; 3184 tgt tok/s;     68 s elapsed
Epoch 15,   300/  454; acc:  83.90; ppl:   1.92; 3038 src tok/s; 3177 tgt tok/s;     82 s elapsed
Epoch 15,   350/  454; acc:  83.67; ppl:   1.95; 3073 src tok/s; 3188 tgt tok/s;     96 s elapsed
Epoch 15,   400/  454; acc:  84.19; ppl:   1.91; 3116 src tok/s; 3236 tgt tok/s;    109 s elapsed
Epoch 15,   450/  454; acc:  84.16; ppl:   1.92; 3060 src tok/s; 3188 tgt tok/s;    122 s elapsed
Train perplexity: 1.92735
Train accuracy: 84.0187
Validation perplexity: 6.35861
Validation accuracy: 69.7673
Decaying learning rate to 0.00390625

Epoch 16,    50/  454; acc:  84.95; ppl:   1.83; 3057 src tok/s; 3212 tgt tok/s;     13 s elapsed
Epoch 16,   100/  454; acc:  83.76; ppl:   1.96; 3156 src tok/s; 3246 tgt tok/s;     27 s elapsed
Epoch 16,   150/  454; acc:  83.35; ppl:   1.99; 3139 src tok/s; 3235 tgt tok/s;     41 s elapsed
Epoch 16,   200/  454; acc:  85.30; ppl:   1.82; 3054 src tok/s; 3200 tgt tok/s;     54 s elapsed
Epoch 16,   250/  454; acc:  84.15; ppl:   1.95; 3079 src tok/s; 3203 tgt tok/s;     67 s elapsed
Epoch 16,   300/  454; acc:  84.44; ppl:   1.89; 3111 src tok/s; 3221 tgt tok/s;     81 s elapsed
Epoch 16,   350/  454; acc:  85.22; ppl:   1.83; 3033 src tok/s; 3185 tgt tok/s;     94 s elapsed
Epoch 16,   400/  454; acc:  83.02; ppl:   2.04; 3147 src tok/s; 3231 tgt tok/s;    108 s elapsed
Epoch 16,   450/  454; acc:  83.88; ppl:   1.95; 3093 src tok/s; 3196 tgt tok/s;    122 s elapsed
Train perplexity: 1.92054
Train accuracy: 84.1944
Validation perplexity: 6.36337
Validation accuracy: 69.7389
Decaying learning rate to 0.00195312

Epoch 17,    50/  454; acc:  83.81; ppl:   1.94; 3122 src tok/s; 3227 tgt tok/s;     14 s elapsed
Epoch 17,   100/  454; acc:  84.51; ppl:   1.91; 3136 src tok/s; 3270 tgt tok/s;     27 s elapsed
Epoch 17,   150/  454; acc:  84.09; ppl:   1.93; 3085 src tok/s; 3214 tgt tok/s;     40 s elapsed
Epoch 17,   200/  454; acc:  83.72; ppl:   1.93; 3159 src tok/s; 3273 tgt tok/s;     54 s elapsed
Epoch 17,   250/  454; acc:  84.54; ppl:   1.89; 3012 src tok/s; 3150 tgt tok/s;     67 s elapsed
Epoch 17,   300/  454; acc:  83.59; ppl:   1.97; 3185 src tok/s; 3284 tgt tok/s;     81 s elapsed
Epoch 17,   350/  454; acc:  83.87; ppl:   1.95; 3022 src tok/s; 3136 tgt tok/s;     95 s elapsed
Epoch 17,   400/  454; acc:  85.05; ppl:   1.84; 3143 src tok/s; 3265 tgt tok/s;    108 s elapsed
Epoch 17,   450/  454; acc:  84.81; ppl:   1.87; 3032 src tok/s; 3148 tgt tok/s;    121 s elapsed
Train perplexity: 1.91945
Train accuracy: 84.1605
Validation perplexity: 6.36561
Validation accuracy: 69.7176
Decaying learning rate to 0.000976562
