<module 'opts' from '/u/suhubdyd/research/projects/jumble_lstm/code/auxiliary-nmt/opts.pyc'>
Namespace(batch_size=64, brnn=False, brnn_merge='concat', cnn_kernel_width=3, context_gate=None, copy_attn=False, copy_attn_force=False, coverage_attn=False, data='/data/lisatmp3/suhubdyd/multi30k.atok.low', dec_layers=1, decay_method='', decoder_type='rnn', dropout=0.3, enc_layers=2, encoder_type='rnn', epochs=17, exp='', exp_host='', feat_merge='concat', feat_vec_exponent=0.7, feat_vec_size=-1, fix_word_vecs_dec=False, fix_word_vecs_enc=False, global_attention='general', gpuid=[0], input_feed=1, kappa_dec=0.2, kappa_enc=0.3, lambda_coverage=1, layers=-1, learning_rate=1.0, learning_rate_decay=0.5, max_generator_batches=32, max_grad_norm=5, model_type='text', optim='sgd', param_init=0.1, position_encoding=False, pre_word_vecs_dec=None, pre_word_vecs_enc=None, report_every=50, rnn_size=500, rnn_type='LSTM', save_model='/data/lisatmp3/suhubdyd/models/encoder0.3decoder0.2dropout0.3wdropFalse', seed=-1, share_decoder_embeddings=False, share_embeddings=False, src_word_vec_size=500, start_checkpoint_at=0, start_decay_at=8, start_epoch=1, tgt_word_vec_size=500, train_from='', truncated_decoder=0, warmup_steps=4000, weightdropout=False, word_vec_size=-1)
('Using Kappa L2 loss on encoder', 0.3)
('Using Kappa L2 loss on decoder', 0.2)
Loading train and validate data from '/data/lisatmp3/suhubdyd/multi30k.atok.low'
 * number of training sentences: 29000
 * maximum batch size: 64
 * vocabulary size. source = 10841; target = 18563
Building model...
Intializing model parameters.
NMTModel (
  (encoder): RNNEncoder (
    (embeddings): Embeddings (
      (make_embedding): Sequential (
        (emb_luts): Elementwise (
          (0): Embedding(10841, 500, padding_idx=1)
        )
      )
    )
    (dropout): Dropout (p = 0.3)
    (rnn): LSTM(500, 500, dropout=0.3)
  )
  (decoder): InputFeedRNNDecoder (
    (embeddings): Embeddings (
      (make_embedding): Sequential (
        (emb_luts): Elementwise (
          (0): Embedding(18563, 500, padding_idx=1)
        )
      )
    )
    (dropout): Dropout (p = 0.3)
    (rnn): StackedLSTM (
      (dropout): Dropout (p = 0.3)
      (layers): ModuleList (
        (0): LSTMCell(1000, 500)
      )
    )
    (attn): GlobalAttention (
      (linear_in): Linear (500 -> 500)
      (linear_out): Linear (1000 -> 500)
      (sm): Softmax ()
      (tanh): Tanh ()
    )
  )
  (generator): Sequential (
    (0): Linear (500 -> 18563)
    (1): LogSoftmax ()
  )
)
* number of parameters: 29760063
('encoder: ', 7424500)
('decoder: ', 22335563)

Epoch  1,    50/  454; acc:   8.13; ppl: 24607.90; 3148 src tok/s; 3262 tgt tok/s;     13 s elapsed
Epoch  1,   100/  454; acc:  15.46; ppl: 1167.77; 3236 src tok/s; 3362 tgt tok/s;     26 s elapsed
Epoch  1,   150/  454; acc:  18.33; ppl: 514.61; 3274 src tok/s; 3354 tgt tok/s;     40 s elapsed
Epoch  1,   200/  454; acc:  22.64; ppl: 241.59; 3206 src tok/s; 3356 tgt tok/s;     52 s elapsed
Epoch  1,   250/  454; acc:  25.75; ppl: 156.78; 3214 src tok/s; 3357 tgt tok/s;     65 s elapsed
Epoch  1,   300/  454; acc:  26.86; ppl: 126.67; 3225 src tok/s; 3335 tgt tok/s;     78 s elapsed
Epoch  1,   350/  454; acc:  29.82; ppl:  93.69; 3200 src tok/s; 3312 tgt tok/s;     92 s elapsed
Epoch  1,   400/  454; acc:  31.40; ppl:  80.21; 3222 src tok/s; 3350 tgt tok/s;    104 s elapsed
Epoch  1,   450/  454; acc:  33.45; ppl:  69.49; 3107 src tok/s; 3238 tgt tok/s;    118 s elapsed
Train perplexity: 319.314
Train accuracy: 23.5945
Validation perplexity: 55.9959
Validation accuracy: 33.0424

Epoch  2,    50/  454; acc:  36.43; ppl:  51.05; 3165 src tok/s; 3282 tgt tok/s;     13 s elapsed
Epoch  2,   100/  454; acc:  38.99; ppl:  43.61; 3207 src tok/s; 3330 tgt tok/s;     26 s elapsed
Epoch  2,   150/  454; acc:  40.92; ppl:  37.59; 3240 src tok/s; 3364 tgt tok/s;     39 s elapsed
Epoch  2,   200/  454; acc:  43.33; ppl:  32.24; 3221 src tok/s; 3341 tgt tok/s;     52 s elapsed
Epoch  2,   250/  454; acc:  45.73; ppl:  26.98; 3181 src tok/s; 3302 tgt tok/s;     65 s elapsed
Epoch  2,   300/  454; acc:  46.78; ppl:  26.30; 3181 src tok/s; 3292 tgt tok/s;     79 s elapsed
Epoch  2,   350/  454; acc:  48.68; ppl:  22.22; 3213 src tok/s; 3339 tgt tok/s;     92 s elapsed
Epoch  2,   400/  454; acc:  51.56; ppl:  18.67; 3180 src tok/s; 3309 tgt tok/s;    105 s elapsed
Epoch  2,   450/  454; acc:  51.36; ppl:  18.57; 3195 src tok/s; 3311 tgt tok/s;    118 s elapsed
Train perplexity: 28.9435
Train accuracy: 44.9165
Validation perplexity: 18.8841
Validation accuracy: 52.0576

Epoch  3,    50/  454; acc:  53.62; ppl:  15.26; 3238 src tok/s; 3349 tgt tok/s;     13 s elapsed
Epoch  3,   100/  454; acc:  55.47; ppl:  13.57; 3238 src tok/s; 3357 tgt tok/s;     26 s elapsed
Epoch  3,   150/  454; acc:  55.88; ppl:  13.15; 3240 src tok/s; 3367 tgt tok/s;     39 s elapsed
Epoch  3,   200/  454; acc:  56.52; ppl:  13.05; 3127 src tok/s; 3252 tgt tok/s;     52 s elapsed
Epoch  3,   250/  454; acc:  57.33; ppl:  12.26; 3166 src tok/s; 3299 tgt tok/s;     65 s elapsed
Epoch  3,   300/  454; acc:  56.92; ppl:  12.30; 3133 src tok/s; 3241 tgt tok/s;     79 s elapsed
Epoch  3,   350/  454; acc:  57.70; ppl:  11.68; 3192 src tok/s; 3317 tgt tok/s;     92 s elapsed
Epoch  3,   400/  454; acc:  57.87; ppl:  11.24; 3197 src tok/s; 3321 tgt tok/s;    105 s elapsed
Epoch  3,   450/  454; acc:  58.61; ppl:  11.04; 3214 src tok/s; 3326 tgt tok/s;    118 s elapsed
Train perplexity: 12.5359
Train accuracy: 56.6808
Validation perplexity: 10.4259
Validation accuracy: 60.1533

Epoch  4,    50/  454; acc:  61.21; ppl:   9.02; 3124 src tok/s; 3245 tgt tok/s;     14 s elapsed
Epoch  4,   100/  454; acc:  62.26; ppl:   8.27; 3250 src tok/s; 3365 tgt tok/s;     26 s elapsed
Epoch  4,   150/  454; acc:  63.31; ppl:   7.71; 3160 src tok/s; 3308 tgt tok/s;     39 s elapsed
Epoch  4,   200/  454; acc:  61.18; ppl:   8.94; 3239 src tok/s; 3321 tgt tok/s;     53 s elapsed
Epoch  4,   250/  454; acc:  61.47; ppl:   8.52; 3114 src tok/s; 3240 tgt tok/s;     66 s elapsed
Epoch  4,   300/  454; acc:  62.77; ppl:   7.80; 3201 src tok/s; 3337 tgt tok/s;     79 s elapsed
Epoch  4,   350/  454; acc:  61.73; ppl:   8.25; 3217 src tok/s; 3341 tgt tok/s;     92 s elapsed
Epoch  4,   400/  454; acc:  62.95; ppl:   7.83; 3170 src tok/s; 3301 tgt tok/s;    105 s elapsed
Epoch  4,   450/  454; acc:  62.32; ppl:   8.12; 3168 src tok/s; 3274 tgt tok/s;    118 s elapsed
Train perplexity: 8.26964
Train accuracy: 62.112
Validation perplexity: 8.11498
Validation accuracy: 64.2614

Epoch  5,    50/  454; acc:  64.53; ppl:   6.69; 3218 src tok/s; 3325 tgt tok/s;     14 s elapsed
Epoch  5,   100/  454; acc:  66.73; ppl:   5.86; 3143 src tok/s; 3274 tgt tok/s;     26 s elapsed
Epoch  5,   150/  454; acc:  66.00; ppl:   6.08; 3252 src tok/s; 3383 tgt tok/s;     39 s elapsed
Epoch  5,   200/  454; acc:  64.60; ppl:   6.62; 3188 src tok/s; 3297 tgt tok/s;     53 s elapsed
Epoch  5,   250/  454; acc:  64.69; ppl:   6.49; 3135 src tok/s; 3254 tgt tok/s;     66 s elapsed
Epoch  5,   300/  454; acc:  65.81; ppl:   6.10; 3153 src tok/s; 3277 tgt tok/s;     79 s elapsed
Epoch  5,   350/  454; acc:  66.36; ppl:   6.00; 3207 src tok/s; 3351 tgt tok/s;     92 s elapsed
Epoch  5,   400/  454; acc:  64.99; ppl:   6.50; 3221 src tok/s; 3327 tgt tok/s;    105 s elapsed
Epoch  5,   450/  454; acc:  65.06; ppl:   6.37; 3196 src tok/s; 3302 tgt tok/s;    118 s elapsed
Train perplexity: 6.29204
Train accuracy: 65.4192
Validation perplexity: 7.33972
Validation accuracy: 65.5385

Epoch  6,    50/  454; acc:  67.60; ppl:   5.22; 3155 src tok/s; 3258 tgt tok/s;     14 s elapsed
Epoch  6,   100/  454; acc:  69.08; ppl:   4.68; 3222 src tok/s; 3351 tgt tok/s;     26 s elapsed
Epoch  6,   150/  454; acc:  67.63; ppl:   5.28; 3190 src tok/s; 3288 tgt tok/s;     41 s elapsed
Epoch  6,   200/  454; acc:  69.02; ppl:   4.77; 3134 src tok/s; 3271 tgt tok/s;     53 s elapsed
Epoch  6,   250/  454; acc:  67.07; ppl:   5.21; 3048 src tok/s; 3154 tgt tok/s;     67 s elapsed
Epoch  6,   300/  454; acc:  67.95; ppl:   5.08; 3178 src tok/s; 3306 tgt tok/s;     80 s elapsed
Epoch  6,   350/  454; acc:  68.58; ppl:   4.85; 3179 src tok/s; 3334 tgt tok/s;     92 s elapsed
Epoch  6,   400/  454; acc:  66.91; ppl:   5.44; 3271 src tok/s; 3363 tgt tok/s;    106 s elapsed
Epoch  6,   450/  454; acc:  67.49; ppl:   5.21; 3100 src tok/s; 3240 tgt tok/s;    119 s elapsed
Train perplexity: 5.09015
Train accuracy: 67.883
Validation perplexity: 6.67797
Validation accuracy: 66.546

Epoch  7,    50/  454; acc:  70.93; ppl:   4.12; 3106 src tok/s; 3219 tgt tok/s;     13 s elapsed
Epoch  7,   100/  454; acc:  70.54; ppl:   4.14; 3270 src tok/s; 3388 tgt tok/s;     26 s elapsed
Epoch  7,   150/  454; acc:  70.41; ppl:   4.21; 3213 src tok/s; 3325 tgt tok/s;     39 s elapsed
Epoch  7,   200/  454; acc:  69.93; ppl:   4.31; 3160 src tok/s; 3273 tgt tok/s;     53 s elapsed
Epoch  7,   250/  454; acc:  69.23; ppl:   4.51; 3193 src tok/s; 3299 tgt tok/s;     66 s elapsed
Epoch  7,   300/  454; acc:  70.24; ppl:   4.15; 3198 src tok/s; 3352 tgt tok/s;     79 s elapsed
Epoch  7,   350/  454; acc:  69.08; ppl:   4.47; 3156 src tok/s; 3282 tgt tok/s;     92 s elapsed
Epoch  7,   400/  454; acc:  69.36; ppl:   4.34; 3174 src tok/s; 3294 tgt tok/s;    105 s elapsed
Epoch  7,   450/  454; acc:  69.99; ppl:   4.33; 3193 src tok/s; 3315 tgt tok/s;    118 s elapsed
Train perplexity: 4.29106
Train accuracy: 69.9416
Validation perplexity: 6.49287
Validation accuracy: 67.0924

Epoch  8,    50/  454; acc:  72.34; ppl:   3.61; 3127 src tok/s; 3252 tgt tok/s;     13 s elapsed
Epoch  8,   100/  454; acc:  73.08; ppl:   3.48; 3177 src tok/s; 3300 tgt tok/s;     26 s elapsed
Epoch  8,   150/  454; acc:  72.21; ppl:   3.59; 3277 src tok/s; 3382 tgt tok/s;     40 s elapsed
Epoch  8,   200/  454; acc:  70.96; ppl:   3.87; 3130 src tok/s; 3264 tgt tok/s;     53 s elapsed
Epoch  8,   250/  454; acc:  72.27; ppl:   3.66; 3185 src tok/s; 3299 tgt tok/s;     66 s elapsed
Epoch  8,   300/  454; acc:  71.70; ppl:   3.80; 3222 src tok/s; 3340 tgt tok/s;     79 s elapsed
Epoch  8,   350/  454; acc:  70.57; ppl:   3.90; 3200 src tok/s; 3315 tgt tok/s;     92 s elapsed
Epoch  8,   400/  454; acc:  71.19; ppl:   3.75; 3142 src tok/s; 3282 tgt tok/s;    105 s elapsed
Epoch  8,   450/  454; acc:  70.80; ppl:   3.89; 3121 src tok/s; 3221 tgt tok/s;    119 s elapsed
Train perplexity: 3.72044
Train accuracy: 71.7039
Validation perplexity: 6.37938
Validation accuracy: 67.9367
Decaying learning rate to 0.5

Epoch  9,    50/  454; acc:  77.98; ppl:   2.57; 3136 src tok/s; 3280 tgt tok/s;     12 s elapsed
Epoch  9,   100/  454; acc:  75.33; ppl:   3.01; 3228 src tok/s; 3331 tgt tok/s;     26 s elapsed
Epoch  9,   150/  454; acc:  77.19; ppl:   2.75; 3136 src tok/s; 3282 tgt tok/s;     39 s elapsed
Epoch  9,   200/  454; acc:  76.07; ppl:   2.87; 3278 src tok/s; 3378 tgt tok/s;     52 s elapsed
Epoch  9,   250/  454; acc:  76.57; ppl:   2.81; 3221 src tok/s; 3348 tgt tok/s;     65 s elapsed
Epoch  9,   300/  454; acc:  76.47; ppl:   2.82; 3182 src tok/s; 3290 tgt tok/s;     79 s elapsed
Epoch  9,   350/  454; acc:  77.19; ppl:   2.73; 3191 src tok/s; 3325 tgt tok/s;     92 s elapsed
Epoch  9,   400/  454; acc:  76.13; ppl:   2.87; 3215 src tok/s; 3333 tgt tok/s;    105 s elapsed
Epoch  9,   450/  454; acc:  77.08; ppl:   2.72; 3183 src tok/s; 3308 tgt tok/s;    118 s elapsed
Train perplexity: 2.80547
Train accuracy: 76.5812
Validation perplexity: 6.06484
Validation accuracy: 69.1784
Decaying learning rate to 0.25

Epoch 10,    50/  454; acc:  78.63; ppl:   2.53; 3202 src tok/s; 3289 tgt tok/s;     14 s elapsed
Epoch 10,   100/  454; acc:  81.23; ppl:   2.18; 3108 src tok/s; 3271 tgt tok/s;     27 s elapsed
Epoch 10,   150/  454; acc:  81.20; ppl:   2.23; 3191 src tok/s; 3319 tgt tok/s;     40 s elapsed
Epoch 10,   200/  454; acc:  79.84; ppl:   2.36; 3193 src tok/s; 3335 tgt tok/s;     53 s elapsed
Epoch 10,   250/  454; acc:  79.70; ppl:   2.36; 3165 src tok/s; 3272 tgt tok/s;     66 s elapsed
Epoch 10,   300/  454; acc:  80.55; ppl:   2.29; 3210 src tok/s; 3333 tgt tok/s;     79 s elapsed
Epoch 10,   350/  454; acc:  79.25; ppl:   2.43; 3225 src tok/s; 3315 tgt tok/s;     93 s elapsed
Epoch 10,   400/  454; acc:  81.46; ppl:   2.17; 3171 src tok/s; 3307 tgt tok/s;    105 s elapsed
Epoch 10,   450/  454; acc:  79.51; ppl:   2.40; 3170 src tok/s; 3286 tgt tok/s;    118 s elapsed
Train perplexity: 2.32882
Train accuracy: 80.1263
Validation perplexity: 6.07768
Validation accuracy: 69.6467
Decaying learning rate to 0.125

Epoch 11,    50/  454; acc:  81.76; ppl:   2.17; 3174 src tok/s; 3299 tgt tok/s;     14 s elapsed
Epoch 11,   100/  454; acc:  82.77; ppl:   2.02; 3225 src tok/s; 3352 tgt tok/s;     26 s elapsed
Epoch 11,   150/  454; acc:  82.29; ppl:   2.09; 3208 src tok/s; 3336 tgt tok/s;     39 s elapsed
Epoch 11,   200/  454; acc:  82.01; ppl:   2.12; 3209 src tok/s; 3316 tgt tok/s;     52 s elapsed
Epoch 11,   250/  454; acc:  82.47; ppl:   2.08; 3195 src tok/s; 3337 tgt tok/s;     65 s elapsed
Epoch 11,   300/  454; acc:  81.62; ppl:   2.17; 3180 src tok/s; 3285 tgt tok/s;     79 s elapsed
Epoch 11,   350/  454; acc:  82.37; ppl:   2.08; 3253 src tok/s; 3359 tgt tok/s;     92 s elapsed
Epoch 11,   400/  454; acc:  81.67; ppl:   2.17; 3136 src tok/s; 3258 tgt tok/s;    105 s elapsed
Epoch 11,   450/  454; acc:  82.00; ppl:   2.12; 3152 src tok/s; 3280 tgt tok/s;    118 s elapsed
Train perplexity: 2.11196
Train accuracy: 82.0982
Validation perplexity: 6.18207
Validation accuracy: 69.9092
Decaying learning rate to 0.0625

Epoch 12,    50/  454; acc:  83.37; ppl:   2.02; 3129 src tok/s; 3242 tgt tok/s;     13 s elapsed
Epoch 12,   100/  454; acc:  83.49; ppl:   1.99; 3214 src tok/s; 3350 tgt tok/s;     27 s elapsed
Epoch 12,   150/  454; acc:  83.59; ppl:   1.95; 3211 src tok/s; 3335 tgt tok/s;     39 s elapsed
Epoch 12,   200/  454; acc:  82.57; ppl:   2.07; 3159 src tok/s; 3270 tgt tok/s;     53 s elapsed
Epoch 12,   250/  454; acc:  84.27; ppl:   1.88; 3204 src tok/s; 3350 tgt tok/s;     65 s elapsed
Epoch 12,   300/  454; acc:  81.91; ppl:   2.14; 3183 src tok/s; 3284 tgt tok/s;     79 s elapsed
Epoch 12,   350/  454; acc:  82.35; ppl:   2.08; 3222 src tok/s; 3331 tgt tok/s;     93 s elapsed
Epoch 12,   400/  454; acc:  83.59; ppl:   1.95; 3173 src tok/s; 3292 tgt tok/s;    105 s elapsed
Epoch 12,   450/  454; acc:  82.74; ppl:   2.04; 3165 src tok/s; 3285 tgt tok/s;    119 s elapsed
Train perplexity: 2.01119
Train accuracy: 83.0935
Validation perplexity: 6.28163
Validation accuracy: 69.7247
Decaying learning rate to 0.03125

Epoch 13,    50/  454; acc:  85.15; ppl:   1.80; 3135 src tok/s; 3291 tgt tok/s;     13 s elapsed
Epoch 13,   100/  454; acc:  82.65; ppl:   2.07; 3227 src tok/s; 3318 tgt tok/s;     26 s elapsed
Epoch 13,   150/  454; acc:  84.69; ppl:   1.87; 3144 src tok/s; 3288 tgt tok/s;     39 s elapsed
Epoch 13,   200/  454; acc:  83.01; ppl:   2.02; 3177 src tok/s; 3279 tgt tok/s;     53 s elapsed
Epoch 13,   250/  454; acc:  83.44; ppl:   2.00; 3237 src tok/s; 3339 tgt tok/s;     66 s elapsed
Epoch 13,   300/  454; acc:  84.28; ppl:   1.93; 3193 src tok/s; 3314 tgt tok/s;     79 s elapsed
Epoch 13,   350/  454; acc:  83.31; ppl:   2.01; 3237 src tok/s; 3353 tgt tok/s;     92 s elapsed
Epoch 13,   400/  454; acc:  84.00; ppl:   1.95; 3148 src tok/s; 3279 tgt tok/s;    105 s elapsed
Epoch 13,   450/  454; acc:  83.16; ppl:   2.02; 3239 src tok/s; 3361 tgt tok/s;    118 s elapsed
Train perplexity: 1.96189
Train accuracy: 83.7427
Validation perplexity: 6.33489
Validation accuracy: 69.8028
Decaying learning rate to 0.015625

Epoch 14,    50/  454; acc:  84.16; ppl:   1.92; 3204 src tok/s; 3326 tgt tok/s;     13 s elapsed
Epoch 14,   100/  454; acc:  83.71; ppl:   1.98; 3135 src tok/s; 3255 tgt tok/s;     27 s elapsed
Epoch 14,   150/  454; acc:  83.97; ppl:   1.91; 3233 src tok/s; 3353 tgt tok/s;     40 s elapsed
Epoch 14,   200/  454; acc:  83.68; ppl:   1.97; 3180 src tok/s; 3291 tgt tok/s;     53 s elapsed
Epoch 14,   250/  454; acc:  83.46; ppl:   1.99; 3251 src tok/s; 3355 tgt tok/s;     66 s elapsed
Epoch 14,   300/  454; acc:  84.98; ppl:   1.87; 3177 src tok/s; 3317 tgt tok/s;     79 s elapsed
Epoch 14,   350/  454; acc:  83.53; ppl:   1.94; 3209 src tok/s; 3333 tgt tok/s;     92 s elapsed
Epoch 14,   400/  454; acc:  84.23; ppl:   1.93; 3145 src tok/s; 3280 tgt tok/s;    105 s elapsed
Epoch 14,   450/  454; acc:  83.95; ppl:   1.92; 3214 src tok/s; 3324 tgt tok/s;    118 s elapsed
Train perplexity: 1.93655
Train accuracy: 83.9574
Validation perplexity: 6.34605
Validation accuracy: 69.6608
Decaying learning rate to 0.0078125

Epoch 15,    50/  454; acc:  83.85; ppl:   1.96; 3147 src tok/s; 3274 tgt tok/s;     13 s elapsed
Epoch 15,   100/  454; acc:  84.32; ppl:   1.89; 3263 src tok/s; 3368 tgt tok/s;     26 s elapsed
Epoch 15,   150/  454; acc:  84.19; ppl:   1.93; 3075 src tok/s; 3207 tgt tok/s;     40 s elapsed
Epoch 15,   200/  454; acc:  83.80; ppl:   1.95; 3299 src tok/s; 3415 tgt tok/s;     53 s elapsed
Epoch 15,   250/  454; acc:  84.23; ppl:   1.91; 3210 src tok/s; 3332 tgt tok/s;     65 s elapsed
Epoch 15,   300/  454; acc:  84.01; ppl:   1.94; 3178 src tok/s; 3286 tgt tok/s;     79 s elapsed
Epoch 15,   350/  454; acc:  83.55; ppl:   1.99; 3182 src tok/s; 3307 tgt tok/s;     92 s elapsed
Epoch 15,   400/  454; acc:  84.75; ppl:   1.85; 3157 src tok/s; 3289 tgt tok/s;    105 s elapsed
Epoch 15,   450/  454; acc:  84.28; ppl:   1.91; 3270 src tok/s; 3390 tgt tok/s;    118 s elapsed
Train perplexity: 1.92639
Train accuracy: 84.1161
Validation perplexity: 6.36709
Validation accuracy: 69.6183
Decaying learning rate to 0.00390625

Epoch 16,    50/  454; acc:  83.38; ppl:   2.01; 3165 src tok/s; 3274 tgt tok/s;     14 s elapsed
Epoch 16,   100/  454; acc:  85.06; ppl:   1.82; 3133 src tok/s; 3264 tgt tok/s;     27 s elapsed
Epoch 16,   150/  454; acc:  84.69; ppl:   1.86; 3230 src tok/s; 3374 tgt tok/s;     39 s elapsed
Epoch 16,   200/  454; acc:  83.65; ppl:   1.98; 3213 src tok/s; 3317 tgt tok/s;     53 s elapsed
Epoch 16,   250/  454; acc:  83.92; ppl:   1.97; 3203 src tok/s; 3325 tgt tok/s;     66 s elapsed
Epoch 16,   300/  454; acc:  84.16; ppl:   1.91; 3173 src tok/s; 3282 tgt tok/s;     79 s elapsed
Epoch 16,   350/  454; acc:  82.72; ppl:   2.07; 3208 src tok/s; 3307 tgt tok/s;     93 s elapsed
Epoch 16,   400/  454; acc:  85.78; ppl:   1.77; 3196 src tok/s; 3345 tgt tok/s;    105 s elapsed
Epoch 16,   450/  454; acc:  84.47; ppl:   1.88; 3205 src tok/s; 3336 tgt tok/s;    118 s elapsed
Train perplexity: 1.92158
Train accuracy: 84.1479
Validation perplexity: 6.36942
Validation accuracy: 69.597
Decaying learning rate to 0.00195312

Epoch 17,    50/  454; acc:  84.35; ppl:   1.89; 3166 src tok/s; 3302 tgt tok/s;     13 s elapsed
Epoch 17,   100/  454; acc:  84.04; ppl:   1.94; 3156 src tok/s; 3260 tgt tok/s;     26 s elapsed
Epoch 17,   150/  454; acc:  83.85; ppl:   1.95; 3239 src tok/s; 3343 tgt tok/s;     39 s elapsed
Epoch 17,   200/  454; acc:  84.24; ppl:   1.91; 3242 src tok/s; 3353 tgt tok/s;     52 s elapsed
Epoch 17,   250/  454; acc:  83.79; ppl:   1.96; 3225 src tok/s; 3344 tgt tok/s;     66 s elapsed
Epoch 17,   300/  454; acc:  84.56; ppl:   1.87; 3195 src tok/s; 3327 tgt tok/s;     79 s elapsed
Epoch 17,   350/  454; acc:  83.84; ppl:   1.96; 3185 src tok/s; 3305 tgt tok/s;     92 s elapsed
Epoch 17,   400/  454; acc:  84.67; ppl:   1.88; 3162 src tok/s; 3305 tgt tok/s;    105 s elapsed
Epoch 17,   450/  454; acc:  84.02; ppl:   1.91; 3118 src tok/s; 3227 tgt tok/s;    118 s elapsed
Train perplexity: 1.91615
Train accuracy: 84.1743
Validation perplexity: 6.37282
Validation accuracy: 69.6254
Decaying learning rate to 0.000976562
