<module 'opts' from '/u/suhubdyd/research/projects/jumble_lstm/code/auxiliary-nmt/opts.pyc'>
Namespace(batch_size=64, brnn=False, brnn_merge='concat', cnn_kernel_width=3, context_gate=None, copy_attn=False, copy_attn_force=False, coverage_attn=False, data='/data/lisatmp3/suhubdyd/multi30k.atok.low', dec_layers=1, decay_method='', decoder_type='rnn', dropout=0.3, enc_layers=2, encoder_type='rnn', epochs=17, exp='', exp_host='', feat_merge='concat', feat_vec_exponent=0.7, feat_vec_size=-1, fix_word_vecs_dec=False, fix_word_vecs_enc=False, global_attention='general', gpuid=[0], input_feed=1, kappa_dec=0.3, kappa_enc=0.3, lambda_coverage=1, layers=-1, learning_rate=1.0, learning_rate_decay=0.5, max_generator_batches=32, max_grad_norm=5, model_type='text', optim='sgd', param_init=0.1, position_encoding=False, pre_word_vecs_dec=None, pre_word_vecs_enc=None, report_every=50, rnn_size=500, rnn_type='LSTM', save_model='/data/lisatmp3/suhubdyd/models/seeds/encoder0.3decoder0.3dropout0.3wdropFalseseed1', seed=1, share_decoder_embeddings=False, share_embeddings=False, src_word_vec_size=500, start_checkpoint_at=0, start_decay_at=8, start_epoch=1, tgt_word_vec_size=500, train_from='', truncated_decoder=0, warmup_steps=4000, weightdropout=False, word_vec_size=-1)
('Using Kappa L2 loss on encoder', 0.3)
('Using Kappa L2 loss on decoder', 0.3)
Loading train and validate data from '/data/lisatmp3/suhubdyd/multi30k.atok.low'
 * number of training sentences: 29000
 * maximum batch size: 64
 * vocabulary size. source = 10841; target = 18563
Building model...
Intializing model parameters.
NMTModel (
  (encoder): RNNEncoder (
    (embeddings): Embeddings (
      (make_embedding): Sequential (
        (emb_luts): Elementwise (
          (0): Embedding(10841, 500, padding_idx=1)
        )
      )
    )
    (dropout): Dropout (p = 0.3)
    (rnn): LSTM(500, 500, dropout=0.3)
  )
  (decoder): InputFeedRNNDecoder (
    (embeddings): Embeddings (
      (make_embedding): Sequential (
        (emb_luts): Elementwise (
          (0): Embedding(18563, 500, padding_idx=1)
        )
      )
    )
    (dropout): Dropout (p = 0.3)
    (rnn): StackedLSTM (
      (dropout): Dropout (p = 0.3)
      (layers): ModuleList (
        (0): LSTMCell(1000, 500)
      )
    )
    (attn): GlobalAttention (
      (linear_in): Linear (500 -> 500)
      (linear_out): Linear (1000 -> 500)
      (sm): Softmax ()
      (tanh): Tanh ()
    )
  )
  (generator): Sequential (
    (0): Linear (500 -> 18563)
    (1): LogSoftmax ()
  )
)
* number of parameters: 29760063
('encoder: ', 7424500)
('decoder: ', 22335563)

Epoch  1,    50/  454; acc:   9.87; ppl: 27607.93; 3234 src tok/s; 3372 tgt tok/s;     12 s elapsed
Epoch  1,   100/  454; acc:  14.42; ppl: 1545.27; 3434 src tok/s; 3539 tgt tok/s;     25 s elapsed
Epoch  1,   150/  454; acc:  18.79; ppl: 526.28; 3446 src tok/s; 3591 tgt tok/s;     37 s elapsed
Epoch  1,   200/  454; acc:  20.74; ppl: 298.73; 3420 src tok/s; 3557 tgt tok/s;     50 s elapsed
Epoch  1,   250/  454; acc:  25.45; ppl: 167.16; 3416 src tok/s; 3552 tgt tok/s;     61 s elapsed
Epoch  1,   300/  454; acc:  26.67; ppl: 129.43; 3372 src tok/s; 3495 tgt tok/s;     74 s elapsed
Epoch  1,   350/  454; acc:  29.53; ppl:  96.68; 3429 src tok/s; 3564 tgt tok/s;     87 s elapsed
Epoch  1,   400/  454; acc:  31.94; ppl:  78.80; 3400 src tok/s; 3513 tgt tok/s;     99 s elapsed
Epoch  1,   450/  454; acc:  33.58; ppl:  66.57; 3416 src tok/s; 3539 tgt tok/s;    111 s elapsed
Train perplexity: 338.111
Train accuracy: 23.5503
Validation perplexity: 58.7916
Validation accuracy: 36.8951

Epoch  2,    50/  454; acc:  37.38; ppl:  51.01; 3375 src tok/s; 3512 tgt tok/s;     12 s elapsed
Epoch  2,   100/  454; acc:  39.36; ppl:  42.72; 3439 src tok/s; 3565 tgt tok/s;     25 s elapsed
Epoch  2,   150/  454; acc:  41.13; ppl:  37.44; 3452 src tok/s; 3572 tgt tok/s;     37 s elapsed
Epoch  2,   200/  454; acc:  45.80; ppl:  27.88; 3347 src tok/s; 3498 tgt tok/s;     49 s elapsed
Epoch  2,   250/  454; acc:  44.61; ppl:  28.37; 3454 src tok/s; 3577 tgt tok/s;     61 s elapsed
Epoch  2,   300/  454; acc:  47.94; ppl:  23.63; 3419 src tok/s; 3543 tgt tok/s;     74 s elapsed
Epoch  2,   350/  454; acc:  49.28; ppl:  21.83; 3429 src tok/s; 3559 tgt tok/s;     86 s elapsed
Epoch  2,   400/  454; acc:  50.44; ppl:  19.66; 3403 src tok/s; 3535 tgt tok/s;     98 s elapsed
Epoch  2,   450/  454; acc:  52.05; ppl:  18.03; 3427 src tok/s; 3551 tgt tok/s;    110 s elapsed
Train perplexity: 28.3098
Train accuracy: 45.346
Validation perplexity: 16.1791
Validation accuracy: 53.7605

Epoch  3,    50/  454; acc:  54.61; ppl:  14.37; 3430 src tok/s; 3541 tgt tok/s;     12 s elapsed
Epoch  3,   100/  454; acc:  54.82; ppl:  14.26; 3429 src tok/s; 3568 tgt tok/s;     24 s elapsed
Epoch  3,   150/  454; acc:  55.63; ppl:  13.50; 3423 src tok/s; 3564 tgt tok/s;     36 s elapsed
Epoch  3,   200/  454; acc:  55.61; ppl:  13.46; 3402 src tok/s; 3542 tgt tok/s;     49 s elapsed
Epoch  3,   250/  454; acc:  56.93; ppl:  12.69; 3437 src tok/s; 3574 tgt tok/s;     61 s elapsed
Epoch  3,   300/  454; acc:  57.65; ppl:  11.64; 3421 src tok/s; 3541 tgt tok/s;     73 s elapsed
Epoch  3,   350/  454; acc:  57.84; ppl:  11.42; 3452 src tok/s; 3571 tgt tok/s;     86 s elapsed
Epoch  3,   400/  454; acc:  59.23; ppl:  10.64; 3392 src tok/s; 3526 tgt tok/s;     98 s elapsed
Epoch  3,   450/  454; acc:  58.52; ppl:  10.96; 3347 src tok/s; 3467 tgt tok/s;    110 s elapsed
Train perplexity: 12.4492
Train accuracy: 56.7928
Validation perplexity: 10.1182
Validation accuracy: 60.8344

Epoch  4,    50/  454; acc:  61.33; ppl:   8.86; 3417 src tok/s; 3544 tgt tok/s;     12 s elapsed
Epoch  4,   100/  454; acc:  62.43; ppl:   8.00; 3435 src tok/s; 3573 tgt tok/s;     24 s elapsed
Epoch  4,   150/  454; acc:  61.27; ppl:   8.75; 3480 src tok/s; 3584 tgt tok/s;     37 s elapsed
Epoch  4,   200/  454; acc:  62.76; ppl:   8.10; 3416 src tok/s; 3562 tgt tok/s;     49 s elapsed
Epoch  4,   250/  454; acc:  62.14; ppl:   8.18; 3416 src tok/s; 3545 tgt tok/s;     61 s elapsed
Epoch  4,   300/  454; acc:  62.12; ppl:   8.29; 3374 src tok/s; 3512 tgt tok/s;     73 s elapsed
Epoch  4,   350/  454; acc:  62.82; ppl:   7.89; 3404 src tok/s; 3544 tgt tok/s;     86 s elapsed
Epoch  4,   400/  454; acc:  62.69; ppl:   8.10; 3375 src tok/s; 3485 tgt tok/s;     98 s elapsed
Epoch  4,   450/  454; acc:  63.00; ppl:   7.66; 3374 src tok/s; 3507 tgt tok/s;    110 s elapsed
Train perplexity: 8.20958
Train accuracy: 62.2529
Validation perplexity: 8.33086
Validation accuracy: 62.8069

Epoch  5,    50/  454; acc:  65.89; ppl:   6.15; 3393 src tok/s; 3535 tgt tok/s;     12 s elapsed
Epoch  5,   100/  454; acc:  65.24; ppl:   6.29; 3436 src tok/s; 3556 tgt tok/s;     25 s elapsed
Epoch  5,   150/  454; acc:  65.84; ppl:   6.20; 3421 src tok/s; 3566 tgt tok/s;     37 s elapsed
Epoch  5,   200/  454; acc:  65.89; ppl:   6.05; 3401 src tok/s; 3522 tgt tok/s;     49 s elapsed
Epoch  5,   250/  454; acc:  65.81; ppl:   6.07; 3421 src tok/s; 3562 tgt tok/s;     61 s elapsed
Epoch  5,   300/  454; acc:  65.12; ppl:   6.37; 3427 src tok/s; 3546 tgt tok/s;     74 s elapsed
Epoch  5,   350/  454; acc:  65.04; ppl:   6.45; 3493 src tok/s; 3602 tgt tok/s;     86 s elapsed
Epoch  5,   400/  454; acc:  65.42; ppl:   6.27; 3309 src tok/s; 3452 tgt tok/s;     98 s elapsed
Epoch  5,   450/  454; acc:  65.86; ppl:   6.01; 3416 src tok/s; 3545 tgt tok/s;    110 s elapsed
Train perplexity: 6.22537
Train accuracy: 65.5163
Validation perplexity: 7.72087
Validation accuracy: 65.2192

Epoch  6,    50/  454; acc:  69.47; ppl:   4.75; 3417 src tok/s; 3561 tgt tok/s;     12 s elapsed
Epoch  6,   100/  454; acc:  68.32; ppl:   4.93; 3482 src tok/s; 3587 tgt tok/s;     24 s elapsed
Epoch  6,   150/  454; acc:  67.30; ppl:   5.23; 3442 src tok/s; 3558 tgt tok/s;     37 s elapsed
Epoch  6,   200/  454; acc:  69.29; ppl:   4.68; 3375 src tok/s; 3534 tgt tok/s;     49 s elapsed
Epoch  6,   250/  454; acc:  67.67; ppl:   5.19; 3427 src tok/s; 3530 tgt tok/s;     62 s elapsed
Epoch  6,   300/  454; acc:  68.04; ppl:   5.08; 3382 src tok/s; 3547 tgt tok/s;     73 s elapsed
Epoch  6,   350/  454; acc:  67.70; ppl:   5.19; 3411 src tok/s; 3528 tgt tok/s;     86 s elapsed
Epoch  6,   400/  454; acc:  67.64; ppl:   5.26; 3470 src tok/s; 3613 tgt tok/s;     98 s elapsed
Epoch  6,   450/  454; acc:  67.67; ppl:   5.12; 3305 src tok/s; 3429 tgt tok/s;    110 s elapsed
Train perplexity: 5.05329
Train accuracy: 68.0815
Validation perplexity: 6.71754
Validation accuracy: 66.0849

Epoch  7,    50/  454; acc:  70.32; ppl:   4.17; 3416 src tok/s; 3529 tgt tok/s;     13 s elapsed
Epoch  7,   100/  454; acc:  71.59; ppl:   3.91; 3394 src tok/s; 3534 tgt tok/s;     25 s elapsed
Epoch  7,   150/  454; acc:  70.80; ppl:   4.10; 3487 src tok/s; 3613 tgt tok/s;     37 s elapsed
Epoch  7,   200/  454; acc:  69.84; ppl:   4.28; 3395 src tok/s; 3525 tgt tok/s;     49 s elapsed
Epoch  7,   250/  454; acc:  70.21; ppl:   4.20; 3379 src tok/s; 3512 tgt tok/s;     61 s elapsed
Epoch  7,   300/  454; acc:  69.47; ppl:   4.44; 3377 src tok/s; 3523 tgt tok/s;     74 s elapsed
Epoch  7,   350/  454; acc:  69.41; ppl:   4.43; 3436 src tok/s; 3557 tgt tok/s;     86 s elapsed
Epoch  7,   400/  454; acc:  70.31; ppl:   4.19; 3388 src tok/s; 3517 tgt tok/s;     98 s elapsed
Epoch  7,   450/  454; acc:  69.91; ppl:   4.29; 3371 src tok/s; 3511 tgt tok/s;    110 s elapsed
Train perplexity: 4.24365
Train accuracy: 70.1136
Validation perplexity: 6.63406
Validation accuracy: 66.2977

Epoch  8,    50/  454; acc:  74.10; ppl:   3.29; 3365 src tok/s; 3513 tgt tok/s;     12 s elapsed
Epoch  8,   100/  454; acc:  71.67; ppl:   3.73; 3428 src tok/s; 3545 tgt tok/s;     25 s elapsed
Epoch  8,   150/  454; acc:  73.21; ppl:   3.35; 3370 src tok/s; 3519 tgt tok/s;     36 s elapsed
Epoch  8,   200/  454; acc:  70.97; ppl:   3.91; 3447 src tok/s; 3551 tgt tok/s;     49 s elapsed
Epoch  8,   250/  454; acc:  72.73; ppl:   3.50; 3377 src tok/s; 3529 tgt tok/s;     61 s elapsed
Epoch  8,   300/  454; acc:  71.09; ppl:   3.87; 3485 src tok/s; 3577 tgt tok/s;     74 s elapsed
Epoch  8,   350/  454; acc:  70.78; ppl:   3.94; 3410 src tok/s; 3532 tgt tok/s;     86 s elapsed
Epoch  8,   400/  454; acc:  72.11; ppl:   3.65; 3412 src tok/s; 3568 tgt tok/s;     98 s elapsed
Epoch  8,   450/  454; acc:  70.45; ppl:   4.04; 3373 src tok/s; 3495 tgt tok/s;    111 s elapsed
Train perplexity: 3.69195
Train accuracy: 71.89
Validation perplexity: 6.41688
Validation accuracy: 67.7877
Decaying learning rate to 0.5

Epoch  9,    50/  454; acc:  76.13; ppl:   2.90; 3384 src tok/s; 3504 tgt tok/s;     13 s elapsed
Epoch  9,   100/  454; acc:  77.47; ppl:   2.66; 3424 src tok/s; 3550 tgt tok/s;     25 s elapsed
Epoch  9,   150/  454; acc:  77.02; ppl:   2.75; 3354 src tok/s; 3495 tgt tok/s;     37 s elapsed
Epoch  9,   200/  454; acc:  76.69; ppl:   2.82; 3425 src tok/s; 3562 tgt tok/s;     49 s elapsed
Epoch  9,   250/  454; acc:  76.69; ppl:   2.79; 3426 src tok/s; 3555 tgt tok/s;     62 s elapsed
Epoch  9,   300/  454; acc:  76.77; ppl:   2.74; 3375 src tok/s; 3507 tgt tok/s;     74 s elapsed
Epoch  9,   350/  454; acc:  76.08; ppl:   2.88; 3378 src tok/s; 3492 tgt tok/s;     87 s elapsed
Epoch  9,   400/  454; acc:  77.14; ppl:   2.70; 3438 src tok/s; 3581 tgt tok/s;     99 s elapsed
Epoch  9,   450/  454; acc:  76.23; ppl:   2.84; 3432 src tok/s; 3541 tgt tok/s;    111 s elapsed
Train perplexity: 2.78359
Train accuracy: 76.7159
Validation perplexity: 6.15961
Validation accuracy: 69.0436
Decaying learning rate to 0.25

Epoch 10,    50/  454; acc:  80.40; ppl:   2.29; 3454 src tok/s; 3573 tgt tok/s;     12 s elapsed
Epoch 10,   100/  454; acc:  80.30; ppl:   2.31; 3382 src tok/s; 3512 tgt tok/s;     24 s elapsed
Epoch 10,   150/  454; acc:  80.79; ppl:   2.24; 3346 src tok/s; 3488 tgt tok/s;     37 s elapsed
Epoch 10,   200/  454; acc:  79.79; ppl:   2.37; 3457 src tok/s; 3567 tgt tok/s;     49 s elapsed
Epoch 10,   250/  454; acc:  80.75; ppl:   2.25; 3393 src tok/s; 3547 tgt tok/s;     61 s elapsed
Epoch 10,   300/  454; acc:  79.42; ppl:   2.42; 3419 src tok/s; 3534 tgt tok/s;     74 s elapsed
Epoch 10,   350/  454; acc:  81.09; ppl:   2.19; 3433 src tok/s; 3579 tgt tok/s;     86 s elapsed
Epoch 10,   400/  454; acc:  79.06; ppl:   2.46; 3445 src tok/s; 3553 tgt tok/s;     98 s elapsed
Epoch 10,   450/  454; acc:  79.71; ppl:   2.33; 3345 src tok/s; 3476 tgt tok/s;    111 s elapsed
Train perplexity: 2.31343
Train accuracy: 80.161
Validation perplexity: 6.24547
Validation accuracy: 69.6538
Decaying learning rate to 0.125

Epoch 11,    50/  454; acc:  83.20; ppl:   2.00; 3379 src tok/s; 3514 tgt tok/s;     12 s elapsed
Epoch 11,   100/  454; acc:  82.03; ppl:   2.14; 3387 src tok/s; 3503 tgt tok/s;     25 s elapsed
Epoch 11,   150/  454; acc:  82.31; ppl:   2.11; 3454 src tok/s; 3582 tgt tok/s;     37 s elapsed
Epoch 11,   200/  454; acc:  82.24; ppl:   2.11; 3405 src tok/s; 3549 tgt tok/s;     49 s elapsed
Epoch 11,   250/  454; acc:  82.42; ppl:   2.07; 3450 src tok/s; 3572 tgt tok/s;     62 s elapsed
Epoch 11,   300/  454; acc:  82.51; ppl:   2.04; 3405 src tok/s; 3537 tgt tok/s;     74 s elapsed
Epoch 11,   350/  454; acc:  81.92; ppl:   2.14; 3410 src tok/s; 3546 tgt tok/s;     86 s elapsed
Epoch 11,   400/  454; acc:  81.92; ppl:   2.15; 3431 src tok/s; 3556 tgt tok/s;     98 s elapsed
Epoch 11,   450/  454; acc:  81.81; ppl:   2.14; 3385 src tok/s; 3504 tgt tok/s;    111 s elapsed
Train perplexity: 2.09837
Train accuracy: 82.2659
Validation perplexity: 6.3508
Validation accuracy: 69.6254
Decaying learning rate to 0.0625

Epoch 12,    50/  454; acc:  83.76; ppl:   1.94; 3467 src tok/s; 3601 tgt tok/s;     12 s elapsed
Epoch 12,   100/  454; acc:  82.92; ppl:   2.06; 3447 src tok/s; 3556 tgt tok/s;     24 s elapsed
Epoch 12,   150/  454; acc:  83.47; ppl:   1.96; 3466 src tok/s; 3589 tgt tok/s;     37 s elapsed
Epoch 12,   200/  454; acc:  82.78; ppl:   2.03; 3428 src tok/s; 3555 tgt tok/s;     49 s elapsed
Epoch 12,   250/  454; acc:  83.12; ppl:   2.01; 3451 src tok/s; 3571 tgt tok/s;     62 s elapsed
Epoch 12,   300/  454; acc:  83.57; ppl:   1.95; 3388 src tok/s; 3532 tgt tok/s;     74 s elapsed
Epoch 12,   350/  454; acc:  84.13; ppl:   1.94; 3425 src tok/s; 3577 tgt tok/s;     85 s elapsed
Epoch 12,   400/  454; acc:  82.69; ppl:   2.06; 3404 src tok/s; 3524 tgt tok/s;     98 s elapsed
Epoch 12,   450/  454; acc:  82.88; ppl:   2.02; 3372 src tok/s; 3513 tgt tok/s;    110 s elapsed
Train perplexity: 1.99608
Train accuracy: 83.2642
Validation perplexity: 6.43041
Validation accuracy: 69.5048
Decaying learning rate to 0.03125

Epoch 13,    50/  454; acc:  84.09; ppl:   1.93; 3399 src tok/s; 3524 tgt tok/s;     12 s elapsed
Epoch 13,   100/  454; acc:  83.77; ppl:   1.94; 3494 src tok/s; 3615 tgt tok/s;     24 s elapsed
Epoch 13,   150/  454; acc:  82.97; ppl:   2.04; 3501 src tok/s; 3605 tgt tok/s;     37 s elapsed
Epoch 13,   200/  454; acc:  84.91; ppl:   1.84; 3346 src tok/s; 3505 tgt tok/s;     49 s elapsed
Epoch 13,   250/  454; acc:  83.68; ppl:   1.96; 3440 src tok/s; 3563 tgt tok/s;     61 s elapsed
Epoch 13,   300/  454; acc:  83.88; ppl:   1.93; 3446 src tok/s; 3583 tgt tok/s;     73 s elapsed
Epoch 13,   350/  454; acc:  83.74; ppl:   1.95; 3457 src tok/s; 3586 tgt tok/s;     86 s elapsed
Epoch 13,   400/  454; acc:  83.76; ppl:   1.96; 3387 src tok/s; 3537 tgt tok/s;     98 s elapsed
Epoch 13,   450/  454; acc:  83.62; ppl:   1.97; 3423 src tok/s; 3542 tgt tok/s;    110 s elapsed
Train perplexity: 1.94955
Train accuracy: 83.7954
Validation perplexity: 6.47957
Validation accuracy: 69.6467
Decaying learning rate to 0.015625

Epoch 14,    50/  454; acc:  84.46; ppl:   1.87; 3473 src tok/s; 3603 tgt tok/s;     12 s elapsed
Epoch 14,   100/  454; acc:  83.75; ppl:   1.96; 3499 src tok/s; 3608 tgt tok/s;     24 s elapsed
Epoch 14,   150/  454; acc:  84.26; ppl:   1.91; 3447 src tok/s; 3589 tgt tok/s;     36 s elapsed
Epoch 14,   200/  454; acc:  83.69; ppl:   1.96; 3434 src tok/s; 3566 tgt tok/s;     48 s elapsed
Epoch 14,   250/  454; acc:  83.79; ppl:   1.96; 3348 src tok/s; 3501 tgt tok/s;     61 s elapsed
Epoch 14,   300/  454; acc:  84.30; ppl:   1.91; 3519 src tok/s; 3630 tgt tok/s;     73 s elapsed
Epoch 14,   350/  454; acc:  84.81; ppl:   1.85; 3442 src tok/s; 3584 tgt tok/s;     85 s elapsed
Epoch 14,   400/  454; acc:  83.80; ppl:   1.98; 3428 src tok/s; 3545 tgt tok/s;     97 s elapsed
Epoch 14,   450/  454; acc:  84.05; ppl:   1.92; 3332 src tok/s; 3473 tgt tok/s;    109 s elapsed
Train perplexity: 1.92382
Train accuracy: 84.0844
Validation perplexity: 6.50832
Validation accuracy: 69.6396
Decaying learning rate to 0.0078125

Epoch 15,    50/  454; acc:  83.37; ppl:   1.99; 3427 src tok/s; 3543 tgt tok/s;     13 s elapsed
Epoch 15,   100/  454; acc:  85.23; ppl:   1.82; 3416 src tok/s; 3570 tgt tok/s;     24 s elapsed
Epoch 15,   150/  454; acc:  84.07; ppl:   1.94; 3347 src tok/s; 3464 tgt tok/s;     37 s elapsed
Epoch 15,   200/  454; acc:  84.52; ppl:   1.88; 3387 src tok/s; 3538 tgt tok/s;     49 s elapsed
Epoch 15,   250/  454; acc:  83.67; ppl:   1.98; 3490 src tok/s; 3600 tgt tok/s;     62 s elapsed
Epoch 15,   300/  454; acc:  85.01; ppl:   1.86; 3412 src tok/s; 3567 tgt tok/s;     74 s elapsed
Epoch 15,   350/  454; acc:  84.06; ppl:   1.95; 3463 src tok/s; 3568 tgt tok/s;     86 s elapsed
Epoch 15,   400/  454; acc:  84.63; ppl:   1.86; 3403 src tok/s; 3541 tgt tok/s;     98 s elapsed
Epoch 15,   450/  454; acc:  83.83; ppl:   1.94; 3404 src tok/s; 3525 tgt tok/s;    110 s elapsed
Train perplexity: 1.91248
Train accuracy: 84.2607
Validation perplexity: 6.52303
Validation accuracy: 69.6325
Decaying learning rate to 0.00390625

Epoch 16,    50/  454; acc:  84.95; ppl:   1.86; 3395 src tok/s; 3539 tgt tok/s;     12 s elapsed
Epoch 16,   100/  454; acc:  83.76; ppl:   1.97; 3478 src tok/s; 3570 tgt tok/s;     24 s elapsed
Epoch 16,   150/  454; acc:  85.01; ppl:   1.84; 3369 src tok/s; 3496 tgt tok/s;     37 s elapsed
Epoch 16,   200/  454; acc:  83.88; ppl:   1.95; 3408 src tok/s; 3554 tgt tok/s;     49 s elapsed
Epoch 16,   250/  454; acc:  83.96; ppl:   1.94; 3409 src tok/s; 3536 tgt tok/s;     62 s elapsed
Epoch 16,   300/  454; acc:  84.62; ppl:   1.87; 3405 src tok/s; 3534 tgt tok/s;     74 s elapsed
Epoch 16,   350/  454; acc:  83.83; ppl:   1.93; 3399 src tok/s; 3522 tgt tok/s;     87 s elapsed
Epoch 16,   400/  454; acc:  84.75; ppl:   1.86; 3380 src tok/s; 3531 tgt tok/s;     98 s elapsed
Epoch 16,   450/  454; acc:  84.10; ppl:   1.94; 3382 src tok/s; 3498 tgt tok/s;    111 s elapsed
Train perplexity: 1.90686
Train accuracy: 84.3157
Validation perplexity: 6.53195
Validation accuracy: 69.6538
Decaying learning rate to 0.00195312

Epoch 17,    50/  454; acc:  85.36; ppl:   1.83; 3356 src tok/s; 3501 tgt tok/s;     12 s elapsed
Epoch 17,   100/  454; acc:  83.19; ppl:   1.99; 3448 src tok/s; 3565 tgt tok/s;     25 s elapsed
Epoch 17,   150/  454; acc:  85.34; ppl:   1.82; 3336 src tok/s; 3473 tgt tok/s;     36 s elapsed
Epoch 17,   200/  454; acc:  83.52; ppl:   1.97; 3466 src tok/s; 3567 tgt tok/s;     49 s elapsed
Epoch 17,   250/  454; acc:  84.41; ppl:   1.87; 3418 src tok/s; 3565 tgt tok/s;     61 s elapsed
Epoch 17,   300/  454; acc:  84.17; ppl:   1.93; 3429 src tok/s; 3576 tgt tok/s;     74 s elapsed
Epoch 17,   350/  454; acc:  84.24; ppl:   1.94; 3318 src tok/s; 3449 tgt tok/s;     86 s elapsed
Epoch 17,   400/  454; acc:  84.22; ppl:   1.91; 3428 src tok/s; 3544 tgt tok/s;     99 s elapsed
Epoch 17,   450/  454; acc:  84.55; ppl:   1.87; 3366 src tok/s; 3491 tgt tok/s;    111 s elapsed
Train perplexity: 1.90336
Train accuracy: 84.2997
Validation perplexity: 6.53631
Validation accuracy: 69.6396
Decaying learning rate to 0.000976562
