<module 'opts' from '/u/suhubdyd/research/projects/jumble_lstm/code/auxiliary-nmt/opts.pyc'>
Namespace(batch_size=64, brnn=False, brnn_merge='concat', cnn_kernel_width=3, context_gate=None, copy_attn=False, copy_attn_force=False, coverage_attn=False, data='/data/lisatmp3/suhubdyd/multi30k.atok.low', dec_layers=1, decay_method='', decoder_type='rnn', dropout=0.6, enc_layers=2, encoder_type='rnn', epochs=17, exp='', exp_host='', feat_merge='concat', feat_vec_exponent=0.7, feat_vec_size=-1, fix_word_vecs_dec=False, fix_word_vecs_enc=False, global_attention='general', gpuid=[0], input_feed=1, kappa_dec=0.0, kappa_enc=0.15, lambda_coverage=1, layers=-1, learning_rate=1.0, learning_rate_decay=0.5, max_generator_batches=32, max_grad_norm=5, model_type='text', optim='sgd', param_init=0.1, position_encoding=False, pre_word_vecs_dec=None, pre_word_vecs_enc=None, report_every=50, rnn_size=500, rnn_type='LSTM', save_model='/data/lisatmp3/suhubdyd/models/encoder0.15_decoder0_dropout0.6', seed=-1, share_decoder_embeddings=False, share_embeddings=False, src_word_vec_size=500, start_checkpoint_at=0, start_decay_at=8, start_epoch=1, tgt_word_vec_size=500, train_from='', truncated_decoder=0, warmup_steps=4000, word_vec_size=-1)
('Using Kappa L2 loss on encoder', 0.15)
Loading train and validate data from '/data/lisatmp3/suhubdyd/multi30k.atok.low'
 * number of training sentences: 29000
 * maximum batch size: 64
 * vocabulary size. source = 10841; target = 18563
Building model...
Intializing model parameters.
NMTModel (
  (encoder): RNNEncoder (
    (embeddings): Embeddings (
      (make_embedding): Sequential (
        (emb_luts): Elementwise (
          (0): Embedding(10841, 500, padding_idx=1)
        )
      )
    )
    (dropout): Dropout (p = 0.6)
    (rnn): LSTM(500, 500, dropout=0.6)
  )
  (decoder): InputFeedRNNDecoder (
    (embeddings): Embeddings (
      (make_embedding): Sequential (
        (emb_luts): Elementwise (
          (0): Embedding(18563, 500, padding_idx=1)
        )
      )
    )
    (dropout): Dropout (p = 0.6)
    (rnn): StackedLSTM (
      (dropout): Dropout (p = 0.6)
      (layers): ModuleList (
        (0): LSTMCell(1000, 500)
      )
    )
    (attn): GlobalAttention (
      (linear_in): Linear (500 -> 500)
      (linear_out): Linear (1000 -> 500)
      (sm): Softmax ()
      (tanh): Tanh ()
    )
  )
  (generator): Sequential (
    (0): Linear (500 -> 18563)
    (1): LogSoftmax ()
  )
)
* number of parameters: 29760063
('encoder: ', 7424500)
('decoder: ', 22335563)

Epoch  1,    50/  454; acc:  10.19; ppl: 11689.82; 4487 src tok/s; 4671 tgt tok/s;      9 s elapsed
Epoch  1,   100/  454; acc:  15.96; ppl: 1132.68; 5123 src tok/s; 5310 tgt tok/s;     18 s elapsed
Epoch  1,   150/  454; acc:  19.31; ppl: 405.26; 5343 src tok/s; 5529 tgt tok/s;     25 s elapsed
Epoch  1,   200/  454; acc:  21.88; ppl: 243.44; 5188 src tok/s; 5379 tgt tok/s;     33 s elapsed
Epoch  1,   250/  454; acc:  25.19; ppl: 157.38; 5158 src tok/s; 5357 tgt tok/s;     42 s elapsed
Epoch  1,   300/  454; acc:  28.12; ppl: 118.57; 5158 src tok/s; 5344 tgt tok/s;     50 s elapsed
Epoch  1,   350/  454; acc:  29.65; ppl:  92.68; 5206 src tok/s; 5390 tgt tok/s;     58 s elapsed
Epoch  1,   400/  454; acc:  32.76; ppl:  72.18; 5119 src tok/s; 5338 tgt tok/s;     66 s elapsed
Epoch  1,   450/  454; acc:  33.62; ppl:  64.49; 5163 src tok/s; 5379 tgt tok/s;     74 s elapsed
Train perplexity: 278.705
Train accuracy: 24.1041
Validation perplexity: 58.0192
Validation accuracy: 35.9231

Epoch  2,    50/  454; acc:  36.44; ppl:  51.83; 5145 src tok/s; 5381 tgt tok/s;      8 s elapsed
Epoch  2,   100/  454; acc:  38.13; ppl:  44.32; 5203 src tok/s; 5393 tgt tok/s;     16 s elapsed
Epoch  2,   150/  454; acc:  41.69; ppl:  36.04; 5195 src tok/s; 5361 tgt tok/s;     24 s elapsed
Epoch  2,   200/  454; acc:  43.19; ppl:  30.66; 5149 src tok/s; 5352 tgt tok/s;     32 s elapsed
Epoch  2,   250/  454; acc:  46.38; ppl:  25.93; 5133 src tok/s; 5368 tgt tok/s;     40 s elapsed
Epoch  2,   300/  454; acc:  46.14; ppl:  26.32; 5165 src tok/s; 5337 tgt tok/s;     49 s elapsed
Epoch  2,   350/  454; acc:  47.48; ppl:  23.50; 5124 src tok/s; 5241 tgt tok/s;     58 s elapsed
Epoch  2,   400/  454; acc:  51.81; ppl:  18.14; 5127 src tok/s; 5391 tgt tok/s;     65 s elapsed
Epoch  2,   450/  454; acc:  50.60; ppl:  19.48; 5075 src tok/s; 5256 tgt tok/s;     73 s elapsed
Train perplexity: 28.8745
Train accuracy: 44.7006
Validation perplexity: 16.4292
Validation accuracy: 53.7321

Epoch  3,    50/  454; acc:  53.21; ppl:  15.25; 5143 src tok/s; 5358 tgt tok/s;      8 s elapsed
Epoch  3,   100/  454; acc:  55.08; ppl:  13.63; 5218 src tok/s; 5424 tgt tok/s;     16 s elapsed
Epoch  3,   150/  454; acc:  54.94; ppl:  13.60; 5128 src tok/s; 5325 tgt tok/s;     24 s elapsed
Epoch  3,   200/  454; acc:  55.06; ppl:  13.49; 5198 src tok/s; 5396 tgt tok/s;     32 s elapsed
Epoch  3,   250/  454; acc:  56.74; ppl:  12.31; 5107 src tok/s; 5312 tgt tok/s;     40 s elapsed
Epoch  3,   300/  454; acc:  55.78; ppl:  13.23; 5082 src tok/s; 5253 tgt tok/s;     49 s elapsed
Epoch  3,   350/  454; acc:  56.67; ppl:  12.07; 5158 src tok/s; 5324 tgt tok/s;     57 s elapsed
Epoch  3,   400/  454; acc:  58.35; ppl:  10.91; 5165 src tok/s; 5388 tgt tok/s;     65 s elapsed
Epoch  3,   450/  454; acc:  57.83; ppl:  11.24; 5118 src tok/s; 5290 tgt tok/s;     73 s elapsed
Train perplexity: 12.7972
Train accuracy: 55.952
Validation perplexity: 10.1607
Validation accuracy: 60.2313

Epoch  4,    50/  454; acc:  60.62; ppl:   8.93; 5143 src tok/s; 5318 tgt tok/s;      8 s elapsed
Epoch  4,   100/  454; acc:  61.32; ppl:   8.61; 5153 src tok/s; 5360 tgt tok/s;     16 s elapsed
Epoch  4,   150/  454; acc:  59.22; ppl:   9.38; 5220 src tok/s; 5381 tgt tok/s;     25 s elapsed
Epoch  4,   200/  454; acc:  62.36; ppl:   8.15; 5101 src tok/s; 5338 tgt tok/s;     32 s elapsed
Epoch  4,   250/  454; acc:  60.28; ppl:   9.07; 5123 src tok/s; 5312 tgt tok/s;     41 s elapsed
Epoch  4,   300/  454; acc:  60.93; ppl:   8.67; 5184 src tok/s; 5382 tgt tok/s;     49 s elapsed
Epoch  4,   350/  454; acc:  62.04; ppl:   7.93; 5233 src tok/s; 5434 tgt tok/s;     57 s elapsed
Epoch  4,   400/  454; acc:  61.63; ppl:   8.12; 5129 src tok/s; 5318 tgt tok/s;     65 s elapsed
Epoch  4,   450/  454; acc:  61.50; ppl:   8.23; 4967 src tok/s; 5169 tgt tok/s;     73 s elapsed
Train perplexity: 8.57119
Train accuracy: 61.0576
Validation perplexity: 8.20354
Validation accuracy: 63.41

Epoch  5,    50/  454; acc:  64.22; ppl:   6.67; 5119 src tok/s; 5300 tgt tok/s;      8 s elapsed
Epoch  5,   100/  454; acc:  64.34; ppl:   6.64; 5249 src tok/s; 5447 tgt tok/s;     16 s elapsed
Epoch  5,   150/  454; acc:  64.92; ppl:   6.40; 5182 src tok/s; 5396 tgt tok/s;     24 s elapsed
Epoch  5,   200/  454; acc:  63.26; ppl:   6.96; 5207 src tok/s; 5391 tgt tok/s;     32 s elapsed
Epoch  5,   250/  454; acc:  64.08; ppl:   6.59; 5083 src tok/s; 5273 tgt tok/s;     41 s elapsed
Epoch  5,   300/  454; acc:  63.89; ppl:   6.65; 5246 src tok/s; 5441 tgt tok/s;     49 s elapsed
Epoch  5,   350/  454; acc:  63.61; ppl:   6.86; 5054 src tok/s; 5252 tgt tok/s;     57 s elapsed
Epoch  5,   400/  454; acc:  64.65; ppl:   6.51; 5153 src tok/s; 5343 tgt tok/s;     65 s elapsed
Epoch  5,   450/  454; acc:  65.52; ppl:   6.15; 5054 src tok/s; 5258 tgt tok/s;     73 s elapsed
Train perplexity: 6.59398
Train accuracy: 64.2806
Validation perplexity: 7.27902
Validation accuracy: 65.0844

Epoch  6,    50/  454; acc:  66.90; ppl:   5.23; 5209 src tok/s; 5389 tgt tok/s;      8 s elapsed
Epoch  6,   100/  454; acc:  66.91; ppl:   5.28; 5313 src tok/s; 5496 tgt tok/s;     16 s elapsed
Epoch  6,   150/  454; acc:  66.13; ppl:   5.63; 5150 src tok/s; 5357 tgt tok/s;     24 s elapsed
Epoch  6,   200/  454; acc:  67.10; ppl:   5.21; 5115 src tok/s; 5300 tgt tok/s;     32 s elapsed
Epoch  6,   250/  454; acc:  66.71; ppl:   5.38; 5098 src tok/s; 5283 tgt tok/s;     40 s elapsed
Epoch  6,   300/  454; acc:  66.85; ppl:   5.45; 5097 src tok/s; 5328 tgt tok/s;     49 s elapsed
Epoch  6,   350/  454; acc:  67.25; ppl:   5.21; 5044 src tok/s; 5267 tgt tok/s;     57 s elapsed
Epoch  6,   400/  454; acc:  65.82; ppl:   5.73; 5189 src tok/s; 5382 tgt tok/s;     65 s elapsed
Epoch  6,   450/  454; acc:  66.07; ppl:   5.51; 5152 src tok/s; 5309 tgt tok/s;     73 s elapsed
Train perplexity: 5.40237
Train accuracy: 66.6341
Validation perplexity: 6.65129
Validation accuracy: 66.2622

Epoch  7,    50/  454; acc:  68.92; ppl:   4.53; 5022 src tok/s; 5239 tgt tok/s;      8 s elapsed
Epoch  7,   100/  454; acc:  69.10; ppl:   4.38; 5299 src tok/s; 5517 tgt tok/s;     16 s elapsed
Epoch  7,   150/  454; acc:  68.92; ppl:   4.40; 5142 src tok/s; 5326 tgt tok/s;     24 s elapsed
Epoch  7,   200/  454; acc:  67.97; ppl:   4.71; 5164 src tok/s; 5323 tgt tok/s;     33 s elapsed
Epoch  7,   250/  454; acc:  67.23; ppl:   4.90; 5131 src tok/s; 5300 tgt tok/s;     41 s elapsed
Epoch  7,   300/  454; acc:  69.34; ppl:   4.42; 5134 src tok/s; 5337 tgt tok/s;     49 s elapsed
Epoch  7,   350/  454; acc:  68.73; ppl:   4.54; 5188 src tok/s; 5402 tgt tok/s;     57 s elapsed
Epoch  7,   400/  454; acc:  67.36; ppl:   4.92; 5087 src tok/s; 5270 tgt tok/s;     65 s elapsed
Epoch  7,   450/  454; acc:  68.09; ppl:   4.68; 5132 src tok/s; 5330 tgt tok/s;     73 s elapsed
Train perplexity: 4.60914
Train accuracy: 68.3883
Validation perplexity: 6.51264
Validation accuracy: 67.3336

Epoch  8,    50/  454; acc:  72.06; ppl:   3.52; 5061 src tok/s; 5329 tgt tok/s;      8 s elapsed
Epoch  8,   100/  454; acc:  69.25; ppl:   4.17; 5291 src tok/s; 5465 tgt tok/s;     16 s elapsed
Epoch  8,   150/  454; acc:  69.40; ppl:   4.18; 5221 src tok/s; 5406 tgt tok/s;     25 s elapsed
Epoch  8,   200/  454; acc:  70.73; ppl:   3.84; 5115 src tok/s; 5323 tgt tok/s;     32 s elapsed
Epoch  8,   250/  454; acc:  69.71; ppl:   4.11; 5160 src tok/s; 5344 tgt tok/s;     40 s elapsed
Epoch  8,   300/  454; acc:  69.79; ppl:   4.09; 5057 src tok/s; 5255 tgt tok/s;     49 s elapsed
Epoch  8,   350/  454; acc:  68.55; ppl:   4.39; 5152 src tok/s; 5305 tgt tok/s;     57 s elapsed
Epoch  8,   400/  454; acc:  70.19; ppl:   3.95; 5101 src tok/s; 5327 tgt tok/s;     65 s elapsed
Epoch  8,   450/  454; acc:  69.84; ppl:   4.09; 5110 src tok/s; 5281 tgt tok/s;     73 s elapsed
Train perplexity: 4.03782
Train accuracy: 69.9158
Validation perplexity: 6.42494
Validation accuracy: 66.8795
Decaying learning rate to 0.5

Epoch  9,    50/  454; acc:  75.04; ppl:   2.97; 5046 src tok/s; 5281 tgt tok/s;      8 s elapsed
Epoch  9,   100/  454; acc:  73.02; ppl:   3.37; 5298 src tok/s; 5462 tgt tok/s;     16 s elapsed
Epoch  9,   150/  454; acc:  75.14; ppl:   2.95; 5136 src tok/s; 5363 tgt tok/s;     24 s elapsed
Epoch  9,   200/  454; acc:  73.34; ppl:   3.25; 5027 src tok/s; 5200 tgt tok/s;     33 s elapsed
Epoch  9,   250/  454; acc:  74.75; ppl:   3.03; 5227 src tok/s; 5429 tgt tok/s;     41 s elapsed
Epoch  9,   300/  454; acc:  74.11; ppl:   3.17; 5163 src tok/s; 5369 tgt tok/s;     49 s elapsed
Epoch  9,   350/  454; acc:  73.69; ppl:   3.22; 5199 src tok/s; 5349 tgt tok/s;     57 s elapsed
Epoch  9,   400/  454; acc:  74.65; ppl:   3.04; 5119 src tok/s; 5337 tgt tok/s;     65 s elapsed
Epoch  9,   450/  454; acc:  73.74; ppl:   3.19; 5104 src tok/s; 5275 tgt tok/s;     73 s elapsed
Train perplexity: 3.12865
Train accuracy: 74.1741
Validation perplexity: 5.84909
Validation accuracy: 68.7314
Decaying learning rate to 0.25

Epoch 10,    50/  454; acc:  77.65; ppl:   2.60; 5096 src tok/s; 5319 tgt tok/s;      8 s elapsed
Epoch 10,   100/  454; acc:  76.47; ppl:   2.75; 5337 src tok/s; 5519 tgt tok/s;     16 s elapsed
Epoch 10,   150/  454; acc:  76.57; ppl:   2.77; 5218 src tok/s; 5388 tgt tok/s;     25 s elapsed
Epoch 10,   200/  454; acc:  78.24; ppl:   2.51; 5042 src tok/s; 5293 tgt tok/s;     32 s elapsed
Epoch 10,   250/  454; acc:  77.90; ppl:   2.54; 5119 src tok/s; 5321 tgt tok/s;     40 s elapsed
Epoch 10,   300/  454; acc:  76.24; ppl:   2.80; 5124 src tok/s; 5288 tgt tok/s;     49 s elapsed
Epoch 10,   350/  454; acc:  76.51; ppl:   2.73; 5059 src tok/s; 5225 tgt tok/s;     57 s elapsed
Epoch 10,   400/  454; acc:  76.88; ppl:   2.66; 5175 src tok/s; 5405 tgt tok/s;     65 s elapsed
Epoch 10,   450/  454; acc:  76.41; ppl:   2.72; 5119 src tok/s; 5289 tgt tok/s;     73 s elapsed
Train perplexity: 2.6731
Train accuracy: 76.9955
Validation perplexity: 5.75504
Validation accuracy: 69.8879
Decaying learning rate to 0.125

Epoch 11,    50/  454; acc:  78.96; ppl:   2.39; 5130 src tok/s; 5382 tgt tok/s;      8 s elapsed
Epoch 11,   100/  454; acc:  78.22; ppl:   2.52; 5222 src tok/s; 5394 tgt tok/s;     16 s elapsed
Epoch 11,   150/  454; acc:  79.53; ppl:   2.36; 5144 src tok/s; 5362 tgt tok/s;     24 s elapsed
Epoch 11,   200/  454; acc:  77.95; ppl:   2.52; 5159 src tok/s; 5322 tgt tok/s;     33 s elapsed
Epoch 11,   250/  454; acc:  77.87; ppl:   2.56; 5111 src tok/s; 5299 tgt tok/s;     41 s elapsed
Epoch 11,   300/  454; acc:  79.29; ppl:   2.35; 5098 src tok/s; 5343 tgt tok/s;     49 s elapsed
Epoch 11,   350/  454; acc:  78.60; ppl:   2.47; 5137 src tok/s; 5314 tgt tok/s;     57 s elapsed
Epoch 11,   400/  454; acc:  78.82; ppl:   2.44; 5105 src tok/s; 5297 tgt tok/s;     65 s elapsed
Epoch 11,   450/  454; acc:  78.83; ppl:   2.47; 5169 src tok/s; 5333 tgt tok/s;     73 s elapsed
Train perplexity: 2.45426
Train accuracy: 78.6458
Validation perplexity: 5.74899
Validation accuracy: 69.8382
Decaying learning rate to 0.0625

Epoch 12,    50/  454; acc:  79.87; ppl:   2.32; 5023 src tok/s; 5240 tgt tok/s;      8 s elapsed
Epoch 12,   100/  454; acc:  79.42; ppl:   2.39; 5437 src tok/s; 5607 tgt tok/s;     16 s elapsed
Epoch 12,   150/  454; acc:  80.76; ppl:   2.22; 5087 src tok/s; 5321 tgt tok/s;     24 s elapsed
Epoch 12,   200/  454; acc:  78.73; ppl:   2.47; 5221 src tok/s; 5371 tgt tok/s;     32 s elapsed
Epoch 12,   250/  454; acc:  79.42; ppl:   2.34; 5114 src tok/s; 5332 tgt tok/s;     40 s elapsed
Epoch 12,   300/  454; acc:  79.40; ppl:   2.36; 5165 src tok/s; 5349 tgt tok/s;     49 s elapsed
Epoch 12,   350/  454; acc:  79.24; ppl:   2.38; 5200 src tok/s; 5365 tgt tok/s;     57 s elapsed
Epoch 12,   400/  454; acc:  79.55; ppl:   2.32; 5093 src tok/s; 5316 tgt tok/s;     65 s elapsed
Epoch 12,   450/  454; acc:  79.53; ppl:   2.34; 5023 src tok/s; 5226 tgt tok/s;     73 s elapsed
Train perplexity: 2.35302
Train accuracy: 79.4968
Validation perplexity: 5.7238
Validation accuracy: 69.9659
Decaying learning rate to 0.03125

Epoch 13,    50/  454; acc:  80.24; ppl:   2.30; 5095 src tok/s; 5261 tgt tok/s;      8 s elapsed
Epoch 13,   100/  454; acc:  80.58; ppl:   2.25; 5225 src tok/s; 5429 tgt tok/s;     16 s elapsed
Epoch 13,   150/  454; acc:  80.36; ppl:   2.25; 5268 src tok/s; 5491 tgt tok/s;     24 s elapsed
Epoch 13,   200/  454; acc:  79.39; ppl:   2.37; 5201 src tok/s; 5360 tgt tok/s;     32 s elapsed
Epoch 13,   250/  454; acc:  80.18; ppl:   2.27; 5082 src tok/s; 5275 tgt tok/s;     41 s elapsed
Epoch 13,   300/  454; acc:  80.09; ppl:   2.30; 5119 src tok/s; 5325 tgt tok/s;     49 s elapsed
Epoch 13,   350/  454; acc:  79.74; ppl:   2.32; 5039 src tok/s; 5243 tgt tok/s;     57 s elapsed
Epoch 13,   400/  454; acc:  79.77; ppl:   2.33; 5216 src tok/s; 5421 tgt tok/s;     65 s elapsed
Epoch 13,   450/  454; acc:  79.60; ppl:   2.34; 5100 src tok/s; 5289 tgt tok/s;     73 s elapsed
Train perplexity: 2.30392
Train accuracy: 79.9786
Validation perplexity: 5.73307
Validation accuracy: 70.1149
Decaying learning rate to 0.015625

Epoch 14,    50/  454; acc:  80.44; ppl:   2.28; 5092 src tok/s; 5314 tgt tok/s;      8 s elapsed
Epoch 14,   100/  454; acc:  79.96; ppl:   2.28; 5190 src tok/s; 5402 tgt tok/s;     16 s elapsed
Epoch 14,   150/  454; acc:  81.14; ppl:   2.14; 5145 src tok/s; 5387 tgt tok/s;     24 s elapsed
Epoch 14,   200/  454; acc:  79.40; ppl:   2.37; 5223 src tok/s; 5387 tgt tok/s;     32 s elapsed
Epoch 14,   250/  454; acc:  80.07; ppl:   2.30; 5174 src tok/s; 5352 tgt tok/s;     40 s elapsed
Epoch 14,   300/  454; acc:  80.49; ppl:   2.26; 5091 src tok/s; 5280 tgt tok/s;     49 s elapsed
Epoch 14,   350/  454; acc:  80.45; ppl:   2.26; 5038 src tok/s; 5215 tgt tok/s;     57 s elapsed
Epoch 14,   400/  454; acc:  79.79; ppl:   2.28; 5240 src tok/s; 5397 tgt tok/s;     65 s elapsed
Epoch 14,   450/  454; acc:  79.67; ppl:   2.34; 5114 src tok/s; 5326 tgt tok/s;     73 s elapsed
Train perplexity: 2.2774
Train accuracy: 80.1699
Validation perplexity: 5.74301
Validation accuracy: 70.122
Decaying learning rate to 0.0078125

Epoch 15,    50/  454; acc:  80.01; ppl:   2.32; 5177 src tok/s; 5375 tgt tok/s;      8 s elapsed
Epoch 15,   100/  454; acc:  80.54; ppl:   2.21; 5234 src tok/s; 5416 tgt tok/s;     16 s elapsed
Epoch 15,   150/  454; acc:  81.75; ppl:   2.13; 5150 src tok/s; 5377 tgt tok/s;     24 s elapsed
Epoch 15,   200/  454; acc:  79.51; ppl:   2.39; 5193 src tok/s; 5376 tgt tok/s;     32 s elapsed
Epoch 15,   250/  454; acc:  79.30; ppl:   2.39; 5140 src tok/s; 5298 tgt tok/s;     41 s elapsed
Epoch 15,   300/  454; acc:  81.77; ppl:   2.11; 5056 src tok/s; 5333 tgt tok/s;     49 s elapsed
Epoch 15,   350/  454; acc:  79.17; ppl:   2.38; 5258 src tok/s; 5392 tgt tok/s;     57 s elapsed
Epoch 15,   400/  454; acc:  81.65; ppl:   2.12; 5107 src tok/s; 5336 tgt tok/s;     65 s elapsed
Epoch 15,   450/  454; acc:  80.77; ppl:   2.22; 5173 src tok/s; 5368 tgt tok/s;     73 s elapsed
Train perplexity: 2.2626
Train accuracy: 80.3785
Validation perplexity: 5.75211
Validation accuracy: 70.1008
Decaying learning rate to 0.00390625

Epoch 16,    50/  454; acc:  79.65; ppl:   2.34; 5306 src tok/s; 5490 tgt tok/s;      8 s elapsed
Epoch 16,   100/  454; acc:  81.50; ppl:   2.14; 5095 src tok/s; 5304 tgt tok/s;     16 s elapsed
Epoch 16,   150/  454; acc:  79.49; ppl:   2.36; 5264 src tok/s; 5435 tgt tok/s;     24 s elapsed
Epoch 16,   200/  454; acc:  81.05; ppl:   2.16; 5062 src tok/s; 5276 tgt tok/s;     32 s elapsed
Epoch 16,   250/  454; acc:  80.75; ppl:   2.21; 5045 src tok/s; 5265 tgt tok/s;     41 s elapsed
Epoch 16,   300/  454; acc:  79.86; ppl:   2.30; 5193 src tok/s; 5387 tgt tok/s;     49 s elapsed
Epoch 16,   350/  454; acc:  80.37; ppl:   2.25; 5118 src tok/s; 5312 tgt tok/s;     57 s elapsed
Epoch 16,   400/  454; acc:  80.26; ppl:   2.25; 5241 src tok/s; 5442 tgt tok/s;     65 s elapsed
Epoch 16,   450/  454; acc:  80.10; ppl:   2.29; 4996 src tok/s; 5161 tgt tok/s;     73 s elapsed
Train perplexity: 2.25391
Train accuracy: 80.3491
Validation perplexity: 5.7486
Validation accuracy: 70.1149
Decaying learning rate to 0.00195312

Epoch 17,    50/  454; acc:  79.42; ppl:   2.38; 5182 src tok/s; 5351 tgt tok/s;      8 s elapsed
Epoch 17,   100/  454; acc:  81.36; ppl:   2.14; 5291 src tok/s; 5503 tgt tok/s;     16 s elapsed
Epoch 17,   150/  454; acc:  80.40; ppl:   2.26; 5208 src tok/s; 5412 tgt tok/s;     24 s elapsed
Epoch 17,   200/  454; acc:  80.09; ppl:   2.28; 5170 src tok/s; 5350 tgt tok/s;     32 s elapsed
Epoch 17,   250/  454; acc:  80.49; ppl:   2.24; 5088 src tok/s; 5312 tgt tok/s;     40 s elapsed
Epoch 17,   300/  454; acc:  80.19; ppl:   2.28; 5103 src tok/s; 5298 tgt tok/s;     49 s elapsed
Epoch 17,   350/  454; acc:  80.81; ppl:   2.22; 5125 src tok/s; 5323 tgt tok/s;     57 s elapsed
Epoch 17,   400/  454; acc:  80.52; ppl:   2.24; 5115 src tok/s; 5315 tgt tok/s;     65 s elapsed
Epoch 17,   450/  454; acc:  81.27; ppl:   2.17; 5059 src tok/s; 5260 tgt tok/s;     73 s elapsed
Train perplexity: 2.25352
Train accuracy: 80.43
Validation perplexity: 5.74957
Validation accuracy: 70.1504
Decaying learning rate to 0.000976562
