<module 'opts' from '/u/suhubdyd/research/projects/jumble_lstm/code/auxiliary-nmt/opts.pyc'>
Namespace(batch_size=64, brnn=False, brnn_merge='concat', cnn_kernel_width=3, context_gate=None, copy_attn=False, copy_attn_force=False, coverage_attn=False, data='/data/lisatmp3/suhubdyd/multi30k.atok.low', dec_layers=1, decay_method='', decoder_type='rnn', dropout=0.3, enc_layers=2, encoder_type='rnn', epochs=17, exp='', exp_host='', feat_merge='concat', feat_vec_exponent=0.7, feat_vec_size=-1, fix_word_vecs_dec=False, fix_word_vecs_enc=False, global_attention='general', gpuid=[0], input_feed=1, kappa_dec=0.05, kappa_enc=0.0, lambda_coverage=1, layers=-1, learning_rate=1.0, learning_rate_decay=0.5, max_generator_batches=32, max_grad_norm=5, model_type='text', optim='sgd', param_init=0.1, position_encoding=False, pre_word_vecs_dec=None, pre_word_vecs_enc=None, report_every=50, rnn_size=500, rnn_type='LSTM', save_model='/data/lisatmp3/suhubdyd/models/encoder0decoder0.05dropout0.3wdropFalse', seed=-1, share_decoder_embeddings=False, share_embeddings=False, src_word_vec_size=500, start_checkpoint_at=0, start_decay_at=8, start_epoch=1, tgt_word_vec_size=500, train_from='', truncated_decoder=0, warmup_steps=4000, weightdropout=False, word_vec_size=-1)
('Using Kappa L2 loss on decoder', 0.05)
Loading train and validate data from '/data/lisatmp3/suhubdyd/multi30k.atok.low'
 * number of training sentences: 29000
 * maximum batch size: 64
 * vocabulary size. source = 10841; target = 18563
Building model...
Intializing model parameters.
NMTModel (
  (encoder): RNNEncoder (
    (embeddings): Embeddings (
      (make_embedding): Sequential (
        (emb_luts): Elementwise (
          (0): Embedding(10841, 500, padding_idx=1)
        )
      )
    )
    (dropout): Dropout (p = 0.3)
    (rnn): LSTM(500, 500, dropout=0.3)
  )
  (decoder): InputFeedRNNDecoder (
    (embeddings): Embeddings (
      (make_embedding): Sequential (
        (emb_luts): Elementwise (
          (0): Embedding(18563, 500, padding_idx=1)
        )
      )
    )
    (dropout): Dropout (p = 0.3)
    (rnn): StackedLSTM (
      (dropout): Dropout (p = 0.3)
      (layers): ModuleList (
        (0): LSTMCell(1000, 500)
      )
    )
    (attn): GlobalAttention (
      (linear_in): Linear (500 -> 500)
      (linear_out): Linear (1000 -> 500)
      (sm): Softmax ()
      (tanh): Tanh ()
    )
  )
  (generator): Sequential (
    (0): Linear (500 -> 18563)
    (1): LogSoftmax ()
  )
)
* number of parameters: 29760063
('encoder: ', 7424500)
('decoder: ', 22335563)

Epoch  1,    50/  454; acc:   7.40; ppl: 17698.73; 4654 src tok/s; 4827 tgt tok/s;      9 s elapsed
Epoch  1,   100/  454; acc:  14.72; ppl: 1676.91; 5908 src tok/s; 6109 tgt tok/s;     16 s elapsed
Epoch  1,   150/  454; acc:  18.43; ppl: 609.34; 5945 src tok/s; 6165 tgt tok/s;     23 s elapsed
Epoch  1,   200/  454; acc:  20.90; ppl: 274.63; 5812 src tok/s; 6044 tgt tok/s;     30 s elapsed
Epoch  1,   250/  454; acc:  23.55; ppl: 192.78; 5942 src tok/s; 6137 tgt tok/s;     38 s elapsed
Epoch  1,   300/  454; acc:  28.40; ppl: 117.81; 5986 src tok/s; 6250 tgt tok/s;     44 s elapsed
Epoch  1,   350/  454; acc:  29.51; ppl:  98.69; 5756 src tok/s; 5974 tgt tok/s;     52 s elapsed
Epoch  1,   400/  454; acc:  32.37; ppl:  76.23; 5452 src tok/s; 5685 tgt tok/s;     59 s elapsed
Epoch  1,   450/  454; acc:  33.91; ppl:  64.56; 5487 src tok/s; 5705 tgt tok/s;     67 s elapsed
Train perplexity: 333.673
Train accuracy: 23.2435
Validation perplexity: 66.6509
Validation accuracy: 35.7954

Epoch  2,    50/  454; acc:  35.64; ppl:  53.16; 5700 src tok/s; 5947 tgt tok/s;      7 s elapsed
Epoch  2,   100/  454; acc:  36.62; ppl:  50.22; 5845 src tok/s; 6043 tgt tok/s;     15 s elapsed
Epoch  2,   150/  454; acc:  38.03; ppl:  45.46; 5806 src tok/s; 5991 tgt tok/s;     22 s elapsed
Epoch  2,   200/  454; acc:  42.94; ppl:  33.38; 5817 src tok/s; 6051 tgt tok/s;     29 s elapsed
Epoch  2,   250/  454; acc:  45.25; ppl:  28.75; 5808 src tok/s; 6032 tgt tok/s;     36 s elapsed
Epoch  2,   300/  454; acc:  46.52; ppl:  25.91; 5716 src tok/s; 5947 tgt tok/s;     44 s elapsed
Epoch  2,   350/  454; acc:  49.00; ppl:  21.70; 5600 src tok/s; 5851 tgt tok/s;     51 s elapsed
Epoch  2,   400/  454; acc:  48.35; ppl:  22.47; 5879 src tok/s; 6073 tgt tok/s;     58 s elapsed
Epoch  2,   450/  454; acc:  50.59; ppl:  19.58; 5679 src tok/s; 5872 tgt tok/s;     66 s elapsed
Train perplexity: 31.2282
Train accuracy: 43.7024
Validation perplexity: 16.2215
Validation accuracy: 53.4979

Epoch  3,    50/  454; acc:  53.21; ppl:  15.35; 5817 src tok/s; 6068 tgt tok/s;      7 s elapsed
Epoch  3,   100/  454; acc:  54.00; ppl:  14.95; 5892 src tok/s; 6100 tgt tok/s;     14 s elapsed
Epoch  3,   150/  454; acc:  55.34; ppl:  13.84; 5816 src tok/s; 6045 tgt tok/s;     21 s elapsed
Epoch  3,   200/  454; acc:  55.33; ppl:  13.55; 5919 src tok/s; 6144 tgt tok/s;     29 s elapsed
Epoch  3,   250/  454; acc:  55.76; ppl:  13.16; 5983 src tok/s; 6164 tgt tok/s;     36 s elapsed
Epoch  3,   300/  454; acc:  58.20; ppl:  11.56; 5693 src tok/s; 5967 tgt tok/s;     43 s elapsed
Epoch  3,   350/  454; acc:  57.75; ppl:  11.70; 5967 src tok/s; 6176 tgt tok/s;     50 s elapsed
Epoch  3,   400/  454; acc:  58.06; ppl:  11.46; 5847 src tok/s; 6035 tgt tok/s;     57 s elapsed
Epoch  3,   450/  454; acc:  58.87; ppl:  10.92; 5862 src tok/s; 6099 tgt tok/s;     64 s elapsed
Train perplexity: 12.8583
Train accuracy: 56.267
Validation perplexity: 12.1659
Validation accuracy: 56.3502

Epoch  4,    50/  454; acc:  61.69; ppl:   8.37; 5762 src tok/s; 6013 tgt tok/s;      7 s elapsed
Epoch  4,   100/  454; acc:  59.91; ppl:   9.28; 6056 src tok/s; 6238 tgt tok/s;     14 s elapsed
Epoch  4,   150/  454; acc:  61.60; ppl:   8.52; 5911 src tok/s; 6126 tgt tok/s;     21 s elapsed
Epoch  4,   200/  454; acc:  61.21; ppl:   8.87; 5812 src tok/s; 6021 tgt tok/s;     29 s elapsed
Epoch  4,   250/  454; acc:  61.41; ppl:   8.65; 5904 src tok/s; 6130 tgt tok/s;     36 s elapsed
Epoch  4,   300/  454; acc:  61.80; ppl:   8.28; 5826 src tok/s; 6069 tgt tok/s;     43 s elapsed
Epoch  4,   350/  454; acc:  62.72; ppl:   7.98; 5796 src tok/s; 6043 tgt tok/s;     50 s elapsed
Epoch  4,   400/  454; acc:  62.58; ppl:   7.95; 6003 src tok/s; 6199 tgt tok/s;     57 s elapsed
Epoch  4,   450/  454; acc:  62.89; ppl:   7.81; 5692 src tok/s; 5926 tgt tok/s;     64 s elapsed
Train perplexity: 8.41055
Train accuracy: 61.742
Validation perplexity: 8.27687
Validation accuracy: 64.1479

Epoch  5,    50/  454; acc:  64.28; ppl:   6.76; 5867 src tok/s; 6068 tgt tok/s;      8 s elapsed
Epoch  5,   100/  454; acc:  66.28; ppl:   5.95; 5841 src tok/s; 6095 tgt tok/s;     14 s elapsed
Epoch  5,   150/  454; acc:  64.50; ppl:   6.61; 6085 src tok/s; 6276 tgt tok/s;     22 s elapsed
Epoch  5,   200/  454; acc:  66.09; ppl:   6.04; 5703 src tok/s; 5990 tgt tok/s;     29 s elapsed
Epoch  5,   250/  454; acc:  65.47; ppl:   6.21; 5882 src tok/s; 6118 tgt tok/s;     36 s elapsed
Epoch  5,   300/  454; acc:  64.81; ppl:   6.46; 5869 src tok/s; 6064 tgt tok/s;     43 s elapsed
Epoch  5,   350/  454; acc:  65.77; ppl:   6.17; 5728 src tok/s; 5971 tgt tok/s;     50 s elapsed
Epoch  5,   400/  454; acc:  64.32; ppl:   6.72; 5967 src tok/s; 6189 tgt tok/s;     57 s elapsed
Epoch  5,   450/  454; acc:  65.37; ppl:   6.33; 5817 src tok/s; 5982 tgt tok/s;     64 s elapsed
Train perplexity: 6.36027
Train accuracy: 65.2029
Validation perplexity: 7.26938
Validation accuracy: 65.5031

Epoch  6,    50/  454; acc:  68.99; ppl:   4.71; 5783 src tok/s; 6013 tgt tok/s;      7 s elapsed
Epoch  6,   100/  454; acc:  67.55; ppl:   5.23; 6003 src tok/s; 6180 tgt tok/s;     14 s elapsed
Epoch  6,   150/  454; acc:  67.62; ppl:   5.22; 5840 src tok/s; 6047 tgt tok/s;     21 s elapsed
Epoch  6,   200/  454; acc:  67.86; ppl:   5.05; 5867 src tok/s; 6121 tgt tok/s;     29 s elapsed
Epoch  6,   250/  454; acc:  67.75; ppl:   5.11; 5865 src tok/s; 6086 tgt tok/s;     36 s elapsed
Epoch  6,   300/  454; acc:  67.31; ppl:   5.29; 5834 src tok/s; 6082 tgt tok/s;     43 s elapsed
Epoch  6,   350/  454; acc:  66.67; ppl:   5.49; 5831 src tok/s; 6009 tgt tok/s;     51 s elapsed
Epoch  6,   400/  454; acc:  68.79; ppl:   4.78; 5837 src tok/s; 6094 tgt tok/s;     57 s elapsed
Epoch  6,   450/  454; acc:  67.19; ppl:   5.33; 5711 src tok/s; 5929 tgt tok/s;     65 s elapsed
Train perplexity: 5.12714
Train accuracy: 67.7542
Validation perplexity: 7.06575
Validation accuracy: 65.8294

Epoch  7,    50/  454; acc:  70.52; ppl:   4.11; 5803 src tok/s; 6023 tgt tok/s;      7 s elapsed
Epoch  7,   100/  454; acc:  70.34; ppl:   4.27; 5671 src tok/s; 5864 tgt tok/s;     15 s elapsed
Epoch  7,   150/  454; acc:  70.09; ppl:   4.28; 5674 src tok/s; 5895 tgt tok/s;     22 s elapsed
Epoch  7,   200/  454; acc:  70.03; ppl:   4.24; 5952 src tok/s; 6172 tgt tok/s;     30 s elapsed
Epoch  7,   250/  454; acc:  70.27; ppl:   4.24; 5715 src tok/s; 5940 tgt tok/s;     37 s elapsed
Epoch  7,   300/  454; acc:  69.64; ppl:   4.38; 5959 src tok/s; 6169 tgt tok/s;     44 s elapsed
Epoch  7,   350/  454; acc:  69.34; ppl:   4.45; 5918 src tok/s; 6151 tgt tok/s;     51 s elapsed
Epoch  7,   400/  454; acc:  68.94; ppl:   4.54; 5977 src tok/s; 6210 tgt tok/s;     58 s elapsed
Epoch  7,   450/  454; acc:  69.14; ppl:   4.46; 5770 src tok/s; 5992 tgt tok/s;     65 s elapsed
Train perplexity: 4.32577
Train accuracy: 69.8296
Validation perplexity: 6.60793
Validation accuracy: 67.0143

Epoch  8,    50/  454; acc:  72.57; ppl:   3.59; 5943 src tok/s; 6168 tgt tok/s;      7 s elapsed
Epoch  8,   100/  454; acc:  73.13; ppl:   3.42; 5853 src tok/s; 6094 tgt tok/s;     14 s elapsed
Epoch  8,   150/  454; acc:  72.47; ppl:   3.56; 5916 src tok/s; 6112 tgt tok/s;     21 s elapsed
Epoch  8,   200/  454; acc:  71.65; ppl:   3.75; 5942 src tok/s; 6161 tgt tok/s;     28 s elapsed
Epoch  8,   250/  454; acc:  71.19; ppl:   3.85; 5860 src tok/s; 6055 tgt tok/s;     36 s elapsed
Epoch  8,   300/  454; acc:  71.73; ppl:   3.72; 5354 src tok/s; 5577 tgt tok/s;     43 s elapsed
Epoch  8,   350/  454; acc:  71.31; ppl:   3.87; 5921 src tok/s; 6152 tgt tok/s;     50 s elapsed
Epoch  8,   400/  454; acc:  70.53; ppl:   3.95; 6080 src tok/s; 6299 tgt tok/s;     57 s elapsed
Epoch  8,   450/  454; acc:  70.91; ppl:   3.91; 5447 src tok/s; 5678 tgt tok/s;     65 s elapsed
Train perplexity: 3.7355
Train accuracy: 71.6999
Validation perplexity: 6.44338
Validation accuracy: 67.3265
Decaying learning rate to 0.5

Epoch  9,    50/  454; acc:  76.10; ppl:   2.90; 5981 src tok/s; 6184 tgt tok/s;      7 s elapsed
Epoch  9,   100/  454; acc:  77.04; ppl:   2.70; 5727 src tok/s; 5958 tgt tok/s;     14 s elapsed
Epoch  9,   150/  454; acc:  77.30; ppl:   2.71; 5727 src tok/s; 5968 tgt tok/s;     21 s elapsed
Epoch  9,   200/  454; acc:  76.16; ppl:   2.87; 5657 src tok/s; 5843 tgt tok/s;     29 s elapsed
Epoch  9,   250/  454; acc:  76.40; ppl:   2.81; 5687 src tok/s; 5927 tgt tok/s;     36 s elapsed
Epoch  9,   300/  454; acc:  76.56; ppl:   2.80; 5820 src tok/s; 6034 tgt tok/s;     44 s elapsed
Epoch  9,   350/  454; acc:  75.94; ppl:   2.87; 5730 src tok/s; 5969 tgt tok/s;     51 s elapsed
Epoch  9,   400/  454; acc:  76.77; ppl:   2.80; 5763 src tok/s; 5986 tgt tok/s;     58 s elapsed
Epoch  9,   450/  454; acc:  75.74; ppl:   2.88; 5768 src tok/s; 5954 tgt tok/s;     66 s elapsed
Train perplexity: 2.81208
Train accuracy: 76.4416
Validation perplexity: 6.14782
Validation accuracy: 68.93
Decaying learning rate to 0.25

Epoch 10,    50/  454; acc:  80.44; ppl:   2.28; 5726 src tok/s; 5977 tgt tok/s;      7 s elapsed
Epoch 10,   100/  454; acc:  79.39; ppl:   2.43; 5698 src tok/s; 5883 tgt tok/s;     15 s elapsed
Epoch 10,   150/  454; acc:  79.82; ppl:   2.35; 5779 src tok/s; 6001 tgt tok/s;     22 s elapsed
Epoch 10,   200/  454; acc:  80.41; ppl:   2.31; 5731 src tok/s; 5961 tgt tok/s;     29 s elapsed
Epoch 10,   250/  454; acc:  80.05; ppl:   2.33; 5620 src tok/s; 5848 tgt tok/s;     37 s elapsed
Epoch 10,   300/  454; acc:  79.80; ppl:   2.38; 5905 src tok/s; 6084 tgt tok/s;     44 s elapsed
Epoch 10,   350/  454; acc:  79.13; ppl:   2.45; 5828 src tok/s; 6005 tgt tok/s;     52 s elapsed
Epoch 10,   400/  454; acc:  81.20; ppl:   2.16; 5735 src tok/s; 6002 tgt tok/s;     58 s elapsed
Epoch 10,   450/  454; acc:  79.49; ppl:   2.37; 5675 src tok/s; 5888 tgt tok/s;     66 s elapsed
Train perplexity: 2.34209
Train accuracy: 79.9577
Validation perplexity: 6.11567
Validation accuracy: 69.7105
Decaying learning rate to 0.125

Epoch 11,    50/  454; acc:  83.03; ppl:   2.02; 5741 src tok/s; 5966 tgt tok/s;      7 s elapsed
Epoch 11,   100/  454; acc:  81.34; ppl:   2.21; 5767 src tok/s; 5980 tgt tok/s;     15 s elapsed
Epoch 11,   150/  454; acc:  83.17; ppl:   2.01; 5737 src tok/s; 5991 tgt tok/s;     22 s elapsed
Epoch 11,   200/  454; acc:  80.88; ppl:   2.24; 5701 src tok/s; 5887 tgt tok/s;     29 s elapsed
Epoch 11,   250/  454; acc:  82.40; ppl:   2.06; 5786 src tok/s; 6006 tgt tok/s;     36 s elapsed
Epoch 11,   300/  454; acc:  81.67; ppl:   2.15; 5782 src tok/s; 5995 tgt tok/s;     44 s elapsed
Epoch 11,   350/  454; acc:  83.02; ppl:   2.01; 5801 src tok/s; 6042 tgt tok/s;     51 s elapsed
Epoch 11,   400/  454; acc:  80.60; ppl:   2.28; 5691 src tok/s; 5882 tgt tok/s;     58 s elapsed
Epoch 11,   450/  454; acc:  81.62; ppl:   2.15; 5569 src tok/s; 5787 tgt tok/s;     66 s elapsed
Train perplexity: 2.12264
Train accuracy: 81.9636
Validation perplexity: 6.28001
Validation accuracy: 69.5828
Decaying learning rate to 0.0625

Epoch 12,    50/  454; acc:  83.21; ppl:   1.98; 5893 src tok/s; 6083 tgt tok/s;      7 s elapsed
Epoch 12,   100/  454; acc:  82.52; ppl:   2.07; 5638 src tok/s; 5888 tgt tok/s;     15 s elapsed
Epoch 12,   150/  454; acc:  82.84; ppl:   2.05; 5856 src tok/s; 6097 tgt tok/s;     22 s elapsed
Epoch 12,   200/  454; acc:  82.93; ppl:   2.02; 5832 src tok/s; 6058 tgt tok/s;     29 s elapsed
Epoch 12,   250/  454; acc:  83.60; ppl:   1.98; 5829 src tok/s; 6027 tgt tok/s;     36 s elapsed
Epoch 12,   300/  454; acc:  82.67; ppl:   2.07; 5876 src tok/s; 6098 tgt tok/s;     43 s elapsed
Epoch 12,   350/  454; acc:  82.93; ppl:   2.02; 5866 src tok/s; 6075 tgt tok/s;     51 s elapsed
Epoch 12,   400/  454; acc:  83.19; ppl:   2.01; 5785 src tok/s; 6020 tgt tok/s;     58 s elapsed
Epoch 12,   450/  454; acc:  83.27; ppl:   1.98; 5812 src tok/s; 6034 tgt tok/s;     65 s elapsed
Train perplexity: 2.02111
Train accuracy: 82.9997
Validation perplexity: 6.36256
Validation accuracy: 69.6325
Decaying learning rate to 0.03125

Epoch 13,    50/  454; acc:  83.25; ppl:   2.02; 5850 src tok/s; 6069 tgt tok/s;      7 s elapsed
Epoch 13,   100/  454; acc:  83.84; ppl:   1.92; 5859 src tok/s; 6114 tgt tok/s;     14 s elapsed
Epoch 13,   150/  454; acc:  82.66; ppl:   2.06; 5921 src tok/s; 6079 tgt tok/s;     22 s elapsed
Epoch 13,   200/  454; acc:  85.19; ppl:   1.83; 5831 src tok/s; 6117 tgt tok/s;     29 s elapsed
Epoch 13,   250/  454; acc:  82.93; ppl:   2.04; 5781 src tok/s; 5980 tgt tok/s;     36 s elapsed
Epoch 13,   300/  454; acc:  83.51; ppl:   1.95; 5845 src tok/s; 6081 tgt tok/s;     43 s elapsed
Epoch 13,   350/  454; acc:  83.27; ppl:   1.99; 5891 src tok/s; 6106 tgt tok/s;     50 s elapsed
Epoch 13,   400/  454; acc:  83.88; ppl:   1.94; 5787 src tok/s; 6035 tgt tok/s;     57 s elapsed
Epoch 13,   450/  454; acc:  83.08; ppl:   2.01; 5962 src tok/s; 6130 tgt tok/s;     64 s elapsed
Train perplexity: 1.97047
Train accuracy: 83.5063
Validation perplexity: 6.3872
Validation accuracy: 69.6254
Decaying learning rate to 0.015625

Epoch 14,    50/  454; acc:  83.40; ppl:   1.98; 5943 src tok/s; 6115 tgt tok/s;      7 s elapsed
Epoch 14,   100/  454; acc:  84.54; ppl:   1.90; 5762 src tok/s; 6025 tgt tok/s;     14 s elapsed
Epoch 14,   150/  454; acc:  83.18; ppl:   1.99; 5837 src tok/s; 6058 tgt tok/s;     22 s elapsed
Epoch 14,   200/  454; acc:  84.00; ppl:   1.92; 5946 src tok/s; 6180 tgt tok/s;     29 s elapsed
Epoch 14,   250/  454; acc:  84.31; ppl:   1.89; 5778 src tok/s; 6021 tgt tok/s;     36 s elapsed
Epoch 14,   300/  454; acc:  83.56; ppl:   1.98; 5824 src tok/s; 6035 tgt tok/s;     43 s elapsed
Epoch 14,   350/  454; acc:  83.78; ppl:   1.96; 5912 src tok/s; 6118 tgt tok/s;     50 s elapsed
Epoch 14,   400/  454; acc:  83.62; ppl:   1.97; 5955 src tok/s; 6209 tgt tok/s;     57 s elapsed
Epoch 14,   450/  454; acc:  83.92; ppl:   1.93; 5752 src tok/s; 5949 tgt tok/s;     64 s elapsed
Train perplexity: 1.94696
Train accuracy: 83.8111
Validation perplexity: 6.42039
Validation accuracy: 69.6396
Decaying learning rate to 0.0078125

Epoch 15,    50/  454; acc:  83.42; ppl:   1.97; 5960 src tok/s; 6182 tgt tok/s;      7 s elapsed
Epoch 15,   100/  454; acc:  84.29; ppl:   1.90; 5869 src tok/s; 6100 tgt tok/s;     14 s elapsed
Epoch 15,   150/  454; acc:  84.57; ppl:   1.88; 5787 src tok/s; 6010 tgt tok/s;     21 s elapsed
Epoch 15,   200/  454; acc:  83.58; ppl:   1.98; 5930 src tok/s; 6149 tgt tok/s;     29 s elapsed
Epoch 15,   250/  454; acc:  82.85; ppl:   2.05; 5918 src tok/s; 6088 tgt tok/s;     36 s elapsed
Epoch 15,   300/  454; acc:  84.72; ppl:   1.84; 5819 src tok/s; 6085 tgt tok/s;     43 s elapsed
Epoch 15,   350/  454; acc:  83.76; ppl:   1.96; 5852 src tok/s; 6092 tgt tok/s;     50 s elapsed
Epoch 15,   400/  454; acc:  83.99; ppl:   1.93; 5818 src tok/s; 6052 tgt tok/s;     57 s elapsed
Epoch 15,   450/  454; acc:  84.17; ppl:   1.92; 5788 src tok/s; 5985 tgt tok/s;     64 s elapsed
Train perplexity: 1.93495
Train accuracy: 83.933
Validation perplexity: 6.42899
Validation accuracy: 69.7176
Decaying learning rate to 0.00390625

Epoch 16,    50/  454; acc:  84.17; ppl:   1.91; 5645 src tok/s; 5903 tgt tok/s;      7 s elapsed
Epoch 16,   100/  454; acc:  83.99; ppl:   1.92; 5883 src tok/s; 6078 tgt tok/s;     15 s elapsed
Epoch 16,   150/  454; acc:  83.25; ppl:   2.02; 5835 src tok/s; 6072 tgt tok/s;     22 s elapsed
Epoch 16,   200/  454; acc:  84.72; ppl:   1.85; 5771 src tok/s; 5992 tgt tok/s;     29 s elapsed
Epoch 16,   250/  454; acc:  83.60; ppl:   1.96; 5784 src tok/s; 5983 tgt tok/s;     36 s elapsed
Epoch 16,   300/  454; acc:  84.09; ppl:   1.93; 5766 src tok/s; 5994 tgt tok/s;     44 s elapsed
Epoch 16,   350/  454; acc:  83.64; ppl:   1.97; 5995 src tok/s; 6160 tgt tok/s;     51 s elapsed
Epoch 16,   400/  454; acc:  84.73; ppl:   1.87; 5822 src tok/s; 6101 tgt tok/s;     58 s elapsed
Epoch 16,   450/  454; acc:  84.84; ppl:   1.84; 5856 src tok/s; 6079 tgt tok/s;     65 s elapsed
Train perplexity: 1.92768
Train accuracy: 84.0116
Validation perplexity: 6.4375
Validation accuracy: 69.6608
Decaying learning rate to 0.00195312

Epoch 17,    50/  454; acc:  83.76; ppl:   1.93; 5959 src tok/s; 6176 tgt tok/s;      7 s elapsed
Epoch 17,   100/  454; acc:  84.39; ppl:   1.90; 5838 src tok/s; 6096 tgt tok/s;     14 s elapsed
Epoch 17,   150/  454; acc:  84.29; ppl:   1.89; 5810 src tok/s; 6056 tgt tok/s;     21 s elapsed
Epoch 17,   200/  454; acc:  83.63; ppl:   1.96; 5965 src tok/s; 6127 tgt tok/s;     28 s elapsed
Epoch 17,   250/  454; acc:  84.99; ppl:   1.86; 5879 src tok/s; 6159 tgt tok/s;     35 s elapsed
Epoch 17,   300/  454; acc:  83.51; ppl:   1.98; 5804 src tok/s; 6015 tgt tok/s;     43 s elapsed
Epoch 17,   350/  454; acc:  84.01; ppl:   1.94; 5888 src tok/s; 6117 tgt tok/s;     50 s elapsed
Epoch 17,   400/  454; acc:  83.71; ppl:   1.95; 6034 src tok/s; 6256 tgt tok/s;     57 s elapsed
Epoch 17,   450/  454; acc:  84.02; ppl:   1.93; 5832 src tok/s; 6018 tgt tok/s;     64 s elapsed
Train perplexity: 1.9269
Train accuracy: 84.024
Validation perplexity: 6.43894
Validation accuracy: 69.6467
Decaying learning rate to 0.000976562
