<module 'opts' from '/u/suhubdyd/research/projects/jumble_lstm/code/auxiliary-nmt/opts.pyc'>
Namespace(batch_size=64, brnn=False, brnn_merge='concat', cnn_kernel_width=3, context_gate=None, copy_attn=False, copy_attn_force=False, coverage_attn=False, data='/data/lisatmp3/suhubdyd/multi30k.atok.low', dec_layers=1, decay_method='', decoder_type='rnn', dropout=0.4, enc_layers=2, encoder_type='rnn', epochs=17, exp='', exp_host='', feat_merge='concat', feat_vec_exponent=0.7, feat_vec_size=-1, fix_word_vecs_dec=False, fix_word_vecs_enc=False, global_attention='general', gpuid=[0], input_feed=1, kappa_dec=0.15, kappa_enc=0.15, lambda_coverage=1, layers=-1, learning_rate=1.0, learning_rate_decay=0.5, max_generator_batches=32, max_grad_norm=5, model_type='text', optim='sgd', param_init=0.1, position_encoding=False, pre_word_vecs_dec=None, pre_word_vecs_enc=None, report_every=50, rnn_size=500, rnn_type='LSTM', save_model='/data/lisatmp3/suhubdyd/models/encoder0.15_decoder0.15_dropout0.4', seed=-1, share_decoder_embeddings=False, share_embeddings=False, src_word_vec_size=500, start_checkpoint_at=0, start_decay_at=8, start_epoch=1, tgt_word_vec_size=500, train_from='', truncated_decoder=0, warmup_steps=4000, word_vec_size=-1)
('Using Kappa L2 loss on encoder', 0.15)
('Using Kappa L2 loss on decoder', 0.15)
Loading train and validate data from '/data/lisatmp3/suhubdyd/multi30k.atok.low'
 * number of training sentences: 29000
 * maximum batch size: 64
 * vocabulary size. source = 10841; target = 18563
Building model...
Intializing model parameters.
NMTModel (
  (encoder): RNNEncoder (
    (embeddings): Embeddings (
      (make_embedding): Sequential (
        (emb_luts): Elementwise (
          (0): Embedding(10841, 500, padding_idx=1)
        )
      )
    )
    (dropout): Dropout (p = 0.4)
    (rnn): LSTM(500, 500, dropout=0.4)
  )
  (decoder): InputFeedRNNDecoder (
    (embeddings): Embeddings (
      (make_embedding): Sequential (
        (emb_luts): Elementwise (
          (0): Embedding(18563, 500, padding_idx=1)
        )
      )
    )
    (dropout): Dropout (p = 0.4)
    (rnn): StackedLSTM (
      (dropout): Dropout (p = 0.4)
      (layers): ModuleList (
        (0): LSTMCell(1000, 500)
      )
    )
    (attn): GlobalAttention (
      (linear_in): Linear (500 -> 500)
      (linear_out): Linear (1000 -> 500)
      (sm): Softmax ()
      (tanh): Tanh ()
    )
  )
  (generator): Sequential (
    (0): Linear (500 -> 18563)
    (1): LogSoftmax ()
  )
)
* number of parameters: 29760063
('encoder: ', 7424500)
('decoder: ', 22335563)

Epoch  1,    50/  454; acc:   8.40; ppl: 20087.07; 4487 src tok/s; 4660 tgt tok/s;     10 s elapsed
Epoch  1,   100/  454; acc:  16.00; ppl: 904.99; 5219 src tok/s; 5424 tgt tok/s;     17 s elapsed
Epoch  1,   150/  454; acc:  18.08; ppl: 460.60; 5300 src tok/s; 5454 tgt tok/s;     26 s elapsed
Epoch  1,   200/  454; acc:  21.71; ppl: 240.69; 5244 src tok/s; 5476 tgt tok/s;     33 s elapsed
Epoch  1,   250/  454; acc:  25.33; ppl: 157.54; 5233 src tok/s; 5452 tgt tok/s;     41 s elapsed
Epoch  1,   300/  454; acc:  26.99; ppl: 123.75; 5225 src tok/s; 5395 tgt tok/s;     49 s elapsed
Epoch  1,   350/  454; acc:  29.26; ppl:  97.31; 5094 src tok/s; 5282 tgt tok/s;     58 s elapsed
Epoch  1,   400/  454; acc:  31.84; ppl:  75.39; 5135 src tok/s; 5328 tgt tok/s;     66 s elapsed
Epoch  1,   450/  454; acc:  32.30; ppl:  71.14; 5116 src tok/s; 5316 tgt tok/s;     74 s elapsed
Train perplexity: 300.56
Train accuracy: 23.3778
Validation perplexity: 60.5934
Validation accuracy: 34.8091

Epoch  2,    50/  454; acc:  36.37; ppl:  51.50; 5115 src tok/s; 5308 tgt tok/s;      8 s elapsed
Epoch  2,   100/  454; acc:  38.70; ppl:  44.48; 5330 src tok/s; 5513 tgt tok/s;     16 s elapsed
Epoch  2,   150/  454; acc:  41.48; ppl:  35.88; 5279 src tok/s; 5479 tgt tok/s;     24 s elapsed
Epoch  2,   200/  454; acc:  43.65; ppl:  30.55; 5120 src tok/s; 5304 tgt tok/s;     32 s elapsed
Epoch  2,   250/  454; acc:  47.02; ppl:  24.95; 5062 src tok/s; 5280 tgt tok/s;     40 s elapsed
Epoch  2,   300/  454; acc:  46.78; ppl:  25.95; 5204 src tok/s; 5368 tgt tok/s;     48 s elapsed
Epoch  2,   350/  454; acc:  49.31; ppl:  20.71; 5102 src tok/s; 5279 tgt tok/s;     57 s elapsed
Epoch  2,   400/  454; acc:  50.22; ppl:  19.69; 5126 src tok/s; 5366 tgt tok/s;     65 s elapsed
Epoch  2,   450/  454; acc:  51.63; ppl:  18.32; 5034 src tok/s; 5227 tgt tok/s;     73 s elapsed
Train perplexity: 28.245
Train accuracy: 45.1208
Validation perplexity: 15.1649
Validation accuracy: 54.7183

Epoch  3,    50/  454; acc:  55.50; ppl:  13.60; 5051 src tok/s; 5321 tgt tok/s;      8 s elapsed
Epoch  3,   100/  454; acc:  55.06; ppl:  13.73; 5306 src tok/s; 5506 tgt tok/s;     16 s elapsed
Epoch  3,   150/  454; acc:  54.73; ppl:  14.10; 5288 src tok/s; 5442 tgt tok/s;     24 s elapsed
Epoch  3,   200/  454; acc:  57.95; ppl:  11.54; 5150 src tok/s; 5366 tgt tok/s;     32 s elapsed
Epoch  3,   250/  454; acc:  58.59; ppl:  11.01; 5057 src tok/s; 5299 tgt tok/s;     40 s elapsed
Epoch  3,   300/  454; acc:  56.57; ppl:  12.24; 5238 src tok/s; 5374 tgt tok/s;     49 s elapsed
Epoch  3,   350/  454; acc:  58.41; ppl:  11.03; 5144 src tok/s; 5333 tgt tok/s;     57 s elapsed
Epoch  3,   400/  454; acc:  58.49; ppl:  11.03; 5069 src tok/s; 5259 tgt tok/s;     65 s elapsed
Epoch  3,   450/  454; acc:  59.93; ppl:   9.88; 5078 src tok/s; 5262 tgt tok/s;     73 s elapsed
Train perplexity: 11.9688
Train accuracy: 57.1958
Validation perplexity: 10.0781
Validation accuracy: 60.2029

Epoch  4,    50/  454; acc:  62.90; ppl:   7.75; 5179 src tok/s; 5427 tgt tok/s;      8 s elapsed
Epoch  4,   100/  454; acc:  60.77; ppl:   8.75; 5284 src tok/s; 5447 tgt tok/s;     16 s elapsed
Epoch  4,   150/  454; acc:  62.10; ppl:   7.96; 5169 src tok/s; 5372 tgt tok/s;     24 s elapsed
Epoch  4,   200/  454; acc:  62.16; ppl:   8.03; 5165 src tok/s; 5351 tgt tok/s;     32 s elapsed
Epoch  4,   250/  454; acc:  63.22; ppl:   7.47; 5164 src tok/s; 5347 tgt tok/s;     40 s elapsed
Epoch  4,   300/  454; acc:  62.37; ppl:   7.85; 5203 src tok/s; 5381 tgt tok/s;     48 s elapsed
Epoch  4,   350/  454; acc:  61.56; ppl:   8.38; 5081 src tok/s; 5257 tgt tok/s;     57 s elapsed
Epoch  4,   400/  454; acc:  64.11; ppl:   7.10; 5100 src tok/s; 5336 tgt tok/s;     65 s elapsed
Epoch  4,   450/  454; acc:  63.49; ppl:   7.42; 5157 src tok/s; 5349 tgt tok/s;     73 s elapsed
Train perplexity: 7.8534
Train accuracy: 62.5047
Validation perplexity: 8.22005
Validation accuracy: 63.2326

Epoch  5,    50/  454; acc:  65.03; ppl:   6.31; 5244 src tok/s; 5390 tgt tok/s;      8 s elapsed
Epoch  5,   100/  454; acc:  67.53; ppl:   5.42; 5130 src tok/s; 5351 tgt tok/s;     16 s elapsed
Epoch  5,   150/  454; acc:  67.23; ppl:   5.55; 5110 src tok/s; 5335 tgt tok/s;     24 s elapsed
Epoch  5,   200/  454; acc:  65.04; ppl:   6.34; 5224 src tok/s; 5386 tgt tok/s;     32 s elapsed
Epoch  5,   250/  454; acc:  66.58; ppl:   5.74; 5153 src tok/s; 5378 tgt tok/s;     40 s elapsed
Epoch  5,   300/  454; acc:  65.56; ppl:   6.10; 5123 src tok/s; 5306 tgt tok/s;     49 s elapsed
Epoch  5,   350/  454; acc:  64.73; ppl:   6.33; 5162 src tok/s; 5323 tgt tok/s;     57 s elapsed
Epoch  5,   400/  454; acc:  66.45; ppl:   5.75; 5021 src tok/s; 5263 tgt tok/s;     65 s elapsed
Epoch  5,   450/  454; acc:  65.88; ppl:   5.92; 5110 src tok/s; 5300 tgt tok/s;     73 s elapsed
Train perplexity: 5.93769
Train accuracy: 65.9903
Validation perplexity: 7.16922
Validation accuracy: 64.9425

Epoch  6,    50/  454; acc:  69.23; ppl:   4.57; 5203 src tok/s; 5422 tgt tok/s;      8 s elapsed
Epoch  6,   100/  454; acc:  69.18; ppl:   4.51; 5177 src tok/s; 5359 tgt tok/s;     16 s elapsed
Epoch  6,   150/  454; acc:  69.39; ppl:   4.56; 5144 src tok/s; 5358 tgt tok/s;     24 s elapsed
Epoch  6,   200/  454; acc:  68.40; ppl:   4.87; 5214 src tok/s; 5415 tgt tok/s;     32 s elapsed
Epoch  6,   250/  454; acc:  69.00; ppl:   4.67; 5149 src tok/s; 5330 tgt tok/s;     40 s elapsed
Epoch  6,   300/  454; acc:  68.37; ppl:   4.85; 5136 src tok/s; 5361 tgt tok/s;     49 s elapsed
Epoch  6,   350/  454; acc:  68.82; ppl:   4.69; 5080 src tok/s; 5299 tgt tok/s;     56 s elapsed
Epoch  6,   400/  454; acc:  67.02; ppl:   5.23; 5231 src tok/s; 5359 tgt tok/s;     65 s elapsed
Epoch  6,   450/  454; acc:  67.48; ppl:   5.00; 5044 src tok/s; 5231 tgt tok/s;     73 s elapsed
Train perplexity: 4.76853
Train accuracy: 68.5364
Validation perplexity: 6.94435
Validation accuracy: 65.6024

Epoch  7,    50/  454; acc:  70.68; ppl:   4.02; 5087 src tok/s; 5291 tgt tok/s;      8 s elapsed
Epoch  7,   100/  454; acc:  71.69; ppl:   3.78; 5239 src tok/s; 5444 tgt tok/s;     16 s elapsed
Epoch  7,   150/  454; acc:  71.73; ppl:   3.77; 5121 src tok/s; 5347 tgt tok/s;     24 s elapsed
Epoch  7,   200/  454; acc:  69.75; ppl:   4.24; 5148 src tok/s; 5333 tgt tok/s;     33 s elapsed
Epoch  7,   250/  454; acc:  71.19; ppl:   3.91; 5123 src tok/s; 5342 tgt tok/s;     41 s elapsed
Epoch  7,   300/  454; acc:  69.73; ppl:   4.23; 5237 src tok/s; 5387 tgt tok/s;     49 s elapsed
Epoch  7,   350/  454; acc:  69.82; ppl:   4.21; 5081 src tok/s; 5239 tgt tok/s;     58 s elapsed
Epoch  7,   400/  454; acc:  71.89; ppl:   3.76; 5090 src tok/s; 5307 tgt tok/s;     65 s elapsed
Epoch  7,   450/  454; acc:  69.62; ppl:   4.25; 5019 src tok/s; 5206 tgt tok/s;     74 s elapsed
Train perplexity: 4.01712
Train accuracy: 70.6614
Validation perplexity: 6.54377
Validation accuracy: 66.8866

Epoch  8,    50/  454; acc:  73.20; ppl:   3.33; 5245 src tok/s; 5444 tgt tok/s;      8 s elapsed
Epoch  8,   100/  454; acc:  73.90; ppl:   3.20; 5287 src tok/s; 5472 tgt tok/s;     16 s elapsed
Epoch  8,   150/  454; acc:  73.41; ppl:   3.32; 5132 src tok/s; 5383 tgt tok/s;     24 s elapsed
Epoch  8,   200/  454; acc:  72.14; ppl:   3.56; 5147 src tok/s; 5321 tgt tok/s;     32 s elapsed
Epoch  8,   250/  454; acc:  71.57; ppl:   3.60; 5000 src tok/s; 5158 tgt tok/s;     41 s elapsed
Epoch  8,   300/  454; acc:  72.50; ppl:   3.45; 5144 src tok/s; 5349 tgt tok/s;     49 s elapsed
Epoch  8,   350/  454; acc:  72.04; ppl:   3.52; 5223 src tok/s; 5419 tgt tok/s;     57 s elapsed
Epoch  8,   400/  454; acc:  71.78; ppl:   3.62; 5125 src tok/s; 5322 tgt tok/s;     65 s elapsed
Epoch  8,   450/  454; acc:  71.55; ppl:   3.65; 5058 src tok/s; 5243 tgt tok/s;     73 s elapsed
Train perplexity: 3.46731
Train accuracy: 72.4657
Validation perplexity: 6.69682
Validation accuracy: 66.7518
Decaying learning rate to 0.5

Epoch  9,    50/  454; acc:  76.38; ppl:   2.78; 5196 src tok/s; 5368 tgt tok/s;      8 s elapsed
Epoch  9,   100/  454; acc:  78.89; ppl:   2.45; 5301 src tok/s; 5519 tgt tok/s;     16 s elapsed
Epoch  9,   150/  454; acc:  77.81; ppl:   2.61; 5087 src tok/s; 5280 tgt tok/s;     24 s elapsed
Epoch  9,   200/  454; acc:  77.72; ppl:   2.59; 5176 src tok/s; 5386 tgt tok/s;     32 s elapsed
Epoch  9,   250/  454; acc:  77.78; ppl:   2.54; 5132 src tok/s; 5317 tgt tok/s;     41 s elapsed
Epoch  9,   300/  454; acc:  77.19; ppl:   2.64; 5136 src tok/s; 5337 tgt tok/s;     49 s elapsed
Epoch  9,   350/  454; acc:  77.35; ppl:   2.63; 5097 src tok/s; 5278 tgt tok/s;     57 s elapsed
Epoch  9,   400/  454; acc:  77.12; ppl:   2.65; 5143 src tok/s; 5345 tgt tok/s;     65 s elapsed
Epoch  9,   450/  454; acc:  77.50; ppl:   2.61; 4977 src tok/s; 5163 tgt tok/s;     73 s elapsed
Train perplexity: 2.61011
Train accuracy: 77.525
Validation perplexity: 6.09442
Validation accuracy: 69.0294
Decaying learning rate to 0.25

Epoch 10,    50/  454; acc:  81.10; ppl:   2.24; 5114 src tok/s; 5296 tgt tok/s;      8 s elapsed
Epoch 10,   100/  454; acc:  82.50; ppl:   2.05; 5191 src tok/s; 5414 tgt tok/s;     16 s elapsed
Epoch 10,   150/  454; acc:  81.46; ppl:   2.15; 5197 src tok/s; 5370 tgt tok/s;     24 s elapsed
Epoch 10,   200/  454; acc:  81.07; ppl:   2.20; 5066 src tok/s; 5266 tgt tok/s;     33 s elapsed
Epoch 10,   250/  454; acc:  80.95; ppl:   2.24; 5241 src tok/s; 5422 tgt tok/s;     41 s elapsed
Epoch 10,   300/  454; acc:  81.11; ppl:   2.17; 5068 src tok/s; 5311 tgt tok/s;     49 s elapsed
Epoch 10,   350/  454; acc:  81.68; ppl:   2.14; 5150 src tok/s; 5362 tgt tok/s;     57 s elapsed
Epoch 10,   400/  454; acc:  80.61; ppl:   2.25; 5197 src tok/s; 5353 tgt tok/s;     65 s elapsed
Epoch 10,   450/  454; acc:  81.21; ppl:   2.16; 5034 src tok/s; 5227 tgt tok/s;     73 s elapsed
Train perplexity: 2.17865
Train accuracy: 81.2627
Validation perplexity: 6.10115
Validation accuracy: 69.1145
Decaying learning rate to 0.125

Epoch 11,    50/  454; acc:  83.29; ppl:   1.98; 5302 src tok/s; 5470 tgt tok/s;      8 s elapsed
Epoch 11,   100/  454; acc:  83.60; ppl:   1.96; 5011 src tok/s; 5246 tgt tok/s;     16 s elapsed
Epoch 11,   150/  454; acc:  83.49; ppl:   1.96; 5188 src tok/s; 5374 tgt tok/s;     24 s elapsed
Epoch 11,   200/  454; acc:  83.35; ppl:   1.97; 5205 src tok/s; 5417 tgt tok/s;     32 s elapsed
Epoch 11,   250/  454; acc:  84.34; ppl:   1.87; 5052 src tok/s; 5280 tgt tok/s;     40 s elapsed
Epoch 11,   300/  454; acc:  82.04; ppl:   2.12; 5149 src tok/s; 5319 tgt tok/s;     49 s elapsed
Epoch 11,   350/  454; acc:  83.46; ppl:   1.97; 5180 src tok/s; 5347 tgt tok/s;     57 s elapsed
Epoch 11,   400/  454; acc:  82.84; ppl:   2.00; 5101 src tok/s; 5305 tgt tok/s;     65 s elapsed
Epoch 11,   450/  454; acc:  83.61; ppl:   1.96; 5133 src tok/s; 5332 tgt tok/s;     73 s elapsed
Train perplexity: 1.97937
Train accuracy: 83.3081
Validation perplexity: 6.19848
Validation accuracy: 69.1784
Decaying learning rate to 0.0625

Epoch 12,    50/  454; acc:  84.78; ppl:   1.87; 5217 src tok/s; 5365 tgt tok/s;      8 s elapsed
Epoch 12,   100/  454; acc:  84.70; ppl:   1.87; 5112 src tok/s; 5351 tgt tok/s;     16 s elapsed
Epoch 12,   150/  454; acc:  83.74; ppl:   1.98; 5152 src tok/s; 5345 tgt tok/s;     25 s elapsed
Epoch 12,   200/  454; acc:  84.59; ppl:   1.84; 5088 src tok/s; 5296 tgt tok/s;     33 s elapsed
Epoch 12,   250/  454; acc:  83.70; ppl:   1.99; 5156 src tok/s; 5327 tgt tok/s;     41 s elapsed
Epoch 12,   300/  454; acc:  85.48; ppl:   1.80; 5035 src tok/s; 5250 tgt tok/s;     49 s elapsed
Epoch 12,   350/  454; acc:  84.09; ppl:   1.92; 5157 src tok/s; 5359 tgt tok/s;     57 s elapsed
Epoch 12,   400/  454; acc:  84.96; ppl:   1.83; 5184 src tok/s; 5391 tgt tok/s;     65 s elapsed
Epoch 12,   450/  454; acc:  83.96; ppl:   1.93; 5147 src tok/s; 5302 tgt tok/s;     74 s elapsed
Train perplexity: 1.89084
Train accuracy: 84.4645
Validation perplexity: 6.1936
Validation accuracy: 69.6041
Decaying learning rate to 0.03125

Epoch 13,    50/  454; acc:  84.91; ppl:   1.87; 5153 src tok/s; 5330 tgt tok/s;      8 s elapsed
Epoch 13,   100/  454; acc:  85.25; ppl:   1.82; 5349 src tok/s; 5566 tgt tok/s;     16 s elapsed
Epoch 13,   150/  454; acc:  85.31; ppl:   1.81; 5091 src tok/s; 5310 tgt tok/s;     24 s elapsed
Epoch 13,   200/  454; acc:  84.53; ppl:   1.89; 5230 src tok/s; 5381 tgt tok/s;     32 s elapsed
Epoch 13,   250/  454; acc:  84.28; ppl:   1.90; 5120 src tok/s; 5291 tgt tok/s;     41 s elapsed
Epoch 13,   300/  454; acc:  85.26; ppl:   1.79; 5025 src tok/s; 5261 tgt tok/s;     49 s elapsed
Epoch 13,   350/  454; acc:  84.83; ppl:   1.87; 5084 src tok/s; 5282 tgt tok/s;     57 s elapsed
Epoch 13,   400/  454; acc:  85.43; ppl:   1.79; 5118 src tok/s; 5307 tgt tok/s;     65 s elapsed
Epoch 13,   450/  454; acc:  84.81; ppl:   1.86; 5063 src tok/s; 5250 tgt tok/s;     73 s elapsed
Train perplexity: 1.8441
Train accuracy: 84.9624
Validation perplexity: 6.22715
Validation accuracy: 69.6183
Decaying learning rate to 0.015625

Epoch 14,    50/  454; acc:  85.40; ppl:   1.80; 5132 src tok/s; 5372 tgt tok/s;      8 s elapsed
Epoch 14,   100/  454; acc:  84.84; ppl:   1.87; 5150 src tok/s; 5314 tgt tok/s;     16 s elapsed
Epoch 14,   150/  454; acc:  84.90; ppl:   1.86; 5168 src tok/s; 5364 tgt tok/s;     25 s elapsed
Epoch 14,   200/  454; acc:  85.83; ppl:   1.77; 5173 src tok/s; 5379 tgt tok/s;     33 s elapsed
Epoch 14,   250/  454; acc:  85.90; ppl:   1.77; 5195 src tok/s; 5396 tgt tok/s;     41 s elapsed
Epoch 14,   300/  454; acc:  85.16; ppl:   1.84; 5074 src tok/s; 5291 tgt tok/s;     49 s elapsed
Epoch 14,   350/  454; acc:  86.09; ppl:   1.74; 5028 src tok/s; 5213 tgt tok/s;     57 s elapsed
Epoch 14,   400/  454; acc:  84.11; ppl:   1.91; 5178 src tok/s; 5377 tgt tok/s;     65 s elapsed
Epoch 14,   450/  454; acc:  85.01; ppl:   1.83; 5099 src tok/s; 5255 tgt tok/s;     73 s elapsed
Train perplexity: 1.82111
Train accuracy: 85.2273
Validation perplexity: 6.25566
Validation accuracy: 69.5048
Decaying learning rate to 0.0078125

Epoch 15,    50/  454; acc:  85.48; ppl:   1.81; 5258 src tok/s; 5454 tgt tok/s;      8 s elapsed
Epoch 15,   100/  454; acc:  85.18; ppl:   1.83; 5154 src tok/s; 5371 tgt tok/s;     16 s elapsed
Epoch 15,   150/  454; acc:  85.70; ppl:   1.79; 5120 src tok/s; 5327 tgt tok/s;     24 s elapsed
Epoch 15,   200/  454; acc:  84.75; ppl:   1.85; 5115 src tok/s; 5298 tgt tok/s;     33 s elapsed
Epoch 15,   250/  454; acc:  86.12; ppl:   1.76; 5005 src tok/s; 5247 tgt tok/s;     41 s elapsed
Epoch 15,   300/  454; acc:  85.13; ppl:   1.81; 5238 src tok/s; 5393 tgt tok/s;     49 s elapsed
Epoch 15,   350/  454; acc:  86.27; ppl:   1.75; 5022 src tok/s; 5228 tgt tok/s;     57 s elapsed
Epoch 15,   400/  454; acc:  84.38; ppl:   1.89; 5221 src tok/s; 5365 tgt tok/s;     66 s elapsed
Epoch 15,   450/  454; acc:  85.47; ppl:   1.81; 5020 src tok/s; 5216 tgt tok/s;     74 s elapsed
Train perplexity: 1.81188
Train accuracy: 85.3792
Validation perplexity: 6.259
Validation accuracy: 69.6041
Decaying learning rate to 0.00390625

Epoch 16,    50/  454; acc:  86.08; ppl:   1.76; 5122 src tok/s; 5317 tgt tok/s;      8 s elapsed
Epoch 16,   100/  454; acc:  85.10; ppl:   1.85; 5005 src tok/s; 5215 tgt tok/s;     17 s elapsed
Epoch 16,   150/  454; acc:  86.43; ppl:   1.73; 5150 src tok/s; 5388 tgt tok/s;     24 s elapsed
Epoch 16,   200/  454; acc:  84.55; ppl:   1.89; 5096 src tok/s; 5247 tgt tok/s;     33 s elapsed
Epoch 16,   250/  454; acc:  86.12; ppl:   1.74; 5157 src tok/s; 5353 tgt tok/s;     41 s elapsed
Epoch 16,   300/  454; acc:  84.62; ppl:   1.87; 5167 src tok/s; 5342 tgt tok/s;     49 s elapsed
Epoch 16,   350/  454; acc:  85.58; ppl:   1.79; 5279 src tok/s; 5467 tgt tok/s;     57 s elapsed
Epoch 16,   400/  454; acc:  85.12; ppl:   1.84; 4986 src tok/s; 5191 tgt tok/s;     66 s elapsed
Epoch 16,   450/  454; acc:  85.54; ppl:   1.79; 4998 src tok/s; 5183 tgt tok/s;     74 s elapsed
Train perplexity: 1.80642
Train accuracy: 85.451
Validation perplexity: 6.26457
Validation accuracy: 69.5686
Decaying learning rate to 0.00195312

Epoch 17,    50/  454; acc:  85.00; ppl:   1.85; 5245 src tok/s; 5403 tgt tok/s;      8 s elapsed
Epoch 17,   100/  454; acc:  86.26; ppl:   1.73; 5247 src tok/s; 5467 tgt tok/s;     16 s elapsed
Epoch 17,   150/  454; acc:  86.69; ppl:   1.70; 5184 src tok/s; 5403 tgt tok/s;     24 s elapsed
Epoch 17,   200/  454; acc:  84.31; ppl:   1.90; 5126 src tok/s; 5300 tgt tok/s;     32 s elapsed
Epoch 17,   250/  454; acc:  84.96; ppl:   1.85; 5107 src tok/s; 5334 tgt tok/s;     41 s elapsed
Epoch 17,   300/  454; acc:  85.95; ppl:   1.77; 5039 src tok/s; 5224 tgt tok/s;     49 s elapsed
Epoch 17,   350/  454; acc:  85.18; ppl:   1.83; 5002 src tok/s; 5204 tgt tok/s;     57 s elapsed
Epoch 17,   400/  454; acc:  85.70; ppl:   1.79; 5093 src tok/s; 5278 tgt tok/s;     65 s elapsed
Epoch 17,   450/  454; acc:  85.16; ppl:   1.82; 4992 src tok/s; 5168 tgt tok/s;     74 s elapsed
Train perplexity: 1.80383
Train accuracy: 85.4602
Validation perplexity: 6.26833
Validation accuracy: 69.5757
Decaying learning rate to 0.000976562
