<module 'opts' from '/u/suhubdyd/research/projects/jumble_lstm/code/auxiliary-nmt/opts.pyc'>
Namespace(batch_size=64, brnn=False, brnn_merge='concat', cnn_kernel_width=3, context_gate=None, copy_attn=False, copy_attn_force=False, coverage_attn=False, data='/data/lisatmp3/suhubdyd/multi30k.atok.low', dec_layers=1, decay_method='', decoder_type='rnn', dropout=0.3, enc_layers=2, encoder_type='rnn', epochs=17, exp='', exp_host='', feat_merge='concat', feat_vec_exponent=0.7, feat_vec_size=-1, fix_word_vecs_dec=False, fix_word_vecs_enc=False, global_attention='general', gpuid=[0], input_feed=1, kappa_dec=0.6, kappa_enc=0.5, lambda_coverage=1, layers=-1, learning_rate=1.0, learning_rate_decay=0.5, max_generator_batches=32, max_grad_norm=5, model_type='text', optim='sgd', param_init=0.1, position_encoding=False, pre_word_vecs_dec=None, pre_word_vecs_enc=None, report_every=50, rnn_size=500, rnn_type='LSTM', save_model='/data/lisatmp3/suhubdyd/models/seeds/encoder0.5decoder0.6dropout0.3wdropFalseseed3', seed=3, share_decoder_embeddings=False, share_embeddings=False, src_word_vec_size=500, start_checkpoint_at=0, start_decay_at=8, start_epoch=1, tgt_word_vec_size=500, train_from='', truncated_decoder=0, warmup_steps=4000, weightdropout=False, word_vec_size=-1)
('Using Kappa L2 loss on encoder', 0.5)
('Using Kappa L2 loss on decoder', 0.6)
Loading train and validate data from '/data/lisatmp3/suhubdyd/multi30k.atok.low'
 * number of training sentences: 29000
 * maximum batch size: 64
 * vocabulary size. source = 10841; target = 18563
Building model...
Intializing model parameters.
NMTModel (
  (encoder): RNNEncoder (
    (embeddings): Embeddings (
      (make_embedding): Sequential (
        (emb_luts): Elementwise (
          (0): Embedding(10841, 500, padding_idx=1)
        )
      )
    )
    (dropout): Dropout (p = 0.3)
    (rnn): LSTM(500, 500, dropout=0.3)
  )
  (decoder): InputFeedRNNDecoder (
    (embeddings): Embeddings (
      (make_embedding): Sequential (
        (emb_luts): Elementwise (
          (0): Embedding(18563, 500, padding_idx=1)
        )
      )
    )
    (dropout): Dropout (p = 0.3)
    (rnn): StackedLSTM (
      (dropout): Dropout (p = 0.3)
      (layers): ModuleList (
        (0): LSTMCell(1000, 500)
      )
    )
    (attn): GlobalAttention (
      (linear_in): Linear (500 -> 500)
      (linear_out): Linear (1000 -> 500)
      (sm): Softmax ()
      (tanh): Tanh ()
    )
  )
  (generator): Sequential (
    (0): Linear (500 -> 18563)
    (1): LogSoftmax ()
  )
)
* number of parameters: 29760063
('encoder: ', 7424500)
('decoder: ', 22335563)

Epoch  1,    50/  454; acc:  10.16; ppl: 14150.09; 3238 src tok/s; 3385 tgt tok/s;     12 s elapsed
Epoch  1,   100/  454; acc:  14.58; ppl: 1538.78; 3425 src tok/s; 3531 tgt tok/s;     25 s elapsed
Epoch  1,   150/  454; acc:  17.96; ppl: 518.89; 3343 src tok/s; 3458 tgt tok/s;     38 s elapsed
Epoch  1,   200/  454; acc:  21.74; ppl: 262.12; 3119 src tok/s; 3257 tgt tok/s;     51 s elapsed
Epoch  1,   250/  454; acc:  25.34; ppl: 158.50; 3163 src tok/s; 3292 tgt tok/s;     64 s elapsed
Epoch  1,   300/  454; acc:  26.88; ppl: 125.22; 3177 src tok/s; 3287 tgt tok/s;     78 s elapsed
Epoch  1,   350/  454; acc:  29.96; ppl:  93.88; 3142 src tok/s; 3258 tgt tok/s;     91 s elapsed
Epoch  1,   400/  454; acc:  31.92; ppl:  74.81; 3093 src tok/s; 3212 tgt tok/s;    104 s elapsed
Epoch  1,   450/  454; acc:  32.95; ppl:  68.55; 3149 src tok/s; 3258 tgt tok/s;    118 s elapsed
Train perplexity: 307.199
Train accuracy: 23.5821
Validation perplexity: 65.6913
Validation accuracy: 31.8291

Epoch  2,    50/  454; acc:  34.05; ppl:  59.84; 3194 src tok/s; 3302 tgt tok/s;     14 s elapsed
Epoch  2,   100/  454; acc:  38.25; ppl:  47.26; 3185 src tok/s; 3328 tgt tok/s;     26 s elapsed
Epoch  2,   150/  454; acc:  40.43; ppl:  40.04; 3144 src tok/s; 3263 tgt tok/s;     40 s elapsed
Epoch  2,   200/  454; acc:  42.96; ppl:  34.21; 3088 src tok/s; 3197 tgt tok/s;     53 s elapsed
Epoch  2,   250/  454; acc:  44.44; ppl:  29.42; 3148 src tok/s; 3245 tgt tok/s;     67 s elapsed
Epoch  2,   300/  454; acc:  48.19; ppl:  23.32; 3077 src tok/s; 3214 tgt tok/s;     80 s elapsed
Epoch  2,   350/  454; acc:  48.97; ppl:  22.03; 3164 src tok/s; 3271 tgt tok/s;     94 s elapsed
Epoch  2,   400/  454; acc:  50.82; ppl:  19.47; 3112 src tok/s; 3250 tgt tok/s;    107 s elapsed
Epoch  2,   450/  454; acc:  52.62; ppl:  17.84; 3112 src tok/s; 3224 tgt tok/s;    120 s elapsed
Train perplexity: 30.1203
Train accuracy: 44.5131
Validation perplexity: 17.024
Validation accuracy: 52.0292

Epoch  3,    50/  454; acc:  54.92; ppl:  14.53; 3141 src tok/s; 3272 tgt tok/s;     13 s elapsed
Epoch  3,   100/  454; acc:  53.92; ppl:  14.94; 3255 src tok/s; 3359 tgt tok/s;     26 s elapsed
Epoch  3,   150/  454; acc:  55.68; ppl:  13.41; 3184 src tok/s; 3314 tgt tok/s;     39 s elapsed
Epoch  3,   200/  454; acc:  56.32; ppl:  12.87; 3126 src tok/s; 3249 tgt tok/s;     53 s elapsed
Epoch  3,   250/  454; acc:  56.96; ppl:  12.29; 3174 src tok/s; 3302 tgt tok/s;     66 s elapsed
Epoch  3,   300/  454; acc:  57.31; ppl:  11.83; 3171 src tok/s; 3301 tgt tok/s;     79 s elapsed
Epoch  3,   350/  454; acc:  58.10; ppl:  11.59; 3144 src tok/s; 3266 tgt tok/s;     92 s elapsed
Epoch  3,   400/  454; acc:  57.86; ppl:  11.53; 3208 src tok/s; 3311 tgt tok/s;    106 s elapsed
Epoch  3,   450/  454; acc:  59.53; ppl:  10.55; 3090 src tok/s; 3202 tgt tok/s;    119 s elapsed
Train perplexity: 12.5516
Train accuracy: 56.7145
Validation perplexity: 10.4652
Validation accuracy: 59.9404

Epoch  4,    50/  454; acc:  61.75; ppl:   8.43; 3094 src tok/s; 3214 tgt tok/s;     13 s elapsed
Epoch  4,   100/  454; acc:  61.59; ppl:   8.50; 3184 src tok/s; 3300 tgt tok/s;     27 s elapsed
Epoch  4,   150/  454; acc:  61.15; ppl:   8.90; 3204 src tok/s; 3322 tgt tok/s;     40 s elapsed
Epoch  4,   200/  454; acc:  61.90; ppl:   8.47; 3170 src tok/s; 3278 tgt tok/s;     53 s elapsed
Epoch  4,   250/  454; acc:  62.79; ppl:   7.95; 3202 src tok/s; 3333 tgt tok/s;     66 s elapsed
Epoch  4,   300/  454; acc:  61.67; ppl:   8.42; 3184 src tok/s; 3289 tgt tok/s;     79 s elapsed
Epoch  4,   350/  454; acc:  62.84; ppl:   7.96; 3114 src tok/s; 3248 tgt tok/s;     93 s elapsed
Epoch  4,   400/  454; acc:  62.00; ppl:   8.19; 3198 src tok/s; 3317 tgt tok/s;    106 s elapsed
Epoch  4,   450/  454; acc:  62.82; ppl:   7.91; 3121 src tok/s; 3244 tgt tok/s;    119 s elapsed
Train perplexity: 8.29639
Train accuracy: 62.0642
Validation perplexity: 8.14717
Validation accuracy: 63.8712

Epoch  5,    50/  454; acc:  65.58; ppl:   6.27; 3175 src tok/s; 3274 tgt tok/s;     14 s elapsed
Epoch  5,   100/  454; acc:  65.06; ppl:   6.46; 3100 src tok/s; 3227 tgt tok/s;     27 s elapsed
Epoch  5,   150/  454; acc:  64.69; ppl:   6.56; 3175 src tok/s; 3278 tgt tok/s;     41 s elapsed
Epoch  5,   200/  454; acc:  65.96; ppl:   6.07; 3111 src tok/s; 3260 tgt tok/s;     54 s elapsed
Epoch  5,   250/  454; acc:  65.55; ppl:   6.16; 3135 src tok/s; 3262 tgt tok/s;     67 s elapsed
Epoch  5,   300/  454; acc:  65.16; ppl:   6.44; 3227 src tok/s; 3345 tgt tok/s;     80 s elapsed
Epoch  5,   350/  454; acc:  65.57; ppl:   6.31; 3219 src tok/s; 3343 tgt tok/s;     93 s elapsed
Epoch  5,   400/  454; acc:  65.90; ppl:   6.09; 3255 src tok/s; 3370 tgt tok/s;    106 s elapsed
Epoch  5,   450/  454; acc:  65.41; ppl:   6.25; 3087 src tok/s; 3198 tgt tok/s;    119 s elapsed
Train perplexity: 6.28234
Train accuracy: 65.449
Validation perplexity: 7.347
Validation accuracy: 65.2689

Epoch  6,    50/  454; acc:  69.11; ppl:   4.71; 3230 src tok/s; 3339 tgt tok/s;     13 s elapsed
Epoch  6,   100/  454; acc:  67.46; ppl:   5.18; 3218 src tok/s; 3319 tgt tok/s;     26 s elapsed
Epoch  6,   150/  454; acc:  67.74; ppl:   5.17; 3179 src tok/s; 3292 tgt tok/s;     40 s elapsed
Epoch  6,   200/  454; acc:  68.69; ppl:   4.89; 3189 src tok/s; 3300 tgt tok/s;     53 s elapsed
Epoch  6,   250/  454; acc:  67.40; ppl:   5.27; 3163 src tok/s; 3282 tgt tok/s;     66 s elapsed
Epoch  6,   300/  454; acc:  68.52; ppl:   5.01; 3145 src tok/s; 3277 tgt tok/s;     79 s elapsed
Epoch  6,   350/  454; acc:  67.14; ppl:   5.34; 3181 src tok/s; 3305 tgt tok/s;     93 s elapsed
Epoch  6,   400/  454; acc:  67.93; ppl:   5.00; 3070 src tok/s; 3222 tgt tok/s;    106 s elapsed
Epoch  6,   450/  454; acc:  67.08; ppl:   5.32; 3130 src tok/s; 3244 tgt tok/s;    119 s elapsed
Train perplexity: 5.0929
Train accuracy: 67.9076
Validation perplexity: 6.78191
Validation accuracy: 66.2622

Epoch  7,    50/  454; acc:  71.61; ppl:   3.97; 3179 src tok/s; 3307 tgt tok/s;     13 s elapsed
Epoch  7,   100/  454; acc:  70.37; ppl:   4.18; 3217 src tok/s; 3327 tgt tok/s;     26 s elapsed
Epoch  7,   150/  454; acc:  69.98; ppl:   4.29; 3173 src tok/s; 3293 tgt tok/s;     39 s elapsed
Epoch  7,   200/  454; acc:  70.11; ppl:   4.27; 3203 src tok/s; 3319 tgt tok/s;     53 s elapsed
Epoch  7,   250/  454; acc:  69.15; ppl:   4.52; 3235 src tok/s; 3336 tgt tok/s;     66 s elapsed
Epoch  7,   300/  454; acc:  70.45; ppl:   4.27; 3090 src tok/s; 3230 tgt tok/s;     79 s elapsed
Epoch  7,   350/  454; acc:  70.34; ppl:   4.26; 3235 src tok/s; 3353 tgt tok/s;     92 s elapsed
Epoch  7,   400/  454; acc:  69.31; ppl:   4.51; 3140 src tok/s; 3268 tgt tok/s;    105 s elapsed
Epoch  7,   450/  454; acc:  69.30; ppl:   4.41; 3129 src tok/s; 3239 tgt tok/s;    119 s elapsed
Train perplexity: 4.29276
Train accuracy: 70.0805
Validation perplexity: 6.65956
Validation accuracy: 66.6596

Epoch  8,    50/  454; acc:  73.11; ppl:   3.44; 3087 src tok/s; 3216 tgt tok/s;     13 s elapsed
Epoch  8,   100/  454; acc:  72.21; ppl:   3.64; 3237 src tok/s; 3342 tgt tok/s;     27 s elapsed
Epoch  8,   150/  454; acc:  71.95; ppl:   3.70; 3108 src tok/s; 3221 tgt tok/s;     40 s elapsed
Epoch  8,   200/  454; acc:  72.03; ppl:   3.67; 3189 src tok/s; 3310 tgt tok/s;     53 s elapsed
Epoch  8,   250/  454; acc:  72.96; ppl:   3.47; 3191 src tok/s; 3337 tgt tok/s;     66 s elapsed
Epoch  8,   300/  454; acc:  71.11; ppl:   3.95; 3173 src tok/s; 3270 tgt tok/s;     80 s elapsed
Epoch  8,   350/  454; acc:  71.08; ppl:   3.82; 3196 src tok/s; 3326 tgt tok/s;     93 s elapsed
Epoch  8,   400/  454; acc:  70.78; ppl:   3.95; 3115 src tok/s; 3234 tgt tok/s;    106 s elapsed
Epoch  8,   450/  454; acc:  71.11; ppl:   3.90; 3168 src tok/s; 3282 tgt tok/s;    119 s elapsed
Train perplexity: 3.72014
Train accuracy: 71.8251
Validation perplexity: 6.25483
Validation accuracy: 67.9296
Decaying learning rate to 0.5

Epoch  9,    50/  454; acc:  75.59; ppl:   2.96; 3166 src tok/s; 3293 tgt tok/s;     13 s elapsed
Epoch  9,   100/  454; acc:  76.54; ppl:   2.79; 3130 src tok/s; 3248 tgt tok/s;     27 s elapsed
Epoch  9,   150/  454; acc:  77.95; ppl:   2.63; 3175 src tok/s; 3306 tgt tok/s;     39 s elapsed
Epoch  9,   200/  454; acc:  75.67; ppl:   2.96; 3203 src tok/s; 3310 tgt tok/s;     53 s elapsed
Epoch  9,   250/  454; acc:  75.78; ppl:   2.94; 3216 src tok/s; 3318 tgt tok/s;     66 s elapsed
Epoch  9,   300/  454; acc:  77.59; ppl:   2.68; 3167 src tok/s; 3296 tgt tok/s;     79 s elapsed
Epoch  9,   350/  454; acc:  77.74; ppl:   2.63; 3150 src tok/s; 3281 tgt tok/s;     92 s elapsed
Epoch  9,   400/  454; acc:  76.06; ppl:   2.88; 3123 src tok/s; 3233 tgt tok/s;    106 s elapsed
Epoch  9,   450/  454; acc:  77.26; ppl:   2.72; 3163 src tok/s; 3299 tgt tok/s;    119 s elapsed
Train perplexity: 2.8103
Train accuracy: 76.5987
Validation perplexity: 6.01023
Validation accuracy: 69.1997
Decaying learning rate to 0.25

Epoch 10,    50/  454; acc:  80.10; ppl:   2.33; 3233 src tok/s; 3360 tgt tok/s;     13 s elapsed
Epoch 10,   100/  454; acc:  80.59; ppl:   2.27; 3131 src tok/s; 3243 tgt tok/s;     26 s elapsed
Epoch 10,   150/  454; acc:  80.51; ppl:   2.26; 3131 src tok/s; 3270 tgt tok/s;     39 s elapsed
Epoch 10,   200/  454; acc:  79.96; ppl:   2.38; 3173 src tok/s; 3286 tgt tok/s;     53 s elapsed
Epoch 10,   250/  454; acc:  80.27; ppl:   2.29; 3166 src tok/s; 3288 tgt tok/s;     66 s elapsed
Epoch 10,   300/  454; acc:  79.28; ppl:   2.44; 3147 src tok/s; 3271 tgt tok/s;     80 s elapsed
Epoch 10,   350/  454; acc:  80.71; ppl:   2.21; 3170 src tok/s; 3308 tgt tok/s;     92 s elapsed
Epoch 10,   400/  454; acc:  79.00; ppl:   2.46; 3218 src tok/s; 3306 tgt tok/s;    106 s elapsed
Epoch 10,   450/  454; acc:  79.87; ppl:   2.33; 3152 src tok/s; 3263 tgt tok/s;    119 s elapsed
Train perplexity: 2.32962
Train accuracy: 80.0224
Validation perplexity: 6.03745
Validation accuracy: 69.6538
Decaying learning rate to 0.125

Epoch 11,    50/  454; acc:  82.48; ppl:   2.07; 3154 src tok/s; 3264 tgt tok/s;     13 s elapsed
Epoch 11,   100/  454; acc:  82.39; ppl:   2.09; 3212 src tok/s; 3335 tgt tok/s;     26 s elapsed
Epoch 11,   150/  454; acc:  81.29; ppl:   2.19; 3138 src tok/s; 3255 tgt tok/s;     40 s elapsed
Epoch 11,   200/  454; acc:  82.88; ppl:   2.02; 3182 src tok/s; 3323 tgt tok/s;     53 s elapsed
Epoch 11,   250/  454; acc:  82.72; ppl:   2.06; 3179 src tok/s; 3315 tgt tok/s;     65 s elapsed
Epoch 11,   300/  454; acc:  81.18; ppl:   2.21; 3208 src tok/s; 3315 tgt tok/s;     79 s elapsed
Epoch 11,   350/  454; acc:  82.14; ppl:   2.11; 3168 src tok/s; 3300 tgt tok/s;     92 s elapsed
Epoch 11,   400/  454; acc:  81.71; ppl:   2.15; 3158 src tok/s; 3258 tgt tok/s;    106 s elapsed
Epoch 11,   450/  454; acc:  81.82; ppl:   2.14; 3117 src tok/s; 3230 tgt tok/s;    119 s elapsed
Train perplexity: 2.11178
Train accuracy: 82.0848
Validation perplexity: 6.12836
Validation accuracy: 69.5331
Decaying learning rate to 0.0625

Epoch 12,    50/  454; acc:  84.08; ppl:   1.92; 3114 src tok/s; 3266 tgt tok/s;     13 s elapsed
Epoch 12,   100/  454; acc:  82.37; ppl:   2.10; 3203 src tok/s; 3303 tgt tok/s;     27 s elapsed
Epoch 12,   150/  454; acc:  83.11; ppl:   2.01; 3161 src tok/s; 3269 tgt tok/s;     40 s elapsed
Epoch 12,   200/  454; acc:  83.49; ppl:   1.98; 3191 src tok/s; 3328 tgt tok/s;     53 s elapsed
Epoch 12,   250/  454; acc:  83.39; ppl:   1.98; 3203 src tok/s; 3312 tgt tok/s;     66 s elapsed
Epoch 12,   300/  454; acc:  83.14; ppl:   2.01; 3187 src tok/s; 3318 tgt tok/s;     79 s elapsed
Epoch 12,   350/  454; acc:  82.31; ppl:   2.11; 3103 src tok/s; 3216 tgt tok/s;     93 s elapsed
Epoch 12,   400/  454; acc:  83.55; ppl:   1.96; 3137 src tok/s; 3249 tgt tok/s;    106 s elapsed
Epoch 12,   450/  454; acc:  83.05; ppl:   2.02; 3124 src tok/s; 3242 tgt tok/s;    119 s elapsed
Train perplexity: 2.0124
Train accuracy: 83.1341
Validation perplexity: 6.21364
Validation accuracy: 69.8028
Decaying learning rate to 0.03125

Epoch 13,    50/  454; acc:  83.25; ppl:   2.02; 3185 src tok/s; 3271 tgt tok/s;     14 s elapsed
Epoch 13,   100/  454; acc:  84.14; ppl:   1.91; 3137 src tok/s; 3269 tgt tok/s;     27 s elapsed
Epoch 13,   150/  454; acc:  84.56; ppl:   1.88; 3140 src tok/s; 3278 tgt tok/s;     39 s elapsed
Epoch 13,   200/  454; acc:  82.88; ppl:   2.03; 3176 src tok/s; 3280 tgt tok/s;     53 s elapsed
Epoch 13,   250/  454; acc:  84.21; ppl:   1.91; 3129 src tok/s; 3255 tgt tok/s;     66 s elapsed
Epoch 13,   300/  454; acc:  83.36; ppl:   1.97; 3175 src tok/s; 3292 tgt tok/s;     80 s elapsed
Epoch 13,   350/  454; acc:  83.91; ppl:   1.94; 3075 src tok/s; 3230 tgt tok/s;     93 s elapsed
Epoch 13,   400/  454; acc:  83.29; ppl:   2.00; 3225 src tok/s; 3309 tgt tok/s;    106 s elapsed
Epoch 13,   450/  454; acc:  83.63; ppl:   1.97; 3087 src tok/s; 3217 tgt tok/s;    120 s elapsed
Train perplexity: 1.95984
Train accuracy: 83.6791
Validation perplexity: 6.28812
Validation accuracy: 69.6254
Decaying learning rate to 0.015625

Epoch 14,    50/  454; acc:  83.42; ppl:   1.98; 3181 src tok/s; 3290 tgt tok/s;     14 s elapsed
Epoch 14,   100/  454; acc:  84.43; ppl:   1.88; 3139 src tok/s; 3301 tgt tok/s;     26 s elapsed
Epoch 14,   150/  454; acc:  84.93; ppl:   1.86; 3119 src tok/s; 3259 tgt tok/s;     39 s elapsed
Epoch 14,   200/  454; acc:  83.51; ppl:   1.98; 3163 src tok/s; 3252 tgt tok/s;     53 s elapsed
Epoch 14,   250/  454; acc:  84.74; ppl:   1.87; 3189 src tok/s; 3308 tgt tok/s;     66 s elapsed
Epoch 14,   300/  454; acc:  83.30; ppl:   1.99; 3164 src tok/s; 3261 tgt tok/s;     80 s elapsed
Epoch 14,   350/  454; acc:  82.61; ppl:   2.06; 3134 src tok/s; 3237 tgt tok/s;     94 s elapsed
Epoch 14,   400/  454; acc:  85.02; ppl:   1.84; 3121 src tok/s; 3270 tgt tok/s;    106 s elapsed
Epoch 14,   450/  454; acc:  83.73; ppl:   1.95; 3179 src tok/s; 3294 tgt tok/s;    119 s elapsed
Train perplexity: 1.93782
Train accuracy: 83.919
Validation perplexity: 6.31359
Validation accuracy: 69.5544
Decaying learning rate to 0.0078125

Epoch 15,    50/  454; acc:  83.70; ppl:   1.99; 3135 src tok/s; 3242 tgt tok/s;     14 s elapsed
Epoch 15,   100/  454; acc:  84.66; ppl:   1.89; 3144 src tok/s; 3266 tgt tok/s;     27 s elapsed
Epoch 15,   150/  454; acc:  83.77; ppl:   1.94; 3192 src tok/s; 3298 tgt tok/s;     40 s elapsed
Epoch 15,   200/  454; acc:  84.43; ppl:   1.87; 3165 src tok/s; 3303 tgt tok/s;     53 s elapsed
Epoch 15,   250/  454; acc:  83.64; ppl:   1.97; 3163 src tok/s; 3264 tgt tok/s;     67 s elapsed
Epoch 15,   300/  454; acc:  84.85; ppl:   1.86; 3142 src tok/s; 3279 tgt tok/s;     80 s elapsed
Epoch 15,   350/  454; acc:  83.74; ppl:   1.97; 3194 src tok/s; 3312 tgt tok/s;     93 s elapsed
Epoch 15,   400/  454; acc:  84.31; ppl:   1.88; 3086 src tok/s; 3222 tgt tok/s;    106 s elapsed
Epoch 15,   450/  454; acc:  84.68; ppl:   1.86; 3138 src tok/s; 3264 tgt tok/s;    119 s elapsed
Train perplexity: 1.92608
Train accuracy: 84.0871
Validation perplexity: 6.3325
Validation accuracy: 69.5757
Decaying learning rate to 0.00390625

Epoch 16,    50/  454; acc:  84.80; ppl:   1.86; 3163 src tok/s; 3289 tgt tok/s;     13 s elapsed
Epoch 16,   100/  454; acc:  83.81; ppl:   1.92; 3159 src tok/s; 3284 tgt tok/s;     26 s elapsed
Epoch 16,   150/  454; acc:  83.27; ppl:   2.01; 3214 src tok/s; 3314 tgt tok/s;     40 s elapsed
Epoch 16,   200/  454; acc:  84.94; ppl:   1.83; 3188 src tok/s; 3329 tgt tok/s;     53 s elapsed
Epoch 16,   250/  454; acc:  83.50; ppl:   1.99; 3088 src tok/s; 3200 tgt tok/s;     66 s elapsed
Epoch 16,   300/  454; acc:  84.48; ppl:   1.89; 3155 src tok/s; 3275 tgt tok/s;     80 s elapsed
Epoch 16,   350/  454; acc:  83.69; ppl:   1.96; 3218 src tok/s; 3312 tgt tok/s;     93 s elapsed
Epoch 16,   400/  454; acc:  84.62; ppl:   1.89; 3121 src tok/s; 3260 tgt tok/s;    106 s elapsed
Epoch 16,   450/  454; acc:  84.14; ppl:   1.91; 3109 src tok/s; 3234 tgt tok/s;    119 s elapsed
Train perplexity: 1.91979
Train accuracy: 84.1212
Validation perplexity: 6.34032
Validation accuracy: 69.5544
Decaying learning rate to 0.00195312

Epoch 17,    50/  454; acc:  84.98; ppl:   1.85; 3176 src tok/s; 3303 tgt tok/s;     13 s elapsed
Epoch 17,   100/  454; acc:  83.48; ppl:   2.01; 3261 src tok/s; 3365 tgt tok/s;     26 s elapsed
Epoch 17,   150/  454; acc:  83.34; ppl:   2.01; 3186 src tok/s; 3278 tgt tok/s;     40 s elapsed
Epoch 17,   200/  454; acc:  85.29; ppl:   1.81; 3138 src tok/s; 3273 tgt tok/s;     53 s elapsed
Epoch 17,   250/  454; acc:  85.29; ppl:   1.82; 3192 src tok/s; 3328 tgt tok/s;     65 s elapsed
Epoch 17,   300/  454; acc:  82.82; ppl:   2.04; 3132 src tok/s; 3230 tgt tok/s;     79 s elapsed
Epoch 17,   350/  454; acc:  84.11; ppl:   1.93; 3188 src tok/s; 3308 tgt tok/s;     92 s elapsed
Epoch 17,   400/  454; acc:  84.47; ppl:   1.87; 3099 src tok/s; 3230 tgt tok/s;    106 s elapsed
Epoch 17,   450/  454; acc:  83.82; ppl:   1.92; 3103 src tok/s; 3238 tgt tok/s;    119 s elapsed
Train perplexity: 1.91612
Train accuracy: 84.17
Validation perplexity: 6.34284
Validation accuracy: 69.5402
Decaying learning rate to 0.000976562
