<module 'opts' from '/u/suhubdyd/research/projects/jumble_lstm/code/auxiliary-nmt/opts.pyc'>
Namespace(batch_size=64, brnn=False, brnn_merge='concat', cnn_kernel_width=3, context_gate=None, copy_attn=False, copy_attn_force=False, coverage_attn=False, data='/data/lisatmp3/suhubdyd/multi30k.atok.low', dec_layers=1, decay_method='', decoder_type='rnn', dropout=0.3, enc_layers=2, encoder_type='rnn', epochs=17, exp='', exp_host='', feat_merge='concat', feat_vec_exponent=0.7, feat_vec_size=-1, fix_word_vecs_dec=False, fix_word_vecs_enc=False, global_attention='general', gpuid=[0], input_feed=1, kappa_dec=0.25, kappa_enc=0.15, lambda_coverage=1, layers=-1, learning_rate=1.0, learning_rate_decay=0.5, max_generator_batches=32, max_grad_norm=5, model_type='text', optim='sgd', param_init=0.1, position_encoding=False, pre_word_vecs_dec=None, pre_word_vecs_enc=None, report_every=50, rnn_size=500, rnn_type='LSTM', save_model='/data/lisatmp3/suhubdyd/models/encoder0.15decoder0.25dropout0.3wdropFalse', seed=-1, share_decoder_embeddings=False, share_embeddings=False, src_word_vec_size=500, start_checkpoint_at=0, start_decay_at=8, start_epoch=1, tgt_word_vec_size=500, train_from='', truncated_decoder=0, warmup_steps=4000, weightdropout=False, word_vec_size=-1)
('Using Kappa L2 loss on encoder', 0.15)
('Using Kappa L2 loss on decoder', 0.25)
Loading train and validate data from '/data/lisatmp3/suhubdyd/multi30k.atok.low'
 * number of training sentences: 29000
 * maximum batch size: 64
 * vocabulary size. source = 10841; target = 18563
Building model...
Intializing model parameters.
NMTModel (
  (encoder): RNNEncoder (
    (embeddings): Embeddings (
      (make_embedding): Sequential (
        (emb_luts): Elementwise (
          (0): Embedding(10841, 500, padding_idx=1)
        )
      )
    )
    (dropout): Dropout (p = 0.3)
    (rnn): LSTM(500, 500, dropout=0.3)
  )
  (decoder): InputFeedRNNDecoder (
    (embeddings): Embeddings (
      (make_embedding): Sequential (
        (emb_luts): Elementwise (
          (0): Embedding(18563, 500, padding_idx=1)
        )
      )
    )
    (dropout): Dropout (p = 0.3)
    (rnn): StackedLSTM (
      (dropout): Dropout (p = 0.3)
      (layers): ModuleList (
        (0): LSTMCell(1000, 500)
      )
    )
    (attn): GlobalAttention (
      (linear_in): Linear (500 -> 500)
      (linear_out): Linear (1000 -> 500)
      (sm): Softmax ()
      (tanh): Tanh ()
    )
  )
  (generator): Sequential (
    (0): Linear (500 -> 18563)
    (1): LogSoftmax ()
  )
)
* number of parameters: 29760063
('encoder: ', 7424500)
('decoder: ', 22335563)

Epoch  1,    50/  454; acc:   9.10; ppl: 22982.85; 4416 src tok/s; 4573 tgt tok/s;      9 s elapsed
Epoch  1,   100/  454; acc:  14.02; ppl: 1541.68; 4857 src tok/s; 5040 tgt tok/s;     18 s elapsed
Epoch  1,   150/  454; acc:  18.41; ppl: 517.06; 4764 src tok/s; 4984 tgt tok/s;     27 s elapsed
Epoch  1,   200/  454; acc:  20.45; ppl: 286.55; 4880 src tok/s; 5028 tgt tok/s;     36 s elapsed
Epoch  1,   250/  454; acc:  24.34; ppl: 178.32; 4764 src tok/s; 4960 tgt tok/s;     44 s elapsed
Epoch  1,   300/  454; acc:  28.24; ppl: 114.85; 4831 src tok/s; 5030 tgt tok/s;     53 s elapsed
Epoch  1,   350/  454; acc:  29.22; ppl: 100.05; 4918 src tok/s; 5069 tgt tok/s;     62 s elapsed
Epoch  1,   400/  454; acc:  31.70; ppl:  78.12; 4803 src tok/s; 5019 tgt tok/s;     70 s elapsed
Epoch  1,   450/  454; acc:  34.48; ppl:  65.43; 4822 src tok/s; 4989 tgt tok/s;     79 s elapsed
Train perplexity: 329.118
Train accuracy: 23.4143
Validation perplexity: 60.6157
Validation accuracy: 34.6034

Epoch  2,    50/  454; acc:  34.83; ppl:  58.55; 4925 src tok/s; 5067 tgt tok/s;      9 s elapsed
Epoch  2,   100/  454; acc:  40.41; ppl:  40.01; 4781 src tok/s; 5001 tgt tok/s;     17 s elapsed
Epoch  2,   150/  454; acc:  41.09; ppl:  37.60; 4896 src tok/s; 5066 tgt tok/s;     26 s elapsed
Epoch  2,   200/  454; acc:  43.54; ppl:  32.48; 4774 src tok/s; 4982 tgt tok/s;     35 s elapsed
Epoch  2,   250/  454; acc:  46.58; ppl:  25.91; 4702 src tok/s; 4898 tgt tok/s;     43 s elapsed
Epoch  2,   300/  454; acc:  47.19; ppl:  24.49; 4948 src tok/s; 5108 tgt tok/s;     52 s elapsed
Epoch  2,   350/  454; acc:  47.49; ppl:  24.29; 4742 src tok/s; 4892 tgt tok/s;     61 s elapsed
Epoch  2,   400/  454; acc:  51.82; ppl:  18.28; 4822 src tok/s; 5058 tgt tok/s;     70 s elapsed
Epoch  2,   450/  454; acc:  51.41; ppl:  18.75; 4695 src tok/s; 4853 tgt tok/s;     78 s elapsed
Train perplexity: 29.1453
Train accuracy: 44.9262
Validation perplexity: 16.4209
Validation accuracy: 52.6607

Epoch  3,    50/  454; acc:  53.74; ppl:  14.96; 4801 src tok/s; 4977 tgt tok/s;      9 s elapsed
Epoch  3,   100/  454; acc:  54.75; ppl:  14.36; 4815 src tok/s; 5000 tgt tok/s;     17 s elapsed
Epoch  3,   150/  454; acc:  55.01; ppl:  14.02; 4719 src tok/s; 4898 tgt tok/s;     26 s elapsed
Epoch  3,   200/  454; acc:  56.64; ppl:  12.71; 4906 src tok/s; 5066 tgt tok/s;     35 s elapsed
Epoch  3,   250/  454; acc:  56.23; ppl:  13.04; 4874 src tok/s; 5016 tgt tok/s;     44 s elapsed
Epoch  3,   300/  454; acc:  57.91; ppl:  11.86; 4768 src tok/s; 5024 tgt tok/s;     52 s elapsed
Epoch  3,   350/  454; acc:  58.85; ppl:  10.90; 4832 src tok/s; 5029 tgt tok/s;     61 s elapsed
Epoch  3,   400/  454; acc:  58.31; ppl:  11.20; 4782 src tok/s; 4955 tgt tok/s;     70 s elapsed
Epoch  3,   450/  454; acc:  58.90; ppl:  10.66; 4724 src tok/s; 4900 tgt tok/s;     78 s elapsed
Train perplexity: 12.5563
Train accuracy: 56.6991
Validation perplexity: 10.4557
Validation accuracy: 60.2313

Epoch  4,    50/  454; acc:  61.08; ppl:   8.77; 4830 src tok/s; 5000 tgt tok/s;      9 s elapsed
Epoch  4,   100/  454; acc:  61.85; ppl:   8.53; 4775 src tok/s; 4992 tgt tok/s;     17 s elapsed
Epoch  4,   150/  454; acc:  61.77; ppl:   8.51; 4770 src tok/s; 4965 tgt tok/s;     26 s elapsed
Epoch  4,   200/  454; acc:  61.53; ppl:   8.61; 4884 src tok/s; 5048 tgt tok/s;     35 s elapsed
Epoch  4,   250/  454; acc:  60.81; ppl:   8.93; 4823 src tok/s; 4989 tgt tok/s;     44 s elapsed
Epoch  4,   300/  454; acc:  63.02; ppl:   7.84; 4683 src tok/s; 4895 tgt tok/s;     53 s elapsed
Epoch  4,   350/  454; acc:  62.01; ppl:   8.21; 4870 src tok/s; 5038 tgt tok/s;     61 s elapsed
Epoch  4,   400/  454; acc:  63.51; ppl:   7.67; 4800 src tok/s; 5002 tgt tok/s;     70 s elapsed
Epoch  4,   450/  454; acc:  62.74; ppl:   7.93; 4827 src tok/s; 4970 tgt tok/s;     78 s elapsed
Train perplexity: 8.312
Train accuracy: 62.0518
Validation perplexity: 8.26248
Validation accuracy: 63.8073

Epoch  5,    50/  454; acc:  66.10; ppl:   6.09; 4812 src tok/s; 5003 tgt tok/s;      9 s elapsed
Epoch  5,   100/  454; acc:  64.57; ppl:   6.62; 4791 src tok/s; 4970 tgt tok/s;     18 s elapsed
Epoch  5,   150/  454; acc:  64.93; ppl:   6.50; 4826 src tok/s; 4990 tgt tok/s;     27 s elapsed
Epoch  5,   200/  454; acc:  66.37; ppl:   5.92; 4741 src tok/s; 4959 tgt tok/s;     35 s elapsed
Epoch  5,   250/  454; acc:  65.20; ppl:   6.37; 4826 src tok/s; 4997 tgt tok/s;     44 s elapsed
Epoch  5,   300/  454; acc:  65.07; ppl:   6.35; 4862 src tok/s; 5023 tgt tok/s;     52 s elapsed
Epoch  5,   350/  454; acc:  65.31; ppl:   6.37; 4783 src tok/s; 4970 tgt tok/s;     61 s elapsed
Epoch  5,   400/  454; acc:  65.26; ppl:   6.33; 4830 src tok/s; 5018 tgt tok/s;     70 s elapsed
Epoch  5,   450/  454; acc:  65.84; ppl:   6.01; 4715 src tok/s; 4884 tgt tok/s;     79 s elapsed
Train perplexity: 6.27446
Train accuracy: 65.4288
Validation perplexity: 7.35011
Validation accuracy: 65.3682

Epoch  6,    50/  454; acc:  68.58; ppl:   4.92; 4802 src tok/s; 4986 tgt tok/s;      9 s elapsed
Epoch  6,   100/  454; acc:  68.07; ppl:   5.02; 4806 src tok/s; 4988 tgt tok/s;     17 s elapsed
Epoch  6,   150/  454; acc:  67.75; ppl:   5.19; 4960 src tok/s; 5123 tgt tok/s;     26 s elapsed
Epoch  6,   200/  454; acc:  68.31; ppl:   5.05; 4658 src tok/s; 4853 tgt tok/s;     35 s elapsed
Epoch  6,   250/  454; acc:  67.94; ppl:   5.22; 4733 src tok/s; 4896 tgt tok/s;     44 s elapsed
Epoch  6,   300/  454; acc:  67.95; ppl:   5.10; 4821 src tok/s; 4985 tgt tok/s;     53 s elapsed
Epoch  6,   350/  454; acc:  67.49; ppl:   5.19; 4886 src tok/s; 5091 tgt tok/s;     61 s elapsed
Epoch  6,   400/  454; acc:  67.42; ppl:   5.20; 4850 src tok/s; 5050 tgt tok/s;     70 s elapsed
Epoch  6,   450/  454; acc:  68.20; ppl:   4.93; 4806 src tok/s; 4984 tgt tok/s;     78 s elapsed
Train perplexity: 5.0879
Train accuracy: 67.9662
Validation perplexity: 6.88826
Validation accuracy: 66.241

Epoch  7,    50/  454; acc:  71.58; ppl:   3.97; 4743 src tok/s; 4942 tgt tok/s;      9 s elapsed
Epoch  7,   100/  454; acc:  69.83; ppl:   4.36; 4734 src tok/s; 4909 tgt tok/s;     18 s elapsed
Epoch  7,   150/  454; acc:  70.40; ppl:   4.14; 4796 src tok/s; 4983 tgt tok/s;     26 s elapsed
Epoch  7,   200/  454; acc:  69.29; ppl:   4.44; 4718 src tok/s; 4894 tgt tok/s;     35 s elapsed
Epoch  7,   250/  454; acc:  69.98; ppl:   4.31; 4869 src tok/s; 5031 tgt tok/s;     44 s elapsed
Epoch  7,   300/  454; acc:  69.98; ppl:   4.32; 4846 src tok/s; 5037 tgt tok/s;     53 s elapsed
Epoch  7,   350/  454; acc:  69.50; ppl:   4.45; 4874 src tok/s; 5065 tgt tok/s;     61 s elapsed
Epoch  7,   400/  454; acc:  69.98; ppl:   4.28; 4886 src tok/s; 5073 tgt tok/s;     70 s elapsed
Epoch  7,   450/  454; acc:  69.39; ppl:   4.42; 4724 src tok/s; 4890 tgt tok/s;     79 s elapsed
Train perplexity: 4.29409
Train accuracy: 69.9991
Validation perplexity: 6.63669
Validation accuracy: 66.1771

Epoch  8,    50/  454; acc:  72.82; ppl:   3.53; 4757 src tok/s; 4940 tgt tok/s;      9 s elapsed
Epoch  8,   100/  454; acc:  73.02; ppl:   3.48; 4909 src tok/s; 5113 tgt tok/s;     17 s elapsed
Epoch  8,   150/  454; acc:  70.82; ppl:   3.99; 4780 src tok/s; 4913 tgt tok/s;     27 s elapsed
Epoch  8,   200/  454; acc:  73.19; ppl:   3.42; 4761 src tok/s; 4980 tgt tok/s;     35 s elapsed
Epoch  8,   250/  454; acc:  70.07; ppl:   4.10; 4823 src tok/s; 4955 tgt tok/s;     44 s elapsed
Epoch  8,   300/  454; acc:  72.77; ppl:   3.53; 4765 src tok/s; 4993 tgt tok/s;     52 s elapsed
Epoch  8,   350/  454; acc:  70.61; ppl:   4.02; 4837 src tok/s; 4995 tgt tok/s;     61 s elapsed
Epoch  8,   400/  454; acc:  72.12; ppl:   3.65; 4745 src tok/s; 4935 tgt tok/s;     70 s elapsed
Epoch  8,   450/  454; acc:  71.52; ppl:   3.79; 4749 src tok/s; 4928 tgt tok/s;     79 s elapsed
Train perplexity: 3.72392
Train accuracy: 71.853
Validation perplexity: 6.58272
Validation accuracy: 67.7097
Decaying learning rate to 0.5

Epoch  9,    50/  454; acc:  76.13; ppl:   2.92; 4785 src tok/s; 4955 tgt tok/s;      9 s elapsed
Epoch  9,   100/  454; acc:  77.17; ppl:   2.70; 4929 src tok/s; 5102 tgt tok/s;     17 s elapsed
Epoch  9,   150/  454; acc:  77.12; ppl:   2.76; 4846 src tok/s; 5007 tgt tok/s;     26 s elapsed
Epoch  9,   200/  454; acc:  76.54; ppl:   2.85; 4780 src tok/s; 4998 tgt tok/s;     35 s elapsed
Epoch  9,   250/  454; acc:  76.45; ppl:   2.83; 4771 src tok/s; 4976 tgt tok/s;     43 s elapsed
Epoch  9,   300/  454; acc:  76.53; ppl:   2.80; 4853 src tok/s; 5027 tgt tok/s;     52 s elapsed
Epoch  9,   350/  454; acc:  76.71; ppl:   2.76; 4799 src tok/s; 4977 tgt tok/s;     61 s elapsed
Epoch  9,   400/  454; acc:  76.32; ppl:   2.85; 4878 src tok/s; 5045 tgt tok/s;     70 s elapsed
Epoch  9,   450/  454; acc:  76.45; ppl:   2.82; 4626 src tok/s; 4804 tgt tok/s;     79 s elapsed
Train perplexity: 2.80659
Train accuracy: 76.6098
Validation perplexity: 6.0821
Validation accuracy: 69.1358
Decaying learning rate to 0.25

Epoch 10,    50/  454; acc:  79.97; ppl:   2.38; 4774 src tok/s; 4949 tgt tok/s;      9 s elapsed
Epoch 10,   100/  454; acc:  80.99; ppl:   2.24; 4770 src tok/s; 4975 tgt tok/s;     17 s elapsed
Epoch 10,   150/  454; acc:  78.95; ppl:   2.47; 4919 src tok/s; 5096 tgt tok/s;     26 s elapsed
Epoch 10,   200/  454; acc:  81.13; ppl:   2.24; 4744 src tok/s; 4973 tgt tok/s;     35 s elapsed
Epoch 10,   250/  454; acc:  80.75; ppl:   2.21; 4838 src tok/s; 5032 tgt tok/s;     43 s elapsed
Epoch 10,   300/  454; acc:  79.48; ppl:   2.41; 4735 src tok/s; 4882 tgt tok/s;     52 s elapsed
Epoch 10,   350/  454; acc:  78.69; ppl:   2.51; 4870 src tok/s; 5009 tgt tok/s;     62 s elapsed
Epoch 10,   400/  454; acc:  81.36; ppl:   2.18; 4834 src tok/s; 5045 tgt tok/s;     70 s elapsed
Epoch 10,   450/  454; acc:  79.90; ppl:   2.34; 4716 src tok/s; 4890 tgt tok/s;     78 s elapsed
Train perplexity: 2.33029
Train accuracy: 80.1102
Validation perplexity: 6.11991
Validation accuracy: 69.5331
Decaying learning rate to 0.125

Epoch 11,    50/  454; acc:  81.84; ppl:   2.17; 4785 src tok/s; 4950 tgt tok/s;      9 s elapsed
Epoch 11,   100/  454; acc:  83.32; ppl:   1.98; 4750 src tok/s; 4944 tgt tok/s;     18 s elapsed
Epoch 11,   150/  454; acc:  82.13; ppl:   2.13; 4814 src tok/s; 4999 tgt tok/s;     26 s elapsed
Epoch 11,   200/  454; acc:  82.07; ppl:   2.13; 4849 src tok/s; 4997 tgt tok/s;     35 s elapsed
Epoch 11,   250/  454; acc:  81.61; ppl:   2.15; 4859 src tok/s; 5022 tgt tok/s;     44 s elapsed
Epoch 11,   300/  454; acc:  82.88; ppl:   2.02; 4861 src tok/s; 5060 tgt tok/s;     52 s elapsed
Epoch 11,   350/  454; acc:  81.40; ppl:   2.16; 4726 src tok/s; 4909 tgt tok/s;     61 s elapsed
Epoch 11,   400/  454; acc:  81.89; ppl:   2.13; 4822 src tok/s; 5022 tgt tok/s;     70 s elapsed
Epoch 11,   450/  454; acc:  82.79; ppl:   2.03; 4657 src tok/s; 4879 tgt tok/s;     78 s elapsed
Train perplexity: 2.112
Train accuracy: 82.1122
Validation perplexity: 6.21631
Validation accuracy: 69.4338
Decaying learning rate to 0.0625

Epoch 12,    50/  454; acc:  82.59; ppl:   2.08; 4854 src tok/s; 5019 tgt tok/s;      9 s elapsed
Epoch 12,   100/  454; acc:  84.15; ppl:   1.92; 4702 src tok/s; 4927 tgt tok/s;     18 s elapsed
Epoch 12,   150/  454; acc:  82.52; ppl:   2.07; 4716 src tok/s; 4896 tgt tok/s;     27 s elapsed
Epoch 12,   200/  454; acc:  83.56; ppl:   1.95; 4797 src tok/s; 4987 tgt tok/s;     35 s elapsed
Epoch 12,   250/  454; acc:  82.88; ppl:   2.04; 4845 src tok/s; 4993 tgt tok/s;     44 s elapsed
Epoch 12,   300/  454; acc:  83.64; ppl:   1.97; 4855 src tok/s; 5054 tgt tok/s;     52 s elapsed
Epoch 12,   350/  454; acc:  83.57; ppl:   1.96; 4786 src tok/s; 4981 tgt tok/s;     61 s elapsed
Epoch 12,   400/  454; acc:  82.72; ppl:   2.05; 4943 src tok/s; 5101 tgt tok/s;     70 s elapsed
Epoch 12,   450/  454; acc:  82.99; ppl:   2.01; 4755 src tok/s; 4921 tgt tok/s;     78 s elapsed
Train perplexity: 2.00792
Train accuracy: 83.1507
Validation perplexity: 6.33062
Validation accuracy: 69.597
Decaying learning rate to 0.03125

Epoch 13,    50/  454; acc:  84.24; ppl:   1.91; 4766 src tok/s; 4961 tgt tok/s;      8 s elapsed
Epoch 13,   100/  454; acc:  82.67; ppl:   2.05; 4850 src tok/s; 5002 tgt tok/s;     17 s elapsed
Epoch 13,   150/  454; acc:  84.16; ppl:   1.91; 4849 src tok/s; 5052 tgt tok/s;     26 s elapsed
Epoch 13,   200/  454; acc:  83.34; ppl:   1.99; 4740 src tok/s; 4910 tgt tok/s;     35 s elapsed
Epoch 13,   250/  454; acc:  84.02; ppl:   1.94; 4848 src tok/s; 5052 tgt tok/s;     43 s elapsed
Epoch 13,   300/  454; acc:  83.88; ppl:   1.95; 4775 src tok/s; 4924 tgt tok/s;     52 s elapsed
Epoch 13,   350/  454; acc:  83.19; ppl:   2.00; 4801 src tok/s; 4977 tgt tok/s;     61 s elapsed
Epoch 13,   400/  454; acc:  84.23; ppl:   1.88; 4772 src tok/s; 4993 tgt tok/s;     70 s elapsed
Epoch 13,   450/  454; acc:  83.31; ppl:   2.02; 4779 src tok/s; 4955 tgt tok/s;     79 s elapsed
Train perplexity: 1.9609
Train accuracy: 83.6721
Validation perplexity: 6.3792
Validation accuracy: 69.5828
Decaying learning rate to 0.015625

Epoch 14,    50/  454; acc:  85.62; ppl:   1.78; 4649 src tok/s; 4876 tgt tok/s;      8 s elapsed
Epoch 14,   100/  454; acc:  82.51; ppl:   2.09; 4932 src tok/s; 5067 tgt tok/s;     18 s elapsed
Epoch 14,   150/  454; acc:  83.10; ppl:   2.05; 4827 src tok/s; 4996 tgt tok/s;     27 s elapsed
Epoch 14,   200/  454; acc:  84.93; ppl:   1.82; 4711 src tok/s; 4929 tgt tok/s;     35 s elapsed
Epoch 14,   250/  454; acc:  84.42; ppl:   1.89; 4765 src tok/s; 4948 tgt tok/s;     44 s elapsed
Epoch 14,   300/  454; acc:  83.76; ppl:   1.96; 4821 src tok/s; 4996 tgt tok/s;     53 s elapsed
Epoch 14,   350/  454; acc:  83.74; ppl:   1.93; 4789 src tok/s; 4980 tgt tok/s;     61 s elapsed
Epoch 14,   400/  454; acc:  83.93; ppl:   1.94; 4869 src tok/s; 5032 tgt tok/s;     70 s elapsed
Epoch 14,   450/  454; acc:  84.54; ppl:   1.90; 4762 src tok/s; 4950 tgt tok/s;     78 s elapsed
Train perplexity: 1.93702
Train accuracy: 83.9472
Validation perplexity: 6.40925
Validation accuracy: 69.4835
Decaying learning rate to 0.0078125

Epoch 15,    50/  454; acc:  84.12; ppl:   1.92; 4776 src tok/s; 4994 tgt tok/s;      9 s elapsed
Epoch 15,   100/  454; acc:  83.79; ppl:   1.95; 4734 src tok/s; 4905 tgt tok/s;     18 s elapsed
Epoch 15,   150/  454; acc:  83.73; ppl:   1.99; 4741 src tok/s; 4916 tgt tok/s;     27 s elapsed
Epoch 15,   200/  454; acc:  84.65; ppl:   1.88; 4852 src tok/s; 5040 tgt tok/s;     35 s elapsed
Epoch 15,   250/  454; acc:  84.98; ppl:   1.85; 4812 src tok/s; 5001 tgt tok/s;     44 s elapsed
Epoch 15,   300/  454; acc:  83.31; ppl:   1.99; 4819 src tok/s; 4981 tgt tok/s;     53 s elapsed
Epoch 15,   350/  454; acc:  84.56; ppl:   1.86; 4835 src tok/s; 5035 tgt tok/s;     61 s elapsed
Epoch 15,   400/  454; acc:  83.44; ppl:   1.98; 4806 src tok/s; 4952 tgt tok/s;     70 s elapsed
Epoch 15,   450/  454; acc:  84.69; ppl:   1.86; 4750 src tok/s; 4950 tgt tok/s;     79 s elapsed
Train perplexity: 1.92539
Train accuracy: 84.0915
Validation perplexity: 6.41734
Validation accuracy: 69.5402
Decaying learning rate to 0.00390625

Epoch 16,    50/  454; acc:  83.63; ppl:   1.97; 4830 src tok/s; 4976 tgt tok/s;      9 s elapsed
Epoch 16,   100/  454; acc:  84.00; ppl:   1.92; 4753 src tok/s; 4974 tgt tok/s;     18 s elapsed
Epoch 16,   150/  454; acc:  84.80; ppl:   1.85; 4753 src tok/s; 4972 tgt tok/s;     26 s elapsed
Epoch 16,   200/  454; acc:  83.46; ppl:   1.99; 4824 src tok/s; 4965 tgt tok/s;     35 s elapsed
Epoch 16,   250/  454; acc:  83.63; ppl:   1.97; 4839 src tok/s; 5024 tgt tok/s;     44 s elapsed
Epoch 16,   300/  454; acc:  84.85; ppl:   1.85; 4821 src tok/s; 5000 tgt tok/s;     53 s elapsed
Epoch 16,   350/  454; acc:  84.67; ppl:   1.87; 4873 src tok/s; 5036 tgt tok/s;     61 s elapsed
Epoch 16,   400/  454; acc:  84.18; ppl:   1.91; 4793 src tok/s; 4986 tgt tok/s;     70 s elapsed
Epoch 16,   450/  454; acc:  84.14; ppl:   1.92; 4709 src tok/s; 4908 tgt tok/s;     79 s elapsed
Train perplexity: 1.91677
Train accuracy: 84.1567
Validation perplexity: 6.42387
Validation accuracy: 69.526
Decaying learning rate to 0.00195312

Epoch 17,    50/  454; acc:  84.81; ppl:   1.86; 4788 src tok/s; 4973 tgt tok/s;      9 s elapsed
Epoch 17,   100/  454; acc:  83.78; ppl:   1.98; 4846 src tok/s; 4991 tgt tok/s;     17 s elapsed
Epoch 17,   150/  454; acc:  84.49; ppl:   1.92; 4686 src tok/s; 4884 tgt tok/s;     26 s elapsed
Epoch 17,   200/  454; acc:  83.81; ppl:   1.94; 4799 src tok/s; 4962 tgt tok/s;     35 s elapsed
Epoch 17,   250/  454; acc:  84.45; ppl:   1.86; 4850 src tok/s; 5079 tgt tok/s;     43 s elapsed
Epoch 17,   300/  454; acc:  83.88; ppl:   1.93; 4869 src tok/s; 5036 tgt tok/s;     52 s elapsed
Epoch 17,   350/  454; acc:  84.36; ppl:   1.90; 4784 src tok/s; 4974 tgt tok/s;     61 s elapsed
Epoch 17,   400/  454; acc:  84.23; ppl:   1.92; 4775 src tok/s; 4946 tgt tok/s;     70 s elapsed
Epoch 17,   450/  454; acc:  83.83; ppl:   1.95; 4777 src tok/s; 4970 tgt tok/s;     79 s elapsed
Train perplexity: 1.91755
Train accuracy: 84.1805
Validation perplexity: 6.42512
Validation accuracy: 69.5118
Decaying learning rate to 0.000976562
