<module 'opts' from '/u/suhubdyd/research/projects/jumble_lstm/code/auxiliary-nmt/opts.pyc'>
Namespace(batch_size=64, brnn=False, brnn_merge='concat', cnn_kernel_width=3, context_gate=None, copy_attn=False, copy_attn_force=False, coverage_attn=False, data='/data/lisatmp3/suhubdyd/multi30k.atok.low', dec_layers=1, decay_method='', decoder_type='rnn', dropout=0.3, enc_layers=2, encoder_type='rnn', epochs=17, exp='', exp_host='', feat_merge='concat', feat_vec_exponent=0.7, feat_vec_size=-1, fix_word_vecs_dec=False, fix_word_vecs_enc=False, global_attention='general', gpuid=[0], input_feed=1, kappa_dec=0.6, kappa_enc=0.6, lambda_coverage=1, layers=-1, learning_rate=1.0, learning_rate_decay=0.5, max_generator_batches=32, max_grad_norm=5, model_type='text', optim='sgd', param_init=0.1, position_encoding=False, pre_word_vecs_dec=None, pre_word_vecs_enc=None, report_every=50, rnn_size=500, rnn_type='LSTM', save_model='/data/lisatmp3/suhubdyd/models/seeds/encoder0.6decoder0.6dropout0.3wdropFalseseed-1', seed=-1, share_decoder_embeddings=False, share_embeddings=False, src_word_vec_size=500, start_checkpoint_at=0, start_decay_at=8, start_epoch=1, tgt_word_vec_size=500, train_from='', truncated_decoder=0, warmup_steps=4000, weightdropout=False, word_vec_size=-1)
('Using Kappa L2 loss on encoder', 0.6)
('Using Kappa L2 loss on decoder', 0.6)
Loading train and validate data from '/data/lisatmp3/suhubdyd/multi30k.atok.low'
 * number of training sentences: 29000
 * maximum batch size: 64
 * vocabulary size. source = 10841; target = 18563
Building model...
Intializing model parameters.
NMTModel (
  (encoder): RNNEncoder (
    (embeddings): Embeddings (
      (make_embedding): Sequential (
        (emb_luts): Elementwise (
          (0): Embedding(10841, 500, padding_idx=1)
        )
      )
    )
    (dropout): Dropout (p = 0.3)
    (rnn): LSTM(500, 500, dropout=0.3)
  )
  (decoder): InputFeedRNNDecoder (
    (embeddings): Embeddings (
      (make_embedding): Sequential (
        (emb_luts): Elementwise (
          (0): Embedding(18563, 500, padding_idx=1)
        )
      )
    )
    (dropout): Dropout (p = 0.3)
    (rnn): StackedLSTM (
      (dropout): Dropout (p = 0.3)
      (layers): ModuleList (
        (0): LSTMCell(1000, 500)
      )
    )
    (attn): GlobalAttention (
      (linear_in): Linear (500 -> 500)
      (linear_out): Linear (1000 -> 500)
      (sm): Softmax ()
      (tanh): Tanh ()
    )
  )
  (generator): Sequential (
    (0): Linear (500 -> 18563)
    (1): LogSoftmax ()
  )
)
* number of parameters: 29760063
('encoder: ', 7424500)
('decoder: ', 22335563)

Epoch  1,    50/  454; acc:   8.14; ppl: 20265.71; 5190 src tok/s; 5423 tgt tok/s;      8 s elapsed
Epoch  1,   100/  454; acc:  15.02; ppl: 1159.19; 5700 src tok/s; 5885 tgt tok/s;     16 s elapsed
Epoch  1,   150/  454; acc:  18.20; ppl: 722.37; 5610 src tok/s; 5843 tgt tok/s;     23 s elapsed
Epoch  1,   200/  454; acc:  21.07; ppl: 247.46; 5699 src tok/s; 5914 tgt tok/s;     30 s elapsed
Epoch  1,   250/  454; acc:  25.63; ppl: 163.30; 5528 src tok/s; 5781 tgt tok/s;     37 s elapsed
Epoch  1,   300/  454; acc:  26.60; ppl: 132.63; 5819 src tok/s; 5980 tgt tok/s;     45 s elapsed
Epoch  1,   350/  454; acc:  29.91; ppl:  95.49; 5808 src tok/s; 6016 tgt tok/s;     52 s elapsed
Epoch  1,   400/  454; acc:  31.56; ppl:  79.25; 5711 src tok/s; 5913 tgt tok/s;     60 s elapsed
Epoch  1,   450/  454; acc:  33.25; ppl:  66.03; 5633 src tok/s; 5864 tgt tok/s;     67 s elapsed
Train perplexity: 326.24
Train accuracy: 23.3249
Validation perplexity: 61.5029
Validation accuracy: 35.4548

Epoch  2,    50/  454; acc:  37.44; ppl:  48.41; 5472 src tok/s; 5764 tgt tok/s;      7 s elapsed
Epoch  2,   100/  454; acc:  35.94; ppl:  53.48; 5934 src tok/s; 6105 tgt tok/s;     15 s elapsed
Epoch  2,   150/  454; acc:  39.34; ppl:  42.74; 5839 src tok/s; 6011 tgt tok/s;     22 s elapsed
Epoch  2,   200/  454; acc:  44.03; ppl:  31.34; 5703 src tok/s; 5941 tgt tok/s;     29 s elapsed
Epoch  2,   250/  454; acc:  45.76; ppl:  28.09; 5553 src tok/s; 5786 tgt tok/s;     36 s elapsed
Epoch  2,   300/  454; acc:  45.59; ppl:  26.94; 5875 src tok/s; 6052 tgt tok/s;     44 s elapsed
Epoch  2,   350/  454; acc:  48.69; ppl:  22.32; 5757 src tok/s; 5990 tgt tok/s;     51 s elapsed
Epoch  2,   400/  454; acc:  49.86; ppl:  20.79; 5630 src tok/s; 5865 tgt tok/s;     59 s elapsed
Epoch  2,   450/  454; acc:  51.41; ppl:  18.76; 5683 src tok/s; 5884 tgt tok/s;     66 s elapsed
Train perplexity: 30.3882
Train accuracy: 44.2851
Validation perplexity: 16.1657
Validation accuracy: 54.2075

Epoch  3,    50/  454; acc:  54.13; ppl:  14.49; 5583 src tok/s; 5831 tgt tok/s;      7 s elapsed
Epoch  3,   100/  454; acc:  54.53; ppl:  14.62; 5727 src tok/s; 5915 tgt tok/s;     15 s elapsed
Epoch  3,   150/  454; acc:  54.67; ppl:  14.54; 5685 src tok/s; 5871 tgt tok/s;     22 s elapsed
Epoch  3,   200/  454; acc:  56.44; ppl:  13.29; 5672 src tok/s; 5881 tgt tok/s;     30 s elapsed
Epoch  3,   250/  454; acc:  55.89; ppl:  13.02; 5752 src tok/s; 5951 tgt tok/s;     37 s elapsed
Epoch  3,   300/  454; acc:  57.94; ppl:  11.67; 5694 src tok/s; 5929 tgt tok/s;     44 s elapsed
Epoch  3,   350/  454; acc:  57.50; ppl:  11.82; 5748 src tok/s; 5954 tgt tok/s;     52 s elapsed
Epoch  3,   400/  454; acc:  58.61; ppl:  11.18; 5656 src tok/s; 5916 tgt tok/s;     59 s elapsed
Epoch  3,   450/  454; acc:  58.47; ppl:  11.13; 5697 src tok/s; 5903 tgt tok/s;     66 s elapsed
Train perplexity: 12.7981
Train accuracy: 56.4436
Validation perplexity: 10.8329
Validation accuracy: 58.9755

Epoch  4,    50/  454; acc:  60.64; ppl:   8.96; 5495 src tok/s; 5712 tgt tok/s;      8 s elapsed
Epoch  4,   100/  454; acc:  61.56; ppl:   8.40; 5717 src tok/s; 5930 tgt tok/s;     15 s elapsed
Epoch  4,   150/  454; acc:  61.16; ppl:   8.72; 5662 src tok/s; 5849 tgt tok/s;     23 s elapsed
Epoch  4,   200/  454; acc:  62.56; ppl:   8.12; 5518 src tok/s; 5763 tgt tok/s;     30 s elapsed
Epoch  4,   250/  454; acc:  62.84; ppl:   7.91; 5464 src tok/s; 5717 tgt tok/s;     37 s elapsed
Epoch  4,   300/  454; acc:  61.01; ppl:   8.86; 5664 src tok/s; 5837 tgt tok/s;     45 s elapsed
Epoch  4,   350/  454; acc:  61.70; ppl:   8.39; 5550 src tok/s; 5762 tgt tok/s;     53 s elapsed
Epoch  4,   400/  454; acc:  63.20; ppl:   7.81; 5584 src tok/s; 5775 tgt tok/s;     60 s elapsed
Epoch  4,   450/  454; acc:  62.61; ppl:   8.03; 5579 src tok/s; 5779 tgt tok/s;     68 s elapsed
Train perplexity: 8.33484
Train accuracy: 61.9488
Validation perplexity: 8.63048
Validation accuracy: 63.0197

Epoch  5,    50/  454; acc:  65.69; ppl:   6.29; 5570 src tok/s; 5797 tgt tok/s;      7 s elapsed
Epoch  5,   100/  454; acc:  64.92; ppl:   6.45; 5582 src tok/s; 5790 tgt tok/s;     15 s elapsed
Epoch  5,   150/  454; acc:  66.13; ppl:   5.97; 5662 src tok/s; 5884 tgt tok/s;     22 s elapsed
Epoch  5,   200/  454; acc:  64.45; ppl:   6.66; 5502 src tok/s; 5706 tgt tok/s;     30 s elapsed
Epoch  5,   250/  454; acc:  65.58; ppl:   6.23; 5502 src tok/s; 5663 tgt tok/s;     38 s elapsed
Epoch  5,   300/  454; acc:  65.25; ppl:   6.28; 5573 src tok/s; 5815 tgt tok/s;     45 s elapsed
Epoch  5,   350/  454; acc:  65.69; ppl:   6.17; 5595 src tok/s; 5798 tgt tok/s;     53 s elapsed
Epoch  5,   400/  454; acc:  65.72; ppl:   6.26; 5585 src tok/s; 5799 tgt tok/s;     60 s elapsed
Epoch  5,   450/  454; acc:  64.93; ppl:   6.51; 5576 src tok/s; 5782 tgt tok/s;     68 s elapsed
Train perplexity: 6.3023
Train accuracy: 65.4002
Validation perplexity: 7.94939
Validation accuracy: 63.8924

Epoch  6,    50/  454; acc:  69.36; ppl:   4.69; 5533 src tok/s; 5758 tgt tok/s;      7 s elapsed
Epoch  6,   100/  454; acc:  67.67; ppl:   5.22; 5592 src tok/s; 5801 tgt tok/s;     15 s elapsed
Epoch  6,   150/  454; acc:  68.62; ppl:   4.88; 5526 src tok/s; 5782 tgt tok/s;     22 s elapsed
Epoch  6,   200/  454; acc:  67.06; ppl:   5.31; 5655 src tok/s; 5830 tgt tok/s;     30 s elapsed
Epoch  6,   250/  454; acc:  68.70; ppl:   4.84; 5550 src tok/s; 5792 tgt tok/s;     37 s elapsed
Epoch  6,   300/  454; acc:  66.83; ppl:   5.43; 5682 src tok/s; 5838 tgt tok/s;     45 s elapsed
Epoch  6,   350/  454; acc:  68.29; ppl:   4.99; 5613 src tok/s; 5827 tgt tok/s;     52 s elapsed
Epoch  6,   400/  454; acc:  66.88; ppl:   5.33; 5598 src tok/s; 5820 tgt tok/s;     60 s elapsed
Epoch  6,   450/  454; acc:  67.93; ppl:   5.13; 5495 src tok/s; 5720 tgt tok/s;     67 s elapsed
Train perplexity: 5.1073
Train accuracy: 67.847
Validation perplexity: 7.23475
Validation accuracy: 64.2898

Epoch  7,    50/  454; acc:  71.31; ppl:   4.02; 5474 src tok/s; 5686 tgt tok/s;      7 s elapsed
Epoch  7,   100/  454; acc:  69.68; ppl:   4.31; 5563 src tok/s; 5778 tgt tok/s;     15 s elapsed
Epoch  7,   150/  454; acc:  69.83; ppl:   4.27; 5742 src tok/s; 5935 tgt tok/s;     23 s elapsed
Epoch  7,   200/  454; acc:  70.18; ppl:   4.22; 5384 src tok/s; 5620 tgt tok/s;     30 s elapsed
Epoch  7,   250/  454; acc:  70.84; ppl:   4.06; 5611 src tok/s; 5865 tgt tok/s;     37 s elapsed
Epoch  7,   300/  454; acc:  68.66; ppl:   4.60; 5694 src tok/s; 5862 tgt tok/s;     45 s elapsed
Epoch  7,   350/  454; acc:  69.13; ppl:   4.52; 5570 src tok/s; 5787 tgt tok/s;     53 s elapsed
Epoch  7,   400/  454; acc:  70.29; ppl:   4.22; 5553 src tok/s; 5782 tgt tok/s;     60 s elapsed
Epoch  7,   450/  454; acc:  69.16; ppl:   4.56; 5563 src tok/s; 5742 tgt tok/s;     68 s elapsed
Train perplexity: 4.30547
Train accuracy: 69.8828
Validation perplexity: 6.55478
Validation accuracy: 67.3478

Epoch  8,    50/  454; acc:  73.95; ppl:   3.29; 5564 src tok/s; 5819 tgt tok/s;      7 s elapsed
Epoch  8,   100/  454; acc:  71.12; ppl:   3.81; 5558 src tok/s; 5760 tgt tok/s;     15 s elapsed
Epoch  8,   150/  454; acc:  71.76; ppl:   3.77; 5659 src tok/s; 5844 tgt tok/s;     23 s elapsed
Epoch  8,   200/  454; acc:  72.54; ppl:   3.54; 5631 src tok/s; 5855 tgt tok/s;     30 s elapsed
Epoch  8,   250/  454; acc:  71.84; ppl:   3.67; 5562 src tok/s; 5769 tgt tok/s;     38 s elapsed
Epoch  8,   300/  454; acc:  71.18; ppl:   3.85; 5686 src tok/s; 5871 tgt tok/s;     45 s elapsed
Epoch  8,   350/  454; acc:  71.14; ppl:   3.85; 5674 src tok/s; 5866 tgt tok/s;     52 s elapsed
Epoch  8,   400/  454; acc:  71.02; ppl:   3.89; 5582 src tok/s; 5804 tgt tok/s;     60 s elapsed
Epoch  8,   450/  454; acc:  71.35; ppl:   3.85; 5536 src tok/s; 5773 tgt tok/s;     67 s elapsed
Train perplexity: 3.72333
Train accuracy: 71.7498
Validation perplexity: 6.58399
Validation accuracy: 67.2272
Decaying learning rate to 0.5

Epoch  9,    50/  454; acc:  75.92; ppl:   2.89; 5652 src tok/s; 5867 tgt tok/s;      7 s elapsed
Epoch  9,   100/  454; acc:  76.60; ppl:   2.81; 5652 src tok/s; 5869 tgt tok/s;     15 s elapsed
Epoch  9,   150/  454; acc:  76.08; ppl:   2.89; 5699 src tok/s; 5920 tgt tok/s;     22 s elapsed
Epoch  9,   200/  454; acc:  77.48; ppl:   2.67; 5692 src tok/s; 5918 tgt tok/s;     30 s elapsed
Epoch  9,   250/  454; acc:  77.39; ppl:   2.65; 5773 src tok/s; 6003 tgt tok/s;     37 s elapsed
Epoch  9,   300/  454; acc:  75.92; ppl:   2.93; 5823 src tok/s; 5997 tgt tok/s;     44 s elapsed
Epoch  9,   350/  454; acc:  75.14; ppl:   3.00; 5661 src tok/s; 5840 tgt tok/s;     52 s elapsed
Epoch  9,   400/  454; acc:  77.45; ppl:   2.63; 5537 src tok/s; 5803 tgt tok/s;     59 s elapsed
Epoch  9,   450/  454; acc:  76.66; ppl:   2.80; 5539 src tok/s; 5754 tgt tok/s;     66 s elapsed
Train perplexity: 2.81152
Train accuracy: 76.4773
Validation perplexity: 6.0809
Validation accuracy: 69.4196
Decaying learning rate to 0.25

Epoch 10,    50/  454; acc:  79.87; ppl:   2.36; 5658 src tok/s; 5855 tgt tok/s;      8 s elapsed
Epoch 10,   100/  454; acc:  80.32; ppl:   2.31; 5659 src tok/s; 5896 tgt tok/s;     15 s elapsed
Epoch 10,   150/  454; acc:  80.90; ppl:   2.23; 5569 src tok/s; 5780 tgt tok/s;     22 s elapsed
Epoch 10,   200/  454; acc:  79.29; ppl:   2.42; 5706 src tok/s; 5924 tgt tok/s;     30 s elapsed
Epoch 10,   250/  454; acc:  80.47; ppl:   2.28; 5777 src tok/s; 5987 tgt tok/s;     37 s elapsed
Epoch 10,   300/  454; acc:  79.26; ppl:   2.39; 5777 src tok/s; 5977 tgt tok/s;     44 s elapsed
Epoch 10,   350/  454; acc:  79.81; ppl:   2.36; 5753 src tok/s; 5941 tgt tok/s;     52 s elapsed
Epoch 10,   400/  454; acc:  80.45; ppl:   2.29; 5693 src tok/s; 5929 tgt tok/s;     59 s elapsed
Epoch 10,   450/  454; acc:  79.59; ppl:   2.40; 5678 src tok/s; 5917 tgt tok/s;     66 s elapsed
Train perplexity: 2.33546
Train accuracy: 79.9986
Validation perplexity: 6.17922
Validation accuracy: 69.3628
Decaying learning rate to 0.125

Epoch 11,    50/  454; acc:  81.37; ppl:   2.19; 5615 src tok/s; 5829 tgt tok/s;      8 s elapsed
Epoch 11,   100/  454; acc:  83.23; ppl:   1.98; 5740 src tok/s; 5984 tgt tok/s;     15 s elapsed
Epoch 11,   150/  454; acc:  82.28; ppl:   2.11; 5618 src tok/s; 5842 tgt tok/s;     22 s elapsed
Epoch 11,   200/  454; acc:  81.95; ppl:   2.09; 5815 src tok/s; 6003 tgt tok/s;     29 s elapsed
Epoch 11,   250/  454; acc:  82.14; ppl:   2.10; 5758 src tok/s; 5955 tgt tok/s;     37 s elapsed
Epoch 11,   300/  454; acc:  81.89; ppl:   2.13; 5664 src tok/s; 5908 tgt tok/s;     44 s elapsed
Epoch 11,   350/  454; acc:  82.55; ppl:   2.07; 5612 src tok/s; 5861 tgt tok/s;     51 s elapsed
Epoch 11,   400/  454; acc:  81.12; ppl:   2.22; 5801 src tok/s; 5957 tgt tok/s;     59 s elapsed
Epoch 11,   450/  454; acc:  81.67; ppl:   2.16; 5612 src tok/s; 5845 tgt tok/s;     66 s elapsed
Train perplexity: 2.11747
Train accuracy: 82.01
Validation perplexity: 6.27127
Validation accuracy: 69.377
Decaying learning rate to 0.0625

Epoch 12,    50/  454; acc:  82.66; ppl:   2.09; 5500 src tok/s; 5698 tgt tok/s;      8 s elapsed
Epoch 12,   100/  454; acc:  83.72; ppl:   1.95; 5776 src tok/s; 5999 tgt tok/s;     15 s elapsed
Epoch 12,   150/  454; acc:  83.47; ppl:   1.97; 5612 src tok/s; 5857 tgt tok/s;     22 s elapsed
Epoch 12,   200/  454; acc:  83.12; ppl:   2.00; 5831 src tok/s; 6031 tgt tok/s;     29 s elapsed
Epoch 12,   250/  454; acc:  83.26; ppl:   2.00; 5635 src tok/s; 5875 tgt tok/s;     37 s elapsed
Epoch 12,   300/  454; acc:  82.88; ppl:   2.06; 5619 src tok/s; 5826 tgt tok/s;     44 s elapsed
Epoch 12,   350/  454; acc:  81.63; ppl:   2.16; 5756 src tok/s; 5919 tgt tok/s;     52 s elapsed
Epoch 12,   400/  454; acc:  84.33; ppl:   1.87; 5670 src tok/s; 5936 tgt tok/s;     59 s elapsed
Epoch 12,   450/  454; acc:  83.26; ppl:   2.03; 5149 src tok/s; 5324 tgt tok/s;     67 s elapsed
Train perplexity: 2.01452
Train accuracy: 83.1396
Validation perplexity: 6.39461
Validation accuracy: 69.4409
Decaying learning rate to 0.03125

Epoch 13,    50/  454; acc:  83.47; ppl:   1.99; 5899 src tok/s; 6111 tgt tok/s;      7 s elapsed
Epoch 13,   100/  454; acc:  83.62; ppl:   1.96; 5885 src tok/s; 6100 tgt tok/s;     14 s elapsed
Epoch 13,   150/  454; acc:  84.28; ppl:   1.92; 5792 src tok/s; 6021 tgt tok/s;     21 s elapsed
Epoch 13,   200/  454; acc:  82.68; ppl:   2.06; 5719 src tok/s; 5909 tgt tok/s;     29 s elapsed
Epoch 13,   250/  454; acc:  84.31; ppl:   1.90; 5800 src tok/s; 6024 tgt tok/s;     36 s elapsed
Epoch 13,   300/  454; acc:  83.39; ppl:   1.97; 5833 src tok/s; 6042 tgt tok/s;     43 s elapsed
Epoch 13,   350/  454; acc:  83.15; ppl:   1.99; 5480 src tok/s; 5725 tgt tok/s;     51 s elapsed
Epoch 13,   400/  454; acc:  83.65; ppl:   1.94; 5853 src tok/s; 6078 tgt tok/s;     58 s elapsed
Epoch 13,   450/  454; acc:  83.61; ppl:   1.95; 5854 src tok/s; 6074 tgt tok/s;     65 s elapsed
Train perplexity: 1.96539
Train accuracy: 83.5708
Validation perplexity: 6.43737
Validation accuracy: 69.4622
Decaying learning rate to 0.015625

Epoch 14,    50/  454; acc:  84.56; ppl:   1.88; 5809 src tok/s; 6033 tgt tok/s;      7 s elapsed
Epoch 14,   100/  454; acc:  83.23; ppl:   2.01; 5978 src tok/s; 6178 tgt tok/s;     14 s elapsed
Epoch 14,   150/  454; acc:  83.52; ppl:   1.97; 6147 src tok/s; 6336 tgt tok/s;     21 s elapsed
Epoch 14,   200/  454; acc:  84.55; ppl:   1.87; 6221 src tok/s; 6470 tgt tok/s;     28 s elapsed
Epoch 14,   250/  454; acc:  82.95; ppl:   2.03; 5961 src tok/s; 6146 tgt tok/s;     35 s elapsed
Epoch 14,   300/  454; acc:  84.88; ppl:   1.84; 5948 src tok/s; 6227 tgt tok/s;     42 s elapsed
Epoch 14,   350/  454; acc:  83.55; ppl:   1.97; 5953 src tok/s; 6159 tgt tok/s;     49 s elapsed
Epoch 14,   400/  454; acc:  83.74; ppl:   1.94; 5980 src tok/s; 6255 tgt tok/s;     56 s elapsed
Epoch 14,   450/  454; acc:  83.97; ppl:   1.93; 5789 src tok/s; 6030 tgt tok/s;     63 s elapsed
Train perplexity: 1.94091
Train accuracy: 83.8621
Validation perplexity: 6.43834
Validation accuracy: 69.448
Decaying learning rate to 0.0078125

Epoch 15,    50/  454; acc:  84.13; ppl:   1.92; 5896 src tok/s; 6121 tgt tok/s;      7 s elapsed
Epoch 15,   100/  454; acc:  84.08; ppl:   1.91; 5964 src tok/s; 6191 tgt tok/s;     14 s elapsed
Epoch 15,   150/  454; acc:  83.63; ppl:   1.98; 5968 src tok/s; 6139 tgt tok/s;     21 s elapsed
Epoch 15,   200/  454; acc:  84.94; ppl:   1.83; 5983 src tok/s; 6234 tgt tok/s;     28 s elapsed
Epoch 15,   250/  454; acc:  82.99; ppl:   2.01; 6056 src tok/s; 6260 tgt tok/s;     35 s elapsed
Epoch 15,   300/  454; acc:  84.48; ppl:   1.87; 6010 src tok/s; 6275 tgt tok/s;     42 s elapsed
Epoch 15,   350/  454; acc:  82.68; ppl:   2.06; 5344 src tok/s; 5511 tgt tok/s;     50 s elapsed
Epoch 15,   400/  454; acc:  84.77; ppl:   1.85; 6191 src tok/s; 6461 tgt tok/s;     57 s elapsed
Epoch 15,   450/  454; acc:  84.18; ppl:   1.94; 6031 src tok/s; 6277 tgt tok/s;     64 s elapsed
Train perplexity: 1.92884
Train accuracy: 83.9736
Validation perplexity: 6.47085
Validation accuracy: 69.4125
Decaying learning rate to 0.00390625

Epoch 16,    50/  454; acc:  84.54; ppl:   1.87; 6032 src tok/s; 6298 tgt tok/s;      7 s elapsed
Epoch 16,   100/  454; acc:  83.75; ppl:   1.95; 6196 src tok/s; 6417 tgt tok/s;     14 s elapsed
Epoch 16,   150/  454; acc:  84.24; ppl:   1.90; 6077 src tok/s; 6342 tgt tok/s;     20 s elapsed
Epoch 16,   200/  454; acc:  83.85; ppl:   1.97; 6179 src tok/s; 6391 tgt tok/s;     27 s elapsed
Epoch 16,   250/  454; acc:  84.69; ppl:   1.87; 6200 src tok/s; 6434 tgt tok/s;     34 s elapsed
Epoch 16,   300/  454; acc:  83.59; ppl:   1.96; 6106 src tok/s; 6347 tgt tok/s;     41 s elapsed
Epoch 16,   350/  454; acc:  82.90; ppl:   2.05; 6263 src tok/s; 6407 tgt tok/s;     48 s elapsed
Epoch 16,   400/  454; acc:  85.72; ppl:   1.79; 6052 src tok/s; 6344 tgt tok/s;     55 s elapsed
Epoch 16,   450/  454; acc:  84.05; ppl:   1.93; 5963 src tok/s; 6172 tgt tok/s;     62 s elapsed
Train perplexity: 1.92313
Train accuracy: 84.128
Validation perplexity: 6.47857
Validation accuracy: 69.3912
Decaying learning rate to 0.00195312

Epoch 17,    50/  454; acc:  83.86; ppl:   1.95; 6129 src tok/s; 6339 tgt tok/s;      7 s elapsed
Epoch 17,   100/  454; acc:  84.80; ppl:   1.88; 6110 src tok/s; 6387 tgt tok/s;     14 s elapsed
Epoch 17,   150/  454; acc:  83.62; ppl:   1.94; 6165 src tok/s; 6357 tgt tok/s;     21 s elapsed
Epoch 17,   200/  454; acc:  84.34; ppl:   1.89; 6019 src tok/s; 6316 tgt tok/s;     27 s elapsed
Epoch 17,   250/  454; acc:  84.35; ppl:   1.92; 6044 src tok/s; 6280 tgt tok/s;     34 s elapsed
Epoch 17,   300/  454; acc:  83.50; ppl:   1.96; 6242 src tok/s; 6434 tgt tok/s;     41 s elapsed
Epoch 17,   350/  454; acc:  85.14; ppl:   1.83; 6064 src tok/s; 6331 tgt tok/s;     48 s elapsed
Epoch 17,   400/  454; acc:  83.28; ppl:   2.00; 6256 src tok/s; 6438 tgt tok/s;     55 s elapsed
Epoch 17,   450/  454; acc:  84.16; ppl:   1.89; 5995 src tok/s; 6249 tgt tok/s;     62 s elapsed
Train perplexity: 1.91936
Train accuracy: 84.0985
Validation perplexity: 6.47904
Validation accuracy: 69.4054
Decaying learning rate to 0.000976562
