<module 'opts' from '/u/suhubdyd/research/projects/jumble_lstm/code/auxiliary-nmt/opts.pyc'>
Namespace(batch_size=64, brnn=False, brnn_merge='concat', cnn_kernel_width=3, context_gate=None, copy_attn=False, copy_attn_force=False, coverage_attn=False, data='/data/lisatmp3/suhubdyd/multi30k.atok.low', dec_layers=1, decay_method='', decoder_type='rnn', dropout=0.3, enc_layers=2, encoder_type='rnn', epochs=17, exp='', exp_host='', feat_merge='concat', feat_vec_exponent=0.7, feat_vec_size=-1, fix_word_vecs_dec=False, fix_word_vecs_enc=False, global_attention='general', gpuid=[0], input_feed=1, kappa_dec=0.5, kappa_enc=0.5, lambda_coverage=1, layers=-1, learning_rate=1.0, learning_rate_decay=0.5, max_generator_batches=32, max_grad_norm=5, model_type='text', optim='sgd', param_init=0.1, position_encoding=False, pre_word_vecs_dec=None, pre_word_vecs_enc=None, report_every=50, rnn_size=500, rnn_type='LSTM', save_model='/data/lisatmp3/suhubdyd/models/seeds/encoder0.5decoder0.5dropout0.3wdropFalseseed-1', seed=-1, share_decoder_embeddings=False, share_embeddings=False, src_word_vec_size=500, start_checkpoint_at=0, start_decay_at=8, start_epoch=1, tgt_word_vec_size=500, train_from='', truncated_decoder=0, warmup_steps=4000, weightdropout=False, word_vec_size=-1)
('Using Kappa L2 loss on encoder', 0.5)
('Using Kappa L2 loss on decoder', 0.5)
Loading train and validate data from '/data/lisatmp3/suhubdyd/multi30k.atok.low'
 * number of training sentences: 29000
 * maximum batch size: 64
 * vocabulary size. source = 10841; target = 18563
Building model...
Intializing model parameters.
NMTModel (
  (encoder): RNNEncoder (
    (embeddings): Embeddings (
      (make_embedding): Sequential (
        (emb_luts): Elementwise (
          (0): Embedding(10841, 500, padding_idx=1)
        )
      )
    )
    (dropout): Dropout (p = 0.3)
    (rnn): LSTM(500, 500, dropout=0.3)
  )
  (decoder): InputFeedRNNDecoder (
    (embeddings): Embeddings (
      (make_embedding): Sequential (
        (emb_luts): Elementwise (
          (0): Embedding(18563, 500, padding_idx=1)
        )
      )
    )
    (dropout): Dropout (p = 0.3)
    (rnn): StackedLSTM (
      (dropout): Dropout (p = 0.3)
      (layers): ModuleList (
        (0): LSTMCell(1000, 500)
      )
    )
    (attn): GlobalAttention (
      (linear_in): Linear (500 -> 500)
      (linear_out): Linear (1000 -> 500)
      (sm): Softmax ()
      (tanh): Tanh ()
    )
  )
  (generator): Sequential (
    (0): Linear (500 -> 18563)
    (1): LogSoftmax ()
  )
)
* number of parameters: 29760063
('encoder: ', 7424500)
('decoder: ', 22335563)

Epoch  1,    50/  454; acc:   8.00; ppl: 85539.17; 5129 src tok/s; 5332 tgt tok/s;      8 s elapsed
Epoch  1,   100/  454; acc:  13.21; ppl: 2216.77; 5203 src tok/s; 5387 tgt tok/s;     16 s elapsed
Epoch  1,   150/  454; acc:  17.92; ppl: 593.68; 5164 src tok/s; 5378 tgt tok/s;     24 s elapsed
Epoch  1,   200/  454; acc:  19.57; ppl: 323.26; 5218 src tok/s; 5428 tgt tok/s;     32 s elapsed
Epoch  1,   250/  454; acc:  23.57; ppl: 193.47; 5272 src tok/s; 5477 tgt tok/s;     40 s elapsed
Epoch  1,   300/  454; acc:  26.72; ppl: 137.72; 5279 src tok/s; 5459 tgt tok/s;     48 s elapsed
Epoch  1,   350/  454; acc:  29.87; ppl:  97.22; 5157 src tok/s; 5348 tgt tok/s;     56 s elapsed
Epoch  1,   400/  454; acc:  30.00; ppl:  87.97; 5282 src tok/s; 5468 tgt tok/s;     64 s elapsed
Epoch  1,   450/  454; acc:  32.79; ppl:  69.76; 5162 src tok/s; 5345 tgt tok/s;     73 s elapsed
Train perplexity: 425.643
Train accuracy: 22.5245
Validation perplexity: 58.9185
Validation accuracy: 34.7524

Epoch  2,    50/  454; acc:  35.06; ppl:  54.99; 5205 src tok/s; 5413 tgt tok/s;      8 s elapsed
Epoch  2,   100/  454; acc:  36.37; ppl:  51.00; 5240 src tok/s; 5410 tgt tok/s;     16 s elapsed
Epoch  2,   150/  454; acc:  40.75; ppl:  38.71; 5153 src tok/s; 5394 tgt tok/s;     24 s elapsed
Epoch  2,   200/  454; acc:  40.75; ppl:  37.81; 5265 src tok/s; 5443 tgt tok/s;     32 s elapsed
Epoch  2,   250/  454; acc:  44.80; ppl:  29.64; 5309 src tok/s; 5518 tgt tok/s;     40 s elapsed
Epoch  2,   300/  454; acc:  45.48; ppl:  27.53; 5223 src tok/s; 5433 tgt tok/s;     48 s elapsed
Epoch  2,   350/  454; acc:  47.90; ppl:  23.51; 5254 src tok/s; 5432 tgt tok/s;     56 s elapsed
Epoch  2,   400/  454; acc:  49.15; ppl:  21.63; 5115 src tok/s; 5288 tgt tok/s;     64 s elapsed
Epoch  2,   450/  454; acc:  50.80; ppl:  19.49; 5222 src tok/s; 5454 tgt tok/s;     72 s elapsed
Train perplexity: 31.689
Train accuracy: 43.4935
Validation perplexity: 16.7559
Validation accuracy: 52.1073

Epoch  3,    50/  454; acc:  52.85; ppl:  15.80; 5171 src tok/s; 5378 tgt tok/s;      8 s elapsed
Epoch  3,   100/  454; acc:  54.87; ppl:  14.72; 5285 src tok/s; 5475 tgt tok/s;     16 s elapsed
Epoch  3,   150/  454; acc:  53.84; ppl:  15.03; 5245 src tok/s; 5437 tgt tok/s;     24 s elapsed
Epoch  3,   200/  454; acc:  56.51; ppl:  12.73; 5290 src tok/s; 5493 tgt tok/s;     32 s elapsed
Epoch  3,   250/  454; acc:  56.60; ppl:  12.82; 5124 src tok/s; 5346 tgt tok/s;     40 s elapsed
Epoch  3,   300/  454; acc:  56.43; ppl:  12.61; 5217 src tok/s; 5363 tgt tok/s;     48 s elapsed
Epoch  3,   350/  454; acc:  56.72; ppl:  12.29; 5270 src tok/s; 5441 tgt tok/s;     57 s elapsed
Epoch  3,   400/  454; acc:  58.24; ppl:  11.21; 5201 src tok/s; 5432 tgt tok/s;     64 s elapsed
Epoch  3,   450/  454; acc:  58.17; ppl:  11.30; 5148 src tok/s; 5356 tgt tok/s;     72 s elapsed
Train perplexity: 13.0508
Train accuracy: 56.0706
Validation perplexity: 10.7526
Validation accuracy: 59.6211

Epoch  4,    50/  454; acc:  61.97; ppl:   8.31; 5132 src tok/s; 5378 tgt tok/s;      8 s elapsed
Epoch  4,   100/  454; acc:  60.18; ppl:   9.20; 5257 src tok/s; 5393 tgt tok/s;     16 s elapsed
Epoch  4,   150/  454; acc:  61.61; ppl:   8.59; 5244 src tok/s; 5462 tgt tok/s;     24 s elapsed
Epoch  4,   200/  454; acc:  60.45; ppl:   9.16; 5138 src tok/s; 5316 tgt tok/s;     32 s elapsed
Epoch  4,   250/  454; acc:  61.38; ppl:   8.49; 5349 src tok/s; 5533 tgt tok/s;     40 s elapsed
Epoch  4,   300/  454; acc:  61.59; ppl:   8.47; 5182 src tok/s; 5406 tgt tok/s;     48 s elapsed
Epoch  4,   350/  454; acc:  63.30; ppl:   7.69; 5216 src tok/s; 5446 tgt tok/s;     56 s elapsed
Epoch  4,   400/  454; acc:  61.63; ppl:   8.40; 5207 src tok/s; 5387 tgt tok/s;     64 s elapsed
Epoch  4,   450/  454; acc:  62.04; ppl:   8.43; 5140 src tok/s; 5327 tgt tok/s;     72 s elapsed
Train perplexity: 8.50844
Train accuracy: 61.5856
Validation perplexity: 8.23835
Validation accuracy: 62.6011

Epoch  5,    50/  454; acc:  64.32; ppl:   6.53; 5116 src tok/s; 5314 tgt tok/s;      8 s elapsed
Epoch  5,   100/  454; acc:  65.67; ppl:   6.19; 5203 src tok/s; 5423 tgt tok/s;     16 s elapsed
Epoch  5,   150/  454; acc:  64.27; ppl:   6.63; 5208 src tok/s; 5388 tgt tok/s;     24 s elapsed
Epoch  5,   200/  454; acc:  65.00; ppl:   6.42; 5211 src tok/s; 5419 tgt tok/s;     32 s elapsed
Epoch  5,   250/  454; acc:  64.25; ppl:   6.60; 5240 src tok/s; 5440 tgt tok/s;     40 s elapsed
Epoch  5,   300/  454; acc:  65.59; ppl:   6.25; 5191 src tok/s; 5406 tgt tok/s;     48 s elapsed
Epoch  5,   350/  454; acc:  65.02; ppl:   6.46; 5152 src tok/s; 5329 tgt tok/s;     57 s elapsed
Epoch  5,   400/  454; acc:  65.66; ppl:   6.25; 5258 src tok/s; 5469 tgt tok/s;     65 s elapsed
Epoch  5,   450/  454; acc:  65.36; ppl:   6.42; 5227 src tok/s; 5406 tgt tok/s;     72 s elapsed
Train perplexity: 6.41821
Train accuracy: 64.9932
Validation perplexity: 7.43022
Validation accuracy: 64.9709

Epoch  6,    50/  454; acc:  68.19; ppl:   5.09; 5100 src tok/s; 5283 tgt tok/s;      8 s elapsed
Epoch  6,   100/  454; acc:  68.28; ppl:   4.95; 5314 src tok/s; 5509 tgt tok/s;     16 s elapsed
Epoch  6,   150/  454; acc:  67.67; ppl:   5.11; 5206 src tok/s; 5407 tgt tok/s;     24 s elapsed
Epoch  6,   200/  454; acc:  67.65; ppl:   5.20; 5223 src tok/s; 5422 tgt tok/s;     32 s elapsed
Epoch  6,   250/  454; acc:  68.32; ppl:   4.96; 5209 src tok/s; 5421 tgt tok/s;     40 s elapsed
Epoch  6,   300/  454; acc:  66.36; ppl:   5.53; 5229 src tok/s; 5404 tgt tok/s;     48 s elapsed
Epoch  6,   350/  454; acc:  67.36; ppl:   5.28; 5213 src tok/s; 5422 tgt tok/s;     56 s elapsed
Epoch  6,   400/  454; acc:  67.63; ppl:   5.16; 5129 src tok/s; 5329 tgt tok/s;     64 s elapsed
Epoch  6,   450/  454; acc:  67.61; ppl:   5.23; 5143 src tok/s; 5344 tgt tok/s;     72 s elapsed
Train perplexity: 5.16905
Train accuracy: 67.6565
Validation perplexity: 6.792
Validation accuracy: 66.5673

Epoch  7,    50/  454; acc:  70.38; ppl:   4.15; 5188 src tok/s; 5394 tgt tok/s;      8 s elapsed
Epoch  7,   100/  454; acc:  70.47; ppl:   4.14; 5310 src tok/s; 5503 tgt tok/s;     16 s elapsed
Epoch  7,   150/  454; acc:  70.38; ppl:   4.19; 5223 src tok/s; 5433 tgt tok/s;     24 s elapsed
Epoch  7,   200/  454; acc:  70.08; ppl:   4.32; 5267 src tok/s; 5468 tgt tok/s;     32 s elapsed
Epoch  7,   250/  454; acc:  69.48; ppl:   4.41; 5203 src tok/s; 5402 tgt tok/s;     40 s elapsed
Epoch  7,   300/  454; acc:  69.60; ppl:   4.39; 5220 src tok/s; 5408 tgt tok/s;     48 s elapsed
Epoch  7,   350/  454; acc:  68.33; ppl:   4.75; 5274 src tok/s; 5442 tgt tok/s;     56 s elapsed
Epoch  7,   400/  454; acc:  70.01; ppl:   4.34; 5148 src tok/s; 5370 tgt tok/s;     64 s elapsed
Epoch  7,   450/  454; acc:  69.26; ppl:   4.50; 5195 src tok/s; 5392 tgt tok/s;     72 s elapsed
Train perplexity: 4.34922
Train accuracy: 69.7733
Validation perplexity: 6.5834
Validation accuracy: 66.4041

Epoch  8,    50/  454; acc:  71.92; ppl:   3.67; 5174 src tok/s; 5358 tgt tok/s;      8 s elapsed
Epoch  8,   100/  454; acc:  72.40; ppl:   3.57; 5265 src tok/s; 5465 tgt tok/s;     16 s elapsed
Epoch  8,   150/  454; acc:  71.41; ppl:   3.82; 5137 src tok/s; 5312 tgt tok/s;     25 s elapsed
Epoch  8,   200/  454; acc:  72.53; ppl:   3.54; 5297 src tok/s; 5542 tgt tok/s;     32 s elapsed
Epoch  8,   250/  454; acc:  71.79; ppl:   3.68; 5310 src tok/s; 5507 tgt tok/s;     40 s elapsed
Epoch  8,   300/  454; acc:  71.24; ppl:   3.84; 5187 src tok/s; 5390 tgt tok/s;     48 s elapsed
Epoch  8,   350/  454; acc:  70.36; ppl:   4.06; 5297 src tok/s; 5443 tgt tok/s;     57 s elapsed
Epoch  8,   400/  454; acc:  72.38; ppl:   3.57; 5198 src tok/s; 5440 tgt tok/s;     64 s elapsed
Epoch  8,   450/  454; acc:  70.57; ppl:   3.93; 5113 src tok/s; 5311 tgt tok/s;     72 s elapsed
Train perplexity: 3.7467
Train accuracy: 71.5914
Validation perplexity: 6.56637
Validation accuracy: 67.3904
Decaying learning rate to 0.5

Epoch  9,    50/  454; acc:  75.85; ppl:   2.92; 5305 src tok/s; 5450 tgt tok/s;      8 s elapsed
Epoch  9,   100/  454; acc:  77.44; ppl:   2.70; 5089 src tok/s; 5328 tgt tok/s;     16 s elapsed
Epoch  9,   150/  454; acc:  76.51; ppl:   2.82; 5223 src tok/s; 5391 tgt tok/s;     24 s elapsed
Epoch  9,   200/  454; acc:  76.34; ppl:   2.85; 5175 src tok/s; 5391 tgt tok/s;     32 s elapsed
Epoch  9,   250/  454; acc:  76.36; ppl:   2.84; 5173 src tok/s; 5364 tgt tok/s;     40 s elapsed
Epoch  9,   300/  454; acc:  76.79; ppl:   2.76; 5266 src tok/s; 5475 tgt tok/s;     48 s elapsed
Epoch  9,   350/  454; acc:  75.60; ppl:   2.94; 5270 src tok/s; 5444 tgt tok/s;     57 s elapsed
Epoch  9,   400/  454; acc:  77.17; ppl:   2.70; 5233 src tok/s; 5462 tgt tok/s;     64 s elapsed
Epoch  9,   450/  454; acc:  75.93; ppl:   2.93; 5193 src tok/s; 5397 tgt tok/s;     72 s elapsed
Train perplexity: 2.82663
Train accuracy: 76.4415
Validation perplexity: 6.09072
Validation accuracy: 68.8662
Decaying learning rate to 0.25

Epoch 10,    50/  454; acc:  80.05; ppl:   2.32; 5227 src tok/s; 5438 tgt tok/s;      8 s elapsed
Epoch 10,   100/  454; acc:  80.24; ppl:   2.34; 5326 src tok/s; 5532 tgt tok/s;     16 s elapsed
Epoch 10,   150/  454; acc:  79.75; ppl:   2.35; 5169 src tok/s; 5341 tgt tok/s;     24 s elapsed
Epoch 10,   200/  454; acc:  80.42; ppl:   2.30; 5190 src tok/s; 5382 tgt tok/s;     32 s elapsed
Epoch 10,   250/  454; acc:  80.63; ppl:   2.28; 5257 src tok/s; 5475 tgt tok/s;     40 s elapsed
Epoch 10,   300/  454; acc:  79.45; ppl:   2.40; 5175 src tok/s; 5345 tgt tok/s;     48 s elapsed
Epoch 10,   350/  454; acc:  80.14; ppl:   2.32; 5351 src tok/s; 5562 tgt tok/s;     56 s elapsed
Epoch 10,   400/  454; acc:  79.89; ppl:   2.37; 5104 src tok/s; 5306 tgt tok/s;     64 s elapsed
Epoch 10,   450/  454; acc:  79.35; ppl:   2.39; 5180 src tok/s; 5369 tgt tok/s;     72 s elapsed
Train perplexity: 2.33999
Train accuracy: 79.9854
Validation perplexity: 6.11152
Validation accuracy: 68.9939
Decaying learning rate to 0.125

Epoch 11,    50/  454; acc:  81.79; ppl:   2.17; 5150 src tok/s; 5333 tgt tok/s;      8 s elapsed
Epoch 11,   100/  454; acc:  82.58; ppl:   2.07; 5272 src tok/s; 5469 tgt tok/s;     16 s elapsed
Epoch 11,   150/  454; acc:  82.05; ppl:   2.14; 5261 src tok/s; 5443 tgt tok/s;     24 s elapsed
Epoch 11,   200/  454; acc:  82.54; ppl:   2.07; 5140 src tok/s; 5387 tgt tok/s;     32 s elapsed
Epoch 11,   250/  454; acc:  81.53; ppl:   2.19; 5303 src tok/s; 5476 tgt tok/s;     40 s elapsed
Epoch 11,   300/  454; acc:  82.74; ppl:   2.04; 5269 src tok/s; 5497 tgt tok/s;     48 s elapsed
Epoch 11,   350/  454; acc:  82.00; ppl:   2.13; 5265 src tok/s; 5464 tgt tok/s;     56 s elapsed
Epoch 11,   400/  454; acc:  81.37; ppl:   2.18; 5233 src tok/s; 5413 tgt tok/s;     64 s elapsed
Epoch 11,   450/  454; acc:  81.66; ppl:   2.15; 5167 src tok/s; 5358 tgt tok/s;     72 s elapsed
Train perplexity: 2.12486
Train accuracy: 82.0475
Validation perplexity: 6.23974
Validation accuracy: 69.3983
Decaying learning rate to 0.0625

Epoch 12,    50/  454; acc:  83.09; ppl:   2.06; 5199 src tok/s; 5389 tgt tok/s;      8 s elapsed
Epoch 12,   100/  454; acc:  83.54; ppl:   1.99; 5250 src tok/s; 5457 tgt tok/s;     16 s elapsed
Epoch 12,   150/  454; acc:  82.70; ppl:   2.06; 5099 src tok/s; 5326 tgt tok/s;     24 s elapsed
Epoch 12,   200/  454; acc:  83.51; ppl:   1.96; 5219 src tok/s; 5423 tgt tok/s;     32 s elapsed
Epoch 12,   250/  454; acc:  83.03; ppl:   2.02; 5218 src tok/s; 5392 tgt tok/s;     40 s elapsed
Epoch 12,   300/  454; acc:  82.91; ppl:   2.02; 5267 src tok/s; 5463 tgt tok/s;     48 s elapsed
Epoch 12,   350/  454; acc:  82.90; ppl:   2.05; 5186 src tok/s; 5404 tgt tok/s;     56 s elapsed
Epoch 12,   400/  454; acc:  82.77; ppl:   2.05; 5288 src tok/s; 5461 tgt tok/s;     64 s elapsed
Epoch 12,   450/  454; acc:  82.78; ppl:   2.04; 5205 src tok/s; 5389 tgt tok/s;     72 s elapsed
Train perplexity: 2.02436
Train accuracy: 83.0448
Validation perplexity: 6.31101
Validation accuracy: 69.4622
Decaying learning rate to 0.03125

Epoch 13,    50/  454; acc:  84.26; ppl:   1.90; 5166 src tok/s; 5376 tgt tok/s;      8 s elapsed
Epoch 13,   100/  454; acc:  82.95; ppl:   2.04; 5218 src tok/s; 5375 tgt tok/s;     16 s elapsed
Epoch 13,   150/  454; acc:  83.69; ppl:   1.95; 5207 src tok/s; 5390 tgt tok/s;     24 s elapsed
Epoch 13,   200/  454; acc:  83.70; ppl:   1.96; 5378 src tok/s; 5573 tgt tok/s;     32 s elapsed
Epoch 13,   250/  454; acc:  83.14; ppl:   2.02; 5219 src tok/s; 5408 tgt tok/s;     40 s elapsed
Epoch 13,   300/  454; acc:  83.84; ppl:   1.94; 5248 src tok/s; 5465 tgt tok/s;     48 s elapsed
Epoch 13,   350/  454; acc:  84.18; ppl:   1.94; 5144 src tok/s; 5388 tgt tok/s;     56 s elapsed
Epoch 13,   400/  454; acc:  83.11; ppl:   2.01; 5297 src tok/s; 5481 tgt tok/s;     64 s elapsed
Epoch 13,   450/  454; acc:  83.01; ppl:   2.02; 5104 src tok/s; 5299 tgt tok/s;     72 s elapsed
Train perplexity: 1.97249
Train accuracy: 83.5625
Validation perplexity: 6.35236
Validation accuracy: 69.3841
Decaying learning rate to 0.015625

Epoch 14,    50/  454; acc:  84.07; ppl:   1.90; 5270 src tok/s; 5491 tgt tok/s;      8 s elapsed
Epoch 14,   100/  454; acc:  83.55; ppl:   1.98; 5334 src tok/s; 5524 tgt tok/s;     16 s elapsed
Epoch 14,   150/  454; acc:  84.59; ppl:   1.90; 5249 src tok/s; 5450 tgt tok/s;     24 s elapsed
Epoch 14,   200/  454; acc:  83.44; ppl:   1.99; 5251 src tok/s; 5428 tgt tok/s;     32 s elapsed
Epoch 14,   250/  454; acc:  84.64; ppl:   1.86; 5128 src tok/s; 5357 tgt tok/s;     40 s elapsed
Epoch 14,   300/  454; acc:  82.88; ppl:   2.05; 5226 src tok/s; 5390 tgt tok/s;     48 s elapsed
Epoch 14,   350/  454; acc:  83.97; ppl:   1.93; 5221 src tok/s; 5399 tgt tok/s;     56 s elapsed
Epoch 14,   400/  454; acc:  83.44; ppl:   1.98; 5215 src tok/s; 5433 tgt tok/s;     64 s elapsed
Epoch 14,   450/  454; acc:  83.76; ppl:   1.94; 5046 src tok/s; 5248 tgt tok/s;     72 s elapsed
Train perplexity: 1.94703
Train accuracy: 83.8164
Validation perplexity: 6.38479
Validation accuracy: 69.3983
Decaying learning rate to 0.0078125

Epoch 15,    50/  454; acc:  84.25; ppl:   1.89; 5180 src tok/s; 5372 tgt tok/s;      8 s elapsed
Epoch 15,   100/  454; acc:  83.42; ppl:   2.00; 5274 src tok/s; 5460 tgt tok/s;     16 s elapsed
Epoch 15,   150/  454; acc:  83.97; ppl:   1.94; 5187 src tok/s; 5354 tgt tok/s;     24 s elapsed
Epoch 15,   200/  454; acc:  84.18; ppl:   1.91; 5206 src tok/s; 5415 tgt tok/s;     32 s elapsed
Epoch 15,   250/  454; acc:  84.11; ppl:   1.90; 5208 src tok/s; 5435 tgt tok/s;     40 s elapsed
Epoch 15,   300/  454; acc:  83.95; ppl:   1.95; 5421 src tok/s; 5600 tgt tok/s;     48 s elapsed
Epoch 15,   350/  454; acc:  84.80; ppl:   1.88; 5143 src tok/s; 5349 tgt tok/s;     56 s elapsed
Epoch 15,   400/  454; acc:  83.37; ppl:   2.03; 5140 src tok/s; 5341 tgt tok/s;     64 s elapsed
Epoch 15,   450/  454; acc:  83.90; ppl:   1.95; 5196 src tok/s; 5398 tgt tok/s;     72 s elapsed
Train perplexity: 1.93753
Train accuracy: 84.0011
Validation perplexity: 6.39722
Validation accuracy: 69.5118
Decaying learning rate to 0.00390625

Epoch 16,    50/  454; acc:  83.16; ppl:   1.99; 5126 src tok/s; 5315 tgt tok/s;      8 s elapsed
Epoch 16,   100/  454; acc:  84.94; ppl:   1.84; 5250 src tok/s; 5490 tgt tok/s;     16 s elapsed
Epoch 16,   150/  454; acc:  83.59; ppl:   1.97; 5296 src tok/s; 5476 tgt tok/s;     24 s elapsed
Epoch 16,   200/  454; acc:  84.39; ppl:   1.93; 5142 src tok/s; 5377 tgt tok/s;     32 s elapsed
Epoch 16,   250/  454; acc:  84.78; ppl:   1.85; 5240 src tok/s; 5468 tgt tok/s;     40 s elapsed
Epoch 16,   300/  454; acc:  83.31; ppl:   2.00; 5247 src tok/s; 5390 tgt tok/s;     48 s elapsed
Epoch 16,   350/  454; acc:  84.73; ppl:   1.87; 5315 src tok/s; 5516 tgt tok/s;     56 s elapsed
Epoch 16,   400/  454; acc:  83.38; ppl:   2.00; 5255 src tok/s; 5434 tgt tok/s;     64 s elapsed
Epoch 16,   450/  454; acc:  84.09; ppl:   1.94; 5175 src tok/s; 5357 tgt tok/s;     72 s elapsed
Train perplexity: 1.93129
Train accuracy: 84.0462
Validation perplexity: 6.4058
Validation accuracy: 69.4835
Decaying learning rate to 0.00195312

Epoch 17,    50/  454; acc:  83.87; ppl:   1.97; 5172 src tok/s; 5336 tgt tok/s;      8 s elapsed
Epoch 17,   100/  454; acc:  84.42; ppl:   1.91; 5217 src tok/s; 5436 tgt tok/s;     16 s elapsed
Epoch 17,   150/  454; acc:  84.48; ppl:   1.89; 5140 src tok/s; 5357 tgt tok/s;     24 s elapsed
Epoch 17,   200/  454; acc:  83.97; ppl:   1.93; 5209 src tok/s; 5392 tgt tok/s;     32 s elapsed
Epoch 17,   250/  454; acc:  83.68; ppl:   1.95; 5198 src tok/s; 5387 tgt tok/s;     40 s elapsed
Epoch 17,   300/  454; acc:  84.38; ppl:   1.89; 5214 src tok/s; 5429 tgt tok/s;     48 s elapsed
Epoch 17,   350/  454; acc:  83.37; ppl:   1.98; 5205 src tok/s; 5375 tgt tok/s;     57 s elapsed
Epoch 17,   400/  454; acc:  84.62; ppl:   1.88; 5175 src tok/s; 5401 tgt tok/s;     65 s elapsed
Epoch 17,   450/  454; acc:  83.68; ppl:   1.94; 5229 src tok/s; 5415 tgt tok/s;     73 s elapsed
Train perplexity: 1.9243
Train accuracy: 84.0689
Validation perplexity: 6.40781
Validation accuracy: 69.4693
Decaying learning rate to 0.000976562
