<module 'opts' from '/u/suhubdyd/research/projects/jumble_lstm/code/auxiliary-nmt/opts.pyc'>
Namespace(batch_size=64, brnn=False, brnn_merge='concat', cnn_kernel_width=3, context_gate=None, copy_attn=False, copy_attn_force=False, coverage_attn=False, data='/data/lisatmp3/suhubdyd/multi30k.atok.low', dec_layers=1, decay_method='', decoder_type='rnn', dropout=0.3, enc_layers=2, encoder_type='rnn', epochs=17, exp='', exp_host='', feat_merge='concat', feat_vec_exponent=0.7, feat_vec_size=-1, fix_word_vecs_dec=False, fix_word_vecs_enc=False, global_attention='general', gpuid=[0], input_feed=1, kappa_dec=0.1, kappa_enc=0.3, lambda_coverage=1, layers=-1, learning_rate=1.0, learning_rate_decay=0.5, max_generator_batches=32, max_grad_norm=5, model_type='text', optim='sgd', param_init=0.1, position_encoding=False, pre_word_vecs_dec=None, pre_word_vecs_enc=None, report_every=50, rnn_size=500, rnn_type='LSTM', save_model='/data/lisatmp3/suhubdyd/models/encoder0.3decoder0.1dropout0.3wdropFalse', seed=-1, share_decoder_embeddings=False, share_embeddings=False, src_word_vec_size=500, start_checkpoint_at=0, start_decay_at=8, start_epoch=1, tgt_word_vec_size=500, train_from='', truncated_decoder=0, warmup_steps=4000, weightdropout=False, word_vec_size=-1)
('Using Kappa L2 loss on encoder', 0.3)
('Using Kappa L2 loss on decoder', 0.1)
Loading train and validate data from '/data/lisatmp3/suhubdyd/multi30k.atok.low'
 * number of training sentences: 29000
 * maximum batch size: 64
 * vocabulary size. source = 10841; target = 18563
Building model...
Intializing model parameters.
NMTModel (
  (encoder): RNNEncoder (
    (embeddings): Embeddings (
      (make_embedding): Sequential (
        (emb_luts): Elementwise (
          (0): Embedding(10841, 500, padding_idx=1)
        )
      )
    )
    (dropout): Dropout (p = 0.3)
    (rnn): LSTM(500, 500, dropout=0.3)
  )
  (decoder): InputFeedRNNDecoder (
    (embeddings): Embeddings (
      (make_embedding): Sequential (
        (emb_luts): Elementwise (
          (0): Embedding(18563, 500, padding_idx=1)
        )
      )
    )
    (dropout): Dropout (p = 0.3)
    (rnn): StackedLSTM (
      (dropout): Dropout (p = 0.3)
      (layers): ModuleList (
        (0): LSTMCell(1000, 500)
      )
    )
    (attn): GlobalAttention (
      (linear_in): Linear (500 -> 500)
      (linear_out): Linear (1000 -> 500)
      (sm): Softmax ()
      (tanh): Tanh ()
    )
  )
  (generator): Sequential (
    (0): Linear (500 -> 18563)
    (1): LogSoftmax ()
  )
)
* number of parameters: 29760063
('encoder: ', 7424500)
('decoder: ', 22335563)

Epoch  1,    50/  454; acc:   8.42; ppl: 13705.42; 2454 src tok/s; 2552 tgt tok/s;     17 s elapsed
Epoch  1,   100/  454; acc:  15.75; ppl: 1074.73; 2811 src tok/s; 2911 tgt tok/s;     32 s elapsed
Epoch  1,   150/  454; acc:  18.90; ppl: 448.86; 2821 src tok/s; 2926 tgt tok/s;     47 s elapsed
Epoch  1,   200/  454; acc:  21.75; ppl: 241.86; 2866 src tok/s; 2966 tgt tok/s;     62 s elapsed
Epoch  1,   250/  454; acc:  26.37; ppl: 146.75; 2815 src tok/s; 2950 tgt tok/s;     76 s elapsed
Epoch  1,   300/  454; acc:  27.44; ppl: 121.22; 2875 src tok/s; 2969 tgt tok/s;     91 s elapsed
Epoch  1,   350/  454; acc:  29.72; ppl:  93.90; 2829 src tok/s; 2943 tgt tok/s;    106 s elapsed
Epoch  1,   400/  454; acc:  31.95; ppl:  74.15; 2777 src tok/s; 2879 tgt tok/s;    121 s elapsed
Epoch  1,   450/  454; acc:  32.86; ppl:  66.83; 2797 src tok/s; 2895 tgt tok/s;    136 s elapsed
Train perplexity: 282.603
Train accuracy: 23.7858
Validation perplexity: 55.2092
Validation accuracy: 35.2561

Epoch  2,    50/  454; acc:  36.57; ppl:  51.22; 2755 src tok/s; 2886 tgt tok/s;     14 s elapsed
Epoch  2,   100/  454; acc:  36.36; ppl:  50.53; 2916 src tok/s; 2992 tgt tok/s;     30 s elapsed
Epoch  2,   150/  454; acc:  39.93; ppl:  40.97; 2921 src tok/s; 3001 tgt tok/s;     45 s elapsed
Epoch  2,   200/  454; acc:  44.39; ppl:  29.98; 2733 src tok/s; 2872 tgt tok/s;     59 s elapsed
Epoch  2,   250/  454; acc:  46.89; ppl:  25.66; 2825 src tok/s; 2954 tgt tok/s;     74 s elapsed
Epoch  2,   300/  454; acc:  46.68; ppl:  25.36; 2797 src tok/s; 2906 tgt tok/s;     89 s elapsed
Epoch  2,   350/  454; acc:  48.93; ppl:  22.12; 2895 src tok/s; 2979 tgt tok/s;    104 s elapsed
Epoch  2,   400/  454; acc:  50.41; ppl:  20.24; 2862 src tok/s; 2975 tgt tok/s;    118 s elapsed
Epoch  2,   450/  454; acc:  51.94; ppl:  18.22; 2742 src tok/s; 2851 tgt tok/s;    133 s elapsed
Train perplexity: 29.4116
Train accuracy: 44.7181
Validation perplexity: 15.7873
Validation accuracy: 53.6682

Epoch  3,    50/  454; acc:  55.08; ppl:  14.22; 2812 src tok/s; 2928 tgt tok/s;     15 s elapsed
Epoch  3,   100/  454; acc:  54.38; ppl:  14.80; 2866 src tok/s; 2947 tgt tok/s;     30 s elapsed
Epoch  3,   150/  454; acc:  55.92; ppl:  13.44; 2756 src tok/s; 2869 tgt tok/s;     44 s elapsed
Epoch  3,   200/  454; acc:  56.21; ppl:  12.93; 2783 src tok/s; 2895 tgt tok/s;     60 s elapsed
Epoch  3,   250/  454; acc:  56.63; ppl:  12.77; 2801 src tok/s; 2909 tgt tok/s;     75 s elapsed
Epoch  3,   300/  454; acc:  57.69; ppl:  11.75; 2866 src tok/s; 2978 tgt tok/s;     89 s elapsed
Epoch  3,   350/  454; acc:  57.53; ppl:  11.83; 2833 src tok/s; 2919 tgt tok/s;    105 s elapsed
Epoch  3,   400/  454; acc:  59.35; ppl:  10.71; 2825 src tok/s; 2945 tgt tok/s;    119 s elapsed
Epoch  3,   450/  454; acc:  59.17; ppl:  10.59; 2814 src tok/s; 2928 tgt tok/s;    134 s elapsed
Train perplexity: 12.4739
Train accuracy: 56.8899
Validation perplexity: 13.1336
Validation accuracy: 56.2296

Epoch  4,    50/  454; acc:  60.74; ppl:   8.95; 2819 src tok/s; 2918 tgt tok/s;     15 s elapsed
Epoch  4,   100/  454; acc:  62.19; ppl:   8.48; 2832 src tok/s; 2947 tgt tok/s;     30 s elapsed
Epoch  4,   150/  454; acc:  62.46; ppl:   8.05; 2797 src tok/s; 2909 tgt tok/s;     44 s elapsed
Epoch  4,   200/  454; acc:  61.46; ppl:   8.52; 2858 src tok/s; 2953 tgt tok/s;     59 s elapsed
Epoch  4,   250/  454; acc:  62.53; ppl:   8.03; 2799 src tok/s; 2901 tgt tok/s;     74 s elapsed
Epoch  4,   300/  454; acc:  61.20; ppl:   8.72; 2839 src tok/s; 2958 tgt tok/s;     89 s elapsed
Epoch  4,   350/  454; acc:  62.36; ppl:   8.00; 2844 src tok/s; 2962 tgt tok/s;    104 s elapsed
Epoch  4,   400/  454; acc:  63.09; ppl:   7.69; 2867 src tok/s; 2959 tgt tok/s;    119 s elapsed
Epoch  4,   450/  454; acc:  62.40; ppl:   8.05; 2756 src tok/s; 2864 tgt tok/s;    133 s elapsed
Train perplexity: 8.27594
Train accuracy: 62.037
Validation perplexity: 8.20825
Validation accuracy: 64.0982

Epoch  5,    50/  454; acc:  65.36; ppl:   6.17; 2792 src tok/s; 2898 tgt tok/s;     15 s elapsed
Epoch  5,   100/  454; acc:  65.43; ppl:   6.36; 2835 src tok/s; 2941 tgt tok/s;     30 s elapsed
Epoch  5,   150/  454; acc:  64.44; ppl:   6.67; 2785 src tok/s; 2879 tgt tok/s;     45 s elapsed
Epoch  5,   200/  454; acc:  65.55; ppl:   6.16; 2783 src tok/s; 2903 tgt tok/s;     60 s elapsed
Epoch  5,   250/  454; acc:  66.87; ppl:   5.83; 2791 src tok/s; 2911 tgt tok/s;     74 s elapsed
Epoch  5,   300/  454; acc:  65.03; ppl:   6.45; 2899 src tok/s; 2994 tgt tok/s;     89 s elapsed
Epoch  5,   350/  454; acc:  64.74; ppl:   6.45; 2892 src tok/s; 3003 tgt tok/s;    104 s elapsed
Epoch  5,   400/  454; acc:  65.47; ppl:   6.28; 2845 src tok/s; 2954 tgt tok/s;    119 s elapsed
Epoch  5,   450/  454; acc:  65.78; ppl:   6.11; 2746 src tok/s; 2848 tgt tok/s;    134 s elapsed
Train perplexity: 6.26699
Train accuracy: 65.4228
Validation perplexity: 7.35577
Validation accuracy: 65.3966

Epoch  6,    50/  454; acc:  68.92; ppl:   4.79; 2776 src tok/s; 2877 tgt tok/s;     15 s elapsed
Epoch  6,   100/  454; acc:  68.04; ppl:   5.06; 2867 src tok/s; 2982 tgt tok/s;     30 s elapsed
Epoch  6,   150/  454; acc:  67.66; ppl:   5.11; 2851 src tok/s; 2942 tgt tok/s;     45 s elapsed
Epoch  6,   200/  454; acc:  68.51; ppl:   4.87; 2831 src tok/s; 2947 tgt tok/s;     59 s elapsed
Epoch  6,   250/  454; acc:  68.21; ppl:   4.96; 2794 src tok/s; 2911 tgt tok/s;     74 s elapsed
Epoch  6,   300/  454; acc:  67.65; ppl:   5.19; 2827 src tok/s; 2915 tgt tok/s;     89 s elapsed
Epoch  6,   350/  454; acc:  67.79; ppl:   5.12; 2798 src tok/s; 2908 tgt tok/s;    104 s elapsed
Epoch  6,   400/  454; acc:  67.67; ppl:   5.21; 2790 src tok/s; 2908 tgt tok/s;    119 s elapsed
Epoch  6,   450/  454; acc:  67.74; ppl:   5.19; 2813 src tok/s; 2913 tgt tok/s;    134 s elapsed
Train perplexity: 5.05434
Train accuracy: 68.0232
Validation perplexity: 6.75491
Validation accuracy: 66.1558

Epoch  7,    50/  454; acc:  71.78; ppl:   3.92; 2847 src tok/s; 2966 tgt tok/s;     14 s elapsed
Epoch  7,   100/  454; acc:  69.79; ppl:   4.33; 2795 src tok/s; 2888 tgt tok/s;     30 s elapsed
Epoch  7,   150/  454; acc:  70.63; ppl:   4.16; 2723 src tok/s; 2844 tgt tok/s;     45 s elapsed
Epoch  7,   200/  454; acc:  69.66; ppl:   4.33; 2830 src tok/s; 2924 tgt tok/s;     60 s elapsed
Epoch  7,   250/  454; acc:  69.92; ppl:   4.34; 2793 src tok/s; 2908 tgt tok/s;     75 s elapsed
Epoch  7,   300/  454; acc:  70.49; ppl:   4.17; 2847 src tok/s; 2949 tgt tok/s;     90 s elapsed
Epoch  7,   350/  454; acc:  70.17; ppl:   4.25; 2814 src tok/s; 2919 tgt tok/s;    104 s elapsed
Epoch  7,   400/  454; acc:  69.38; ppl:   4.45; 2830 src tok/s; 2935 tgt tok/s;    119 s elapsed
Epoch  7,   450/  454; acc:  69.07; ppl:   4.53; 2809 src tok/s; 2912 tgt tok/s;    134 s elapsed
Train perplexity: 4.27232
Train accuracy: 70.1003
Validation perplexity: 6.40689
Validation accuracy: 67.0569

Epoch  8,    50/  454; acc:  72.85; ppl:   3.48; 2867 src tok/s; 2972 tgt tok/s;     15 s elapsed
Epoch  8,   100/  454; acc:  73.70; ppl:   3.36; 2792 src tok/s; 2901 tgt tok/s;     30 s elapsed
Epoch  8,   150/  454; acc:  71.76; ppl:   3.75; 2808 src tok/s; 2898 tgt tok/s;     45 s elapsed
Epoch  8,   200/  454; acc:  71.95; ppl:   3.68; 2829 src tok/s; 2949 tgt tok/s;     59 s elapsed
Epoch  8,   250/  454; acc:  71.64; ppl:   3.78; 2824 src tok/s; 2916 tgt tok/s;     74 s elapsed
Epoch  8,   300/  454; acc:  72.49; ppl:   3.61; 2828 src tok/s; 2960 tgt tok/s;     89 s elapsed
Epoch  8,   350/  454; acc:  70.41; ppl:   4.03; 2884 src tok/s; 2977 tgt tok/s;    104 s elapsed
Epoch  8,   400/  454; acc:  71.61; ppl:   3.83; 2814 src tok/s; 2923 tgt tok/s;    119 s elapsed
Epoch  8,   450/  454; acc:  70.76; ppl:   3.94; 2776 src tok/s; 2886 tgt tok/s;    134 s elapsed
Train perplexity: 3.70988
Train accuracy: 71.9107
Validation perplexity: 6.4654
Validation accuracy: 67.7026
Decaying learning rate to 0.5

Epoch  9,    50/  454; acc:  77.11; ppl:   2.70; 2741 src tok/s; 2870 tgt tok/s;     14 s elapsed
Epoch  9,   100/  454; acc:  76.15; ppl:   2.92; 2840 src tok/s; 2926 tgt tok/s;     30 s elapsed
Epoch  9,   150/  454; acc:  76.92; ppl:   2.77; 2857 src tok/s; 2950 tgt tok/s;     45 s elapsed
Epoch  9,   200/  454; acc:  76.64; ppl:   2.80; 2881 src tok/s; 2982 tgt tok/s;     59 s elapsed
Epoch  9,   250/  454; acc:  77.81; ppl:   2.58; 2823 src tok/s; 2937 tgt tok/s;     74 s elapsed
Epoch  9,   300/  454; acc:  75.92; ppl:   2.92; 2819 src tok/s; 2931 tgt tok/s;     89 s elapsed
Epoch  9,   350/  454; acc:  76.13; ppl:   2.87; 2795 src tok/s; 2899 tgt tok/s;    104 s elapsed
Epoch  9,   400/  454; acc:  77.33; ppl:   2.67; 2825 src tok/s; 2944 tgt tok/s;    119 s elapsed
Epoch  9,   450/  454; acc:  75.96; ppl:   2.90; 2771 src tok/s; 2872 tgt tok/s;    134 s elapsed
Train perplexity: 2.7878
Train accuracy: 76.6734
Validation perplexity: 6.2119
Validation accuracy: 68.9939
Decaying learning rate to 0.25

Epoch 10,    50/  454; acc:  80.57; ppl:   2.31; 2838 src tok/s; 2934 tgt tok/s;     15 s elapsed
Epoch 10,   100/  454; acc:  79.88; ppl:   2.35; 2789 src tok/s; 2892 tgt tok/s;     30 s elapsed
Epoch 10,   150/  454; acc:  80.80; ppl:   2.26; 2731 src tok/s; 2857 tgt tok/s;     45 s elapsed
Epoch 10,   200/  454; acc:  79.86; ppl:   2.34; 2867 src tok/s; 2950 tgt tok/s;     60 s elapsed
Epoch 10,   250/  454; acc:  80.00; ppl:   2.33; 2834 src tok/s; 2949 tgt tok/s;     75 s elapsed
Epoch 10,   300/  454; acc:  80.21; ppl:   2.31; 2841 src tok/s; 2943 tgt tok/s;     90 s elapsed
Epoch 10,   350/  454; acc:  80.43; ppl:   2.27; 2757 src tok/s; 2865 tgt tok/s;    105 s elapsed
Epoch 10,   400/  454; acc:  79.83; ppl:   2.37; 2778 src tok/s; 2880 tgt tok/s;    120 s elapsed
Epoch 10,   450/  454; acc:  79.98; ppl:   2.34; 2748 src tok/s; 2867 tgt tok/s;    135 s elapsed
Train perplexity: 2.31965
Train accuracy: 80.1681
Validation perplexity: 6.10576
Validation accuracy: 69.8028
Decaying learning rate to 0.125

Epoch 11,    50/  454; acc:  83.32; ppl:   1.97; 2766 src tok/s; 2866 tgt tok/s;     14 s elapsed
Epoch 11,   100/  454; acc:  81.36; ppl:   2.19; 2800 src tok/s; 2889 tgt tok/s;     30 s elapsed
Epoch 11,   150/  454; acc:  82.36; ppl:   2.08; 2885 src tok/s; 2986 tgt tok/s;     45 s elapsed
Epoch 11,   200/  454; acc:  82.37; ppl:   2.09; 2778 src tok/s; 2890 tgt tok/s;     60 s elapsed
Epoch 11,   250/  454; acc:  81.51; ppl:   2.20; 2799 src tok/s; 2897 tgt tok/s;     75 s elapsed
Epoch 11,   300/  454; acc:  82.53; ppl:   2.06; 2736 src tok/s; 2858 tgt tok/s;     90 s elapsed
Epoch 11,   350/  454; acc:  82.53; ppl:   2.05; 2786 src tok/s; 2913 tgt tok/s;    105 s elapsed
Epoch 11,   400/  454; acc:  81.51; ppl:   2.19; 2819 src tok/s; 2916 tgt tok/s;    120 s elapsed
Epoch 11,   450/  454; acc:  83.26; ppl:   1.96; 2760 src tok/s; 2891 tgt tok/s;    134 s elapsed
Train perplexity: 2.10655
Train accuracy: 82.1452
Validation perplexity: 6.19637
Validation accuracy: 69.7247
Decaying learning rate to 0.0625

Epoch 12,    50/  454; acc:  83.64; ppl:   1.99; 2703 src tok/s; 2795 tgt tok/s;     15 s elapsed
Epoch 12,   100/  454; acc:  83.33; ppl:   1.97; 2812 src tok/s; 2922 tgt tok/s;     31 s elapsed
Epoch 12,   150/  454; acc:  83.54; ppl:   1.97; 2795 src tok/s; 2916 tgt tok/s;     45 s elapsed
Epoch 12,   200/  454; acc:  82.55; ppl:   2.05; 2840 src tok/s; 2938 tgt tok/s;     60 s elapsed
Epoch 12,   250/  454; acc:  83.30; ppl:   2.02; 2793 src tok/s; 2918 tgt tok/s;     75 s elapsed
Epoch 12,   300/  454; acc:  83.15; ppl:   2.00; 2894 src tok/s; 2987 tgt tok/s;     90 s elapsed
Epoch 12,   350/  454; acc:  82.87; ppl:   2.03; 2784 src tok/s; 2896 tgt tok/s;    105 s elapsed
Epoch 12,   400/  454; acc:  82.93; ppl:   2.03; 2807 src tok/s; 2908 tgt tok/s;    120 s elapsed
Epoch 12,   450/  454; acc:  83.52; ppl:   1.98; 2772 src tok/s; 2876 tgt tok/s;    135 s elapsed
Train perplexity: 2.00647
Train accuracy: 83.1786
Validation perplexity: 6.27482
Validation accuracy: 69.7105
Decaying learning rate to 0.03125

Epoch 13,    50/  454; acc:  84.57; ppl:   1.89; 2751 src tok/s; 2883 tgt tok/s;     14 s elapsed
Epoch 13,   100/  454; acc:  83.05; ppl:   2.04; 2893 src tok/s; 2980 tgt tok/s;     30 s elapsed
Epoch 13,   150/  454; acc:  84.48; ppl:   1.86; 2801 src tok/s; 2908 tgt tok/s;     44 s elapsed
Epoch 13,   200/  454; acc:  83.07; ppl:   2.03; 2784 src tok/s; 2904 tgt tok/s;     60 s elapsed
Epoch 13,   250/  454; acc:  83.64; ppl:   1.99; 2928 src tok/s; 3029 tgt tok/s;     75 s elapsed
Epoch 13,   300/  454; acc:  83.75; ppl:   1.96; 2804 src tok/s; 2904 tgt tok/s;     89 s elapsed
Epoch 13,   350/  454; acc:  83.66; ppl:   1.96; 2789 src tok/s; 2884 tgt tok/s;    104 s elapsed
Epoch 13,   400/  454; acc:  83.98; ppl:   1.93; 2794 src tok/s; 2898 tgt tok/s;    119 s elapsed
Epoch 13,   450/  454; acc:  83.82; ppl:   1.94; 2764 src tok/s; 2880 tgt tok/s;    134 s elapsed
Train perplexity: 1.95814
Train accuracy: 83.7554
Validation perplexity: 6.33707
Validation accuracy: 69.8666
Decaying learning rate to 0.015625

Epoch 14,    50/  454; acc:  84.20; ppl:   1.92; 2796 src tok/s; 2908 tgt tok/s;     15 s elapsed
Epoch 14,   100/  454; acc:  83.88; ppl:   1.95; 2795 src tok/s; 2889 tgt tok/s;     30 s elapsed
Epoch 14,   150/  454; acc:  84.48; ppl:   1.88; 2773 src tok/s; 2889 tgt tok/s;     45 s elapsed
Epoch 14,   200/  454; acc:  83.34; ppl:   2.00; 2814 src tok/s; 2912 tgt tok/s;     60 s elapsed
Epoch 14,   250/  454; acc:  84.58; ppl:   1.86; 2765 src tok/s; 2882 tgt tok/s;     75 s elapsed
Epoch 14,   300/  454; acc:  83.58; ppl:   1.96; 2817 src tok/s; 2919 tgt tok/s;     90 s elapsed
Epoch 14,   350/  454; acc:  83.29; ppl:   1.98; 2898 src tok/s; 2978 tgt tok/s;    105 s elapsed
Epoch 14,   400/  454; acc:  84.49; ppl:   1.89; 2835 src tok/s; 2963 tgt tok/s;    120 s elapsed
Epoch 14,   450/  454; acc:  83.81; ppl:   1.96; 2782 src tok/s; 2889 tgt tok/s;    135 s elapsed
Train perplexity: 1.93171
Train accuracy: 83.9665
Validation perplexity: 6.36932
Validation accuracy: 69.8098
Decaying learning rate to 0.0078125

Epoch 15,    50/  454; acc:  84.30; ppl:   1.87; 2821 src tok/s; 2931 tgt tok/s;     15 s elapsed
Epoch 15,   100/  454; acc:  84.10; ppl:   1.95; 2770 src tok/s; 2899 tgt tok/s;     30 s elapsed
Epoch 15,   150/  454; acc:  84.35; ppl:   1.90; 2822 src tok/s; 2926 tgt tok/s;     45 s elapsed
Epoch 15,   200/  454; acc:  84.47; ppl:   1.91; 2790 src tok/s; 2884 tgt tok/s;     60 s elapsed
Epoch 15,   250/  454; acc:  84.44; ppl:   1.89; 2849 src tok/s; 2939 tgt tok/s;     75 s elapsed
Epoch 15,   300/  454; acc:  84.15; ppl:   1.93; 2816 src tok/s; 2923 tgt tok/s;     89 s elapsed
Epoch 15,   350/  454; acc:  83.63; ppl:   1.97; 2805 src tok/s; 2900 tgt tok/s;    105 s elapsed
Epoch 15,   400/  454; acc:  83.95; ppl:   1.93; 2773 src tok/s; 2891 tgt tok/s;    120 s elapsed
Epoch 15,   450/  454; acc:  84.27; ppl:   1.92; 2778 src tok/s; 2884 tgt tok/s;    135 s elapsed
Train perplexity: 1.92068
Train accuracy: 84.1811
Validation perplexity: 6.3824
Validation accuracy: 69.8169
Decaying learning rate to 0.00390625

Epoch 16,    50/  454; acc:  84.55; ppl:   1.88; 2790 src tok/s; 2914 tgt tok/s;     15 s elapsed
Epoch 16,   100/  454; acc:  83.89; ppl:   1.95; 2799 src tok/s; 2900 tgt tok/s;     30 s elapsed
Epoch 16,   150/  454; acc:  83.00; ppl:   2.04; 2780 src tok/s; 2858 tgt tok/s;     46 s elapsed
Epoch 16,   200/  454; acc:  85.54; ppl:   1.80; 2822 src tok/s; 2947 tgt tok/s;     60 s elapsed
Epoch 16,   250/  454; acc:  84.06; ppl:   1.92; 2807 src tok/s; 2902 tgt tok/s;     75 s elapsed
Epoch 16,   300/  454; acc:  84.10; ppl:   1.93; 2725 src tok/s; 2826 tgt tok/s;     91 s elapsed
Epoch 16,   350/  454; acc:  84.07; ppl:   1.95; 2802 src tok/s; 2920 tgt tok/s;    106 s elapsed
Epoch 16,   400/  454; acc:  84.65; ppl:   1.87; 2776 src tok/s; 2896 tgt tok/s;    120 s elapsed
Epoch 16,   450/  454; acc:  84.42; ppl:   1.90; 2750 src tok/s; 2843 tgt tok/s;    135 s elapsed
Train perplexity: 1.91656
Train accuracy: 84.2115
Validation perplexity: 6.38238
Validation accuracy: 69.8311
Decaying learning rate to 0.00195312

Epoch 17,    50/  454; acc:  84.53; ppl:   1.88; 2810 src tok/s; 2915 tgt tok/s;     15 s elapsed
Epoch 17,   100/  454; acc:  84.07; ppl:   1.95; 2800 src tok/s; 2907 tgt tok/s;     30 s elapsed
Epoch 17,   150/  454; acc:  84.90; ppl:   1.84; 2771 src tok/s; 2889 tgt tok/s;     45 s elapsed
Epoch 17,   200/  454; acc:  83.74; ppl:   1.97; 2780 src tok/s; 2878 tgt tok/s;     60 s elapsed
Epoch 17,   250/  454; acc:  83.94; ppl:   1.95; 2868 src tok/s; 2979 tgt tok/s;     75 s elapsed
Epoch 17,   300/  454; acc:  84.13; ppl:   1.91; 2876 src tok/s; 2984 tgt tok/s;     90 s elapsed
Epoch 17,   350/  454; acc:  84.00; ppl:   1.95; 2819 src tok/s; 2929 tgt tok/s;    104 s elapsed
Epoch 17,   400/  454; acc:  84.77; ppl:   1.86; 2890 src tok/s; 2993 tgt tok/s;    119 s elapsed
Epoch 17,   450/  454; acc:  84.02; ppl:   1.91; 2804 src tok/s; 2908 tgt tok/s;    134 s elapsed
Train perplexity: 1.91351
Train accuracy: 84.2183
Validation perplexity: 6.38511
Validation accuracy: 69.8382
Decaying learning rate to 0.000976562
