<module 'opts' from '/u/suhubdyd/research/projects/jumble_lstm/code/auxiliary-nmt/opts.pyc'>
Namespace(batch_size=64, brnn=False, brnn_merge='concat', cnn_kernel_width=3, context_gate=None, copy_attn=False, copy_attn_force=False, coverage_attn=False, data='/data/lisatmp3/suhubdyd/multi30k.atok.low', dec_layers=1, decay_method='', decoder_type='rnn', dropout=0.3, enc_layers=2, encoder_type='rnn', epochs=17, exp='', exp_host='', feat_merge='concat', feat_vec_exponent=0.7, feat_vec_size=-1, fix_word_vecs_dec=False, fix_word_vecs_enc=False, global_attention='general', gpuid=[0], input_feed=1, kappa_dec=0.3, kappa_enc=0.3, lambda_coverage=1, layers=-1, learning_rate=1.0, learning_rate_decay=0.5, max_generator_batches=32, max_grad_norm=5, model_type='text', optim='sgd', param_init=0.1, position_encoding=False, pre_word_vecs_dec=None, pre_word_vecs_enc=None, report_every=50, rnn_size=500, rnn_type='LSTM', save_model='/data/lisatmp3/suhubdyd/models/seeds/encoder0.3decoder0.3dropout0.3wdropFalseseed2', seed=2, share_decoder_embeddings=False, share_embeddings=False, src_word_vec_size=500, start_checkpoint_at=0, start_decay_at=8, start_epoch=1, tgt_word_vec_size=500, train_from='', truncated_decoder=0, warmup_steps=4000, weightdropout=False, word_vec_size=-1)
('Using Kappa L2 loss on encoder', 0.3)
('Using Kappa L2 loss on decoder', 0.3)
Loading train and validate data from '/data/lisatmp3/suhubdyd/multi30k.atok.low'
 * number of training sentences: 29000
 * maximum batch size: 64
 * vocabulary size. source = 10841; target = 18563
Building model...
Intializing model parameters.
NMTModel (
  (encoder): RNNEncoder (
    (embeddings): Embeddings (
      (make_embedding): Sequential (
        (emb_luts): Elementwise (
          (0): Embedding(10841, 500, padding_idx=1)
        )
      )
    )
    (dropout): Dropout (p = 0.3)
    (rnn): LSTM(500, 500, dropout=0.3)
  )
  (decoder): InputFeedRNNDecoder (
    (embeddings): Embeddings (
      (make_embedding): Sequential (
        (emb_luts): Elementwise (
          (0): Embedding(18563, 500, padding_idx=1)
        )
      )
    )
    (dropout): Dropout (p = 0.3)
    (rnn): StackedLSTM (
      (dropout): Dropout (p = 0.3)
      (layers): ModuleList (
        (0): LSTMCell(1000, 500)
      )
    )
    (attn): GlobalAttention (
      (linear_in): Linear (500 -> 500)
      (linear_out): Linear (1000 -> 500)
      (sm): Softmax ()
      (tanh): Tanh ()
    )
  )
  (generator): Sequential (
    (0): Linear (500 -> 18563)
    (1): LogSoftmax ()
  )
)
* number of parameters: 29760063
('encoder: ', 7424500)
('decoder: ', 22335563)

Epoch  1,    50/  454; acc:  10.26; ppl: 7395.02; 3003 src tok/s; 3112 tgt tok/s;     14 s elapsed
Epoch  1,   100/  454; acc:  16.01; ppl: 1345.28; 3294 src tok/s; 3425 tgt tok/s;     27 s elapsed
Epoch  1,   150/  454; acc:  18.98; ppl: 415.95; 3338 src tok/s; 3457 tgt tok/s;     39 s elapsed
Epoch  1,   200/  454; acc:  21.57; ppl: 243.44; 3316 src tok/s; 3420 tgt tok/s;     52 s elapsed
Epoch  1,   250/  454; acc:  24.37; ppl: 177.10; 3342 src tok/s; 3445 tgt tok/s;     65 s elapsed
Epoch  1,   300/  454; acc:  28.94; ppl: 106.83; 3332 src tok/s; 3496 tgt tok/s;     77 s elapsed
Epoch  1,   350/  454; acc:  29.82; ppl:  96.06; 3359 src tok/s; 3496 tgt tok/s;     90 s elapsed
Epoch  1,   400/  454; acc:  31.71; ppl:  77.98; 3246 src tok/s; 3362 tgt tok/s;    103 s elapsed
Epoch  1,   450/  454; acc:  33.06; ppl:  68.71; 3281 src tok/s; 3419 tgt tok/s;    115 s elapsed
Train perplexity: 275.207
Train accuracy: 23.9148
Validation perplexity: 59.9194
Validation accuracy: 32.6025

Epoch  2,    50/  454; acc:  36.35; ppl:  51.84; 3263 src tok/s; 3372 tgt tok/s;     13 s elapsed
Epoch  2,   100/  454; acc:  38.88; ppl:  43.67; 3269 src tok/s; 3396 tgt tok/s;     26 s elapsed
Epoch  2,   150/  454; acc:  42.36; ppl:  35.66; 3317 src tok/s; 3476 tgt tok/s;     38 s elapsed
Epoch  2,   200/  454; acc:  42.78; ppl:  33.02; 3356 src tok/s; 3464 tgt tok/s;     51 s elapsed
Epoch  2,   250/  454; acc:  45.06; ppl:  28.23; 3279 src tok/s; 3402 tgt tok/s;     64 s elapsed
Epoch  2,   300/  454; acc:  47.61; ppl:  23.48; 3317 src tok/s; 3446 tgt tok/s;     76 s elapsed
Epoch  2,   350/  454; acc:  50.25; ppl:  20.03; 3214 src tok/s; 3360 tgt tok/s;     89 s elapsed
Epoch  2,   400/  454; acc:  49.18; ppl:  21.48; 3350 src tok/s; 3459 tgt tok/s;    102 s elapsed
Epoch  2,   450/  454; acc:  51.62; ppl:  18.44; 3274 src tok/s; 3388 tgt tok/s;    115 s elapsed
Train perplexity: 28.7832
Train accuracy: 44.9467
Validation perplexity: 17.7298
Validation accuracy: 51.7809

Epoch  3,    50/  454; acc:  53.37; ppl:  15.14; 3271 src tok/s; 3383 tgt tok/s;     13 s elapsed
Epoch  3,   100/  454; acc:  55.43; ppl:  13.83; 3223 src tok/s; 3369 tgt tok/s;     26 s elapsed
Epoch  3,   150/  454; acc:  54.96; ppl:  13.87; 3286 src tok/s; 3419 tgt tok/s;     39 s elapsed
Epoch  3,   200/  454; acc:  56.44; ppl:  12.73; 3283 src tok/s; 3395 tgt tok/s;     51 s elapsed
Epoch  3,   250/  454; acc:  56.74; ppl:  12.39; 3288 src tok/s; 3418 tgt tok/s;     64 s elapsed
Epoch  3,   300/  454; acc:  57.04; ppl:  12.12; 3325 src tok/s; 3451 tgt tok/s;     77 s elapsed
Epoch  3,   350/  454; acc:  59.20; ppl:  10.69; 3296 src tok/s; 3463 tgt tok/s;     89 s elapsed
Epoch  3,   400/  454; acc:  56.50; ppl:  12.34; 3285 src tok/s; 3380 tgt tok/s;    102 s elapsed
Epoch  3,   450/  454; acc:  58.13; ppl:  11.25; 3298 src tok/s; 3400 tgt tok/s;    115 s elapsed
Train perplexity: 12.6397
Train accuracy: 56.4223
Validation perplexity: 10.6764
Validation accuracy: 59.1599

Epoch  4,    50/  454; acc:  60.48; ppl:   8.97; 3213 src tok/s; 3333 tgt tok/s;     13 s elapsed
Epoch  4,   100/  454; acc:  61.66; ppl:   8.51; 3295 src tok/s; 3416 tgt tok/s;     26 s elapsed
Epoch  4,   150/  454; acc:  61.22; ppl:   8.63; 3269 src tok/s; 3384 tgt tok/s;     39 s elapsed
Epoch  4,   200/  454; acc:  61.83; ppl:   8.38; 3314 src tok/s; 3441 tgt tok/s;     51 s elapsed
Epoch  4,   250/  454; acc:  62.31; ppl:   8.07; 3320 src tok/s; 3472 tgt tok/s;     64 s elapsed
Epoch  4,   300/  454; acc:  61.31; ppl:   8.57; 3299 src tok/s; 3408 tgt tok/s;     77 s elapsed
Epoch  4,   350/  454; acc:  61.50; ppl:   8.49; 3382 src tok/s; 3489 tgt tok/s;     90 s elapsed
Epoch  4,   400/  454; acc:  63.24; ppl:   7.67; 3203 src tok/s; 3350 tgt tok/s;    102 s elapsed
Epoch  4,   450/  454; acc:  62.41; ppl:   8.10; 3271 src tok/s; 3382 tgt tok/s;    115 s elapsed
Train perplexity: 8.35502
Train accuracy: 61.7975
Validation perplexity: 8.19433
Validation accuracy: 63.7434

Epoch  5,    50/  454; acc:  66.21; ppl:   6.10; 3204 src tok/s; 3332 tgt tok/s;     13 s elapsed
Epoch  5,   100/  454; acc:  64.70; ppl:   6.70; 3322 src tok/s; 3437 tgt tok/s;     26 s elapsed
Epoch  5,   150/  454; acc:  65.09; ppl:   6.34; 3391 src tok/s; 3514 tgt tok/s;     38 s elapsed
Epoch  5,   200/  454; acc:  64.70; ppl:   6.49; 3266 src tok/s; 3403 tgt tok/s;     51 s elapsed
Epoch  5,   250/  454; acc:  66.08; ppl:   5.96; 3359 src tok/s; 3508 tgt tok/s;     63 s elapsed
Epoch  5,   300/  454; acc:  64.96; ppl:   6.33; 3337 src tok/s; 3460 tgt tok/s;     76 s elapsed
Epoch  5,   350/  454; acc:  65.68; ppl:   6.02; 3340 src tok/s; 3457 tgt tok/s;     88 s elapsed
Epoch  5,   400/  454; acc:  64.34; ppl:   6.67; 3290 src tok/s; 3410 tgt tok/s;    101 s elapsed
Epoch  5,   450/  454; acc:  65.21; ppl:   6.26; 3258 src tok/s; 3369 tgt tok/s;    114 s elapsed
Train perplexity: 6.30965
Train accuracy: 65.2406
Validation perplexity: 7.5213
Validation accuracy: 65.0702

Epoch  6,    50/  454; acc:  68.06; ppl:   5.13; 3289 src tok/s; 3406 tgt tok/s;     13 s elapsed
Epoch  6,   100/  454; acc:  68.27; ppl:   4.98; 3333 src tok/s; 3462 tgt tok/s;     25 s elapsed
Epoch  6,   150/  454; acc:  68.87; ppl:   4.81; 3325 src tok/s; 3470 tgt tok/s;     38 s elapsed
Epoch  6,   200/  454; acc:  67.21; ppl:   5.20; 3313 src tok/s; 3420 tgt tok/s;     51 s elapsed
Epoch  6,   250/  454; acc:  67.66; ppl:   5.12; 3302 src tok/s; 3449 tgt tok/s;     63 s elapsed
Epoch  6,   300/  454; acc:  67.23; ppl:   5.30; 3247 src tok/s; 3368 tgt tok/s;     76 s elapsed
Epoch  6,   350/  454; acc:  67.11; ppl:   5.36; 3226 src tok/s; 3368 tgt tok/s;     89 s elapsed
Epoch  6,   400/  454; acc:  68.24; ppl:   4.98; 3356 src tok/s; 3480 tgt tok/s;    102 s elapsed
Epoch  6,   450/  454; acc:  68.12; ppl:   5.07; 3254 src tok/s; 3362 tgt tok/s;    114 s elapsed
Train perplexity: 5.11811
Train accuracy: 67.8153
Validation perplexity: 6.82823
Validation accuracy: 66.6667

Epoch  7,    50/  454; acc:  68.90; ppl:   4.52; 3281 src tok/s; 3407 tgt tok/s;     13 s elapsed
Epoch  7,   100/  454; acc:  71.70; ppl:   3.83; 3294 src tok/s; 3445 tgt tok/s;     26 s elapsed
Epoch  7,   150/  454; acc:  70.03; ppl:   4.27; 3302 src tok/s; 3430 tgt tok/s;     38 s elapsed
Epoch  7,   200/  454; acc:  70.33; ppl:   4.17; 3384 src tok/s; 3498 tgt tok/s;     51 s elapsed
Epoch  7,   250/  454; acc:  70.01; ppl:   4.30; 3317 src tok/s; 3435 tgt tok/s;     63 s elapsed
Epoch  7,   300/  454; acc:  69.78; ppl:   4.35; 3300 src tok/s; 3419 tgt tok/s;     76 s elapsed
Epoch  7,   350/  454; acc:  68.97; ppl:   4.59; 3274 src tok/s; 3393 tgt tok/s;     89 s elapsed
Epoch  7,   400/  454; acc:  69.85; ppl:   4.30; 3324 src tok/s; 3453 tgt tok/s;    101 s elapsed
Epoch  7,   450/  454; acc:  69.55; ppl:   4.51; 3232 src tok/s; 3354 tgt tok/s;    114 s elapsed
Train perplexity: 4.31197
Train accuracy: 69.8991
Validation perplexity: 6.58838
Validation accuracy: 66.9576

Epoch  8,    50/  454; acc:  73.34; ppl:   3.42; 3293 src tok/s; 3420 tgt tok/s;     13 s elapsed
Epoch  8,   100/  454; acc:  72.13; ppl:   3.65; 3287 src tok/s; 3429 tgt tok/s;     25 s elapsed
Epoch  8,   150/  454; acc:  71.72; ppl:   3.72; 3199 src tok/s; 3329 tgt tok/s;     39 s elapsed
Epoch  8,   200/  454; acc:  71.33; ppl:   3.81; 3342 src tok/s; 3469 tgt tok/s;     51 s elapsed
Epoch  8,   250/  454; acc:  71.23; ppl:   3.85; 3322 src tok/s; 3453 tgt tok/s;     64 s elapsed
Epoch  8,   300/  454; acc:  71.66; ppl:   3.75; 3271 src tok/s; 3386 tgt tok/s;     77 s elapsed
Epoch  8,   350/  454; acc:  71.15; ppl:   3.83; 3291 src tok/s; 3406 tgt tok/s;     90 s elapsed
Epoch  8,   400/  454; acc:  71.92; ppl:   3.72; 3249 src tok/s; 3360 tgt tok/s;    102 s elapsed
Epoch  8,   450/  454; acc:  71.05; ppl:   3.88; 3200 src tok/s; 3329 tgt tok/s;    115 s elapsed
Train perplexity: 3.73502
Train accuracy: 71.711
Validation perplexity: 6.52683
Validation accuracy: 66.7518
Decaying learning rate to 0.5

Epoch  9,    50/  454; acc:  75.50; ppl:   3.01; 3257 src tok/s; 3368 tgt tok/s;     13 s elapsed
Epoch  9,   100/  454; acc:  77.13; ppl:   2.72; 3260 src tok/s; 3396 tgt tok/s;     26 s elapsed
Epoch  9,   150/  454; acc:  76.81; ppl:   2.72; 3255 src tok/s; 3400 tgt tok/s;     38 s elapsed
Epoch  9,   200/  454; acc:  76.36; ppl:   2.85; 3337 src tok/s; 3453 tgt tok/s;     51 s elapsed
Epoch  9,   250/  454; acc:  77.42; ppl:   2.65; 3229 src tok/s; 3378 tgt tok/s;     63 s elapsed
Epoch  9,   300/  454; acc:  75.78; ppl:   2.92; 3282 src tok/s; 3375 tgt tok/s;     77 s elapsed
Epoch  9,   350/  454; acc:  75.73; ppl:   2.93; 3305 src tok/s; 3406 tgt tok/s;     90 s elapsed
Epoch  9,   400/  454; acc:  77.81; ppl:   2.61; 3226 src tok/s; 3379 tgt tok/s;    102 s elapsed
Epoch  9,   450/  454; acc:  75.87; ppl:   2.90; 3302 src tok/s; 3425 tgt tok/s;    115 s elapsed
Train perplexity: 2.8124
Train accuracy: 76.4765
Validation perplexity: 6.10727
Validation accuracy: 68.9868
Decaying learning rate to 0.25

Epoch 10,    50/  454; acc:  79.26; ppl:   2.44; 3295 src tok/s; 3400 tgt tok/s;     13 s elapsed
Epoch 10,   100/  454; acc:  81.26; ppl:   2.19; 3245 src tok/s; 3368 tgt tok/s;     26 s elapsed
Epoch 10,   150/  454; acc:  79.84; ppl:   2.40; 3263 src tok/s; 3388 tgt tok/s;     39 s elapsed
Epoch 10,   200/  454; acc:  80.45; ppl:   2.28; 3256 src tok/s; 3389 tgt tok/s;     51 s elapsed
Epoch 10,   250/  454; acc:  80.18; ppl:   2.33; 3324 src tok/s; 3456 tgt tok/s;     64 s elapsed
Epoch 10,   300/  454; acc:  80.21; ppl:   2.30; 3362 src tok/s; 3465 tgt tok/s;     77 s elapsed
Epoch 10,   350/  454; acc:  80.20; ppl:   2.28; 3320 src tok/s; 3471 tgt tok/s;     89 s elapsed
Epoch 10,   400/  454; acc:  79.11; ppl:   2.44; 3245 src tok/s; 3356 tgt tok/s;    102 s elapsed
Epoch 10,   450/  454; acc:  79.86; ppl:   2.36; 3299 src tok/s; 3430 tgt tok/s;    115 s elapsed
Train perplexity: 2.3336
Train accuracy: 80.0434
Validation perplexity: 6.17098
Validation accuracy: 69.4409
Decaying learning rate to 0.125

Epoch 11,    50/  454; acc:  81.68; ppl:   2.18; 3284 src tok/s; 3387 tgt tok/s;     13 s elapsed
Epoch 11,   100/  454; acc:  82.51; ppl:   2.06; 3309 src tok/s; 3437 tgt tok/s;     26 s elapsed
Epoch 11,   150/  454; acc:  82.62; ppl:   2.07; 3267 src tok/s; 3397 tgt tok/s;     38 s elapsed
Epoch 11,   200/  454; acc:  81.56; ppl:   2.15; 3253 src tok/s; 3366 tgt tok/s;     51 s elapsed
Epoch 11,   250/  454; acc:  82.16; ppl:   2.13; 3295 src tok/s; 3439 tgt tok/s;     64 s elapsed
Epoch 11,   300/  454; acc:  82.40; ppl:   2.06; 3270 src tok/s; 3403 tgt tok/s;     77 s elapsed
Epoch 11,   350/  454; acc:  81.48; ppl:   2.19; 3279 src tok/s; 3379 tgt tok/s;     90 s elapsed
Epoch 11,   400/  454; acc:  82.97; ppl:   2.02; 3207 src tok/s; 3352 tgt tok/s;    102 s elapsed
Epoch 11,   450/  454; acc:  82.15; ppl:   2.09; 3330 src tok/s; 3458 tgt tok/s;    115 s elapsed
Train perplexity: 2.11435
Train accuracy: 82.102
Validation perplexity: 6.20843
Validation accuracy: 69.973
Decaying learning rate to 0.0625

Epoch 12,    50/  454; acc:  82.87; ppl:   2.03; 3281 src tok/s; 3399 tgt tok/s;     13 s elapsed
Epoch 12,   100/  454; acc:  83.38; ppl:   2.00; 3280 src tok/s; 3404 tgt tok/s;     26 s elapsed
Epoch 12,   150/  454; acc:  83.02; ppl:   2.02; 3199 src tok/s; 3336 tgt tok/s;     39 s elapsed
Epoch 12,   200/  454; acc:  83.46; ppl:   1.97; 3345 src tok/s; 3459 tgt tok/s;     51 s elapsed
Epoch 12,   250/  454; acc:  83.06; ppl:   2.02; 3238 src tok/s; 3373 tgt tok/s;     64 s elapsed
Epoch 12,   300/  454; acc:  83.28; ppl:   2.01; 3307 src tok/s; 3402 tgt tok/s;     77 s elapsed
Epoch 12,   350/  454; acc:  82.48; ppl:   2.07; 3264 src tok/s; 3381 tgt tok/s;     90 s elapsed
Epoch 12,   400/  454; acc:  83.26; ppl:   2.00; 3300 src tok/s; 3442 tgt tok/s;    102 s elapsed
Epoch 12,   450/  454; acc:  82.73; ppl:   2.02; 3226 src tok/s; 3350 tgt tok/s;    115 s elapsed
Train perplexity: 2.01134
Train accuracy: 83.0781
Validation perplexity: 6.31418
Validation accuracy: 69.8666
Decaying learning rate to 0.03125

Epoch 13,    50/  454; acc:  82.81; ppl:   2.04; 3303 src tok/s; 3421 tgt tok/s;     13 s elapsed
Epoch 13,   100/  454; acc:  84.48; ppl:   1.88; 3336 src tok/s; 3481 tgt tok/s;     25 s elapsed
Epoch 13,   150/  454; acc:  83.87; ppl:   1.95; 3287 src tok/s; 3399 tgt tok/s;     38 s elapsed
Epoch 13,   200/  454; acc:  84.06; ppl:   1.93; 3259 src tok/s; 3391 tgt tok/s;     51 s elapsed
Epoch 13,   250/  454; acc:  82.23; ppl:   2.11; 3348 src tok/s; 3454 tgt tok/s;     64 s elapsed
Epoch 13,   300/  454; acc:  84.66; ppl:   1.85; 3291 src tok/s; 3436 tgt tok/s;     76 s elapsed
Epoch 13,   350/  454; acc:  82.73; ppl:   2.04; 3230 src tok/s; 3360 tgt tok/s;     89 s elapsed
Epoch 13,   400/  454; acc:  84.09; ppl:   1.91; 3332 src tok/s; 3453 tgt tok/s;    102 s elapsed
Epoch 13,   450/  454; acc:  83.78; ppl:   1.97; 3291 src tok/s; 3404 tgt tok/s;    114 s elapsed
Train perplexity: 1.96324
Train accuracy: 83.6264
Validation perplexity: 6.35815
Validation accuracy: 69.8098
Decaying learning rate to 0.015625

Epoch 14,    50/  454; acc:  83.88; ppl:   1.96; 3277 src tok/s; 3396 tgt tok/s;     13 s elapsed
Epoch 14,   100/  454; acc:  84.43; ppl:   1.88; 3303 src tok/s; 3455 tgt tok/s;     25 s elapsed
Epoch 14,   150/  454; acc:  83.88; ppl:   1.92; 3240 src tok/s; 3360 tgt tok/s;     38 s elapsed
Epoch 14,   200/  454; acc:  83.63; ppl:   1.96; 3265 src tok/s; 3385 tgt tok/s;     51 s elapsed
Epoch 14,   250/  454; acc:  84.28; ppl:   1.91; 3301 src tok/s; 3419 tgt tok/s;     64 s elapsed
Epoch 14,   300/  454; acc:  83.77; ppl:   1.95; 3232 src tok/s; 3356 tgt tok/s;     77 s elapsed
Epoch 14,   350/  454; acc:  84.85; ppl:   1.86; 3227 src tok/s; 3377 tgt tok/s;     89 s elapsed
Epoch 14,   400/  454; acc:  82.85; ppl:   2.07; 3322 src tok/s; 3404 tgt tok/s;    103 s elapsed
Epoch 14,   450/  454; acc:  83.81; ppl:   1.94; 3204 src tok/s; 3339 tgt tok/s;    115 s elapsed
Train perplexity: 1.9399
Train accuracy: 83.9083
Validation perplexity: 6.37538
Validation accuracy: 69.746
Decaying learning rate to 0.0078125

Epoch 15,    50/  454; acc:  83.54; ppl:   1.99; 3303 src tok/s; 3409 tgt tok/s;     13 s elapsed
Epoch 15,   100/  454; acc:  84.62; ppl:   1.86; 3321 src tok/s; 3464 tgt tok/s;     25 s elapsed
Epoch 15,   150/  454; acc:  84.62; ppl:   1.88; 3234 src tok/s; 3370 tgt tok/s;     38 s elapsed
Epoch 15,   200/  454; acc:  83.78; ppl:   1.97; 3281 src tok/s; 3399 tgt tok/s;     51 s elapsed
Epoch 15,   250/  454; acc:  84.16; ppl:   1.92; 3302 src tok/s; 3427 tgt tok/s;     63 s elapsed
Epoch 15,   300/  454; acc:  83.77; ppl:   1.94; 3236 src tok/s; 3352 tgt tok/s;     77 s elapsed
Epoch 15,   350/  454; acc:  83.20; ppl:   1.99; 3263 src tok/s; 3384 tgt tok/s;     90 s elapsed
Epoch 15,   400/  454; acc:  85.14; ppl:   1.83; 3270 src tok/s; 3402 tgt tok/s;    102 s elapsed
Epoch 15,   450/  454; acc:  83.67; ppl:   1.98; 3224 src tok/s; 3338 tgt tok/s;    115 s elapsed
Train perplexity: 1.92861
Train accuracy: 84.063
Validation perplexity: 6.38732
Validation accuracy: 69.746
Decaying learning rate to 0.00390625

Epoch 16,    50/  454; acc:  83.28; ppl:   2.01; 3236 src tok/s; 3339 tgt tok/s;     13 s elapsed
Epoch 16,   100/  454; acc:  85.03; ppl:   1.83; 3284 src tok/s; 3410 tgt tok/s;     26 s elapsed
Epoch 16,   150/  454; acc:  83.81; ppl:   1.98; 3299 src tok/s; 3420 tgt tok/s;     39 s elapsed
Epoch 16,   200/  454; acc:  85.03; ppl:   1.83; 3309 src tok/s; 3438 tgt tok/s;     51 s elapsed
Epoch 16,   250/  454; acc:  82.85; ppl:   2.06; 3272 src tok/s; 3378 tgt tok/s;     65 s elapsed
Epoch 16,   300/  454; acc:  85.22; ppl:   1.81; 3324 src tok/s; 3473 tgt tok/s;     77 s elapsed
Epoch 16,   350/  454; acc:  84.03; ppl:   1.94; 3336 src tok/s; 3449 tgt tok/s;     90 s elapsed
Epoch 16,   400/  454; acc:  84.22; ppl:   1.89; 3257 src tok/s; 3397 tgt tok/s;    102 s elapsed
Epoch 16,   450/  454; acc:  84.22; ppl:   1.93; 3265 src tok/s; 3393 tgt tok/s;    115 s elapsed
Train perplexity: 1.92107
Train accuracy: 84.1687
Validation perplexity: 6.39066
Validation accuracy: 69.7247
Decaying learning rate to 0.00195312

Epoch 17,    50/  454; acc:  84.62; ppl:   1.87; 3315 src tok/s; 3446 tgt tok/s;     12 s elapsed
Epoch 17,   100/  454; acc:  83.74; ppl:   1.96; 3283 src tok/s; 3404 tgt tok/s;     25 s elapsed
Epoch 17,   150/  454; acc:  84.21; ppl:   1.92; 3252 src tok/s; 3377 tgt tok/s;     38 s elapsed
Epoch 17,   200/  454; acc:  84.47; ppl:   1.90; 3267 src tok/s; 3400 tgt tok/s;     51 s elapsed
Epoch 17,   250/  454; acc:  83.69; ppl:   1.96; 3362 src tok/s; 3456 tgt tok/s;     64 s elapsed
Epoch 17,   300/  454; acc:  84.81; ppl:   1.88; 3183 src tok/s; 3351 tgt tok/s;     77 s elapsed
Epoch 17,   350/  454; acc:  84.71; ppl:   1.87; 3276 src tok/s; 3402 tgt tok/s;     89 s elapsed
Epoch 17,   400/  454; acc:  83.69; ppl:   1.97; 3315 src tok/s; 3418 tgt tok/s;    102 s elapsed
Epoch 17,   450/  454; acc:  83.91; ppl:   1.94; 3286 src tok/s; 3405 tgt tok/s;    115 s elapsed
Train perplexity: 1.91925
Train accuracy: 84.1875
Validation perplexity: 6.39453
Validation accuracy: 69.7176
Decaying learning rate to 0.000976562
