<module 'opts' from '/u/suhubdyd/research/projects/jumble_lstm/code/auxiliary-nmt/opts.pyc'>
Namespace(batch_size=64, brnn=False, brnn_merge='concat', cnn_kernel_width=3, context_gate=None, copy_attn=False, copy_attn_force=False, coverage_attn=False, data='/data/lisatmp3/suhubdyd/multi30k.atok.low', dec_layers=1, decay_method='', decoder_type='rnn', dropout=0.3, enc_layers=2, encoder_type='rnn', epochs=17, exp='', exp_host='', feat_merge='concat', feat_vec_exponent=0.7, feat_vec_size=-1, fix_word_vecs_dec=False, fix_word_vecs_enc=False, global_attention='general', gpuid=[0], input_feed=1, kappa_dec=0.2, kappa_enc=0.0, lambda_coverage=1, layers=-1, learning_rate=1.0, learning_rate_decay=0.5, max_generator_batches=32, max_grad_norm=5, model_type='text', optim='sgd', param_init=0.1, position_encoding=False, pre_word_vecs_dec=None, pre_word_vecs_enc=None, report_every=50, rnn_size=500, rnn_type='LSTM', save_model='/data/lisatmp3/suhubdyd/models/encoder0decoder0.2dropout0.3wdropFalse', seed=-1, share_decoder_embeddings=False, share_embeddings=False, src_word_vec_size=500, start_checkpoint_at=0, start_decay_at=8, start_epoch=1, tgt_word_vec_size=500, train_from='', truncated_decoder=0, warmup_steps=4000, weightdropout=False, word_vec_size=-1)
('Using Kappa L2 loss on decoder', 0.2)
Loading train and validate data from '/data/lisatmp3/suhubdyd/multi30k.atok.low'
 * number of training sentences: 29000
 * maximum batch size: 64
 * vocabulary size. source = 10841; target = 18563
Building model...
Intializing model parameters.
NMTModel (
  (encoder): RNNEncoder (
    (embeddings): Embeddings (
      (make_embedding): Sequential (
        (emb_luts): Elementwise (
          (0): Embedding(10841, 500, padding_idx=1)
        )
      )
    )
    (dropout): Dropout (p = 0.3)
    (rnn): LSTM(500, 500, dropout=0.3)
  )
  (decoder): InputFeedRNNDecoder (
    (embeddings): Embeddings (
      (make_embedding): Sequential (
        (emb_luts): Elementwise (
          (0): Embedding(18563, 500, padding_idx=1)
        )
      )
    )
    (dropout): Dropout (p = 0.3)
    (rnn): StackedLSTM (
      (dropout): Dropout (p = 0.3)
      (layers): ModuleList (
        (0): LSTMCell(1000, 500)
      )
    )
    (attn): GlobalAttention (
      (linear_in): Linear (500 -> 500)
      (linear_out): Linear (1000 -> 500)
      (sm): Softmax ()
      (tanh): Tanh ()
    )
  )
  (generator): Sequential (
    (0): Linear (500 -> 18563)
    (1): LogSoftmax ()
  )
)
* number of parameters: 29760063
('encoder: ', 7424500)
('decoder: ', 22335563)

Epoch  1,    50/  454; acc:   8.57; ppl: 19169.15; 5497 src tok/s; 5735 tgt tok/s;      7 s elapsed
Epoch  1,   100/  454; acc:  15.29; ppl: 1363.75; 5872 src tok/s; 6071 tgt tok/s;     15 s elapsed
Epoch  1,   150/  454; acc:  19.39; ppl: 425.23; 5748 src tok/s; 5973 tgt tok/s;     22 s elapsed
Epoch  1,   200/  454; acc:  21.28; ppl: 247.29; 5825 src tok/s; 6035 tgt tok/s;     29 s elapsed
Epoch  1,   250/  454; acc:  25.23; ppl: 159.80; 5764 src tok/s; 5984 tgt tok/s;     37 s elapsed
Epoch  1,   300/  454; acc:  28.24; ppl: 115.15; 5830 src tok/s; 6077 tgt tok/s;     44 s elapsed
Epoch  1,   350/  454; acc:  29.61; ppl:  94.54; 5936 src tok/s; 6148 tgt tok/s;     51 s elapsed
Epoch  1,   400/  454; acc:  32.32; ppl:  72.27; 5842 src tok/s; 6061 tgt tok/s;     58 s elapsed
Epoch  1,   450/  454; acc:  33.90; ppl:  62.96; 5727 src tok/s; 5921 tgt tok/s;     65 s elapsed
Train perplexity: 296.017
Train accuracy: 23.8549
Validation perplexity: 54.5293
Validation accuracy: 35.9798

Epoch  2,    50/  454; acc:  37.01; ppl:  50.28; 5786 src tok/s; 6003 tgt tok/s;      7 s elapsed
Epoch  2,   100/  454; acc:  38.90; ppl:  43.07; 5816 src tok/s; 6031 tgt tok/s;     15 s elapsed
Epoch  2,   150/  454; acc:  41.59; ppl:  36.79; 5889 src tok/s; 6070 tgt tok/s;     22 s elapsed
Epoch  2,   200/  454; acc:  43.49; ppl:  31.18; 5802 src tok/s; 6036 tgt tok/s;     29 s elapsed
Epoch  2,   250/  454; acc:  46.11; ppl:  26.28; 5793 src tok/s; 6049 tgt tok/s;     36 s elapsed
Epoch  2,   300/  454; acc:  46.75; ppl:  25.18; 5951 src tok/s; 6166 tgt tok/s;     43 s elapsed
Epoch  2,   350/  454; acc:  49.30; ppl:  21.83; 5808 src tok/s; 6051 tgt tok/s;     50 s elapsed
Epoch  2,   400/  454; acc:  50.32; ppl:  19.97; 5762 src tok/s; 5980 tgt tok/s;     58 s elapsed
Epoch  2,   450/  454; acc:  51.83; ppl:  17.84; 5822 src tok/s; 6041 tgt tok/s;     65 s elapsed
Train perplexity: 28.5055
Train accuracy: 45.094
Validation perplexity: 16.3282
Validation accuracy: 53.4341

Epoch  3,    50/  454; acc:  53.33; ppl:  15.58; 5824 src tok/s; 6022 tgt tok/s;      8 s elapsed
Epoch  3,   100/  454; acc:  55.39; ppl:  13.72; 5868 src tok/s; 6099 tgt tok/s;     14 s elapsed
Epoch  3,   150/  454; acc:  57.20; ppl:  12.03; 5861 src tok/s; 6117 tgt tok/s;     21 s elapsed
Epoch  3,   200/  454; acc:  54.47; ppl:  14.18; 5885 src tok/s; 6054 tgt tok/s;     29 s elapsed
Epoch  3,   250/  454; acc:  58.12; ppl:  11.65; 5699 src tok/s; 5991 tgt tok/s;     36 s elapsed
Epoch  3,   300/  454; acc:  56.21; ppl:  12.52; 5805 src tok/s; 5963 tgt tok/s;     43 s elapsed
Epoch  3,   350/  454; acc:  57.98; ppl:  11.56; 5673 src tok/s; 5922 tgt tok/s;     51 s elapsed
Epoch  3,   400/  454; acc:  57.88; ppl:  11.62; 5929 src tok/s; 6131 tgt tok/s;     58 s elapsed
Epoch  3,   450/  454; acc:  59.04; ppl:  10.78; 5759 src tok/s; 6001 tgt tok/s;     65 s elapsed
Train perplexity: 12.5632
Train accuracy: 56.5894
Validation perplexity: 10.1835
Validation accuracy: 60.9763

Epoch  4,    50/  454; acc:  61.21; ppl:   8.81; 5877 src tok/s; 6063 tgt tok/s;      7 s elapsed
Epoch  4,   100/  454; acc:  62.27; ppl:   8.07; 5710 src tok/s; 5954 tgt tok/s;     14 s elapsed
Epoch  4,   150/  454; acc:  61.55; ppl:   8.71; 5758 src tok/s; 6039 tgt tok/s;     21 s elapsed
Epoch  4,   200/  454; acc:  61.56; ppl:   8.64; 6019 src tok/s; 6199 tgt tok/s;     29 s elapsed
Epoch  4,   250/  454; acc:  61.60; ppl:   8.57; 5783 src tok/s; 6046 tgt tok/s;     36 s elapsed
Epoch  4,   300/  454; acc:  62.55; ppl:   8.00; 5914 src tok/s; 6133 tgt tok/s;     43 s elapsed
Epoch  4,   350/  454; acc:  63.45; ppl:   7.54; 5803 src tok/s; 6057 tgt tok/s;     50 s elapsed
Epoch  4,   400/  454; acc:  61.17; ppl:   8.61; 5960 src tok/s; 6136 tgt tok/s;     57 s elapsed
Epoch  4,   450/  454; acc:  62.42; ppl:   8.01; 5809 src tok/s; 6012 tgt tok/s;     64 s elapsed
Train perplexity: 8.30934
Train accuracy: 61.993
Validation perplexity: 8.16431
Validation accuracy: 63.4809

Epoch  5,    50/  454; acc:  65.46; ppl:   6.28; 5906 src tok/s; 6089 tgt tok/s;      7 s elapsed
Epoch  5,   100/  454; acc:  65.26; ppl:   6.28; 5760 src tok/s; 6017 tgt tok/s;     14 s elapsed
Epoch  5,   150/  454; acc:  65.32; ppl:   6.37; 5850 src tok/s; 6086 tgt tok/s;     21 s elapsed
Epoch  5,   200/  454; acc:  64.84; ppl:   6.48; 5829 src tok/s; 6055 tgt tok/s;     29 s elapsed
Epoch  5,   250/  454; acc:  65.07; ppl:   6.39; 5833 src tok/s; 6063 tgt tok/s;     36 s elapsed
Epoch  5,   300/  454; acc:  65.66; ppl:   6.32; 5807 src tok/s; 6011 tgt tok/s;     43 s elapsed
Epoch  5,   350/  454; acc:  64.87; ppl:   6.50; 5957 src tok/s; 6122 tgt tok/s;     51 s elapsed
Epoch  5,   400/  454; acc:  66.62; ppl:   5.87; 5820 src tok/s; 6075 tgt tok/s;     57 s elapsed
Epoch  5,   450/  454; acc:  65.40; ppl:   6.11; 5814 src tok/s; 6061 tgt tok/s;     64 s elapsed
Train perplexity: 6.28597
Train accuracy: 65.3812
Validation perplexity: 7.40818
Validation accuracy: 64.9

Epoch  6,    50/  454; acc:  69.99; ppl:   4.51; 5784 src tok/s; 6043 tgt tok/s;      7 s elapsed
Epoch  6,   100/  454; acc:  67.44; ppl:   5.24; 5927 src tok/s; 6101 tgt tok/s;     14 s elapsed
Epoch  6,   150/  454; acc:  69.19; ppl:   4.69; 5772 src tok/s; 6046 tgt tok/s;     21 s elapsed
Epoch  6,   200/  454; acc:  66.87; ppl:   5.39; 5978 src tok/s; 6148 tgt tok/s;     29 s elapsed
Epoch  6,   250/  454; acc:  66.70; ppl:   5.58; 5912 src tok/s; 6110 tgt tok/s;     36 s elapsed
Epoch  6,   300/  454; acc:  69.01; ppl:   4.75; 5785 src tok/s; 6025 tgt tok/s;     43 s elapsed
Epoch  6,   350/  454; acc:  66.34; ppl:   5.56; 5999 src tok/s; 6156 tgt tok/s;     50 s elapsed
Epoch  6,   400/  454; acc:  68.91; ppl:   4.80; 5852 src tok/s; 6146 tgt tok/s;     57 s elapsed
Epoch  6,   450/  454; acc:  67.43; ppl:   5.18; 5822 src tok/s; 6067 tgt tok/s;     64 s elapsed
Train perplexity: 5.07857
Train accuracy: 67.9393
Validation perplexity: 6.81999
Validation accuracy: 66.099

Epoch  7,    50/  454; acc:  70.75; ppl:   4.13; 5822 src tok/s; 6044 tgt tok/s;      7 s elapsed
Epoch  7,   100/  454; acc:  70.63; ppl:   4.11; 5880 src tok/s; 6106 tgt tok/s;     14 s elapsed
Epoch  7,   150/  454; acc:  70.19; ppl:   4.24; 5885 src tok/s; 6132 tgt tok/s;     21 s elapsed
Epoch  7,   200/  454; acc:  70.45; ppl:   4.15; 5858 src tok/s; 6059 tgt tok/s;     29 s elapsed
Epoch  7,   250/  454; acc:  69.72; ppl:   4.38; 5872 src tok/s; 6103 tgt tok/s;     36 s elapsed
Epoch  7,   300/  454; acc:  69.08; ppl:   4.47; 5794 src tok/s; 6023 tgt tok/s;     43 s elapsed
Epoch  7,   350/  454; acc:  69.85; ppl:   4.39; 5808 src tok/s; 6041 tgt tok/s;     50 s elapsed
Epoch  7,   400/  454; acc:  69.60; ppl:   4.30; 6009 src tok/s; 6197 tgt tok/s;     57 s elapsed
Epoch  7,   450/  454; acc:  69.48; ppl:   4.43; 5816 src tok/s; 6029 tgt tok/s;     64 s elapsed
Train perplexity: 4.28493
Train accuracy: 69.9781
Validation perplexity: 6.60373
Validation accuracy: 66.8724

Epoch  8,    50/  454; acc:  73.18; ppl:   3.40; 5670 src tok/s; 5947 tgt tok/s;      7 s elapsed
Epoch  8,   100/  454; acc:  71.88; ppl:   3.66; 5955 src tok/s; 6139 tgt tok/s;     14 s elapsed
Epoch  8,   150/  454; acc:  70.83; ppl:   3.94; 5848 src tok/s; 6048 tgt tok/s;     22 s elapsed
Epoch  8,   200/  454; acc:  72.75; ppl:   3.51; 5618 src tok/s; 5908 tgt tok/s;     29 s elapsed
Epoch  8,   250/  454; acc:  70.16; ppl:   4.07; 5940 src tok/s; 6136 tgt tok/s;     37 s elapsed
Epoch  8,   300/  454; acc:  72.28; ppl:   3.63; 5769 src tok/s; 5993 tgt tok/s;     43 s elapsed
Epoch  8,   350/  454; acc:  71.23; ppl:   3.89; 5861 src tok/s; 6041 tgt tok/s;     51 s elapsed
Epoch  8,   400/  454; acc:  72.32; ppl:   3.56; 5825 src tok/s; 6068 tgt tok/s;     58 s elapsed
Epoch  8,   450/  454; acc:  71.32; ppl:   3.78; 5794 src tok/s; 5985 tgt tok/s;     65 s elapsed
Train perplexity: 3.71722
Train accuracy: 71.7526
Validation perplexity: 6.38798
Validation accuracy: 67.4542
Decaying learning rate to 0.5

Epoch  9,    50/  454; acc:  76.66; ppl:   2.77; 5914 src tok/s; 6142 tgt tok/s;      7 s elapsed
Epoch  9,   100/  454; acc:  76.27; ppl:   2.85; 5716 src tok/s; 5943 tgt tok/s;     14 s elapsed
Epoch  9,   150/  454; acc:  77.47; ppl:   2.70; 5886 src tok/s; 6114 tgt tok/s;     22 s elapsed
Epoch  9,   200/  454; acc:  76.48; ppl:   2.83; 5796 src tok/s; 6021 tgt tok/s;     29 s elapsed
Epoch  9,   250/  454; acc:  76.09; ppl:   2.92; 6030 src tok/s; 6201 tgt tok/s;     36 s elapsed
Epoch  9,   300/  454; acc:  77.33; ppl:   2.69; 5772 src tok/s; 6044 tgt tok/s;     43 s elapsed
Epoch  9,   350/  454; acc:  76.83; ppl:   2.79; 5833 src tok/s; 6083 tgt tok/s;     50 s elapsed
Epoch  9,   400/  454; acc:  75.72; ppl:   2.93; 5177 src tok/s; 5353 tgt tok/s;     58 s elapsed
Epoch  9,   450/  454; acc:  76.41; ppl:   2.80; 5909 src tok/s; 6109 tgt tok/s;     65 s elapsed
Train perplexity: 2.80936
Train accuracy: 76.573
Validation perplexity: 6.05726
Validation accuracy: 68.9655
Decaying learning rate to 0.25

Epoch 10,    50/  454; acc:  79.15; ppl:   2.47; 6010 src tok/s; 6217 tgt tok/s;      7 s elapsed
Epoch 10,   100/  454; acc:  81.39; ppl:   2.20; 5861 src tok/s; 6164 tgt tok/s;     14 s elapsed
Epoch 10,   150/  454; acc:  79.99; ppl:   2.35; 6101 src tok/s; 6309 tgt tok/s;     21 s elapsed
Epoch 10,   200/  454; acc:  80.05; ppl:   2.34; 5591 src tok/s; 5775 tgt tok/s;     29 s elapsed
Epoch 10,   250/  454; acc:  81.41; ppl:   2.15; 5758 src tok/s; 6025 tgt tok/s;     35 s elapsed
Epoch 10,   300/  454; acc:  79.13; ppl:   2.47; 5837 src tok/s; 6027 tgt tok/s;     43 s elapsed
Epoch 10,   350/  454; acc:  80.11; ppl:   2.34; 5714 src tok/s; 5940 tgt tok/s;     50 s elapsed
Epoch 10,   400/  454; acc:  79.95; ppl:   2.33; 5990 src tok/s; 6165 tgt tok/s;     57 s elapsed
Epoch 10,   450/  454; acc:  79.78; ppl:   2.33; 5786 src tok/s; 6043 tgt tok/s;     64 s elapsed
Train perplexity: 2.33455
Train accuracy: 80.0662
Validation perplexity: 6.08152
Validation accuracy: 69.7318
Decaying learning rate to 0.125

Epoch 11,    50/  454; acc:  82.42; ppl:   2.07; 5963 src tok/s; 6168 tgt tok/s;      7 s elapsed
Epoch 11,   100/  454; acc:  81.99; ppl:   2.16; 5747 src tok/s; 5968 tgt tok/s;     14 s elapsed
Epoch 11,   150/  454; acc:  82.27; ppl:   2.11; 6009 src tok/s; 6232 tgt tok/s;     21 s elapsed
Epoch 11,   200/  454; acc:  82.04; ppl:   2.11; 5844 src tok/s; 6073 tgt tok/s;     29 s elapsed
Epoch 11,   250/  454; acc:  81.65; ppl:   2.17; 5819 src tok/s; 6055 tgt tok/s;     36 s elapsed
Epoch 11,   300/  454; acc:  82.54; ppl:   2.06; 5761 src tok/s; 5978 tgt tok/s;     43 s elapsed
Epoch 11,   350/  454; acc:  81.36; ppl:   2.20; 5833 src tok/s; 6071 tgt tok/s;     50 s elapsed
Epoch 11,   400/  454; acc:  82.65; ppl:   2.05; 5878 src tok/s; 6079 tgt tok/s;     57 s elapsed
Epoch 11,   450/  454; acc:  82.19; ppl:   2.08; 5764 src tok/s; 5991 tgt tok/s;     64 s elapsed
Train perplexity: 2.11389
Train accuracy: 82.1187
Validation perplexity: 6.2318
Validation accuracy: 69.9659
Decaying learning rate to 0.0625

Epoch 12,    50/  454; acc:  82.35; ppl:   2.10; 5773 src tok/s; 5972 tgt tok/s;      8 s elapsed
Epoch 12,   100/  454; acc:  84.11; ppl:   1.92; 5722 src tok/s; 5966 tgt tok/s;     15 s elapsed
Epoch 12,   150/  454; acc:  82.76; ppl:   2.05; 5901 src tok/s; 6104 tgt tok/s;     22 s elapsed
Epoch 12,   200/  454; acc:  83.70; ppl:   1.96; 5989 src tok/s; 6217 tgt tok/s;     29 s elapsed
Epoch 12,   250/  454; acc:  82.87; ppl:   2.03; 5769 src tok/s; 6007 tgt tok/s;     36 s elapsed
Epoch 12,   300/  454; acc:  82.82; ppl:   2.03; 5974 src tok/s; 6189 tgt tok/s;     43 s elapsed
Epoch 12,   350/  454; acc:  82.83; ppl:   2.02; 5843 src tok/s; 6076 tgt tok/s;     50 s elapsed
Epoch 12,   400/  454; acc:  83.39; ppl:   1.98; 5816 src tok/s; 6032 tgt tok/s;     57 s elapsed
Epoch 12,   450/  454; acc:  83.07; ppl:   2.02; 5761 src tok/s; 5976 tgt tok/s;     65 s elapsed
Train perplexity: 2.01188
Train accuracy: 83.1004
Validation perplexity: 6.28249
Validation accuracy: 69.7247
Decaying learning rate to 0.03125

Epoch 13,    50/  454; acc:  84.85; ppl:   1.85; 5745 src tok/s; 6004 tgt tok/s;      7 s elapsed
Epoch 13,   100/  454; acc:  82.82; ppl:   2.05; 5832 src tok/s; 6024 tgt tok/s;     15 s elapsed
Epoch 13,   150/  454; acc:  82.93; ppl:   2.04; 5801 src tok/s; 6029 tgt tok/s;     22 s elapsed
Epoch 13,   200/  454; acc:  84.06; ppl:   1.92; 5933 src tok/s; 6138 tgt tok/s;     29 s elapsed
Epoch 13,   250/  454; acc:  82.97; ppl:   2.04; 5983 src tok/s; 6180 tgt tok/s;     36 s elapsed
Epoch 13,   300/  454; acc:  84.48; ppl:   1.86; 5828 src tok/s; 6076 tgt tok/s;     43 s elapsed
Epoch 13,   350/  454; acc:  84.42; ppl:   1.88; 5872 src tok/s; 6118 tgt tok/s;     50 s elapsed
Epoch 13,   400/  454; acc:  82.72; ppl:   2.05; 5879 src tok/s; 6090 tgt tok/s;     57 s elapsed
Epoch 13,   450/  454; acc:  84.27; ppl:   1.89; 5834 src tok/s; 6071 tgt tok/s;     64 s elapsed
Train perplexity: 1.96239
Train accuracy: 83.6352
Validation perplexity: 6.37581
Validation accuracy: 69.8169
Decaying learning rate to 0.015625

Epoch 14,    50/  454; acc:  83.23; ppl:   2.00; 5923 src tok/s; 6137 tgt tok/s;      7 s elapsed
Epoch 14,   100/  454; acc:  84.50; ppl:   1.90; 5782 src tok/s; 6021 tgt tok/s;     14 s elapsed
Epoch 14,   150/  454; acc:  84.67; ppl:   1.88; 5829 src tok/s; 6051 tgt tok/s;     22 s elapsed
Epoch 14,   200/  454; acc:  83.55; ppl:   2.00; 5792 src tok/s; 5998 tgt tok/s;     29 s elapsed
Epoch 14,   250/  454; acc:  84.02; ppl:   1.95; 5873 src tok/s; 6088 tgt tok/s;     36 s elapsed
Epoch 14,   300/  454; acc:  84.27; ppl:   1.92; 5890 src tok/s; 6119 tgt tok/s;     43 s elapsed
Epoch 14,   350/  454; acc:  84.19; ppl:   1.94; 5446 src tok/s; 5642 tgt tok/s;     51 s elapsed
Epoch 14,   400/  454; acc:  83.89; ppl:   1.94; 6076 src tok/s; 6309 tgt tok/s;     58 s elapsed
Epoch 14,   450/  454; acc:  83.92; ppl:   1.95; 5851 src tok/s; 6087 tgt tok/s;     65 s elapsed
Train perplexity: 1.94075
Train accuracy: 84.0296
Validation perplexity: 6.38091
Validation accuracy: 69.6963
Decaying learning rate to 0.0078125

Epoch 15,    50/  454; acc:  84.68; ppl:   1.86; 5964 src tok/s; 6202 tgt tok/s;      7 s elapsed
Epoch 15,   100/  454; acc:  83.53; ppl:   1.98; 5929 src tok/s; 6157 tgt tok/s;     14 s elapsed
Epoch 15,   150/  454; acc:  83.90; ppl:   1.97; 5780 src tok/s; 5990 tgt tok/s;     21 s elapsed
Epoch 15,   200/  454; acc:  84.41; ppl:   1.90; 5455 src tok/s; 5641 tgt tok/s;     29 s elapsed
Epoch 15,   250/  454; acc:  83.28; ppl:   2.04; 5904 src tok/s; 6089 tgt tok/s;     37 s elapsed
Epoch 15,   300/  454; acc:  85.05; ppl:   1.81; 5836 src tok/s; 6090 tgt tok/s;     43 s elapsed
Epoch 15,   350/  454; acc:  84.29; ppl:   1.91; 5814 src tok/s; 6054 tgt tok/s;     51 s elapsed
Epoch 15,   400/  454; acc:  83.81; ppl:   1.94; 5851 src tok/s; 6086 tgt tok/s;     58 s elapsed
Epoch 15,   450/  454; acc:  84.12; ppl:   1.92; 5744 src tok/s; 5962 tgt tok/s;     65 s elapsed
Train perplexity: 1.92718
Train accuracy: 84.0943
Validation perplexity: 6.39343
Validation accuracy: 69.7176
Decaying learning rate to 0.00390625

Epoch 16,    50/  454; acc:  84.20; ppl:   1.92; 5855 src tok/s; 6080 tgt tok/s;      7 s elapsed
Epoch 16,   100/  454; acc:  83.50; ppl:   1.97; 5792 src tok/s; 5982 tgt tok/s;     15 s elapsed
Epoch 16,   150/  454; acc:  84.16; ppl:   1.92; 5773 src tok/s; 6002 tgt tok/s;     22 s elapsed
Epoch 16,   200/  454; acc:  84.64; ppl:   1.90; 5860 src tok/s; 6081 tgt tok/s;     29 s elapsed
Epoch 16,   250/  454; acc:  83.55; ppl:   1.97; 5927 src tok/s; 6112 tgt tok/s;     36 s elapsed
Epoch 16,   300/  454; acc:  84.80; ppl:   1.84; 5743 src tok/s; 6017 tgt tok/s;     43 s elapsed
Epoch 16,   350/  454; acc:  83.24; ppl:   2.03; 5896 src tok/s; 6093 tgt tok/s;     51 s elapsed
Epoch 16,   400/  454; acc:  84.89; ppl:   1.83; 5800 src tok/s; 6050 tgt tok/s;     58 s elapsed
Epoch 16,   450/  454; acc:  84.05; ppl:   1.93; 5785 src tok/s; 5998 tgt tok/s;     65 s elapsed
Train perplexity: 1.92142
Train accuracy: 84.1249
Validation perplexity: 6.40086
Validation accuracy: 69.6963
Decaying learning rate to 0.00195312

Epoch 17,    50/  454; acc:  84.03; ppl:   1.92; 5775 src tok/s; 5970 tgt tok/s;      7 s elapsed
Epoch 17,   100/  454; acc:  84.42; ppl:   1.89; 5850 src tok/s; 6104 tgt tok/s;     14 s elapsed
Epoch 17,   150/  454; acc:  83.67; ppl:   1.96; 5843 src tok/s; 6053 tgt tok/s;     22 s elapsed
Epoch 17,   200/  454; acc:  84.77; ppl:   1.86; 5961 src tok/s; 6184 tgt tok/s;     29 s elapsed
Epoch 17,   250/  454; acc:  84.10; ppl:   1.93; 5782 src tok/s; 5993 tgt tok/s;     36 s elapsed
Epoch 17,   300/  454; acc:  84.06; ppl:   1.92; 5548 src tok/s; 5773 tgt tok/s;     43 s elapsed
Epoch 17,   350/  454; acc:  84.34; ppl:   1.92; 5664 src tok/s; 5889 tgt tok/s;     51 s elapsed
Epoch 17,   400/  454; acc:  83.83; ppl:   1.93; 5951 src tok/s; 6175 tgt tok/s;     58 s elapsed
Epoch 17,   450/  454; acc:  83.96; ppl:   1.94; 5939 src tok/s; 6151 tgt tok/s;     65 s elapsed
Train perplexity: 1.91884
Train accuracy: 84.1474
Validation perplexity: 6.40449
Validation accuracy: 69.7034
Decaying learning rate to 0.000976562
