<module 'opts' from '/u/suhubdyd/research/projects/jumble_lstm/code/auxiliary-nmt/opts.pyc'>
Namespace(batch_size=64, brnn=False, brnn_merge='concat', cnn_kernel_width=3, context_gate=None, copy_attn=False, copy_attn_force=False, coverage_attn=False, data='/data/lisatmp3/suhubdyd/multi30k.atok.low', dec_layers=1, decay_method='', decoder_type='rnn', dropout=0.7, enc_layers=2, encoder_type='rnn', epochs=17, exp='', exp_host='', feat_merge='concat', feat_vec_exponent=0.7, feat_vec_size=-1, fix_word_vecs_dec=False, fix_word_vecs_enc=False, global_attention='general', gpuid=[0], input_feed=1, kappa_dec=0.0, kappa_enc=0.15, lambda_coverage=1, layers=-1, learning_rate=1.0, learning_rate_decay=0.5, max_generator_batches=32, max_grad_norm=5, model_type='text', optim='sgd', param_init=0.1, position_encoding=False, pre_word_vecs_dec=None, pre_word_vecs_enc=None, report_every=50, rnn_size=500, rnn_type='LSTM', save_model='/data/lisatmp3/suhubdyd/models/encoder0.15_decoder0_dropout0.7', seed=-1, share_decoder_embeddings=False, share_embeddings=False, src_word_vec_size=500, start_checkpoint_at=0, start_decay_at=8, start_epoch=1, tgt_word_vec_size=500, train_from='', truncated_decoder=0, warmup_steps=4000, word_vec_size=-1)
('Using Kappa L2 loss on encoder', 0.15)
Loading train and validate data from '/data/lisatmp3/suhubdyd/multi30k.atok.low'
 * number of training sentences: 29000
 * maximum batch size: 64
 * vocabulary size. source = 10841; target = 18563
Building model...
Intializing model parameters.
NMTModel (
  (encoder): RNNEncoder (
    (embeddings): Embeddings (
      (make_embedding): Sequential (
        (emb_luts): Elementwise (
          (0): Embedding(10841, 500, padding_idx=1)
        )
      )
    )
    (dropout): Dropout (p = 0.7)
    (rnn): LSTM(500, 500, dropout=0.7)
  )
  (decoder): InputFeedRNNDecoder (
    (embeddings): Embeddings (
      (make_embedding): Sequential (
        (emb_luts): Elementwise (
          (0): Embedding(18563, 500, padding_idx=1)
        )
      )
    )
    (dropout): Dropout (p = 0.7)
    (rnn): StackedLSTM (
      (dropout): Dropout (p = 0.7)
      (layers): ModuleList (
        (0): LSTMCell(1000, 500)
      )
    )
    (attn): GlobalAttention (
      (linear_in): Linear (500 -> 500)
      (linear_out): Linear (1000 -> 500)
      (sm): Softmax ()
      (tanh): Tanh ()
    )
  )
  (generator): Sequential (
    (0): Linear (500 -> 18563)
    (1): LogSoftmax ()
  )
)
* number of parameters: 29760063
('encoder: ', 7424500)
('decoder: ', 22335563)

Epoch  1,    50/  454; acc:   7.65; ppl: 22173.21; 5331 src tok/s; 5511 tgt tok/s;      8 s elapsed
Epoch  1,   100/  454; acc:  15.62; ppl: 1208.66; 5783 src tok/s; 6016 tgt tok/s;     15 s elapsed
Epoch  1,   150/  454; acc:  17.21; ppl: 926.24; 5860 src tok/s; 6047 tgt tok/s;     23 s elapsed
Epoch  1,   200/  454; acc:  21.72; ppl: 261.94; 5795 src tok/s; 6045 tgt tok/s;     30 s elapsed
Epoch  1,   250/  454; acc:  26.27; ppl: 160.33; 5646 src tok/s; 5915 tgt tok/s;     37 s elapsed
Epoch  1,   300/  454; acc:  25.93; ppl: 135.27; 5405 src tok/s; 5569 tgt tok/s;     45 s elapsed
Epoch  1,   350/  454; acc:  29.11; ppl:  98.11; 5332 src tok/s; 5524 tgt tok/s;     53 s elapsed
Epoch  1,   400/  454; acc:  31.66; ppl:  75.82; 5294 src tok/s; 5507 tgt tok/s;     61 s elapsed
Epoch  1,   450/  454; acc:  33.30; ppl:  65.53; 5243 src tok/s; 5447 tgt tok/s;     68 s elapsed
Train perplexity: 344.037
Train accuracy: 23.191
Validation perplexity: 48.1194
Validation accuracy: 38.4987

Epoch  2,    50/  454; acc:  36.44; ppl:  50.89; 5421 src tok/s; 5649 tgt tok/s;      8 s elapsed
Epoch  2,   100/  454; acc:  38.49; ppl:  45.27; 5350 src tok/s; 5544 tgt tok/s;     16 s elapsed
Epoch  2,   150/  454; acc:  40.69; ppl:  38.58; 5425 src tok/s; 5590 tgt tok/s;     24 s elapsed
Epoch  2,   200/  454; acc:  44.81; ppl:  29.02; 5327 src tok/s; 5556 tgt tok/s;     31 s elapsed
Epoch  2,   250/  454; acc:  46.38; ppl:  26.59; 5237 src tok/s; 5466 tgt tok/s;     39 s elapsed
Epoch  2,   300/  454; acc:  47.66; ppl:  24.10; 5484 src tok/s; 5677 tgt tok/s;     47 s elapsed
Epoch  2,   350/  454; acc:  48.28; ppl:  22.70; 5386 src tok/s; 5584 tgt tok/s;     55 s elapsed
Epoch  2,   400/  454; acc:  50.51; ppl:  20.01; 5438 src tok/s; 5627 tgt tok/s;     62 s elapsed
Epoch  2,   450/  454; acc:  51.21; ppl:  18.85; 5279 src tok/s; 5485 tgt tok/s;     70 s elapsed
Train perplexity: 28.8218
Train accuracy: 44.9913
Validation perplexity: 15.1983
Validation accuracy: 55.144

Epoch  3,    50/  454; acc:  52.63; ppl:  16.08; 5473 src tok/s; 5671 tgt tok/s;      8 s elapsed
Epoch  3,   100/  454; acc:  53.84; ppl:  14.72; 5352 src tok/s; 5561 tgt tok/s;     16 s elapsed
Epoch  3,   150/  454; acc:  56.01; ppl:  12.89; 5400 src tok/s; 5632 tgt tok/s;     23 s elapsed
Epoch  3,   200/  454; acc:  53.70; ppl:  15.26; 5412 src tok/s; 5576 tgt tok/s;     31 s elapsed
Epoch  3,   250/  454; acc:  55.53; ppl:  12.99; 5461 src tok/s; 5683 tgt tok/s;     39 s elapsed
Epoch  3,   300/  454; acc:  56.35; ppl:  12.54; 5437 src tok/s; 5642 tgt tok/s;     46 s elapsed
Epoch  3,   350/  454; acc:  56.37; ppl:  12.69; 5317 src tok/s; 5538 tgt tok/s;     54 s elapsed
Epoch  3,   400/  454; acc:  56.86; ppl:  11.95; 5363 src tok/s; 5561 tgt tok/s;     62 s elapsed
Epoch  3,   450/  454; acc:  57.73; ppl:  11.42; 5355 src tok/s; 5545 tgt tok/s;     70 s elapsed
Train perplexity: 13.2948
Train accuracy: 55.4731
Validation perplexity: 10.1411
Validation accuracy: 60.4158

Epoch  4,    50/  454; acc:  58.59; ppl:  10.14; 5614 src tok/s; 5811 tgt tok/s;      8 s elapsed
Epoch  4,   100/  454; acc:  60.24; ppl:   8.98; 5506 src tok/s; 5724 tgt tok/s;     15 s elapsed
Epoch  4,   150/  454; acc:  60.58; ppl:   8.99; 5399 src tok/s; 5627 tgt tok/s;     23 s elapsed
Epoch  4,   200/  454; acc:  59.02; ppl:  10.00; 5430 src tok/s; 5616 tgt tok/s;     31 s elapsed
Epoch  4,   250/  454; acc:  60.98; ppl:   8.61; 5381 src tok/s; 5610 tgt tok/s;     38 s elapsed
Epoch  4,   300/  454; acc:  59.38; ppl:   9.68; 5377 src tok/s; 5554 tgt tok/s;     46 s elapsed
Epoch  4,   350/  454; acc:  61.95; ppl:   8.13; 5389 src tok/s; 5658 tgt tok/s;     54 s elapsed
Epoch  4,   400/  454; acc:  59.65; ppl:   9.23; 5483 src tok/s; 5640 tgt tok/s;     62 s elapsed
Epoch  4,   450/  454; acc:  60.08; ppl:   9.16; 5413 src tok/s; 5600 tgt tok/s;     69 s elapsed
Train perplexity: 9.18917
Train accuracy: 60.0562
Validation perplexity: 8.30389
Validation accuracy: 63.708

Epoch  5,    50/  454; acc:  63.65; ppl:   6.90; 5496 src tok/s; 5750 tgt tok/s;      7 s elapsed
Epoch  5,   100/  454; acc:  61.80; ppl:   7.67; 5629 src tok/s; 5811 tgt tok/s;     15 s elapsed
Epoch  5,   150/  454; acc:  61.97; ppl:   7.55; 5328 src tok/s; 5500 tgt tok/s;     23 s elapsed
Epoch  5,   200/  454; acc:  63.45; ppl:   6.93; 5503 src tok/s; 5753 tgt tok/s;     31 s elapsed
Epoch  5,   250/  454; acc:  63.88; ppl:   6.83; 5408 src tok/s; 5622 tgt tok/s;     38 s elapsed
Epoch  5,   300/  454; acc:  62.55; ppl:   7.31; 5493 src tok/s; 5687 tgt tok/s;     46 s elapsed
Epoch  5,   350/  454; acc:  62.63; ppl:   7.23; 5424 src tok/s; 5649 tgt tok/s;     54 s elapsed
Epoch  5,   400/  454; acc:  62.55; ppl:   7.42; 5384 src tok/s; 5580 tgt tok/s;     61 s elapsed
Epoch  5,   450/  454; acc:  63.42; ppl:   6.92; 5443 src tok/s; 5639 tgt tok/s;     69 s elapsed
Train perplexity: 7.20951
Train accuracy: 62.8244
Validation perplexity: 7.49174
Validation accuracy: 64.4246

Epoch  6,    50/  454; acc:  65.63; ppl:   5.67; 5615 src tok/s; 5836 tgt tok/s;      8 s elapsed
Epoch  6,   100/  454; acc:  64.84; ppl:   6.10; 5494 src tok/s; 5695 tgt tok/s;     15 s elapsed
Epoch  6,   150/  454; acc:  64.06; ppl:   6.36; 5418 src tok/s; 5599 tgt tok/s;     23 s elapsed
Epoch  6,   200/  454; acc:  65.92; ppl:   5.69; 5438 src tok/s; 5672 tgt tok/s;     31 s elapsed
Epoch  6,   250/  454; acc:  65.41; ppl:   5.73; 5464 src tok/s; 5688 tgt tok/s;     38 s elapsed
Epoch  6,   300/  454; acc:  64.14; ppl:   6.33; 5502 src tok/s; 5707 tgt tok/s;     46 s elapsed
Epoch  6,   350/  454; acc:  65.73; ppl:   5.73; 5404 src tok/s; 5626 tgt tok/s;     53 s elapsed
Epoch  6,   400/  454; acc:  63.93; ppl:   6.37; 5483 src tok/s; 5668 tgt tok/s;     61 s elapsed
Epoch  6,   450/  454; acc:  65.12; ppl:   6.05; 5437 src tok/s; 5628 tgt tok/s;     69 s elapsed
Train perplexity: 5.99726
Train accuracy: 64.9655
Validation perplexity: 6.91544
Validation accuracy: 66.4609

Epoch  7,    50/  454; acc:  66.92; ppl:   5.11; 5555 src tok/s; 5767 tgt tok/s;      8 s elapsed
Epoch  7,   100/  454; acc:  67.19; ppl:   4.99; 5614 src tok/s; 5804 tgt tok/s;     15 s elapsed
Epoch  7,   150/  454; acc:  66.76; ppl:   5.02; 5450 src tok/s; 5674 tgt tok/s;     23 s elapsed
Epoch  7,   200/  454; acc:  66.14; ppl:   5.27; 5555 src tok/s; 5728 tgt tok/s;     30 s elapsed
Epoch  7,   250/  454; acc:  66.49; ppl:   5.20; 5352 src tok/s; 5572 tgt tok/s;     38 s elapsed
Epoch  7,   300/  454; acc:  66.86; ppl:   5.07; 5415 src tok/s; 5660 tgt tok/s;     46 s elapsed
Epoch  7,   350/  454; acc:  66.83; ppl:   5.15; 5470 src tok/s; 5715 tgt tok/s;     53 s elapsed
Epoch  7,   400/  454; acc:  65.70; ppl:   5.48; 5527 src tok/s; 5686 tgt tok/s;     61 s elapsed
Epoch  7,   450/  454; acc:  66.31; ppl:   5.28; 5479 src tok/s; 5680 tgt tok/s;     69 s elapsed
Train perplexity: 5.16874
Train accuracy: 66.589
Validation perplexity: 6.72106
Validation accuracy: 66.3332

Epoch  8,    50/  454; acc:  69.37; ppl:   4.18; 5746 src tok/s; 5960 tgt tok/s;      7 s elapsed
Epoch  8,   100/  454; acc:  67.84; ppl:   4.58; 5385 src tok/s; 5596 tgt tok/s;     15 s elapsed
Epoch  8,   150/  454; acc:  69.25; ppl:   4.30; 5425 src tok/s; 5642 tgt tok/s;     23 s elapsed
Epoch  8,   200/  454; acc:  67.04; ppl:   4.78; 5473 src tok/s; 5662 tgt tok/s;     31 s elapsed
Epoch  8,   250/  454; acc:  67.28; ppl:   4.79; 5611 src tok/s; 5792 tgt tok/s;     38 s elapsed
Epoch  8,   300/  454; acc:  68.07; ppl:   4.53; 5354 src tok/s; 5582 tgt tok/s;     46 s elapsed
Epoch  8,   350/  454; acc:  67.88; ppl:   4.56; 5448 src tok/s; 5658 tgt tok/s;     53 s elapsed
Epoch  8,   400/  454; acc:  68.22; ppl:   4.55; 5496 src tok/s; 5707 tgt tok/s;     61 s elapsed
Epoch  8,   450/  454; acc:  67.00; ppl:   4.97; 5429 src tok/s; 5632 tgt tok/s;     69 s elapsed
Train perplexity: 4.57387
Train accuracy: 68.0128
Validation perplexity: 6.63954
Validation accuracy: 66.39
Decaying learning rate to 0.5

Epoch  9,    50/  454; acc:  72.14; ppl:   3.61; 5676 src tok/s; 5913 tgt tok/s;      7 s elapsed
Epoch  9,   100/  454; acc:  71.80; ppl:   3.64; 5539 src tok/s; 5727 tgt tok/s;     15 s elapsed
Epoch  9,   150/  454; acc:  71.47; ppl:   3.64; 5510 src tok/s; 5731 tgt tok/s;     23 s elapsed
Epoch  9,   200/  454; acc:  72.40; ppl:   3.50; 5605 src tok/s; 5808 tgt tok/s;     30 s elapsed
Epoch  9,   250/  454; acc:  71.99; ppl:   3.64; 5353 src tok/s; 5568 tgt tok/s;     38 s elapsed
Epoch  9,   300/  454; acc:  72.00; ppl:   3.57; 5536 src tok/s; 5722 tgt tok/s;     46 s elapsed
Epoch  9,   350/  454; acc:  71.54; ppl:   3.65; 5481 src tok/s; 5691 tgt tok/s;     53 s elapsed
Epoch  9,   400/  454; acc:  71.69; ppl:   3.63; 5568 src tok/s; 5784 tgt tok/s;     61 s elapsed
Epoch  9,   450/  454; acc:  71.07; ppl:   3.76; 5349 src tok/s; 5527 tgt tok/s;     69 s elapsed
Train perplexity: 3.61758
Train accuracy: 71.8271
Validation perplexity: 5.93827
Validation accuracy: 68.8307
Decaying learning rate to 0.25

Epoch 10,    50/  454; acc:  73.96; ppl:   3.16; 5589 src tok/s; 5812 tgt tok/s;      8 s elapsed
Epoch 10,   100/  454; acc:  74.95; ppl:   2.98; 5554 src tok/s; 5766 tgt tok/s;     15 s elapsed
Epoch 10,   150/  454; acc:  73.96; ppl:   3.12; 5508 src tok/s; 5724 tgt tok/s;     23 s elapsed
Epoch 10,   200/  454; acc:  74.51; ppl:   3.08; 5384 src tok/s; 5634 tgt tok/s;     30 s elapsed
Epoch 10,   250/  454; acc:  73.27; ppl:   3.30; 5599 src tok/s; 5766 tgt tok/s;     38 s elapsed
Epoch 10,   300/  454; acc:  74.51; ppl:   3.01; 5457 src tok/s; 5680 tgt tok/s;     46 s elapsed
Epoch 10,   350/  454; acc:  73.86; ppl:   3.17; 5436 src tok/s; 5633 tgt tok/s;     54 s elapsed
Epoch 10,   400/  454; acc:  74.62; ppl:   3.08; 5555 src tok/s; 5761 tgt tok/s;     61 s elapsed
Epoch 10,   450/  454; acc:  74.27; ppl:   3.12; 5517 src tok/s; 5701 tgt tok/s;     68 s elapsed
Train perplexity: 3.11088
Train accuracy: 74.2103
Validation perplexity: 5.76343
Validation accuracy: 69.8595
Decaying learning rate to 0.125

Epoch 11,    50/  454; acc:  74.99; ppl:   2.98; 5572 src tok/s; 5787 tgt tok/s;      8 s elapsed
Epoch 11,   100/  454; acc:  75.87; ppl:   2.78; 5453 src tok/s; 5681 tgt tok/s;     15 s elapsed
Epoch 11,   150/  454; acc:  75.49; ppl:   2.86; 5598 src tok/s; 5804 tgt tok/s;     23 s elapsed
Epoch 11,   200/  454; acc:  75.32; ppl:   2.96; 5479 src tok/s; 5668 tgt tok/s;     30 s elapsed
Epoch 11,   250/  454; acc:  75.20; ppl:   2.94; 5459 src tok/s; 5633 tgt tok/s;     38 s elapsed
Epoch 11,   300/  454; acc:  76.49; ppl:   2.74; 5382 src tok/s; 5637 tgt tok/s;     46 s elapsed
Epoch 11,   350/  454; acc:  75.82; ppl:   2.86; 5583 src tok/s; 5777 tgt tok/s;     53 s elapsed
Epoch 11,   400/  454; acc:  75.63; ppl:   2.84; 5417 src tok/s; 5625 tgt tok/s;     61 s elapsed
Epoch 11,   450/  454; acc:  75.36; ppl:   2.89; 5449 src tok/s; 5646 tgt tok/s;     69 s elapsed
Train perplexity: 2.87445
Train accuracy: 75.5669
Validation perplexity: 5.70026
Validation accuracy: 70.0298
Decaying learning rate to 0.0625

Epoch 12,    50/  454; acc:  76.59; ppl:   2.76; 5659 src tok/s; 5860 tgt tok/s;      8 s elapsed
Epoch 12,   100/  454; acc:  76.68; ppl:   2.73; 5588 src tok/s; 5821 tgt tok/s;     15 s elapsed
Epoch 12,   150/  454; acc:  76.75; ppl:   2.67; 5421 src tok/s; 5678 tgt tok/s;     22 s elapsed
Epoch 12,   200/  454; acc:  76.06; ppl:   2.84; 5446 src tok/s; 5640 tgt tok/s;     30 s elapsed
Epoch 12,   250/  454; acc:  76.68; ppl:   2.73; 5427 src tok/s; 5649 tgt tok/s;     38 s elapsed
Epoch 12,   300/  454; acc:  76.38; ppl:   2.76; 5573 src tok/s; 5767 tgt tok/s;     46 s elapsed
Epoch 12,   350/  454; acc:  75.13; ppl:   2.94; 5493 src tok/s; 5653 tgt tok/s;     53 s elapsed
Epoch 12,   400/  454; acc:  77.14; ppl:   2.64; 5525 src tok/s; 5762 tgt tok/s;     61 s elapsed
Epoch 12,   450/  454; acc:  76.18; ppl:   2.78; 5569 src tok/s; 5747 tgt tok/s;     68 s elapsed
Train perplexity: 2.7553
Train accuracy: 76.4237
Validation perplexity: 5.69929
Validation accuracy: 70.3065
Decaying learning rate to 0.03125

Epoch 13,    50/  454; acc:  76.42; ppl:   2.79; 5622 src tok/s; 5823 tgt tok/s;      8 s elapsed
Epoch 13,   100/  454; acc:  77.15; ppl:   2.67; 5591 src tok/s; 5781 tgt tok/s;     15 s elapsed
Epoch 13,   150/  454; acc:  78.07; ppl:   2.52; 5482 src tok/s; 5732 tgt tok/s;     22 s elapsed
Epoch 13,   200/  454; acc:  75.76; ppl:   2.88; 5469 src tok/s; 5627 tgt tok/s;     30 s elapsed
Epoch 13,   250/  454; acc:  77.13; ppl:   2.65; 5398 src tok/s; 5662 tgt tok/s;     38 s elapsed
Epoch 13,   300/  454; acc:  76.40; ppl:   2.71; 5589 src tok/s; 5781 tgt tok/s;     46 s elapsed
Epoch 13,   350/  454; acc:  76.02; ppl:   2.83; 5583 src tok/s; 5734 tgt tok/s;     54 s elapsed
Epoch 13,   400/  454; acc:  78.16; ppl:   2.49; 5562 src tok/s; 5826 tgt tok/s;     61 s elapsed
Epoch 13,   450/  454; acc:  76.42; ppl:   2.77; 5392 src tok/s; 5600 tgt tok/s;     69 s elapsed
Train perplexity: 2.69832
Train accuracy: 76.8313
Validation perplexity: 5.68778
Validation accuracy: 70.271
Decaying learning rate to 0.015625

Epoch 14,    50/  454; acc:  76.99; ppl:   2.67; 5607 src tok/s; 5809 tgt tok/s;      8 s elapsed
Epoch 14,   100/  454; acc:  77.41; ppl:   2.65; 5515 src tok/s; 5709 tgt tok/s;     15 s elapsed
Epoch 14,   150/  454; acc:  76.06; ppl:   2.85; 5468 src tok/s; 5687 tgt tok/s;     23 s elapsed
Epoch 14,   200/  454; acc:  77.57; ppl:   2.60; 5501 src tok/s; 5720 tgt tok/s;     30 s elapsed
Epoch 14,   250/  454; acc:  77.03; ppl:   2.63; 5486 src tok/s; 5735 tgt tok/s;     38 s elapsed
Epoch 14,   300/  454; acc:  76.92; ppl:   2.67; 5599 src tok/s; 5800 tgt tok/s;     46 s elapsed
Epoch 14,   350/  454; acc:  77.31; ppl:   2.66; 5534 src tok/s; 5742 tgt tok/s;     53 s elapsed
Epoch 14,   400/  454; acc:  77.24; ppl:   2.65; 5569 src tok/s; 5772 tgt tok/s;     61 s elapsed
Epoch 14,   450/  454; acc:  76.75; ppl:   2.67; 5441 src tok/s; 5625 tgt tok/s;     68 s elapsed
Train perplexity: 2.66842
Train accuracy: 77.0431
Validation perplexity: 5.68062
Validation accuracy: 70.2639
Decaying learning rate to 0.0078125

Epoch 15,    50/  454; acc:  77.95; ppl:   2.53; 5679 src tok/s; 5935 tgt tok/s;      7 s elapsed
Epoch 15,   100/  454; acc:  76.09; ppl:   2.83; 5484 src tok/s; 5695 tgt tok/s;     15 s elapsed
Epoch 15,   150/  454; acc:  76.28; ppl:   2.77; 5635 src tok/s; 5819 tgt tok/s;     23 s elapsed
Epoch 15,   200/  454; acc:  77.90; ppl:   2.55; 5490 src tok/s; 5709 tgt tok/s;     30 s elapsed
Epoch 15,   250/  454; acc:  76.53; ppl:   2.75; 5414 src tok/s; 5577 tgt tok/s;     38 s elapsed
Epoch 15,   300/  454; acc:  78.11; ppl:   2.53; 5453 src tok/s; 5703 tgt tok/s;     46 s elapsed
Epoch 15,   350/  454; acc:  76.60; ppl:   2.74; 5537 src tok/s; 5740 tgt tok/s;     53 s elapsed
Epoch 15,   400/  454; acc:  77.26; ppl:   2.61; 5582 src tok/s; 5780 tgt tok/s;     61 s elapsed
Epoch 15,   450/  454; acc:  77.21; ppl:   2.63; 5431 src tok/s; 5619 tgt tok/s;     68 s elapsed
Train perplexity: 2.657
Train accuracy: 77.1072
Validation perplexity: 5.68553
Validation accuracy: 70.2498
Decaying learning rate to 0.00390625

Epoch 16,    50/  454; acc:  77.86; ppl:   2.53; 5751 src tok/s; 5970 tgt tok/s;      7 s elapsed
Epoch 16,   100/  454; acc:  76.82; ppl:   2.69; 5532 src tok/s; 5706 tgt tok/s;     15 s elapsed
Epoch 16,   150/  454; acc:  77.47; ppl:   2.60; 5434 src tok/s; 5635 tgt tok/s;     22 s elapsed
Epoch 16,   200/  454; acc:  76.85; ppl:   2.69; 5530 src tok/s; 5742 tgt tok/s;     30 s elapsed
Epoch 16,   250/  454; acc:  78.59; ppl:   2.46; 5481 src tok/s; 5740 tgt tok/s;     37 s elapsed
Epoch 16,   300/  454; acc:  75.35; ppl:   2.93; 5436 src tok/s; 5620 tgt tok/s;     46 s elapsed
Epoch 16,   350/  454; acc:  77.08; ppl:   2.68; 5536 src tok/s; 5742 tgt tok/s;     53 s elapsed
Epoch 16,   400/  454; acc:  77.65; ppl:   2.60; 5645 src tok/s; 5862 tgt tok/s;     61 s elapsed
Epoch 16,   450/  454; acc:  77.16; ppl:   2.62; 5390 src tok/s; 5604 tgt tok/s;     68 s elapsed
Train perplexity: 2.64756
Train accuracy: 77.1724
Validation perplexity: 5.68627
Validation accuracy: 70.2285
Decaying learning rate to 0.00195312

Epoch 17,    50/  454; acc:  76.97; ppl:   2.67; 5571 src tok/s; 5778 tgt tok/s;      8 s elapsed
Epoch 17,   100/  454; acc:  77.47; ppl:   2.58; 5483 src tok/s; 5681 tgt tok/s;     15 s elapsed
Epoch 17,   150/  454; acc:  77.39; ppl:   2.61; 5452 src tok/s; 5693 tgt tok/s;     23 s elapsed
Epoch 17,   200/  454; acc:  76.57; ppl:   2.74; 5410 src tok/s; 5591 tgt tok/s;     31 s elapsed
Epoch 17,   250/  454; acc:  76.64; ppl:   2.73; 5525 src tok/s; 5701 tgt tok/s;     39 s elapsed
Epoch 17,   300/  454; acc:  77.93; ppl:   2.55; 5508 src tok/s; 5761 tgt tok/s;     46 s elapsed
Epoch 17,   350/  454; acc:  76.21; ppl:   2.77; 5569 src tok/s; 5763 tgt tok/s;     53 s elapsed
Epoch 17,   400/  454; acc:  77.64; ppl:   2.56; 5567 src tok/s; 5802 tgt tok/s;     61 s elapsed
Epoch 17,   450/  454; acc:  77.71; ppl:   2.57; 5573 src tok/s; 5769 tgt tok/s;     68 s elapsed
Train perplexity: 2.64255
Train accuracy: 77.1651
Validation perplexity: 5.68675
Validation accuracy: 70.2639
Decaying learning rate to 0.000976562
