<module 'opts' from '/u/suhubdyd/research/projects/jumble_lstm/code/auxiliary-nmt/opts.pyc'>
Namespace(batch_size=64, brnn=False, brnn_merge='concat', cnn_kernel_width=3, context_gate=None, copy_attn=False, copy_attn_force=False, coverage_attn=False, data='/data/lisatmp3/suhubdyd/multi30k.atok.low', dec_layers=1, decay_method='', decoder_type='rnn', dropout=0.3, enc_layers=2, encoder_type='rnn', epochs=17, exp='', exp_host='', feat_merge='concat', feat_vec_exponent=0.7, feat_vec_size=-1, fix_word_vecs_dec=False, fix_word_vecs_enc=False, global_attention='general', gpuid=[0], input_feed=1, kappa_dec=0.3, kappa_enc=0.15, lambda_coverage=1, layers=-1, learning_rate=1.0, learning_rate_decay=0.5, max_generator_batches=32, max_grad_norm=5, model_type='text', optim='sgd', param_init=0.1, position_encoding=False, pre_word_vecs_dec=None, pre_word_vecs_enc=None, report_every=50, rnn_size=500, rnn_type='LSTM', save_model='/data/lisatmp3/suhubdyd/models/encoder0.15_decoder0.3_dropout0.3', seed=-1, share_decoder_embeddings=False, share_embeddings=False, src_word_vec_size=500, start_checkpoint_at=0, start_decay_at=8, start_epoch=1, tgt_word_vec_size=500, train_from='', truncated_decoder=0, warmup_steps=4000, word_vec_size=-1)
('Using Kappa L2 loss on encoder', 0.15)
('Using Kappa L2 loss on decoder', 0.3)
Loading train and validate data from '/data/lisatmp3/suhubdyd/multi30k.atok.low'
 * number of training sentences: 29000
 * maximum batch size: 64
 * vocabulary size. source = 10841; target = 18563
Building model...
Intializing model parameters.
NMTModel (
  (encoder): RNNEncoder (
    (embeddings): Embeddings (
      (make_embedding): Sequential (
        (emb_luts): Elementwise (
          (0): Embedding(10841, 500, padding_idx=1)
        )
      )
    )
    (dropout): Dropout (p = 0.3)
    (rnn): LSTM(500, 500, dropout=0.3)
  )
  (decoder): InputFeedRNNDecoder (
    (embeddings): Embeddings (
      (make_embedding): Sequential (
        (emb_luts): Elementwise (
          (0): Embedding(18563, 500, padding_idx=1)
        )
      )
    )
    (dropout): Dropout (p = 0.3)
    (rnn): StackedLSTM (
      (dropout): Dropout (p = 0.3)
      (layers): ModuleList (
        (0): LSTMCell(1000, 500)
      )
    )
    (attn): GlobalAttention (
      (linear_in): Linear (500 -> 500)
      (linear_out): Linear (1000 -> 500)
      (sm): Softmax ()
      (tanh): Tanh ()
    )
  )
  (generator): Sequential (
    (0): Linear (500 -> 18563)
    (1): LogSoftmax ()
  )
)
* number of parameters: 29760063
('encoder: ', 7424500)
('decoder: ', 22335563)

Epoch  1,    50/  454; acc:   9.64; ppl: 39146.71; 6729 src tok/s; 7039 tgt tok/s;      6 s elapsed
Epoch  1,   100/  454; acc:  15.77; ppl: 1121.15; 7229 src tok/s; 7482 tgt tok/s;     12 s elapsed
Epoch  1,   150/  454; acc:  19.24; ppl: 423.53; 7110 src tok/s; 7377 tgt tok/s;     18 s elapsed
Epoch  1,   200/  454; acc:  21.19; ppl: 263.44; 7250 src tok/s; 7534 tgt tok/s;     24 s elapsed
Epoch  1,   250/  454; acc:  25.39; ppl: 156.50; 7100 src tok/s; 7400 tgt tok/s;     29 s elapsed
Epoch  1,   300/  454; acc:  27.15; ppl: 124.87; 7302 src tok/s; 7521 tgt tok/s;     35 s elapsed
Epoch  1,   350/  454; acc:  28.96; ppl:  97.33; 7303 src tok/s; 7570 tgt tok/s;     41 s elapsed
Epoch  1,   400/  454; acc:  32.45; ppl:  72.35; 7232 src tok/s; 7517 tgt tok/s;     47 s elapsed
Epoch  1,   450/  454; acc:  32.95; ppl:  67.78; 7232 src tok/s; 7484 tgt tok/s;     53 s elapsed
Train perplexity: 320.869
Train accuracy: 23.7676
Validation perplexity: 49.9519
Validation accuracy: 36.9235

Epoch  2,    50/  454; acc:  35.74; ppl:  52.01; 6801 src tok/s; 7070 tgt tok/s;      6 s elapsed
Epoch  2,   100/  454; acc:  36.92; ppl:  47.16; 7214 src tok/s; 7443 tgt tok/s;     12 s elapsed
Epoch  2,   150/  454; acc:  39.70; ppl:  39.82; 7462 src tok/s; 7712 tgt tok/s;     18 s elapsed
Epoch  2,   200/  454; acc:  44.52; ppl:  29.66; 7117 src tok/s; 7403 tgt tok/s;     23 s elapsed
Epoch  2,   250/  454; acc:  46.45; ppl:  25.48; 7206 src tok/s; 7539 tgt tok/s;     29 s elapsed
Epoch  2,   300/  454; acc:  46.48; ppl:  25.71; 7220 src tok/s; 7453 tgt tok/s;     35 s elapsed
Epoch  2,   350/  454; acc:  50.07; ppl:  20.46; 7077 src tok/s; 7372 tgt tok/s;     41 s elapsed
Epoch  2,   400/  454; acc:  50.49; ppl:  19.63; 7180 src tok/s; 7464 tgt tok/s;     47 s elapsed
Epoch  2,   450/  454; acc:  53.20; ppl:  16.32; 7286 src tok/s; 7563 tgt tok/s;     53 s elapsed
Train perplexity: 28.5053
Train accuracy: 44.8364
Validation perplexity: 16.4257
Validation accuracy: 53.4838

Epoch  3,    50/  454; acc:  55.92; ppl:  13.21; 7112 src tok/s; 7378 tgt tok/s;      6 s elapsed
Epoch  3,   100/  454; acc:  54.21; ppl:  14.03; 7184 src tok/s; 7431 tgt tok/s;     12 s elapsed
Epoch  3,   150/  454; acc:  56.34; ppl:  12.39; 7274 src tok/s; 7565 tgt tok/s;     18 s elapsed
Epoch  3,   200/  454; acc:  56.88; ppl:  12.49; 7082 src tok/s; 7355 tgt tok/s;     23 s elapsed
Epoch  3,   250/  454; acc:  56.44; ppl:  12.52; 7282 src tok/s; 7497 tgt tok/s;     30 s elapsed
Epoch  3,   300/  454; acc:  59.59; ppl:  10.43; 7124 src tok/s; 7451 tgt tok/s;     35 s elapsed
Epoch  3,   350/  454; acc:  58.23; ppl:  10.91; 7259 src tok/s; 7517 tgt tok/s;     41 s elapsed
Epoch  3,   400/  454; acc:  59.35; ppl:  10.35; 7233 src tok/s; 7549 tgt tok/s;     47 s elapsed
Epoch  3,   450/  454; acc:  60.17; ppl:   9.79; 7114 src tok/s; 7369 tgt tok/s;     52 s elapsed
Train perplexity: 11.7124
Train accuracy: 57.4604
Validation perplexity: 10.203
Validation accuracy: 59.7488

Epoch  4,    50/  454; acc:  61.26; ppl:   8.45; 7089 src tok/s; 7314 tgt tok/s;      6 s elapsed
Epoch  4,   100/  454; acc:  63.61; ppl:   7.42; 7215 src tok/s; 7526 tgt tok/s;     12 s elapsed
Epoch  4,   150/  454; acc:  62.93; ppl:   7.90; 7299 src tok/s; 7559 tgt tok/s;     17 s elapsed
Epoch  4,   200/  454; acc:  62.87; ppl:   7.59; 7154 src tok/s; 7456 tgt tok/s;     23 s elapsed
Epoch  4,   250/  454; acc:  61.74; ppl:   8.17; 7248 src tok/s; 7518 tgt tok/s;     29 s elapsed
Epoch  4,   300/  454; acc:  63.33; ppl:   7.30; 7178 src tok/s; 7468 tgt tok/s;     35 s elapsed
Epoch  4,   350/  454; acc:  64.51; ppl:   6.84; 7151 src tok/s; 7457 tgt tok/s;     41 s elapsed
Epoch  4,   400/  454; acc:  62.87; ppl:   7.90; 7197 src tok/s; 7424 tgt tok/s;     47 s elapsed
Epoch  4,   450/  454; acc:  63.76; ppl:   7.13; 6928 src tok/s; 7200 tgt tok/s;     52 s elapsed
Train perplexity: 7.63586
Train accuracy: 62.9543
Validation perplexity: 8.24643
Validation accuracy: 63.3248

Epoch  5,    50/  454; acc:  66.98; ppl:   5.58; 7116 src tok/s; 7391 tgt tok/s;      6 s elapsed
Epoch  5,   100/  454; acc:  66.13; ppl:   5.84; 7223 src tok/s; 7482 tgt tok/s;     12 s elapsed
Epoch  5,   150/  454; acc:  66.65; ppl:   5.65; 7097 src tok/s; 7410 tgt tok/s;     17 s elapsed
Epoch  5,   200/  454; acc:  66.26; ppl:   5.75; 7091 src tok/s; 7349 tgt tok/s;     24 s elapsed
Epoch  5,   250/  454; acc:  66.79; ppl:   5.56; 7075 src tok/s; 7354 tgt tok/s;     29 s elapsed
Epoch  5,   300/  454; acc:  66.00; ppl:   5.82; 7275 src tok/s; 7534 tgt tok/s;     35 s elapsed
Epoch  5,   350/  454; acc:  65.12; ppl:   6.21; 7247 src tok/s; 7482 tgt tok/s;     41 s elapsed
Epoch  5,   400/  454; acc:  67.83; ppl:   5.28; 7245 src tok/s; 7556 tgt tok/s;     47 s elapsed
Epoch  5,   450/  454; acc:  66.49; ppl:   5.66; 7111 src tok/s; 7374 tgt tok/s;     53 s elapsed
Train perplexity: 5.71013
Train accuracy: 66.4545
Validation perplexity: 7.29779
Validation accuracy: 65.1625

Epoch  6,    50/  454; acc:  68.89; ppl:   4.67; 7151 src tok/s; 7383 tgt tok/s;      6 s elapsed
Epoch  6,   100/  454; acc:  70.76; ppl:   4.11; 7250 src tok/s; 7600 tgt tok/s;     12 s elapsed
Epoch  6,   150/  454; acc:  68.40; ppl:   4.80; 7572 src tok/s; 7785 tgt tok/s;     18 s elapsed
Epoch  6,   200/  454; acc:  69.54; ppl:   4.54; 7057 src tok/s; 7380 tgt tok/s;     23 s elapsed
Epoch  6,   250/  454; acc:  68.97; ppl:   4.62; 7274 src tok/s; 7531 tgt tok/s;     29 s elapsed
Epoch  6,   300/  454; acc:  69.30; ppl:   4.56; 7182 src tok/s; 7477 tgt tok/s;     35 s elapsed
Epoch  6,   350/  454; acc:  68.92; ppl:   4.65; 7292 src tok/s; 7543 tgt tok/s;     41 s elapsed
Epoch  6,   400/  454; acc:  69.31; ppl:   4.55; 7414 src tok/s; 7685 tgt tok/s;     46 s elapsed
Epoch  6,   450/  454; acc:  68.49; ppl:   4.77; 6976 src tok/s; 7243 tgt tok/s;     52 s elapsed
Train perplexity: 4.58426
Train accuracy: 69.1659
Validation perplexity: 6.98361
Validation accuracy: 65.8081

Epoch  7,    50/  454; acc:  71.81; ppl:   3.74; 7184 src tok/s; 7448 tgt tok/s;      6 s elapsed
Epoch  7,   100/  454; acc:  72.02; ppl:   3.67; 7107 src tok/s; 7393 tgt tok/s;     12 s elapsed
Epoch  7,   150/  454; acc:  71.70; ppl:   3.73; 7167 src tok/s; 7455 tgt tok/s;     18 s elapsed
Epoch  7,   200/  454; acc:  71.05; ppl:   3.87; 7313 src tok/s; 7581 tgt tok/s;     23 s elapsed
Epoch  7,   250/  454; acc:  70.87; ppl:   3.93; 7164 src tok/s; 7412 tgt tok/s;     29 s elapsed
Epoch  7,   300/  454; acc:  72.12; ppl:   3.64; 7200 src tok/s; 7490 tgt tok/s;     35 s elapsed
Epoch  7,   350/  454; acc:  70.67; ppl:   4.01; 7261 src tok/s; 7551 tgt tok/s;     41 s elapsed
Epoch  7,   400/  454; acc:  70.58; ppl:   3.95; 7228 src tok/s; 7496 tgt tok/s;     47 s elapsed
Epoch  7,   450/  454; acc:  70.60; ppl:   3.99; 7210 src tok/s; 7476 tgt tok/s;     52 s elapsed
Train perplexity: 3.84029
Train accuracy: 71.2523
Validation perplexity: 6.75004
Validation accuracy: 66.3616

Epoch  8,    50/  454; acc:  74.30; ppl:   3.14; 6994 src tok/s; 7255 tgt tok/s;      6 s elapsed
Epoch  8,   100/  454; acc:  74.89; ppl:   3.02; 7238 src tok/s; 7535 tgt tok/s;     12 s elapsed
Epoch  8,   150/  454; acc:  73.98; ppl:   3.15; 7079 src tok/s; 7375 tgt tok/s;     18 s elapsed
Epoch  8,   200/  454; acc:  73.00; ppl:   3.33; 7234 src tok/s; 7489 tgt tok/s;     23 s elapsed
Epoch  8,   250/  454; acc:  73.16; ppl:   3.33; 7451 src tok/s; 7708 tgt tok/s;     29 s elapsed
Epoch  8,   300/  454; acc:  72.50; ppl:   3.42; 7274 src tok/s; 7543 tgt tok/s;     35 s elapsed
Epoch  8,   350/  454; acc:  72.07; ppl:   3.57; 7153 src tok/s; 7383 tgt tok/s;     41 s elapsed
Epoch  8,   400/  454; acc:  73.05; ppl:   3.30; 7144 src tok/s; 7473 tgt tok/s;     47 s elapsed
Epoch  8,   450/  454; acc:  72.17; ppl:   3.53; 7198 src tok/s; 7454 tgt tok/s;     52 s elapsed
Train perplexity: 3.3042
Train accuracy: 73.2291
Validation perplexity: 6.85966
Validation accuracy: 67.0143
Decaying learning rate to 0.5

Epoch  9,    50/  454; acc:  78.77; ppl:   2.46; 7093 src tok/s; 7367 tgt tok/s;      6 s elapsed
Epoch  9,   100/  454; acc:  78.08; ppl:   2.55; 7347 src tok/s; 7579 tgt tok/s;     12 s elapsed
Epoch  9,   150/  454; acc:  79.35; ppl:   2.38; 7197 src tok/s; 7479 tgt tok/s;     17 s elapsed
Epoch  9,   200/  454; acc:  78.57; ppl:   2.52; 7188 src tok/s; 7461 tgt tok/s;     23 s elapsed
Epoch  9,   250/  454; acc:  78.34; ppl:   2.51; 7256 src tok/s; 7532 tgt tok/s;     29 s elapsed
Epoch  9,   300/  454; acc:  79.28; ppl:   2.37; 7342 src tok/s; 7648 tgt tok/s;     35 s elapsed
Epoch  9,   350/  454; acc:  77.40; ppl:   2.61; 7322 src tok/s; 7541 tgt tok/s;     41 s elapsed
Epoch  9,   400/  454; acc:  79.83; ppl:   2.32; 7138 src tok/s; 7492 tgt tok/s;     46 s elapsed
Epoch  9,   450/  454; acc:  78.70; ppl:   2.42; 7244 src tok/s; 7486 tgt tok/s;     52 s elapsed
Train perplexity: 2.45687
Train accuracy: 78.7089
Validation perplexity: 6.40284
Validation accuracy: 68.5327
Decaying learning rate to 0.25

Epoch 10,    50/  454; acc:  82.67; ppl:   2.04; 7252 src tok/s; 7491 tgt tok/s;      6 s elapsed
Epoch 10,   100/  454; acc:  83.19; ppl:   2.00; 7154 src tok/s; 7467 tgt tok/s;     12 s elapsed
Epoch 10,   150/  454; acc:  83.44; ppl:   1.95; 7162 src tok/s; 7402 tgt tok/s;     18 s elapsed
Epoch 10,   200/  454; acc:  82.89; ppl:   2.02; 7050 src tok/s; 7320 tgt tok/s;     23 s elapsed
Epoch 10,   250/  454; acc:  83.82; ppl:   1.91; 6927 src tok/s; 7228 tgt tok/s;     29 s elapsed
Epoch 10,   300/  454; acc:  81.92; ppl:   2.12; 7075 src tok/s; 7311 tgt tok/s;     35 s elapsed
Epoch 10,   350/  454; acc:  83.93; ppl:   1.91; 6977 src tok/s; 7271 tgt tok/s;     41 s elapsed
Epoch 10,   400/  454; acc:  81.63; ppl:   2.15; 7083 src tok/s; 7346 tgt tok/s;     47 s elapsed
Epoch 10,   450/  454; acc:  82.81; ppl:   2.02; 6885 src tok/s; 7169 tgt tok/s;     53 s elapsed
Train perplexity: 2.01924
Train accuracy: 82.8572
Validation perplexity: 6.39408
Validation accuracy: 68.8165
Decaying learning rate to 0.125

Epoch 11,    50/  454; acc:  85.28; ppl:   1.83; 6845 src tok/s; 7128 tgt tok/s;      6 s elapsed
Epoch 11,   100/  454; acc:  85.47; ppl:   1.82; 7007 src tok/s; 7250 tgt tok/s;     12 s elapsed
Epoch 11,   150/  454; acc:  85.62; ppl:   1.79; 7036 src tok/s; 7318 tgt tok/s;     18 s elapsed
Epoch 11,   200/  454; acc:  85.11; ppl:   1.82; 7191 src tok/s; 7443 tgt tok/s;     24 s elapsed
Epoch 11,   250/  454; acc:  85.43; ppl:   1.81; 7019 src tok/s; 7306 tgt tok/s;     30 s elapsed
Epoch 11,   300/  454; acc:  85.23; ppl:   1.82; 7208 src tok/s; 7463 tgt tok/s;     36 s elapsed
Epoch 11,   350/  454; acc:  85.05; ppl:   1.86; 6852 src tok/s; 7139 tgt tok/s;     42 s elapsed
Epoch 11,   400/  454; acc:  85.24; ppl:   1.83; 7036 src tok/s; 7298 tgt tok/s;     48 s elapsed
Epoch 11,   450/  454; acc:  84.76; ppl:   1.89; 6973 src tok/s; 7207 tgt tok/s;     54 s elapsed
Train perplexity: 1.82684
Train accuracy: 85.2586
Validation perplexity: 6.52281
Validation accuracy: 69.1784
Decaying learning rate to 0.0625

Epoch 12,    50/  454; acc:  87.98; ppl:   1.64; 6835 src tok/s; 7146 tgt tok/s;      6 s elapsed
Epoch 12,   100/  454; acc:  85.74; ppl:   1.80; 7083 src tok/s; 7317 tgt tok/s;     12 s elapsed
Epoch 12,   150/  454; acc:  86.17; ppl:   1.77; 6994 src tok/s; 7263 tgt tok/s;     18 s elapsed
Epoch 12,   200/  454; acc:  86.51; ppl:   1.73; 7231 src tok/s; 7502 tgt tok/s;     24 s elapsed
Epoch 12,   250/  454; acc:  87.45; ppl:   1.65; 6990 src tok/s; 7312 tgt tok/s;     30 s elapsed
Epoch 12,   300/  454; acc:  85.58; ppl:   1.82; 7110 src tok/s; 7283 tgt tok/s;     36 s elapsed
Epoch 12,   350/  454; acc:  86.13; ppl:   1.76; 7067 src tok/s; 7319 tgt tok/s;     42 s elapsed
Epoch 12,   400/  454; acc:  86.80; ppl:   1.70; 7054 src tok/s; 7377 tgt tok/s;     48 s elapsed
Epoch 12,   450/  454; acc:  85.75; ppl:   1.77; 6926 src tok/s; 7167 tgt tok/s;     54 s elapsed
Train perplexity: 1.73635
Train accuracy: 86.4593
Validation perplexity: 6.66281
Validation accuracy: 69.2351
Decaying learning rate to 0.03125

Epoch 13,    50/  454; acc:  86.79; ppl:   1.72; 6858 src tok/s; 7111 tgt tok/s;      6 s elapsed
Epoch 13,   100/  454; acc:  87.25; ppl:   1.67; 7101 src tok/s; 7367 tgt tok/s;     12 s elapsed
Epoch 13,   150/  454; acc:  85.87; ppl:   1.80; 7149 src tok/s; 7352 tgt tok/s;     18 s elapsed
Epoch 13,   200/  454; acc:  88.81; ppl:   1.56; 6879 src tok/s; 7228 tgt tok/s;     24 s elapsed
Epoch 13,   250/  454; acc:  86.80; ppl:   1.71; 7078 src tok/s; 7321 tgt tok/s;     30 s elapsed
Epoch 13,   300/  454; acc:  87.05; ppl:   1.69; 6926 src tok/s; 7231 tgt tok/s;     36 s elapsed
Epoch 13,   350/  454; acc:  86.66; ppl:   1.72; 6983 src tok/s; 7262 tgt tok/s;     42 s elapsed
Epoch 13,   400/  454; acc:  87.20; ppl:   1.69; 7243 src tok/s; 7470 tgt tok/s;     48 s elapsed
Epoch 13,   450/  454; acc:  86.59; ppl:   1.73; 6978 src tok/s; 7246 tgt tok/s;     54 s elapsed
Train perplexity: 1.69667
Train accuracy: 86.9973
Validation perplexity: 6.7002
Validation accuracy: 69.2848
Decaying learning rate to 0.015625

Epoch 14,    50/  454; acc:  87.73; ppl:   1.65; 6935 src tok/s; 7165 tgt tok/s;      6 s elapsed
Epoch 14,   100/  454; acc:  86.70; ppl:   1.71; 6897 src tok/s; 7163 tgt tok/s;     12 s elapsed
Epoch 14,   150/  454; acc:  87.52; ppl:   1.66; 7129 src tok/s; 7351 tgt tok/s;     18 s elapsed
Epoch 14,   200/  454; acc:  87.53; ppl:   1.66; 6884 src tok/s; 7220 tgt tok/s;     24 s elapsed
Epoch 14,   250/  454; acc:  88.42; ppl:   1.59; 7096 src tok/s; 7386 tgt tok/s;     30 s elapsed
Epoch 14,   300/  454; acc:  86.02; ppl:   1.78; 7195 src tok/s; 7420 tgt tok/s;     36 s elapsed
Epoch 14,   350/  454; acc:  86.84; ppl:   1.73; 7149 src tok/s; 7391 tgt tok/s;     42 s elapsed
Epoch 14,   400/  454; acc:  87.75; ppl:   1.62; 7137 src tok/s; 7429 tgt tok/s;     48 s elapsed
Epoch 14,   450/  454; acc:  87.51; ppl:   1.67; 7096 src tok/s; 7386 tgt tok/s;     54 s elapsed
Train perplexity: 1.67405
Train accuracy: 87.3414
Validation perplexity: 6.72999
Validation accuracy: 69.2848
Decaying learning rate to 0.0078125

Epoch 15,    50/  454; acc:  86.71; ppl:   1.72; 7172 src tok/s; 7363 tgt tok/s;      6 s elapsed
Epoch 15,   100/  454; acc:  88.85; ppl:   1.57; 6971 src tok/s; 7327 tgt tok/s;     12 s elapsed
Epoch 15,   150/  454; acc:  86.51; ppl:   1.74; 7058 src tok/s; 7283 tgt tok/s;     18 s elapsed
Epoch 15,   200/  454; acc:  88.16; ppl:   1.60; 6958 src tok/s; 7248 tgt tok/s;     24 s elapsed
Epoch 15,   250/  454; acc:  86.54; ppl:   1.74; 7098 src tok/s; 7336 tgt tok/s;     30 s elapsed
Epoch 15,   300/  454; acc:  88.27; ppl:   1.61; 7013 src tok/s; 7320 tgt tok/s;     36 s elapsed
Epoch 15,   350/  454; acc:  87.45; ppl:   1.66; 7102 src tok/s; 7352 tgt tok/s;     42 s elapsed
Epoch 15,   400/  454; acc:  87.37; ppl:   1.67; 7108 src tok/s; 7346 tgt tok/s;     48 s elapsed
Epoch 15,   450/  454; acc:  87.77; ppl:   1.63; 6771 src tok/s; 7097 tgt tok/s;     54 s elapsed
Train perplexity: 1.66303
Train accuracy: 87.4749
Validation perplexity: 6.74916
Validation accuracy: 69.1784
Decaying learning rate to 0.00390625

Epoch 16,    50/  454; acc:  87.98; ppl:   1.61; 6861 src tok/s; 7174 tgt tok/s;      6 s elapsed
Epoch 16,   100/  454; acc:  87.10; ppl:   1.70; 7113 src tok/s; 7354 tgt tok/s;     12 s elapsed
Epoch 16,   150/  454; acc:  88.23; ppl:   1.61; 6944 src tok/s; 7213 tgt tok/s;     18 s elapsed
Epoch 16,   200/  454; acc:  86.86; ppl:   1.72; 7200 src tok/s; 7439 tgt tok/s;     24 s elapsed
Epoch 16,   250/  454; acc:  88.56; ppl:   1.58; 7146 src tok/s; 7425 tgt tok/s;     30 s elapsed
Epoch 16,   300/  454; acc:  86.78; ppl:   1.73; 6981 src tok/s; 7239 tgt tok/s;     36 s elapsed
Epoch 16,   350/  454; acc:  87.43; ppl:   1.66; 7137 src tok/s; 7408 tgt tok/s;     42 s elapsed
Epoch 16,   400/  454; acc:  87.38; ppl:   1.67; 6947 src tok/s; 7208 tgt tok/s;     48 s elapsed
Epoch 16,   450/  454; acc:  87.28; ppl:   1.67; 6821 src tok/s; 7071 tgt tok/s;     54 s elapsed
Train perplexity: 1.66014
Train accuracy: 87.5277
Validation perplexity: 6.75928
Validation accuracy: 69.228
Decaying learning rate to 0.00195312

Epoch 17,    50/  454; acc:  87.88; ppl:   1.66; 6897 src tok/s; 7165 tgt tok/s;      6 s elapsed
Epoch 17,   100/  454; acc:  87.52; ppl:   1.66; 7011 src tok/s; 7293 tgt tok/s;     12 s elapsed
Epoch 17,   150/  454; acc:  88.15; ppl:   1.63; 7029 src tok/s; 7344 tgt tok/s;     18 s elapsed
Epoch 17,   200/  454; acc:  87.03; ppl:   1.69; 7212 src tok/s; 7440 tgt tok/s;     24 s elapsed
Epoch 17,   250/  454; acc:  87.52; ppl:   1.65; 7146 src tok/s; 7360 tgt tok/s;     30 s elapsed
Epoch 17,   300/  454; acc:  88.06; ppl:   1.63; 6897 src tok/s; 7179 tgt tok/s;     36 s elapsed
Epoch 17,   350/  454; acc:  87.91; ppl:   1.63; 7033 src tok/s; 7275 tgt tok/s;     42 s elapsed
Epoch 17,   400/  454; acc:  87.19; ppl:   1.69; 7013 src tok/s; 7317 tgt tok/s;     48 s elapsed
Epoch 17,   450/  454; acc:  87.72; ppl:   1.66; 6907 src tok/s; 7181 tgt tok/s;     54 s elapsed
Train perplexity: 1.65666
Train accuracy: 87.6302
Validation perplexity: 6.76014
Validation accuracy: 69.2564
Decaying learning rate to 0.000976562
