<module 'opts' from '/u/suhubdyd/research/projects/jumble_lstm/code/auxiliary-nmt/opts.pyc'>
Namespace(batch_size=64, brnn=False, brnn_merge='concat', cnn_kernel_width=3, context_gate=None, copy_attn=False, copy_attn_force=False, coverage_attn=False, data='/data/lisatmp3/suhubdyd/multi30k.atok.low', dec_layers=1, decay_method='', decoder_type='rnn', dropout=0.4, enc_layers=2, encoder_type='rnn', epochs=17, exp='', exp_host='', feat_merge='concat', feat_vec_exponent=0.7, feat_vec_size=-1, fix_word_vecs_dec=False, fix_word_vecs_enc=False, global_attention='general', gpuid=[0], input_feed=1, kappa_dec=0.0, kappa_enc=0.3, lambda_coverage=1, layers=-1, learning_rate=1.0, learning_rate_decay=0.5, max_generator_batches=32, max_grad_norm=5, model_type='text', optim='sgd', param_init=0.1, position_encoding=False, pre_word_vecs_dec=None, pre_word_vecs_enc=None, report_every=50, rnn_size=500, rnn_type='LSTM', save_model='/data/lisatmp3/suhubdyd/models/encoder0.3_decoder0_dropout0.4', seed=-1, share_decoder_embeddings=False, share_embeddings=False, src_word_vec_size=500, start_checkpoint_at=0, start_decay_at=8, start_epoch=1, tgt_word_vec_size=500, train_from='', truncated_decoder=0, warmup_steps=4000, word_vec_size=-1)
('Using Kappa L2 loss on encoder', 0.3)
Loading train and validate data from '/data/lisatmp3/suhubdyd/multi30k.atok.low'
 * number of training sentences: 29000
 * maximum batch size: 64
 * vocabulary size. source = 10841; target = 18563
Building model...
Intializing model parameters.
NMTModel (
  (encoder): RNNEncoder (
    (embeddings): Embeddings (
      (make_embedding): Sequential (
        (emb_luts): Elementwise (
          (0): Embedding(10841, 500, padding_idx=1)
        )
      )
    )
    (dropout): Dropout (p = 0.4)
    (rnn): LSTM(500, 500, dropout=0.4)
  )
  (decoder): InputFeedRNNDecoder (
    (embeddings): Embeddings (
      (make_embedding): Sequential (
        (emb_luts): Elementwise (
          (0): Embedding(18563, 500, padding_idx=1)
        )
      )
    )
    (dropout): Dropout (p = 0.4)
    (rnn): StackedLSTM (
      (dropout): Dropout (p = 0.4)
      (layers): ModuleList (
        (0): LSTMCell(1000, 500)
      )
    )
    (attn): GlobalAttention (
      (linear_in): Linear (500 -> 500)
      (linear_out): Linear (1000 -> 500)
      (sm): Softmax ()
      (tanh): Tanh ()
    )
  )
  (generator): Sequential (
    (0): Linear (500 -> 18563)
    (1): LogSoftmax ()
  )
)
* number of parameters: 29760063
('encoder: ', 7424500)
('decoder: ', 22335563)

Epoch  1,    50/  454; acc:  10.47; ppl: 9877.28; 6239 src tok/s; 6520 tgt tok/s;      6 s elapsed
Epoch  1,   100/  454; acc:  15.64; ppl: 996.74; 6993 src tok/s; 7221 tgt tok/s;     13 s elapsed
Epoch  1,   150/  454; acc:  18.41; ppl: 543.77; 6997 src tok/s; 7257 tgt tok/s;     19 s elapsed
Epoch  1,   200/  454; acc:  21.79; ppl: 248.25; 7039 src tok/s; 7331 tgt tok/s;     25 s elapsed
Epoch  1,   250/  454; acc:  25.35; ppl: 160.82; 7033 src tok/s; 7297 tgt tok/s;     31 s elapsed
Epoch  1,   300/  454; acc:  27.43; ppl: 124.81; 7162 src tok/s; 7433 tgt tok/s;     36 s elapsed
Epoch  1,   350/  454; acc:  29.85; ppl:  89.38; 7048 src tok/s; 7306 tgt tok/s;     43 s elapsed
Epoch  1,   400/  454; acc:  31.66; ppl:  75.88; 6927 src tok/s; 7178 tgt tok/s;     48 s elapsed
Epoch  1,   450/  454; acc:  33.48; ppl:  63.70; 6938 src tok/s; 7208 tgt tok/s;     54 s elapsed
Train perplexity: 277.491
Train accuracy: 23.8479
Validation perplexity: 58.9057
Validation accuracy: 32.8154

Epoch  2,    50/  454; acc:  35.14; ppl:  53.54; 6929 src tok/s; 7228 tgt tok/s;      6 s elapsed
Epoch  2,   100/  454; acc:  38.26; ppl:  44.01; 7037 src tok/s; 7287 tgt tok/s;     12 s elapsed
Epoch  2,   150/  454; acc:  41.02; ppl:  37.02; 6990 src tok/s; 7270 tgt tok/s;     18 s elapsed
Epoch  2,   200/  454; acc:  42.95; ppl:  31.84; 7153 src tok/s; 7385 tgt tok/s;     24 s elapsed
Epoch  2,   250/  454; acc:  46.03; ppl:  27.43; 6977 src tok/s; 7264 tgt tok/s;     30 s elapsed
Epoch  2,   300/  454; acc:  47.33; ppl:  23.62; 6943 src tok/s; 7190 tgt tok/s;     36 s elapsed
Epoch  2,   350/  454; acc:  50.86; ppl:  19.68; 6914 src tok/s; 7225 tgt tok/s;     42 s elapsed
Epoch  2,   400/  454; acc:  50.95; ppl:  19.55; 7110 src tok/s; 7346 tgt tok/s;     48 s elapsed
Epoch  2,   450/  454; acc:  52.73; ppl:  17.39; 6912 src tok/s; 7178 tgt tok/s;     54 s elapsed
Train perplexity: 28.3061
Train accuracy: 45.0699
Validation perplexity: 15.7803
Validation accuracy: 54.4274

Epoch  3,    50/  454; acc:  54.91; ppl:  14.06; 6843 src tok/s; 7103 tgt tok/s;      6 s elapsed
Epoch  3,   100/  454; acc:  55.53; ppl:  13.55; 6975 src tok/s; 7217 tgt tok/s;     12 s elapsed
Epoch  3,   150/  454; acc:  55.91; ppl:  12.97; 7011 src tok/s; 7246 tgt tok/s;     18 s elapsed
Epoch  3,   200/  454; acc:  57.02; ppl:  11.92; 6907 src tok/s; 7211 tgt tok/s;     24 s elapsed
Epoch  3,   250/  454; acc:  57.01; ppl:  12.07; 7166 src tok/s; 7412 tgt tok/s;     30 s elapsed
Epoch  3,   300/  454; acc:  58.87; ppl:  10.82; 6959 src tok/s; 7251 tgt tok/s;     36 s elapsed
Epoch  3,   350/  454; acc:  58.09; ppl:  11.05; 6948 src tok/s; 7205 tgt tok/s;     42 s elapsed
Epoch  3,   400/  454; acc:  59.18; ppl:  10.39; 7123 src tok/s; 7397 tgt tok/s;     48 s elapsed
Epoch  3,   450/  454; acc:  59.01; ppl:  10.43; 6945 src tok/s; 7229 tgt tok/s;     54 s elapsed
Train perplexity: 11.8568
Train accuracy: 57.2784
Validation perplexity: 10.695
Validation accuracy: 58.8265

Epoch  4,    50/  454; acc:  61.34; ppl:   8.60; 6964 src tok/s; 7152 tgt tok/s;      6 s elapsed
Epoch  4,   100/  454; acc:  63.29; ppl:   7.48; 6894 src tok/s; 7171 tgt tok/s;     12 s elapsed
Epoch  4,   150/  454; acc:  62.23; ppl:   8.11; 7093 src tok/s; 7357 tgt tok/s;     18 s elapsed
Epoch  4,   200/  454; acc:  62.30; ppl:   7.83; 7069 src tok/s; 7355 tgt tok/s;     24 s elapsed
Epoch  4,   250/  454; acc:  61.60; ppl:   8.19; 6995 src tok/s; 7265 tgt tok/s;     30 s elapsed
Epoch  4,   300/  454; acc:  62.94; ppl:   7.62; 6967 src tok/s; 7264 tgt tok/s;     36 s elapsed
Epoch  4,   350/  454; acc:  62.46; ppl:   7.84; 7087 src tok/s; 7325 tgt tok/s;     42 s elapsed
Epoch  4,   400/  454; acc:  63.76; ppl:   7.11; 6889 src tok/s; 7171 tgt tok/s;     48 s elapsed
Epoch  4,   450/  454; acc:  63.20; ppl:   7.51; 6882 src tok/s; 7174 tgt tok/s;     54 s elapsed
Train perplexity: 7.81222
Train accuracy: 62.546
Validation perplexity: 8.21177
Validation accuracy: 62.6082

Epoch  5,    50/  454; acc:  66.21; ppl:   5.63; 7127 src tok/s; 7407 tgt tok/s;      6 s elapsed
Epoch  5,   100/  454; acc:  66.27; ppl:   5.85; 7010 src tok/s; 7289 tgt tok/s;     12 s elapsed
Epoch  5,   150/  454; acc:  66.13; ppl:   5.69; 6840 src tok/s; 7133 tgt tok/s;     18 s elapsed
Epoch  5,   200/  454; acc:  65.11; ppl:   6.19; 6994 src tok/s; 7216 tgt tok/s;     24 s elapsed
Epoch  5,   250/  454; acc:  65.75; ppl:   5.98; 6943 src tok/s; 7202 tgt tok/s;     30 s elapsed
Epoch  5,   300/  454; acc:  66.23; ppl:   5.85; 6967 src tok/s; 7242 tgt tok/s;     36 s elapsed
Epoch  5,   350/  454; acc:  64.94; ppl:   6.30; 7159 src tok/s; 7375 tgt tok/s;     42 s elapsed
Epoch  5,   400/  454; acc:  66.57; ppl:   5.73; 7028 src tok/s; 7338 tgt tok/s;     48 s elapsed
Epoch  5,   450/  454; acc:  65.73; ppl:   5.90; 6784 src tok/s; 7036 tgt tok/s;     54 s elapsed
Train perplexity: 5.90499
Train accuracy: 65.8703
Validation perplexity: 7.30212
Validation accuracy: 65.1341

Epoch  6,    50/  454; acc:  68.19; ppl:   4.84; 6808 src tok/s; 7060 tgt tok/s;      6 s elapsed
Epoch  6,   100/  454; acc:  69.49; ppl:   4.48; 7095 src tok/s; 7387 tgt tok/s;     12 s elapsed
Epoch  6,   150/  454; acc:  69.04; ppl:   4.67; 6866 src tok/s; 7152 tgt tok/s;     18 s elapsed
Epoch  6,   200/  454; acc:  67.53; ppl:   5.01; 7033 src tok/s; 7272 tgt tok/s;     24 s elapsed
Epoch  6,   250/  454; acc:  68.46; ppl:   4.74; 7044 src tok/s; 7302 tgt tok/s;     30 s elapsed
Epoch  6,   300/  454; acc:  68.09; ppl:   4.84; 7070 src tok/s; 7326 tgt tok/s;     36 s elapsed
Epoch  6,   350/  454; acc:  68.78; ppl:   4.74; 6986 src tok/s; 7263 tgt tok/s;     42 s elapsed
Epoch  6,   400/  454; acc:  67.92; ppl:   4.83; 7010 src tok/s; 7280 tgt tok/s;     48 s elapsed
Epoch  6,   450/  454; acc:  68.25; ppl:   4.81; 6932 src tok/s; 7196 tgt tok/s;     54 s elapsed
Train perplexity: 4.77325
Train accuracy: 68.4084
Validation perplexity: 6.81969
Validation accuracy: 66.6809

Epoch  7,    50/  454; acc:  72.18; ppl:   3.62; 7016 src tok/s; 7304 tgt tok/s;      6 s elapsed
Epoch  7,   100/  454; acc:  70.72; ppl:   3.99; 7112 src tok/s; 7331 tgt tok/s;     12 s elapsed
Epoch  7,   150/  454; acc:  71.18; ppl:   3.84; 6925 src tok/s; 7218 tgt tok/s;     18 s elapsed
Epoch  7,   200/  454; acc:  69.58; ppl:   4.19; 7061 src tok/s; 7334 tgt tok/s;     24 s elapsed
Epoch  7,   250/  454; acc:  70.24; ppl:   4.05; 6980 src tok/s; 7203 tgt tok/s;     30 s elapsed
Epoch  7,   300/  454; acc:  70.57; ppl:   4.01; 6689 src tok/s; 6989 tgt tok/s;     36 s elapsed
Epoch  7,   350/  454; acc:  70.35; ppl:   4.02; 6818 src tok/s; 7122 tgt tok/s;     42 s elapsed
Epoch  7,   400/  454; acc:  70.37; ppl:   4.10; 7176 src tok/s; 7383 tgt tok/s;     48 s elapsed
Epoch  7,   450/  454; acc:  69.32; ppl:   4.25; 6859 src tok/s; 7130 tgt tok/s;     54 s elapsed
Train perplexity: 4.00256
Train accuracy: 70.4997
Validation perplexity: 6.59904
Validation accuracy: 67.3194

Epoch  8,    50/  454; acc:  73.44; ppl:   3.26; 6834 src tok/s; 7102 tgt tok/s;      6 s elapsed
Epoch  8,   100/  454; acc:  73.77; ppl:   3.23; 7004 src tok/s; 7288 tgt tok/s;     12 s elapsed
Epoch  8,   150/  454; acc:  72.60; ppl:   3.44; 6990 src tok/s; 7247 tgt tok/s;     18 s elapsed
Epoch  8,   200/  454; acc:  72.82; ppl:   3.40; 6907 src tok/s; 7201 tgt tok/s;     24 s elapsed
Epoch  8,   250/  454; acc:  71.94; ppl:   3.54; 7212 src tok/s; 7477 tgt tok/s;     30 s elapsed
Epoch  8,   300/  454; acc:  71.84; ppl:   3.53; 7000 src tok/s; 7284 tgt tok/s;     36 s elapsed
Epoch  8,   350/  454; acc:  72.37; ppl:   3.45; 7004 src tok/s; 7231 tgt tok/s;     42 s elapsed
Epoch  8,   400/  454; acc:  71.21; ppl:   3.70; 6967 src tok/s; 7219 tgt tok/s;     48 s elapsed
Epoch  8,   450/  454; acc:  71.55; ppl:   3.63; 6970 src tok/s; 7200 tgt tok/s;     54 s elapsed
Train perplexity: 3.45981
Train accuracy: 72.4069
Validation perplexity: 6.46524
Validation accuracy: 67.6174
Decaying learning rate to 0.5

Epoch  9,    50/  454; acc:  77.41; ppl:   2.59; 6949 src tok/s; 7238 tgt tok/s;      6 s elapsed
Epoch  9,   100/  454; acc:  77.19; ppl:   2.65; 7032 src tok/s; 7248 tgt tok/s;     12 s elapsed
Epoch  9,   150/  454; acc:  77.30; ppl:   2.68; 7031 src tok/s; 7279 tgt tok/s;     18 s elapsed
Epoch  9,   200/  454; acc:  78.16; ppl:   2.52; 6983 src tok/s; 7268 tgt tok/s;     24 s elapsed
Epoch  9,   250/  454; acc:  78.02; ppl:   2.53; 6898 src tok/s; 7174 tgt tok/s;     30 s elapsed
Epoch  9,   300/  454; acc:  76.88; ppl:   2.69; 6935 src tok/s; 7220 tgt tok/s;     36 s elapsed
Epoch  9,   350/  454; acc:  77.06; ppl:   2.69; 6991 src tok/s; 7220 tgt tok/s;     42 s elapsed
Epoch  9,   400/  454; acc:  77.99; ppl:   2.52; 6924 src tok/s; 7216 tgt tok/s;     48 s elapsed
Epoch  9,   450/  454; acc:  77.57; ppl:   2.59; 6905 src tok/s; 7163 tgt tok/s;     54 s elapsed
Train perplexity: 2.60997
Train accuracy: 77.4808
Validation perplexity: 6.12045
Validation accuracy: 68.7101
Decaying learning rate to 0.25

Epoch 10,    50/  454; acc:  81.64; ppl:   2.12; 6988 src tok/s; 7250 tgt tok/s;      6 s elapsed
Epoch 10,   100/  454; acc:  81.22; ppl:   2.18; 6882 src tok/s; 7115 tgt tok/s;     12 s elapsed
Epoch 10,   150/  454; acc:  81.54; ppl:   2.12; 7061 src tok/s; 7306 tgt tok/s;     18 s elapsed
Epoch 10,   200/  454; acc:  81.34; ppl:   2.16; 7023 src tok/s; 7297 tgt tok/s;     24 s elapsed
Epoch 10,   250/  454; acc:  81.37; ppl:   2.13; 7061 src tok/s; 7327 tgt tok/s;     30 s elapsed
Epoch 10,   300/  454; acc:  80.21; ppl:   2.27; 7021 src tok/s; 7295 tgt tok/s;     36 s elapsed
Epoch 10,   350/  454; acc:  80.96; ppl:   2.18; 7013 src tok/s; 7296 tgt tok/s;     42 s elapsed
Epoch 10,   400/  454; acc:  81.29; ppl:   2.16; 6947 src tok/s; 7224 tgt tok/s;     48 s elapsed
Epoch 10,   450/  454; acc:  80.85; ppl:   2.23; 7339 src tok/s; 7594 tgt tok/s;     54 s elapsed
Train perplexity: 2.16988
Train accuracy: 81.1692
Validation perplexity: 6.11465
Validation accuracy: 69.3558
Decaying learning rate to 0.125

Epoch 11,    50/  454; acc:  83.14; ppl:   2.00; 7250 src tok/s; 7497 tgt tok/s;      6 s elapsed
Epoch 11,   100/  454; acc:  83.89; ppl:   1.93; 7233 src tok/s; 7522 tgt tok/s;     12 s elapsed
Epoch 11,   150/  454; acc:  83.76; ppl:   1.95; 7389 src tok/s; 7694 tgt tok/s;     17 s elapsed
Epoch 11,   200/  454; acc:  82.95; ppl:   2.04; 7387 src tok/s; 7625 tgt tok/s;     23 s elapsed
Epoch 11,   250/  454; acc:  83.91; ppl:   1.94; 7210 src tok/s; 7493 tgt tok/s;     29 s elapsed
Epoch 11,   300/  454; acc:  83.24; ppl:   1.97; 7027 src tok/s; 7273 tgt tok/s;     35 s elapsed
Epoch 11,   350/  454; acc:  83.66; ppl:   1.93; 6961 src tok/s; 7262 tgt tok/s;     41 s elapsed
Epoch 11,   400/  454; acc:  82.57; ppl:   2.03; 7142 src tok/s; 7392 tgt tok/s;     47 s elapsed
Epoch 11,   450/  454; acc:  82.99; ppl:   1.99; 6980 src tok/s; 7284 tgt tok/s;     52 s elapsed
Train perplexity: 1.97714
Train accuracy: 83.3261
Validation perplexity: 6.22114
Validation accuracy: 69.8382
Decaying learning rate to 0.0625

Epoch 12,    50/  454; acc:  84.74; ppl:   1.87; 6888 src tok/s; 7162 tgt tok/s;      6 s elapsed
Epoch 12,   100/  454; acc:  84.12; ppl:   1.88; 6909 src tok/s; 7201 tgt tok/s;     12 s elapsed
Epoch 12,   150/  454; acc:  84.05; ppl:   1.91; 6938 src tok/s; 7195 tgt tok/s;     18 s elapsed
Epoch 12,   200/  454; acc:  84.74; ppl:   1.87; 6910 src tok/s; 7150 tgt tok/s;     24 s elapsed
Epoch 12,   250/  454; acc:  85.07; ppl:   1.82; 6920 src tok/s; 7226 tgt tok/s;     30 s elapsed
Epoch 12,   300/  454; acc:  83.73; ppl:   1.94; 7149 src tok/s; 7380 tgt tok/s;     36 s elapsed
Epoch 12,   350/  454; acc:  83.20; ppl:   1.98; 7145 src tok/s; 7340 tgt tok/s;     42 s elapsed
Epoch 12,   400/  454; acc:  85.21; ppl:   1.82; 7089 src tok/s; 7395 tgt tok/s;     48 s elapsed
Epoch 12,   450/  454; acc:  84.43; ppl:   1.87; 7015 src tok/s; 7295 tgt tok/s;     54 s elapsed
Train perplexity: 1.88532
Train accuracy: 84.3473
Validation perplexity: 6.26858
Validation accuracy: 69.7602
Decaying learning rate to 0.03125

Epoch 13,    50/  454; acc:  84.75; ppl:   1.86; 6971 src tok/s; 7213 tgt tok/s;      6 s elapsed
Epoch 13,   100/  454; acc:  85.51; ppl:   1.79; 6877 src tok/s; 7176 tgt tok/s;     12 s elapsed
Epoch 13,   150/  454; acc:  85.24; ppl:   1.82; 6802 src tok/s; 7077 tgt tok/s;     18 s elapsed
Epoch 13,   200/  454; acc:  84.59; ppl:   1.87; 6875 src tok/s; 7126 tgt tok/s;     24 s elapsed
Epoch 13,   250/  454; acc:  84.69; ppl:   1.86; 7117 src tok/s; 7386 tgt tok/s;     30 s elapsed
Epoch 13,   300/  454; acc:  84.48; ppl:   1.86; 7123 src tok/s; 7387 tgt tok/s;     36 s elapsed
Epoch 13,   350/  454; acc:  84.44; ppl:   1.88; 7172 src tok/s; 7434 tgt tok/s;     42 s elapsed
Epoch 13,   400/  454; acc:  85.29; ppl:   1.80; 7193 src tok/s; 7465 tgt tok/s;     48 s elapsed
Epoch 13,   450/  454; acc:  85.76; ppl:   1.77; 7050 src tok/s; 7325 tgt tok/s;     54 s elapsed
Train perplexity: 1.84046
Train accuracy: 84.9153
Validation perplexity: 6.29298
Validation accuracy: 69.7744
Decaying learning rate to 0.015625

Epoch 14,    50/  454; acc:  86.28; ppl:   1.76; 6891 src tok/s; 7194 tgt tok/s;      6 s elapsed
Epoch 14,   100/  454; acc:  84.04; ppl:   1.90; 7235 src tok/s; 7460 tgt tok/s;     12 s elapsed
Epoch 14,   150/  454; acc:  85.50; ppl:   1.80; 6912 src tok/s; 7202 tgt tok/s;     18 s elapsed
Epoch 14,   200/  454; acc:  85.07; ppl:   1.81; 6987 src tok/s; 7245 tgt tok/s;     24 s elapsed
Epoch 14,   250/  454; acc:  85.16; ppl:   1.84; 7132 src tok/s; 7359 tgt tok/s;     30 s elapsed
Epoch 14,   300/  454; acc:  85.48; ppl:   1.80; 7100 src tok/s; 7388 tgt tok/s;     36 s elapsed
Epoch 14,   350/  454; acc:  85.26; ppl:   1.82; 7105 src tok/s; 7347 tgt tok/s;     42 s elapsed
Epoch 14,   400/  454; acc:  85.18; ppl:   1.81; 7157 src tok/s; 7454 tgt tok/s;     48 s elapsed
Epoch 14,   450/  454; acc:  85.15; ppl:   1.82; 7090 src tok/s; 7371 tgt tok/s;     53 s elapsed
Train perplexity: 1.81865
Train accuracy: 85.233
Validation perplexity: 6.30158
Validation accuracy: 69.7247
Decaying learning rate to 0.0078125

Epoch 15,    50/  454; acc:  85.73; ppl:   1.77; 7190 src tok/s; 7451 tgt tok/s;      6 s elapsed
Epoch 15,   100/  454; acc:  84.70; ppl:   1.88; 7047 src tok/s; 7330 tgt tok/s;     12 s elapsed
Epoch 15,   150/  454; acc:  85.58; ppl:   1.80; 6908 src tok/s; 7165 tgt tok/s;     18 s elapsed
Epoch 15,   200/  454; acc:  85.43; ppl:   1.80; 7255 src tok/s; 7506 tgt tok/s;     24 s elapsed
Epoch 15,   250/  454; acc:  85.87; ppl:   1.75; 6902 src tok/s; 7197 tgt tok/s;     30 s elapsed
Epoch 15,   300/  454; acc:  85.33; ppl:   1.82; 7057 src tok/s; 7284 tgt tok/s;     36 s elapsed
Epoch 15,   350/  454; acc:  85.05; ppl:   1.83; 6926 src tok/s; 7195 tgt tok/s;     42 s elapsed
Epoch 15,   400/  454; acc:  85.47; ppl:   1.81; 6968 src tok/s; 7257 tgt tok/s;     48 s elapsed
Epoch 15,   450/  454; acc:  85.09; ppl:   1.82; 7014 src tok/s; 7276 tgt tok/s;     54 s elapsed
Train perplexity: 1.80915
Train accuracy: 85.3686
Validation perplexity: 6.31709
Validation accuracy: 69.6963
Decaying learning rate to 0.00390625

Epoch 16,    50/  454; acc:  86.24; ppl:   1.74; 6992 src tok/s; 7279 tgt tok/s;      6 s elapsed
Epoch 16,   100/  454; acc:  84.90; ppl:   1.87; 6918 src tok/s; 7180 tgt tok/s;     12 s elapsed
Epoch 16,   150/  454; acc:  85.62; ppl:   1.76; 6945 src tok/s; 7247 tgt tok/s;     18 s elapsed
Epoch 16,   200/  454; acc:  85.27; ppl:   1.83; 6924 src tok/s; 7163 tgt tok/s;     24 s elapsed
Epoch 16,   250/  454; acc:  86.18; ppl:   1.73; 6982 src tok/s; 7291 tgt tok/s;     30 s elapsed
Epoch 16,   300/  454; acc:  84.51; ppl:   1.88; 7038 src tok/s; 7271 tgt tok/s;     36 s elapsed
Epoch 16,   350/  454; acc:  85.31; ppl:   1.83; 7097 src tok/s; 7330 tgt tok/s;     42 s elapsed
Epoch 16,   400/  454; acc:  85.67; ppl:   1.77; 7077 src tok/s; 7338 tgt tok/s;     48 s elapsed
Epoch 16,   450/  454; acc:  85.03; ppl:   1.83; 6946 src tok/s; 7210 tgt tok/s;     54 s elapsed
Train perplexity: 1.80396
Train accuracy: 85.4232
Validation perplexity: 6.31706
Validation accuracy: 69.6892
Decaying learning rate to 0.00195312

Epoch 17,    50/  454; acc:  86.03; ppl:   1.74; 6837 src tok/s; 7155 tgt tok/s;      6 s elapsed
Epoch 17,   100/  454; acc:  84.68; ppl:   1.88; 7147 src tok/s; 7380 tgt tok/s;     12 s elapsed
Epoch 17,   150/  454; acc:  85.25; ppl:   1.82; 7030 src tok/s; 7258 tgt tok/s;     18 s elapsed
Epoch 17,   200/  454; acc:  86.30; ppl:   1.75; 7100 src tok/s; 7343 tgt tok/s;     24 s elapsed
Epoch 17,   250/  454; acc:  85.09; ppl:   1.84; 6879 src tok/s; 7169 tgt tok/s;     30 s elapsed
Epoch 17,   300/  454; acc:  86.06; ppl:   1.75; 7065 src tok/s; 7322 tgt tok/s;     36 s elapsed
Epoch 17,   350/  454; acc:  85.37; ppl:   1.79; 6863 src tok/s; 7153 tgt tok/s;     42 s elapsed
Epoch 17,   400/  454; acc:  85.49; ppl:   1.81; 6908 src tok/s; 7187 tgt tok/s;     48 s elapsed
Epoch 17,   450/  454; acc:  85.13; ppl:   1.84; 6950 src tok/s; 7165 tgt tok/s;     54 s elapsed
Train perplexity: 1.80064
Train accuracy: 85.5129
Validation perplexity: 6.32164
Validation accuracy: 69.6821
Decaying learning rate to 0.000976562
