<module 'opts' from '/u/suhubdyd/research/projects/jumble_lstm/code/auxiliary-nmt/opts.pyc'>
Namespace(batch_size=64, brnn=False, brnn_merge='concat', cnn_kernel_width=3, context_gate=None, copy_attn=False, copy_attn_force=False, coverage_attn=False, data='/data/lisatmp3/suhubdyd/multi30k.atok.low', dec_layers=1, decay_method='', decoder_type='rnn', dropout=0.3, enc_layers=2, encoder_type='rnn', epochs=40, exp='', exp_host='', feat_merge='concat', feat_vec_exponent=0.7, feat_vec_size=-1, fix_word_vecs_dec=False, fix_word_vecs_enc=False, global_attention='general', gpuid=[0], input_feed=1, kappa_dec=0.0, kappa_enc=0.1, lambda_coverage=1, layers=-1, learning_rate=1.0, learning_rate_decay=0.5, max_generator_batches=32, max_grad_norm=5, model_type='text', optim='sgd', param_init=0.1, position_encoding=False, pre_word_vecs_dec=None, pre_word_vecs_enc=None, report_every=50, rnn_size=500, rnn_type='LSTM', save_model='/data/lisatmp3/suhubdyd/models/encoder0.1_decoder0_dropout0.3', seed=-1, share_decoder_embeddings=False, share_embeddings=False, src_word_vec_size=500, start_checkpoint_at=0, start_decay_at=8, start_epoch=1, tgt_word_vec_size=500, train_from='', truncated_decoder=0, warmup_steps=4000, word_vec_size=-1)
('Using Kappa L2 loss on encoder', 0.1)
Loading train and validate data from '/data/lisatmp3/suhubdyd/multi30k.atok.low'
 * number of training sentences: 29000
 * maximum batch size: 64
 * vocabulary size. source = 10841; target = 18563
Building model...
Intializing model parameters.
NMTModel (
  (encoder): RNNEncoder (
    (embeddings): Embeddings (
      (make_embedding): Sequential (
        (emb_luts): Elementwise (
          (0): Embedding(10841, 500, padding_idx=1)
        )
      )
    )
    (dropout): Dropout (p = 0.3)
    (rnn): LSTM(500, 500, dropout=0.3)
  )
  (decoder): InputFeedRNNDecoder (
    (embeddings): Embeddings (
      (make_embedding): Sequential (
        (emb_luts): Elementwise (
          (0): Embedding(18563, 500, padding_idx=1)
        )
      )
    )
    (dropout): Dropout (p = 0.3)
    (rnn): StackedLSTM (
      (dropout): Dropout (p = 0.3)
      (layers): ModuleList (
        (0): LSTMCell(1000, 500)
      )
    )
    (attn): GlobalAttention (
      (linear_in): Linear (500 -> 500)
      (linear_out): Linear (1000 -> 500)
      (sm): Softmax ()
      (tanh): Tanh ()
    )
  )
  (generator): Sequential (
    (0): Linear (500 -> 18563)
    (1): LogSoftmax ()
  )
)
* number of parameters: 29760063
('encoder: ', 7424500)
('decoder: ', 22335563)

Epoch  1,    50/  454; acc:   7.38; ppl: 211875.20; 4443 src tok/s; 4632 tgt tok/s;      9 s elapsed
Epoch  1,   100/  454; acc:  10.58; ppl: 7757.88; 5306 src tok/s; 5492 tgt tok/s;     17 s elapsed
Epoch  1,   150/  454; acc:  16.71; ppl: 922.11; 5285 src tok/s; 5501 tgt tok/s;     25 s elapsed
Epoch  1,   200/  454; acc:  19.91; ppl: 362.04; 5312 src tok/s; 5492 tgt tok/s;     33 s elapsed
Epoch  1,   250/  454; acc:  23.11; ppl: 207.99; 5176 src tok/s; 5376 tgt tok/s;     41 s elapsed
Epoch  1,   300/  454; acc:  25.98; ppl: 144.16; 5304 src tok/s; 5491 tgt tok/s;     49 s elapsed
Epoch  1,   350/  454; acc:  28.66; ppl: 111.10; 5300 src tok/s; 5483 tgt tok/s;     57 s elapsed
Epoch  1,   400/  454; acc:  31.08; ppl:  81.71; 5313 src tok/s; 5538 tgt tok/s;     65 s elapsed
Epoch  1,   450/  454; acc:  32.38; ppl:  72.86; 5234 src tok/s; 5423 tgt tok/s;     73 s elapsed
Train perplexity: 580.537
Train accuracy: 21.8682
Validation perplexity: 64.9021
Validation accuracy: 32.6522

Epoch  2,    50/  454; acc:  35.36; ppl:  55.93; 5277 src tok/s; 5483 tgt tok/s;      8 s elapsed
Epoch  2,   100/  454; acc:  36.49; ppl:  50.49; 5172 src tok/s; 5366 tgt tok/s;     16 s elapsed
Epoch  2,   150/  454; acc:  39.94; ppl:  40.19; 5215 src tok/s; 5387 tgt tok/s;     24 s elapsed
Epoch  2,   200/  454; acc:  43.19; ppl:  32.69; 5170 src tok/s; 5402 tgt tok/s;     32 s elapsed
Epoch  2,   250/  454; acc:  45.60; ppl:  27.61; 5081 src tok/s; 5323 tgt tok/s;     40 s elapsed
Epoch  2,   300/  454; acc:  46.39; ppl:  25.64; 5301 src tok/s; 5477 tgt tok/s;     48 s elapsed
Epoch  2,   350/  454; acc:  48.91; ppl:  22.05; 5225 src tok/s; 5414 tgt tok/s;     56 s elapsed
Epoch  2,   400/  454; acc:  49.85; ppl:  20.97; 5343 src tok/s; 5521 tgt tok/s;     64 s elapsed
Epoch  2,   450/  454; acc:  52.19; ppl:  17.42; 5115 src tok/s; 5316 tgt tok/s;     72 s elapsed
Train perplexity: 30.1682
Train accuracy: 44.2439
Validation perplexity: 17.384
Validation accuracy: 52.0718

Epoch  3,    50/  454; acc:  55.94; ppl:  13.48; 5163 src tok/s; 5420 tgt tok/s;      7 s elapsed
Epoch  3,   100/  454; acc:  53.42; ppl:  14.80; 5323 src tok/s; 5483 tgt tok/s;     16 s elapsed
Epoch  3,   150/  454; acc:  55.04; ppl:  13.87; 5149 src tok/s; 5357 tgt tok/s;     24 s elapsed
Epoch  3,   200/  454; acc:  57.23; ppl:  12.08; 5230 src tok/s; 5438 tgt tok/s;     32 s elapsed
Epoch  3,   250/  454; acc:  57.36; ppl:  12.04; 5288 src tok/s; 5494 tgt tok/s;     40 s elapsed
Epoch  3,   300/  454; acc:  57.89; ppl:  11.44; 5195 src tok/s; 5398 tgt tok/s;     48 s elapsed
Epoch  3,   350/  454; acc:  58.14; ppl:  11.38; 5226 src tok/s; 5389 tgt tok/s;     56 s elapsed
Epoch  3,   400/  454; acc:  59.74; ppl:  10.08; 5176 src tok/s; 5384 tgt tok/s;     64 s elapsed
Epoch  3,   450/  454; acc:  59.37; ppl:  10.50; 5237 src tok/s; 5403 tgt tok/s;     72 s elapsed
Train perplexity: 12.085
Train accuracy: 57.1329
Validation perplexity: 9.66311
Validation accuracy: 61.8348

Epoch  4,    50/  454; acc:  62.44; ppl:   7.83; 5225 src tok/s; 5412 tgt tok/s;      8 s elapsed
Epoch  4,   100/  454; acc:  61.84; ppl:   8.17; 5299 src tok/s; 5480 tgt tok/s;     16 s elapsed
Epoch  4,   150/  454; acc:  61.21; ppl:   8.51; 5212 src tok/s; 5381 tgt tok/s;     24 s elapsed
Epoch  4,   200/  454; acc:  63.26; ppl:   7.57; 5138 src tok/s; 5366 tgt tok/s;     32 s elapsed
Epoch  4,   250/  454; acc:  62.38; ppl:   7.97; 5250 src tok/s; 5428 tgt tok/s;     40 s elapsed
Epoch  4,   300/  454; acc:  63.15; ppl:   7.68; 5174 src tok/s; 5399 tgt tok/s;     48 s elapsed
Epoch  4,   350/  454; acc:  62.41; ppl:   7.85; 5237 src tok/s; 5406 tgt tok/s;     57 s elapsed
Epoch  4,   400/  454; acc:  64.09; ppl:   7.08; 5257 src tok/s; 5482 tgt tok/s;     64 s elapsed
Epoch  4,   450/  454; acc:  63.57; ppl:   7.35; 4984 src tok/s; 5199 tgt tok/s;     72 s elapsed
Train perplexity: 7.77863
Train accuracy: 62.6813
Validation perplexity: 7.97637
Validation accuracy: 64.2685

Epoch  5,    50/  454; acc:  66.47; ppl:   5.71; 5296 src tok/s; 5452 tgt tok/s;      8 s elapsed
Epoch  5,   100/  454; acc:  66.52; ppl:   5.70; 5246 src tok/s; 5474 tgt tok/s;     16 s elapsed
Epoch  5,   150/  454; acc:  66.61; ppl:   5.69; 5204 src tok/s; 5414 tgt tok/s;     24 s elapsed
Epoch  5,   200/  454; acc:  65.47; ppl:   6.03; 5128 src tok/s; 5307 tgt tok/s;     32 s elapsed
Epoch  5,   250/  454; acc:  65.51; ppl:   6.10; 5275 src tok/s; 5441 tgt tok/s;     40 s elapsed
Epoch  5,   300/  454; acc:  66.07; ppl:   5.75; 5298 src tok/s; 5527 tgt tok/s;     48 s elapsed
Epoch  5,   350/  454; acc:  66.36; ppl:   5.82; 5218 src tok/s; 5399 tgt tok/s;     56 s elapsed
Epoch  5,   400/  454; acc:  66.94; ppl:   5.65; 5198 src tok/s; 5419 tgt tok/s;     64 s elapsed
Epoch  5,   450/  454; acc:  65.79; ppl:   5.87; 5227 src tok/s; 5434 tgt tok/s;     72 s elapsed
Train perplexity: 5.8069
Train accuracy: 66.2121
Validation perplexity: 7.37852
Validation accuracy: 65.2192

Epoch  6,    50/  454; acc:  68.82; ppl:   4.53; 5229 src tok/s; 5421 tgt tok/s;      8 s elapsed
Epoch  6,   100/  454; acc:  69.60; ppl:   4.50; 5276 src tok/s; 5509 tgt tok/s;     16 s elapsed
Epoch  6,   150/  454; acc:  69.19; ppl:   4.55; 5339 src tok/s; 5547 tgt tok/s;     24 s elapsed
Epoch  6,   200/  454; acc:  68.49; ppl:   4.80; 5093 src tok/s; 5280 tgt tok/s;     32 s elapsed
Epoch  6,   250/  454; acc:  68.92; ppl:   4.60; 5300 src tok/s; 5465 tgt tok/s;     40 s elapsed
Epoch  6,   300/  454; acc:  68.95; ppl:   4.59; 5318 src tok/s; 5531 tgt tok/s;     48 s elapsed
Epoch  6,   350/  454; acc:  68.52; ppl:   4.78; 5059 src tok/s; 5255 tgt tok/s;     56 s elapsed
Epoch  6,   400/  454; acc:  68.67; ppl:   4.75; 5300 src tok/s; 5515 tgt tok/s;     64 s elapsed
Epoch  6,   450/  454; acc:  68.64; ppl:   4.81; 5114 src tok/s; 5290 tgt tok/s;     72 s elapsed
Train perplexity: 4.65565
Train accuracy: 68.8618
Validation perplexity: 6.92662
Validation accuracy: 65.7727

Epoch  7,    50/  454; acc:  72.35; ppl:   3.62; 5210 src tok/s; 5398 tgt tok/s;      8 s elapsed
Epoch  7,   100/  454; acc:  71.63; ppl:   3.70; 5177 src tok/s; 5390 tgt tok/s;     16 s elapsed
Epoch  7,   150/  454; acc:  71.92; ppl:   3.75; 5275 src tok/s; 5479 tgt tok/s;     24 s elapsed
Epoch  7,   200/  454; acc:  71.25; ppl:   3.89; 5283 src tok/s; 5475 tgt tok/s;     32 s elapsed
Epoch  7,   250/  454; acc:  70.90; ppl:   3.88; 5154 src tok/s; 5368 tgt tok/s;     40 s elapsed
Epoch  7,   300/  454; acc:  70.72; ppl:   3.97; 5149 src tok/s; 5352 tgt tok/s;     48 s elapsed
Epoch  7,   350/  454; acc:  71.26; ppl:   3.84; 5197 src tok/s; 5405 tgt tok/s;     56 s elapsed
Epoch  7,   400/  454; acc:  69.95; ppl:   4.21; 5291 src tok/s; 5462 tgt tok/s;     64 s elapsed
Epoch  7,   450/  454; acc:  70.48; ppl:   4.06; 5238 src tok/s; 5417 tgt tok/s;     72 s elapsed
Train perplexity: 3.87904
Train accuracy: 71.1467
Validation perplexity: 6.71329
Validation accuracy: 66.8086

Epoch  8,    50/  454; acc:  73.16; ppl:   3.38; 5219 src tok/s; 5376 tgt tok/s;      9 s elapsed
Epoch  8,   100/  454; acc:  75.73; ppl:   2.90; 5311 src tok/s; 5568 tgt tok/s;     16 s elapsed
Epoch  8,   150/  454; acc:  74.87; ppl:   3.03; 5169 src tok/s; 5411 tgt tok/s;     23 s elapsed
Epoch  8,   200/  454; acc:  71.68; ppl:   3.58; 5264 src tok/s; 5403 tgt tok/s;     32 s elapsed
Epoch  8,   250/  454; acc:  72.21; ppl:   3.53; 5283 src tok/s; 5424 tgt tok/s;     40 s elapsed
Epoch  8,   300/  454; acc:  73.64; ppl:   3.25; 5119 src tok/s; 5353 tgt tok/s;     48 s elapsed
Epoch  8,   350/  454; acc:  72.72; ppl:   3.43; 5186 src tok/s; 5414 tgt tok/s;     56 s elapsed
Epoch  8,   400/  454; acc:  71.95; ppl:   3.54; 5274 src tok/s; 5464 tgt tok/s;     64 s elapsed
Epoch  8,   450/  454; acc:  72.67; ppl:   3.39; 5114 src tok/s; 5328 tgt tok/s;     72 s elapsed
Train perplexity: 3.33984
Train accuracy: 73.1127
Validation perplexity: 6.80637
Validation accuracy: 66.5673
Decaying learning rate to 0.5

Epoch  9,    50/  454; acc:  78.56; ppl:   2.52; 5181 src tok/s; 5368 tgt tok/s;      8 s elapsed
Epoch  9,   100/  454; acc:  78.66; ppl:   2.45; 5210 src tok/s; 5411 tgt tok/s;     16 s elapsed
Epoch  9,   150/  454; acc:  79.46; ppl:   2.37; 5392 src tok/s; 5592 tgt tok/s;     24 s elapsed
Epoch  9,   200/  454; acc:  77.88; ppl:   2.62; 5257 src tok/s; 5446 tgt tok/s;     32 s elapsed
Epoch  9,   250/  454; acc:  77.74; ppl:   2.59; 5130 src tok/s; 5304 tgt tok/s;     41 s elapsed
Epoch  9,   300/  454; acc:  79.97; ppl:   2.32; 5231 src tok/s; 5473 tgt tok/s;     48 s elapsed
Epoch  9,   350/  454; acc:  78.80; ppl:   2.44; 5280 src tok/s; 5498 tgt tok/s;     56 s elapsed
Epoch  9,   400/  454; acc:  78.46; ppl:   2.50; 5304 src tok/s; 5481 tgt tok/s;     64 s elapsed
Epoch  9,   450/  454; acc:  78.13; ppl:   2.52; 5200 src tok/s; 5412 tgt tok/s;     72 s elapsed
Train perplexity: 2.47896
Train accuracy: 78.6194
Validation perplexity: 6.29231
Validation accuracy: 68.632
Decaying learning rate to 0.25

Epoch 10,    50/  454; acc:  82.48; ppl:   2.07; 5152 src tok/s; 5356 tgt tok/s;      8 s elapsed
Epoch 10,   100/  454; acc:  83.43; ppl:   1.97; 5315 src tok/s; 5500 tgt tok/s;     16 s elapsed
Epoch 10,   150/  454; acc:  82.56; ppl:   2.09; 5332 src tok/s; 5514 tgt tok/s;     24 s elapsed
Epoch 10,   200/  454; acc:  83.54; ppl:   1.95; 5187 src tok/s; 5410 tgt tok/s;     32 s elapsed
Epoch 10,   250/  454; acc:  82.22; ppl:   2.06; 5265 src tok/s; 5447 tgt tok/s;     40 s elapsed
Epoch 10,   300/  454; acc:  82.99; ppl:   2.00; 5258 src tok/s; 5457 tgt tok/s;     48 s elapsed
Epoch 10,   350/  454; acc:  82.12; ppl:   2.09; 5195 src tok/s; 5392 tgt tok/s;     56 s elapsed
Epoch 10,   400/  454; acc:  83.13; ppl:   1.98; 5263 src tok/s; 5489 tgt tok/s;     64 s elapsed
Epoch 10,   450/  454; acc:  82.00; ppl:   2.10; 5097 src tok/s; 5265 tgt tok/s;     72 s elapsed
Train perplexity: 2.03183
Train accuracy: 82.7402
Validation perplexity: 6.37116
Validation accuracy: 69.228
Decaying learning rate to 0.125

Epoch 11,    50/  454; acc:  85.07; ppl:   1.83; 5373 src tok/s; 5559 tgt tok/s;      8 s elapsed
Epoch 11,   100/  454; acc:  85.71; ppl:   1.81; 5304 src tok/s; 5484 tgt tok/s;     16 s elapsed
Epoch 11,   150/  454; acc:  85.21; ppl:   1.85; 5174 src tok/s; 5374 tgt tok/s;     24 s elapsed
Epoch 11,   200/  454; acc:  85.48; ppl:   1.80; 5310 src tok/s; 5520 tgt tok/s;     32 s elapsed
Epoch 11,   250/  454; acc:  85.11; ppl:   1.82; 5228 src tok/s; 5434 tgt tok/s;     40 s elapsed
Epoch 11,   300/  454; acc:  84.73; ppl:   1.89; 5185 src tok/s; 5389 tgt tok/s;     48 s elapsed
Epoch 11,   350/  454; acc:  84.98; ppl:   1.83; 5278 src tok/s; 5480 tgt tok/s;     56 s elapsed
Epoch 11,   400/  454; acc:  84.93; ppl:   1.84; 5181 src tok/s; 5368 tgt tok/s;     64 s elapsed
Epoch 11,   450/  454; acc:  85.14; ppl:   1.84; 5086 src tok/s; 5282 tgt tok/s;     72 s elapsed
Train perplexity: 1.83597
Train accuracy: 85.1421
Validation perplexity: 6.50223
Validation accuracy: 69.0719
Decaying learning rate to 0.0625

Epoch 12,    50/  454; acc:  86.75; ppl:   1.73; 5161 src tok/s; 5374 tgt tok/s;      8 s elapsed
Epoch 12,   100/  454; acc:  86.23; ppl:   1.75; 5143 src tok/s; 5327 tgt tok/s;     16 s elapsed
Epoch 12,   150/  454; acc:  86.58; ppl:   1.74; 5169 src tok/s; 5397 tgt tok/s;     24 s elapsed
Epoch 12,   200/  454; acc:  86.43; ppl:   1.73; 5337 src tok/s; 5512 tgt tok/s;     32 s elapsed
Epoch 12,   250/  454; acc:  85.74; ppl:   1.80; 5256 src tok/s; 5438 tgt tok/s;     40 s elapsed
Epoch 12,   300/  454; acc:  86.58; ppl:   1.71; 5254 src tok/s; 5463 tgt tok/s;     48 s elapsed
Epoch 12,   350/  454; acc:  85.18; ppl:   1.83; 5348 src tok/s; 5503 tgt tok/s;     57 s elapsed
Epoch 12,   400/  454; acc:  87.58; ppl:   1.65; 5184 src tok/s; 5452 tgt tok/s;     64 s elapsed
Epoch 12,   450/  454; acc:  86.70; ppl:   1.74; 5086 src tok/s; 5271 tgt tok/s;     72 s elapsed
Train perplexity: 1.74644
Train accuracy: 86.3606
Validation perplexity: 6.6069
Validation accuracy: 68.8733
Decaying learning rate to 0.03125

Epoch 13,    50/  454; acc:  86.16; ppl:   1.76; 5288 src tok/s; 5463 tgt tok/s;      8 s elapsed
Epoch 13,   100/  454; acc:  87.66; ppl:   1.65; 5291 src tok/s; 5484 tgt tok/s;     16 s elapsed
Epoch 13,   150/  454; acc:  86.59; ppl:   1.72; 5199 src tok/s; 5367 tgt tok/s;     24 s elapsed
Epoch 13,   200/  454; acc:  87.25; ppl:   1.68; 5184 src tok/s; 5391 tgt tok/s;     32 s elapsed
Epoch 13,   250/  454; acc:  86.44; ppl:   1.73; 5317 src tok/s; 5523 tgt tok/s;     40 s elapsed
Epoch 13,   300/  454; acc:  87.03; ppl:   1.70; 5134 src tok/s; 5334 tgt tok/s;     48 s elapsed
Epoch 13,   350/  454; acc:  87.22; ppl:   1.68; 5106 src tok/s; 5330 tgt tok/s;     56 s elapsed
Epoch 13,   400/  454; acc:  86.36; ppl:   1.75; 5252 src tok/s; 5468 tgt tok/s;     64 s elapsed
Epoch 13,   450/  454; acc:  87.26; ppl:   1.67; 5176 src tok/s; 5366 tgt tok/s;     72 s elapsed
Train perplexity: 1.70416
Train accuracy: 86.8842
Validation perplexity: 6.65953
Validation accuracy: 69.0294
Decaying learning rate to 0.015625

Epoch 14,    50/  454; acc:  87.01; ppl:   1.71; 5275 src tok/s; 5446 tgt tok/s;      8 s elapsed
Epoch 14,   100/  454; acc:  87.71; ppl:   1.65; 5229 src tok/s; 5470 tgt tok/s;     16 s elapsed
Epoch 14,   150/  454; acc:  87.02; ppl:   1.71; 5208 src tok/s; 5409 tgt tok/s;     24 s elapsed
Epoch 14,   200/  454; acc:  87.77; ppl:   1.64; 5279 src tok/s; 5475 tgt tok/s;     32 s elapsed
Epoch 14,   250/  454; acc:  86.38; ppl:   1.75; 5266 src tok/s; 5424 tgt tok/s;     40 s elapsed
Epoch 14,   300/  454; acc:  87.85; ppl:   1.63; 5213 src tok/s; 5423 tgt tok/s;     48 s elapsed
Epoch 14,   350/  454; acc:  87.22; ppl:   1.68; 5188 src tok/s; 5419 tgt tok/s;     56 s elapsed
Epoch 14,   400/  454; acc:  86.71; ppl:   1.71; 5328 src tok/s; 5506 tgt tok/s;     64 s elapsed
Epoch 14,   450/  454; acc:  87.47; ppl:   1.66; 5153 src tok/s; 5356 tgt tok/s;     72 s elapsed
Train perplexity: 1.68342
Train accuracy: 87.2029
Validation perplexity: 6.68458
Validation accuracy: 68.9797
Decaying learning rate to 0.0078125

Epoch 15,    50/  454; acc:  88.22; ppl:   1.60; 5207 src tok/s; 5439 tgt tok/s;      8 s elapsed
Epoch 15,   100/  454; acc:  86.71; ppl:   1.72; 5402 src tok/s; 5595 tgt tok/s;     16 s elapsed
Epoch 15,   150/  454; acc:  88.84; ppl:   1.57; 5196 src tok/s; 5432 tgt tok/s;     23 s elapsed
Epoch 15,   200/  454; acc:  86.26; ppl:   1.78; 5209 src tok/s; 5354 tgt tok/s;     32 s elapsed
Epoch 15,   250/  454; acc:  87.01; ppl:   1.69; 5401 src tok/s; 5581 tgt tok/s;     40 s elapsed
Epoch 15,   300/  454; acc:  87.44; ppl:   1.67; 5219 src tok/s; 5439 tgt tok/s;     48 s elapsed
Epoch 15,   350/  454; acc:  86.62; ppl:   1.74; 5204 src tok/s; 5352 tgt tok/s;     56 s elapsed
Epoch 15,   400/  454; acc:  88.63; ppl:   1.57; 5139 src tok/s; 5383 tgt tok/s;     64 s elapsed
Epoch 15,   450/  454; acc:  87.26; ppl:   1.69; 5153 src tok/s; 5350 tgt tok/s;     72 s elapsed
Train perplexity: 1.67342
Train accuracy: 87.4072
Validation perplexity: 6.70402
Validation accuracy: 68.9159
Decaying learning rate to 0.00390625

Epoch 16,    50/  454; acc:  87.51; ppl:   1.66; 5231 src tok/s; 5432 tgt tok/s;      8 s elapsed
Epoch 16,   100/  454; acc:  87.33; ppl:   1.68; 5295 src tok/s; 5475 tgt tok/s;     16 s elapsed
Epoch 16,   150/  454; acc:  87.86; ppl:   1.64; 5281 src tok/s; 5485 tgt tok/s;     24 s elapsed
Epoch 16,   200/  454; acc:  87.16; ppl:   1.71; 5257 src tok/s; 5452 tgt tok/s;     32 s elapsed
Epoch 16,   250/  454; acc:  86.25; ppl:   1.77; 5322 src tok/s; 5494 tgt tok/s;     40 s elapsed
Epoch 16,   300/  454; acc:  88.93; ppl:   1.56; 5189 src tok/s; 5420 tgt tok/s;     48 s elapsed
Epoch 16,   350/  454; acc:  86.85; ppl:   1.72; 5228 src tok/s; 5403 tgt tok/s;     56 s elapsed
Epoch 16,   400/  454; acc:  88.42; ppl:   1.60; 5155 src tok/s; 5370 tgt tok/s;     64 s elapsed
Epoch 16,   450/  454; acc:  87.09; ppl:   1.68; 5064 src tok/s; 5270 tgt tok/s;     72 s elapsed
Train perplexity: 1.66819
Train accuracy: 87.4868
Validation perplexity: 6.71234
Validation accuracy: 68.93
Decaying learning rate to 0.00195312

Epoch 17,    50/  454; acc:  87.42; ppl:   1.67; 5168 src tok/s; 5363 tgt tok/s;      8 s elapsed
Epoch 17,   100/  454; acc:  87.41; ppl:   1.67; 5282 src tok/s; 5486 tgt tok/s;     16 s elapsed
Epoch 17,   150/  454; acc:  86.83; ppl:   1.71; 5334 src tok/s; 5513 tgt tok/s;     24 s elapsed
Epoch 17,   200/  454; acc:  88.18; ppl:   1.63; 5130 src tok/s; 5368 tgt tok/s;     32 s elapsed
Epoch 17,   250/  454; acc:  87.23; ppl:   1.69; 5287 src tok/s; 5486 tgt tok/s;     40 s elapsed
Epoch 17,   300/  454; acc:  87.50; ppl:   1.67; 5217 src tok/s; 5433 tgt tok/s;     48 s elapsed
Epoch 17,   350/  454; acc:  88.60; ppl:   1.59; 5275 src tok/s; 5453 tgt tok/s;     56 s elapsed
Epoch 17,   400/  454; acc:  86.81; ppl:   1.72; 5275 src tok/s; 5444 tgt tok/s;     64 s elapsed
Epoch 17,   450/  454; acc:  87.73; ppl:   1.65; 5185 src tok/s; 5395 tgt tok/s;     72 s elapsed
Train perplexity: 1.66546
Train accuracy: 87.5174
Validation perplexity: 6.71539
Validation accuracy: 68.9088
Decaying learning rate to 0.000976562

Epoch 18,    50/  454; acc:  86.87; ppl:   1.72; 5266 src tok/s; 5437 tgt tok/s;      8 s elapsed
Epoch 18,   100/  454; acc:  88.14; ppl:   1.62; 5250 src tok/s; 5475 tgt tok/s;     16 s elapsed
Epoch 18,   150/  454; acc:  87.58; ppl:   1.66; 5160 src tok/s; 5387 tgt tok/s;     24 s elapsed
Epoch 18,   200/  454; acc:  87.81; ppl:   1.67; 5280 src tok/s; 5461 tgt tok/s;     32 s elapsed
Epoch 18,   250/  454; acc:  87.86; ppl:   1.63; 5188 src tok/s; 5413 tgt tok/s;     40 s elapsed
Epoch 18,   300/  454; acc:  87.21; ppl:   1.71; 5182 src tok/s; 5348 tgt tok/s;     48 s elapsed
Epoch 18,   350/  454; acc:  86.94; ppl:   1.70; 5278 src tok/s; 5429 tgt tok/s;     57 s elapsed
Epoch 18,   400/  454; acc:  88.32; ppl:   1.61; 5241 src tok/s; 5494 tgt tok/s;     64 s elapsed
Epoch 18,   450/  454; acc:  87.03; ppl:   1.69; 5192 src tok/s; 5378 tgt tok/s;     72 s elapsed
Train perplexity: 1.66617
Train accuracy: 87.5352
Validation perplexity: 6.7177
Validation accuracy: 68.9229
Decaying learning rate to 0.000488281

Epoch 19,    50/  454; acc:  87.17; ppl:   1.70; 5202 src tok/s; 5361 tgt tok/s;      8 s elapsed
Epoch 19,   100/  454; acc:  87.54; ppl:   1.66; 5219 src tok/s; 5420 tgt tok/s;     16 s elapsed
Epoch 19,   150/  454; acc:  88.08; ppl:   1.62; 5222 src tok/s; 5416 tgt tok/s;     24 s elapsed
Epoch 19,   200/  454; acc:  87.59; ppl:   1.69; 5280 src tok/s; 5456 tgt tok/s;     32 s elapsed
Epoch 19,   250/  454; acc:  86.88; ppl:   1.71; 5236 src tok/s; 5400 tgt tok/s;     40 s elapsed
Epoch 19,   300/  454; acc:  88.30; ppl:   1.61; 5015 src tok/s; 5254 tgt tok/s;     48 s elapsed
Epoch 19,   350/  454; acc:  87.35; ppl:   1.69; 5167 src tok/s; 5366 tgt tok/s;     57 s elapsed
Epoch 19,   400/  454; acc:  87.77; ppl:   1.63; 5228 src tok/s; 5479 tgt tok/s;     65 s elapsed
Epoch 19,   450/  454; acc:  87.50; ppl:   1.67; 5291 src tok/s; 5477 tgt tok/s;     72 s elapsed
Train perplexity: 1.66255
Train accuracy: 87.5867
Validation perplexity: 6.71904
Validation accuracy: 68.9159
Decaying learning rate to 0.000244141

Epoch 20,    50/  454; acc:  86.83; ppl:   1.71; 5155 src tok/s; 5350 tgt tok/s;      8 s elapsed
Epoch 20,   100/  454; acc:  88.19; ppl:   1.63; 5146 src tok/s; 5384 tgt tok/s;     16 s elapsed
Epoch 20,   150/  454; acc:  86.53; ppl:   1.74; 5311 src tok/s; 5466 tgt tok/s;     25 s elapsed
Epoch 20,   200/  454; acc:  88.65; ppl:   1.58; 5234 src tok/s; 5457 tgt tok/s;     32 s elapsed
Epoch 20,   250/  454; acc:  88.53; ppl:   1.59; 5318 src tok/s; 5546 tgt tok/s;     40 s elapsed
Epoch 20,   300/  454; acc:  86.85; ppl:   1.73; 5174 src tok/s; 5342 tgt tok/s;     48 s elapsed
Epoch 20,   350/  454; acc:  87.11; ppl:   1.71; 5274 src tok/s; 5447 tgt tok/s;     56 s elapsed
Epoch 20,   400/  454; acc:  88.15; ppl:   1.62; 5290 src tok/s; 5513 tgt tok/s;     64 s elapsed
Epoch 20,   450/  454; acc:  88.01; ppl:   1.62; 5111 src tok/s; 5292 tgt tok/s;     72 s elapsed
Train perplexity: 1.66399
Train accuracy: 87.5759
Validation perplexity: 6.71929
Validation accuracy: 68.9017
Decaying learning rate to 0.00012207

Epoch 21,    50/  454; acc:  87.60; ppl:   1.66; 5186 src tok/s; 5376 tgt tok/s;      8 s elapsed
Epoch 21,   100/  454; acc:  87.15; ppl:   1.70; 5266 src tok/s; 5434 tgt tok/s;     16 s elapsed
Epoch 21,   150/  454; acc:  86.32; ppl:   1.76; 5217 src tok/s; 5360 tgt tok/s;     25 s elapsed
Epoch 21,   200/  454; acc:  89.02; ppl:   1.56; 5112 src tok/s; 5360 tgt tok/s;     32 s elapsed
Epoch 21,   250/  454; acc:  87.95; ppl:   1.63; 5266 src tok/s; 5463 tgt tok/s;     40 s elapsed
Epoch 21,   300/  454; acc:  86.95; ppl:   1.72; 5261 src tok/s; 5478 tgt tok/s;     48 s elapsed
Epoch 21,   350/  454; acc:  87.37; ppl:   1.68; 5275 src tok/s; 5475 tgt tok/s;     56 s elapsed
Epoch 21,   400/  454; acc:  88.55; ppl:   1.59; 5231 src tok/s; 5462 tgt tok/s;     64 s elapsed
Epoch 21,   450/  454; acc:  87.41; ppl:   1.66; 5243 src tok/s; 5445 tgt tok/s;     72 s elapsed
Train perplexity: 1.66381
Train accuracy: 87.5512
Validation perplexity: 6.71966
Validation accuracy: 68.9017
Decaying learning rate to 6.10352e-05

Epoch 22,    50/  454; acc:  88.58; ppl:   1.59; 5159 src tok/s; 5372 tgt tok/s;      8 s elapsed
Epoch 22,   100/  454; acc:  86.61; ppl:   1.74; 5252 src tok/s; 5423 tgt tok/s;     16 s elapsed
Epoch 22,   150/  454; acc:  87.69; ppl:   1.63; 5304 src tok/s; 5482 tgt tok/s;     24 s elapsed
Epoch 22,   200/  454; acc:  87.47; ppl:   1.69; 5173 src tok/s; 5380 tgt tok/s;     32 s elapsed
Epoch 22,   250/  454; acc:  86.70; ppl:   1.73; 5312 src tok/s; 5489 tgt tok/s;     40 s elapsed
Epoch 22,   300/  454; acc:  88.66; ppl:   1.58; 5266 src tok/s; 5473 tgt tok/s;     48 s elapsed
Epoch 22,   350/  454; acc:  89.36; ppl:   1.52; 5072 src tok/s; 5318 tgt tok/s;     56 s elapsed
Epoch 22,   400/  454; acc:  86.03; ppl:   1.79; 5290 src tok/s; 5466 tgt tok/s;     64 s elapsed
Epoch 22,   450/  454; acc:  87.08; ppl:   1.68; 5200 src tok/s; 5399 tgt tok/s;     72 s elapsed
Train perplexity: 1.66208
Train accuracy: 87.5428
Validation perplexity: 6.71976
Validation accuracy: 68.9017
Decaying learning rate to 3.05176e-05

Epoch 23,    50/  454; acc:  86.96; ppl:   1.70; 5216 src tok/s; 5410 tgt tok/s;      8 s elapsed
Epoch 23,   100/  454; acc:  88.07; ppl:   1.64; 5177 src tok/s; 5399 tgt tok/s;     16 s elapsed
Epoch 23,   150/  454; acc:  86.74; ppl:   1.74; 5196 src tok/s; 5388 tgt tok/s;     24 s elapsed
Epoch 23,   200/  454; acc:  88.18; ppl:   1.60; 5302 src tok/s; 5497 tgt tok/s;     32 s elapsed
Epoch 23,   250/  454; acc:  87.92; ppl:   1.63; 5199 src tok/s; 5394 tgt tok/s;     40 s elapsed
Epoch 23,   300/  454; acc:  87.17; ppl:   1.68; 5226 src tok/s; 5423 tgt tok/s;     48 s elapsed
Epoch 23,   350/  454; acc:  87.88; ppl:   1.64; 5285 src tok/s; 5480 tgt tok/s;     56 s elapsed
Epoch 23,   400/  454; acc:  87.42; ppl:   1.67; 5324 src tok/s; 5519 tgt tok/s;     64 s elapsed
Epoch 23,   450/  454; acc:  87.23; ppl:   1.68; 5168 src tok/s; 5353 tgt tok/s;     72 s elapsed
Train perplexity: 1.66368
Train accuracy: 87.5196
Validation perplexity: 6.71982
Validation accuracy: 68.9017
Decaying learning rate to 1.52588e-05

Epoch 24,    50/  454; acc:  88.22; ppl:   1.62; 5096 src tok/s; 5316 tgt tok/s;      8 s elapsed
Epoch 24,   100/  454; acc:  86.49; ppl:   1.74; 5236 src tok/s; 5414 tgt tok/s;     16 s elapsed
Epoch 24,   150/  454; acc:  88.61; ppl:   1.58; 5300 src tok/s; 5506 tgt tok/s;     24 s elapsed
Epoch 24,   200/  454; acc:  87.05; ppl:   1.72; 5237 src tok/s; 5399 tgt tok/s;     32 s elapsed
Epoch 24,   250/  454; acc:  87.23; ppl:   1.68; 5221 src tok/s; 5401 tgt tok/s;     40 s elapsed
Epoch 24,   300/  454; acc:  87.96; ppl:   1.62; 5183 src tok/s; 5388 tgt tok/s;     48 s elapsed
Epoch 24,   350/  454; acc:  87.76; ppl:   1.64; 5246 src tok/s; 5454 tgt tok/s;     56 s elapsed
Epoch 24,   400/  454; acc:  87.21; ppl:   1.70; 5231 src tok/s; 5448 tgt tok/s;     64 s elapsed
Epoch 24,   450/  454; acc:  87.44; ppl:   1.67; 5215 src tok/s; 5411 tgt tok/s;     72 s elapsed
Train perplexity: 1.66297
Train accuracy: 87.556
Validation perplexity: 6.71984
Validation accuracy: 68.9017
Decaying learning rate to 7.62939e-06

Epoch 25,    50/  454; acc:  88.89; ppl:   1.56; 5118 src tok/s; 5358 tgt tok/s;      8 s elapsed
Epoch 25,   100/  454; acc:  86.57; ppl:   1.74; 5355 src tok/s; 5527 tgt tok/s;     16 s elapsed
Epoch 25,   150/  454; acc:  87.53; ppl:   1.67; 5116 src tok/s; 5329 tgt tok/s;     24 s elapsed
Epoch 25,   200/  454; acc:  87.31; ppl:   1.68; 5376 src tok/s; 5538 tgt tok/s;     32 s elapsed
Epoch 25,   250/  454; acc:  88.27; ppl:   1.61; 5239 src tok/s; 5454 tgt tok/s;     40 s elapsed
Epoch 25,   300/  454; acc:  87.10; ppl:   1.70; 5251 src tok/s; 5422 tgt tok/s;     48 s elapsed
Epoch 25,   350/  454; acc:  87.73; ppl:   1.64; 5193 src tok/s; 5394 tgt tok/s;     56 s elapsed
Epoch 25,   400/  454; acc:  87.40; ppl:   1.68; 5212 src tok/s; 5420 tgt tok/s;     64 s elapsed
Epoch 25,   450/  454; acc:  87.18; ppl:   1.70; 5138 src tok/s; 5326 tgt tok/s;     72 s elapsed
Train perplexity: 1.66297
Train accuracy: 87.566
Validation perplexity: 6.71986
Validation accuracy: 68.9017
Decaying learning rate to 3.8147e-06

Epoch 26,    50/  454; acc:  88.07; ppl:   1.63; 5171 src tok/s; 5375 tgt tok/s;      8 s elapsed
Epoch 26,   100/  454; acc:  87.05; ppl:   1.70; 5134 src tok/s; 5323 tgt tok/s;     16 s elapsed
Epoch 26,   150/  454; acc:  88.46; ppl:   1.59; 5186 src tok/s; 5395 tgt tok/s;     24 s elapsed
Epoch 26,   200/  454; acc:  86.35; ppl:   1.75; 5135 src tok/s; 5319 tgt tok/s;     33 s elapsed
Epoch 26,   250/  454; acc:  87.60; ppl:   1.67; 5210 src tok/s; 5415 tgt tok/s;     41 s elapsed
Epoch 26,   300/  454; acc:  87.54; ppl:   1.65; 5352 src tok/s; 5527 tgt tok/s;     49 s elapsed
Epoch 26,   350/  454; acc:  87.83; ppl:   1.64; 5275 src tok/s; 5448 tgt tok/s;     57 s elapsed
Epoch 26,   400/  454; acc:  87.61; ppl:   1.65; 5237 src tok/s; 5475 tgt tok/s;     64 s elapsed
Epoch 26,   450/  454; acc:  87.77; ppl:   1.65; 5161 src tok/s; 5374 tgt tok/s;     72 s elapsed
Train perplexity: 1.66108
Train accuracy: 87.5623
Validation perplexity: 6.71986
Validation accuracy: 68.9017
Decaying learning rate to 1.90735e-06

Epoch 27,    50/  454; acc:  87.74; ppl:   1.64; 5233 src tok/s; 5419 tgt tok/s;      8 s elapsed
Epoch 27,   100/  454; acc:  87.59; ppl:   1.67; 5205 src tok/s; 5411 tgt tok/s;     16 s elapsed
Epoch 27,   150/  454; acc:  87.09; ppl:   1.68; 5225 src tok/s; 5439 tgt tok/s;     24 s elapsed
Epoch 27,   200/  454; acc:  87.75; ppl:   1.65; 5190 src tok/s; 5395 tgt tok/s;     32 s elapsed
Epoch 27,   250/  454; acc:  86.82; ppl:   1.72; 5199 src tok/s; 5376 tgt tok/s;     40 s elapsed
Epoch 27,   300/  454; acc:  88.04; ppl:   1.63; 5187 src tok/s; 5385 tgt tok/s;     48 s elapsed
Epoch 27,   350/  454; acc:  87.94; ppl:   1.64; 5302 src tok/s; 5499 tgt tok/s;     56 s elapsed
Epoch 27,   400/  454; acc:  87.19; ppl:   1.70; 5233 src tok/s; 5422 tgt tok/s;     64 s elapsed
Epoch 27,   450/  454; acc:  87.89; ppl:   1.63; 5243 src tok/s; 5454 tgt tok/s;     72 s elapsed
Train perplexity: 1.66354
Train accuracy: 87.5207
Validation perplexity: 6.71986
Validation accuracy: 68.9017
Decaying learning rate to 9.53674e-07

Epoch 28,    50/  454; acc:  87.61; ppl:   1.64; 5189 src tok/s; 5396 tgt tok/s;      8 s elapsed
Epoch 28,   100/  454; acc:  87.35; ppl:   1.68; 5273 src tok/s; 5469 tgt tok/s;     16 s elapsed
Epoch 28,   150/  454; acc:  88.19; ppl:   1.61; 5183 src tok/s; 5442 tgt tok/s;     24 s elapsed
Epoch 28,   200/  454; acc:  86.52; ppl:   1.73; 5402 src tok/s; 5554 tgt tok/s;     32 s elapsed
Epoch 28,   250/  454; acc:  86.37; ppl:   1.75; 5291 src tok/s; 5423 tgt tok/s;     40 s elapsed
Epoch 28,   300/  454; acc:  89.13; ppl:   1.55; 5195 src tok/s; 5432 tgt tok/s;     48 s elapsed
Epoch 28,   350/  454; acc:  87.35; ppl:   1.68; 5222 src tok/s; 5442 tgt tok/s;     56 s elapsed
Epoch 28,   400/  454; acc:  87.87; ppl:   1.65; 5214 src tok/s; 5398 tgt tok/s;     64 s elapsed
Epoch 28,   450/  454; acc:  88.17; ppl:   1.61; 5167 src tok/s; 5390 tgt tok/s;     72 s elapsed
Train perplexity: 1.6619
Train accuracy: 87.5329
Validation perplexity: 6.71986
Validation accuracy: 68.9017
Decaying learning rate to 4.76837e-07

Epoch 29,    50/  454; acc:  86.73; ppl:   1.74; 5255 src tok/s; 5438 tgt tok/s;      8 s elapsed
Epoch 29,   100/  454; acc:  88.37; ppl:   1.61; 5232 src tok/s; 5429 tgt tok/s;     16 s elapsed
Epoch 29,   150/  454; acc:  87.78; ppl:   1.65; 5296 src tok/s; 5490 tgt tok/s;     24 s elapsed
Epoch 29,   200/  454; acc:  87.40; ppl:   1.67; 5234 src tok/s; 5419 tgt tok/s;     32 s elapsed
Epoch 29,   250/  454; acc:  87.38; ppl:   1.68; 5281 src tok/s; 5468 tgt tok/s;     40 s elapsed
Epoch 29,   300/  454; acc:  87.94; ppl:   1.62; 5238 src tok/s; 5438 tgt tok/s;     48 s elapsed
Epoch 29,   350/  454; acc:  87.18; ppl:   1.71; 5278 src tok/s; 5429 tgt tok/s;     56 s elapsed
Epoch 29,   400/  454; acc:  88.26; ppl:   1.61; 5204 src tok/s; 5479 tgt tok/s;     64 s elapsed
Epoch 29,   450/  454; acc:  87.13; ppl:   1.68; 5056 src tok/s; 5266 tgt tok/s;     72 s elapsed
Train perplexity: 1.66403
Train accuracy: 87.5683
Validation perplexity: 6.71986
Validation accuracy: 68.9017
Decaying learning rate to 2.38419e-07

Epoch 30,    50/  454; acc:  88.09; ppl:   1.63; 5141 src tok/s; 5351 tgt tok/s;      8 s elapsed
Epoch 30,   100/  454; acc:  87.24; ppl:   1.69; 5214 src tok/s; 5393 tgt tok/s;     16 s elapsed
Epoch 30,   150/  454; acc:  86.98; ppl:   1.71; 5176 src tok/s; 5339 tgt tok/s;     24 s elapsed
Epoch 30,   200/  454; acc:  88.12; ppl:   1.63; 5289 src tok/s; 5486 tgt tok/s;     32 s elapsed
Epoch 30,   250/  454; acc:  87.50; ppl:   1.67; 5118 src tok/s; 5373 tgt tok/s;     40 s elapsed
Epoch 30,   300/  454; acc:  87.56; ppl:   1.65; 5191 src tok/s; 5377 tgt tok/s;     49 s elapsed
Epoch 30,   350/  454; acc:  88.57; ppl:   1.60; 5190 src tok/s; 5395 tgt tok/s;     56 s elapsed
Epoch 30,   400/  454; acc:  86.68; ppl:   1.73; 5221 src tok/s; 5417 tgt tok/s;     65 s elapsed
Epoch 30,   450/  454; acc:  87.34; ppl:   1.67; 5222 src tok/s; 5405 tgt tok/s;     73 s elapsed
Train perplexity: 1.66398
Train accuracy: 87.5613
Validation perplexity: 6.71986
Validation accuracy: 68.9017
Decaying learning rate to 1.19209e-07

Epoch 31,    50/  454; acc:  88.51; ppl:   1.58; 5251 src tok/s; 5445 tgt tok/s;      8 s elapsed
Epoch 31,   100/  454; acc:  86.77; ppl:   1.74; 5204 src tok/s; 5379 tgt tok/s;     16 s elapsed
Epoch 31,   150/  454; acc:  86.85; ppl:   1.73; 5287 src tok/s; 5454 tgt tok/s;     24 s elapsed
Epoch 31,   200/  454; acc:  88.37; ppl:   1.60; 5158 src tok/s; 5384 tgt tok/s;     32 s elapsed
Epoch 31,   250/  454; acc:  87.70; ppl:   1.64; 5187 src tok/s; 5391 tgt tok/s;     40 s elapsed
Epoch 31,   300/  454; acc:  87.33; ppl:   1.68; 5237 src tok/s; 5432 tgt tok/s;     48 s elapsed
Epoch 31,   350/  454; acc:  88.13; ppl:   1.62; 5215 src tok/s; 5416 tgt tok/s;     56 s elapsed
Epoch 31,   400/  454; acc:  87.06; ppl:   1.72; 5320 src tok/s; 5498 tgt tok/s;     64 s elapsed
Epoch 31,   450/  454; acc:  87.96; ppl:   1.63; 5147 src tok/s; 5377 tgt tok/s;     72 s elapsed
Train perplexity: 1.66361
Train accuracy: 87.5768
Validation perplexity: 6.71986
Validation accuracy: 68.9017
Decaying learning rate to 5.96046e-08

Epoch 32,    50/  454; acc:  87.82; ppl:   1.66; 5182 src tok/s; 5410 tgt tok/s;      8 s elapsed
Epoch 32,   100/  454; acc:  87.17; ppl:   1.69; 5247 src tok/s; 5434 tgt tok/s;     16 s elapsed
Epoch 32,   150/  454; acc:  87.64; ppl:   1.65; 5218 src tok/s; 5402 tgt tok/s;     24 s elapsed
Epoch 32,   200/  454; acc:  87.27; ppl:   1.69; 5179 src tok/s; 5368 tgt tok/s;     32 s elapsed
Epoch 32,   250/  454; acc:  87.48; ppl:   1.66; 5224 src tok/s; 5445 tgt tok/s;     40 s elapsed
Epoch 32,   300/  454; acc:  87.68; ppl:   1.65; 5164 src tok/s; 5329 tgt tok/s;     48 s elapsed
Epoch 32,   350/  454; acc:  87.70; ppl:   1.63; 5303 src tok/s; 5485 tgt tok/s;     56 s elapsed
Epoch 32,   400/  454; acc:  87.55; ppl:   1.66; 5271 src tok/s; 5494 tgt tok/s;     64 s elapsed
Epoch 32,   450/  454; acc:  87.59; ppl:   1.67; 5159 src tok/s; 5364 tgt tok/s;     72 s elapsed
Train perplexity: 1.66248
Train accuracy: 87.5506
Validation perplexity: 6.71986
Validation accuracy: 68.9017
Decaying learning rate to 2.98023e-08

Epoch 33,    50/  454; acc:  87.80; ppl:   1.62; 5277 src tok/s; 5483 tgt tok/s;      8 s elapsed
Epoch 33,   100/  454; acc:  87.02; ppl:   1.70; 5170 src tok/s; 5356 tgt tok/s;     16 s elapsed
Epoch 33,   150/  454; acc:  87.11; ppl:   1.72; 5184 src tok/s; 5347 tgt tok/s;     25 s elapsed
Epoch 33,   200/  454; acc:  88.35; ppl:   1.60; 5151 src tok/s; 5404 tgt tok/s;     32 s elapsed
Epoch 33,   250/  454; acc:  87.28; ppl:   1.69; 5227 src tok/s; 5446 tgt tok/s;     40 s elapsed
Epoch 33,   300/  454; acc:  86.88; ppl:   1.69; 5316 src tok/s; 5477 tgt tok/s;     48 s elapsed
Epoch 33,   350/  454; acc:  87.40; ppl:   1.69; 5196 src tok/s; 5387 tgt tok/s;     56 s elapsed
Epoch 33,   400/  454; acc:  88.37; ppl:   1.60; 5271 src tok/s; 5477 tgt tok/s;     64 s elapsed
Epoch 33,   450/  454; acc:  87.73; ppl:   1.66; 5162 src tok/s; 5374 tgt tok/s;     72 s elapsed
Train perplexity: 1.66414
Train accuracy: 87.5374
Validation perplexity: 6.71986
Validation accuracy: 68.9017
Decaying learning rate to 1.49012e-08

Epoch 34,    50/  454; acc:  87.60; ppl:   1.65; 5294 src tok/s; 5528 tgt tok/s;      8 s elapsed
Epoch 34,   100/  454; acc:  87.48; ppl:   1.68; 5144 src tok/s; 5357 tgt tok/s;     16 s elapsed
Epoch 34,   150/  454; acc:  86.57; ppl:   1.75; 5262 src tok/s; 5417 tgt tok/s;     24 s elapsed
Epoch 34,   200/  454; acc:  88.93; ppl:   1.57; 5189 src tok/s; 5426 tgt tok/s;     32 s elapsed
Epoch 34,   250/  454; acc:  87.09; ppl:   1.71; 5242 src tok/s; 5430 tgt tok/s;     40 s elapsed
Epoch 34,   300/  454; acc:  87.82; ppl:   1.65; 5207 src tok/s; 5411 tgt tok/s;     48 s elapsed
Epoch 34,   350/  454; acc:  88.21; ppl:   1.61; 5193 src tok/s; 5406 tgt tok/s;     56 s elapsed
Epoch 34,   400/  454; acc:  87.07; ppl:   1.70; 5391 src tok/s; 5557 tgt tok/s;     64 s elapsed
Epoch 34,   450/  454; acc:  87.42; ppl:   1.66; 5151 src tok/s; 5320 tgt tok/s;     72 s elapsed
Train perplexity: 1.66257
Train accuracy: 87.5758
Validation perplexity: 6.71986
Validation accuracy: 68.9017
Decaying learning rate to 7.45058e-09

Epoch 35,    50/  454; acc:  86.46; ppl:   1.77; 5187 src tok/s; 5335 tgt tok/s;      8 s elapsed
Epoch 35,   100/  454; acc:  88.45; ppl:   1.59; 5196 src tok/s; 5435 tgt tok/s;     16 s elapsed
Epoch 35,   150/  454; acc:  87.62; ppl:   1.65; 5148 src tok/s; 5391 tgt tok/s;     24 s elapsed
Epoch 35,   200/  454; acc:  87.35; ppl:   1.69; 5415 src tok/s; 5564 tgt tok/s;     32 s elapsed
Epoch 35,   250/  454; acc:  86.73; ppl:   1.73; 5194 src tok/s; 5389 tgt tok/s;     40 s elapsed
Epoch 35,   300/  454; acc:  88.62; ppl:   1.59; 5272 src tok/s; 5488 tgt tok/s;     48 s elapsed
Epoch 35,   350/  454; acc:  86.92; ppl:   1.70; 5263 src tok/s; 5445 tgt tok/s;     56 s elapsed
Epoch 35,   400/  454; acc:  88.28; ppl:   1.61; 5067 src tok/s; 5299 tgt tok/s;     64 s elapsed
Epoch 35,   450/  454; acc:  87.49; ppl:   1.66; 5097 src tok/s; 5267 tgt tok/s;     73 s elapsed
Train perplexity: 1.66349
Train accuracy: 87.5494
Validation perplexity: 6.71986
Validation accuracy: 68.9017
Decaying learning rate to 3.72529e-09

Epoch 36,    50/  454; acc:  88.22; ppl:   1.62; 5189 src tok/s; 5412 tgt tok/s;      8 s elapsed
Epoch 36,   100/  454; acc:  87.28; ppl:   1.69; 5238 src tok/s; 5424 tgt tok/s;     16 s elapsed
Epoch 36,   150/  454; acc:  87.63; ppl:   1.65; 5137 src tok/s; 5343 tgt tok/s;     24 s elapsed
Epoch 36,   200/  454; acc:  87.02; ppl:   1.70; 5384 src tok/s; 5553 tgt tok/s;     32 s elapsed
Epoch 36,   250/  454; acc:  87.38; ppl:   1.68; 5134 src tok/s; 5357 tgt tok/s;     40 s elapsed
Epoch 36,   300/  454; acc:  87.80; ppl:   1.65; 5336 src tok/s; 5536 tgt tok/s;     48 s elapsed
Epoch 36,   350/  454; acc:  87.54; ppl:   1.66; 5333 src tok/s; 5519 tgt tok/s;     56 s elapsed
Epoch 36,   400/  454; acc:  87.63; ppl:   1.64; 5156 src tok/s; 5369 tgt tok/s;     64 s elapsed
Epoch 36,   450/  454; acc:  87.26; ppl:   1.67; 5205 src tok/s; 5382 tgt tok/s;     72 s elapsed
Train perplexity: 1.66386
Train accuracy: 87.5232
Validation perplexity: 6.71986
Validation accuracy: 68.9017
Decaying learning rate to 1.86265e-09

Epoch 37,    50/  454; acc:  86.63; ppl:   1.74; 5139 src tok/s; 5326 tgt tok/s;      8 s elapsed
Epoch 37,   100/  454; acc:  88.14; ppl:   1.61; 5155 src tok/s; 5380 tgt tok/s;     16 s elapsed
Epoch 37,   150/  454; acc:  88.85; ppl:   1.57; 5226 src tok/s; 5434 tgt tok/s;     24 s elapsed
Epoch 37,   200/  454; acc:  86.02; ppl:   1.78; 5228 src tok/s; 5389 tgt tok/s;     32 s elapsed
Epoch 37,   250/  454; acc:  88.01; ppl:   1.63; 5188 src tok/s; 5413 tgt tok/s;     40 s elapsed
Epoch 37,   300/  454; acc:  87.40; ppl:   1.68; 5227 src tok/s; 5426 tgt tok/s;     49 s elapsed
Epoch 37,   350/  454; acc:  87.29; ppl:   1.70; 5321 src tok/s; 5524 tgt tok/s;     56 s elapsed
Epoch 37,   400/  454; acc:  87.79; ppl:   1.63; 5303 src tok/s; 5489 tgt tok/s;     64 s elapsed
Epoch 37,   450/  454; acc:  88.09; ppl:   1.61; 5263 src tok/s; 5454 tgt tok/s;     72 s elapsed
Train perplexity: 1.66354
Train accuracy: 87.5463
Validation perplexity: 6.71986
Validation accuracy: 68.9017
Decaying learning rate to 9.31323e-10

Epoch 38,    50/  454; acc:  87.50; ppl:   1.65; 5168 src tok/s; 5387 tgt tok/s;      8 s elapsed
Epoch 38,   100/  454; acc:  87.03; ppl:   1.70; 5267 src tok/s; 5435 tgt tok/s;     16 s elapsed
Epoch 38,   150/  454; acc:  87.97; ppl:   1.64; 5208 src tok/s; 5413 tgt tok/s;     24 s elapsed
Epoch 38,   200/  454; acc:  87.62; ppl:   1.68; 5269 src tok/s; 5453 tgt tok/s;     32 s elapsed
Epoch 38,   250/  454; acc:  87.42; ppl:   1.66; 5171 src tok/s; 5378 tgt tok/s;     40 s elapsed
Epoch 38,   300/  454; acc:  87.98; ppl:   1.64; 5107 src tok/s; 5297 tgt tok/s;     48 s elapsed
Epoch 38,   350/  454; acc:  87.41; ppl:   1.67; 5247 src tok/s; 5451 tgt tok/s;     56 s elapsed
Epoch 38,   400/  454; acc:  87.75; ppl:   1.66; 5325 src tok/s; 5527 tgt tok/s;     64 s elapsed
Epoch 38,   450/  454; acc:  87.44; ppl:   1.68; 5192 src tok/s; 5385 tgt tok/s;     72 s elapsed
Train perplexity: 1.66264
Train accuracy: 87.5788
Validation perplexity: 6.71986
Validation accuracy: 68.9017
Decaying learning rate to 4.65661e-10

Epoch 39,    50/  454; acc:  86.76; ppl:   1.74; 5283 src tok/s; 5469 tgt tok/s;      8 s elapsed
Epoch 39,   100/  454; acc:  88.27; ppl:   1.61; 5251 src tok/s; 5473 tgt tok/s;     16 s elapsed
Epoch 39,   150/  454; acc:  88.31; ppl:   1.61; 5271 src tok/s; 5470 tgt tok/s;     24 s elapsed
Epoch 39,   200/  454; acc:  87.04; ppl:   1.71; 5236 src tok/s; 5426 tgt tok/s;     32 s elapsed
Epoch 39,   250/  454; acc:  87.43; ppl:   1.66; 5172 src tok/s; 5365 tgt tok/s;     40 s elapsed
Epoch 39,   300/  454; acc:  87.38; ppl:   1.68; 5222 src tok/s; 5428 tgt tok/s;     48 s elapsed
Epoch 39,   350/  454; acc:  88.21; ppl:   1.62; 5211 src tok/s; 5408 tgt tok/s;     56 s elapsed
Epoch 39,   400/  454; acc:  87.07; ppl:   1.69; 5113 src tok/s; 5305 tgt tok/s;     64 s elapsed
Epoch 39,   450/  454; acc:  87.55; ppl:   1.67; 5203 src tok/s; 5400 tgt tok/s;     72 s elapsed
Train perplexity: 1.66415
Train accuracy: 87.5451
Validation perplexity: 6.71986
Validation accuracy: 68.9017
Decaying learning rate to 2.32831e-10

Epoch 40,    50/  454; acc:  87.59; ppl:   1.66; 5171 src tok/s; 5393 tgt tok/s;      8 s elapsed
Epoch 40,   100/  454; acc:  87.79; ppl:   1.66; 5293 src tok/s; 5483 tgt tok/s;     16 s elapsed
Epoch 40,   150/  454; acc:  87.16; ppl:   1.68; 5258 src tok/s; 5413 tgt tok/s;     24 s elapsed
Epoch 40,   200/  454; acc:  88.12; ppl:   1.62; 5229 src tok/s; 5476 tgt tok/s;     32 s elapsed
Epoch 40,   250/  454; acc:  87.17; ppl:   1.69; 5153 src tok/s; 5343 tgt tok/s;     40 s elapsed
Epoch 40,   300/  454; acc:  87.72; ppl:   1.65; 5262 src tok/s; 5463 tgt tok/s;     48 s elapsed
Epoch 40,   350/  454; acc:  87.86; ppl:   1.64; 5222 src tok/s; 5412 tgt tok/s;     56 s elapsed
Epoch 40,   400/  454; acc:  87.20; ppl:   1.70; 5208 src tok/s; 5385 tgt tok/s;     64 s elapsed
Epoch 40,   450/  454; acc:  87.57; ppl:   1.67; 5109 src tok/s; 5326 tgt tok/s;     72 s elapsed
Train perplexity: 1.66415
Train accuracy: 87.5729
Validation perplexity: 6.71986
Validation accuracy: 68.9017
Decaying learning rate to 1.16415e-10
