<module 'opts' from '/u/suhubdyd/research/projects/jumble_lstm/code/auxiliary-nmt/opts.pyc'>
Namespace(batch_size=64, brnn=False, brnn_merge='concat', cnn_kernel_width=3, context_gate=None, copy_attn=False, copy_attn_force=False, coverage_attn=False, data='/data/lisatmp3/suhubdyd/multi30k.atok.low', dec_layers=1, decay_method='', decoder_type='rnn', dropout=0.3, enc_layers=2, encoder_type='rnn', epochs=17, exp='', exp_host='', feat_merge='concat', feat_vec_exponent=0.7, feat_vec_size=-1, fix_word_vecs_dec=False, fix_word_vecs_enc=False, global_attention='general', gpuid=[0], input_feed=1, kappa_dec=0.05, kappa_enc=0.05, lambda_coverage=1, layers=-1, learning_rate=1.0, learning_rate_decay=0.5, max_generator_batches=32, max_grad_norm=5, model_type='text', optim='sgd', param_init=0.1, position_encoding=False, pre_word_vecs_dec=None, pre_word_vecs_enc=None, report_every=50, rnn_size=500, rnn_type='LSTM', save_model='/data/lisatmp3/suhubdyd/models/encoder0.05decoder0.05dropout0.3wdropFalse', seed=-1, share_decoder_embeddings=False, share_embeddings=False, src_word_vec_size=500, start_checkpoint_at=0, start_decay_at=8, start_epoch=1, tgt_word_vec_size=500, train_from='', truncated_decoder=0, warmup_steps=4000, weightdropout=False, word_vec_size=-1)
('Using Kappa L2 loss on encoder', 0.05)
('Using Kappa L2 loss on decoder', 0.05)
Loading train and validate data from '/data/lisatmp3/suhubdyd/multi30k.atok.low'
 * number of training sentences: 29000
 * maximum batch size: 64
 * vocabulary size. source = 10841; target = 18563
Building model...
Intializing model parameters.
NMTModel (
  (encoder): RNNEncoder (
    (embeddings): Embeddings (
      (make_embedding): Sequential (
        (emb_luts): Elementwise (
          (0): Embedding(10841, 500, padding_idx=1)
        )
      )
    )
    (dropout): Dropout (p = 0.3)
    (rnn): LSTM(500, 500, dropout=0.3)
  )
  (decoder): InputFeedRNNDecoder (
    (embeddings): Embeddings (
      (make_embedding): Sequential (
        (emb_luts): Elementwise (
          (0): Embedding(18563, 500, padding_idx=1)
        )
      )
    )
    (dropout): Dropout (p = 0.3)
    (rnn): StackedLSTM (
      (dropout): Dropout (p = 0.3)
      (layers): ModuleList (
        (0): LSTMCell(1000, 500)
      )
    )
    (attn): GlobalAttention (
      (linear_in): Linear (500 -> 500)
      (linear_out): Linear (1000 -> 500)
      (sm): Softmax ()
      (tanh): Tanh ()
    )
  )
  (generator): Sequential (
    (0): Linear (500 -> 18563)
    (1): LogSoftmax ()
  )
)
* number of parameters: 29760063
('encoder: ', 7424500)
('decoder: ', 22335563)

Epoch  1,    50/  454; acc:   9.51; ppl: 20200.67; 5201 src tok/s; 5419 tgt tok/s;      8 s elapsed
Epoch  1,   100/  454; acc:  15.34; ppl: 922.40; 5570 src tok/s; 5780 tgt tok/s;     16 s elapsed
Epoch  1,   150/  454; acc:  18.53; ppl: 446.82; 5631 src tok/s; 5823 tgt tok/s;     23 s elapsed
Epoch  1,   200/  454; acc:  21.35; ppl: 251.11; 5490 src tok/s; 5729 tgt tok/s;     31 s elapsed
Epoch  1,   250/  454; acc:  24.95; ppl: 183.04; 5498 src tok/s; 5724 tgt tok/s;     38 s elapsed
Epoch  1,   300/  454; acc:  27.81; ppl: 117.54; 5610 src tok/s; 5802 tgt tok/s;     46 s elapsed
Epoch  1,   350/  454; acc:  29.13; ppl:  91.44; 5773 src tok/s; 5979 tgt tok/s;     53 s elapsed
Epoch  1,   400/  454; acc:  31.59; ppl:  78.68; 5534 src tok/s; 5727 tgt tok/s;     61 s elapsed
Epoch  1,   450/  454; acc:  33.21; ppl:  67.28; 5480 src tok/s; 5697 tgt tok/s;     68 s elapsed
Train perplexity: 300.209
Train accuracy: 23.5372
Validation perplexity: 57.815
Validation accuracy: 34.9865

Epoch  2,    50/  454; acc:  35.75; ppl:  54.04; 5630 src tok/s; 5857 tgt tok/s;      7 s elapsed
Epoch  2,   100/  454; acc:  37.65; ppl:  46.34; 5737 src tok/s; 5969 tgt tok/s;     15 s elapsed
Epoch  2,   150/  454; acc:  40.65; ppl:  38.08; 5705 src tok/s; 5957 tgt tok/s;     22 s elapsed
Epoch  2,   200/  454; acc:  43.02; ppl:  32.55; 5787 src tok/s; 5976 tgt tok/s;     29 s elapsed
Epoch  2,   250/  454; acc:  44.61; ppl:  28.93; 5729 src tok/s; 5918 tgt tok/s;     37 s elapsed
Epoch  2,   300/  454; acc:  47.33; ppl:  24.56; 5708 src tok/s; 5918 tgt tok/s;     44 s elapsed
Epoch  2,   350/  454; acc:  49.23; ppl:  21.79; 5664 src tok/s; 5924 tgt tok/s;     51 s elapsed
Epoch  2,   400/  454; acc:  49.91; ppl:  21.07; 5767 src tok/s; 5946 tgt tok/s;     59 s elapsed
Epoch  2,   450/  454; acc:  51.75; ppl:  18.42; 5572 src tok/s; 5765 tgt tok/s;     66 s elapsed
Train perplexity: 29.7083
Train accuracy: 44.4982
Validation perplexity: 16.9138
Validation accuracy: 53.3135

Epoch  3,    50/  454; acc:  55.01; ppl:  14.21; 5646 src tok/s; 5875 tgt tok/s;      7 s elapsed
Epoch  3,   100/  454; acc:  53.89; ppl:  15.30; 5797 src tok/s; 5983 tgt tok/s;     15 s elapsed
Epoch  3,   150/  454; acc:  56.56; ppl:  12.61; 5713 src tok/s; 5964 tgt tok/s;     22 s elapsed
Epoch  3,   200/  454; acc:  54.85; ppl:  14.23; 5608 src tok/s; 5789 tgt tok/s;     30 s elapsed
Epoch  3,   250/  454; acc:  57.48; ppl:  12.02; 5693 src tok/s; 5927 tgt tok/s;     37 s elapsed
Epoch  3,   300/  454; acc:  56.73; ppl:  12.67; 5763 src tok/s; 5954 tgt tok/s;     44 s elapsed
Epoch  3,   350/  454; acc:  58.52; ppl:  10.84; 5628 src tok/s; 5911 tgt tok/s;     51 s elapsed
Epoch  3,   400/  454; acc:  57.50; ppl:  11.84; 5773 src tok/s; 5968 tgt tok/s;     59 s elapsed
Epoch  3,   450/  454; acc:  58.63; ppl:  10.89; 5674 src tok/s; 5863 tgt tok/s;     66 s elapsed
Train perplexity: 12.6318
Train accuracy: 56.5997
Validation perplexity: 10.5818
Validation accuracy: 59.763

Epoch  4,    50/  454; acc:  60.62; ppl:   9.03; 5818 src tok/s; 6024 tgt tok/s;      7 s elapsed
Epoch  4,   100/  454; acc:  61.80; ppl:   8.25; 5667 src tok/s; 5884 tgt tok/s;     15 s elapsed
Epoch  4,   150/  454; acc:  62.40; ppl:   7.93; 5563 src tok/s; 5799 tgt tok/s;     22 s elapsed
Epoch  4,   200/  454; acc:  60.27; ppl:   9.14; 5751 src tok/s; 5967 tgt tok/s;     29 s elapsed
Epoch  4,   250/  454; acc:  62.21; ppl:   8.23; 5732 src tok/s; 5937 tgt tok/s;     37 s elapsed
Epoch  4,   300/  454; acc:  61.47; ppl:   8.48; 5687 src tok/s; 5900 tgt tok/s;     44 s elapsed
Epoch  4,   350/  454; acc:  61.48; ppl:   8.61; 5746 src tok/s; 5967 tgt tok/s;     52 s elapsed
Epoch  4,   400/  454; acc:  63.24; ppl:   7.63; 5734 src tok/s; 5944 tgt tok/s;     59 s elapsed
Epoch  4,   450/  454; acc:  63.10; ppl:   7.74; 5613 src tok/s; 5827 tgt tok/s;     66 s elapsed
Train perplexity: 8.32354
Train accuracy: 61.8488
Validation perplexity: 8.36551
Validation accuracy: 62.7714

Epoch  5,    50/  454; acc:  66.58; ppl:   5.88; 5637 src tok/s; 5883 tgt tok/s;      7 s elapsed
Epoch  5,   100/  454; acc:  64.34; ppl:   6.69; 5791 src tok/s; 6009 tgt tok/s;     15 s elapsed
Epoch  5,   150/  454; acc:  65.08; ppl:   6.46; 5727 src tok/s; 5980 tgt tok/s;     22 s elapsed
Epoch  5,   200/  454; acc:  64.78; ppl:   6.48; 5660 src tok/s; 5847 tgt tok/s;     29 s elapsed
Epoch  5,   250/  454; acc:  65.94; ppl:   6.09; 5618 src tok/s; 5897 tgt tok/s;     36 s elapsed
Epoch  5,   300/  454; acc:  65.00; ppl:   6.28; 5789 src tok/s; 5941 tgt tok/s;     44 s elapsed
Epoch  5,   350/  454; acc:  64.51; ppl:   6.53; 5825 src tok/s; 5980 tgt tok/s;     52 s elapsed
Epoch  5,   400/  454; acc:  66.47; ppl:   6.02; 5594 src tok/s; 5843 tgt tok/s;     59 s elapsed
Epoch  5,   450/  454; acc:  65.02; ppl:   6.31; 5647 src tok/s; 5864 tgt tok/s;     66 s elapsed
Train perplexity: 6.30104
Train accuracy: 65.2955
Validation perplexity: 7.44547
Validation accuracy: 64.4246

Epoch  6,    50/  454; acc:  69.10; ppl:   4.70; 5589 src tok/s; 5798 tgt tok/s;      7 s elapsed
Epoch  6,   100/  454; acc:  67.95; ppl:   5.07; 5625 src tok/s; 5834 tgt tok/s;     15 s elapsed
Epoch  6,   150/  454; acc:  67.23; ppl:   5.24; 5650 src tok/s; 5841 tgt tok/s;     23 s elapsed
Epoch  6,   200/  454; acc:  68.58; ppl:   4.95; 5614 src tok/s; 5847 tgt tok/s;     30 s elapsed
Epoch  6,   250/  454; acc:  68.43; ppl:   4.99; 5724 src tok/s; 5939 tgt tok/s;     37 s elapsed
Epoch  6,   300/  454; acc:  67.14; ppl:   5.30; 5770 src tok/s; 5971 tgt tok/s;     44 s elapsed
Epoch  6,   350/  454; acc:  68.17; ppl:   5.09; 5708 src tok/s; 5942 tgt tok/s;     52 s elapsed
Epoch  6,   400/  454; acc:  67.78; ppl:   5.15; 5799 src tok/s; 6025 tgt tok/s;     59 s elapsed
Epoch  6,   450/  454; acc:  66.84; ppl:   5.41; 5582 src tok/s; 5782 tgt tok/s;     67 s elapsed
Train perplexity: 5.09597
Train accuracy: 67.9116
Validation perplexity: 6.75675
Validation accuracy: 66.4325

Epoch  7,    50/  454; acc:  71.67; ppl:   3.87; 5692 src tok/s; 5984 tgt tok/s;      7 s elapsed
Epoch  7,   100/  454; acc:  69.44; ppl:   4.38; 5813 src tok/s; 5999 tgt tok/s;     15 s elapsed
Epoch  7,   150/  454; acc:  71.06; ppl:   4.03; 5762 src tok/s; 5984 tgt tok/s;     22 s elapsed
Epoch  7,   200/  454; acc:  69.31; ppl:   4.46; 5669 src tok/s; 5858 tgt tok/s;     29 s elapsed
Epoch  7,   250/  454; acc:  69.89; ppl:   4.31; 5282 src tok/s; 5504 tgt tok/s;     37 s elapsed
Epoch  7,   300/  454; acc:  70.61; ppl:   4.13; 5849 src tok/s; 6064 tgt tok/s;     44 s elapsed
Epoch  7,   350/  454; acc:  70.21; ppl:   4.18; 5900 src tok/s; 6145 tgt tok/s;     51 s elapsed
Epoch  7,   400/  454; acc:  68.45; ppl:   4.70; 5399 src tok/s; 5550 tgt tok/s;     59 s elapsed
Epoch  7,   450/  454; acc:  68.98; ppl:   4.49; 5585 src tok/s; 5801 tgt tok/s;     67 s elapsed
Train perplexity: 4.28295
Train accuracy: 69.9343
Validation perplexity: 6.78054
Validation accuracy: 66.2268
Decaying learning rate to 0.5

Epoch  8,    50/  454; acc:  75.12; ppl:   3.15; 5708 src tok/s; 5889 tgt tok/s;      8 s elapsed
Epoch  8,   100/  454; acc:  74.75; ppl:   3.21; 5512 src tok/s; 5731 tgt tok/s;     15 s elapsed
Epoch  8,   150/  454; acc:  74.68; ppl:   3.19; 5441 src tok/s; 5685 tgt tok/s;     22 s elapsed
Epoch  8,   200/  454; acc:  74.77; ppl:   3.15; 5638 src tok/s; 5822 tgt tok/s;     30 s elapsed
Epoch  8,   250/  454; acc:  74.81; ppl:   3.19; 5597 src tok/s; 5807 tgt tok/s;     38 s elapsed
Epoch  8,   300/  454; acc:  75.35; ppl:   3.05; 5673 src tok/s; 5882 tgt tok/s;     45 s elapsed
Epoch  8,   350/  454; acc:  73.78; ppl:   3.35; 5695 src tok/s; 5886 tgt tok/s;     53 s elapsed
Epoch  8,   400/  454; acc:  75.63; ppl:   3.02; 5370 src tok/s; 5630 tgt tok/s;     60 s elapsed
Epoch  8,   450/  454; acc:  74.85; ppl:   3.22; 5466 src tok/s; 5670 tgt tok/s;     68 s elapsed
Train perplexity: 3.17125
Train accuracy: 74.8363
Validation perplexity: 5.95956
Validation accuracy: 68.8307
Decaying learning rate to 0.25

Epoch  9,    50/  454; acc:  78.58; ppl:   2.58; 5503 src tok/s; 5721 tgt tok/s;      7 s elapsed
Epoch  9,   100/  454; acc:  78.40; ppl:   2.59; 5721 src tok/s; 5938 tgt tok/s;     15 s elapsed
Epoch  9,   150/  454; acc:  77.64; ppl:   2.69; 5646 src tok/s; 5823 tgt tok/s;     23 s elapsed
Epoch  9,   200/  454; acc:  79.06; ppl:   2.48; 5645 src tok/s; 5882 tgt tok/s;     30 s elapsed
Epoch  9,   250/  454; acc:  77.25; ppl:   2.75; 5617 src tok/s; 5801 tgt tok/s;     37 s elapsed
Epoch  9,   300/  454; acc:  79.26; ppl:   2.43; 5539 src tok/s; 5780 tgt tok/s;     45 s elapsed
Epoch  9,   350/  454; acc:  78.57; ppl:   2.57; 5564 src tok/s; 5750 tgt tok/s;     52 s elapsed
Epoch  9,   400/  454; acc:  78.09; ppl:   2.68; 5530 src tok/s; 5749 tgt tok/s;     60 s elapsed
Epoch  9,   450/  454; acc:  77.64; ppl:   2.70; 5580 src tok/s; 5794 tgt tok/s;     68 s elapsed
Train perplexity: 2.60591
Train accuracy: 78.2863
Validation perplexity: 5.97633
Validation accuracy: 69.7957
Decaying learning rate to 0.125

Epoch 10,    50/  454; acc:  79.19; ppl:   2.50; 5663 src tok/s; 5840 tgt tok/s;      8 s elapsed
Epoch 10,   100/  454; acc:  81.74; ppl:   2.16; 5420 src tok/s; 5672 tgt tok/s;     15 s elapsed
Epoch 10,   150/  454; acc:  80.98; ppl:   2.27; 5585 src tok/s; 5810 tgt tok/s;     22 s elapsed
Epoch 10,   200/  454; acc:  79.88; ppl:   2.39; 5579 src tok/s; 5756 tgt tok/s;     30 s elapsed
Epoch 10,   250/  454; acc:  81.32; ppl:   2.23; 5586 src tok/s; 5835 tgt tok/s;     37 s elapsed
Epoch 10,   300/  454; acc:  79.42; ppl:   2.46; 5585 src tok/s; 5768 tgt tok/s;     45 s elapsed
Epoch 10,   350/  454; acc:  79.66; ppl:   2.45; 5684 src tok/s; 5881 tgt tok/s;     53 s elapsed
Epoch 10,   400/  454; acc:  80.90; ppl:   2.25; 5474 src tok/s; 5723 tgt tok/s;     60 s elapsed
Epoch 10,   450/  454; acc:  79.69; ppl:   2.41; 5561 src tok/s; 5768 tgt tok/s;     68 s elapsed
Train perplexity: 2.35017
Train accuracy: 80.2625
Validation perplexity: 6.11421
Validation accuracy: 69.8524
Decaying learning rate to 0.0625

Epoch 11,    50/  454; acc:  81.17; ppl:   2.26; 5661 src tok/s; 5918 tgt tok/s;      7 s elapsed
Epoch 11,   100/  454; acc:  81.76; ppl:   2.17; 5740 src tok/s; 5990 tgt tok/s;     15 s elapsed
Epoch 11,   150/  454; acc:  80.83; ppl:   2.30; 5709 src tok/s; 5894 tgt tok/s;     22 s elapsed
Epoch 11,   200/  454; acc:  81.97; ppl:   2.15; 5754 src tok/s; 5974 tgt tok/s;     29 s elapsed
Epoch 11,   250/  454; acc:  81.24; ppl:   2.18; 5683 src tok/s; 5887 tgt tok/s;     37 s elapsed
Epoch 11,   300/  454; acc:  81.04; ppl:   2.26; 5653 src tok/s; 5859 tgt tok/s;     44 s elapsed
Epoch 11,   350/  454; acc:  81.98; ppl:   2.15; 5722 src tok/s; 5966 tgt tok/s;     51 s elapsed
Epoch 11,   400/  454; acc:  80.17; ppl:   2.35; 5762 src tok/s; 5924 tgt tok/s;     59 s elapsed
Epoch 11,   450/  454; acc:  81.67; ppl:   2.21; 5718 src tok/s; 5944 tgt tok/s;     66 s elapsed
Train perplexity: 2.22603
Train accuracy: 81.3004
Validation perplexity: 6.18153
Validation accuracy: 69.5686
Decaying learning rate to 0.03125

Epoch 12,    50/  454; acc:  80.49; ppl:   2.33; 5793 src tok/s; 5967 tgt tok/s;      8 s elapsed
Epoch 12,   100/  454; acc:  83.28; ppl:   2.02; 5774 src tok/s; 6052 tgt tok/s;     14 s elapsed
Epoch 12,   150/  454; acc:  81.77; ppl:   2.18; 5770 src tok/s; 5991 tgt tok/s;     22 s elapsed
Epoch 12,   200/  454; acc:  82.12; ppl:   2.12; 5742 src tok/s; 5936 tgt tok/s;     29 s elapsed
Epoch 12,   250/  454; acc:  82.13; ppl:   2.15; 5714 src tok/s; 5945 tgt tok/s;     36 s elapsed
Epoch 12,   300/  454; acc:  81.80; ppl:   2.17; 5694 src tok/s; 5916 tgt tok/s;     44 s elapsed
Epoch 12,   350/  454; acc:  82.40; ppl:   2.15; 5655 src tok/s; 5881 tgt tok/s;     51 s elapsed
Epoch 12,   400/  454; acc:  81.40; ppl:   2.21; 5783 src tok/s; 5983 tgt tok/s;     59 s elapsed
Epoch 12,   450/  454; acc:  81.82; ppl:   2.18; 5640 src tok/s; 5850 tgt tok/s;     66 s elapsed
Train perplexity: 2.16568
Train accuracy: 81.9131
Validation perplexity: 6.24314
Validation accuracy: 69.6396
Decaying learning rate to 0.015625

Epoch 13,    50/  454; acc:  81.94; ppl:   2.18; 5751 src tok/s; 5926 tgt tok/s;      7 s elapsed
Epoch 13,   100/  454; acc:  82.85; ppl:   2.05; 5650 src tok/s; 5901 tgt tok/s;     15 s elapsed
Epoch 13,   150/  454; acc:  83.07; ppl:   2.03; 5733 src tok/s; 5964 tgt tok/s;     22 s elapsed
Epoch 13,   200/  454; acc:  81.23; ppl:   2.25; 5798 src tok/s; 5993 tgt tok/s;     29 s elapsed
Epoch 13,   250/  454; acc:  82.55; ppl:   2.09; 5602 src tok/s; 5845 tgt tok/s;     36 s elapsed
Epoch 13,   300/  454; acc:  81.52; ppl:   2.22; 5773 src tok/s; 5947 tgt tok/s;     44 s elapsed
Epoch 13,   350/  454; acc:  82.13; ppl:   2.13; 5618 src tok/s; 5892 tgt tok/s;     51 s elapsed
Epoch 13,   400/  454; acc:  82.01; ppl:   2.16; 5774 src tok/s; 5971 tgt tok/s;     59 s elapsed
Epoch 13,   450/  454; acc:  82.27; ppl:   2.12; 5752 src tok/s; 5958 tgt tok/s;     66 s elapsed
Train perplexity: 2.13653
Train accuracy: 82.1636
Validation perplexity: 6.24764
Validation accuracy: 69.526
Decaying learning rate to 0.0078125

Epoch 14,    50/  454; acc:  82.05; ppl:   2.14; 5647 src tok/s; 5853 tgt tok/s;      7 s elapsed
Epoch 14,   100/  454; acc:  82.68; ppl:   2.08; 5757 src tok/s; 5966 tgt tok/s;     15 s elapsed
Epoch 14,   150/  454; acc:  82.49; ppl:   2.09; 5743 src tok/s; 5946 tgt tok/s;     22 s elapsed
Epoch 14,   200/  454; acc:  82.11; ppl:   2.14; 5724 src tok/s; 5953 tgt tok/s;     29 s elapsed
Epoch 14,   250/  454; acc:  81.80; ppl:   2.16; 5871 src tok/s; 6029 tgt tok/s;     37 s elapsed
Epoch 14,   300/  454; acc:  82.98; ppl:   2.04; 5582 src tok/s; 5859 tgt tok/s;     44 s elapsed
Epoch 14,   350/  454; acc:  82.31; ppl:   2.12; 5784 src tok/s; 6004 tgt tok/s;     51 s elapsed
Epoch 14,   400/  454; acc:  82.15; ppl:   2.12; 5773 src tok/s; 5987 tgt tok/s;     59 s elapsed
Epoch 14,   450/  454; acc:  82.26; ppl:   2.14; 5672 src tok/s; 5917 tgt tok/s;     66 s elapsed
Train perplexity: 2.12041
Train accuracy: 82.2604
Validation perplexity: 6.25831
Validation accuracy: 69.5544
Decaying learning rate to 0.00390625

Epoch 15,    50/  454; acc:  82.50; ppl:   2.09; 5653 src tok/s; 5885 tgt tok/s;      7 s elapsed
Epoch 15,   100/  454; acc:  82.10; ppl:   2.15; 5698 src tok/s; 5887 tgt tok/s;     15 s elapsed
Epoch 15,   150/  454; acc:  82.48; ppl:   2.09; 5640 src tok/s; 5873 tgt tok/s;     22 s elapsed
Epoch 15,   200/  454; acc:  82.33; ppl:   2.14; 5741 src tok/s; 5937 tgt tok/s;     30 s elapsed
Epoch 15,   250/  454; acc:  82.60; ppl:   2.09; 5756 src tok/s; 5994 tgt tok/s;     37 s elapsed
Epoch 15,   300/  454; acc:  82.60; ppl:   2.10; 5686 src tok/s; 5915 tgt tok/s;     44 s elapsed
Epoch 15,   350/  454; acc:  82.36; ppl:   2.12; 5655 src tok/s; 5895 tgt tok/s;     52 s elapsed
Epoch 15,   400/  454; acc:  82.27; ppl:   2.14; 5717 src tok/s; 5897 tgt tok/s;     59 s elapsed
Epoch 15,   450/  454; acc:  82.43; ppl:   2.11; 5606 src tok/s; 5806 tgt tok/s;     66 s elapsed
Train perplexity: 2.11497
Train accuracy: 82.4218
Validation perplexity: 6.26341
Validation accuracy: 69.6112
Decaying learning rate to 0.00195312

Epoch 16,    50/  454; acc:  81.82; ppl:   2.18; 5827 src tok/s; 6034 tgt tok/s;      7 s elapsed
Epoch 16,   100/  454; acc:  83.37; ppl:   1.99; 5893 src tok/s; 6122 tgt tok/s;     14 s elapsed
Epoch 16,   150/  454; acc:  81.38; ppl:   2.22; 5791 src tok/s; 5959 tgt tok/s;     22 s elapsed
Epoch 16,   200/  454; acc:  83.70; ppl:   1.98; 5639 src tok/s; 5902 tgt tok/s;     29 s elapsed
Epoch 16,   250/  454; acc:  82.70; ppl:   2.06; 5668 src tok/s; 5894 tgt tok/s;     36 s elapsed
Epoch 16,   300/  454; acc:  81.91; ppl:   2.16; 5651 src tok/s; 5883 tgt tok/s;     44 s elapsed
Epoch 16,   350/  454; acc:  82.97; ppl:   2.06; 4857 src tok/s; 5054 tgt tok/s;     52 s elapsed
Epoch 16,   400/  454; acc:  81.91; ppl:   2.16; 5873 src tok/s; 6056 tgt tok/s;     60 s elapsed
Epoch 16,   450/  454; acc:  81.62; ppl:   2.18; 5783 src tok/s; 6013 tgt tok/s;     67 s elapsed
Train perplexity: 2.10991
Train accuracy: 82.3501
Validation perplexity: 6.26527
Validation accuracy: 69.6183
Decaying learning rate to 0.000976562

Epoch 17,    50/  454; acc:  82.51; ppl:   2.10; 5934 src tok/s; 6157 tgt tok/s;      7 s elapsed
Epoch 17,   100/  454; acc:  82.37; ppl:   2.13; 5365 src tok/s; 5558 tgt tok/s;     15 s elapsed
Epoch 17,   150/  454; acc:  82.56; ppl:   2.11; 5739 src tok/s; 5952 tgt tok/s;     22 s elapsed
Epoch 17,   200/  454; acc:  82.56; ppl:   2.10; 5761 src tok/s; 5990 tgt tok/s;     29 s elapsed
Epoch 17,   250/  454; acc:  83.35; ppl:   2.01; 5509 src tok/s; 5788 tgt tok/s;     37 s elapsed
Epoch 17,   300/  454; acc:  81.56; ppl:   2.21; 5764 src tok/s; 5919 tgt tok/s;     44 s elapsed
Epoch 17,   350/  454; acc:  81.93; ppl:   2.16; 5809 src tok/s; 5974 tgt tok/s;     52 s elapsed
Epoch 17,   400/  454; acc:  82.95; ppl:   2.08; 5625 src tok/s; 5882 tgt tok/s;     59 s elapsed
Epoch 17,   450/  454; acc:  82.44; ppl:   2.10; 5652 src tok/s; 5889 tgt tok/s;     66 s elapsed
Train perplexity: 2.10857
Train accuracy: 82.4872
Validation perplexity: 6.2668
Validation accuracy: 69.6183
Decaying learning rate to 0.000488281
