<module 'opts' from '/u/suhubdyd/research/projects/jumble_lstm/code/auxiliary-nmt/opts.pyc'>
Namespace(batch_size=64, brnn=False, brnn_merge='concat', cnn_kernel_width=3, context_gate=None, copy_attn=False, copy_attn_force=False, coverage_attn=False, data='/data/lisatmp3/suhubdyd/multi30k.atok.low', dec_layers=1, decay_method='', decoder_type='rnn', dropout=0.3, enc_layers=2, encoder_type='rnn', epochs=17, exp='', exp_host='', feat_merge='concat', feat_vec_exponent=0.7, feat_vec_size=-1, fix_word_vecs_dec=False, fix_word_vecs_enc=False, global_attention='general', gpuid=[0], input_feed=1, kappa_dec=0.05, kappa_enc=0.3, lambda_coverage=1, layers=-1, learning_rate=1.0, learning_rate_decay=0.5, max_generator_batches=32, max_grad_norm=5, model_type='text', optim='sgd', param_init=0.1, position_encoding=False, pre_word_vecs_dec=None, pre_word_vecs_enc=None, report_every=50, rnn_size=500, rnn_type='LSTM', save_model='/data/lisatmp3/suhubdyd/models/encoder0.30decoder0.05dropout0.3wdropFalse', seed=-1, share_decoder_embeddings=False, share_embeddings=False, src_word_vec_size=500, start_checkpoint_at=0, start_decay_at=8, start_epoch=1, tgt_word_vec_size=500, train_from='', truncated_decoder=0, warmup_steps=4000, weightdropout=False, word_vec_size=-1)
('Using Kappa L2 loss on encoder', 0.3)
('Using Kappa L2 loss on decoder', 0.05)
Loading train and validate data from '/data/lisatmp3/suhubdyd/multi30k.atok.low'
 * number of training sentences: 29000
 * maximum batch size: 64
 * vocabulary size. source = 10841; target = 18563
Building model...
Intializing model parameters.
NMTModel (
  (encoder): RNNEncoder (
    (embeddings): Embeddings (
      (make_embedding): Sequential (
        (emb_luts): Elementwise (
          (0): Embedding(10841, 500, padding_idx=1)
        )
      )
    )
    (dropout): Dropout (p = 0.3)
    (rnn): LSTM(500, 500, dropout=0.3)
  )
  (decoder): InputFeedRNNDecoder (
    (embeddings): Embeddings (
      (make_embedding): Sequential (
        (emb_luts): Elementwise (
          (0): Embedding(18563, 500, padding_idx=1)
        )
      )
    )
    (dropout): Dropout (p = 0.3)
    (rnn): StackedLSTM (
      (dropout): Dropout (p = 0.3)
      (layers): ModuleList (
        (0): LSTMCell(1000, 500)
      )
    )
    (attn): GlobalAttention (
      (linear_in): Linear (500 -> 500)
      (linear_out): Linear (1000 -> 500)
      (sm): Softmax ()
      (tanh): Tanh ()
    )
  )
  (generator): Sequential (
    (0): Linear (500 -> 18563)
    (1): LogSoftmax ()
  )
)
* number of parameters: 29760063
('encoder: ', 7424500)
('decoder: ', 22335563)

Epoch  1,    50/  454; acc:   9.27; ppl: 10956.29; 5260 src tok/s; 5484 tgt tok/s;      8 s elapsed
Epoch  1,   100/  454; acc:  13.77; ppl: 1819.31; 6005 src tok/s; 6217 tgt tok/s;     15 s elapsed
Epoch  1,   150/  454; acc:  17.97; ppl: 470.43; 6022 src tok/s; 6213 tgt tok/s;     22 s elapsed
Epoch  1,   200/  454; acc:  21.75; ppl: 246.70; 5959 src tok/s; 6202 tgt tok/s;     29 s elapsed
Epoch  1,   250/  454; acc:  24.48; ppl: 168.66; 5943 src tok/s; 6164 tgt tok/s;     36 s elapsed
Epoch  1,   300/  454; acc:  28.30; ppl: 117.02; 5643 src tok/s; 5852 tgt tok/s;     43 s elapsed
Epoch  1,   350/  454; acc:  30.47; ppl:  90.26; 5540 src tok/s; 5778 tgt tok/s;     51 s elapsed
Epoch  1,   400/  454; acc:  30.41; ppl:  84.95; 5639 src tok/s; 5841 tgt tok/s;     58 s elapsed
Epoch  1,   450/  454; acc:  33.38; ppl:  67.29; 5479 src tok/s; 5690 tgt tok/s;     66 s elapsed
Train perplexity: 301.915
Train accuracy: 23.389
Validation perplexity: 64.3359
Validation accuracy: 30.623

Epoch  2,    50/  454; acc:  33.86; ppl:  58.32; 5786 src tok/s; 5951 tgt tok/s;      8 s elapsed
Epoch  2,   100/  454; acc:  38.81; ppl:  42.70; 5643 src tok/s; 5905 tgt tok/s;     15 s elapsed
Epoch  2,   150/  454; acc:  39.74; ppl:  40.17; 5602 src tok/s; 5790 tgt tok/s;     22 s elapsed
Epoch  2,   200/  454; acc:  42.21; ppl:  33.08; 5472 src tok/s; 5717 tgt tok/s;     30 s elapsed
Epoch  2,   250/  454; acc:  44.60; ppl:  29.33; 5636 src tok/s; 5833 tgt tok/s;     37 s elapsed
Epoch  2,   300/  454; acc:  45.81; ppl:  26.66; 5658 src tok/s; 5887 tgt tok/s;     45 s elapsed
Epoch  2,   350/  454; acc:  47.37; ppl:  23.87; 5556 src tok/s; 5707 tgt tok/s;     53 s elapsed
Epoch  2,   400/  454; acc:  50.23; ppl:  19.82; 5551 src tok/s; 5823 tgt tok/s;     60 s elapsed
Epoch  2,   450/  454; acc:  50.39; ppl:  19.86; 5564 src tok/s; 5764 tgt tok/s;     67 s elapsed
Train perplexity: 30.6529
Train accuracy: 43.7026
Validation perplexity: 15.8897
Validation accuracy: 53.8527

Epoch  3,    50/  454; acc:  52.68; ppl:  16.06; 5626 src tok/s; 5835 tgt tok/s;      8 s elapsed
Epoch  3,   100/  454; acc:  54.72; ppl:  14.18; 5571 src tok/s; 5801 tgt tok/s;     15 s elapsed
Epoch  3,   150/  454; acc:  55.10; ppl:  13.85; 5548 src tok/s; 5795 tgt tok/s;     22 s elapsed
Epoch  3,   200/  454; acc:  56.01; ppl:  13.13; 5504 src tok/s; 5657 tgt tok/s;     30 s elapsed
Epoch  3,   250/  454; acc:  56.39; ppl:  12.55; 5729 src tok/s; 5928 tgt tok/s;     38 s elapsed
Epoch  3,   300/  454; acc:  57.72; ppl:  11.96; 5639 src tok/s; 5853 tgt tok/s;     45 s elapsed
Epoch  3,   350/  454; acc:  59.05; ppl:  10.67; 5542 src tok/s; 5799 tgt tok/s;     52 s elapsed
Epoch  3,   400/  454; acc:  57.25; ppl:  11.83; 5677 src tok/s; 5853 tgt tok/s;     60 s elapsed
Epoch  3,   450/  454; acc:  58.41; ppl:  11.10; 5448 src tok/s; 5675 tgt tok/s;     67 s elapsed
Train perplexity: 12.7224
Train accuracy: 56.3636
Validation perplexity: 10.8964
Validation accuracy: 59.2309

Epoch  4,    50/  454; acc:  60.81; ppl:   9.12; 5652 src tok/s; 5873 tgt tok/s;      7 s elapsed
Epoch  4,   100/  454; acc:  61.23; ppl:   8.56; 5667 src tok/s; 5869 tgt tok/s;     15 s elapsed
Epoch  4,   150/  454; acc:  62.39; ppl:   8.15; 5529 src tok/s; 5790 tgt tok/s;     22 s elapsed
Epoch  4,   200/  454; acc:  60.94; ppl:   8.79; 5620 src tok/s; 5805 tgt tok/s;     30 s elapsed
Epoch  4,   250/  454; acc:  62.23; ppl:   8.18; 5623 src tok/s; 5833 tgt tok/s;     37 s elapsed
Epoch  4,   300/  454; acc:  62.75; ppl:   7.96; 5563 src tok/s; 5783 tgt tok/s;     45 s elapsed
Epoch  4,   350/  454; acc:  61.70; ppl:   8.36; 5614 src tok/s; 5805 tgt tok/s;     52 s elapsed
Epoch  4,   400/  454; acc:  62.76; ppl:   7.92; 5695 src tok/s; 5933 tgt tok/s;     60 s elapsed
Epoch  4,   450/  454; acc:  62.36; ppl:   8.05; 5591 src tok/s; 5769 tgt tok/s;     67 s elapsed
Train perplexity: 8.333
Train accuracy: 61.9148
Validation perplexity: 8.00174
Validation accuracy: 63.7789

Epoch  5,    50/  454; acc:  66.49; ppl:   5.92; 5725 src tok/s; 5956 tgt tok/s;      7 s elapsed
Epoch  5,   100/  454; acc:  65.07; ppl:   6.46; 5722 src tok/s; 5926 tgt tok/s;     15 s elapsed
Epoch  5,   150/  454; acc:  64.71; ppl:   6.50; 5601 src tok/s; 5808 tgt tok/s;     22 s elapsed
Epoch  5,   200/  454; acc:  65.68; ppl:   6.24; 5596 src tok/s; 5798 tgt tok/s;     30 s elapsed
Epoch  5,   250/  454; acc:  64.94; ppl:   6.51; 5616 src tok/s; 5838 tgt tok/s;     37 s elapsed
Epoch  5,   300/  454; acc:  65.69; ppl:   6.20; 5530 src tok/s; 5726 tgt tok/s;     45 s elapsed
Epoch  5,   350/  454; acc:  64.77; ppl:   6.41; 5634 src tok/s; 5828 tgt tok/s;     52 s elapsed
Epoch  5,   400/  454; acc:  66.38; ppl:   5.99; 5532 src tok/s; 5775 tgt tok/s;     60 s elapsed
Epoch  5,   450/  454; acc:  65.41; ppl:   6.31; 5559 src tok/s; 5765 tgt tok/s;     67 s elapsed
Train perplexity: 6.27503
Train accuracy: 65.474
Validation perplexity: 7.13028
Validation accuracy: 65.6875

Epoch  6,    50/  454; acc:  67.30; ppl:   5.27; 5681 src tok/s; 5868 tgt tok/s;      8 s elapsed
Epoch  6,   100/  454; acc:  69.29; ppl:   4.67; 5612 src tok/s; 5866 tgt tok/s;     15 s elapsed
Epoch  6,   150/  454; acc:  68.12; ppl:   5.04; 5773 src tok/s; 5980 tgt tok/s;     22 s elapsed
Epoch  6,   200/  454; acc:  68.06; ppl:   5.01; 5667 src tok/s; 5883 tgt tok/s;     29 s elapsed
Epoch  6,   250/  454; acc:  68.28; ppl:   5.01; 5518 src tok/s; 5747 tgt tok/s;     37 s elapsed
Epoch  6,   300/  454; acc:  67.56; ppl:   5.19; 5644 src tok/s; 5855 tgt tok/s;     44 s elapsed
Epoch  6,   350/  454; acc:  68.13; ppl:   5.05; 5658 src tok/s; 5887 tgt tok/s;     52 s elapsed
Epoch  6,   400/  454; acc:  66.97; ppl:   5.43; 5555 src tok/s; 5760 tgt tok/s;     59 s elapsed
Epoch  6,   450/  454; acc:  67.51; ppl:   5.15; 5666 src tok/s; 5845 tgt tok/s;     67 s elapsed
Train perplexity: 5.0907
Train accuracy: 67.9122
Validation perplexity: 7.04292
Validation accuracy: 65.2831

Epoch  7,    50/  454; acc:  71.18; ppl:   3.97; 5590 src tok/s; 5786 tgt tok/s;      7 s elapsed
Epoch  7,   100/  454; acc:  69.74; ppl:   4.28; 5659 src tok/s; 5895 tgt tok/s;     15 s elapsed
Epoch  7,   150/  454; acc:  71.47; ppl:   3.91; 5694 src tok/s; 5977 tgt tok/s;     22 s elapsed
Epoch  7,   200/  454; acc:  68.74; ppl:   4.59; 5749 src tok/s; 5873 tgt tok/s;     30 s elapsed
Epoch  7,   250/  454; acc:  69.53; ppl:   4.36; 5780 src tok/s; 5997 tgt tok/s;     37 s elapsed
Epoch  7,   300/  454; acc:  70.73; ppl:   4.07; 5678 src tok/s; 5910 tgt tok/s;     44 s elapsed
Epoch  7,   350/  454; acc:  69.95; ppl:   4.36; 5605 src tok/s; 5830 tgt tok/s;     52 s elapsed
Epoch  7,   400/  454; acc:  68.87; ppl:   4.53; 5625 src tok/s; 5840 tgt tok/s;     59 s elapsed
Epoch  7,   450/  454; acc:  69.42; ppl:   4.45; 5503 src tok/s; 5723 tgt tok/s;     67 s elapsed
Train perplexity: 4.28179
Train accuracy: 69.9254
Validation perplexity: 6.6072
Validation accuracy: 66.5106

Epoch  8,    50/  454; acc:  71.56; ppl:   3.81; 5868 src tok/s; 5987 tgt tok/s;      8 s elapsed
Epoch  8,   100/  454; acc:  74.36; ppl:   3.19; 5570 src tok/s; 5910 tgt tok/s;     15 s elapsed
Epoch  8,   150/  454; acc:  71.96; ppl:   3.68; 5665 src tok/s; 5833 tgt tok/s;     22 s elapsed
Epoch  8,   200/  454; acc:  72.86; ppl:   3.48; 5751 src tok/s; 5943 tgt tok/s;     29 s elapsed
Epoch  8,   250/  454; acc:  70.85; ppl:   3.89; 5736 src tok/s; 5906 tgt tok/s;     37 s elapsed
Epoch  8,   300/  454; acc:  72.23; ppl:   3.59; 5573 src tok/s; 5860 tgt tok/s;     44 s elapsed
Epoch  8,   350/  454; acc:  71.17; ppl:   3.90; 5614 src tok/s; 5856 tgt tok/s;     52 s elapsed
Epoch  8,   400/  454; acc:  71.26; ppl:   3.88; 5496 src tok/s; 5696 tgt tok/s;     59 s elapsed
Epoch  8,   450/  454; acc:  70.39; ppl:   4.01; 5547 src tok/s; 5766 tgt tok/s;     67 s elapsed
Train perplexity: 3.711
Train accuracy: 71.8124
Validation perplexity: 6.55998
Validation accuracy: 67.1137
Decaying learning rate to 0.5

Epoch  9,    50/  454; acc:  76.06; ppl:   2.88; 5653 src tok/s; 5897 tgt tok/s;      7 s elapsed
Epoch  9,   100/  454; acc:  76.94; ppl:   2.76; 5710 src tok/s; 5922 tgt tok/s;     15 s elapsed
Epoch  9,   150/  454; acc:  76.01; ppl:   2.89; 5666 src tok/s; 5843 tgt tok/s;     23 s elapsed
Epoch  9,   200/  454; acc:  78.01; ppl:   2.60; 5590 src tok/s; 5833 tgt tok/s;     30 s elapsed
Epoch  9,   250/  454; acc:  76.41; ppl:   2.78; 5633 src tok/s; 5857 tgt tok/s;     37 s elapsed
Epoch  9,   300/  454; acc:  76.54; ppl:   2.79; 5715 src tok/s; 5901 tgt tok/s;     44 s elapsed
Epoch  9,   350/  454; acc:  76.23; ppl:   2.86; 5551 src tok/s; 5741 tgt tok/s;     52 s elapsed
Epoch  9,   400/  454; acc:  76.32; ppl:   2.85; 5743 src tok/s; 5965 tgt tok/s;     59 s elapsed
Epoch  9,   450/  454; acc:  76.25; ppl:   2.82; 5640 src tok/s; 5859 tgt tok/s;     67 s elapsed
Train perplexity: 2.80154
Train accuracy: 76.5388
Validation perplexity: 6.00401
Validation accuracy: 69.5757
Decaying learning rate to 0.25

Epoch 10,    50/  454; acc:  81.40; ppl:   2.17; 5616 src tok/s; 5864 tgt tok/s;      7 s elapsed
Epoch 10,   100/  454; acc:  79.15; ppl:   2.46; 5652 src tok/s; 5846 tgt tok/s;     15 s elapsed
Epoch 10,   150/  454; acc:  79.35; ppl:   2.40; 5758 src tok/s; 5934 tgt tok/s;     22 s elapsed
Epoch 10,   200/  454; acc:  80.36; ppl:   2.28; 5576 src tok/s; 5833 tgt tok/s;     30 s elapsed
Epoch 10,   250/  454; acc:  81.28; ppl:   2.18; 5706 src tok/s; 5936 tgt tok/s;     37 s elapsed
Epoch 10,   300/  454; acc:  78.94; ppl:   2.47; 5644 src tok/s; 5814 tgt tok/s;     45 s elapsed
Epoch 10,   350/  454; acc:  80.39; ppl:   2.31; 5703 src tok/s; 5909 tgt tok/s;     52 s elapsed
Epoch 10,   400/  454; acc:  80.34; ppl:   2.29; 5762 src tok/s; 5998 tgt tok/s;     59 s elapsed
Epoch 10,   450/  454; acc:  79.65; ppl:   2.40; 5697 src tok/s; 5914 tgt tok/s;     66 s elapsed
Train perplexity: 2.32889
Train accuracy: 80.0821
Validation perplexity: 6.20089
Validation accuracy: 69.4977
Decaying learning rate to 0.125

Epoch 11,    50/  454; acc:  82.95; ppl:   2.03; 5637 src tok/s; 5896 tgt tok/s;      7 s elapsed
Epoch 11,   100/  454; acc:  81.43; ppl:   2.20; 5756 src tok/s; 5892 tgt tok/s;     15 s elapsed
Epoch 11,   150/  454; acc:  82.81; ppl:   2.03; 5651 src tok/s; 5899 tgt tok/s;     22 s elapsed
Epoch 11,   200/  454; acc:  81.76; ppl:   2.16; 5769 src tok/s; 5952 tgt tok/s;     30 s elapsed
Epoch 11,   250/  454; acc:  81.58; ppl:   2.16; 5658 src tok/s; 5830 tgt tok/s;     37 s elapsed
Epoch 11,   300/  454; acc:  81.98; ppl:   2.11; 5530 src tok/s; 5771 tgt tok/s;     45 s elapsed
Epoch 11,   350/  454; acc:  82.68; ppl:   2.06; 5716 src tok/s; 5961 tgt tok/s;     52 s elapsed
Epoch 11,   400/  454; acc:  81.64; ppl:   2.15; 5642 src tok/s; 5880 tgt tok/s;     59 s elapsed
Epoch 11,   450/  454; acc:  81.95; ppl:   2.14; 5599 src tok/s; 5816 tgt tok/s;     67 s elapsed
Train perplexity: 2.11627
Train accuracy: 82.0729
Validation perplexity: 6.21985
Validation accuracy: 69.6892
Decaying learning rate to 0.0625

Epoch 12,    50/  454; acc:  83.85; ppl:   1.93; 5767 src tok/s; 6004 tgt tok/s;      7 s elapsed
Epoch 12,   100/  454; acc:  82.59; ppl:   2.09; 5647 src tok/s; 5844 tgt tok/s;     15 s elapsed
Epoch 12,   150/  454; acc:  83.22; ppl:   1.99; 5603 src tok/s; 5837 tgt tok/s;     22 s elapsed
Epoch 12,   200/  454; acc:  82.94; ppl:   2.03; 5529 src tok/s; 5733 tgt tok/s;     30 s elapsed
Epoch 12,   250/  454; acc:  82.49; ppl:   2.08; 5680 src tok/s; 5865 tgt tok/s;     37 s elapsed
Epoch 12,   300/  454; acc:  83.84; ppl:   1.93; 5619 src tok/s; 5852 tgt tok/s;     45 s elapsed
Epoch 12,   350/  454; acc:  83.04; ppl:   2.04; 5806 src tok/s; 5985 tgt tok/s;     52 s elapsed
Epoch 12,   400/  454; acc:  83.25; ppl:   1.99; 5566 src tok/s; 5799 tgt tok/s;     59 s elapsed
Epoch 12,   450/  454; acc:  82.45; ppl:   2.06; 5694 src tok/s; 5921 tgt tok/s;     67 s elapsed
Train perplexity: 2.01414
Train accuracy: 83.0806
Validation perplexity: 6.3033
Validation accuracy: 69.7886
Decaying learning rate to 0.03125

Epoch 13,    50/  454; acc:  83.89; ppl:   1.95; 5830 src tok/s; 6063 tgt tok/s;      7 s elapsed
Epoch 13,   100/  454; acc:  83.78; ppl:   1.93; 5770 src tok/s; 6020 tgt tok/s;     14 s elapsed
Epoch 13,   150/  454; acc:  84.34; ppl:   1.88; 5590 src tok/s; 5822 tgt tok/s;     22 s elapsed
Epoch 13,   200/  454; acc:  83.06; ppl:   2.05; 5644 src tok/s; 5869 tgt tok/s;     29 s elapsed
Epoch 13,   250/  454; acc:  84.39; ppl:   1.90; 5733 src tok/s; 5953 tgt tok/s;     37 s elapsed
Epoch 13,   300/  454; acc:  83.11; ppl:   2.00; 5741 src tok/s; 5925 tgt tok/s;     44 s elapsed
Epoch 13,   350/  454; acc:  82.46; ppl:   2.10; 5639 src tok/s; 5803 tgt tok/s;     52 s elapsed
Epoch 13,   400/  454; acc:  84.51; ppl:   1.87; 5644 src tok/s; 5881 tgt tok/s;     59 s elapsed
Epoch 13,   450/  454; acc:  83.19; ppl:   2.01; 5516 src tok/s; 5707 tgt tok/s;     66 s elapsed
Train perplexity: 1.9641
Train accuracy: 83.6399
Validation perplexity: 6.36788
Validation accuracy: 69.7531
Decaying learning rate to 0.015625

Epoch 14,    50/  454; acc:  83.40; ppl:   2.02; 5674 src tok/s; 5856 tgt tok/s;      8 s elapsed
Epoch 14,   100/  454; acc:  84.31; ppl:   1.90; 5717 src tok/s; 5963 tgt tok/s;     15 s elapsed
Epoch 14,   150/  454; acc:  84.58; ppl:   1.85; 5535 src tok/s; 5815 tgt tok/s;     22 s elapsed
Epoch 14,   200/  454; acc:  83.00; ppl:   2.03; 5735 src tok/s; 5923 tgt tok/s;     30 s elapsed
Epoch 14,   250/  454; acc:  84.73; ppl:   1.88; 5692 src tok/s; 5927 tgt tok/s;     37 s elapsed
Epoch 14,   300/  454; acc:  83.55; ppl:   1.98; 5668 src tok/s; 5853 tgt tok/s;     44 s elapsed
Epoch 14,   350/  454; acc:  83.91; ppl:   1.94; 5673 src tok/s; 5908 tgt tok/s;     52 s elapsed
Epoch 14,   400/  454; acc:  84.18; ppl:   1.93; 5574 src tok/s; 5770 tgt tok/s;     59 s elapsed
Epoch 14,   450/  454; acc:  83.55; ppl:   1.97; 5563 src tok/s; 5745 tgt tok/s;     67 s elapsed
Train perplexity: 1.9427
Train accuracy: 83.929
Validation perplexity: 6.38412
Validation accuracy: 69.8595
Decaying learning rate to 0.0078125

Epoch 15,    50/  454; acc:  85.81; ppl:   1.78; 5731 src tok/s; 6001 tgt tok/s;      7 s elapsed
Epoch 15,   100/  454; acc:  82.36; ppl:   2.09; 5701 src tok/s; 5858 tgt tok/s;     15 s elapsed
Epoch 15,   150/  454; acc:  85.47; ppl:   1.82; 5663 src tok/s; 5939 tgt tok/s;     22 s elapsed
Epoch 15,   200/  454; acc:  83.20; ppl:   2.03; 5726 src tok/s; 5892 tgt tok/s;     29 s elapsed
Epoch 15,   250/  454; acc:  83.57; ppl:   1.98; 5714 src tok/s; 5903 tgt tok/s;     37 s elapsed
Epoch 15,   300/  454; acc:  84.62; ppl:   1.87; 5704 src tok/s; 5916 tgt tok/s;     44 s elapsed
Epoch 15,   350/  454; acc:  83.25; ppl:   2.00; 5712 src tok/s; 5887 tgt tok/s;     52 s elapsed
Epoch 15,   400/  454; acc:  85.07; ppl:   1.83; 5515 src tok/s; 5796 tgt tok/s;     59 s elapsed
Epoch 15,   450/  454; acc:  83.81; ppl:   1.96; 5528 src tok/s; 5767 tgt tok/s;     66 s elapsed
Train perplexity: 1.93127
Train accuracy: 84.069
Validation perplexity: 6.38366
Validation accuracy: 69.8098
Decaying learning rate to 0.00390625

Epoch 16,    50/  454; acc:  84.12; ppl:   1.92; 5797 src tok/s; 6000 tgt tok/s;      7 s elapsed
Epoch 16,   100/  454; acc:  84.22; ppl:   1.91; 5730 src tok/s; 5976 tgt tok/s;     14 s elapsed
Epoch 16,   150/  454; acc:  84.30; ppl:   1.90; 5661 src tok/s; 5903 tgt tok/s;     22 s elapsed
Epoch 16,   200/  454; acc:  84.10; ppl:   1.93; 5622 src tok/s; 5814 tgt tok/s;     29 s elapsed
Epoch 16,   250/  454; acc:  83.98; ppl:   1.95; 5780 src tok/s; 5966 tgt tok/s;     37 s elapsed
Epoch 16,   300/  454; acc:  84.17; ppl:   1.92; 5622 src tok/s; 5863 tgt tok/s;     44 s elapsed
Epoch 16,   350/  454; acc:  83.42; ppl:   2.01; 5637 src tok/s; 5815 tgt tok/s;     52 s elapsed
Epoch 16,   400/  454; acc:  84.53; ppl:   1.87; 5586 src tok/s; 5823 tgt tok/s;     59 s elapsed
Epoch 16,   450/  454; acc:  84.18; ppl:   1.90; 5623 src tok/s; 5848 tgt tok/s;     66 s elapsed
Train perplexity: 1.92582
Train accuracy: 84.0945
Validation perplexity: 6.39209
Validation accuracy: 69.7815
Decaying learning rate to 0.00195312

Epoch 17,    50/  454; acc:  84.88; ppl:   1.84; 5714 src tok/s; 5954 tgt tok/s;      7 s elapsed
Epoch 17,   100/  454; acc:  83.80; ppl:   1.97; 5650 src tok/s; 5873 tgt tok/s;     15 s elapsed
Epoch 17,   150/  454; acc:  84.46; ppl:   1.88; 5642 src tok/s; 5857 tgt tok/s;     22 s elapsed
Epoch 17,   200/  454; acc:  83.72; ppl:   1.94; 5764 src tok/s; 5941 tgt tok/s;     29 s elapsed
Epoch 17,   250/  454; acc:  84.63; ppl:   1.85; 5746 src tok/s; 5985 tgt tok/s;     37 s elapsed
Epoch 17,   300/  454; acc:  83.06; ppl:   2.02; 5730 src tok/s; 5940 tgt tok/s;     44 s elapsed
Epoch 17,   350/  454; acc:  84.06; ppl:   1.94; 5662 src tok/s; 5847 tgt tok/s;     52 s elapsed
Epoch 17,   400/  454; acc:  84.27; ppl:   1.92; 5728 src tok/s; 5975 tgt tok/s;     59 s elapsed
Epoch 17,   450/  454; acc:  84.15; ppl:   1.91; 5569 src tok/s; 5774 tgt tok/s;     66 s elapsed
Train perplexity: 1.91876
Train accuracy: 84.1064
Validation perplexity: 6.39716
Validation accuracy: 69.7744
Decaying learning rate to 0.000976562
