<module 'opts' from '/u/suhubdyd/research/projects/jumble_lstm/code/auxiliary-nmt/opts.pyc'>
Namespace(batch_size=64, brnn=False, brnn_merge='concat', cnn_kernel_width=3, context_gate=None, copy_attn=False, copy_attn_force=False, coverage_attn=False, data='/data/lisatmp3/suhubdyd/multi30k.atok.low', dec_layers=1, decay_method='', decoder_type='rnn', dropout=0.3, enc_layers=2, encoder_type='rnn', epochs=17, exp='', exp_host='', feat_merge='concat', feat_vec_exponent=0.7, feat_vec_size=-1, fix_word_vecs_dec=False, fix_word_vecs_enc=False, global_attention='general', gpuid=[0], input_feed=1, kappa_dec=0.25, kappa_enc=0.3, lambda_coverage=1, layers=-1, learning_rate=1.0, learning_rate_decay=0.5, max_generator_batches=32, max_grad_norm=5, model_type='text', optim='sgd', param_init=0.1, position_encoding=False, pre_word_vecs_dec=None, pre_word_vecs_enc=None, report_every=50, rnn_size=500, rnn_type='LSTM', save_model='/data/lisatmp3/suhubdyd/models/encoder0.30decoder0.25dropout0.3wdropFalse', seed=-1, share_decoder_embeddings=False, share_embeddings=False, src_word_vec_size=500, start_checkpoint_at=0, start_decay_at=8, start_epoch=1, tgt_word_vec_size=500, train_from='', truncated_decoder=0, warmup_steps=4000, weightdropout=False, word_vec_size=-1)
('Using Kappa L2 loss on encoder', 0.3)
('Using Kappa L2 loss on decoder', 0.25)
Loading train and validate data from '/data/lisatmp3/suhubdyd/multi30k.atok.low'
 * number of training sentences: 29000
 * maximum batch size: 64
 * vocabulary size. source = 10841; target = 18563
Building model...
Intializing model parameters.
NMTModel (
  (encoder): RNNEncoder (
    (embeddings): Embeddings (
      (make_embedding): Sequential (
        (emb_luts): Elementwise (
          (0): Embedding(10841, 500, padding_idx=1)
        )
      )
    )
    (dropout): Dropout (p = 0.3)
    (rnn): LSTM(500, 500, dropout=0.3)
  )
  (decoder): InputFeedRNNDecoder (
    (embeddings): Embeddings (
      (make_embedding): Sequential (
        (emb_luts): Elementwise (
          (0): Embedding(18563, 500, padding_idx=1)
        )
      )
    )
    (dropout): Dropout (p = 0.3)
    (rnn): StackedLSTM (
      (dropout): Dropout (p = 0.3)
      (layers): ModuleList (
        (0): LSTMCell(1000, 500)
      )
    )
    (attn): GlobalAttention (
      (linear_in): Linear (500 -> 500)
      (linear_out): Linear (1000 -> 500)
      (sm): Softmax ()
      (tanh): Tanh ()
    )
  )
  (generator): Sequential (
    (0): Linear (500 -> 18563)
    (1): LogSoftmax ()
  )
)
* number of parameters: 29760063
('encoder: ', 7424500)
('decoder: ', 22335563)

Epoch  1,    50/  454; acc:   8.62; ppl: 13479.11; 3266 src tok/s; 3418 tgt tok/s;     12 s elapsed
Epoch  1,   100/  454; acc:  15.25; ppl: 1373.39; 3461 src tok/s; 3561 tgt tok/s;     25 s elapsed
Epoch  1,   150/  454; acc:  18.45; ppl: 465.21; 3479 src tok/s; 3614 tgt tok/s;     37 s elapsed
Epoch  1,   200/  454; acc:  21.24; ppl: 268.47; 3463 src tok/s; 3592 tgt tok/s;     49 s elapsed
Epoch  1,   250/  454; acc:  24.47; ppl: 171.75; 3413 src tok/s; 3526 tgt tok/s;     61 s elapsed
Epoch  1,   300/  454; acc:  28.25; ppl: 118.00; 3400 src tok/s; 3549 tgt tok/s;     74 s elapsed
Epoch  1,   350/  454; acc:  30.72; ppl:  86.71; 3432 src tok/s; 3590 tgt tok/s;     86 s elapsed
Epoch  1,   400/  454; acc:  30.72; ppl:  85.39; 3378 src tok/s; 3478 tgt tok/s;     98 s elapsed
Epoch  1,   450/  454; acc:  32.77; ppl:  69.42; 3358 src tok/s; 3481 tgt tok/s;    111 s elapsed
Train perplexity: 299.671
Train accuracy: 23.5023
Validation perplexity: 61.7737
Validation accuracy: 34.8517

Epoch  2,    50/  454; acc:  34.69; ppl:  56.82; 3362 src tok/s; 3477 tgt tok/s;     13 s elapsed
Epoch  2,   100/  454; acc:  39.50; ppl:  41.74; 3360 src tok/s; 3501 tgt tok/s;     25 s elapsed
Epoch  2,   150/  454; acc:  41.19; ppl:  37.04; 3305 src tok/s; 3440 tgt tok/s;     37 s elapsed
Epoch  2,   200/  454; acc:  42.51; ppl:  33.57; 3319 src tok/s; 3455 tgt tok/s;     50 s elapsed
Epoch  2,   250/  454; acc:  46.41; ppl:  25.94; 3267 src tok/s; 3381 tgt tok/s;     63 s elapsed
Epoch  2,   300/  454; acc:  46.53; ppl:  25.29; 3212 src tok/s; 3341 tgt tok/s;     76 s elapsed
Epoch  2,   350/  454; acc:  49.43; ppl:  21.40; 3288 src tok/s; 3422 tgt tok/s;     89 s elapsed
Epoch  2,   400/  454; acc:  49.46; ppl:  20.74; 3385 src tok/s; 3489 tgt tok/s;    101 s elapsed
Epoch  2,   450/  454; acc:  50.98; ppl:  19.34; 3188 src tok/s; 3298 tgt tok/s;    114 s elapsed
Train perplexity: 29.3345
Train accuracy: 44.5845
Validation perplexity: 15.7355
Validation accuracy: 53.0509

Epoch  3,    50/  454; acc:  54.51; ppl:  14.31; 3327 src tok/s; 3462 tgt tok/s;     13 s elapsed
Epoch  3,   100/  454; acc:  54.29; ppl:  14.67; 3261 src tok/s; 3387 tgt tok/s;     25 s elapsed
Epoch  3,   150/  454; acc:  56.28; ppl:  12.81; 3271 src tok/s; 3400 tgt tok/s;     38 s elapsed
Epoch  3,   200/  454; acc:  54.89; ppl:  14.23; 3306 src tok/s; 3403 tgt tok/s;     51 s elapsed
Epoch  3,   250/  454; acc:  56.45; ppl:  12.68; 3260 src tok/s; 3381 tgt tok/s;     64 s elapsed
Epoch  3,   300/  454; acc:  58.37; ppl:  11.14; 3219 src tok/s; 3357 tgt tok/s;     77 s elapsed
Epoch  3,   350/  454; acc:  57.88; ppl:  11.63; 3302 src tok/s; 3426 tgt tok/s;     90 s elapsed
Epoch  3,   400/  454; acc:  58.73; ppl:  11.18; 3235 src tok/s; 3357 tgt tok/s;    103 s elapsed
Epoch  3,   450/  454; acc:  58.91; ppl:  10.86; 3233 src tok/s; 3364 tgt tok/s;    115 s elapsed
Train perplexity: 12.5391
Train accuracy: 56.6948
Validation perplexity: 10.6376
Validation accuracy: 58.5143

Epoch  4,    50/  454; acc:  60.89; ppl:   8.86; 3266 src tok/s; 3399 tgt tok/s;     13 s elapsed
Epoch  4,   100/  454; acc:  61.69; ppl:   8.49; 3217 src tok/s; 3341 tgt tok/s;     26 s elapsed
Epoch  4,   150/  454; acc:  60.77; ppl:   9.07; 3251 src tok/s; 3362 tgt tok/s;     39 s elapsed
Epoch  4,   200/  454; acc:  62.27; ppl:   8.17; 3166 src tok/s; 3306 tgt tok/s;     52 s elapsed
Epoch  4,   250/  454; acc:  62.01; ppl:   8.13; 3328 src tok/s; 3449 tgt tok/s;     65 s elapsed
Epoch  4,   300/  454; acc:  61.74; ppl:   8.58; 3261 src tok/s; 3382 tgt tok/s;     78 s elapsed
Epoch  4,   350/  454; acc:  64.05; ppl:   7.30; 3194 src tok/s; 3342 tgt tok/s;     90 s elapsed
Epoch  4,   400/  454; acc:  61.44; ppl:   8.49; 3319 src tok/s; 3410 tgt tok/s;    103 s elapsed
Epoch  4,   450/  454; acc:  62.86; ppl:   7.94; 3250 src tok/s; 3374 tgt tok/s;    116 s elapsed
Train perplexity: 8.33298
Train accuracy: 61.9465
Validation perplexity: 8.3216
Validation accuracy: 62.7075

Epoch  5,    50/  454; acc:  65.12; ppl:   6.34; 3284 src tok/s; 3402 tgt tok/s;     13 s elapsed
Epoch  5,   100/  454; acc:  65.37; ppl:   6.20; 3195 src tok/s; 3333 tgt tok/s;     26 s elapsed
Epoch  5,   150/  454; acc:  64.68; ppl:   6.54; 3309 src tok/s; 3403 tgt tok/s;     39 s elapsed
Epoch  5,   200/  454; acc:  65.97; ppl:   6.08; 3230 src tok/s; 3373 tgt tok/s;     52 s elapsed
Epoch  5,   250/  454; acc:  64.90; ppl:   6.45; 3318 src tok/s; 3426 tgt tok/s;     64 s elapsed
Epoch  5,   300/  454; acc:  65.25; ppl:   6.29; 3182 src tok/s; 3317 tgt tok/s;     77 s elapsed
Epoch  5,   350/  454; acc:  65.82; ppl:   6.14; 3250 src tok/s; 3378 tgt tok/s;     90 s elapsed
Epoch  5,   400/  454; acc:  64.96; ppl:   6.46; 3219 src tok/s; 3335 tgt tok/s;    103 s elapsed
Epoch  5,   450/  454; acc:  66.02; ppl:   6.13; 3261 src tok/s; 3383 tgt tok/s;    116 s elapsed
Train perplexity: 6.29195
Train accuracy: 65.3431
Validation perplexity: 7.30615
Validation accuracy: 65.1767

Epoch  6,    50/  454; acc:  69.26; ppl:   4.79; 3373 src tok/s; 3504 tgt tok/s;     12 s elapsed
Epoch  6,   100/  454; acc:  67.11; ppl:   5.25; 3220 src tok/s; 3345 tgt tok/s;     26 s elapsed
Epoch  6,   150/  454; acc:  67.90; ppl:   5.06; 3179 src tok/s; 3292 tgt tok/s;     39 s elapsed
Epoch  6,   200/  454; acc:  67.73; ppl:   5.21; 3267 src tok/s; 3396 tgt tok/s;     51 s elapsed
Epoch  6,   250/  454; acc:  67.11; ppl:   5.36; 3291 src tok/s; 3380 tgt tok/s;     65 s elapsed
Epoch  6,   300/  454; acc:  68.14; ppl:   5.01; 3141 src tok/s; 3279 tgt tok/s;     77 s elapsed
Epoch  6,   350/  454; acc:  66.57; ppl:   5.48; 3321 src tok/s; 3410 tgt tok/s;     91 s elapsed
Epoch  6,   400/  454; acc:  69.70; ppl:   4.62; 3226 src tok/s; 3396 tgt tok/s;    103 s elapsed
Epoch  6,   450/  454; acc:  67.59; ppl:   5.18; 3210 src tok/s; 3336 tgt tok/s;    116 s elapsed
Train perplexity: 5.10282
Train accuracy: 67.8807
Validation perplexity: 6.71282
Validation accuracy: 67.2485

Epoch  7,    50/  454; acc:  72.58; ppl:   3.69; 3260 src tok/s; 3422 tgt tok/s;     12 s elapsed
Epoch  7,   100/  454; acc:  69.07; ppl:   4.51; 3330 src tok/s; 3405 tgt tok/s;     25 s elapsed
Epoch  7,   150/  454; acc:  70.08; ppl:   4.29; 3280 src tok/s; 3401 tgt tok/s;     38 s elapsed
Epoch  7,   200/  454; acc:  70.09; ppl:   4.22; 3230 src tok/s; 3372 tgt tok/s;     51 s elapsed
Epoch  7,   250/  454; acc:  70.35; ppl:   4.19; 3163 src tok/s; 3306 tgt tok/s;     64 s elapsed
Epoch  7,   300/  454; acc:  69.11; ppl:   4.52; 3223 src tok/s; 3336 tgt tok/s;     77 s elapsed
Epoch  7,   350/  454; acc:  70.03; ppl:   4.27; 3316 src tok/s; 3441 tgt tok/s;     90 s elapsed
Epoch  7,   400/  454; acc:  68.92; ppl:   4.64; 3241 src tok/s; 3350 tgt tok/s;    103 s elapsed
Epoch  7,   450/  454; acc:  69.93; ppl:   4.29; 3197 src tok/s; 3331 tgt tok/s;    116 s elapsed
Train perplexity: 4.30371
Train accuracy: 69.9259
Validation perplexity: 6.37574
Validation accuracy: 67.3194

Epoch  8,    50/  454; acc:  72.07; ppl:   3.66; 3359 src tok/s; 3454 tgt tok/s;     13 s elapsed
Epoch  8,   100/  454; acc:  73.66; ppl:   3.32; 3299 src tok/s; 3446 tgt tok/s;     25 s elapsed
Epoch  8,   150/  454; acc:  71.81; ppl:   3.70; 3224 src tok/s; 3339 tgt tok/s;     39 s elapsed
Epoch  8,   200/  454; acc:  72.30; ppl:   3.68; 3232 src tok/s; 3374 tgt tok/s;     51 s elapsed
Epoch  8,   250/  454; acc:  71.66; ppl:   3.72; 3289 src tok/s; 3403 tgt tok/s;     64 s elapsed
Epoch  8,   300/  454; acc:  71.51; ppl:   3.78; 3222 src tok/s; 3355 tgt tok/s;     77 s elapsed
Epoch  8,   350/  454; acc:  70.16; ppl:   4.08; 3319 src tok/s; 3425 tgt tok/s;     90 s elapsed
Epoch  8,   400/  454; acc:  71.99; ppl:   3.68; 3193 src tok/s; 3336 tgt tok/s;    103 s elapsed
Epoch  8,   450/  454; acc:  71.00; ppl:   3.88; 3181 src tok/s; 3308 tgt tok/s;    116 s elapsed
Train perplexity: 3.72465
Train accuracy: 71.7577
Validation perplexity: 6.45079
Validation accuracy: 67.8729
Decaying learning rate to 0.5

Epoch  9,    50/  454; acc:  75.84; ppl:   2.92; 3315 src tok/s; 3427 tgt tok/s;     13 s elapsed
Epoch  9,   100/  454; acc:  77.18; ppl:   2.76; 3261 src tok/s; 3370 tgt tok/s;     26 s elapsed
Epoch  9,   150/  454; acc:  76.67; ppl:   2.81; 3193 src tok/s; 3322 tgt tok/s;     39 s elapsed
Epoch  9,   200/  454; acc:  76.50; ppl:   2.83; 3261 src tok/s; 3383 tgt tok/s;     52 s elapsed
Epoch  9,   250/  454; acc:  76.64; ppl:   2.77; 3192 src tok/s; 3308 tgt tok/s;     65 s elapsed
Epoch  9,   300/  454; acc:  76.91; ppl:   2.77; 3315 src tok/s; 3435 tgt tok/s;     77 s elapsed
Epoch  9,   350/  454; acc:  76.81; ppl:   2.75; 3225 src tok/s; 3355 tgt tok/s;     90 s elapsed
Epoch  9,   400/  454; acc:  76.32; ppl:   2.82; 3209 src tok/s; 3335 tgt tok/s;    103 s elapsed
Epoch  9,   450/  454; acc:  76.01; ppl:   2.89; 3237 src tok/s; 3364 tgt tok/s;    116 s elapsed
Train perplexity: 2.81473
Train accuracy: 76.53
Validation perplexity: 6.09387
Validation accuracy: 69.1145
Decaying learning rate to 0.25

Epoch 10,    50/  454; acc:  79.12; ppl:   2.47; 3313 src tok/s; 3414 tgt tok/s;     13 s elapsed
Epoch 10,   100/  454; acc:  81.26; ppl:   2.18; 3269 src tok/s; 3408 tgt tok/s;     25 s elapsed
Epoch 10,   150/  454; acc:  80.78; ppl:   2.25; 3249 src tok/s; 3404 tgt tok/s;     38 s elapsed
Epoch 10,   200/  454; acc:  78.81; ppl:   2.48; 3295 src tok/s; 3403 tgt tok/s;     51 s elapsed
Epoch 10,   250/  454; acc:  79.51; ppl:   2.37; 3296 src tok/s; 3396 tgt tok/s;     65 s elapsed
Epoch 10,   300/  454; acc:  80.55; ppl:   2.25; 3204 src tok/s; 3349 tgt tok/s;     77 s elapsed
Epoch 10,   350/  454; acc:  79.65; ppl:   2.35; 3168 src tok/s; 3311 tgt tok/s;     90 s elapsed
Epoch 10,   400/  454; acc:  79.74; ppl:   2.38; 3328 src tok/s; 3431 tgt tok/s;    103 s elapsed
Epoch 10,   450/  454; acc:  80.05; ppl:   2.32; 3230 src tok/s; 3351 tgt tok/s;    116 s elapsed
Train perplexity: 2.33643
Train accuracy: 79.946
Validation perplexity: 6.13642
Validation accuracy: 69.4622
Decaying learning rate to 0.125

Epoch 11,    50/  454; acc:  82.62; ppl:   2.06; 3363 src tok/s; 3502 tgt tok/s;     12 s elapsed
Epoch 11,   100/  454; acc:  81.68; ppl:   2.16; 3209 src tok/s; 3317 tgt tok/s;     26 s elapsed
Epoch 11,   150/  454; acc:  82.59; ppl:   2.06; 3296 src tok/s; 3402 tgt tok/s;     38 s elapsed
Epoch 11,   200/  454; acc:  81.77; ppl:   2.15; 3278 src tok/s; 3407 tgt tok/s;     51 s elapsed
Epoch 11,   250/  454; acc:  81.94; ppl:   2.12; 3266 src tok/s; 3398 tgt tok/s;     64 s elapsed
Epoch 11,   300/  454; acc:  81.88; ppl:   2.13; 3183 src tok/s; 3307 tgt tok/s;     77 s elapsed
Epoch 11,   350/  454; acc:  80.99; ppl:   2.24; 3344 src tok/s; 3438 tgt tok/s;     90 s elapsed
Epoch 11,   400/  454; acc:  82.83; ppl:   2.01; 3256 src tok/s; 3412 tgt tok/s;    103 s elapsed
Epoch 11,   450/  454; acc:  81.83; ppl:   2.15; 3182 src tok/s; 3309 tgt tok/s;    115 s elapsed
Train perplexity: 2.11937
Train accuracy: 81.9984
Validation perplexity: 6.23809
Validation accuracy: 69.4693
Decaying learning rate to 0.0625

Epoch 12,    50/  454; acc:  83.21; ppl:   2.00; 3328 src tok/s; 3440 tgt tok/s;     13 s elapsed
Epoch 12,   100/  454; acc:  83.52; ppl:   1.98; 3242 src tok/s; 3375 tgt tok/s;     26 s elapsed
Epoch 12,   150/  454; acc:  85.10; ppl:   1.83; 3238 src tok/s; 3413 tgt tok/s;     37 s elapsed
Epoch 12,   200/  454; acc:  81.51; ppl:   2.19; 3316 src tok/s; 3399 tgt tok/s;     51 s elapsed
Epoch 12,   250/  454; acc:  82.32; ppl:   2.09; 3361 src tok/s; 3456 tgt tok/s;     64 s elapsed
Epoch 12,   300/  454; acc:  83.99; ppl:   1.92; 3190 src tok/s; 3339 tgt tok/s;     77 s elapsed
Epoch 12,   350/  454; acc:  83.37; ppl:   2.00; 3180 src tok/s; 3305 tgt tok/s;     89 s elapsed
Epoch 12,   400/  454; acc:  82.35; ppl:   2.08; 3275 src tok/s; 3400 tgt tok/s;    103 s elapsed
Epoch 12,   450/  454; acc:  83.13; ppl:   1.99; 3187 src tok/s; 3323 tgt tok/s;    115 s elapsed
Train perplexity: 2.01654
Train accuracy: 83.0634
Validation perplexity: 6.29948
Validation accuracy: 69.5828
Decaying learning rate to 0.03125

Epoch 13,    50/  454; acc:  83.58; ppl:   1.98; 3327 src tok/s; 3440 tgt tok/s;     13 s elapsed
Epoch 13,   100/  454; acc:  83.54; ppl:   1.97; 3261 src tok/s; 3390 tgt tok/s;     26 s elapsed
Epoch 13,   150/  454; acc:  82.87; ppl:   2.04; 3277 src tok/s; 3386 tgt tok/s;     39 s elapsed
Epoch 13,   200/  454; acc:  84.27; ppl:   1.91; 3264 src tok/s; 3390 tgt tok/s;     51 s elapsed
Epoch 13,   250/  454; acc:  84.73; ppl:   1.86; 3182 src tok/s; 3334 tgt tok/s;     63 s elapsed
Epoch 13,   300/  454; acc:  82.68; ppl:   2.06; 3267 src tok/s; 3378 tgt tok/s;     77 s elapsed
Epoch 13,   350/  454; acc:  83.36; ppl:   1.98; 3327 src tok/s; 3442 tgt tok/s;     90 s elapsed
Epoch 13,   400/  454; acc:  83.51; ppl:   1.95; 3218 src tok/s; 3357 tgt tok/s;    103 s elapsed
Epoch 13,   450/  454; acc:  83.61; ppl:   1.96; 3191 src tok/s; 3312 tgt tok/s;    116 s elapsed
Train perplexity: 1.9682
Train accuracy: 83.5493
Validation perplexity: 6.34072
Validation accuracy: 69.5828
Decaying learning rate to 0.015625

Epoch 14,    50/  454; acc:  83.93; ppl:   1.95; 3313 src tok/s; 3418 tgt tok/s;     13 s elapsed
Epoch 14,   100/  454; acc:  83.99; ppl:   1.95; 3268 src tok/s; 3407 tgt tok/s;     25 s elapsed
Epoch 14,   150/  454; acc:  83.94; ppl:   1.96; 3305 src tok/s; 3404 tgt tok/s;     38 s elapsed
Epoch 14,   200/  454; acc:  84.18; ppl:   1.93; 3233 src tok/s; 3349 tgt tok/s;     51 s elapsed
Epoch 14,   250/  454; acc:  84.05; ppl:   1.92; 3180 src tok/s; 3348 tgt tok/s;     64 s elapsed
Epoch 14,   300/  454; acc:  83.34; ppl:   1.99; 3315 src tok/s; 3411 tgt tok/s;     77 s elapsed
Epoch 14,   350/  454; acc:  84.95; ppl:   1.84; 3188 src tok/s; 3345 tgt tok/s;     89 s elapsed
Epoch 14,   400/  454; acc:  83.07; ppl:   2.00; 3277 src tok/s; 3373 tgt tok/s;    103 s elapsed
Epoch 14,   450/  454; acc:  83.70; ppl:   1.97; 3179 src tok/s; 3316 tgt tok/s;    116 s elapsed
Train perplexity: 1.94428
Train accuracy: 83.9135
Validation perplexity: 6.36967
Validation accuracy: 69.5544
Decaying learning rate to 0.0078125

Epoch 15,    50/  454; acc:  84.63; ppl:   1.88; 3282 src tok/s; 3409 tgt tok/s;     12 s elapsed
Epoch 15,   100/  454; acc:  83.65; ppl:   1.95; 3317 src tok/s; 3422 tgt tok/s;     25 s elapsed
Epoch 15,   150/  454; acc:  83.75; ppl:   1.97; 3258 src tok/s; 3369 tgt tok/s;     38 s elapsed
Epoch 15,   200/  454; acc:  84.32; ppl:   1.90; 3207 src tok/s; 3345 tgt tok/s;     51 s elapsed
Epoch 15,   250/  454; acc:  84.03; ppl:   1.93; 3182 src tok/s; 3322 tgt tok/s;     64 s elapsed
Epoch 15,   300/  454; acc:  84.03; ppl:   1.93; 3258 src tok/s; 3372 tgt tok/s;     77 s elapsed
Epoch 15,   350/  454; acc:  84.36; ppl:   1.90; 3252 src tok/s; 3386 tgt tok/s;     90 s elapsed
Epoch 15,   400/  454; acc:  83.08; ppl:   2.01; 3220 src tok/s; 3340 tgt tok/s;    103 s elapsed
Epoch 15,   450/  454; acc:  83.73; ppl:   1.96; 3221 src tok/s; 3332 tgt tok/s;    116 s elapsed
Train perplexity: 1.93318
Train accuracy: 83.9728
Validation perplexity: 6.37935
Validation accuracy: 69.5331
Decaying learning rate to 0.00390625

Epoch 16,    50/  454; acc:  83.71; ppl:   1.96; 3257 src tok/s; 3366 tgt tok/s;     13 s elapsed
Epoch 16,   100/  454; acc:  84.25; ppl:   1.88; 3239 src tok/s; 3363 tgt tok/s;     26 s elapsed
Epoch 16,   150/  454; acc:  84.03; ppl:   1.95; 3199 src tok/s; 3330 tgt tok/s;     39 s elapsed
Epoch 16,   200/  454; acc:  84.47; ppl:   1.88; 3199 src tok/s; 3359 tgt tok/s;     52 s elapsed
Epoch 16,   250/  454; acc:  84.10; ppl:   1.93; 3243 src tok/s; 3358 tgt tok/s;     65 s elapsed
Epoch 16,   300/  454; acc:  83.72; ppl:   1.97; 3218 src tok/s; 3337 tgt tok/s;     78 s elapsed
Epoch 16,   350/  454; acc:  83.03; ppl:   2.04; 3310 src tok/s; 3417 tgt tok/s;     91 s elapsed
Epoch 16,   400/  454; acc:  85.46; ppl:   1.81; 3238 src tok/s; 3367 tgt tok/s;    104 s elapsed
Epoch 16,   450/  454; acc:  84.17; ppl:   1.91; 3223 src tok/s; 3338 tgt tok/s;    116 s elapsed
Train perplexity: 1.92933
Train accuracy: 84.058
Validation perplexity: 6.38766
Validation accuracy: 69.5615
Decaying learning rate to 0.00195312

Epoch 17,    50/  454; acc:  84.86; ppl:   1.85; 3209 src tok/s; 3356 tgt tok/s;     12 s elapsed
Epoch 17,   100/  454; acc:  83.54; ppl:   1.97; 3303 src tok/s; 3393 tgt tok/s;     26 s elapsed
Epoch 17,   150/  454; acc:  84.09; ppl:   1.92; 3293 src tok/s; 3422 tgt tok/s;     39 s elapsed
Epoch 17,   200/  454; acc:  84.12; ppl:   1.93; 3203 src tok/s; 3309 tgt tok/s;     52 s elapsed
Epoch 17,   250/  454; acc:  83.70; ppl:   1.94; 3265 src tok/s; 3366 tgt tok/s;     65 s elapsed
Epoch 17,   300/  454; acc:  84.41; ppl:   1.91; 3255 src tok/s; 3381 tgt tok/s;     77 s elapsed
Epoch 17,   350/  454; acc:  83.33; ppl:   2.01; 3258 src tok/s; 3376 tgt tok/s;     90 s elapsed
Epoch 17,   400/  454; acc:  84.90; ppl:   1.87; 3210 src tok/s; 3358 tgt tok/s;    103 s elapsed
Epoch 17,   450/  454; acc:  84.35; ppl:   1.89; 3109 src tok/s; 3255 tgt tok/s;    116 s elapsed
Train perplexity: 1.92145
Train accuracy: 84.1267
Validation perplexity: 6.39046
Validation accuracy: 69.5331
Decaying learning rate to 0.000976562
