<module 'opts' from '/u/suhubdyd/research/projects/jumble_lstm/code/auxiliary-nmt/opts.pyc'>
Namespace(batch_size=64, brnn=False, brnn_merge='concat', cnn_kernel_width=3, context_gate=None, copy_attn=False, copy_attn_force=False, coverage_attn=False, data='/data/lisatmp3/suhubdyd/multi30k.atok.low', dec_layers=1, decay_method='', decoder_type='rnn', dropout=0.2, enc_layers=2, encoder_type='rnn', epochs=17, exp='', exp_host='', feat_merge='concat', feat_vec_exponent=0.7, feat_vec_size=-1, fix_word_vecs_dec=False, fix_word_vecs_enc=False, global_attention='general', gpuid=[0], input_feed=1, kappa_dec=0.0, kappa_enc=0.15, lambda_coverage=1, layers=-1, learning_rate=1.0, learning_rate_decay=0.5, max_generator_batches=32, max_grad_norm=5, model_type='text', optim='sgd', param_init=0.1, position_encoding=False, pre_word_vecs_dec=None, pre_word_vecs_enc=None, report_every=50, rnn_size=500, rnn_type='LSTM', save_model='/data/lisatmp3/suhubdyd/models/encoder0.15_decoder0_dropout0.2', seed=-1, share_decoder_embeddings=False, share_embeddings=False, src_word_vec_size=500, start_checkpoint_at=0, start_decay_at=8, start_epoch=1, tgt_word_vec_size=500, train_from='', truncated_decoder=0, warmup_steps=4000, word_vec_size=-1)
('Using Kappa L2 loss on encoder', 0.15)
Loading train and validate data from '/data/lisatmp3/suhubdyd/multi30k.atok.low'
 * number of training sentences: 29000
 * maximum batch size: 64
 * vocabulary size. source = 10841; target = 18563
Building model...
Intializing model parameters.
NMTModel (
  (encoder): RNNEncoder (
    (embeddings): Embeddings (
      (make_embedding): Sequential (
        (emb_luts): Elementwise (
          (0): Embedding(10841, 500, padding_idx=1)
        )
      )
    )
    (dropout): Dropout (p = 0.2)
    (rnn): LSTM(500, 500, dropout=0.2)
  )
  (decoder): InputFeedRNNDecoder (
    (embeddings): Embeddings (
      (make_embedding): Sequential (
        (emb_luts): Elementwise (
          (0): Embedding(18563, 500, padding_idx=1)
        )
      )
    )
    (dropout): Dropout (p = 0.2)
    (rnn): StackedLSTM (
      (dropout): Dropout (p = 0.2)
      (layers): ModuleList (
        (0): LSTMCell(1000, 500)
      )
    )
    (attn): GlobalAttention (
      (linear_in): Linear (500 -> 500)
      (linear_out): Linear (1000 -> 500)
      (sm): Softmax ()
      (tanh): Tanh ()
    )
  )
  (generator): Sequential (
    (0): Linear (500 -> 18563)
    (1): LogSoftmax ()
  )
)
* number of parameters: 29760063
('encoder: ', 7424500)
('decoder: ', 22335563)

Epoch  1,    50/  454; acc:   8.32; ppl: 23145.49; 6084 src tok/s; 6313 tgt tok/s;      7 s elapsed
Epoch  1,   100/  454; acc:  14.37; ppl: 1966.22; 6744 src tok/s; 7033 tgt tok/s;     13 s elapsed
Epoch  1,   150/  454; acc:  17.19; ppl: 522.06; 6847 src tok/s; 7059 tgt tok/s;     20 s elapsed
Epoch  1,   200/  454; acc:  21.81; ppl: 273.56; 6786 src tok/s; 7076 tgt tok/s;     25 s elapsed
Epoch  1,   250/  454; acc:  24.86; ppl: 167.70; 6833 src tok/s; 7143 tgt tok/s;     31 s elapsed
Epoch  1,   300/  454; acc:  26.66; ppl: 130.27; 6955 src tok/s; 7177 tgt tok/s;     38 s elapsed
Epoch  1,   350/  454; acc:  30.86; ppl:  90.26; 6787 src tok/s; 7104 tgt tok/s;     43 s elapsed
Epoch  1,   400/  454; acc:  30.63; ppl:  82.28; 6828 src tok/s; 7016 tgt tok/s;     50 s elapsed
Epoch  1,   450/  454; acc:  32.69; ppl:  67.29; 6676 src tok/s; 6926 tgt tok/s;     56 s elapsed
Train perplexity: 344.964
Train accuracy: 23.0902
Validation perplexity: 57.6618
Validation accuracy: 36.0508

Epoch  2,    50/  454; acc:  36.09; ppl:  50.55; 6544 src tok/s; 6870 tgt tok/s;      6 s elapsed
Epoch  2,   100/  454; acc:  36.56; ppl:  49.64; 7022 src tok/s; 7229 tgt tok/s;     12 s elapsed
Epoch  2,   150/  454; acc:  38.88; ppl:  42.13; 6797 src tok/s; 7012 tgt tok/s;     19 s elapsed
Epoch  2,   200/  454; acc:  44.15; ppl:  30.18; 6655 src tok/s; 6938 tgt tok/s;     25 s elapsed
Epoch  2,   250/  454; acc:  44.98; ppl:  28.06; 6944 src tok/s; 7223 tgt tok/s;     31 s elapsed
Epoch  2,   300/  454; acc:  46.41; ppl:  25.11; 6872 src tok/s; 7121 tgt tok/s;     37 s elapsed
Epoch  2,   350/  454; acc:  48.22; ppl:  22.10; 6713 src tok/s; 6961 tgt tok/s;     43 s elapsed
Epoch  2,   400/  454; acc:  50.88; ppl:  18.96; 6826 src tok/s; 7095 tgt tok/s;     49 s elapsed
Epoch  2,   450/  454; acc:  51.95; ppl:  17.81; 6661 src tok/s; 6905 tgt tok/s;     56 s elapsed
Train perplexity: 29.4646
Train accuracy: 44.2297
Validation perplexity: 17.9059
Validation accuracy: 50.9224

Epoch  3,    50/  454; acc:  54.64; ppl:  14.04; 6591 src tok/s; 6867 tgt tok/s;      6 s elapsed
Epoch  3,   100/  454; acc:  54.35; ppl:  14.30; 6909 src tok/s; 7112 tgt tok/s;     12 s elapsed
Epoch  3,   150/  454; acc:  55.38; ppl:  13.36; 6936 src tok/s; 7175 tgt tok/s;     19 s elapsed
Epoch  3,   200/  454; acc:  57.30; ppl:  11.91; 6793 src tok/s; 7074 tgt tok/s;     25 s elapsed
Epoch  3,   250/  454; acc:  57.83; ppl:  11.48; 6355 src tok/s; 6593 tgt tok/s;     31 s elapsed
Epoch  3,   300/  454; acc:  56.75; ppl:  12.13; 6741 src tok/s; 6972 tgt tok/s;     37 s elapsed
Epoch  3,   350/  454; acc:  59.30; ppl:  10.30; 6737 src tok/s; 7023 tgt tok/s;     44 s elapsed
Epoch  3,   400/  454; acc:  58.55; ppl:  11.01; 6781 src tok/s; 7023 tgt tok/s;     50 s elapsed
Epoch  3,   450/  454; acc:  59.54; ppl:  10.15; 6616 src tok/s; 6908 tgt tok/s;     56 s elapsed
Train perplexity: 11.9698
Train accuracy: 57.0952
Validation perplexity: 10.4079
Validation accuracy: 59.9404

Epoch  4,    50/  454; acc:  61.24; ppl:   8.37; 6225 src tok/s; 6470 tgt tok/s;      7 s elapsed
Epoch  4,   100/  454; acc:  62.26; ppl:   7.94; 6787 src tok/s; 7073 tgt tok/s;     13 s elapsed
Epoch  4,   150/  454; acc:  62.98; ppl:   7.67; 6710 src tok/s; 6999 tgt tok/s;     19 s elapsed
Epoch  4,   200/  454; acc:  62.16; ppl:   8.05; 6822 src tok/s; 7006 tgt tok/s;     25 s elapsed
Epoch  4,   250/  454; acc:  63.41; ppl:   7.46; 6638 src tok/s; 6967 tgt tok/s;     31 s elapsed
Epoch  4,   300/  454; acc:  62.27; ppl:   7.85; 6749 src tok/s; 6977 tgt tok/s;     38 s elapsed
Epoch  4,   350/  454; acc:  64.07; ppl:   7.14; 6718 src tok/s; 7000 tgt tok/s;     44 s elapsed
Epoch  4,   400/  454; acc:  63.06; ppl:   7.57; 6982 src tok/s; 7176 tgt tok/s;     50 s elapsed
Epoch  4,   450/  454; acc:  63.54; ppl:   7.31; 6559 src tok/s; 6817 tgt tok/s;     56 s elapsed
Train perplexity: 7.71013
Train accuracy: 62.7468
Validation perplexity: 8.4399
Validation accuracy: 62.6011

Epoch  5,    50/  454; acc:  65.78; ppl:   5.99; 6587 src tok/s; 6786 tgt tok/s;      7 s elapsed
Epoch  5,   100/  454; acc:  67.72; ppl:   5.26; 6662 src tok/s; 6950 tgt tok/s;     13 s elapsed
Epoch  5,   150/  454; acc:  65.00; ppl:   6.21; 6641 src tok/s; 6881 tgt tok/s;     19 s elapsed
Epoch  5,   200/  454; acc:  66.94; ppl:   5.59; 6655 src tok/s; 6946 tgt tok/s;     25 s elapsed
Epoch  5,   250/  454; acc:  65.47; ppl:   6.04; 6888 src tok/s; 7090 tgt tok/s;     32 s elapsed
Epoch  5,   300/  454; acc:  67.65; ppl:   5.28; 6699 src tok/s; 6999 tgt tok/s;     38 s elapsed
Epoch  5,   350/  454; acc:  67.33; ppl:   5.46; 6763 src tok/s; 7043 tgt tok/s;     44 s elapsed
Epoch  5,   400/  454; acc:  65.80; ppl:   5.97; 6785 src tok/s; 7039 tgt tok/s;     50 s elapsed
Epoch  5,   450/  454; acc:  66.32; ppl:   5.70; 6703 src tok/s; 6949 tgt tok/s;     56 s elapsed
Train perplexity: 5.72477
Train accuracy: 66.4195
Validation perplexity: 7.32335
Validation accuracy: 64.6587

Epoch  6,    50/  454; acc:  69.37; ppl:   4.58; 6717 src tok/s; 6919 tgt tok/s;      7 s elapsed
Epoch  6,   100/  454; acc:  70.61; ppl:   4.25; 6602 src tok/s; 6893 tgt tok/s;     13 s elapsed
Epoch  6,   150/  454; acc:  69.44; ppl:   4.45; 6751 src tok/s; 7013 tgt tok/s;     19 s elapsed
Epoch  6,   200/  454; acc:  68.75; ppl:   4.67; 6667 src tok/s; 6903 tgt tok/s;     25 s elapsed
Epoch  6,   250/  454; acc:  69.47; ppl:   4.52; 6598 src tok/s; 6867 tgt tok/s;     31 s elapsed
Epoch  6,   300/  454; acc:  68.80; ppl:   4.70; 6812 src tok/s; 7065 tgt tok/s;     38 s elapsed
Epoch  6,   350/  454; acc:  70.03; ppl:   4.34; 6794 src tok/s; 7077 tgt tok/s;     44 s elapsed
Epoch  6,   400/  454; acc:  68.11; ppl:   4.88; 6840 src tok/s; 7091 tgt tok/s;     50 s elapsed
Epoch  6,   450/  454; acc:  69.21; ppl:   4.59; 6588 src tok/s; 6834 tgt tok/s;     56 s elapsed
Train perplexity: 4.55805
Train accuracy: 69.291
Validation perplexity: 6.80782
Validation accuracy: 66.1203

Epoch  7,    50/  454; acc:  72.86; ppl:   3.53; 6715 src tok/s; 7021 tgt tok/s;      6 s elapsed
Epoch  7,   100/  454; acc:  72.52; ppl:   3.60; 6871 src tok/s; 7083 tgt tok/s;     12 s elapsed
Epoch  7,   150/  454; acc:  71.60; ppl:   3.81; 6761 src tok/s; 7023 tgt tok/s;     19 s elapsed
Epoch  7,   200/  454; acc:  72.62; ppl:   3.56; 6718 src tok/s; 6970 tgt tok/s;     25 s elapsed
Epoch  7,   250/  454; acc:  70.51; ppl:   4.01; 6864 src tok/s; 7055 tgt tok/s;     31 s elapsed
Epoch  7,   300/  454; acc:  71.80; ppl:   3.76; 6660 src tok/s; 6950 tgt tok/s;     37 s elapsed
Epoch  7,   350/  454; acc:  72.16; ppl:   3.66; 6628 src tok/s; 6941 tgt tok/s;     43 s elapsed
Epoch  7,   400/  454; acc:  69.59; ppl:   4.22; 6765 src tok/s; 7012 tgt tok/s;     50 s elapsed
Epoch  7,   450/  454; acc:  70.74; ppl:   3.95; 6654 src tok/s; 6888 tgt tok/s;     56 s elapsed
Train perplexity: 3.78656
Train accuracy: 71.5831
Validation perplexity: 6.79389
Validation accuracy: 66.6596

Epoch  8,    50/  454; acc:  75.85; ppl:   2.88; 5942 src tok/s; 6224 tgt tok/s;      7 s elapsed
Epoch  8,   100/  454; acc:  73.39; ppl:   3.29; 6467 src tok/s; 6674 tgt tok/s;     14 s elapsed
Epoch  8,   150/  454; acc:  73.59; ppl:   3.21; 6828 src tok/s; 7038 tgt tok/s;     20 s elapsed
Epoch  8,   200/  454; acc:  74.32; ppl:   3.07; 6625 src tok/s; 6898 tgt tok/s;     26 s elapsed
Epoch  8,   250/  454; acc:  73.33; ppl:   3.27; 6759 src tok/s; 7018 tgt tok/s;     32 s elapsed
Epoch  8,   300/  454; acc:  73.35; ppl:   3.30; 6895 src tok/s; 7117 tgt tok/s;     38 s elapsed
Epoch  8,   350/  454; acc:  73.41; ppl:   3.34; 6608 src tok/s; 6872 tgt tok/s;     45 s elapsed
Epoch  8,   400/  454; acc:  72.81; ppl:   3.37; 6778 src tok/s; 7023 tgt tok/s;     51 s elapsed
Epoch  8,   450/  454; acc:  72.32; ppl:   3.43; 6670 src tok/s; 6963 tgt tok/s;     57 s elapsed
Train perplexity: 3.23869
Train accuracy: 73.5831
Validation perplexity: 6.82201
Validation accuracy: 66.5319
Decaying learning rate to 0.5

Epoch  9,    50/  454; acc:  80.07; ppl:   2.31; 6563 src tok/s; 6832 tgt tok/s;      6 s elapsed
Epoch  9,   100/  454; acc:  79.30; ppl:   2.42; 6698 src tok/s; 6914 tgt tok/s;     13 s elapsed
Epoch  9,   150/  454; acc:  78.99; ppl:   2.45; 6736 src tok/s; 6991 tgt tok/s;     19 s elapsed
Epoch  9,   200/  454; acc:  80.45; ppl:   2.24; 6863 src tok/s; 7142 tgt tok/s;     25 s elapsed
Epoch  9,   250/  454; acc:  80.03; ppl:   2.32; 6816 src tok/s; 7097 tgt tok/s;     31 s elapsed
Epoch  9,   300/  454; acc:  79.04; ppl:   2.41; 6779 src tok/s; 7002 tgt tok/s;     37 s elapsed
Epoch  9,   350/  454; acc:  79.01; ppl:   2.43; 6687 src tok/s; 6912 tgt tok/s;     44 s elapsed
Epoch  9,   400/  454; acc:  79.73; ppl:   2.34; 6590 src tok/s; 6901 tgt tok/s;     50 s elapsed
Epoch  9,   450/  454; acc:  79.03; ppl:   2.44; 6725 src tok/s; 6946 tgt tok/s;     56 s elapsed
Train perplexity: 2.37038
Train accuracy: 79.5465
Validation perplexity: 6.50539
Validation accuracy: 68.2347
Decaying learning rate to 0.25

Epoch 10,    50/  454; acc:  85.46; ppl:   1.79; 6487 src tok/s; 6791 tgt tok/s;      6 s elapsed
Epoch 10,   100/  454; acc:  83.42; ppl:   2.00; 6368 src tok/s; 6585 tgt tok/s;     13 s elapsed
Epoch 10,   150/  454; acc:  85.76; ppl:   1.81; 6161 src tok/s; 6449 tgt tok/s;     19 s elapsed
Epoch 10,   200/  454; acc:  83.66; ppl:   1.98; 6482 src tok/s; 6708 tgt tok/s;     26 s elapsed
Epoch 10,   250/  454; acc:  83.64; ppl:   1.97; 6861 src tok/s; 7078 tgt tok/s;     33 s elapsed
Epoch 10,   300/  454; acc:  84.91; ppl:   1.85; 6718 src tok/s; 6986 tgt tok/s;     39 s elapsed
Epoch 10,   350/  454; acc:  84.59; ppl:   1.88; 6591 src tok/s; 6887 tgt tok/s;     45 s elapsed
Epoch 10,   400/  454; acc:  82.94; ppl:   2.01; 6845 src tok/s; 7020 tgt tok/s;     51 s elapsed
Epoch 10,   450/  454; acc:  83.86; ppl:   1.95; 6666 src tok/s; 6924 tgt tok/s;     57 s elapsed
Train perplexity: 1.91707
Train accuracy: 84.2133
Validation perplexity: 6.70831
Validation accuracy: 68.5256
Decaying learning rate to 0.125

Epoch 11,    50/  454; acc:  88.88; ppl:   1.58; 6442 src tok/s; 6740 tgt tok/s;      6 s elapsed
Epoch 11,   100/  454; acc:  85.60; ppl:   1.85; 6717 src tok/s; 6967 tgt tok/s;     13 s elapsed
Epoch 11,   150/  454; acc:  88.24; ppl:   1.61; 6645 src tok/s; 6975 tgt tok/s;     19 s elapsed
Epoch 11,   200/  454; acc:  86.03; ppl:   1.78; 6714 src tok/s; 6904 tgt tok/s;     25 s elapsed
Epoch 11,   250/  454; acc:  86.86; ppl:   1.72; 6713 src tok/s; 6944 tgt tok/s;     32 s elapsed
Epoch 11,   300/  454; acc:  86.45; ppl:   1.74; 6715 src tok/s; 6963 tgt tok/s;     38 s elapsed
Epoch 11,   350/  454; acc:  86.67; ppl:   1.74; 6799 src tok/s; 7041 tgt tok/s;     44 s elapsed
Epoch 11,   400/  454; acc:  86.75; ppl:   1.70; 6728 src tok/s; 6958 tgt tok/s;     50 s elapsed
Epoch 11,   450/  454; acc:  86.99; ppl:   1.70; 6542 src tok/s; 6807 tgt tok/s;     56 s elapsed
Train perplexity: 1.71754
Train accuracy: 86.8836
Validation perplexity: 6.8933
Validation accuracy: 68.7527
Decaying learning rate to 0.0625

Epoch 12,    50/  454; acc:  88.60; ppl:   1.61; 6488 src tok/s; 6745 tgt tok/s;      6 s elapsed
Epoch 12,   100/  454; acc:  88.02; ppl:   1.64; 6813 src tok/s; 7066 tgt tok/s;     13 s elapsed
Epoch 12,   150/  454; acc:  88.41; ppl:   1.62; 6835 src tok/s; 7070 tgt tok/s;     19 s elapsed
Epoch 12,   200/  454; acc:  88.58; ppl:   1.62; 6711 src tok/s; 6963 tgt tok/s;     25 s elapsed
Epoch 12,   250/  454; acc:  89.00; ppl:   1.57; 6679 src tok/s; 6979 tgt tok/s;     31 s elapsed
Epoch 12,   300/  454; acc:  87.70; ppl:   1.67; 6895 src tok/s; 7112 tgt tok/s;     37 s elapsed
Epoch 12,   350/  454; acc:  87.36; ppl:   1.71; 6850 src tok/s; 7070 tgt tok/s;     44 s elapsed
Epoch 12,   400/  454; acc:  88.89; ppl:   1.56; 6666 src tok/s; 6958 tgt tok/s;     50 s elapsed
Epoch 12,   450/  454; acc:  88.26; ppl:   1.63; 6712 src tok/s; 6987 tgt tok/s;     56 s elapsed
Train perplexity: 1.62737
Train accuracy: 88.2901
Validation perplexity: 7.05596
Validation accuracy: 68.7527
Decaying learning rate to 0.03125

Epoch 13,    50/  454; acc:  89.06; ppl:   1.58; 6178 src tok/s; 6413 tgt tok/s;      7 s elapsed
Epoch 13,   100/  454; acc:  89.05; ppl:   1.58; 6786 src tok/s; 7032 tgt tok/s;     13 s elapsed
Epoch 13,   150/  454; acc:  89.11; ppl:   1.58; 6677 src tok/s; 6942 tgt tok/s;     19 s elapsed
Epoch 13,   200/  454; acc:  89.13; ppl:   1.56; 6798 src tok/s; 7062 tgt tok/s;     25 s elapsed
Epoch 13,   250/  454; acc:  88.82; ppl:   1.60; 6532 src tok/s; 6815 tgt tok/s;     32 s elapsed
Epoch 13,   300/  454; acc:  88.89; ppl:   1.58; 6750 src tok/s; 7017 tgt tok/s;     38 s elapsed
Epoch 13,   350/  454; acc:  88.32; ppl:   1.64; 6784 src tok/s; 7033 tgt tok/s;     44 s elapsed
Epoch 13,   400/  454; acc:  89.10; ppl:   1.56; 6895 src tok/s; 7110 tgt tok/s;     50 s elapsed
Epoch 13,   450/  454; acc:  88.68; ppl:   1.61; 6634 src tok/s; 6856 tgt tok/s;     57 s elapsed
Train perplexity: 1.58692
Train accuracy: 88.927
Validation perplexity: 7.14639
Validation accuracy: 68.6817
Decaying learning rate to 0.015625

Epoch 14,    50/  454; acc:  89.56; ppl:   1.56; 6277 src tok/s; 6557 tgt tok/s;      6 s elapsed
Epoch 14,   100/  454; acc:  89.32; ppl:   1.57; 6888 src tok/s; 7061 tgt tok/s;     13 s elapsed
Epoch 14,   150/  454; acc:  88.70; ppl:   1.61; 6684 src tok/s; 6925 tgt tok/s;     19 s elapsed
Epoch 14,   200/  454; acc:  89.60; ppl:   1.53; 6829 src tok/s; 7110 tgt tok/s;     25 s elapsed
Epoch 14,   250/  454; acc:  90.09; ppl:   1.50; 6713 src tok/s; 6975 tgt tok/s;     31 s elapsed
Epoch 14,   300/  454; acc:  88.33; ppl:   1.64; 6800 src tok/s; 7009 tgt tok/s;     38 s elapsed
Epoch 14,   350/  454; acc:  88.76; ppl:   1.61; 6631 src tok/s; 6875 tgt tok/s;     44 s elapsed
Epoch 14,   400/  454; acc:  89.96; ppl:   1.52; 6470 src tok/s; 6768 tgt tok/s;     50 s elapsed
Epoch 14,   450/  454; acc:  89.40; ppl:   1.57; 6654 src tok/s; 6919 tgt tok/s;     57 s elapsed
Train perplexity: 1.567
Train accuracy: 89.2937
Validation perplexity: 7.18952
Validation accuracy: 68.7101
Decaying learning rate to 0.0078125

Epoch 15,    50/  454; acc:  89.97; ppl:   1.51; 6618 src tok/s; 6877 tgt tok/s;      6 s elapsed
Epoch 15,   100/  454; acc:  88.78; ppl:   1.61; 6594 src tok/s; 6845 tgt tok/s;     13 s elapsed
Epoch 15,   150/  454; acc:  88.39; ppl:   1.63; 6760 src tok/s; 7001 tgt tok/s;     19 s elapsed
Epoch 15,   200/  454; acc:  90.21; ppl:   1.49; 6749 src tok/s; 7054 tgt tok/s;     25 s elapsed
Epoch 15,   250/  454; acc:  89.62; ppl:   1.54; 6834 src tok/s; 7084 tgt tok/s;     31 s elapsed
Epoch 15,   300/  454; acc:  89.69; ppl:   1.54; 6713 src tok/s; 6942 tgt tok/s;     37 s elapsed
Epoch 15,   350/  454; acc:  89.37; ppl:   1.56; 6660 src tok/s; 6920 tgt tok/s;     44 s elapsed
Epoch 15,   400/  454; acc:  89.24; ppl:   1.57; 6855 src tok/s; 7089 tgt tok/s;     50 s elapsed
Epoch 15,   450/  454; acc:  90.01; ppl:   1.51; 6781 src tok/s; 7066 tgt tok/s;     56 s elapsed
Train perplexity: 1.5554
Train accuracy: 89.4108
Validation perplexity: 7.21525
Validation accuracy: 68.703
Decaying learning rate to 0.00390625

Epoch 16,    50/  454; acc:  88.82; ppl:   1.60; 6677 src tok/s; 6874 tgt tok/s;      7 s elapsed
Epoch 16,   100/  454; acc:  90.18; ppl:   1.49; 6830 src tok/s; 7134 tgt tok/s;     12 s elapsed
Epoch 16,   150/  454; acc:  90.02; ppl:   1.52; 6545 src tok/s; 6830 tgt tok/s;     19 s elapsed
Epoch 16,   200/  454; acc:  89.11; ppl:   1.59; 6874 src tok/s; 7103 tgt tok/s;     25 s elapsed
Epoch 16,   250/  454; acc:  88.81; ppl:   1.60; 6665 src tok/s; 6923 tgt tok/s;     31 s elapsed
Epoch 16,   300/  454; acc:  90.20; ppl:   1.50; 6913 src tok/s; 7137 tgt tok/s;     37 s elapsed
Epoch 16,   350/  454; acc:  89.75; ppl:   1.53; 6710 src tok/s; 6963 tgt tok/s;     44 s elapsed
Epoch 16,   400/  454; acc:  89.38; ppl:   1.57; 6728 src tok/s; 6991 tgt tok/s;     50 s elapsed
Epoch 16,   450/  454; acc:  89.22; ppl:   1.56; 6662 src tok/s; 6938 tgt tok/s;     56 s elapsed
Train perplexity: 1.55097
Train accuracy: 89.5037
Validation perplexity: 7.22744
Validation accuracy: 68.6746
Decaying learning rate to 0.00195312

Epoch 17,    50/  454; acc:  90.31; ppl:   1.50; 6582 src tok/s; 6853 tgt tok/s;      6 s elapsed
Epoch 17,   100/  454; acc:  89.17; ppl:   1.59; 6813 src tok/s; 7050 tgt tok/s;     12 s elapsed
Epoch 17,   150/  454; acc:  89.04; ppl:   1.59; 6861 src tok/s; 7128 tgt tok/s;     19 s elapsed
Epoch 17,   200/  454; acc:  89.82; ppl:   1.51; 6807 src tok/s; 7080 tgt tok/s;     25 s elapsed
Epoch 17,   250/  454; acc:  89.57; ppl:   1.55; 6804 src tok/s; 7073 tgt tok/s;     31 s elapsed
Epoch 17,   300/  454; acc:  89.58; ppl:   1.55; 6538 src tok/s; 6780 tgt tok/s;     37 s elapsed
Epoch 17,   350/  454; acc:  88.57; ppl:   1.62; 6537 src tok/s; 6731 tgt tok/s;     44 s elapsed
Epoch 17,   400/  454; acc:  90.53; ppl:   1.49; 6696 src tok/s; 6992 tgt tok/s;     50 s elapsed
Epoch 17,   450/  454; acc:  89.76; ppl:   1.54; 6543 src tok/s; 6790 tgt tok/s;     56 s elapsed
Train perplexity: 1.54798
Train accuracy: 89.5689
Validation perplexity: 7.23223
Validation accuracy: 68.6888
Decaying learning rate to 0.000976562
