<module 'opts' from '/u/suhubdyd/research/projects/jumble_lstm/code/auxiliary-nmt/opts.pyc'>
Namespace(batch_size=64, brnn=False, brnn_merge='concat', cnn_kernel_width=3, context_gate=None, copy_attn=False, copy_attn_force=False, coverage_attn=False, data='/data/lisatmp3/suhubdyd/multi30k.atok.low', dec_layers=1, decay_method='', decoder_type='rnn', dropout=0.3, enc_layers=2, encoder_type='rnn', epochs=17, exp='', exp_host='', feat_merge='concat', feat_vec_exponent=0.7, feat_vec_size=-1, fix_word_vecs_dec=False, fix_word_vecs_enc=False, global_attention='general', gpuid=[0], input_feed=1, kappa_dec=0.6, kappa_enc=0.5, lambda_coverage=1, layers=-1, learning_rate=1.0, learning_rate_decay=0.5, max_generator_batches=32, max_grad_norm=5, model_type='text', optim='sgd', param_init=0.1, position_encoding=False, pre_word_vecs_dec=None, pre_word_vecs_enc=None, report_every=50, rnn_size=500, rnn_type='LSTM', save_model='/data/lisatmp3/suhubdyd/models/seeds/encoder0.5decoder0.6dropout0.3wdropFalseseed2', seed=2, share_decoder_embeddings=False, share_embeddings=False, src_word_vec_size=500, start_checkpoint_at=0, start_decay_at=8, start_epoch=1, tgt_word_vec_size=500, train_from='', truncated_decoder=0, warmup_steps=4000, weightdropout=False, word_vec_size=-1)
('Using Kappa L2 loss on encoder', 0.5)
('Using Kappa L2 loss on decoder', 0.6)
Loading train and validate data from '/data/lisatmp3/suhubdyd/multi30k.atok.low'
 * number of training sentences: 29000
 * maximum batch size: 64
 * vocabulary size. source = 10841; target = 18563
Building model...
Intializing model parameters.
NMTModel (
  (encoder): RNNEncoder (
    (embeddings): Embeddings (
      (make_embedding): Sequential (
        (emb_luts): Elementwise (
          (0): Embedding(10841, 500, padding_idx=1)
        )
      )
    )
    (dropout): Dropout (p = 0.3)
    (rnn): LSTM(500, 500, dropout=0.3)
  )
  (decoder): InputFeedRNNDecoder (
    (embeddings): Embeddings (
      (make_embedding): Sequential (
        (emb_luts): Elementwise (
          (0): Embedding(18563, 500, padding_idx=1)
        )
      )
    )
    (dropout): Dropout (p = 0.3)
    (rnn): StackedLSTM (
      (dropout): Dropout (p = 0.3)
      (layers): ModuleList (
        (0): LSTMCell(1000, 500)
      )
    )
    (attn): GlobalAttention (
      (linear_in): Linear (500 -> 500)
      (linear_out): Linear (1000 -> 500)
      (sm): Softmax ()
      (tanh): Tanh ()
    )
  )
  (generator): Sequential (
    (0): Linear (500 -> 18563)
    (1): LogSoftmax ()
  )
)
* number of parameters: 29760063
('encoder: ', 7424500)
('decoder: ', 22335563)

Epoch  1,    50/  454; acc:   9.85; ppl: 18326.23; 3403 src tok/s; 3532 tgt tok/s;     13 s elapsed
Epoch  1,   100/  454; acc:  15.90; ppl: 949.97; 3366 src tok/s; 3508 tgt tok/s;     25 s elapsed
Epoch  1,   150/  454; acc:  19.16; ppl: 454.40; 3476 src tok/s; 3597 tgt tok/s;     37 s elapsed
Epoch  1,   200/  454; acc:  21.09; ppl: 249.59; 3402 src tok/s; 3541 tgt tok/s;     49 s elapsed
Epoch  1,   250/  454; acc:  25.23; ppl: 160.92; 3429 src tok/s; 3571 tgt tok/s;     61 s elapsed
Epoch  1,   300/  454; acc:  28.35; ppl: 113.44; 3444 src tok/s; 3561 tgt tok/s;     73 s elapsed
Epoch  1,   350/  454; acc:  28.78; ppl:  98.41; 3490 src tok/s; 3586 tgt tok/s;     86 s elapsed
Epoch  1,   400/  454; acc:  32.35; ppl:  73.16; 3403 src tok/s; 3539 tgt tok/s;     98 s elapsed
Epoch  1,   450/  454; acc:  32.59; ppl:  68.53; 3386 src tok/s; 3525 tgt tok/s;    110 s elapsed
Train perplexity: 295.047
Train accuracy: 23.7803
Validation perplexity: 54.207
Validation accuracy: 36.3417

Epoch  2,    50/  454; acc:  34.36; ppl:  56.39; 3441 src tok/s; 3555 tgt tok/s;     12 s elapsed
Epoch  2,   100/  454; acc:  37.17; ppl:  47.22; 3396 src tok/s; 3525 tgt tok/s;     25 s elapsed
Epoch  2,   150/  454; acc:  39.01; ppl:  41.96; 3447 src tok/s; 3556 tgt tok/s;     37 s elapsed
Epoch  2,   200/  454; acc:  42.82; ppl:  33.13; 3376 src tok/s; 3520 tgt tok/s;     49 s elapsed
Epoch  2,   250/  454; acc:  44.81; ppl:  28.65; 3377 src tok/s; 3535 tgt tok/s;     61 s elapsed
Epoch  2,   300/  454; acc:  45.14; ppl:  28.06; 3435 src tok/s; 3539 tgt tok/s;     74 s elapsed
Epoch  2,   350/  454; acc:  48.73; ppl:  22.82; 3353 src tok/s; 3496 tgt tok/s;     86 s elapsed
Epoch  2,   400/  454; acc:  49.80; ppl:  20.99; 3474 src tok/s; 3603 tgt tok/s;     98 s elapsed
Epoch  2,   450/  454; acc:  50.51; ppl:  19.18; 3333 src tok/s; 3462 tgt tok/s;    111 s elapsed
Train perplexity: 30.9675
Train accuracy: 43.6773
Validation perplexity: 16.6849
Validation accuracy: 53.207

Epoch  3,    50/  454; acc:  54.75; ppl:  14.29; 3390 src tok/s; 3536 tgt tok/s;     12 s elapsed
Epoch  3,   100/  454; acc:  53.54; ppl:  15.55; 3381 src tok/s; 3496 tgt tok/s;     25 s elapsed
Epoch  3,   150/  454; acc:  54.54; ppl:  14.58; 3378 src tok/s; 3516 tgt tok/s;     37 s elapsed
Epoch  3,   200/  454; acc:  55.99; ppl:  12.99; 3421 src tok/s; 3551 tgt tok/s;     49 s elapsed
Epoch  3,   250/  454; acc:  57.02; ppl:  12.48; 3432 src tok/s; 3562 tgt tok/s;     62 s elapsed
Epoch  3,   300/  454; acc:  56.39; ppl:  12.71; 3414 src tok/s; 3540 tgt tok/s;     74 s elapsed
Epoch  3,   350/  454; acc:  58.39; ppl:  11.19; 3492 src tok/s; 3619 tgt tok/s;     86 s elapsed
Epoch  3,   400/  454; acc:  57.98; ppl:  11.42; 3386 src tok/s; 3498 tgt tok/s;     98 s elapsed
Epoch  3,   450/  454; acc:  58.22; ppl:  11.11; 3370 src tok/s; 3497 tgt tok/s;    111 s elapsed
Train perplexity: 12.8092
Train accuracy: 56.3486
Validation perplexity: 11.1008
Validation accuracy: 58.7271

Epoch  4,    50/  454; acc:  60.40; ppl:   9.46; 3415 src tok/s; 3524 tgt tok/s;     13 s elapsed
Epoch  4,   100/  454; acc:  62.47; ppl:   8.11; 3370 src tok/s; 3536 tgt tok/s;     25 s elapsed
Epoch  4,   150/  454; acc:  61.39; ppl:   8.50; 3398 src tok/s; 3542 tgt tok/s;     37 s elapsed
Epoch  4,   200/  454; acc:  61.78; ppl:   8.35; 3479 src tok/s; 3581 tgt tok/s;     49 s elapsed
Epoch  4,   250/  454; acc:  61.91; ppl:   8.39; 3395 src tok/s; 3518 tgt tok/s;     61 s elapsed
Epoch  4,   300/  454; acc:  61.77; ppl:   8.47; 3405 src tok/s; 3536 tgt tok/s;     74 s elapsed
Epoch  4,   350/  454; acc:  62.36; ppl:   8.20; 3359 src tok/s; 3474 tgt tok/s;     87 s elapsed
Epoch  4,   400/  454; acc:  63.37; ppl:   7.72; 3442 src tok/s; 3580 tgt tok/s;     98 s elapsed
Epoch  4,   450/  454; acc:  62.46; ppl:   8.08; 3384 src tok/s; 3517 tgt tok/s;    111 s elapsed
Train perplexity: 8.34528
Train accuracy: 62.0023
Validation perplexity: 8.45612
Validation accuracy: 62.3031

Epoch  5,    50/  454; acc:  65.69; ppl:   6.17; 3285 src tok/s; 3431 tgt tok/s;     12 s elapsed
Epoch  5,   100/  454; acc:  65.52; ppl:   6.16; 3488 src tok/s; 3625 tgt tok/s;     25 s elapsed
Epoch  5,   150/  454; acc:  65.06; ppl:   6.54; 3425 src tok/s; 3554 tgt tok/s;     37 s elapsed
Epoch  5,   200/  454; acc:  65.49; ppl:   6.35; 3429 src tok/s; 3564 tgt tok/s;     49 s elapsed
Epoch  5,   250/  454; acc:  64.85; ppl:   6.49; 3445 src tok/s; 3548 tgt tok/s;     62 s elapsed
Epoch  5,   300/  454; acc:  65.09; ppl:   6.38; 3349 src tok/s; 3479 tgt tok/s;     74 s elapsed
Epoch  5,   350/  454; acc:  65.46; ppl:   6.11; 3374 src tok/s; 3520 tgt tok/s;     86 s elapsed
Epoch  5,   400/  454; acc:  65.69; ppl:   6.13; 3369 src tok/s; 3495 tgt tok/s;     99 s elapsed
Epoch  5,   450/  454; acc:  65.30; ppl:   6.34; 3401 src tok/s; 3509 tgt tok/s;    111 s elapsed
Train perplexity: 6.29411
Train accuracy: 65.3503
Validation perplexity: 7.28283
Validation accuracy: 64.9993

Epoch  6,    50/  454; acc:  68.28; ppl:   5.01; 3386 src tok/s; 3515 tgt tok/s;     12 s elapsed
Epoch  6,   100/  454; acc:  68.54; ppl:   4.88; 3393 src tok/s; 3513 tgt tok/s;     25 s elapsed
Epoch  6,   150/  454; acc:  68.27; ppl:   5.02; 3479 src tok/s; 3600 tgt tok/s;     37 s elapsed
Epoch  6,   200/  454; acc:  67.70; ppl:   5.13; 3372 src tok/s; 3508 tgt tok/s;     49 s elapsed
Epoch  6,   250/  454; acc:  68.61; ppl:   4.92; 3433 src tok/s; 3581 tgt tok/s;     61 s elapsed
Epoch  6,   300/  454; acc:  67.19; ppl:   5.27; 3383 src tok/s; 3502 tgt tok/s;     74 s elapsed
Epoch  6,   350/  454; acc:  66.96; ppl:   5.42; 3409 src tok/s; 3510 tgt tok/s;     87 s elapsed
Epoch  6,   400/  454; acc:  68.98; ppl:   4.78; 3369 src tok/s; 3525 tgt tok/s;     99 s elapsed
Epoch  6,   450/  454; acc:  67.50; ppl:   5.26; 3367 src tok/s; 3497 tgt tok/s;    111 s elapsed
Train perplexity: 5.07598
Train accuracy: 68.0009
Validation perplexity: 6.83295
Validation accuracy: 65.7727

Epoch  7,    50/  454; acc:  71.39; ppl:   4.00; 3422 src tok/s; 3535 tgt tok/s;     12 s elapsed
Epoch  7,   100/  454; acc:  70.76; ppl:   4.08; 3424 src tok/s; 3566 tgt tok/s;     24 s elapsed
Epoch  7,   150/  454; acc:  70.33; ppl:   4.18; 3411 src tok/s; 3541 tgt tok/s;     37 s elapsed
Epoch  7,   200/  454; acc:  70.27; ppl:   4.23; 3471 src tok/s; 3590 tgt tok/s;     49 s elapsed
Epoch  7,   250/  454; acc:  70.20; ppl:   4.29; 3372 src tok/s; 3502 tgt tok/s;     61 s elapsed
Epoch  7,   300/  454; acc:  70.02; ppl:   4.37; 3449 src tok/s; 3570 tgt tok/s;     73 s elapsed
Epoch  7,   350/  454; acc:  69.42; ppl:   4.45; 3385 src tok/s; 3522 tgt tok/s;     86 s elapsed
Epoch  7,   400/  454; acc:  69.82; ppl:   4.36; 3341 src tok/s; 3485 tgt tok/s;     98 s elapsed
Epoch  7,   450/  454; acc:  69.38; ppl:   4.44; 3312 src tok/s; 3440 tgt tok/s;    111 s elapsed
Train perplexity: 4.2817
Train accuracy: 70.1114
Validation perplexity: 6.54214
Validation accuracy: 67.511

Epoch  8,    50/  454; acc:  72.96; ppl:   3.48; 3379 src tok/s; 3506 tgt tok/s;     12 s elapsed
Epoch  8,   100/  454; acc:  72.79; ppl:   3.52; 3336 src tok/s; 3472 tgt tok/s;     25 s elapsed
Epoch  8,   150/  454; acc:  71.64; ppl:   3.69; 3407 src tok/s; 3535 tgt tok/s;     37 s elapsed
Epoch  8,   200/  454; acc:  72.22; ppl:   3.63; 3422 src tok/s; 3545 tgt tok/s;     50 s elapsed
Epoch  8,   250/  454; acc:  71.98; ppl:   3.67; 3431 src tok/s; 3567 tgt tok/s;     62 s elapsed
Epoch  8,   300/  454; acc:  71.61; ppl:   3.75; 3436 src tok/s; 3552 tgt tok/s;     74 s elapsed
Epoch  8,   350/  454; acc:  71.42; ppl:   3.78; 3370 src tok/s; 3495 tgt tok/s;     86 s elapsed
Epoch  8,   400/  454; acc:  70.73; ppl:   3.96; 3423 src tok/s; 3552 tgt tok/s;     99 s elapsed
Epoch  8,   450/  454; acc:  71.54; ppl:   3.77; 3346 src tok/s; 3481 tgt tok/s;    111 s elapsed
Train perplexity: 3.69658
Train accuracy: 71.855
Validation perplexity: 6.42702
Validation accuracy: 67.5465
Decaying learning rate to 0.5

Epoch  9,    50/  454; acc:  76.85; ppl:   2.80; 3385 src tok/s; 3523 tgt tok/s;     12 s elapsed
Epoch  9,   100/  454; acc:  76.51; ppl:   2.81; 3362 src tok/s; 3478 tgt tok/s;     25 s elapsed
Epoch  9,   150/  454; acc:  77.64; ppl:   2.60; 3411 src tok/s; 3548 tgt tok/s;     37 s elapsed
Epoch  9,   200/  454; acc:  75.65; ppl:   2.96; 3399 src tok/s; 3521 tgt tok/s;     50 s elapsed
Epoch  9,   250/  454; acc:  76.63; ppl:   2.80; 3416 src tok/s; 3529 tgt tok/s;     62 s elapsed
Epoch  9,   300/  454; acc:  77.34; ppl:   2.72; 3423 src tok/s; 3547 tgt tok/s;     74 s elapsed
Epoch  9,   350/  454; acc:  76.15; ppl:   2.85; 3426 src tok/s; 3543 tgt tok/s;     87 s elapsed
Epoch  9,   400/  454; acc:  76.79; ppl:   2.78; 3385 src tok/s; 3533 tgt tok/s;     99 s elapsed
Epoch  9,   450/  454; acc:  76.73; ppl:   2.79; 3294 src tok/s; 3446 tgt tok/s;    111 s elapsed
Train perplexity: 2.79394
Train accuracy: 76.6501
Validation perplexity: 5.96674
Validation accuracy: 68.8804
Decaying learning rate to 0.25

Epoch 10,    50/  454; acc:  81.82; ppl:   2.14; 3358 src tok/s; 3511 tgt tok/s;     12 s elapsed
Epoch 10,   100/  454; acc:  79.33; ppl:   2.43; 3453 src tok/s; 3573 tgt tok/s;     25 s elapsed
Epoch 10,   150/  454; acc:  80.94; ppl:   2.24; 3349 src tok/s; 3491 tgt tok/s;     37 s elapsed
Epoch 10,   200/  454; acc:  79.98; ppl:   2.34; 3417 src tok/s; 3528 tgt tok/s;     49 s elapsed
Epoch 10,   250/  454; acc:  79.57; ppl:   2.39; 3509 src tok/s; 3615 tgt tok/s;     62 s elapsed
Epoch 10,   300/  454; acc:  80.39; ppl:   2.28; 3331 src tok/s; 3460 tgt tok/s;     74 s elapsed
Epoch 10,   350/  454; acc:  79.85; ppl:   2.34; 3478 src tok/s; 3607 tgt tok/s;     86 s elapsed
Epoch 10,   400/  454; acc:  79.46; ppl:   2.37; 3320 src tok/s; 3453 tgt tok/s;     99 s elapsed
Epoch 10,   450/  454; acc:  80.29; ppl:   2.33; 3302 src tok/s; 3443 tgt tok/s;    111 s elapsed
Train perplexity: 2.31872
Train accuracy: 80.1348
Validation perplexity: 5.94926
Validation accuracy: 69.8098
Decaying learning rate to 0.125

Epoch 11,    50/  454; acc:  81.77; ppl:   2.16; 3384 src tok/s; 3513 tgt tok/s;     13 s elapsed
Epoch 11,   100/  454; acc:  83.19; ppl:   2.04; 3402 src tok/s; 3542 tgt tok/s;     25 s elapsed
Epoch 11,   150/  454; acc:  83.50; ppl:   1.98; 3394 src tok/s; 3531 tgt tok/s;     36 s elapsed
Epoch 11,   200/  454; acc:  81.71; ppl:   2.16; 3462 src tok/s; 3564 tgt tok/s;     49 s elapsed
Epoch 11,   250/  454; acc:  82.02; ppl:   2.12; 3460 src tok/s; 3590 tgt tok/s;     61 s elapsed
Epoch 11,   300/  454; acc:  82.09; ppl:   2.09; 3421 src tok/s; 3556 tgt tok/s;     74 s elapsed
Epoch 11,   350/  454; acc:  82.01; ppl:   2.15; 3327 src tok/s; 3461 tgt tok/s;     86 s elapsed
Epoch 11,   400/  454; acc:  81.87; ppl:   2.09; 3413 src tok/s; 3533 tgt tok/s;     98 s elapsed
Epoch 11,   450/  454; acc:  81.71; ppl:   2.15; 3417 src tok/s; 3552 tgt tok/s;    111 s elapsed
Train perplexity: 2.10395
Train accuracy: 82.2194
Validation perplexity: 6.06318
Validation accuracy: 69.9092
Decaying learning rate to 0.0625

Epoch 12,    50/  454; acc:  81.88; ppl:   2.13; 3423 src tok/s; 3524 tgt tok/s;     13 s elapsed
Epoch 12,   100/  454; acc:  84.94; ppl:   1.84; 3370 src tok/s; 3529 tgt tok/s;     25 s elapsed
Epoch 12,   150/  454; acc:  83.56; ppl:   1.98; 3476 src tok/s; 3585 tgt tok/s;     37 s elapsed
Epoch 12,   200/  454; acc:  83.45; ppl:   1.98; 3346 src tok/s; 3495 tgt tok/s;     49 s elapsed
Epoch 12,   250/  454; acc:  83.31; ppl:   1.98; 3436 src tok/s; 3556 tgt tok/s;     61 s elapsed
Epoch 12,   300/  454; acc:  83.14; ppl:   2.01; 3472 src tok/s; 3581 tgt tok/s;     74 s elapsed
Epoch 12,   350/  454; acc:  82.78; ppl:   2.07; 3328 src tok/s; 3452 tgt tok/s;     86 s elapsed
Epoch 12,   400/  454; acc:  83.22; ppl:   1.99; 3389 src tok/s; 3541 tgt tok/s;     99 s elapsed
Epoch 12,   450/  454; acc:  82.80; ppl:   2.02; 3336 src tok/s; 3469 tgt tok/s;    111 s elapsed
Train perplexity: 2.00051
Train accuracy: 83.213
Validation perplexity: 6.19163
Validation accuracy: 69.7886
Decaying learning rate to 0.03125

Epoch 13,    50/  454; acc:  83.04; ppl:   2.06; 3398 src tok/s; 3511 tgt tok/s;     13 s elapsed
Epoch 13,   100/  454; acc:  84.54; ppl:   1.90; 3336 src tok/s; 3475 tgt tok/s;     25 s elapsed
Epoch 13,   150/  454; acc:  84.39; ppl:   1.92; 3409 src tok/s; 3550 tgt tok/s;     37 s elapsed
Epoch 13,   200/  454; acc:  83.56; ppl:   1.99; 3409 src tok/s; 3521 tgt tok/s;     49 s elapsed
Epoch 13,   250/  454; acc:  83.89; ppl:   1.96; 3369 src tok/s; 3520 tgt tok/s;     61 s elapsed
Epoch 13,   300/  454; acc:  83.71; ppl:   1.94; 3466 src tok/s; 3577 tgt tok/s;     74 s elapsed
Epoch 13,   350/  454; acc:  84.08; ppl:   1.93; 3423 src tok/s; 3565 tgt tok/s;     86 s elapsed
Epoch 13,   400/  454; acc:  83.78; ppl:   1.93; 3430 src tok/s; 3556 tgt tok/s;     99 s elapsed
Epoch 13,   450/  454; acc:  83.70; ppl:   1.96; 3304 src tok/s; 3425 tgt tok/s;    111 s elapsed
Train perplexity: 1.95325
Train accuracy: 83.8677
Validation perplexity: 6.23806
Validation accuracy: 69.9092
Decaying learning rate to 0.015625

Epoch 14,    50/  454; acc:  83.91; ppl:   1.95; 3401 src tok/s; 3517 tgt tok/s;     13 s elapsed
Epoch 14,   100/  454; acc:  84.11; ppl:   1.93; 3443 src tok/s; 3591 tgt tok/s;     24 s elapsed
Epoch 14,   150/  454; acc:  83.99; ppl:   1.92; 3426 src tok/s; 3570 tgt tok/s;     36 s elapsed
Epoch 14,   200/  454; acc:  83.68; ppl:   1.98; 3446 src tok/s; 3549 tgt tok/s;     49 s elapsed
Epoch 14,   250/  454; acc:  84.58; ppl:   1.87; 3281 src tok/s; 3429 tgt tok/s;     61 s elapsed
Epoch 14,   300/  454; acc:  83.92; ppl:   1.95; 3454 src tok/s; 3566 tgt tok/s;     74 s elapsed
Epoch 14,   350/  454; acc:  84.87; ppl:   1.86; 3348 src tok/s; 3492 tgt tok/s;     86 s elapsed
Epoch 14,   400/  454; acc:  83.23; ppl:   1.99; 3435 src tok/s; 3541 tgt tok/s;     99 s elapsed
Epoch 14,   450/  454; acc:  84.15; ppl:   1.91; 3347 src tok/s; 3491 tgt tok/s;    111 s elapsed
Train perplexity: 1.92862
Train accuracy: 84.0367
Validation perplexity: 6.25077
Validation accuracy: 69.824
Decaying learning rate to 0.0078125

Epoch 15,    50/  454; acc:  85.10; ppl:   1.84; 3398 src tok/s; 3541 tgt tok/s;     12 s elapsed
Epoch 15,   100/  454; acc:  83.43; ppl:   2.01; 3457 src tok/s; 3562 tgt tok/s;     25 s elapsed
Epoch 15,   150/  454; acc:  83.23; ppl:   2.01; 3447 src tok/s; 3563 tgt tok/s;     37 s elapsed
Epoch 15,   200/  454; acc:  85.41; ppl:   1.81; 3349 src tok/s; 3486 tgt tok/s;     49 s elapsed
Epoch 15,   250/  454; acc:  83.83; ppl:   1.93; 3384 src tok/s; 3513 tgt tok/s;     61 s elapsed
Epoch 15,   300/  454; acc:  84.36; ppl:   1.89; 3435 src tok/s; 3567 tgt tok/s;     74 s elapsed
Epoch 15,   350/  454; acc:  83.71; ppl:   1.98; 3353 src tok/s; 3474 tgt tok/s;     87 s elapsed
Epoch 15,   400/  454; acc:  84.74; ppl:   1.86; 3397 src tok/s; 3552 tgt tok/s;     98 s elapsed
Epoch 15,   450/  454; acc:  83.98; ppl:   1.94; 3382 src tok/s; 3506 tgt tok/s;    111 s elapsed
Train perplexity: 1.91991
Train accuracy: 84.185
Validation perplexity: 6.26064
Validation accuracy: 69.8808
Decaying learning rate to 0.00390625

Epoch 16,    50/  454; acc:  84.42; ppl:   1.89; 3407 src tok/s; 3551 tgt tok/s;     12 s elapsed
Epoch 16,   100/  454; acc:  83.69; ppl:   1.97; 3420 src tok/s; 3536 tgt tok/s;     25 s elapsed
Epoch 16,   150/  454; acc:  84.65; ppl:   1.87; 3320 src tok/s; 3472 tgt tok/s;     37 s elapsed
Epoch 16,   200/  454; acc:  83.78; ppl:   1.94; 3443 src tok/s; 3559 tgt tok/s;     49 s elapsed
Epoch 16,   250/  454; acc:  85.22; ppl:   1.81; 3299 src tok/s; 3436 tgt tok/s;     62 s elapsed
Epoch 16,   300/  454; acc:  83.48; ppl:   2.00; 3435 src tok/s; 3538 tgt tok/s;     74 s elapsed
Epoch 16,   350/  454; acc:  83.84; ppl:   1.96; 3445 src tok/s; 3546 tgt tok/s;     87 s elapsed
Epoch 16,   400/  454; acc:  84.73; ppl:   1.86; 3408 src tok/s; 3562 tgt tok/s;     99 s elapsed
Epoch 16,   450/  454; acc:  84.23; ppl:   1.92; 3386 src tok/s; 3520 tgt tok/s;    111 s elapsed
Train perplexity: 1.91254
Train accuracy: 84.2295
Validation perplexity: 6.27065
Validation accuracy: 69.8453
Decaying learning rate to 0.00195312

Epoch 17,    50/  454; acc:  83.85; ppl:   1.96; 3387 src tok/s; 3521 tgt tok/s;     13 s elapsed
Epoch 17,   100/  454; acc:  84.80; ppl:   1.85; 3438 src tok/s; 3579 tgt tok/s;     25 s elapsed
Epoch 17,   150/  454; acc:  84.50; ppl:   1.91; 3382 src tok/s; 3501 tgt tok/s;     37 s elapsed
Epoch 17,   200/  454; acc:  84.16; ppl:   1.93; 3447 src tok/s; 3569 tgt tok/s;     49 s elapsed
Epoch 17,   250/  454; acc:  84.05; ppl:   1.91; 3351 src tok/s; 3475 tgt tok/s;     62 s elapsed
Epoch 17,   300/  454; acc:  84.21; ppl:   1.90; 3375 src tok/s; 3502 tgt tok/s;     74 s elapsed
Epoch 17,   350/  454; acc:  84.04; ppl:   1.91; 3285 src tok/s; 3406 tgt tok/s;     87 s elapsed
Epoch 17,   400/  454; acc:  84.51; ppl:   1.88; 3395 src tok/s; 3527 tgt tok/s;     99 s elapsed
Epoch 17,   450/  454; acc:  84.09; ppl:   1.92; 3398 src tok/s; 3527 tgt tok/s;    111 s elapsed
Train perplexity: 1.90633
Train accuracy: 84.2488
Validation perplexity: 6.27601
Validation accuracy: 69.8382
Decaying learning rate to 0.000976562
