<module 'opts' from '/u/suhubdyd/research/projects/jumble_lstm/code/auxiliary-nmt/opts.pyc'>
Namespace(batch_size=64, brnn=False, brnn_merge='concat', cnn_kernel_width=3, context_gate=None, copy_attn=False, copy_attn_force=False, coverage_attn=False, data='/data/lisatmp3/suhubdyd/multi30k.atok.low', dec_layers=1, decay_method='', decoder_type='rnn', dropout=0.3, enc_layers=2, encoder_type='rnn', epochs=17, exp='', exp_host='', feat_merge='concat', feat_vec_exponent=0.7, feat_vec_size=-1, fix_word_vecs_dec=False, fix_word_vecs_enc=False, global_attention='general', gpuid=[0], input_feed=1, kappa_dec=0.4, kappa_enc=0.3, lambda_coverage=1, layers=-1, learning_rate=1.0, learning_rate_decay=0.5, max_generator_batches=32, max_grad_norm=5, model_type='text', optim='sgd', param_init=0.1, position_encoding=False, pre_word_vecs_dec=None, pre_word_vecs_enc=None, report_every=50, rnn_size=500, rnn_type='LSTM', save_model='/data/lisatmp3/suhubdyd/models/seeds/encoder0.3decoder0.4dropout0.3wdropFalseseed1', seed=1, share_decoder_embeddings=False, share_embeddings=False, src_word_vec_size=500, start_checkpoint_at=0, start_decay_at=8, start_epoch=1, tgt_word_vec_size=500, train_from='', truncated_decoder=0, warmup_steps=4000, weightdropout=False, word_vec_size=-1)
('Using Kappa L2 loss on encoder', 0.3)
('Using Kappa L2 loss on decoder', 0.4)
Loading train and validate data from '/data/lisatmp3/suhubdyd/multi30k.atok.low'
 * number of training sentences: 29000
 * maximum batch size: 64
 * vocabulary size. source = 10841; target = 18563
Building model...
Intializing model parameters.
NMTModel (
  (encoder): RNNEncoder (
    (embeddings): Embeddings (
      (make_embedding): Sequential (
        (emb_luts): Elementwise (
          (0): Embedding(10841, 500, padding_idx=1)
        )
      )
    )
    (dropout): Dropout (p = 0.3)
    (rnn): LSTM(500, 500, dropout=0.3)
  )
  (decoder): InputFeedRNNDecoder (
    (embeddings): Embeddings (
      (make_embedding): Sequential (
        (emb_luts): Elementwise (
          (0): Embedding(18563, 500, padding_idx=1)
        )
      )
    )
    (dropout): Dropout (p = 0.3)
    (rnn): StackedLSTM (
      (dropout): Dropout (p = 0.3)
      (layers): ModuleList (
        (0): LSTMCell(1000, 500)
      )
    )
    (attn): GlobalAttention (
      (linear_in): Linear (500 -> 500)
      (linear_out): Linear (1000 -> 500)
      (sm): Softmax ()
      (tanh): Tanh ()
    )
  )
  (generator): Sequential (
    (0): Linear (500 -> 18563)
    (1): LogSoftmax ()
  )
)
* number of parameters: 29760063
('encoder: ', 7424500)
('decoder: ', 22335563)

Epoch  1,    50/  454; acc:   8.18; ppl: 24277.75; 5110 src tok/s; 5342 tgt tok/s;      8 s elapsed
Epoch  1,   100/  454; acc:  13.63; ppl: 1969.26; 5355 src tok/s; 5531 tgt tok/s;     16 s elapsed
Epoch  1,   150/  454; acc:  17.85; ppl: 589.14; 5356 src tok/s; 5566 tgt tok/s;     24 s elapsed
Epoch  1,   200/  454; acc:  19.67; ppl: 318.94; 5291 src tok/s; 5498 tgt tok/s;     32 s elapsed
Epoch  1,   250/  454; acc:  22.72; ppl: 198.39; 5240 src tok/s; 5426 tgt tok/s;     40 s elapsed
Epoch  1,   300/  454; acc:  26.05; ppl: 132.95; 5400 src tok/s; 5585 tgt tok/s;     48 s elapsed
Epoch  1,   350/  454; acc:  27.79; ppl: 109.60; 5366 src tok/s; 5540 tgt tok/s;     56 s elapsed
Epoch  1,   400/  454; acc:  30.75; ppl:  84.18; 5307 src tok/s; 5541 tgt tok/s;     63 s elapsed
Epoch  1,   450/  454; acc:  31.46; ppl:  74.41; 5298 src tok/s; 5492 tgt tok/s;     71 s elapsed
Train perplexity: 371.628
Train accuracy: 22.1097
Validation perplexity: 64.619
Validation accuracy: 31.4886

Epoch  2,    50/  454; acc:  33.98; ppl:  59.36; 5449 src tok/s; 5629 tgt tok/s;      8 s elapsed
Epoch  2,   100/  454; acc:  36.17; ppl:  52.44; 5329 src tok/s; 5534 tgt tok/s;     16 s elapsed
Epoch  2,   150/  454; acc:  39.67; ppl:  41.71; 5408 src tok/s; 5617 tgt tok/s;     23 s elapsed
Epoch  2,   200/  454; acc:  41.90; ppl:  35.77; 5371 src tok/s; 5548 tgt tok/s;     31 s elapsed
Epoch  2,   250/  454; acc:  45.68; ppl:  28.03; 5329 src tok/s; 5543 tgt tok/s;     39 s elapsed
Epoch  2,   300/  454; acc:  46.62; ppl:  25.85; 5373 src tok/s; 5576 tgt tok/s;     47 s elapsed
Epoch  2,   350/  454; acc:  48.19; ppl:  23.73; 5360 src tok/s; 5569 tgt tok/s;     55 s elapsed
Epoch  2,   400/  454; acc:  51.00; ppl:  20.16; 5259 src tok/s; 5498 tgt tok/s;     63 s elapsed
Epoch  2,   450/  454; acc:  51.15; ppl:  20.00; 5439 src tok/s; 5614 tgt tok/s;     70 s elapsed
Train perplexity: 31.4772
Train accuracy: 43.9191
Validation perplexity: 16.4512
Validation accuracy: 53.6682

Epoch  3,    50/  454; acc:  53.41; ppl:  15.86; 5517 src tok/s; 5703 tgt tok/s;      8 s elapsed
Epoch  3,   100/  454; acc:  55.39; ppl:  14.17; 5456 src tok/s; 5656 tgt tok/s;     15 s elapsed
Epoch  3,   150/  454; acc:  55.62; ppl:  13.77; 5463 src tok/s; 5672 tgt tok/s;     23 s elapsed
Epoch  3,   200/  454; acc:  55.87; ppl:  13.25; 5447 src tok/s; 5651 tgt tok/s;     31 s elapsed
Epoch  3,   250/  454; acc:  56.32; ppl:  13.16; 5126 src tok/s; 5297 tgt tok/s;     39 s elapsed
Epoch  3,   300/  454; acc:  57.85; ppl:  12.03; 5549 src tok/s; 5766 tgt tok/s;     46 s elapsed
Epoch  3,   350/  454; acc:  59.34; ppl:  10.65; 5539 src tok/s; 5809 tgt tok/s;     54 s elapsed
Epoch  3,   400/  454; acc:  57.67; ppl:  11.61; 5565 src tok/s; 5764 tgt tok/s;     61 s elapsed
Epoch  3,   450/  454; acc:  58.07; ppl:  11.27; 5583 src tok/s; 5801 tgt tok/s;     69 s elapsed
Train perplexity: 12.7426
Train accuracy: 56.6443
Validation perplexity: 10.1614
Validation accuracy: 60.4158

Epoch  4,    50/  454; acc:  60.76; ppl:   9.23; 5408 src tok/s; 5610 tgt tok/s;      8 s elapsed
Epoch  4,   100/  454; acc:  62.81; ppl:   7.89; 5098 src tok/s; 5325 tgt tok/s;     16 s elapsed
Epoch  4,   150/  454; acc:  61.09; ppl:   8.85; 5423 src tok/s; 5605 tgt tok/s;     24 s elapsed
Epoch  4,   200/  454; acc:  62.02; ppl:   8.33; 5476 src tok/s; 5701 tgt tok/s;     31 s elapsed
Epoch  4,   250/  454; acc:  61.87; ppl:   8.48; 5369 src tok/s; 5584 tgt tok/s;     39 s elapsed
Epoch  4,   300/  454; acc:  61.53; ppl:   8.48; 5493 src tok/s; 5692 tgt tok/s;     47 s elapsed
Epoch  4,   350/  454; acc:  61.25; ppl:   8.62; 5468 src tok/s; 5644 tgt tok/s;     55 s elapsed
Epoch  4,   400/  454; acc:  62.56; ppl:   7.88; 5330 src tok/s; 5568 tgt tok/s;     62 s elapsed
Epoch  4,   450/  454; acc:  63.20; ppl:   7.81; 5414 src tok/s; 5593 tgt tok/s;     70 s elapsed
Train perplexity: 8.39424
Train accuracy: 61.8854
Validation perplexity: 8.49137
Validation accuracy: 63.4171

Epoch  5,    50/  454; acc:  64.36; ppl:   6.81; 5464 src tok/s; 5618 tgt tok/s;      8 s elapsed
Epoch  5,   100/  454; acc:  66.06; ppl:   5.94; 5462 src tok/s; 5669 tgt tok/s;     15 s elapsed
Epoch  5,   150/  454; acc:  64.07; ppl:   6.63; 5525 src tok/s; 5709 tgt tok/s;     23 s elapsed
Epoch  5,   200/  454; acc:  65.22; ppl:   6.36; 5370 src tok/s; 5596 tgt tok/s;     31 s elapsed
Epoch  5,   250/  454; acc:  65.44; ppl:   6.17; 5426 src tok/s; 5629 tgt tok/s;     39 s elapsed
Epoch  5,   300/  454; acc:  65.52; ppl:   6.37; 5309 src tok/s; 5527 tgt tok/s;     47 s elapsed
Epoch  5,   350/  454; acc:  65.12; ppl:   6.57; 5412 src tok/s; 5630 tgt tok/s;     54 s elapsed
Epoch  5,   400/  454; acc:  66.22; ppl:   6.15; 5445 src tok/s; 5656 tgt tok/s;     62 s elapsed
Epoch  5,   450/  454; acc:  65.83; ppl:   6.09; 5410 src tok/s; 5640 tgt tok/s;     69 s elapsed
Train perplexity: 6.34493
Train accuracy: 65.2973
Validation perplexity: 7.38235
Validation accuracy: 64.6161

Epoch  6,    50/  454; acc:  68.28; ppl:   4.99; 5452 src tok/s; 5654 tgt tok/s;      8 s elapsed
Epoch  6,   100/  454; acc:  68.40; ppl:   4.96; 5440 src tok/s; 5669 tgt tok/s;     15 s elapsed
Epoch  6,   150/  454; acc:  68.27; ppl:   4.99; 5536 src tok/s; 5724 tgt tok/s;     23 s elapsed
Epoch  6,   200/  454; acc:  67.62; ppl:   5.23; 5414 src tok/s; 5603 tgt tok/s;     31 s elapsed
Epoch  6,   250/  454; acc:  68.74; ppl:   4.86; 5396 src tok/s; 5632 tgt tok/s;     38 s elapsed
Epoch  6,   300/  454; acc:  66.92; ppl:   5.42; 5486 src tok/s; 5668 tgt tok/s;     46 s elapsed
Epoch  6,   350/  454; acc:  67.96; ppl:   5.07; 5389 src tok/s; 5624 tgt tok/s;     54 s elapsed
Epoch  6,   400/  454; acc:  67.23; ppl:   5.36; 5443 src tok/s; 5634 tgt tok/s;     62 s elapsed
Epoch  6,   450/  454; acc:  67.64; ppl:   5.22; 5245 src tok/s; 5442 tgt tok/s;     70 s elapsed
Train perplexity: 5.12144
Train accuracy: 67.8893
Validation perplexity: 7.09059
Validation accuracy: 64.6445

Epoch  7,    50/  454; acc:  70.22; ppl:   4.24; 5369 src tok/s; 5553 tgt tok/s;      8 s elapsed
Epoch  7,   100/  454; acc:  70.56; ppl:   4.08; 5420 src tok/s; 5657 tgt tok/s;     16 s elapsed
Epoch  7,   150/  454; acc:  70.02; ppl:   4.35; 5496 src tok/s; 5690 tgt tok/s;     23 s elapsed
Epoch  7,   200/  454; acc:  70.40; ppl:   4.18; 5481 src tok/s; 5678 tgt tok/s;     31 s elapsed
Epoch  7,   250/  454; acc:  70.12; ppl:   4.22; 5547 src tok/s; 5756 tgt tok/s;     39 s elapsed
Epoch  7,   300/  454; acc:  69.36; ppl:   4.45; 5441 src tok/s; 5667 tgt tok/s;     46 s elapsed
Epoch  7,   350/  454; acc:  69.32; ppl:   4.48; 5362 src tok/s; 5583 tgt tok/s;     54 s elapsed
Epoch  7,   400/  454; acc:  69.72; ppl:   4.40; 5602 src tok/s; 5804 tgt tok/s;     61 s elapsed
Epoch  7,   450/  454; acc:  69.36; ppl:   4.51; 5381 src tok/s; 5566 tgt tok/s;     69 s elapsed
Train perplexity: 4.31989
Train accuracy: 69.9185
Validation perplexity: 6.53984
Validation accuracy: 66.5531

Epoch  8,    50/  454; acc:  71.85; ppl:   3.68; 5341 src tok/s; 5519 tgt tok/s;      8 s elapsed
Epoch  8,   100/  454; acc:  73.48; ppl:   3.33; 5344 src tok/s; 5597 tgt tok/s;     16 s elapsed
Epoch  8,   150/  454; acc:  71.37; ppl:   3.85; 5503 src tok/s; 5686 tgt tok/s;     23 s elapsed
Epoch  8,   200/  454; acc:  72.10; ppl:   3.62; 5450 src tok/s; 5669 tgt tok/s;     31 s elapsed
Epoch  8,   250/  454; acc:  70.68; ppl:   3.92; 5492 src tok/s; 5705 tgt tok/s;     39 s elapsed
Epoch  8,   300/  454; acc:  72.56; ppl:   3.51; 5447 src tok/s; 5681 tgt tok/s;     46 s elapsed
Epoch  8,   350/  454; acc:  70.94; ppl:   3.91; 5492 src tok/s; 5668 tgt tok/s;     54 s elapsed
Epoch  8,   400/  454; acc:  71.64; ppl:   3.78; 5435 src tok/s; 5640 tgt tok/s;     62 s elapsed
Epoch  8,   450/  454; acc:  70.51; ppl:   4.06; 5450 src tok/s; 5647 tgt tok/s;     69 s elapsed
Train perplexity: 3.73284
Train accuracy: 71.6847
Validation perplexity: 6.47992
Validation accuracy: 67.6245
Decaying learning rate to 0.5

Epoch  9,    50/  454; acc:  75.45; ppl:   3.02; 5408 src tok/s; 5596 tgt tok/s;      8 s elapsed
Epoch  9,   100/  454; acc:  77.63; ppl:   2.65; 5489 src tok/s; 5722 tgt tok/s;     15 s elapsed
Epoch  9,   150/  454; acc:  76.45; ppl:   2.81; 5507 src tok/s; 5747 tgt tok/s;     23 s elapsed
Epoch  9,   200/  454; acc:  77.02; ppl:   2.74; 5466 src tok/s; 5656 tgt tok/s;     31 s elapsed
Epoch  9,   250/  454; acc:  76.66; ppl:   2.78; 5362 src tok/s; 5586 tgt tok/s;     38 s elapsed
Epoch  9,   300/  454; acc:  76.59; ppl:   2.80; 5480 src tok/s; 5672 tgt tok/s;     46 s elapsed
Epoch  9,   350/  454; acc:  76.90; ppl:   2.72; 5285 src tok/s; 5494 tgt tok/s;     54 s elapsed
Epoch  9,   400/  454; acc:  75.58; ppl:   2.99; 5566 src tok/s; 5748 tgt tok/s;     62 s elapsed
Epoch  9,   450/  454; acc:  76.17; ppl:   2.87; 5373 src tok/s; 5565 tgt tok/s;     69 s elapsed
Train perplexity: 2.81859
Train accuracy: 76.4828
Validation perplexity: 6.25693
Validation accuracy: 68.5256
Decaying learning rate to 0.25

Epoch 10,    50/  454; acc:  80.53; ppl:   2.27; 5294 src tok/s; 5515 tgt tok/s;      8 s elapsed
Epoch 10,   100/  454; acc:  79.67; ppl:   2.42; 5518 src tok/s; 5698 tgt tok/s;     15 s elapsed
Epoch 10,   150/  454; acc:  79.84; ppl:   2.32; 5482 src tok/s; 5719 tgt tok/s;     23 s elapsed
Epoch 10,   200/  454; acc:  79.97; ppl:   2.34; 5307 src tok/s; 5521 tgt tok/s;     31 s elapsed
Epoch 10,   250/  454; acc:  79.12; ppl:   2.47; 5488 src tok/s; 5661 tgt tok/s;     39 s elapsed
Epoch 10,   300/  454; acc:  81.40; ppl:   2.17; 5391 src tok/s; 5649 tgt tok/s;     47 s elapsed
Epoch 10,   350/  454; acc:  79.29; ppl:   2.39; 5546 src tok/s; 5708 tgt tok/s;     54 s elapsed
Epoch 10,   400/  454; acc:  79.87; ppl:   2.32; 5409 src tok/s; 5615 tgt tok/s;     62 s elapsed
Epoch 10,   450/  454; acc:  79.89; ppl:   2.35; 5435 src tok/s; 5643 tgt tok/s;     69 s elapsed
Train perplexity: 2.34077
Train accuracy: 79.9315
Validation perplexity: 6.26477
Validation accuracy: 69.4267
Decaying learning rate to 0.125

Epoch 11,    50/  454; acc:  81.88; ppl:   2.13; 5413 src tok/s; 5621 tgt tok/s;      8 s elapsed
Epoch 11,   100/  454; acc:  82.31; ppl:   2.12; 5547 src tok/s; 5717 tgt tok/s;     15 s elapsed
Epoch 11,   150/  454; acc:  81.82; ppl:   2.14; 5491 src tok/s; 5684 tgt tok/s;     23 s elapsed
Epoch 11,   200/  454; acc:  82.88; ppl:   2.02; 5279 src tok/s; 5523 tgt tok/s;     31 s elapsed
Epoch 11,   250/  454; acc:  81.45; ppl:   2.15; 5510 src tok/s; 5714 tgt tok/s;     39 s elapsed
Epoch 11,   300/  454; acc:  82.45; ppl:   2.09; 5464 src tok/s; 5675 tgt tok/s;     46 s elapsed
Epoch 11,   350/  454; acc:  82.29; ppl:   2.08; 5383 src tok/s; 5634 tgt tok/s;     54 s elapsed
Epoch 11,   400/  454; acc:  81.43; ppl:   2.20; 5519 src tok/s; 5686 tgt tok/s;     62 s elapsed
Epoch 11,   450/  454; acc:  81.86; ppl:   2.14; 5334 src tok/s; 5539 tgt tok/s;     69 s elapsed
Train perplexity: 2.11899
Train accuracy: 82.0274
Validation perplexity: 6.40039
Validation accuracy: 69.6608
Decaying learning rate to 0.0625

Epoch 12,    50/  454; acc:  82.42; ppl:   2.08; 5582 src tok/s; 5726 tgt tok/s;      8 s elapsed
Epoch 12,   100/  454; acc:  84.06; ppl:   1.93; 5408 src tok/s; 5638 tgt tok/s;     15 s elapsed
Epoch 12,   150/  454; acc:  83.80; ppl:   1.95; 5376 src tok/s; 5627 tgt tok/s;     23 s elapsed
Epoch 12,   200/  454; acc:  82.64; ppl:   2.06; 5399 src tok/s; 5568 tgt tok/s;     31 s elapsed
Epoch 12,   250/  454; acc:  83.18; ppl:   2.01; 5411 src tok/s; 5644 tgt tok/s;     38 s elapsed
Epoch 12,   300/  454; acc:  82.76; ppl:   2.06; 5503 src tok/s; 5690 tgt tok/s;     46 s elapsed
Epoch 12,   350/  454; acc:  83.91; ppl:   1.94; 5494 src tok/s; 5717 tgt tok/s;     54 s elapsed
Epoch 12,   400/  454; acc:  82.22; ppl:   2.09; 5508 src tok/s; 5723 tgt tok/s;     61 s elapsed
Epoch 12,   450/  454; acc:  82.71; ppl:   2.05; 5323 src tok/s; 5535 tgt tok/s;     69 s elapsed
Train perplexity: 2.0192
Train accuracy: 83.062
Validation perplexity: 6.43387
Validation accuracy: 69.7673
Decaying learning rate to 0.03125

Epoch 13,    50/  454; acc:  83.93; ppl:   1.91; 5526 src tok/s; 5733 tgt tok/s;      7 s elapsed
Epoch 13,   100/  454; acc:  82.99; ppl:   2.05; 5408 src tok/s; 5600 tgt tok/s;     15 s elapsed
Epoch 13,   150/  454; acc:  83.26; ppl:   2.02; 5393 src tok/s; 5586 tgt tok/s;     23 s elapsed
Epoch 13,   200/  454; acc:  84.15; ppl:   1.90; 5383 src tok/s; 5632 tgt tok/s;     31 s elapsed
Epoch 13,   250/  454; acc:  82.52; ppl:   2.10; 5543 src tok/s; 5706 tgt tok/s;     39 s elapsed
Epoch 13,   300/  454; acc:  84.75; ppl:   1.85; 5382 src tok/s; 5630 tgt tok/s;     46 s elapsed
Epoch 13,   350/  454; acc:  84.32; ppl:   1.90; 5476 src tok/s; 5680 tgt tok/s;     54 s elapsed
Epoch 13,   400/  454; acc:  82.94; ppl:   2.03; 5491 src tok/s; 5663 tgt tok/s;     62 s elapsed
Epoch 13,   450/  454; acc:  83.41; ppl:   1.98; 5381 src tok/s; 5613 tgt tok/s;     69 s elapsed
Train perplexity: 1.97117
Train accuracy: 83.5723
Validation perplexity: 6.49234
Validation accuracy: 69.5615
Decaying learning rate to 0.015625

Epoch 14,    50/  454; acc:  83.78; ppl:   1.94; 5412 src tok/s; 5609 tgt tok/s;      8 s elapsed
Epoch 14,   100/  454; acc:  84.32; ppl:   1.93; 5425 src tok/s; 5633 tgt tok/s;     15 s elapsed
Epoch 14,   150/  454; acc:  83.75; ppl:   1.93; 5408 src tok/s; 5580 tgt tok/s;     23 s elapsed
Epoch 14,   200/  454; acc:  83.86; ppl:   1.96; 5297 src tok/s; 5496 tgt tok/s;     31 s elapsed
Epoch 14,   250/  454; acc:  84.76; ppl:   1.87; 5344 src tok/s; 5576 tgt tok/s;     39 s elapsed
Epoch 14,   300/  454; acc:  83.38; ppl:   2.02; 5345 src tok/s; 5542 tgt tok/s;     47 s elapsed
Epoch 14,   350/  454; acc:  84.33; ppl:   1.90; 5238 src tok/s; 5498 tgt tok/s;     54 s elapsed
Epoch 14,   400/  454; acc:  83.31; ppl:   1.98; 5507 src tok/s; 5660 tgt tok/s;     62 s elapsed
Epoch 14,   450/  454; acc:  83.83; ppl:   1.98; 5287 src tok/s; 5505 tgt tok/s;     70 s elapsed
Train perplexity: 1.94413
Train accuracy: 83.9296
Validation perplexity: 6.52327
Validation accuracy: 69.6538
Decaying learning rate to 0.0078125

Epoch 15,    50/  454; acc:  83.09; ppl:   2.03; 5303 src tok/s; 5498 tgt tok/s;      8 s elapsed
Epoch 15,   100/  454; acc:  84.68; ppl:   1.87; 5273 src tok/s; 5471 tgt tok/s;     16 s elapsed
Epoch 15,   150/  454; acc:  84.39; ppl:   1.90; 5400 src tok/s; 5619 tgt tok/s;     23 s elapsed
Epoch 15,   200/  454; acc:  83.62; ppl:   1.96; 5307 src tok/s; 5490 tgt tok/s;     32 s elapsed
Epoch 15,   250/  454; acc:  84.11; ppl:   1.93; 5374 src tok/s; 5550 tgt tok/s;     40 s elapsed
Epoch 15,   300/  454; acc:  84.15; ppl:   1.94; 4831 src tok/s; 5040 tgt tok/s;     48 s elapsed
Epoch 15,   350/  454; acc:  84.05; ppl:   1.92; 5707 src tok/s; 5924 tgt tok/s;     55 s elapsed
Epoch 15,   400/  454; acc:  84.26; ppl:   1.92; 5463 src tok/s; 5696 tgt tok/s;     63 s elapsed
Epoch 15,   450/  454; acc:  83.83; ppl:   1.95; 5628 src tok/s; 5807 tgt tok/s;     71 s elapsed
Train perplexity: 1.93471
Train accuracy: 84.0322
Validation perplexity: 6.54111
Validation accuracy: 69.6325
Decaying learning rate to 0.00390625

Epoch 16,    50/  454; acc:  83.98; ppl:   1.92; 5380 src tok/s; 5566 tgt tok/s;      8 s elapsed
Epoch 16,   100/  454; acc:  84.04; ppl:   1.93; 5446 src tok/s; 5627 tgt tok/s;     15 s elapsed
Epoch 16,   150/  454; acc:  83.48; ppl:   1.98; 5086 src tok/s; 5270 tgt tok/s;     24 s elapsed
Epoch 16,   200/  454; acc:  84.71; ppl:   1.89; 5600 src tok/s; 5824 tgt tok/s;     31 s elapsed
Epoch 16,   250/  454; acc:  84.54; ppl:   1.87; 5495 src tok/s; 5728 tgt tok/s;     39 s elapsed
Epoch 16,   300/  454; acc:  83.70; ppl:   1.96; 5545 src tok/s; 5748 tgt tok/s;     46 s elapsed
Epoch 16,   350/  454; acc:  83.76; ppl:   1.96; 5630 src tok/s; 5834 tgt tok/s;     54 s elapsed
Epoch 16,   400/  454; acc:  84.76; ppl:   1.87; 5165 src tok/s; 5373 tgt tok/s;     62 s elapsed
Epoch 16,   450/  454; acc:  83.87; ppl:   1.96; 5333 src tok/s; 5543 tgt tok/s;     70 s elapsed
Train perplexity: 1.92608
Train accuracy: 84.11
Validation perplexity: 6.53724
Validation accuracy: 69.6396
Decaying learning rate to 0.00195312

Epoch 17,    50/  454; acc:  84.33; ppl:   1.90; 5516 src tok/s; 5680 tgt tok/s;      8 s elapsed
Epoch 17,   100/  454; acc:  84.05; ppl:   1.93; 5469 src tok/s; 5688 tgt tok/s;     15 s elapsed
Epoch 17,   150/  454; acc:  85.18; ppl:   1.84; 5336 src tok/s; 5598 tgt tok/s;     23 s elapsed
Epoch 17,   200/  454; acc:  83.03; ppl:   2.01; 5461 src tok/s; 5653 tgt tok/s;     31 s elapsed
Epoch 17,   250/  454; acc:  85.25; ppl:   1.82; 5149 src tok/s; 5409 tgt tok/s;     38 s elapsed
Epoch 17,   300/  454; acc:  83.25; ppl:   2.01; 5390 src tok/s; 5551 tgt tok/s;     47 s elapsed
Epoch 17,   350/  454; acc:  84.09; ppl:   1.93; 5466 src tok/s; 5658 tgt tok/s;     54 s elapsed
Epoch 17,   400/  454; acc:  83.72; ppl:   1.94; 5441 src tok/s; 5646 tgt tok/s;     62 s elapsed
Epoch 17,   450/  454; acc:  84.16; ppl:   1.94; 5454 src tok/s; 5638 tgt tok/s;     70 s elapsed
Train perplexity: 1.92473
Train accuracy: 84.1076
Validation perplexity: 6.5428
Validation accuracy: 69.6679
Decaying learning rate to 0.000976562
