<module 'opts' from '/u/suhubdyd/research/projects/jumble_lstm/code/auxiliary-nmt/opts.pyc'>
Namespace(batch_size=64, brnn=False, brnn_merge='concat', cnn_kernel_width=3, context_gate=None, copy_attn=False, copy_attn_force=False, coverage_attn=False, data='/data/lisatmp3/suhubdyd/multi30k.atok.low', dec_layers=1, decay_method='', decoder_type='rnn', dropout=0.3, enc_layers=2, encoder_type='rnn', epochs=17, exp='', exp_host='', feat_merge='concat', feat_vec_exponent=0.7, feat_vec_size=-1, fix_word_vecs_dec=False, fix_word_vecs_enc=False, global_attention='general', gpuid=[0], input_feed=1, kappa_dec=0.3, kappa_enc=0.05, lambda_coverage=1, layers=-1, learning_rate=1.0, learning_rate_decay=0.5, max_generator_batches=32, max_grad_norm=5, model_type='text', optim='sgd', param_init=0.1, position_encoding=False, pre_word_vecs_dec=None, pre_word_vecs_enc=None, report_every=50, rnn_size=500, rnn_type='LSTM', save_model='/data/lisatmp3/suhubdyd/models/seeds/encoder0.05decoder0.3dropout0.3wdropFalseseed2', seed=2, share_decoder_embeddings=False, share_embeddings=False, src_word_vec_size=500, start_checkpoint_at=0, start_decay_at=8, start_epoch=1, tgt_word_vec_size=500, train_from='', truncated_decoder=0, warmup_steps=4000, weightdropout=False, word_vec_size=-1)
('Using Kappa L2 loss on encoder', 0.05)
('Using Kappa L2 loss on decoder', 0.3)
Loading train and validate data from '/data/lisatmp3/suhubdyd/multi30k.atok.low'
 * number of training sentences: 29000
 * maximum batch size: 64
 * vocabulary size. source = 10841; target = 18563
Building model...
Intializing model parameters.
NMTModel (
  (encoder): RNNEncoder (
    (embeddings): Embeddings (
      (make_embedding): Sequential (
        (emb_luts): Elementwise (
          (0): Embedding(10841, 500, padding_idx=1)
        )
      )
    )
    (dropout): Dropout (p = 0.3)
    (rnn): LSTM(500, 500, dropout=0.3)
  )
  (decoder): InputFeedRNNDecoder (
    (embeddings): Embeddings (
      (make_embedding): Sequential (
        (emb_luts): Elementwise (
          (0): Embedding(18563, 500, padding_idx=1)
        )
      )
    )
    (dropout): Dropout (p = 0.3)
    (rnn): StackedLSTM (
      (dropout): Dropout (p = 0.3)
      (layers): ModuleList (
        (0): LSTMCell(1000, 500)
      )
    )
    (attn): GlobalAttention (
      (linear_in): Linear (500 -> 500)
      (linear_out): Linear (1000 -> 500)
      (sm): Softmax ()
      (tanh): Tanh ()
    )
  )
  (generator): Sequential (
    (0): Linear (500 -> 18563)
    (1): LogSoftmax ()
  )
)
* number of parameters: 29760063
('encoder: ', 7424500)
('decoder: ', 22335563)

Epoch  1,    50/  454; acc:   9.70; ppl: 19580.60; 5220 src tok/s; 5436 tgt tok/s;      8 s elapsed
Epoch  1,   100/  454; acc:  15.55; ppl: 1124.54; 5548 src tok/s; 5733 tgt tok/s;     16 s elapsed
Epoch  1,   150/  454; acc:  19.10; ppl: 435.91; 5363 src tok/s; 5578 tgt tok/s;     23 s elapsed
Epoch  1,   200/  454; acc:  22.04; ppl: 236.42; 5265 src tok/s; 5470 tgt tok/s;     31 s elapsed
Epoch  1,   250/  454; acc:  26.11; ppl: 156.72; 5212 src tok/s; 5449 tgt tok/s;     39 s elapsed
Epoch  1,   300/  454; acc:  27.30; ppl: 119.78; 5264 src tok/s; 5432 tgt tok/s;     47 s elapsed
Epoch  1,   350/  454; acc:  29.67; ppl:  96.86; 5242 src tok/s; 5431 tgt tok/s;     55 s elapsed
Epoch  1,   400/  454; acc:  31.36; ppl:  81.19; 5158 src tok/s; 5349 tgt tok/s;     64 s elapsed
Epoch  1,   450/  454; acc:  33.31; ppl:  67.94; 5263 src tok/s; 5458 tgt tok/s;     71 s elapsed
Train perplexity: 299.544
Train accuracy: 23.9004
Validation perplexity: 58.236
Validation accuracy: 35.1923

Epoch  2,    50/  454; acc:  35.15; ppl:  55.97; 5128 src tok/s; 5284 tgt tok/s;      9 s elapsed
Epoch  2,   100/  454; acc:  40.03; ppl:  40.80; 5112 src tok/s; 5350 tgt tok/s;     16 s elapsed
Epoch  2,   150/  454; acc:  42.71; ppl:  33.96; 5292 src tok/s; 5527 tgt tok/s;     24 s elapsed
Epoch  2,   200/  454; acc:  42.09; ppl:  34.55; 5369 src tok/s; 5519 tgt tok/s;     32 s elapsed
Epoch  2,   250/  454; acc:  46.24; ppl:  26.47; 5247 src tok/s; 5469 tgt tok/s;     40 s elapsed
Epoch  2,   300/  454; acc:  46.69; ppl:  25.93; 5318 src tok/s; 5483 tgt tok/s;     48 s elapsed
Epoch  2,   350/  454; acc:  48.83; ppl:  22.30; 5305 src tok/s; 5529 tgt tok/s;     56 s elapsed
Epoch  2,   400/  454; acc:  51.41; ppl:  18.76; 5149 src tok/s; 5363 tgt tok/s;     64 s elapsed
Epoch  2,   450/  454; acc:  51.68; ppl:  18.37; 5149 src tok/s; 5315 tgt tok/s;     72 s elapsed
Train perplexity: 28.8407
Train accuracy: 45.0256
Validation perplexity: 16.3241
Validation accuracy: 53.9449

Epoch  3,    50/  454; acc:  54.45; ppl:  14.27; 5204 src tok/s; 5424 tgt tok/s;      8 s elapsed
Epoch  3,   100/  454; acc:  54.38; ppl:  14.58; 5289 src tok/s; 5449 tgt tok/s;     16 s elapsed
Epoch  3,   150/  454; acc:  54.28; ppl:  14.40; 5366 src tok/s; 5548 tgt tok/s;     24 s elapsed
Epoch  3,   200/  454; acc:  57.75; ppl:  11.63; 5188 src tok/s; 5418 tgt tok/s;     32 s elapsed
Epoch  3,   250/  454; acc:  58.53; ppl:  11.48; 5125 src tok/s; 5359 tgt tok/s;     40 s elapsed
Epoch  3,   300/  454; acc:  56.14; ppl:  12.92; 5210 src tok/s; 5373 tgt tok/s;     48 s elapsed
Epoch  3,   350/  454; acc:  58.60; ppl:  11.11; 5189 src tok/s; 5444 tgt tok/s;     56 s elapsed
Epoch  3,   400/  454; acc:  58.13; ppl:  11.33; 5222 src tok/s; 5388 tgt tok/s;     64 s elapsed
Epoch  3,   450/  454; acc:  58.49; ppl:  11.13; 5157 src tok/s; 5337 tgt tok/s;     72 s elapsed
Train perplexity: 12.4677
Train accuracy: 56.7427
Validation perplexity: 9.64234
Validation accuracy: 61.771

Epoch  4,    50/  454; acc:  61.86; ppl:   8.47; 5242 src tok/s; 5416 tgt tok/s;      8 s elapsed
Epoch  4,   100/  454; acc:  61.91; ppl:   8.47; 5122 src tok/s; 5306 tgt tok/s;     16 s elapsed
Epoch  4,   150/  454; acc:  61.19; ppl:   8.92; 5190 src tok/s; 5414 tgt tok/s;     24 s elapsed
Epoch  4,   200/  454; acc:  61.69; ppl:   8.56; 5339 src tok/s; 5532 tgt tok/s;     32 s elapsed
Epoch  4,   250/  454; acc:  62.34; ppl:   8.08; 5248 src tok/s; 5460 tgt tok/s;     40 s elapsed
Epoch  4,   300/  454; acc:  61.58; ppl:   8.41; 5180 src tok/s; 5406 tgt tok/s;     48 s elapsed
Epoch  4,   350/  454; acc:  63.60; ppl:   7.60; 5238 src tok/s; 5459 tgt tok/s;     56 s elapsed
Epoch  4,   400/  454; acc:  61.17; ppl:   8.46; 5230 src tok/s; 5405 tgt tok/s;     64 s elapsed
Epoch  4,   450/  454; acc:  62.45; ppl:   7.82; 5161 src tok/s; 5324 tgt tok/s;     72 s elapsed
Train perplexity: 8.28748
Train accuracy: 62.0073
Validation perplexity: 8.17215
Validation accuracy: 63.5093

Epoch  5,    50/  454; acc:  65.09; ppl:   6.62; 5280 src tok/s; 5436 tgt tok/s;      8 s elapsed
Epoch  5,   100/  454; acc:  66.36; ppl:   5.94; 5145 src tok/s; 5388 tgt tok/s;     16 s elapsed
Epoch  5,   150/  454; acc:  66.07; ppl:   6.08; 5152 src tok/s; 5402 tgt tok/s;     24 s elapsed
Epoch  5,   200/  454; acc:  64.93; ppl:   6.46; 5263 src tok/s; 5424 tgt tok/s;     32 s elapsed
Epoch  5,   250/  454; acc:  65.02; ppl:   6.47; 5274 src tok/s; 5453 tgt tok/s;     40 s elapsed
Epoch  5,   300/  454; acc:  65.84; ppl:   6.09; 5348 src tok/s; 5553 tgt tok/s;     48 s elapsed
Epoch  5,   350/  454; acc:  65.26; ppl:   6.34; 5269 src tok/s; 5490 tgt tok/s;     56 s elapsed
Epoch  5,   400/  454; acc:  65.31; ppl:   6.44; 5306 src tok/s; 5491 tgt tok/s;     64 s elapsed
Epoch  5,   450/  454; acc:  65.50; ppl:   6.26; 5189 src tok/s; 5367 tgt tok/s;     72 s elapsed
Train perplexity: 6.2897
Train accuracy: 65.5036
Validation perplexity: 7.10073
Validation accuracy: 65.95

Epoch  6,    50/  454; acc:  68.12; ppl:   5.05; 5219 src tok/s; 5389 tgt tok/s;      8 s elapsed
Epoch  6,   100/  454; acc:  69.00; ppl:   4.78; 5187 src tok/s; 5414 tgt tok/s;     16 s elapsed
Epoch  6,   150/  454; acc:  68.74; ppl:   4.89; 5284 src tok/s; 5504 tgt tok/s;     24 s elapsed
Epoch  6,   200/  454; acc:  67.23; ppl:   5.38; 5222 src tok/s; 5432 tgt tok/s;     32 s elapsed
Epoch  6,   250/  454; acc:  68.42; ppl:   5.00; 5298 src tok/s; 5500 tgt tok/s;     40 s elapsed
Epoch  6,   300/  454; acc:  67.80; ppl:   5.13; 5183 src tok/s; 5348 tgt tok/s;     48 s elapsed
Epoch  6,   350/  454; acc:  67.42; ppl:   5.28; 5252 src tok/s; 5471 tgt tok/s;     56 s elapsed
Epoch  6,   400/  454; acc:  68.33; ppl:   4.96; 5313 src tok/s; 5492 tgt tok/s;     64 s elapsed
Epoch  6,   450/  454; acc:  67.61; ppl:   5.17; 5231 src tok/s; 5436 tgt tok/s;     72 s elapsed
Train perplexity: 5.07975
Train accuracy: 68.0323
Validation perplexity: 6.83511
Validation accuracy: 65.95

Epoch  7,    50/  454; acc:  70.83; ppl:   4.05; 5134 src tok/s; 5348 tgt tok/s;      8 s elapsed
Epoch  7,   100/  454; acc:  70.84; ppl:   4.06; 5286 src tok/s; 5467 tgt tok/s;     16 s elapsed
Epoch  7,   150/  454; acc:  71.12; ppl:   4.03; 5120 src tok/s; 5353 tgt tok/s;     24 s elapsed
Epoch  7,   200/  454; acc:  69.30; ppl:   4.50; 5206 src tok/s; 5345 tgt tok/s;     32 s elapsed
Epoch  7,   250/  454; acc:  69.66; ppl:   4.39; 5091 src tok/s; 5311 tgt tok/s;     41 s elapsed
Epoch  7,   300/  454; acc:  70.11; ppl:   4.33; 5193 src tok/s; 5390 tgt tok/s;     49 s elapsed
Epoch  7,   350/  454; acc:  70.29; ppl:   4.27; 5187 src tok/s; 5406 tgt tok/s;     57 s elapsed
Epoch  7,   400/  454; acc:  69.15; ppl:   4.51; 5340 src tok/s; 5494 tgt tok/s;     65 s elapsed
Epoch  7,   450/  454; acc:  69.64; ppl:   4.46; 5038 src tok/s; 5235 tgt tok/s;     73 s elapsed
Train perplexity: 4.28409
Train accuracy: 70.1116
Validation perplexity: 6.65918
Validation accuracy: 66.1629

Epoch  8,    50/  454; acc:  73.46; ppl:   3.35; 5142 src tok/s; 5344 tgt tok/s;      8 s elapsed
Epoch  8,   100/  454; acc:  72.33; ppl:   3.60; 5166 src tok/s; 5367 tgt tok/s;     16 s elapsed
Epoch  8,   150/  454; acc:  73.24; ppl:   3.37; 5254 src tok/s; 5484 tgt tok/s;     24 s elapsed
Epoch  8,   200/  454; acc:  70.66; ppl:   3.97; 5197 src tok/s; 5355 tgt tok/s;     32 s elapsed
Epoch  8,   250/  454; acc:  71.92; ppl:   3.70; 5231 src tok/s; 5405 tgt tok/s;     40 s elapsed
Epoch  8,   300/  454; acc:  71.09; ppl:   3.83; 5313 src tok/s; 5516 tgt tok/s;     48 s elapsed
Epoch  8,   350/  454; acc:  70.77; ppl:   3.97; 5302 src tok/s; 5497 tgt tok/s;     56 s elapsed
Epoch  8,   400/  454; acc:  71.65; ppl:   3.75; 5165 src tok/s; 5379 tgt tok/s;     64 s elapsed
Epoch  8,   450/  454; acc:  71.41; ppl:   3.87; 5129 src tok/s; 5329 tgt tok/s;     72 s elapsed
Train perplexity: 3.7134
Train accuracy: 71.8043
Validation perplexity: 6.61498
Validation accuracy: 66.9789
Decaying learning rate to 0.5

Epoch  9,    50/  454; acc:  76.62; ppl:   2.85; 5105 src tok/s; 5286 tgt tok/s;      8 s elapsed
Epoch  9,   100/  454; acc:  76.76; ppl:   2.77; 5219 src tok/s; 5417 tgt tok/s;     16 s elapsed
Epoch  9,   150/  454; acc:  76.67; ppl:   2.77; 5320 src tok/s; 5525 tgt tok/s;     24 s elapsed
Epoch  9,   200/  454; acc:  76.89; ppl:   2.81; 5202 src tok/s; 5398 tgt tok/s;     32 s elapsed
Epoch  9,   250/  454; acc:  76.81; ppl:   2.79; 5321 src tok/s; 5531 tgt tok/s;     40 s elapsed
Epoch  9,   300/  454; acc:  76.50; ppl:   2.84; 5233 src tok/s; 5450 tgt tok/s;     48 s elapsed
Epoch  9,   350/  454; acc:  77.33; ppl:   2.66; 5242 src tok/s; 5468 tgt tok/s;     56 s elapsed
Epoch  9,   400/  454; acc:  76.03; ppl:   2.91; 5305 src tok/s; 5470 tgt tok/s;     64 s elapsed
Epoch  9,   450/  454; acc:  76.44; ppl:   2.79; 5135 src tok/s; 5323 tgt tok/s;     72 s elapsed
Train perplexity: 2.79985
Train accuracy: 76.6554
Validation perplexity: 6.15311
Validation accuracy: 69.1216
Decaying learning rate to 0.25

Epoch 10,    50/  454; acc:  79.70; ppl:   2.37; 5198 src tok/s; 5362 tgt tok/s;      8 s elapsed
Epoch 10,   100/  454; acc:  80.75; ppl:   2.29; 5183 src tok/s; 5406 tgt tok/s;     16 s elapsed
Epoch 10,   150/  454; acc:  81.08; ppl:   2.20; 5281 src tok/s; 5493 tgt tok/s;     24 s elapsed
Epoch 10,   200/  454; acc:  79.32; ppl:   2.44; 5187 src tok/s; 5366 tgt tok/s;     32 s elapsed
Epoch 10,   250/  454; acc:  80.99; ppl:   2.23; 5268 src tok/s; 5464 tgt tok/s;     40 s elapsed
Epoch 10,   300/  454; acc:  79.74; ppl:   2.38; 5182 src tok/s; 5378 tgt tok/s;     48 s elapsed
Epoch 10,   350/  454; acc:  79.53; ppl:   2.40; 5074 src tok/s; 5254 tgt tok/s;     57 s elapsed
Epoch 10,   400/  454; acc:  80.21; ppl:   2.30; 5276 src tok/s; 5502 tgt tok/s;     64 s elapsed
Epoch 10,   450/  454; acc:  80.11; ppl:   2.32; 5230 src tok/s; 5432 tgt tok/s;     72 s elapsed
Train perplexity: 2.32697
Train accuracy: 80.1458
Validation perplexity: 6.0648
Validation accuracy: 69.5899
Decaying learning rate to 0.125

Epoch 11,    50/  454; acc:  82.32; ppl:   2.10; 5228 src tok/s; 5436 tgt tok/s;      8 s elapsed
Epoch 11,   100/  454; acc:  82.15; ppl:   2.09; 5329 src tok/s; 5537 tgt tok/s;     16 s elapsed
Epoch 11,   150/  454; acc:  81.97; ppl:   2.13; 5251 src tok/s; 5472 tgt tok/s;     24 s elapsed
Epoch 11,   200/  454; acc:  82.27; ppl:   2.08; 5151 src tok/s; 5332 tgt tok/s;     32 s elapsed
Epoch 11,   250/  454; acc:  81.65; ppl:   2.16; 5213 src tok/s; 5370 tgt tok/s;     40 s elapsed
Epoch 11,   300/  454; acc:  82.37; ppl:   2.06; 5283 src tok/s; 5502 tgt tok/s;     48 s elapsed
Epoch 11,   350/  454; acc:  82.67; ppl:   2.06; 5223 src tok/s; 5463 tgt tok/s;     56 s elapsed
Epoch 11,   400/  454; acc:  81.86; ppl:   2.15; 5265 src tok/s; 5442 tgt tok/s;     64 s elapsed
Epoch 11,   450/  454; acc:  81.86; ppl:   2.15; 5135 src tok/s; 5302 tgt tok/s;     72 s elapsed
Train perplexity: 2.10679
Train accuracy: 82.1478
Validation perplexity: 6.2305
Validation accuracy: 69.8666
Decaying learning rate to 0.0625

Epoch 12,    50/  454; acc:  82.74; ppl:   2.06; 5154 src tok/s; 5300 tgt tok/s;      9 s elapsed
Epoch 12,   100/  454; acc:  84.21; ppl:   1.92; 5168 src tok/s; 5424 tgt tok/s;     16 s elapsed
Epoch 12,   150/  454; acc:  82.99; ppl:   2.01; 5258 src tok/s; 5459 tgt tok/s;     24 s elapsed
Epoch 12,   200/  454; acc:  83.16; ppl:   2.00; 5200 src tok/s; 5408 tgt tok/s;     32 s elapsed
Epoch 12,   250/  454; acc:  83.49; ppl:   1.97; 5198 src tok/s; 5423 tgt tok/s;     40 s elapsed
Epoch 12,   300/  454; acc:  82.85; ppl:   2.05; 5243 src tok/s; 5409 tgt tok/s;     48 s elapsed
Epoch 12,   350/  454; acc:  83.10; ppl:   2.02; 5208 src tok/s; 5390 tgt tok/s;     56 s elapsed
Epoch 12,   400/  454; acc:  82.59; ppl:   2.05; 5239 src tok/s; 5428 tgt tok/s;     65 s elapsed
Epoch 12,   450/  454; acc:  83.05; ppl:   2.02; 5203 src tok/s; 5415 tgt tok/s;     72 s elapsed
Train perplexity: 2.00969
Train accuracy: 83.143
Validation perplexity: 6.28414
Validation accuracy: 70.044
Decaying learning rate to 0.03125

Epoch 13,    50/  454; acc:  84.09; ppl:   1.91; 5251 src tok/s; 5458 tgt tok/s;      8 s elapsed
Epoch 13,   100/  454; acc:  83.26; ppl:   2.00; 5128 src tok/s; 5321 tgt tok/s;     16 s elapsed
Epoch 13,   150/  454; acc:  84.56; ppl:   1.86; 5337 src tok/s; 5527 tgt tok/s;     24 s elapsed
Epoch 13,   200/  454; acc:  83.39; ppl:   2.03; 5229 src tok/s; 5428 tgt tok/s;     32 s elapsed
Epoch 13,   250/  454; acc:  84.05; ppl:   1.92; 5193 src tok/s; 5390 tgt tok/s;     40 s elapsed
Epoch 13,   300/  454; acc:  83.36; ppl:   1.97; 5170 src tok/s; 5368 tgt tok/s;     48 s elapsed
Epoch 13,   350/  454; acc:  83.27; ppl:   2.01; 5226 src tok/s; 5406 tgt tok/s;     56 s elapsed
Epoch 13,   400/  454; acc:  83.80; ppl:   1.93; 5167 src tok/s; 5384 tgt tok/s;     64 s elapsed
Epoch 13,   450/  454; acc:  83.08; ppl:   2.01; 5215 src tok/s; 5400 tgt tok/s;     72 s elapsed
Train perplexity: 1.95772
Train accuracy: 83.6706
Validation perplexity: 6.3571
Validation accuracy: 69.895
Decaying learning rate to 0.015625

Epoch 14,    50/  454; acc:  84.77; ppl:   1.85; 5125 src tok/s; 5365 tgt tok/s;      8 s elapsed
Epoch 14,   100/  454; acc:  83.10; ppl:   2.00; 5260 src tok/s; 5412 tgt tok/s;     16 s elapsed
Epoch 14,   150/  454; acc:  84.46; ppl:   1.89; 5190 src tok/s; 5383 tgt tok/s;     24 s elapsed
Epoch 14,   200/  454; acc:  83.60; ppl:   1.97; 5197 src tok/s; 5378 tgt tok/s;     32 s elapsed
Epoch 14,   250/  454; acc:  83.92; ppl:   1.95; 5198 src tok/s; 5393 tgt tok/s;     40 s elapsed
Epoch 14,   300/  454; acc:  83.90; ppl:   1.95; 5248 src tok/s; 5447 tgt tok/s;     48 s elapsed
Epoch 14,   350/  454; acc:  84.93; ppl:   1.85; 5136 src tok/s; 5356 tgt tok/s;     56 s elapsed
Epoch 14,   400/  454; acc:  83.31; ppl:   2.01; 5289 src tok/s; 5464 tgt tok/s;     64 s elapsed
Epoch 14,   450/  454; acc:  83.97; ppl:   1.93; 5213 src tok/s; 5431 tgt tok/s;     73 s elapsed
Train perplexity: 1.93418
Train accuracy: 83.979
Validation perplexity: 6.39737
Validation accuracy: 69.8737
Decaying learning rate to 0.0078125

Epoch 15,    50/  454; acc:  84.75; ppl:   1.87; 5233 src tok/s; 5449 tgt tok/s;      8 s elapsed
Epoch 15,   100/  454; acc:  83.70; ppl:   1.96; 5199 src tok/s; 5413 tgt tok/s;     16 s elapsed
Epoch 15,   150/  454; acc:  84.59; ppl:   1.86; 5235 src tok/s; 5428 tgt tok/s;     24 s elapsed
Epoch 15,   200/  454; acc:  84.16; ppl:   1.95; 5206 src tok/s; 5389 tgt tok/s;     32 s elapsed
Epoch 15,   250/  454; acc:  83.65; ppl:   1.99; 5283 src tok/s; 5460 tgt tok/s;     40 s elapsed
Epoch 15,   300/  454; acc:  84.36; ppl:   1.92; 5199 src tok/s; 5401 tgt tok/s;     48 s elapsed
Epoch 15,   350/  454; acc:  83.71; ppl:   1.96; 5084 src tok/s; 5278 tgt tok/s;     56 s elapsed
Epoch 15,   400/  454; acc:  84.72; ppl:   1.87; 5334 src tok/s; 5539 tgt tok/s;     64 s elapsed
Epoch 15,   450/  454; acc:  83.86; ppl:   1.97; 5239 src tok/s; 5432 tgt tok/s;     72 s elapsed
Train perplexity: 1.92561
Train accuracy: 84.1802
Validation perplexity: 6.40654
Validation accuracy: 69.8666
Decaying learning rate to 0.00390625

Epoch 16,    50/  454; acc:  85.36; ppl:   1.80; 5142 src tok/s; 5376 tgt tok/s;      8 s elapsed
Epoch 16,   100/  454; acc:  82.97; ppl:   2.07; 5191 src tok/s; 5354 tgt tok/s;     16 s elapsed
Epoch 16,   150/  454; acc:  83.55; ppl:   1.98; 5137 src tok/s; 5311 tgt tok/s;     25 s elapsed
Epoch 16,   200/  454; acc:  84.82; ppl:   1.85; 5176 src tok/s; 5381 tgt tok/s;     33 s elapsed
Epoch 16,   250/  454; acc:  84.08; ppl:   1.92; 5204 src tok/s; 5383 tgt tok/s;     41 s elapsed
Epoch 16,   300/  454; acc:  84.47; ppl:   1.90; 5209 src tok/s; 5415 tgt tok/s;     49 s elapsed
Epoch 16,   350/  454; acc:  83.92; ppl:   1.95; 5247 src tok/s; 5415 tgt tok/s;     57 s elapsed
Epoch 16,   400/  454; acc:  84.44; ppl:   1.90; 5165 src tok/s; 5411 tgt tok/s;     65 s elapsed
Epoch 16,   450/  454; acc:  84.58; ppl:   1.90; 5073 src tok/s; 5273 tgt tok/s;     73 s elapsed
Train perplexity: 1.9204
Train accuracy: 84.2187
Validation perplexity: 6.40957
Validation accuracy: 69.8666
Decaying learning rate to 0.00195312

Epoch 17,    50/  454; acc:  83.66; ppl:   1.97; 5220 src tok/s; 5402 tgt tok/s;      8 s elapsed
Epoch 17,   100/  454; acc:  85.07; ppl:   1.84; 5258 src tok/s; 5473 tgt tok/s;     16 s elapsed
Epoch 17,   150/  454; acc:  84.82; ppl:   1.87; 5274 src tok/s; 5476 tgt tok/s;     24 s elapsed
Epoch 17,   200/  454; acc:  83.55; ppl:   1.99; 5205 src tok/s; 5397 tgt tok/s;     32 s elapsed
Epoch 17,   250/  454; acc:  84.49; ppl:   1.89; 5214 src tok/s; 5454 tgt tok/s;     40 s elapsed
Epoch 17,   300/  454; acc:  83.90; ppl:   1.93; 5312 src tok/s; 5472 tgt tok/s;     48 s elapsed
Epoch 17,   350/  454; acc:  84.49; ppl:   1.90; 5342 src tok/s; 5541 tgt tok/s;     56 s elapsed
Epoch 17,   400/  454; acc:  84.53; ppl:   1.91; 5284 src tok/s; 5505 tgt tok/s;     64 s elapsed
Epoch 17,   450/  454; acc:  83.99; ppl:   1.94; 5214 src tok/s; 5400 tgt tok/s;     72 s elapsed
Train perplexity: 1.91505
Train accuracy: 84.279
Validation perplexity: 6.41386
Validation accuracy: 69.8808
Decaying learning rate to 0.000976562
