<module 'opts' from '/u/suhubdyd/research/projects/jumble_lstm/code/auxiliary-nmt/opts.pyc'>
Namespace(batch_size=64, brnn=False, brnn_merge='concat', cnn_kernel_width=3, context_gate=None, copy_attn=False, copy_attn_force=False, coverage_attn=False, data='/data/lisatmp3/suhubdyd/multi30k.atok.low', dec_layers=1, decay_method='', decoder_type='rnn', dropout=0.3, enc_layers=2, encoder_type='rnn', epochs=17, exp='', exp_host='', feat_merge='concat', feat_vec_exponent=0.7, feat_vec_size=-1, fix_word_vecs_dec=False, fix_word_vecs_enc=False, global_attention='general', gpuid=[0], input_feed=1, kappa_dec=0.3, kappa_enc=0.15, lambda_coverage=1, layers=-1, learning_rate=1.0, learning_rate_decay=0.5, max_generator_batches=32, max_grad_norm=5, model_type='text', optim='sgd', param_init=0.1, position_encoding=False, pre_word_vecs_dec=None, pre_word_vecs_enc=None, report_every=50, rnn_size=500, rnn_type='LSTM', save_model='/data/lisatmp3/suhubdyd/models/seeds/encoder0.15decoder0.3dropout0.3wdropFalseseed4', seed=4, share_decoder_embeddings=False, share_embeddings=False, src_word_vec_size=500, start_checkpoint_at=0, start_decay_at=8, start_epoch=1, tgt_word_vec_size=500, train_from='', truncated_decoder=0, warmup_steps=4000, weightdropout=False, word_vec_size=-1)
('Using Kappa L2 loss on encoder', 0.15)
('Using Kappa L2 loss on decoder', 0.3)
Loading train and validate data from '/data/lisatmp3/suhubdyd/multi30k.atok.low'
 * number of training sentences: 29000
 * maximum batch size: 64
 * vocabulary size. source = 10841; target = 18563
Building model...
Intializing model parameters.
NMTModel (
  (encoder): RNNEncoder (
    (embeddings): Embeddings (
      (make_embedding): Sequential (
        (emb_luts): Elementwise (
          (0): Embedding(10841, 500, padding_idx=1)
        )
      )
    )
    (dropout): Dropout (p = 0.3)
    (rnn): LSTM(500, 500, dropout=0.3)
  )
  (decoder): InputFeedRNNDecoder (
    (embeddings): Embeddings (
      (make_embedding): Sequential (
        (emb_luts): Elementwise (
          (0): Embedding(18563, 500, padding_idx=1)
        )
      )
    )
    (dropout): Dropout (p = 0.3)
    (rnn): StackedLSTM (
      (dropout): Dropout (p = 0.3)
      (layers): ModuleList (
        (0): LSTMCell(1000, 500)
      )
    )
    (attn): GlobalAttention (
      (linear_in): Linear (500 -> 500)
      (linear_out): Linear (1000 -> 500)
      (sm): Softmax ()
      (tanh): Tanh ()
    )
  )
  (generator): Sequential (
    (0): Linear (500 -> 18563)
    (1): LogSoftmax ()
  )
)
* number of parameters: 29760063
('encoder: ', 7424500)
('decoder: ', 22335563)

Epoch  1,    50/  454; acc:   8.95; ppl: 10535.73; 5418 src tok/s; 5612 tgt tok/s;      8 s elapsed
Epoch  1,   100/  454; acc:  15.71; ppl: 992.79; 5382 src tok/s; 5621 tgt tok/s;     15 s elapsed
Epoch  1,   150/  454; acc:  19.24; ppl: 408.84; 5285 src tok/s; 5496 tgt tok/s;     23 s elapsed
Epoch  1,   200/  454; acc:  21.05; ppl: 263.94; 5337 src tok/s; 5536 tgt tok/s;     31 s elapsed
Epoch  1,   250/  454; acc:  26.41; ppl: 152.25; 5243 src tok/s; 5456 tgt tok/s;     39 s elapsed
Epoch  1,   300/  454; acc:  27.57; ppl: 126.25; 5461 src tok/s; 5626 tgt tok/s;     47 s elapsed
Epoch  1,   350/  454; acc:  31.13; ppl:  83.73; 5380 src tok/s; 5622 tgt tok/s;     54 s elapsed
Epoch  1,   400/  454; acc:  31.71; ppl:  79.64; 5328 src tok/s; 5484 tgt tok/s;     63 s elapsed
Epoch  1,   450/  454; acc:  33.82; ppl:  63.59; 5350 src tok/s; 5553 tgt tok/s;     70 s elapsed
Train perplexity: 274.287
Train accuracy: 24.0278
Validation perplexity: 46.1489
Validation accuracy: 38.9457

Epoch  2,    50/  454; acc:  38.11; ppl:  47.13; 5312 src tok/s; 5552 tgt tok/s;      8 s elapsed
Epoch  2,   100/  454; acc:  39.10; ppl:  43.11; 5310 src tok/s; 5514 tgt tok/s;     16 s elapsed
Epoch  2,   150/  454; acc:  41.40; ppl:  36.17; 5347 src tok/s; 5557 tgt tok/s;     24 s elapsed
Epoch  2,   200/  454; acc:  44.39; ppl:  30.61; 5169 src tok/s; 5392 tgt tok/s;     32 s elapsed
Epoch  2,   250/  454; acc:  45.45; ppl:  27.74; 5301 src tok/s; 5448 tgt tok/s;     40 s elapsed
Epoch  2,   300/  454; acc:  49.33; ppl:  22.19; 5358 src tok/s; 5575 tgt tok/s;     47 s elapsed
Epoch  2,   350/  454; acc:  50.21; ppl:  20.53; 5244 src tok/s; 5454 tgt tok/s;     55 s elapsed
Epoch  2,   400/  454; acc:  50.83; ppl:  19.74; 5311 src tok/s; 5465 tgt tok/s;     63 s elapsed
Epoch  2,   450/  454; acc:  52.07; ppl:  17.56; 5245 src tok/s; 5448 tgt tok/s;     71 s elapsed
Train perplexity: 27.7357
Train accuracy: 45.6731
Validation perplexity: 16.8338
Validation accuracy: 53.356

Epoch  3,    50/  454; acc:  56.11; ppl:  13.23; 5272 src tok/s; 5502 tgt tok/s;      8 s elapsed
Epoch  3,   100/  454; acc:  55.02; ppl:  14.06; 5298 src tok/s; 5464 tgt tok/s;     16 s elapsed
Epoch  3,   150/  454; acc:  55.00; ppl:  13.97; 5332 src tok/s; 5478 tgt tok/s;     24 s elapsed
Epoch  3,   200/  454; acc:  58.22; ppl:  11.62; 5260 src tok/s; 5493 tgt tok/s;     32 s elapsed
Epoch  3,   250/  454; acc:  57.90; ppl:  12.10; 5250 src tok/s; 5474 tgt tok/s;     39 s elapsed
Epoch  3,   300/  454; acc:  56.90; ppl:  12.17; 5409 src tok/s; 5572 tgt tok/s;     47 s elapsed
Epoch  3,   350/  454; acc:  58.57; ppl:  11.26; 5298 src tok/s; 5519 tgt tok/s;     55 s elapsed
Epoch  3,   400/  454; acc:  58.76; ppl:  10.98; 5305 src tok/s; 5513 tgt tok/s;     63 s elapsed
Epoch  3,   450/  454; acc:  58.67; ppl:  10.91; 5232 src tok/s; 5466 tgt tok/s;     71 s elapsed
Train perplexity: 12.2074
Train accuracy: 57.2216
Validation perplexity: 10.1453
Validation accuracy: 59.6495

Epoch  4,    50/  454; acc:  60.75; ppl:   9.06; 5256 src tok/s; 5404 tgt tok/s;      8 s elapsed
Epoch  4,   100/  454; acc:  62.40; ppl:   8.02; 5349 src tok/s; 5571 tgt tok/s;     16 s elapsed
Epoch  4,   150/  454; acc:  61.97; ppl:   8.12; 5238 src tok/s; 5485 tgt tok/s;     24 s elapsed
Epoch  4,   200/  454; acc:  61.91; ppl:   8.38; 5346 src tok/s; 5570 tgt tok/s;     32 s elapsed
Epoch  4,   250/  454; acc:  62.25; ppl:   8.30; 5420 src tok/s; 5591 tgt tok/s;     40 s elapsed
Epoch  4,   300/  454; acc:  62.95; ppl:   7.84; 5350 src tok/s; 5559 tgt tok/s;     47 s elapsed
Epoch  4,   350/  454; acc:  63.35; ppl:   7.71; 5244 src tok/s; 5421 tgt tok/s;     55 s elapsed
Epoch  4,   400/  454; acc:  62.47; ppl:   8.19; 5193 src tok/s; 5390 tgt tok/s;     63 s elapsed
Epoch  4,   450/  454; acc:  63.13; ppl:   7.67; 5244 src tok/s; 5446 tgt tok/s;     71 s elapsed
Train perplexity: 8.13115
Train accuracy: 62.3633
Validation perplexity: 8.17342
Validation accuracy: 63.2893

Epoch  5,    50/  454; acc:  64.76; ppl:   6.53; 5284 src tok/s; 5450 tgt tok/s;      8 s elapsed
Epoch  5,   100/  454; acc:  66.23; ppl:   5.93; 5292 src tok/s; 5543 tgt tok/s;     16 s elapsed
Epoch  5,   150/  454; acc:  66.65; ppl:   5.88; 5295 src tok/s; 5517 tgt tok/s;     24 s elapsed
Epoch  5,   200/  454; acc:  65.01; ppl:   6.45; 5353 src tok/s; 5533 tgt tok/s;     32 s elapsed
Epoch  5,   250/  454; acc:  66.04; ppl:   6.01; 5324 src tok/s; 5555 tgt tok/s;     39 s elapsed
Epoch  5,   300/  454; acc:  65.28; ppl:   6.23; 5331 src tok/s; 5496 tgt tok/s;     47 s elapsed
Epoch  5,   350/  454; acc:  64.95; ppl:   6.45; 5273 src tok/s; 5452 tgt tok/s;     56 s elapsed
Epoch  5,   400/  454; acc:  66.32; ppl:   6.02; 5257 src tok/s; 5474 tgt tok/s;     63 s elapsed
Epoch  5,   450/  454; acc:  65.78; ppl:   6.13; 5236 src tok/s; 5436 tgt tok/s;     71 s elapsed
Train perplexity: 6.18955
Train accuracy: 65.6374
Validation perplexity: 7.13519
Validation accuracy: 65.0915

Epoch  6,    50/  454; acc:  68.82; ppl:   4.90; 5333 src tok/s; 5496 tgt tok/s;      8 s elapsed
Epoch  6,   100/  454; acc:  68.45; ppl:   4.88; 5243 src tok/s; 5475 tgt tok/s;     16 s elapsed
Epoch  6,   150/  454; acc:  69.40; ppl:   4.73; 5306 src tok/s; 5543 tgt tok/s;     23 s elapsed
Epoch  6,   200/  454; acc:  68.05; ppl:   5.06; 5334 src tok/s; 5478 tgt tok/s;     32 s elapsed
Epoch  6,   250/  454; acc:  67.59; ppl:   5.14; 5298 src tok/s; 5503 tgt tok/s;     40 s elapsed
Epoch  6,   300/  454; acc:  67.70; ppl:   5.14; 5410 src tok/s; 5612 tgt tok/s;     47 s elapsed
Epoch  6,   350/  454; acc:  68.09; ppl:   5.10; 5378 src tok/s; 5570 tgt tok/s;     55 s elapsed
Epoch  6,   400/  454; acc:  68.06; ppl:   5.08; 5119 src tok/s; 5333 tgt tok/s;     63 s elapsed
Epoch  6,   450/  454; acc:  68.26; ppl:   5.00; 5252 src tok/s; 5497 tgt tok/s;     71 s elapsed
Train perplexity: 5.03138
Train accuracy: 68.1769
Validation perplexity: 7.00633
Validation accuracy: 65.6804

Epoch  7,    50/  454; acc:  70.46; ppl:   4.19; 5255 src tok/s; 5446 tgt tok/s;      8 s elapsed
Epoch  7,   100/  454; acc:  70.84; ppl:   3.99; 5364 src tok/s; 5553 tgt tok/s;     16 s elapsed
Epoch  7,   150/  454; acc:  70.57; ppl:   4.13; 5321 src tok/s; 5513 tgt tok/s;     24 s elapsed
Epoch  7,   200/  454; acc:  70.78; ppl:   4.03; 5272 src tok/s; 5498 tgt tok/s;     32 s elapsed
Epoch  7,   250/  454; acc:  70.48; ppl:   4.18; 5354 src tok/s; 5561 tgt tok/s;     39 s elapsed
Epoch  7,   300/  454; acc:  69.29; ppl:   4.48; 5444 src tok/s; 5649 tgt tok/s;     47 s elapsed
Epoch  7,   350/  454; acc:  69.01; ppl:   4.56; 5365 src tok/s; 5555 tgt tok/s;     55 s elapsed
Epoch  7,   400/  454; acc:  70.10; ppl:   4.27; 5228 src tok/s; 5463 tgt tok/s;     63 s elapsed
Epoch  7,   450/  454; acc:  69.35; ppl:   4.42; 5364 src tok/s; 5555 tgt tok/s;     71 s elapsed
Train perplexity: 4.24893
Train accuracy: 70.0927
Validation perplexity: 6.55196
Validation accuracy: 67.1917

Epoch  8,    50/  454; acc:  74.00; ppl:   3.30; 5288 src tok/s; 5525 tgt tok/s;      8 s elapsed
Epoch  8,   100/  454; acc:  72.07; ppl:   3.64; 5422 src tok/s; 5604 tgt tok/s;     16 s elapsed
Epoch  8,   150/  454; acc:  71.94; ppl:   3.66; 5284 src tok/s; 5479 tgt tok/s;     24 s elapsed
Epoch  8,   200/  454; acc:  71.86; ppl:   3.63; 5353 src tok/s; 5582 tgt tok/s;     31 s elapsed
Epoch  8,   250/  454; acc:  71.42; ppl:   3.78; 5365 src tok/s; 5575 tgt tok/s;     39 s elapsed
Epoch  8,   300/  454; acc:  71.26; ppl:   3.85; 5332 src tok/s; 5518 tgt tok/s;     47 s elapsed
Epoch  8,   350/  454; acc:  70.31; ppl:   4.04; 5413 src tok/s; 5565 tgt tok/s;     56 s elapsed
Epoch  8,   400/  454; acc:  72.46; ppl:   3.57; 5310 src tok/s; 5562 tgt tok/s;     63 s elapsed
Epoch  8,   450/  454; acc:  71.43; ppl:   3.82; 5356 src tok/s; 5540 tgt tok/s;     71 s elapsed
Train perplexity: 3.69305
Train accuracy: 71.8639
Validation perplexity: 6.42573
Validation accuracy: 67.9438
Decaying learning rate to 0.5

Epoch  9,    50/  454; acc:  76.87; ppl:   2.79; 5317 src tok/s; 5509 tgt tok/s;      8 s elapsed
Epoch  9,   100/  454; acc:  76.37; ppl:   2.82; 5248 src tok/s; 5431 tgt tok/s;     16 s elapsed
Epoch  9,   150/  454; acc:  77.07; ppl:   2.73; 5287 src tok/s; 5501 tgt tok/s;     24 s elapsed
Epoch  9,   200/  454; acc:  76.90; ppl:   2.79; 5382 src tok/s; 5578 tgt tok/s;     32 s elapsed
Epoch  9,   250/  454; acc:  76.70; ppl:   2.75; 5311 src tok/s; 5520 tgt tok/s;     39 s elapsed
Epoch  9,   300/  454; acc:  76.73; ppl:   2.77; 5445 src tok/s; 5623 tgt tok/s;     47 s elapsed
Epoch  9,   350/  454; acc:  76.18; ppl:   2.88; 5210 src tok/s; 5409 tgt tok/s;     55 s elapsed
Epoch  9,   400/  454; acc:  76.55; ppl:   2.76; 5269 src tok/s; 5513 tgt tok/s;     63 s elapsed
Epoch  9,   450/  454; acc:  76.68; ppl:   2.81; 5283 src tok/s; 5459 tgt tok/s;     71 s elapsed
Train perplexity: 2.78401
Train accuracy: 76.6996
Validation perplexity: 6.15373
Validation accuracy: 69.3912
Decaying learning rate to 0.25

Epoch 10,    50/  454; acc:  81.14; ppl:   2.22; 5250 src tok/s; 5495 tgt tok/s;      8 s elapsed
Epoch 10,   100/  454; acc:  79.65; ppl:   2.41; 5263 src tok/s; 5436 tgt tok/s;     16 s elapsed
Epoch 10,   150/  454; acc:  80.75; ppl:   2.27; 5299 src tok/s; 5538 tgt tok/s;     24 s elapsed
Epoch 10,   200/  454; acc:  79.79; ppl:   2.34; 5263 src tok/s; 5454 tgt tok/s;     32 s elapsed
Epoch 10,   250/  454; acc:  81.22; ppl:   2.18; 5235 src tok/s; 5500 tgt tok/s;     39 s elapsed
Epoch 10,   300/  454; acc:  79.17; ppl:   2.46; 5352 src tok/s; 5496 tgt tok/s;     48 s elapsed
Epoch 10,   350/  454; acc:  79.28; ppl:   2.42; 5407 src tok/s; 5586 tgt tok/s;     56 s elapsed
Epoch 10,   400/  454; acc:  80.78; ppl:   2.23; 5379 src tok/s; 5571 tgt tok/s;     63 s elapsed
Epoch 10,   450/  454; acc:  80.39; ppl:   2.32; 5251 src tok/s; 5437 tgt tok/s;     71 s elapsed
Train perplexity: 2.31755
Train accuracy: 80.2062
Validation perplexity: 6.21883
Validation accuracy: 69.4551
Decaying learning rate to 0.125

Epoch 11,    50/  454; acc:  82.19; ppl:   2.12; 5295 src tok/s; 5498 tgt tok/s;      8 s elapsed
Epoch 11,   100/  454; acc:  82.98; ppl:   2.05; 5310 src tok/s; 5531 tgt tok/s;     16 s elapsed
Epoch 11,   150/  454; acc:  82.10; ppl:   2.14; 5353 src tok/s; 5526 tgt tok/s;     24 s elapsed
Epoch 11,   200/  454; acc:  82.37; ppl:   2.06; 5351 src tok/s; 5580 tgt tok/s;     32 s elapsed
Epoch 11,   250/  454; acc:  81.69; ppl:   2.16; 5394 src tok/s; 5544 tgt tok/s;     40 s elapsed
Epoch 11,   300/  454; acc:  82.81; ppl:   2.03; 5272 src tok/s; 5510 tgt tok/s;     47 s elapsed
Epoch 11,   350/  454; acc:  82.73; ppl:   2.05; 5228 src tok/s; 5464 tgt tok/s;     55 s elapsed
Epoch 11,   400/  454; acc:  81.86; ppl:   2.14; 5228 src tok/s; 5406 tgt tok/s;     63 s elapsed
Epoch 11,   450/  454; acc:  81.57; ppl:   2.16; 5361 src tok/s; 5531 tgt tok/s;     71 s elapsed
Train perplexity: 2.09953
Train accuracy: 82.2705
Validation perplexity: 6.33553
Validation accuracy: 69.6963
Decaying learning rate to 0.0625

Epoch 12,    50/  454; acc:  83.94; ppl:   1.95; 5299 src tok/s; 5511 tgt tok/s;      8 s elapsed
Epoch 12,   100/  454; acc:  82.84; ppl:   2.03; 5306 src tok/s; 5502 tgt tok/s;     16 s elapsed
Epoch 12,   150/  454; acc:  83.35; ppl:   1.96; 5283 src tok/s; 5492 tgt tok/s;     24 s elapsed
Epoch 12,   200/  454; acc:  83.17; ppl:   2.02; 5337 src tok/s; 5519 tgt tok/s;     32 s elapsed
Epoch 12,   250/  454; acc:  83.70; ppl:   1.94; 5348 src tok/s; 5565 tgt tok/s;     39 s elapsed
Epoch 12,   300/  454; acc:  82.60; ppl:   2.05; 5328 src tok/s; 5513 tgt tok/s;     47 s elapsed
Epoch 12,   350/  454; acc:  82.66; ppl:   2.06; 5344 src tok/s; 5537 tgt tok/s;     55 s elapsed
Epoch 12,   400/  454; acc:  83.61; ppl:   1.96; 5240 src tok/s; 5469 tgt tok/s;     63 s elapsed
Epoch 12,   450/  454; acc:  83.65; ppl:   1.95; 5227 src tok/s; 5427 tgt tok/s;     71 s elapsed
Train perplexity: 1.99704
Train accuracy: 83.22
Validation perplexity: 6.43967
Validation accuracy: 69.7744
Decaying learning rate to 0.03125

Epoch 13,    50/  454; acc:  83.01; ppl:   2.05; 5334 src tok/s; 5471 tgt tok/s;      9 s elapsed
Epoch 13,   100/  454; acc:  85.27; ppl:   1.82; 5285 src tok/s; 5594 tgt tok/s;     16 s elapsed
Epoch 13,   150/  454; acc:  83.48; ppl:   1.96; 5355 src tok/s; 5522 tgt tok/s;     24 s elapsed
Epoch 13,   200/  454; acc:  83.89; ppl:   1.95; 5225 src tok/s; 5459 tgt tok/s;     32 s elapsed
Epoch 13,   250/  454; acc:  83.09; ppl:   1.99; 5226 src tok/s; 5405 tgt tok/s;     40 s elapsed
Epoch 13,   300/  454; acc:  83.94; ppl:   1.94; 5312 src tok/s; 5517 tgt tok/s;     48 s elapsed
Epoch 13,   350/  454; acc:  84.63; ppl:   1.88; 5353 src tok/s; 5611 tgt tok/s;     55 s elapsed
Epoch 13,   400/  454; acc:  83.26; ppl:   2.00; 5303 src tok/s; 5460 tgt tok/s;     63 s elapsed
Epoch 13,   450/  454; acc:  83.68; ppl:   1.97; 5311 src tok/s; 5494 tgt tok/s;     71 s elapsed
Train perplexity: 1.95254
Train accuracy: 83.7684
Validation perplexity: 6.46336
Validation accuracy: 69.7957
Decaying learning rate to 0.015625

Epoch 14,    50/  454; acc:  84.39; ppl:   1.90; 5254 src tok/s; 5456 tgt tok/s;      8 s elapsed
Epoch 14,   100/  454; acc:  84.11; ppl:   1.95; 5437 src tok/s; 5624 tgt tok/s;     16 s elapsed
Epoch 14,   150/  454; acc:  84.23; ppl:   1.91; 5338 src tok/s; 5541 tgt tok/s;     24 s elapsed
Epoch 14,   200/  454; acc:  83.89; ppl:   1.94; 5308 src tok/s; 5514 tgt tok/s;     31 s elapsed
Epoch 14,   250/  454; acc:  83.43; ppl:   1.98; 5181 src tok/s; 5362 tgt tok/s;     40 s elapsed
Epoch 14,   300/  454; acc:  84.92; ppl:   1.85; 5396 src tok/s; 5607 tgt tok/s;     47 s elapsed
Epoch 14,   350/  454; acc:  83.82; ppl:   1.92; 5294 src tok/s; 5504 tgt tok/s;     55 s elapsed
Epoch 14,   400/  454; acc:  83.53; ppl:   1.96; 5321 src tok/s; 5541 tgt tok/s;     63 s elapsed
Epoch 14,   450/  454; acc:  83.75; ppl:   1.95; 5343 src tok/s; 5528 tgt tok/s;     71 s elapsed
Train perplexity: 1.92605
Train accuracy: 84.0282
Validation perplexity: 6.50921
Validation accuracy: 69.7247
Decaying learning rate to 0.0078125

Epoch 15,    50/  454; acc:  83.62; ppl:   1.98; 5322 src tok/s; 5491 tgt tok/s;      8 s elapsed
Epoch 15,   100/  454; acc:  85.08; ppl:   1.84; 5376 src tok/s; 5620 tgt tok/s;     16 s elapsed
Epoch 15,   150/  454; acc:  83.12; ppl:   2.00; 5292 src tok/s; 5458 tgt tok/s;     24 s elapsed
Epoch 15,   200/  454; acc:  84.62; ppl:   1.86; 5242 src tok/s; 5467 tgt tok/s;     32 s elapsed
Epoch 15,   250/  454; acc:  84.45; ppl:   1.89; 5314 src tok/s; 5532 tgt tok/s;     39 s elapsed
Epoch 15,   300/  454; acc:  84.08; ppl:   1.93; 5454 src tok/s; 5647 tgt tok/s;     47 s elapsed
Epoch 15,   350/  454; acc:  85.09; ppl:   1.84; 5383 src tok/s; 5586 tgt tok/s;     55 s elapsed
Epoch 15,   400/  454; acc:  83.76; ppl:   1.98; 5355 src tok/s; 5541 tgt tok/s;     63 s elapsed
Epoch 15,   450/  454; acc:  84.06; ppl:   1.92; 5266 src tok/s; 5484 tgt tok/s;     71 s elapsed
Train perplexity: 1.9142
Train accuracy: 84.2111
Validation perplexity: 6.52439
Validation accuracy: 69.7247
Decaying learning rate to 0.00390625

Epoch 16,    50/  454; acc:  83.58; ppl:   1.97; 5335 src tok/s; 5519 tgt tok/s;      8 s elapsed
Epoch 16,   100/  454; acc:  84.86; ppl:   1.84; 5343 src tok/s; 5543 tgt tok/s;     16 s elapsed
Epoch 16,   150/  454; acc:  83.79; ppl:   1.96; 5317 src tok/s; 5497 tgt tok/s;     24 s elapsed
Epoch 16,   200/  454; acc:  84.87; ppl:   1.86; 5286 src tok/s; 5488 tgt tok/s;     32 s elapsed
Epoch 16,   250/  454; acc:  83.46; ppl:   2.01; 5328 src tok/s; 5492 tgt tok/s;     40 s elapsed
Epoch 16,   300/  454; acc:  85.63; ppl:   1.80; 5372 src tok/s; 5618 tgt tok/s;     47 s elapsed
Epoch 16,   350/  454; acc:  83.64; ppl:   1.97; 5210 src tok/s; 5416 tgt tok/s;     55 s elapsed
Epoch 16,   400/  454; acc:  84.88; ppl:   1.85; 5293 src tok/s; 5510 tgt tok/s;     63 s elapsed
Epoch 16,   450/  454; acc:  83.89; ppl:   1.95; 5239 src tok/s; 5448 tgt tok/s;     71 s elapsed
Train perplexity: 1.90983
Train accuracy: 84.298
Validation perplexity: 6.52957
Validation accuracy: 69.675
Decaying learning rate to 0.00195312

Epoch 17,    50/  454; acc:  83.66; ppl:   1.97; 5252 src tok/s; 5436 tgt tok/s;      8 s elapsed
Epoch 17,   100/  454; acc:  85.35; ppl:   1.81; 5296 src tok/s; 5517 tgt tok/s;     16 s elapsed
Epoch 17,   150/  454; acc:  83.53; ppl:   1.99; 5348 src tok/s; 5519 tgt tok/s;     24 s elapsed
Epoch 17,   200/  454; acc:  85.14; ppl:   1.83; 5379 src tok/s; 5609 tgt tok/s;     31 s elapsed
Epoch 17,   250/  454; acc:  83.66; ppl:   1.96; 5324 src tok/s; 5516 tgt tok/s;     40 s elapsed
Epoch 17,   300/  454; acc:  84.59; ppl:   1.91; 5277 src tok/s; 5496 tgt tok/s;     47 s elapsed
Epoch 17,   350/  454; acc:  83.31; ppl:   2.01; 5350 src tok/s; 5503 tgt tok/s;     56 s elapsed
Epoch 17,   400/  454; acc:  85.62; ppl:   1.80; 5301 src tok/s; 5536 tgt tok/s;     63 s elapsed
Epoch 17,   450/  454; acc:  84.51; ppl:   1.88; 5263 src tok/s; 5476 tgt tok/s;     71 s elapsed
Train perplexity: 1.90669
Train accuracy: 84.3404
Validation perplexity: 6.53412
Validation accuracy: 69.6679
Decaying learning rate to 0.000976562
