<module 'opts' from '/u/suhubdyd/research/projects/jumble_lstm/code/auxiliary-nmt/opts.pyc'>
Namespace(batch_size=64, brnn=False, brnn_merge='concat', cnn_kernel_width=3, context_gate=None, copy_attn=False, copy_attn_force=False, coverage_attn=False, data='/data/lisatmp3/suhubdyd/multi30k.atok.low', dec_layers=1, decay_method='', decoder_type='rnn', dropout=0.3, enc_layers=2, encoder_type='rnn', epochs=17, exp='', exp_host='', feat_merge='concat', feat_vec_exponent=0.7, feat_vec_size=-1, fix_word_vecs_dec=False, fix_word_vecs_enc=False, global_attention='general', gpuid=[0], input_feed=1, kappa_dec=0.5, kappa_enc=0.4, lambda_coverage=1, layers=-1, learning_rate=1.0, learning_rate_decay=0.5, max_generator_batches=32, max_grad_norm=5, model_type='text', optim='sgd', param_init=0.1, position_encoding=False, pre_word_vecs_dec=None, pre_word_vecs_enc=None, report_every=50, rnn_size=500, rnn_type='LSTM', save_model='/data/lisatmp3/suhubdyd/models/seeds/encoder0.4decoder0.5dropout0.3wdropFalseseed4', seed=4, share_decoder_embeddings=False, share_embeddings=False, src_word_vec_size=500, start_checkpoint_at=0, start_decay_at=8, start_epoch=1, tgt_word_vec_size=500, train_from='', truncated_decoder=0, warmup_steps=4000, weightdropout=False, word_vec_size=-1)
('Using Kappa L2 loss on encoder', 0.4)
('Using Kappa L2 loss on decoder', 0.5)
Loading train and validate data from '/data/lisatmp3/suhubdyd/multi30k.atok.low'
 * number of training sentences: 29000
 * maximum batch size: 64
 * vocabulary size. source = 10841; target = 18563
Building model...
Intializing model parameters.
NMTModel (
  (encoder): RNNEncoder (
    (embeddings): Embeddings (
      (make_embedding): Sequential (
        (emb_luts): Elementwise (
          (0): Embedding(10841, 500, padding_idx=1)
        )
      )
    )
    (dropout): Dropout (p = 0.3)
    (rnn): LSTM(500, 500, dropout=0.3)
  )
  (decoder): InputFeedRNNDecoder (
    (embeddings): Embeddings (
      (make_embedding): Sequential (
        (emb_luts): Elementwise (
          (0): Embedding(18563, 500, padding_idx=1)
        )
      )
    )
    (dropout): Dropout (p = 0.3)
    (rnn): StackedLSTM (
      (dropout): Dropout (p = 0.3)
      (layers): ModuleList (
        (0): LSTMCell(1000, 500)
      )
    )
    (attn): GlobalAttention (
      (linear_in): Linear (500 -> 500)
      (linear_out): Linear (1000 -> 500)
      (sm): Softmax ()
      (tanh): Tanh ()
    )
  )
  (generator): Sequential (
    (0): Linear (500 -> 18563)
    (1): LogSoftmax ()
  )
)
* number of parameters: 29760063
('encoder: ', 7424500)
('decoder: ', 22335563)

Epoch  1,    50/  454; acc:   9.54; ppl: 13402.50; 5287 src tok/s; 5474 tgt tok/s;      8 s elapsed
Epoch  1,   100/  454; acc:  14.61; ppl: 1626.72; 5469 src tok/s; 5690 tgt tok/s;     16 s elapsed
Epoch  1,   150/  454; acc:  17.64; ppl: 580.85; 5447 src tok/s; 5641 tgt tok/s;     24 s elapsed
Epoch  1,   200/  454; acc:  21.87; ppl: 259.14; 5368 src tok/s; 5602 tgt tok/s;     31 s elapsed
Epoch  1,   250/  454; acc:  24.73; ppl: 166.52; 5379 src tok/s; 5606 tgt tok/s;     38 s elapsed
Epoch  1,   300/  454; acc:  26.51; ppl: 132.05; 5442 src tok/s; 5605 tgt tok/s;     47 s elapsed
Epoch  1,   350/  454; acc:  29.51; ppl:  96.93; 5427 src tok/s; 5639 tgt tok/s;     54 s elapsed
Epoch  1,   400/  454; acc:  31.44; ppl:  80.55; 5533 src tok/s; 5737 tgt tok/s;     62 s elapsed
Epoch  1,   450/  454; acc:  34.34; ppl:  64.61; 5401 src tok/s; 5612 tgt tok/s;     70 s elapsed
Train perplexity: 317.498
Train accuracy: 23.3923
Validation perplexity: 67.5762
Validation accuracy: 32.9786

Epoch  2,    50/  454; acc:  36.35; ppl:  53.07; 5446 src tok/s; 5641 tgt tok/s;      8 s elapsed
Epoch  2,   100/  454; acc:  39.05; ppl:  44.19; 5577 src tok/s; 5796 tgt tok/s;     15 s elapsed
Epoch  2,   150/  454; acc:  41.74; ppl:  35.83; 5597 src tok/s; 5785 tgt tok/s;     23 s elapsed
Epoch  2,   200/  454; acc:  43.77; ppl:  32.03; 5401 src tok/s; 5560 tgt tok/s;     30 s elapsed
Epoch  2,   250/  454; acc:  44.35; ppl:  29.82; 5468 src tok/s; 5663 tgt tok/s;     38 s elapsed
Epoch  2,   300/  454; acc:  48.65; ppl:  22.18; 5425 src tok/s; 5674 tgt tok/s;     46 s elapsed
Epoch  2,   350/  454; acc:  48.99; ppl:  22.28; 5416 src tok/s; 5656 tgt tok/s;     54 s elapsed
Epoch  2,   400/  454; acc:  51.44; ppl:  19.07; 5450 src tok/s; 5677 tgt tok/s;     61 s elapsed
Epoch  2,   450/  454; acc:  52.03; ppl:  18.00; 5396 src tok/s; 5581 tgt tok/s;     69 s elapsed
Train perplexity: 28.7392
Train accuracy: 45.1844
Validation perplexity: 16.4014
Validation accuracy: 53.5973

Epoch  3,    50/  454; acc:  55.08; ppl:  14.22; 5358 src tok/s; 5583 tgt tok/s;      8 s elapsed
Epoch  3,   100/  454; acc:  55.09; ppl:  13.96; 5640 src tok/s; 5841 tgt tok/s;     15 s elapsed
Epoch  3,   150/  454; acc:  57.32; ppl:  12.31; 5320 src tok/s; 5580 tgt tok/s;     23 s elapsed
Epoch  3,   200/  454; acc:  55.26; ppl:  13.79; 5002 src tok/s; 5133 tgt tok/s;     31 s elapsed
Epoch  3,   250/  454; acc:  57.57; ppl:  11.76; 5658 src tok/s; 5837 tgt tok/s;     39 s elapsed
Epoch  3,   300/  454; acc:  56.18; ppl:  12.87; 5530 src tok/s; 5755 tgt tok/s;     46 s elapsed
Epoch  3,   350/  454; acc:  58.54; ppl:  11.23; 5324 src tok/s; 5577 tgt tok/s;     54 s elapsed
Epoch  3,   400/  454; acc:  57.94; ppl:  11.43; 5187 src tok/s; 5358 tgt tok/s;     63 s elapsed
Epoch  3,   450/  454; acc:  58.75; ppl:  10.60; 5362 src tok/s; 5556 tgt tok/s;     70 s elapsed
Train perplexity: 12.3924
Train accuracy: 56.8722
Validation perplexity: 10.2911
Validation accuracy: 60.1958

Epoch  4,    50/  454; acc:  61.18; ppl:   8.79; 5449 src tok/s; 5700 tgt tok/s;      8 s elapsed
Epoch  4,   100/  454; acc:  61.35; ppl:   8.57; 5425 src tok/s; 5650 tgt tok/s;     15 s elapsed
Epoch  4,   150/  454; acc:  61.04; ppl:   8.93; 5591 src tok/s; 5751 tgt tok/s;     23 s elapsed
Epoch  4,   200/  454; acc:  62.61; ppl:   7.97; 5507 src tok/s; 5731 tgt tok/s;     31 s elapsed
Epoch  4,   250/  454; acc:  62.49; ppl:   7.97; 5382 src tok/s; 5623 tgt tok/s;     38 s elapsed
Epoch  4,   300/  454; acc:  61.94; ppl:   8.28; 5281 src tok/s; 5484 tgt tok/s;     46 s elapsed
Epoch  4,   350/  454; acc:  62.64; ppl:   7.88; 5423 src tok/s; 5601 tgt tok/s;     54 s elapsed
Epoch  4,   400/  454; acc:  63.02; ppl:   7.77; 5479 src tok/s; 5655 tgt tok/s;     62 s elapsed
Epoch  4,   450/  454; acc:  63.24; ppl:   7.60; 5548 src tok/s; 5750 tgt tok/s;     69 s elapsed
Train perplexity: 8.19093
Train accuracy: 62.1488
Validation perplexity: 8.10227
Validation accuracy: 64.1691

Epoch  5,    50/  454; acc:  65.37; ppl:   6.30; 5466 src tok/s; 5656 tgt tok/s;      8 s elapsed
Epoch  5,   100/  454; acc:  66.55; ppl:   5.84; 5401 src tok/s; 5627 tgt tok/s;     15 s elapsed
Epoch  5,   150/  454; acc:  64.72; ppl:   6.51; 5518 src tok/s; 5705 tgt tok/s;     23 s elapsed
Epoch  5,   200/  454; acc:  65.84; ppl:   6.27; 5360 src tok/s; 5566 tgt tok/s;     31 s elapsed
Epoch  5,   250/  454; acc:  65.93; ppl:   6.08; 5492 src tok/s; 5692 tgt tok/s;     38 s elapsed
Epoch  5,   300/  454; acc:  64.79; ppl:   6.49; 5490 src tok/s; 5710 tgt tok/s;     46 s elapsed
Epoch  5,   350/  454; acc:  65.59; ppl:   6.27; 5483 src tok/s; 5708 tgt tok/s;     54 s elapsed
Epoch  5,   400/  454; acc:  65.76; ppl:   6.04; 5578 src tok/s; 5794 tgt tok/s;     61 s elapsed
Epoch  5,   450/  454; acc:  65.82; ppl:   6.24; 5389 src tok/s; 5575 tgt tok/s;     69 s elapsed
Train perplexity: 6.21851
Train accuracy: 65.6098
Validation perplexity: 7.36227
Validation accuracy: 65.1909

Epoch  6,    50/  454; acc:  68.11; ppl:   5.02; 5522 src tok/s; 5696 tgt tok/s;      8 s elapsed
Epoch  6,   100/  454; acc:  69.13; ppl:   4.74; 5380 src tok/s; 5636 tgt tok/s;     15 s elapsed
Epoch  6,   150/  454; acc:  68.42; ppl:   4.97; 5499 src tok/s; 5687 tgt tok/s;     23 s elapsed
Epoch  6,   200/  454; acc:  68.44; ppl:   5.02; 5372 src tok/s; 5574 tgt tok/s;     31 s elapsed
Epoch  6,   250/  454; acc:  67.61; ppl:   5.17; 5478 src tok/s; 5675 tgt tok/s;     39 s elapsed
Epoch  6,   300/  454; acc:  68.33; ppl:   4.97; 5551 src tok/s; 5753 tgt tok/s;     46 s elapsed
Epoch  6,   350/  454; acc:  68.06; ppl:   5.10; 5468 src tok/s; 5655 tgt tok/s;     54 s elapsed
Epoch  6,   400/  454; acc:  67.72; ppl:   5.11; 5448 src tok/s; 5686 tgt tok/s;     61 s elapsed
Epoch  6,   450/  454; acc:  67.27; ppl:   5.29; 5236 src tok/s; 5437 tgt tok/s;     69 s elapsed
Train perplexity: 5.03599
Train accuracy: 68.14
Validation perplexity: 7.00658
Validation accuracy: 66.546

Epoch  7,    50/  454; acc:  71.72; ppl:   3.83; 5331 src tok/s; 5553 tgt tok/s;      8 s elapsed
Epoch  7,   100/  454; acc:  70.04; ppl:   4.31; 5383 src tok/s; 5562 tgt tok/s;     16 s elapsed
Epoch  7,   150/  454; acc:  70.81; ppl:   4.06; 5221 src tok/s; 5434 tgt tok/s;     23 s elapsed
Epoch  7,   200/  454; acc:  69.57; ppl:   4.39; 5382 src tok/s; 5561 tgt tok/s;     31 s elapsed
Epoch  7,   250/  454; acc:  69.64; ppl:   4.40; 5400 src tok/s; 5597 tgt tok/s;     39 s elapsed
Epoch  7,   300/  454; acc:  70.26; ppl:   4.20; 5296 src tok/s; 5520 tgt tok/s;     47 s elapsed
Epoch  7,   350/  454; acc:  70.53; ppl:   4.14; 5461 src tok/s; 5674 tgt tok/s;     55 s elapsed
Epoch  7,   400/  454; acc:  68.32; ppl:   4.66; 5379 src tok/s; 5576 tgt tok/s;     63 s elapsed
Epoch  7,   450/  454; acc:  69.87; ppl:   4.36; 5402 src tok/s; 5603 tgt tok/s;     70 s elapsed
Train perplexity: 4.26695
Train accuracy: 70.0417
Validation perplexity: 6.92898
Validation accuracy: 66.468

Epoch  8,    50/  454; acc:  73.43; ppl:   3.35; 5391 src tok/s; 5599 tgt tok/s;      8 s elapsed
Epoch  8,   100/  454; acc:  72.09; ppl:   3.69; 5331 src tok/s; 5521 tgt tok/s;     16 s elapsed
Epoch  8,   150/  454; acc:  72.92; ppl:   3.53; 5424 src tok/s; 5650 tgt tok/s;     23 s elapsed
Epoch  8,   200/  454; acc:  71.76; ppl:   3.72; 5278 src tok/s; 5472 tgt tok/s;     31 s elapsed
Epoch  8,   250/  454; acc:  71.24; ppl:   3.79; 5225 src tok/s; 5425 tgt tok/s;     39 s elapsed
Epoch  8,   300/  454; acc:  71.85; ppl:   3.64; 5350 src tok/s; 5560 tgt tok/s;     47 s elapsed
Epoch  8,   350/  454; acc:  70.91; ppl:   3.92; 5370 src tok/s; 5536 tgt tok/s;     55 s elapsed
Epoch  8,   400/  454; acc:  71.91; ppl:   3.68; 5406 src tok/s; 5616 tgt tok/s;     63 s elapsed
Epoch  8,   450/  454; acc:  71.28; ppl:   3.91; 5286 src tok/s; 5496 tgt tok/s;     71 s elapsed
Train perplexity: 3.68847
Train accuracy: 71.9295
Validation perplexity: 6.63651
Validation accuracy: 67.2343
Decaying learning rate to 0.5

Epoch  9,    50/  454; acc:  77.62; ppl:   2.68; 5395 src tok/s; 5634 tgt tok/s;      7 s elapsed
Epoch  9,   100/  454; acc:  76.22; ppl:   2.86; 5413 src tok/s; 5598 tgt tok/s;     15 s elapsed
Epoch  9,   150/  454; acc:  77.13; ppl:   2.73; 5307 src tok/s; 5516 tgt tok/s;     23 s elapsed
Epoch  9,   200/  454; acc:  76.66; ppl:   2.81; 5362 src tok/s; 5540 tgt tok/s;     31 s elapsed
Epoch  9,   250/  454; acc:  75.58; ppl:   2.94; 5306 src tok/s; 5494 tgt tok/s;     39 s elapsed
Epoch  9,   300/  454; acc:  77.28; ppl:   2.66; 5258 src tok/s; 5483 tgt tok/s;     47 s elapsed
Epoch  9,   350/  454; acc:  76.30; ppl:   2.82; 5314 src tok/s; 5499 tgt tok/s;     55 s elapsed
Epoch  9,   400/  454; acc:  77.45; ppl:   2.66; 5498 src tok/s; 5708 tgt tok/s;     63 s elapsed
Epoch  9,   450/  454; acc:  76.41; ppl:   2.81; 5289 src tok/s; 5499 tgt tok/s;     70 s elapsed
Train perplexity: 2.77793
Train accuracy: 76.7053
Validation perplexity: 5.99942
Validation accuracy: 69.4338
Decaying learning rate to 0.25

Epoch 10,    50/  454; acc:  80.38; ppl:   2.33; 5289 src tok/s; 5516 tgt tok/s;      8 s elapsed
Epoch 10,   100/  454; acc:  80.07; ppl:   2.33; 5356 src tok/s; 5555 tgt tok/s;     16 s elapsed
Epoch 10,   150/  454; acc:  80.26; ppl:   2.32; 5379 src tok/s; 5580 tgt tok/s;     24 s elapsed
Epoch 10,   200/  454; acc:  80.90; ppl:   2.24; 5373 src tok/s; 5600 tgt tok/s;     31 s elapsed
Epoch 10,   250/  454; acc:  79.93; ppl:   2.37; 5336 src tok/s; 5521 tgt tok/s;     39 s elapsed
Epoch 10,   300/  454; acc:  81.04; ppl:   2.22; 5394 src tok/s; 5615 tgt tok/s;     47 s elapsed
Epoch 10,   350/  454; acc:  79.39; ppl:   2.43; 5447 src tok/s; 5606 tgt tok/s;     55 s elapsed
Epoch 10,   400/  454; acc:  81.05; ppl:   2.19; 5316 src tok/s; 5545 tgt tok/s;     63 s elapsed
Epoch 10,   450/  454; acc:  79.98; ppl:   2.34; 5375 src tok/s; 5550 tgt tok/s;     70 s elapsed
Train perplexity: 2.30752
Train accuracy: 80.328
Validation perplexity: 6.04264
Validation accuracy: 69.973
Decaying learning rate to 0.125

Epoch 11,    50/  454; acc:  82.50; ppl:   2.09; 5357 src tok/s; 5576 tgt tok/s;      8 s elapsed
Epoch 11,   100/  454; acc:  82.37; ppl:   2.10; 5336 src tok/s; 5540 tgt tok/s;     16 s elapsed
Epoch 11,   150/  454; acc:  82.58; ppl:   2.06; 5375 src tok/s; 5592 tgt tok/s;     23 s elapsed
Epoch 11,   200/  454; acc:  82.15; ppl:   2.09; 5374 src tok/s; 5593 tgt tok/s;     31 s elapsed
Epoch 11,   250/  454; acc:  83.29; ppl:   1.98; 5499 src tok/s; 5736 tgt tok/s;     38 s elapsed
Epoch 11,   300/  454; acc:  81.03; ppl:   2.22; 5363 src tok/s; 5561 tgt tok/s;     47 s elapsed
Epoch 11,   350/  454; acc:  82.38; ppl:   2.08; 5579 src tok/s; 5762 tgt tok/s;     54 s elapsed
Epoch 11,   400/  454; acc:  81.73; ppl:   2.15; 5631 src tok/s; 5831 tgt tok/s;     62 s elapsed
Epoch 11,   450/  454; acc:  82.21; ppl:   2.10; 5500 src tok/s; 5666 tgt tok/s;     69 s elapsed
Train perplexity: 2.09593
Train accuracy: 82.2557
Validation perplexity: 6.19153
Validation accuracy: 70.1788
Decaying learning rate to 0.0625

Epoch 12,    50/  454; acc:  84.13; ppl:   1.91; 5510 src tok/s; 5760 tgt tok/s;      7 s elapsed
Epoch 12,   100/  454; acc:  83.22; ppl:   2.04; 5591 src tok/s; 5817 tgt tok/s;     15 s elapsed
Epoch 12,   150/  454; acc:  82.48; ppl:   2.10; 5508 src tok/s; 5690 tgt tok/s;     23 s elapsed
Epoch 12,   200/  454; acc:  84.05; ppl:   1.90; 5473 src tok/s; 5691 tgt tok/s;     30 s elapsed
Epoch 12,   250/  454; acc:  83.89; ppl:   1.94; 5454 src tok/s; 5648 tgt tok/s;     38 s elapsed
Epoch 12,   300/  454; acc:  82.78; ppl:   2.05; 5487 src tok/s; 5686 tgt tok/s;     46 s elapsed
Epoch 12,   350/  454; acc:  82.56; ppl:   2.09; 5507 src tok/s; 5650 tgt tok/s;     54 s elapsed
Epoch 12,   400/  454; acc:  83.85; ppl:   1.93; 5372 src tok/s; 5637 tgt tok/s;     61 s elapsed
Epoch 12,   450/  454; acc:  82.94; ppl:   2.03; 5271 src tok/s; 5459 tgt tok/s;     69 s elapsed
Train perplexity: 1.99909
Train accuracy: 83.3106
Validation perplexity: 6.29242
Validation accuracy: 70.044
Decaying learning rate to 0.03125

Epoch 13,    50/  454; acc:  83.17; ppl:   2.03; 5486 src tok/s; 5665 tgt tok/s;      8 s elapsed
Epoch 13,   100/  454; acc:  84.74; ppl:   1.86; 5439 src tok/s; 5707 tgt tok/s;     15 s elapsed
Epoch 13,   150/  454; acc:  84.42; ppl:   1.89; 5463 src tok/s; 5677 tgt tok/s;     23 s elapsed
Epoch 13,   200/  454; acc:  83.21; ppl:   2.04; 5561 src tok/s; 5755 tgt tok/s;     31 s elapsed
Epoch 13,   250/  454; acc:  83.83; ppl:   1.95; 5500 src tok/s; 5656 tgt tok/s;     38 s elapsed
Epoch 13,   300/  454; acc:  84.01; ppl:   1.91; 5380 src tok/s; 5609 tgt tok/s;     46 s elapsed
Epoch 13,   350/  454; acc:  84.19; ppl:   1.89; 5324 src tok/s; 5564 tgt tok/s;     54 s elapsed
Epoch 13,   400/  454; acc:  82.82; ppl:   2.02; 5466 src tok/s; 5637 tgt tok/s;     62 s elapsed
Epoch 13,   450/  454; acc:  84.17; ppl:   1.95; 5517 src tok/s; 5728 tgt tok/s;     69 s elapsed
Train perplexity: 1.94854
Train accuracy: 83.8347
Validation perplexity: 6.34371
Validation accuracy: 70.0014
Decaying learning rate to 0.015625

Epoch 14,    50/  454; acc:  83.76; ppl:   1.97; 5335 src tok/s; 5547 tgt tok/s;      8 s elapsed
Epoch 14,   100/  454; acc:  84.90; ppl:   1.86; 5431 src tok/s; 5657 tgt tok/s;     16 s elapsed
Epoch 14,   150/  454; acc:  83.80; ppl:   1.95; 5530 src tok/s; 5709 tgt tok/s;     23 s elapsed
Epoch 14,   200/  454; acc:  84.36; ppl:   1.89; 5547 src tok/s; 5752 tgt tok/s;     31 s elapsed
Epoch 14,   250/  454; acc:  84.14; ppl:   1.92; 5440 src tok/s; 5663 tgt tok/s;     38 s elapsed
Epoch 14,   300/  454; acc:  83.62; ppl:   1.97; 5451 src tok/s; 5662 tgt tok/s;     46 s elapsed
Epoch 14,   350/  454; acc:  84.86; ppl:   1.84; 5532 src tok/s; 5763 tgt tok/s;     53 s elapsed
Epoch 14,   400/  454; acc:  83.31; ppl:   2.02; 5550 src tok/s; 5731 tgt tok/s;     61 s elapsed
Epoch 14,   450/  454; acc:  84.14; ppl:   1.92; 5310 src tok/s; 5495 tgt tok/s;     69 s elapsed
Train perplexity: 1.9265
Train accuracy: 84.0897
Validation perplexity: 6.35386
Validation accuracy: 70.0227
Decaying learning rate to 0.0078125

Epoch 15,    50/  454; acc:  83.46; ppl:   2.00; 5485 src tok/s; 5676 tgt tok/s;      8 s elapsed
Epoch 15,   100/  454; acc:  84.62; ppl:   1.85; 5513 src tok/s; 5706 tgt tok/s;     15 s elapsed
Epoch 15,   150/  454; acc:  85.39; ppl:   1.81; 5553 src tok/s; 5792 tgt tok/s;     22 s elapsed
Epoch 15,   200/  454; acc:  83.45; ppl:   2.00; 5128 src tok/s; 5298 tgt tok/s;     31 s elapsed
Epoch 15,   250/  454; acc:  83.63; ppl:   1.98; 5688 src tok/s; 5890 tgt tok/s;     39 s elapsed
Epoch 15,   300/  454; acc:  84.91; ppl:   1.84; 5602 src tok/s; 5825 tgt tok/s;     46 s elapsed
Epoch 15,   350/  454; acc:  84.28; ppl:   1.91; 5500 src tok/s; 5732 tgt tok/s;     53 s elapsed
Epoch 15,   400/  454; acc:  84.07; ppl:   1.90; 5581 src tok/s; 5789 tgt tok/s;     61 s elapsed
Epoch 15,   450/  454; acc:  84.25; ppl:   1.90; 5522 src tok/s; 5748 tgt tok/s;     69 s elapsed
Train perplexity: 1.91296
Train accuracy: 84.1848
Validation perplexity: 6.36668
Validation accuracy: 70.0298
Decaying learning rate to 0.00390625

Epoch 16,    50/  454; acc:  83.90; ppl:   1.94; 5262 src tok/s; 5456 tgt tok/s;      8 s elapsed
Epoch 16,   100/  454; acc:  84.18; ppl:   1.92; 5889 src tok/s; 6107 tgt tok/s;     15 s elapsed
Epoch 16,   150/  454; acc:  84.06; ppl:   1.94; 5752 src tok/s; 5974 tgt tok/s;     23 s elapsed
Epoch 16,   200/  454; acc:  84.50; ppl:   1.86; 5846 src tok/s; 6072 tgt tok/s;     30 s elapsed
Epoch 16,   250/  454; acc:  84.68; ppl:   1.85; 5777 src tok/s; 6006 tgt tok/s;     37 s elapsed
Epoch 16,   300/  454; acc:  83.97; ppl:   1.94; 5757 src tok/s; 5932 tgt tok/s;     44 s elapsed
Epoch 16,   350/  454; acc:  85.12; ppl:   1.81; 5751 src tok/s; 6035 tgt tok/s;     51 s elapsed
Epoch 16,   400/  454; acc:  83.32; ppl:   2.00; 5995 src tok/s; 6175 tgt tok/s;     58 s elapsed
Epoch 16,   450/  454; acc:  84.35; ppl:   1.91; 5664 src tok/s; 5884 tgt tok/s;     66 s elapsed
Train perplexity: 1.90749
Train accuracy: 84.2343
Validation perplexity: 6.37402
Validation accuracy: 69.9801
Decaying learning rate to 0.00195312

Epoch 17,    50/  454; acc:  84.86; ppl:   1.86; 5749 src tok/s; 5974 tgt tok/s;      7 s elapsed
Epoch 17,   100/  454; acc:  83.78; ppl:   1.94; 5855 src tok/s; 6062 tgt tok/s;     15 s elapsed
Epoch 17,   150/  454; acc:  84.51; ppl:   1.87; 5715 src tok/s; 5928 tgt tok/s;     22 s elapsed
Epoch 17,   200/  454; acc:  83.85; ppl:   1.95; 5834 src tok/s; 6044 tgt tok/s;     29 s elapsed
Epoch 17,   250/  454; acc:  84.10; ppl:   1.94; 5898 src tok/s; 6067 tgt tok/s;     37 s elapsed
Epoch 17,   300/  454; acc:  84.62; ppl:   1.89; 5781 src tok/s; 6046 tgt tok/s;     43 s elapsed
Epoch 17,   350/  454; acc:  84.59; ppl:   1.85; 5684 src tok/s; 5958 tgt tok/s;     51 s elapsed
Epoch 17,   400/  454; acc:  84.46; ppl:   1.93; 5790 src tok/s; 5975 tgt tok/s;     58 s elapsed
Epoch 17,   450/  454; acc:  84.23; ppl:   1.91; 5682 src tok/s; 5889 tgt tok/s;     65 s elapsed
Train perplexity: 1.90365
Train accuracy: 84.3408
Validation perplexity: 6.37699
Validation accuracy: 70.0014
Decaying learning rate to 0.000976562
