<module 'opts' from '/u/suhubdyd/research/projects/jumble_lstm/code/auxiliary-nmt/opts.pyc'>
Namespace(batch_size=64, brnn=False, brnn_merge='concat', cnn_kernel_width=3, context_gate=None, copy_attn=False, copy_attn_force=False, coverage_attn=False, data='/data/lisatmp3/suhubdyd/multi30k.atok.low', dec_layers=1, decay_method='', decoder_type='rnn', dropout=0.3, enc_layers=2, encoder_type='rnn', epochs=17, exp='', exp_host='', feat_merge='concat', feat_vec_exponent=0.7, feat_vec_size=-1, fix_word_vecs_dec=False, fix_word_vecs_enc=False, global_attention='general', gpuid=[0], input_feed=1, kappa_dec=0.1, kappa_enc=0.25, lambda_coverage=1, layers=-1, learning_rate=1.0, learning_rate_decay=0.5, max_generator_batches=32, max_grad_norm=5, model_type='text', optim='sgd', param_init=0.1, position_encoding=False, pre_word_vecs_dec=None, pre_word_vecs_enc=None, report_every=50, rnn_size=500, rnn_type='LSTM', save_model='/data/lisatmp3/suhubdyd/models/encoder0.25decoder0.1dropout0.3wdropFalse', seed=-1, share_decoder_embeddings=False, share_embeddings=False, src_word_vec_size=500, start_checkpoint_at=0, start_decay_at=8, start_epoch=1, tgt_word_vec_size=500, train_from='', truncated_decoder=0, warmup_steps=4000, weightdropout=False, word_vec_size=-1)
('Using Kappa L2 loss on encoder', 0.25)
('Using Kappa L2 loss on decoder', 0.1)
Loading train and validate data from '/data/lisatmp3/suhubdyd/multi30k.atok.low'
 * number of training sentences: 29000
 * maximum batch size: 64
 * vocabulary size. source = 10841; target = 18563
Building model...
Intializing model parameters.
NMTModel (
  (encoder): RNNEncoder (
    (embeddings): Embeddings (
      (make_embedding): Sequential (
        (emb_luts): Elementwise (
          (0): Embedding(10841, 500, padding_idx=1)
        )
      )
    )
    (dropout): Dropout (p = 0.3)
    (rnn): LSTM(500, 500, dropout=0.3)
  )
  (decoder): InputFeedRNNDecoder (
    (embeddings): Embeddings (
      (make_embedding): Sequential (
        (emb_luts): Elementwise (
          (0): Embedding(18563, 500, padding_idx=1)
        )
      )
    )
    (dropout): Dropout (p = 0.3)
    (rnn): StackedLSTM (
      (dropout): Dropout (p = 0.3)
      (layers): ModuleList (
        (0): LSTMCell(1000, 500)
      )
    )
    (attn): GlobalAttention (
      (linear_in): Linear (500 -> 500)
      (linear_out): Linear (1000 -> 500)
      (sm): Softmax ()
      (tanh): Tanh ()
    )
  )
  (generator): Sequential (
    (0): Linear (500 -> 18563)
    (1): LogSoftmax ()
  )
)
* number of parameters: 29760063
('encoder: ', 7424500)
('decoder: ', 22335563)

Epoch  1,    50/  454; acc:   8.95; ppl: 28024.75; 4349 src tok/s; 4491 tgt tok/s;     10 s elapsed
Epoch  1,   100/  454; acc:  13.97; ppl: 2739.98; 5224 src tok/s; 5452 tgt tok/s;     18 s elapsed
Epoch  1,   150/  454; acc:  18.03; ppl: 578.97; 5272 src tok/s; 5442 tgt tok/s;     26 s elapsed
Epoch  1,   200/  454; acc:  22.23; ppl: 253.96; 5116 src tok/s; 5336 tgt tok/s;     34 s elapsed
Epoch  1,   250/  454; acc:  24.06; ppl: 175.28; 5056 src tok/s; 5243 tgt tok/s;     42 s elapsed
Epoch  1,   300/  454; acc:  27.26; ppl: 127.30; 5066 src tok/s; 5257 tgt tok/s;     50 s elapsed
Epoch  1,   350/  454; acc:  30.72; ppl:  90.56; 5125 src tok/s; 5336 tgt tok/s;     58 s elapsed
Epoch  1,   400/  454; acc:  31.38; ppl:  80.54; 5109 src tok/s; 5287 tgt tok/s;     67 s elapsed
Epoch  1,   450/  454; acc:  34.22; ppl:  64.21; 4966 src tok/s; 5162 tgt tok/s;     75 s elapsed
Train perplexity: 365.245
Train accuracy: 23.4587
Validation perplexity: 51.5202
Validation accuracy: 37.7395

Epoch  2,    50/  454; acc:  37.21; ppl:  49.49; 5132 src tok/s; 5334 tgt tok/s;      8 s elapsed
Epoch  2,   100/  454; acc:  39.84; ppl:  41.98; 5104 src tok/s; 5301 tgt tok/s;     16 s elapsed
Epoch  2,   150/  454; acc:  41.76; ppl:  35.75; 5130 src tok/s; 5322 tgt tok/s;     25 s elapsed
Epoch  2,   200/  454; acc:  44.66; ppl:  30.41; 4984 src tok/s; 5194 tgt tok/s;     33 s elapsed
Epoch  2,   250/  454; acc:  47.17; ppl:  25.16; 4998 src tok/s; 5245 tgt tok/s;     41 s elapsed
Epoch  2,   300/  454; acc:  47.05; ppl:  25.27; 5055 src tok/s; 5206 tgt tok/s;     50 s elapsed
Epoch  2,   350/  454; acc:  49.97; ppl:  21.30; 5091 src tok/s; 5280 tgt tok/s;     58 s elapsed
Epoch  2,   400/  454; acc:  50.86; ppl:  19.20; 5225 src tok/s; 5413 tgt tok/s;     66 s elapsed
Epoch  2,   450/  454; acc:  51.78; ppl:  17.96; 4982 src tok/s; 5132 tgt tok/s;     74 s elapsed
Train perplexity: 27.8989
Train accuracy: 45.6433
Validation perplexity: 15.4415
Validation accuracy: 54.5338

Epoch  3,    50/  454; acc:  54.27; ppl:  14.43; 5080 src tok/s; 5236 tgt tok/s;      8 s elapsed
Epoch  3,   100/  454; acc:  55.25; ppl:  13.88; 5232 src tok/s; 5445 tgt tok/s;     16 s elapsed
Epoch  3,   150/  454; acc:  55.65; ppl:  13.22; 5204 src tok/s; 5400 tgt tok/s;     24 s elapsed
Epoch  3,   200/  454; acc:  57.05; ppl:  12.41; 4956 src tok/s; 5170 tgt tok/s;     33 s elapsed
Epoch  3,   250/  454; acc:  56.34; ppl:  12.81; 5026 src tok/s; 5198 tgt tok/s;     41 s elapsed
Epoch  3,   300/  454; acc:  58.27; ppl:  11.57; 5047 src tok/s; 5251 tgt tok/s;     49 s elapsed
Epoch  3,   350/  454; acc:  58.45; ppl:  11.29; 5044 src tok/s; 5232 tgt tok/s;     58 s elapsed
Epoch  3,   400/  454; acc:  58.14; ppl:  11.29; 5162 src tok/s; 5355 tgt tok/s;     66 s elapsed
Epoch  3,   450/  454; acc:  58.96; ppl:  10.65; 4872 src tok/s; 5072 tgt tok/s;     74 s elapsed
Train perplexity: 12.3434
Train accuracy: 56.9102
Validation perplexity: 10.5382
Validation accuracy: 60.1462

Epoch  4,    50/  454; acc:  60.63; ppl:   8.97; 5187 src tok/s; 5334 tgt tok/s;      9 s elapsed
Epoch  4,   100/  454; acc:  62.58; ppl:   8.12; 5048 src tok/s; 5283 tgt tok/s;     16 s elapsed
Epoch  4,   150/  454; acc:  61.34; ppl:   8.61; 5064 src tok/s; 5253 tgt tok/s;     25 s elapsed
Epoch  4,   200/  454; acc:  62.04; ppl:   8.06; 5061 src tok/s; 5249 tgt tok/s;     33 s elapsed
Epoch  4,   250/  454; acc:  61.94; ppl:   8.28; 5028 src tok/s; 5226 tgt tok/s;     41 s elapsed
Epoch  4,   300/  454; acc:  62.49; ppl:   8.05; 5110 src tok/s; 5299 tgt tok/s;     50 s elapsed
Epoch  4,   350/  454; acc:  63.69; ppl:   7.53; 5078 src tok/s; 5298 tgt tok/s;     58 s elapsed
Epoch  4,   400/  454; acc:  62.38; ppl:   7.95; 5003 src tok/s; 5168 tgt tok/s;     66 s elapsed
Epoch  4,   450/  454; acc:  62.97; ppl:   7.94; 4987 src tok/s; 5196 tgt tok/s;     74 s elapsed
Train perplexity: 8.17667
Train accuracy: 62.1941
Validation perplexity: 8.27212
Validation accuracy: 63.3603

Epoch  5,    50/  454; acc:  66.04; ppl:   6.00; 5097 src tok/s; 5311 tgt tok/s;      8 s elapsed
Epoch  5,   100/  454; acc:  65.00; ppl:   6.51; 5055 src tok/s; 5227 tgt tok/s;     17 s elapsed
Epoch  5,   150/  454; acc:  65.45; ppl:   6.30; 5103 src tok/s; 5300 tgt tok/s;     25 s elapsed
Epoch  5,   200/  454; acc:  65.32; ppl:   6.29; 5105 src tok/s; 5294 tgt tok/s;     33 s elapsed
Epoch  5,   250/  454; acc:  65.12; ppl:   6.34; 5051 src tok/s; 5256 tgt tok/s;     41 s elapsed
Epoch  5,   300/  454; acc:  66.48; ppl:   5.91; 5084 src tok/s; 5247 tgt tok/s;     49 s elapsed
Epoch  5,   350/  454; acc:  65.06; ppl:   6.36; 5050 src tok/s; 5213 tgt tok/s;     58 s elapsed
Epoch  5,   400/  454; acc:  66.23; ppl:   6.01; 4998 src tok/s; 5223 tgt tok/s;     66 s elapsed
Epoch  5,   450/  454; acc:  65.30; ppl:   6.29; 4874 src tok/s; 5067 tgt tok/s;     75 s elapsed
Train perplexity: 6.22079
Train accuracy: 65.5548
Validation perplexity: 7.54122
Validation accuracy: 65.6308

Epoch  6,    50/  454; acc:  69.14; ppl:   4.75; 5049 src tok/s; 5249 tgt tok/s;      8 s elapsed
Epoch  6,   100/  454; acc:  67.57; ppl:   5.17; 5270 src tok/s; 5453 tgt tok/s;     16 s elapsed
Epoch  6,   150/  454; acc:  67.09; ppl:   5.32; 5105 src tok/s; 5272 tgt tok/s;     25 s elapsed
Epoch  6,   200/  454; acc:  68.69; ppl:   4.81; 5024 src tok/s; 5264 tgt tok/s;     33 s elapsed
Epoch  6,   250/  454; acc:  68.14; ppl:   4.98; 4967 src tok/s; 5181 tgt tok/s;     41 s elapsed
Epoch  6,   300/  454; acc:  68.24; ppl:   4.90; 5077 src tok/s; 5279 tgt tok/s;     49 s elapsed
Epoch  6,   350/  454; acc:  67.59; ppl:   5.18; 5075 src tok/s; 5248 tgt tok/s;     58 s elapsed
Epoch  6,   400/  454; acc:  67.15; ppl:   5.34; 4950 src tok/s; 5130 tgt tok/s;     66 s elapsed
Epoch  6,   450/  454; acc:  68.01; ppl:   5.06; 5142 src tok/s; 5300 tgt tok/s;     74 s elapsed
Train perplexity: 5.04436
Train accuracy: 67.9834
Validation perplexity: 6.91643
Validation accuracy: 66.1416

Epoch  7,    50/  454; acc:  71.76; ppl:   3.87; 5105 src tok/s; 5338 tgt tok/s;      8 s elapsed
Epoch  7,   100/  454; acc:  70.45; ppl:   4.22; 5181 src tok/s; 5331 tgt tok/s;     16 s elapsed
Epoch  7,   150/  454; acc:  70.50; ppl:   4.14; 5021 src tok/s; 5217 tgt tok/s;     25 s elapsed
Epoch  7,   200/  454; acc:  69.59; ppl:   4.38; 5185 src tok/s; 5365 tgt tok/s;     33 s elapsed
Epoch  7,   250/  454; acc:  70.77; ppl:   4.14; 4961 src tok/s; 5190 tgt tok/s;     41 s elapsed
Epoch  7,   300/  454; acc:  69.02; ppl:   4.46; 5018 src tok/s; 5181 tgt tok/s;     50 s elapsed
Epoch  7,   350/  454; acc:  69.92; ppl:   4.26; 5071 src tok/s; 5270 tgt tok/s;     58 s elapsed
Epoch  7,   400/  454; acc:  69.93; ppl:   4.31; 5042 src tok/s; 5219 tgt tok/s;     66 s elapsed
Epoch  7,   450/  454; acc:  69.38; ppl:   4.43; 4938 src tok/s; 5141 tgt tok/s;     74 s elapsed
Train perplexity: 4.25373
Train accuracy: 70.0906
Validation perplexity: 6.68247
Validation accuracy: 67.2201

Epoch  8,    50/  454; acc:  73.26; ppl:   3.47; 5054 src tok/s; 5237 tgt tok/s;      8 s elapsed
Epoch  8,   100/  454; acc:  72.34; ppl:   3.51; 5145 src tok/s; 5350 tgt tok/s;     16 s elapsed
Epoch  8,   150/  454; acc:  71.81; ppl:   3.72; 5075 src tok/s; 5240 tgt tok/s;     25 s elapsed
Epoch  8,   200/  454; acc:  71.89; ppl:   3.69; 5080 src tok/s; 5269 tgt tok/s;     33 s elapsed
Epoch  8,   250/  454; acc:  71.84; ppl:   3.62; 5015 src tok/s; 5217 tgt tok/s;     41 s elapsed
Epoch  8,   300/  454; acc:  71.42; ppl:   3.83; 5028 src tok/s; 5198 tgt tok/s;     50 s elapsed
Epoch  8,   350/  454; acc:  70.53; ppl:   3.97; 5033 src tok/s; 5198 tgt tok/s;     58 s elapsed
Epoch  8,   400/  454; acc:  72.14; ppl:   3.60; 4961 src tok/s; 5210 tgt tok/s;     66 s elapsed
Epoch  8,   450/  454; acc:  71.59; ppl:   3.83; 5021 src tok/s; 5208 tgt tok/s;     75 s elapsed
Train perplexity: 3.68942
Train accuracy: 71.8879
Validation perplexity: 6.62959
Validation accuracy: 67.2981
Decaying learning rate to 0.5

Epoch  9,    50/  454; acc:  76.98; ppl:   2.77; 4915 src tok/s; 5113 tgt tok/s;      8 s elapsed
Epoch  9,   100/  454; acc:  75.84; ppl:   2.86; 5276 src tok/s; 5419 tgt tok/s;     16 s elapsed
Epoch  9,   150/  454; acc:  76.52; ppl:   2.81; 5121 src tok/s; 5311 tgt tok/s;     25 s elapsed
Epoch  9,   200/  454; acc:  77.15; ppl:   2.67; 4980 src tok/s; 5197 tgt tok/s;     33 s elapsed
Epoch  9,   250/  454; acc:  76.72; ppl:   2.74; 5040 src tok/s; 5222 tgt tok/s;     41 s elapsed
Epoch  9,   300/  454; acc:  76.84; ppl:   2.75; 5059 src tok/s; 5250 tgt tok/s;     50 s elapsed
Epoch  9,   350/  454; acc:  76.65; ppl:   2.80; 5101 src tok/s; 5292 tgt tok/s;     58 s elapsed
Epoch  9,   400/  454; acc:  76.45; ppl:   2.82; 5070 src tok/s; 5264 tgt tok/s;     66 s elapsed
Epoch  9,   450/  454; acc:  76.30; ppl:   2.83; 4975 src tok/s; 5188 tgt tok/s;     75 s elapsed
Train perplexity: 2.78507
Train accuracy: 76.5928
Validation perplexity: 6.19724
Validation accuracy: 68.8307
Decaying learning rate to 0.25

Epoch 10,    50/  454; acc:  80.00; ppl:   2.35; 5098 src tok/s; 5255 tgt tok/s;      8 s elapsed
Epoch 10,   100/  454; acc:  80.83; ppl:   2.24; 5151 src tok/s; 5366 tgt tok/s;     16 s elapsed
Epoch 10,   150/  454; acc:  79.44; ppl:   2.41; 5202 src tok/s; 5382 tgt tok/s;     25 s elapsed
Epoch 10,   200/  454; acc:  80.74; ppl:   2.24; 4981 src tok/s; 5194 tgt tok/s;     33 s elapsed
Epoch 10,   250/  454; acc:  79.36; ppl:   2.45; 5019 src tok/s; 5186 tgt tok/s;     42 s elapsed
Epoch 10,   300/  454; acc:  81.46; ppl:   2.16; 5233 src tok/s; 5444 tgt tok/s;     49 s elapsed
Epoch 10,   350/  454; acc:  81.29; ppl:   2.17; 5125 src tok/s; 5363 tgt tok/s;     57 s elapsed
Epoch 10,   400/  454; acc:  78.99; ppl:   2.45; 5034 src tok/s; 5203 tgt tok/s;     66 s elapsed
Epoch 10,   450/  454; acc:  79.91; ppl:   2.33; 5015 src tok/s; 5200 tgt tok/s;     74 s elapsed
Train perplexity: 2.30953
Train accuracy: 80.2087
Validation perplexity: 6.16242
Validation accuracy: 68.9939
Decaying learning rate to 0.125

Epoch 11,    50/  454; acc:  82.43; ppl:   2.06; 5140 src tok/s; 5335 tgt tok/s;      8 s elapsed
Epoch 11,   100/  454; acc:  82.27; ppl:   2.12; 5214 src tok/s; 5416 tgt tok/s;     16 s elapsed
Epoch 11,   150/  454; acc:  82.39; ppl:   2.08; 5218 src tok/s; 5392 tgt tok/s;     24 s elapsed
Epoch 11,   200/  454; acc:  82.01; ppl:   2.10; 5055 src tok/s; 5261 tgt tok/s;     33 s elapsed
Epoch 11,   250/  454; acc:  81.72; ppl:   2.17; 4876 src tok/s; 5062 tgt tok/s;     41 s elapsed
Epoch 11,   300/  454; acc:  82.86; ppl:   2.03; 5046 src tok/s; 5240 tgt tok/s;     50 s elapsed
Epoch 11,   350/  454; acc:  82.34; ppl:   2.07; 5038 src tok/s; 5245 tgt tok/s;     58 s elapsed
Epoch 11,   400/  454; acc:  81.67; ppl:   2.14; 4994 src tok/s; 5168 tgt tok/s;     66 s elapsed
Epoch 11,   450/  454; acc:  81.82; ppl:   2.11; 4922 src tok/s; 5115 tgt tok/s;     74 s elapsed
Train perplexity: 2.10048
Train accuracy: 82.1428
Validation perplexity: 6.33536
Validation accuracy: 69.3487
Decaying learning rate to 0.0625

Epoch 12,    50/  454; acc:  83.20; ppl:   1.99; 5124 src tok/s; 5321 tgt tok/s;      8 s elapsed
Epoch 12,   100/  454; acc:  83.47; ppl:   2.00; 5021 src tok/s; 5243 tgt tok/s;     16 s elapsed
Epoch 12,   150/  454; acc:  82.25; ppl:   2.10; 4979 src tok/s; 5141 tgt tok/s;     25 s elapsed
Epoch 12,   200/  454; acc:  84.19; ppl:   1.91; 5123 src tok/s; 5329 tgt tok/s;     33 s elapsed
Epoch 12,   250/  454; acc:  82.79; ppl:   2.04; 5074 src tok/s; 5224 tgt tok/s;     42 s elapsed
Epoch 12,   300/  454; acc:  83.96; ppl:   1.93; 5194 src tok/s; 5409 tgt tok/s;     50 s elapsed
Epoch 12,   350/  454; acc:  84.00; ppl:   1.92; 5161 src tok/s; 5380 tgt tok/s;     57 s elapsed
Epoch 12,   400/  454; acc:  82.18; ppl:   2.10; 5068 src tok/s; 5235 tgt tok/s;     66 s elapsed
Epoch 12,   450/  454; acc:  83.35; ppl:   1.98; 5059 src tok/s; 5264 tgt tok/s;     74 s elapsed
Train perplexity: 2.00299
Train accuracy: 83.204
Validation perplexity: 6.37978
Validation accuracy: 69.6325
Decaying learning rate to 0.03125

Epoch 13,    50/  454; acc:  82.99; ppl:   2.02; 5044 src tok/s; 5227 tgt tok/s;      8 s elapsed
Epoch 13,   100/  454; acc:  84.32; ppl:   1.89; 5024 src tok/s; 5234 tgt tok/s;     17 s elapsed
Epoch 13,   150/  454; acc:  84.52; ppl:   1.89; 4893 src tok/s; 5088 tgt tok/s;     25 s elapsed
Epoch 13,   200/  454; acc:  83.41; ppl:   1.98; 5167 src tok/s; 5341 tgt tok/s;     33 s elapsed
Epoch 13,   250/  454; acc:  83.62; ppl:   1.98; 5107 src tok/s; 5315 tgt tok/s;     41 s elapsed
Epoch 13,   300/  454; acc:  83.93; ppl:   1.94; 5182 src tok/s; 5371 tgt tok/s;     50 s elapsed
Epoch 13,   350/  454; acc:  82.92; ppl:   2.03; 5261 src tok/s; 5403 tgt tok/s;     58 s elapsed
Epoch 13,   400/  454; acc:  84.38; ppl:   1.89; 5148 src tok/s; 5402 tgt tok/s;     66 s elapsed
Epoch 13,   450/  454; acc:  83.98; ppl:   1.91; 5132 src tok/s; 5328 tgt tok/s;     74 s elapsed
Train perplexity: 1.95181
Train accuracy: 83.7349
Validation perplexity: 6.45547
Validation accuracy: 69.3132
Decaying learning rate to 0.015625

Epoch 14,    50/  454; acc:  83.82; ppl:   1.94; 5125 src tok/s; 5308 tgt tok/s;      8 s elapsed
Epoch 14,   100/  454; acc:  84.14; ppl:   1.91; 5111 src tok/s; 5343 tgt tok/s;     16 s elapsed
Epoch 14,   150/  454; acc:  84.30; ppl:   1.87; 5105 src tok/s; 5302 tgt tok/s;     25 s elapsed
Epoch 14,   200/  454; acc:  83.71; ppl:   1.96; 5111 src tok/s; 5316 tgt tok/s;     33 s elapsed
Epoch 14,   250/  454; acc:  84.92; ppl:   1.84; 4987 src tok/s; 5230 tgt tok/s;     41 s elapsed
Epoch 14,   300/  454; acc:  83.01; ppl:   2.03; 5118 src tok/s; 5251 tgt tok/s;     49 s elapsed
Epoch 14,   350/  454; acc:  85.22; ppl:   1.79; 4953 src tok/s; 5148 tgt tok/s;     57 s elapsed
Epoch 14,   400/  454; acc:  82.84; ppl:   2.04; 5153 src tok/s; 5316 tgt tok/s;     66 s elapsed
Epoch 14,   450/  454; acc:  83.57; ppl:   1.97; 4872 src tok/s; 5044 tgt tok/s;     75 s elapsed
Train perplexity: 1.92764
Train accuracy: 83.9366
Validation perplexity: 6.47854
Validation accuracy: 69.3132
Decaying learning rate to 0.0078125

Epoch 15,    50/  454; acc:  83.51; ppl:   1.97; 5102 src tok/s; 5256 tgt tok/s;      9 s elapsed
Epoch 15,   100/  454; acc:  84.82; ppl:   1.87; 5047 src tok/s; 5281 tgt tok/s;     17 s elapsed
Epoch 15,   150/  454; acc:  83.89; ppl:   1.94; 4964 src tok/s; 5167 tgt tok/s;     25 s elapsed
Epoch 15,   200/  454; acc:  84.00; ppl:   1.89; 5168 src tok/s; 5316 tgt tok/s;     33 s elapsed
Epoch 15,   250/  454; acc:  84.15; ppl:   1.92; 5030 src tok/s; 5224 tgt tok/s;     42 s elapsed
Epoch 15,   300/  454; acc:  84.37; ppl:   1.89; 5061 src tok/s; 5269 tgt tok/s;     50 s elapsed
Epoch 15,   350/  454; acc:  84.25; ppl:   1.90; 5177 src tok/s; 5363 tgt tok/s;     58 s elapsed
Epoch 15,   400/  454; acc:  84.29; ppl:   1.92; 5010 src tok/s; 5221 tgt tok/s;     66 s elapsed
Epoch 15,   450/  454; acc:  83.58; ppl:   1.97; 4994 src tok/s; 5173 tgt tok/s;     75 s elapsed
Train perplexity: 1.91704
Train accuracy: 84.1098
Validation perplexity: 6.48399
Validation accuracy: 69.3699
Decaying learning rate to 0.00390625

Epoch 16,    50/  454; acc:  84.11; ppl:   1.93; 5104 src tok/s; 5284 tgt tok/s;      8 s elapsed
Epoch 16,   100/  454; acc:  84.05; ppl:   1.91; 4905 src tok/s; 5110 tgt tok/s;     17 s elapsed
Epoch 16,   150/  454; acc:  84.84; ppl:   1.85; 4977 src tok/s; 5210 tgt tok/s;     25 s elapsed
Epoch 16,   200/  454; acc:  83.64; ppl:   1.97; 5171 src tok/s; 5327 tgt tok/s;     33 s elapsed
Epoch 16,   250/  454; acc:  83.70; ppl:   1.96; 5064 src tok/s; 5238 tgt tok/s;     42 s elapsed
Epoch 16,   300/  454; acc:  84.69; ppl:   1.85; 5120 src tok/s; 5305 tgt tok/s;     50 s elapsed
Epoch 16,   350/  454; acc:  84.43; ppl:   1.91; 4960 src tok/s; 5155 tgt tok/s;     58 s elapsed
Epoch 16,   400/  454; acc:  83.98; ppl:   1.93; 5087 src tok/s; 5281 tgt tok/s;     66 s elapsed
Epoch 16,   450/  454; acc:  84.39; ppl:   1.90; 4986 src tok/s; 5181 tgt tok/s;     75 s elapsed
Train perplexity: 1.91383
Train accuracy: 84.1815
Validation perplexity: 6.48575
Validation accuracy: 69.3628
Decaying learning rate to 0.00195312

Epoch 17,    50/  454; acc:  86.17; ppl:   1.74; 4923 src tok/s; 5160 tgt tok/s;      8 s elapsed
Epoch 17,   100/  454; acc:  82.75; ppl:   2.04; 5206 src tok/s; 5340 tgt tok/s;     17 s elapsed
Epoch 17,   150/  454; acc:  83.92; ppl:   1.95; 5088 src tok/s; 5278 tgt tok/s;     25 s elapsed
Epoch 17,   200/  454; acc:  84.70; ppl:   1.86; 5067 src tok/s; 5252 tgt tok/s;     33 s elapsed
Epoch 17,   250/  454; acc:  85.61; ppl:   1.79; 5068 src tok/s; 5278 tgt tok/s;     41 s elapsed
Epoch 17,   300/  454; acc:  82.91; ppl:   2.03; 5061 src tok/s; 5213 tgt tok/s;     50 s elapsed
Epoch 17,   350/  454; acc:  84.84; ppl:   1.87; 4944 src tok/s; 5156 tgt tok/s;     58 s elapsed
Epoch 17,   400/  454; acc:  83.71; ppl:   1.94; 5101 src tok/s; 5273 tgt tok/s;     66 s elapsed
Epoch 17,   450/  454; acc:  84.11; ppl:   1.91; 4940 src tok/s; 5170 tgt tok/s;     75 s elapsed
Train perplexity: 1.90491
Train accuracy: 84.2629
Validation perplexity: 6.48728
Validation accuracy: 69.3699
Decaying learning rate to 0.000976562
