<module 'opts' from '/u/suhubdyd/research/projects/jumble_lstm/code/auxiliary-nmt/opts.pyc'>
Namespace(batch_size=64, brnn=False, brnn_merge='concat', cnn_kernel_width=3, context_gate=None, copy_attn=False, copy_attn_force=False, coverage_attn=False, data='/data/lisatmp3/suhubdyd/multi30k.atok.low', dec_layers=1, decay_method='', decoder_type='rnn', dropout=0.3, enc_layers=2, encoder_type='rnn', epochs=17, exp='', exp_host='', feat_merge='concat', feat_vec_exponent=0.7, feat_vec_size=-1, fix_word_vecs_dec=False, fix_word_vecs_enc=False, global_attention='general', gpuid=[0], input_feed=1, kappa_dec=0.3, kappa_enc=0.0, lambda_coverage=1, layers=-1, learning_rate=1.0, learning_rate_decay=0.5, max_generator_batches=32, max_grad_norm=5, model_type='text', optim='sgd', param_init=0.1, position_encoding=False, pre_word_vecs_dec=None, pre_word_vecs_enc=None, report_every=50, rnn_size=500, rnn_type='LSTM', save_model='/data/lisatmp3/suhubdyd/models/seeds/encoder0decoder0.3dropout0.3wdropFalseseed2', seed=2, share_decoder_embeddings=False, share_embeddings=False, src_word_vec_size=500, start_checkpoint_at=0, start_decay_at=8, start_epoch=1, tgt_word_vec_size=500, train_from='', truncated_decoder=0, warmup_steps=4000, weightdropout=False, word_vec_size=-1)
('Using Kappa L2 loss on decoder', 0.3)
Loading train and validate data from '/data/lisatmp3/suhubdyd/multi30k.atok.low'
 * number of training sentences: 29000
 * maximum batch size: 64
 * vocabulary size. source = 10841; target = 18563
Building model...
Intializing model parameters.
NMTModel (
  (encoder): RNNEncoder (
    (embeddings): Embeddings (
      (make_embedding): Sequential (
        (emb_luts): Elementwise (
          (0): Embedding(10841, 500, padding_idx=1)
        )
      )
    )
    (dropout): Dropout (p = 0.3)
    (rnn): LSTM(500, 500, dropout=0.3)
  )
  (decoder): InputFeedRNNDecoder (
    (embeddings): Embeddings (
      (make_embedding): Sequential (
        (emb_luts): Elementwise (
          (0): Embedding(18563, 500, padding_idx=1)
        )
      )
    )
    (dropout): Dropout (p = 0.3)
    (rnn): StackedLSTM (
      (dropout): Dropout (p = 0.3)
      (layers): ModuleList (
        (0): LSTMCell(1000, 500)
      )
    )
    (attn): GlobalAttention (
      (linear_in): Linear (500 -> 500)
      (linear_out): Linear (1000 -> 500)
      (sm): Softmax ()
      (tanh): Tanh ()
    )
  )
  (generator): Sequential (
    (0): Linear (500 -> 18563)
    (1): LogSoftmax ()
  )
)
* number of parameters: 29760063
('encoder: ', 7424500)
('decoder: ', 22335563)

Epoch  1,    50/  454; acc:   7.53; ppl: 32260.91; 5201 src tok/s; 5415 tgt tok/s;      8 s elapsed
Epoch  1,   100/  454; acc:  13.76; ppl: 2381.08; 5534 src tok/s; 5751 tgt tok/s;     16 s elapsed
Epoch  1,   150/  454; acc:  16.67; ppl: 669.99; 5519 src tok/s; 5699 tgt tok/s;     24 s elapsed
Epoch  1,   200/  454; acc:  21.25; ppl: 282.42; 5537 src tok/s; 5756 tgt tok/s;     31 s elapsed
Epoch  1,   250/  454; acc:  24.67; ppl: 190.11; 5543 src tok/s; 5746 tgt tok/s;     38 s elapsed
Epoch  1,   300/  454; acc:  27.01; ppl: 131.15; 5511 src tok/s; 5738 tgt tok/s;     46 s elapsed
Epoch  1,   350/  454; acc:  29.48; ppl:  99.28; 5333 src tok/s; 5546 tgt tok/s;     54 s elapsed
Epoch  1,   400/  454; acc:  30.82; ppl:  82.69; 5522 src tok/s; 5707 tgt tok/s;     62 s elapsed
Epoch  1,   450/  454; acc:  33.18; ppl:  68.75; 5396 src tok/s; 5587 tgt tok/s;     69 s elapsed
Train perplexity: 384.834
Train accuracy: 22.767
Validation perplexity: 61.6922
Validation accuracy: 35.7741

Epoch  2,    50/  454; acc:  35.79; ppl:  53.35; 5402 src tok/s; 5661 tgt tok/s;      7 s elapsed
Epoch  2,   100/  454; acc:  36.10; ppl:  51.89; 5584 src tok/s; 5745 tgt tok/s;     15 s elapsed
Epoch  2,   150/  454; acc:  38.60; ppl:  44.19; 5502 src tok/s; 5723 tgt tok/s;     23 s elapsed
Epoch  2,   200/  454; acc:  41.68; ppl:  35.39; 5419 src tok/s; 5624 tgt tok/s;     31 s elapsed
Epoch  2,   250/  454; acc:  43.91; ppl:  30.80; 5517 src tok/s; 5758 tgt tok/s;     38 s elapsed
Epoch  2,   300/  454; acc:  45.14; ppl:  27.87; 5415 src tok/s; 5623 tgt tok/s;     46 s elapsed
Epoch  2,   350/  454; acc:  47.58; ppl:  24.02; 5530 src tok/s; 5708 tgt tok/s;     54 s elapsed
Epoch  2,   400/  454; acc:  49.68; ppl:  20.55; 5487 src tok/s; 5684 tgt tok/s;     61 s elapsed
Epoch  2,   450/  454; acc:  51.75; ppl:  18.89; 5483 src tok/s; 5704 tgt tok/s;     69 s elapsed
Train perplexity: 31.9502
Train accuracy: 43.3481
Validation perplexity: 17.8511
Validation accuracy: 51.5964

Epoch  3,    50/  454; acc:  53.02; ppl:  15.84; 5428 src tok/s; 5637 tgt tok/s;      8 s elapsed
Epoch  3,   100/  454; acc:  53.63; ppl:  15.40; 5600 src tok/s; 5790 tgt tok/s;     15 s elapsed
Epoch  3,   150/  454; acc:  54.84; ppl:  14.16; 5527 src tok/s; 5722 tgt tok/s;     23 s elapsed
Epoch  3,   200/  454; acc:  55.66; ppl:  13.50; 5348 src tok/s; 5582 tgt tok/s;     31 s elapsed
Epoch  3,   250/  454; acc:  55.53; ppl:  13.74; 5550 src tok/s; 5771 tgt tok/s;     38 s elapsed
Epoch  3,   300/  454; acc:  56.67; ppl:  12.48; 5499 src tok/s; 5720 tgt tok/s;     46 s elapsed
Epoch  3,   350/  454; acc:  58.14; ppl:  11.51; 5577 src tok/s; 5773 tgt tok/s;     53 s elapsed
Epoch  3,   400/  454; acc:  57.67; ppl:  11.64; 5471 src tok/s; 5664 tgt tok/s;     61 s elapsed
Epoch  3,   450/  454; acc:  58.83; ppl:  10.71; 5373 src tok/s; 5600 tgt tok/s;     69 s elapsed
Train perplexity: 13.1456
Train accuracy: 55.9584
Validation perplexity: 10.5914
Validation accuracy: 59.8694

Epoch  4,    50/  454; acc:  61.77; ppl:   8.37; 5441 src tok/s; 5685 tgt tok/s;      7 s elapsed
Epoch  4,   100/  454; acc:  60.22; ppl:   9.26; 5662 src tok/s; 5821 tgt tok/s;     15 s elapsed
Epoch  4,   150/  454; acc:  61.28; ppl:   8.58; 5454 src tok/s; 5673 tgt tok/s;     23 s elapsed
Epoch  4,   200/  454; acc:  61.05; ppl:   8.81; 5525 src tok/s; 5744 tgt tok/s;     31 s elapsed
Epoch  4,   250/  454; acc:  62.24; ppl:   8.30; 5499 src tok/s; 5719 tgt tok/s;     38 s elapsed
Epoch  4,   300/  454; acc:  61.14; ppl:   8.78; 5482 src tok/s; 5672 tgt tok/s;     46 s elapsed
Epoch  4,   350/  454; acc:  61.30; ppl:   8.57; 5633 src tok/s; 5811 tgt tok/s;     53 s elapsed
Epoch  4,   400/  454; acc:  62.71; ppl:   8.01; 5434 src tok/s; 5661 tgt tok/s;     61 s elapsed
Epoch  4,   450/  454; acc:  62.34; ppl:   8.22; 5393 src tok/s; 5612 tgt tok/s;     68 s elapsed
Train perplexity: 8.53841
Train accuracy: 61.5469
Validation perplexity: 8.149
Validation accuracy: 63.6441

Epoch  5,    50/  454; acc:  65.41; ppl:   6.22; 5506 src tok/s; 5716 tgt tok/s;      8 s elapsed
Epoch  5,   100/  454; acc:  64.73; ppl:   6.67; 5486 src tok/s; 5698 tgt tok/s;     15 s elapsed
Epoch  5,   150/  454; acc:  64.80; ppl:   6.58; 5449 src tok/s; 5661 tgt tok/s;     23 s elapsed
Epoch  5,   200/  454; acc:  65.11; ppl:   6.43; 5548 src tok/s; 5746 tgt tok/s;     31 s elapsed
Epoch  5,   250/  454; acc:  64.74; ppl:   6.57; 5528 src tok/s; 5694 tgt tok/s;     38 s elapsed
Epoch  5,   300/  454; acc:  65.77; ppl:   6.09; 5308 src tok/s; 5531 tgt tok/s;     46 s elapsed
Epoch  5,   350/  454; acc:  64.36; ppl:   6.73; 5373 src tok/s; 5544 tgt tok/s;     54 s elapsed
Epoch  5,   400/  454; acc:  65.63; ppl:   6.19; 5396 src tok/s; 5642 tgt tok/s;     62 s elapsed
Epoch  5,   450/  454; acc:  64.91; ppl:   6.49; 5505 src tok/s; 5723 tgt tok/s;     69 s elapsed
Train perplexity: 6.435
Train accuracy: 65.0684
Validation perplexity: 7.18417
Validation accuracy: 65.1625

Epoch  6,    50/  454; acc:  67.29; ppl:   5.24; 5530 src tok/s; 5700 tgt tok/s;      8 s elapsed
Epoch  6,   100/  454; acc:  68.66; ppl:   4.80; 5601 src tok/s; 5815 tgt tok/s;     15 s elapsed
Epoch  6,   150/  454; acc:  67.91; ppl:   5.17; 5516 src tok/s; 5701 tgt tok/s;     23 s elapsed
Epoch  6,   200/  454; acc:  67.36; ppl:   5.25; 5416 src tok/s; 5624 tgt tok/s;     30 s elapsed
Epoch  6,   250/  454; acc:  66.93; ppl:   5.50; 5553 src tok/s; 5728 tgt tok/s;     38 s elapsed
Epoch  6,   300/  454; acc:  68.51; ppl:   4.93; 5372 src tok/s; 5602 tgt tok/s;     46 s elapsed
Epoch  6,   350/  454; acc:  67.39; ppl:   5.22; 5479 src tok/s; 5688 tgt tok/s;     54 s elapsed
Epoch  6,   400/  454; acc:  67.86; ppl:   5.29; 5435 src tok/s; 5675 tgt tok/s;     61 s elapsed
Epoch  6,   450/  454; acc:  68.31; ppl:   5.07; 5361 src tok/s; 5609 tgt tok/s;     69 s elapsed
Train perplexity: 5.17851
Train accuracy: 67.7173
Validation perplexity: 7.184
Validation accuracy: 65.1909

Epoch  7,    50/  454; acc:  70.35; ppl:   4.24; 5487 src tok/s; 5666 tgt tok/s;      8 s elapsed
Epoch  7,   100/  454; acc:  70.77; ppl:   4.15; 5520 src tok/s; 5729 tgt tok/s;     15 s elapsed
Epoch  7,   150/  454; acc:  69.95; ppl:   4.28; 5491 src tok/s; 5715 tgt tok/s;     23 s elapsed
Epoch  7,   200/  454; acc:  70.01; ppl:   4.32; 5530 src tok/s; 5753 tgt tok/s;     30 s elapsed
Epoch  7,   250/  454; acc:  69.26; ppl:   4.58; 5570 src tok/s; 5751 tgt tok/s;     38 s elapsed
Epoch  7,   300/  454; acc:  69.67; ppl:   4.30; 5488 src tok/s; 5710 tgt tok/s;     46 s elapsed
Epoch  7,   350/  454; acc:  69.52; ppl:   4.38; 5526 src tok/s; 5715 tgt tok/s;     53 s elapsed
Epoch  7,   400/  454; acc:  69.14; ppl:   4.48; 5441 src tok/s; 5667 tgt tok/s;     61 s elapsed
Epoch  7,   450/  454; acc:  69.16; ppl:   4.55; 5472 src tok/s; 5683 tgt tok/s;     69 s elapsed
Train perplexity: 4.35989
Train accuracy: 69.7691
Validation perplexity: 6.85647
Validation accuracy: 66.1416

Epoch  8,    50/  454; acc:  72.48; ppl:   3.56; 5462 src tok/s; 5674 tgt tok/s;      8 s elapsed
Epoch  8,   100/  454; acc:  72.80; ppl:   3.53; 5437 src tok/s; 5657 tgt tok/s;     15 s elapsed
Epoch  8,   150/  454; acc:  72.10; ppl:   3.63; 5583 src tok/s; 5824 tgt tok/s;     23 s elapsed
Epoch  8,   200/  454; acc:  70.92; ppl:   3.92; 5602 src tok/s; 5773 tgt tok/s;     30 s elapsed
Epoch  8,   250/  454; acc:  71.22; ppl:   3.85; 5568 src tok/s; 5725 tgt tok/s;     38 s elapsed
Epoch  8,   300/  454; acc:  71.74; ppl:   3.77; 5503 src tok/s; 5749 tgt tok/s;     46 s elapsed
Epoch  8,   350/  454; acc:  71.89; ppl:   3.70; 5513 src tok/s; 5727 tgt tok/s;     53 s elapsed
Epoch  8,   400/  454; acc:  70.76; ppl:   3.96; 5461 src tok/s; 5671 tgt tok/s;     61 s elapsed
Epoch  8,   450/  454; acc:  70.28; ppl:   4.05; 5405 src tok/s; 5600 tgt tok/s;     69 s elapsed
Train perplexity: 3.76753
Train accuracy: 71.5846
Validation perplexity: 6.47192
Validation accuracy: 67.9793
Decaying learning rate to 0.5

Epoch  9,    50/  454; acc:  76.36; ppl:   2.85; 5422 src tok/s; 5626 tgt tok/s;      8 s elapsed
Epoch  9,   100/  454; acc:  76.38; ppl:   2.88; 5458 src tok/s; 5649 tgt tok/s;     16 s elapsed
Epoch  9,   150/  454; acc:  75.52; ppl:   3.00; 5582 src tok/s; 5729 tgt tok/s;     24 s elapsed
Epoch  9,   200/  454; acc:  78.10; ppl:   2.57; 5322 src tok/s; 5588 tgt tok/s;     31 s elapsed
Epoch  9,   250/  454; acc:  76.19; ppl:   2.83; 5450 src tok/s; 5677 tgt tok/s;     39 s elapsed
Epoch  9,   300/  454; acc:  76.57; ppl:   2.83; 5385 src tok/s; 5588 tgt tok/s;     46 s elapsed
Epoch  9,   350/  454; acc:  77.16; ppl:   2.69; 5524 src tok/s; 5738 tgt tok/s;     54 s elapsed
Epoch  9,   400/  454; acc:  75.47; ppl:   2.99; 5591 src tok/s; 5777 tgt tok/s;     61 s elapsed
Epoch  9,   450/  454; acc:  76.58; ppl:   2.81; 5433 src tok/s; 5679 tgt tok/s;     69 s elapsed
Train perplexity: 2.8328
Train accuracy: 76.4265
Validation perplexity: 6.11084
Validation accuracy: 68.7101
Decaying learning rate to 0.25

Epoch 10,    50/  454; acc:  80.01; ppl:   2.35; 5438 src tok/s; 5644 tgt tok/s;      8 s elapsed
Epoch 10,   100/  454; acc:  80.39; ppl:   2.27; 5492 src tok/s; 5715 tgt tok/s;     15 s elapsed
Epoch 10,   150/  454; acc:  80.14; ppl:   2.31; 5574 src tok/s; 5806 tgt tok/s;     23 s elapsed
Epoch 10,   200/  454; acc:  79.65; ppl:   2.39; 5489 src tok/s; 5679 tgt tok/s;     31 s elapsed
Epoch 10,   250/  454; acc:  80.80; ppl:   2.21; 5472 src tok/s; 5697 tgt tok/s;     38 s elapsed
Epoch 10,   300/  454; acc:  78.66; ppl:   2.51; 5458 src tok/s; 5632 tgt tok/s;     46 s elapsed
Epoch 10,   350/  454; acc:  79.76; ppl:   2.36; 5446 src tok/s; 5632 tgt tok/s;     54 s elapsed
Epoch 10,   400/  454; acc:  79.66; ppl:   2.37; 5530 src tok/s; 5779 tgt tok/s;     61 s elapsed
Epoch 10,   450/  454; acc:  79.49; ppl:   2.38; 5528 src tok/s; 5717 tgt tok/s;     69 s elapsed
Train perplexity: 2.34936
Train accuracy: 79.856
Validation perplexity: 6.15391
Validation accuracy: 69.4693
Decaying learning rate to 0.125

Epoch 11,    50/  454; acc:  82.75; ppl:   2.04; 5448 src tok/s; 5662 tgt tok/s;      8 s elapsed
Epoch 11,   100/  454; acc:  81.45; ppl:   2.20; 5525 src tok/s; 5730 tgt tok/s;     15 s elapsed
Epoch 11,   150/  454; acc:  83.40; ppl:   1.98; 5521 src tok/s; 5757 tgt tok/s;     22 s elapsed
Epoch 11,   200/  454; acc:  80.91; ppl:   2.23; 5471 src tok/s; 5664 tgt tok/s;     30 s elapsed
Epoch 11,   250/  454; acc:  82.15; ppl:   2.10; 5465 src tok/s; 5676 tgt tok/s;     38 s elapsed
Epoch 11,   300/  454; acc:  81.41; ppl:   2.16; 5588 src tok/s; 5776 tgt tok/s;     46 s elapsed
Epoch 11,   350/  454; acc:  81.22; ppl:   2.20; 5612 src tok/s; 5813 tgt tok/s;     53 s elapsed
Epoch 11,   400/  454; acc:  82.22; ppl:   2.09; 5548 src tok/s; 5753 tgt tok/s;     61 s elapsed
Epoch 11,   450/  454; acc:  81.53; ppl:   2.17; 5483 src tok/s; 5708 tgt tok/s;     68 s elapsed
Train perplexity: 2.12998
Train accuracy: 81.8877
Validation perplexity: 6.21426
Validation accuracy: 69.5473
Decaying learning rate to 0.0625

Epoch 12,    50/  454; acc:  83.44; ppl:   1.98; 5521 src tok/s; 5724 tgt tok/s;      8 s elapsed
Epoch 12,   100/  454; acc:  82.76; ppl:   2.05; 5527 src tok/s; 5751 tgt tok/s;     15 s elapsed
Epoch 12,   150/  454; acc:  83.34; ppl:   2.01; 5480 src tok/s; 5698 tgt tok/s;     23 s elapsed
Epoch 12,   200/  454; acc:  83.12; ppl:   2.00; 5622 src tok/s; 5802 tgt tok/s;     30 s elapsed
Epoch 12,   250/  454; acc:  82.11; ppl:   2.12; 5512 src tok/s; 5708 tgt tok/s;     38 s elapsed
Epoch 12,   300/  454; acc:  83.13; ppl:   2.00; 5454 src tok/s; 5674 tgt tok/s;     46 s elapsed
Epoch 12,   350/  454; acc:  82.89; ppl:   2.03; 5542 src tok/s; 5765 tgt tok/s;     53 s elapsed
Epoch 12,   400/  454; acc:  83.33; ppl:   2.02; 5511 src tok/s; 5733 tgt tok/s;     61 s elapsed
Epoch 12,   450/  454; acc:  82.57; ppl:   2.08; 5385 src tok/s; 5562 tgt tok/s;     69 s elapsed
Train perplexity: 2.02943
Train accuracy: 82.9921
Validation perplexity: 6.31208
Validation accuracy: 69.5828
Decaying learning rate to 0.03125

Epoch 13,    50/  454; acc:  83.30; ppl:   2.01; 5426 src tok/s; 5619 tgt tok/s;      8 s elapsed
Epoch 13,   100/  454; acc:  83.95; ppl:   1.93; 5473 src tok/s; 5667 tgt tok/s;     15 s elapsed
Epoch 13,   150/  454; acc:  83.92; ppl:   1.93; 5223 src tok/s; 5455 tgt tok/s;     23 s elapsed
Epoch 13,   200/  454; acc:  83.27; ppl:   2.01; 5479 src tok/s; 5663 tgt tok/s;     31 s elapsed
Epoch 13,   250/  454; acc:  83.07; ppl:   2.04; 5426 src tok/s; 5642 tgt tok/s;     39 s elapsed
Epoch 13,   300/  454; acc:  83.98; ppl:   1.93; 5550 src tok/s; 5738 tgt tok/s;     46 s elapsed
Epoch 13,   350/  454; acc:  83.89; ppl:   1.96; 5396 src tok/s; 5643 tgt tok/s;     54 s elapsed
Epoch 13,   400/  454; acc:  82.81; ppl:   2.02; 5551 src tok/s; 5740 tgt tok/s;     62 s elapsed
Epoch 13,   450/  454; acc:  83.56; ppl:   1.99; 5411 src tok/s; 5628 tgt tok/s;     69 s elapsed
Train perplexity: 1.97964
Train accuracy: 83.5174
Validation perplexity: 6.34562
Validation accuracy: 69.6183
Decaying learning rate to 0.015625

Epoch 14,    50/  454; acc:  84.17; ppl:   1.93; 5612 src tok/s; 5814 tgt tok/s;      8 s elapsed
Epoch 14,   100/  454; acc:  84.22; ppl:   1.95; 5336 src tok/s; 5551 tgt tok/s;     15 s elapsed
Epoch 14,   150/  454; acc:  83.73; ppl:   1.96; 5376 src tok/s; 5578 tgt tok/s;     23 s elapsed
Epoch 14,   200/  454; acc:  84.12; ppl:   1.92; 5559 src tok/s; 5778 tgt tok/s;     31 s elapsed
Epoch 14,   250/  454; acc:  82.78; ppl:   2.05; 5623 src tok/s; 5795 tgt tok/s;     38 s elapsed
Epoch 14,   300/  454; acc:  84.86; ppl:   1.84; 5539 src tok/s; 5789 tgt tok/s;     46 s elapsed
Epoch 14,   350/  454; acc:  83.30; ppl:   1.99; 5493 src tok/s; 5690 tgt tok/s;     53 s elapsed
Epoch 14,   400/  454; acc:  84.19; ppl:   1.91; 5533 src tok/s; 5759 tgt tok/s;     61 s elapsed
Epoch 14,   450/  454; acc:  83.34; ppl:   2.01; 5437 src tok/s; 5634 tgt tok/s;     68 s elapsed
Train perplexity: 1.95228
Train accuracy: 83.8482
Validation perplexity: 6.37939
Validation accuracy: 69.7247
Decaying learning rate to 0.0078125

Epoch 15,    50/  454; acc:  84.34; ppl:   1.90; 5382 src tok/s; 5638 tgt tok/s;      8 s elapsed
Epoch 15,   100/  454; acc:  83.57; ppl:   1.96; 5588 src tok/s; 5747 tgt tok/s;     15 s elapsed
Epoch 15,   150/  454; acc:  84.17; ppl:   1.92; 5537 src tok/s; 5745 tgt tok/s;     23 s elapsed
Epoch 15,   200/  454; acc:  83.97; ppl:   1.94; 5459 src tok/s; 5672 tgt tok/s;     31 s elapsed
Epoch 15,   250/  454; acc:  84.49; ppl:   1.91; 5671 src tok/s; 5883 tgt tok/s;     38 s elapsed
Epoch 15,   300/  454; acc:  83.89; ppl:   1.98; 5474 src tok/s; 5664 tgt tok/s;     46 s elapsed
Epoch 15,   350/  454; acc:  83.09; ppl:   2.03; 5567 src tok/s; 5738 tgt tok/s;     53 s elapsed
Epoch 15,   400/  454; acc:  84.24; ppl:   1.90; 5388 src tok/s; 5637 tgt tok/s;     61 s elapsed
Epoch 15,   450/  454; acc:  83.50; ppl:   1.97; 5421 src tok/s; 5634 tgt tok/s;     69 s elapsed
Train perplexity: 1.94445
Train accuracy: 83.9168
Validation perplexity: 6.3937
Validation accuracy: 69.6325
Decaying learning rate to 0.00390625

Epoch 16,    50/  454; acc:  83.65; ppl:   1.98; 5448 src tok/s; 5653 tgt tok/s;      8 s elapsed
Epoch 16,   100/  454; acc:  84.39; ppl:   1.89; 5479 src tok/s; 5735 tgt tok/s;     15 s elapsed
Epoch 16,   150/  454; acc:  83.86; ppl:   1.92; 5638 src tok/s; 5842 tgt tok/s;     23 s elapsed
Epoch 16,   200/  454; acc:  83.97; ppl:   1.94; 5550 src tok/s; 5743 tgt tok/s;     30 s elapsed
Epoch 16,   250/  454; acc:  83.36; ppl:   2.00; 5436 src tok/s; 5635 tgt tok/s;     38 s elapsed
Epoch 16,   300/  454; acc:  84.52; ppl:   1.87; 5430 src tok/s; 5669 tgt tok/s;     46 s elapsed
Epoch 16,   350/  454; acc:  83.54; ppl:   1.97; 5557 src tok/s; 5746 tgt tok/s;     53 s elapsed
Epoch 16,   400/  454; acc:  84.33; ppl:   1.88; 5640 src tok/s; 5846 tgt tok/s;     61 s elapsed
Epoch 16,   450/  454; acc:  83.93; ppl:   1.99; 5435 src tok/s; 5602 tgt tok/s;     69 s elapsed
Train perplexity: 1.93419
Train accuracy: 83.9731
Validation perplexity: 6.39914
Validation accuracy: 69.6467
Decaying learning rate to 0.00195312

Epoch 17,    50/  454; acc:  83.27; ppl:   2.02; 5504 src tok/s; 5662 tgt tok/s;      8 s elapsed
Epoch 17,   100/  454; acc:  84.51; ppl:   1.87; 5351 src tok/s; 5615 tgt tok/s;     15 s elapsed
Epoch 17,   150/  454; acc:  84.79; ppl:   1.84; 5378 src tok/s; 5594 tgt tok/s;     23 s elapsed
Epoch 17,   200/  454; acc:  82.99; ppl:   2.06; 5600 src tok/s; 5773 tgt tok/s;     31 s elapsed
Epoch 17,   250/  454; acc:  84.38; ppl:   1.90; 5367 src tok/s; 5574 tgt tok/s;     38 s elapsed
Epoch 17,   300/  454; acc:  83.81; ppl:   1.95; 5287 src tok/s; 5465 tgt tok/s;     47 s elapsed
Epoch 17,   350/  454; acc:  84.38; ppl:   1.89; 5409 src tok/s; 5620 tgt tok/s;     54 s elapsed
Epoch 17,   400/  454; acc:  83.51; ppl:   1.96; 5548 src tok/s; 5777 tgt tok/s;     62 s elapsed
Epoch 17,   450/  454; acc:  84.21; ppl:   1.89; 5499 src tok/s; 5732 tgt tok/s;     69 s elapsed
Train perplexity: 1.93193
Train accuracy: 83.9556
Validation perplexity: 6.40354
Validation accuracy: 69.6254
Decaying learning rate to 0.000976562
