<module 'opts' from '/u/suhubdyd/research/projects/jumble_lstm/code/auxiliary-nmt/opts.pyc'>
Namespace(batch_size=64, brnn=False, brnn_merge='concat', cnn_kernel_width=3, context_gate=None, copy_attn=False, copy_attn_force=False, coverage_attn=False, data='/data/lisatmp3/suhubdyd/multi30k.atok.low', dec_layers=1, decay_method='', decoder_type='rnn', dropout=0.3, enc_layers=2, encoder_type='rnn', epochs=17, exp='', exp_host='', feat_merge='concat', feat_vec_exponent=0.7, feat_vec_size=-1, fix_word_vecs_dec=False, fix_word_vecs_enc=False, global_attention='general', gpuid=[0], input_feed=1, kappa_dec=0.1, kappa_enc=0.3, lambda_coverage=1, layers=-1, learning_rate=1.0, learning_rate_decay=0.5, max_generator_batches=32, max_grad_norm=5, model_type='text', optim='sgd', param_init=0.1, position_encoding=False, pre_word_vecs_dec=None, pre_word_vecs_enc=None, report_every=50, rnn_size=500, rnn_type='LSTM', save_model='/data/lisatmp3/suhubdyd/models/encoder0.3_decoder0.1_dropout0.3', seed=-1, share_decoder_embeddings=False, share_embeddings=False, src_word_vec_size=500, start_checkpoint_at=0, start_decay_at=8, start_epoch=1, tgt_word_vec_size=500, train_from='', truncated_decoder=0, warmup_steps=4000, word_vec_size=-1)
('Using Kappa L2 loss on encoder', 0.3)
('Using Kappa L2 loss on decoder', 0.1)
Loading train and validate data from '/data/lisatmp3/suhubdyd/multi30k.atok.low'
 * number of training sentences: 29000
 * maximum batch size: 64
 * vocabulary size. source = 10841; target = 18563
Building model...
Intializing model parameters.
NMTModel (
  (encoder): RNNEncoder (
    (embeddings): Embeddings (
      (make_embedding): Sequential (
        (emb_luts): Elementwise (
          (0): Embedding(10841, 500, padding_idx=1)
        )
      )
    )
    (dropout): Dropout (p = 0.3)
    (rnn): LSTM(500, 500, dropout=0.3)
  )
  (decoder): InputFeedRNNDecoder (
    (embeddings): Embeddings (
      (make_embedding): Sequential (
        (emb_luts): Elementwise (
          (0): Embedding(18563, 500, padding_idx=1)
        )
      )
    )
    (dropout): Dropout (p = 0.3)
    (rnn): StackedLSTM (
      (dropout): Dropout (p = 0.3)
      (layers): ModuleList (
        (0): LSTMCell(1000, 500)
      )
    )
    (attn): GlobalAttention (
      (linear_in): Linear (500 -> 500)
      (linear_out): Linear (1000 -> 500)
      (sm): Softmax ()
      (tanh): Tanh ()
    )
  )
  (generator): Sequential (
    (0): Linear (500 -> 18563)
    (1): LogSoftmax ()
  )
)
* number of parameters: 29760063
('encoder: ', 7424500)
('decoder: ', 22335563)

Epoch  1,    50/  454; acc:   8.57; ppl: 20385.08; 2663 src tok/s; 2760 tgt tok/s;     16 s elapsed
Epoch  1,   100/  454; acc:  14.75; ppl: 1276.92; 2827 src tok/s; 2932 tgt tok/s;     31 s elapsed
Epoch  1,   150/  454; acc:  18.63; ppl: 466.13; 2795 src tok/s; 2909 tgt tok/s;     45 s elapsed
Epoch  1,   200/  454; acc:  21.98; ppl: 251.99; 2801 src tok/s; 2891 tgt tok/s;     60 s elapsed
Epoch  1,   250/  454; acc:  24.88; ppl: 181.01; 2830 src tok/s; 2913 tgt tok/s;     76 s elapsed
Epoch  1,   300/  454; acc:  29.03; ppl: 109.56; 2794 src tok/s; 2904 tgt tok/s;     90 s elapsed
Epoch  1,   350/  454; acc:  31.18; ppl:  86.35; 2779 src tok/s; 2911 tgt tok/s;    105 s elapsed
Epoch  1,   400/  454; acc:  31.95; ppl:  76.17; 2733 src tok/s; 2834 tgt tok/s;    121 s elapsed
Epoch  1,   450/  454; acc:  34.74; ppl:  63.86; 2716 src tok/s; 2826 tgt tok/s;    136 s elapsed
Train perplexity: 302.889
Train accuracy: 24.1033
Validation perplexity: 46.3323
Validation accuracy: 38.7896

Epoch  2,    50/  454; acc:  37.98; ppl:  47.40; 2775 src tok/s; 2874 tgt tok/s;     15 s elapsed
Epoch  2,   100/  454; acc:  40.82; ppl:  37.97; 2728 src tok/s; 2851 tgt tok/s;     30 s elapsed
Epoch  2,   150/  454; acc:  43.99; ppl:  31.22; 2827 src tok/s; 2935 tgt tok/s;     45 s elapsed
Epoch  2,   200/  454; acc:  44.12; ppl:  29.98; 2834 src tok/s; 2936 tgt tok/s;     60 s elapsed
Epoch  2,   250/  454; acc:  46.56; ppl:  25.62; 2777 src tok/s; 2869 tgt tok/s;     76 s elapsed
Epoch  2,   300/  454; acc:  49.94; ppl:  21.16; 2737 src tok/s; 2850 tgt tok/s;     90 s elapsed
Epoch  2,   350/  454; acc:  50.49; ppl:  20.00; 2755 src tok/s; 2861 tgt tok/s;    106 s elapsed
Epoch  2,   400/  454; acc:  50.58; ppl:  19.25; 2800 src tok/s; 2898 tgt tok/s;    121 s elapsed
Epoch  2,   450/  454; acc:  52.76; ppl:  16.84; 2760 src tok/s; 2868 tgt tok/s;    136 s elapsed
Train perplexity: 26.1702
Train accuracy: 46.4003
Validation perplexity: 15.1675
Validation accuracy: 53.9449

Epoch  3,    50/  454; acc:  55.57; ppl:  13.04; 2735 src tok/s; 2858 tgt tok/s;     15 s elapsed
Epoch  3,   100/  454; acc:  55.89; ppl:  13.00; 2781 src tok/s; 2884 tgt tok/s;     30 s elapsed
Epoch  3,   150/  454; acc:  57.27; ppl:  11.95; 2757 src tok/s; 2855 tgt tok/s;     45 s elapsed
Epoch  3,   200/  454; acc:  57.11; ppl:  11.99; 2802 src tok/s; 2896 tgt tok/s;     61 s elapsed
Epoch  3,   250/  454; acc:  58.00; ppl:  11.50; 2813 src tok/s; 2919 tgt tok/s;     76 s elapsed
Epoch  3,   300/  454; acc:  58.87; ppl:  10.62; 2755 src tok/s; 2861 tgt tok/s;     91 s elapsed
Epoch  3,   350/  454; acc:  59.28; ppl:  10.24; 2744 src tok/s; 2857 tgt tok/s;    106 s elapsed
Epoch  3,   400/  454; acc:  58.80; ppl:  10.77; 2742 src tok/s; 2845 tgt tok/s;    121 s elapsed
Epoch  3,   450/  454; acc:  59.14; ppl:  10.33; 2702 src tok/s; 2797 tgt tok/s;    137 s elapsed
Train perplexity: 11.4468
Train accuracy: 57.7716
Validation perplexity: 9.93935
Validation accuracy: 59.9333

Epoch  4,    50/  454; acc:  61.82; ppl:   8.13; 2799 src tok/s; 2881 tgt tok/s;     16 s elapsed
Epoch  4,   100/  454; acc:  64.21; ppl:   7.04; 2751 src tok/s; 2878 tgt tok/s;     30 s elapsed
Epoch  4,   150/  454; acc:  61.79; ppl:   8.23; 2772 src tok/s; 2886 tgt tok/s;     45 s elapsed
Epoch  4,   200/  454; acc:  63.27; ppl:   7.54; 2778 src tok/s; 2866 tgt tok/s;     60 s elapsed
Epoch  4,   250/  454; acc:  63.01; ppl:   7.53; 2778 src tok/s; 2891 tgt tok/s;     76 s elapsed
Epoch  4,   300/  454; acc:  63.73; ppl:   7.22; 2764 src tok/s; 2869 tgt tok/s;     91 s elapsed
Epoch  4,   350/  454; acc:  63.10; ppl:   7.57; 2795 src tok/s; 2896 tgt tok/s;    106 s elapsed
Epoch  4,   400/  454; acc:  64.02; ppl:   7.12; 2723 src tok/s; 2838 tgt tok/s;    121 s elapsed
Epoch  4,   450/  454; acc:  63.50; ppl:   7.23; 2650 src tok/s; 2751 tgt tok/s;    136 s elapsed
Train perplexity: 7.51899
Train accuracy: 63.1217
Validation perplexity: 7.97947
Validation accuracy: 63.786

Epoch  5,    50/  454; acc:  66.82; ppl:   5.51; 2701 src tok/s; 2810 tgt tok/s;     16 s elapsed
Epoch  5,   100/  454; acc:  66.79; ppl:   5.58; 2775 src tok/s; 2881 tgt tok/s;     31 s elapsed
Epoch  5,   150/  454; acc:  65.60; ppl:   6.05; 2752 src tok/s; 2833 tgt tok/s;     47 s elapsed
Epoch  5,   200/  454; acc:  67.71; ppl:   5.32; 2663 src tok/s; 2801 tgt tok/s;     62 s elapsed
Epoch  5,   250/  454; acc:  65.77; ppl:   5.95; 2720 src tok/s; 2813 tgt tok/s;     78 s elapsed
Epoch  5,   300/  454; acc:  67.02; ppl:   5.44; 2770 src tok/s; 2876 tgt tok/s;     92 s elapsed
Epoch  5,   350/  454; acc:  67.73; ppl:   5.23; 2714 src tok/s; 2829 tgt tok/s;    107 s elapsed
Epoch  5,   400/  454; acc:  65.71; ppl:   5.95; 2800 src tok/s; 2887 tgt tok/s;    123 s elapsed
Epoch  5,   450/  454; acc:  65.60; ppl:   5.85; 2738 src tok/s; 2838 tgt tok/s;    138 s elapsed
Train perplexity: 5.65151
Train accuracy: 66.5236
Validation perplexity: 7.00281
Validation accuracy: 65.8294

Epoch  6,    50/  454; acc:  68.64; ppl:   4.65; 2766 src tok/s; 2843 tgt tok/s;     16 s elapsed
Epoch  6,   100/  454; acc:  71.00; ppl:   4.13; 2658 src tok/s; 2778 tgt tok/s;     31 s elapsed
Epoch  6,   150/  454; acc:  69.45; ppl:   4.48; 2753 src tok/s; 2856 tgt tok/s;     47 s elapsed
Epoch  6,   200/  454; acc:  69.73; ppl:   4.43; 2774 src tok/s; 2885 tgt tok/s;     61 s elapsed
Epoch  6,   250/  454; acc:  69.62; ppl:   4.46; 2750 src tok/s; 2868 tgt tok/s;     76 s elapsed
Epoch  6,   300/  454; acc:  68.07; ppl:   4.83; 2768 src tok/s; 2853 tgt tok/s;     92 s elapsed
Epoch  6,   350/  454; acc:  68.70; ppl:   4.72; 2766 src tok/s; 2856 tgt tok/s;    107 s elapsed
Epoch  6,   400/  454; acc:  69.40; ppl:   4.51; 2732 src tok/s; 2851 tgt tok/s;    122 s elapsed
Epoch  6,   450/  454; acc:  68.27; ppl:   4.79; 2725 src tok/s; 2831 tgt tok/s;    137 s elapsed
Train perplexity: 4.55623
Train accuracy: 69.1851
Validation perplexity: 6.99208
Validation accuracy: 65.7088

Epoch  7,    50/  454; acc:  72.46; ppl:   3.55; 2711 src tok/s; 2818 tgt tok/s;     15 s elapsed
Epoch  7,   100/  454; acc:  71.97; ppl:   3.67; 2754 src tok/s; 2845 tgt tok/s;     31 s elapsed
Epoch  7,   150/  454; acc:  72.22; ppl:   3.62; 2690 src tok/s; 2808 tgt tok/s;     46 s elapsed
Epoch  7,   200/  454; acc:  70.70; ppl:   3.91; 2778 src tok/s; 2868 tgt tok/s;     61 s elapsed
Epoch  7,   250/  454; acc:  71.38; ppl:   3.85; 2747 src tok/s; 2862 tgt tok/s;     77 s elapsed
Epoch  7,   300/  454; acc:  70.91; ppl:   3.91; 2721 src tok/s; 2826 tgt tok/s;     92 s elapsed
Epoch  7,   350/  454; acc:  70.18; ppl:   4.09; 2699 src tok/s; 2798 tgt tok/s;    108 s elapsed
Epoch  7,   400/  454; acc:  71.25; ppl:   3.73; 2771 src tok/s; 2884 tgt tok/s;    123 s elapsed
Epoch  7,   450/  454; acc:  70.67; ppl:   4.00; 2753 src tok/s; 2848 tgt tok/s;    138 s elapsed
Train perplexity: 3.81236
Train accuracy: 71.3048
Validation perplexity: 6.74235
Validation accuracy: 66.2551

Epoch  8,    50/  454; acc:  73.68; ppl:   3.31; 2730 src tok/s; 2821 tgt tok/s;     16 s elapsed
Epoch  8,   100/  454; acc:  75.07; ppl:   2.96; 2681 src tok/s; 2819 tgt tok/s;     31 s elapsed
Epoch  8,   150/  454; acc:  74.66; ppl:   3.03; 2726 src tok/s; 2847 tgt tok/s;     46 s elapsed
Epoch  8,   200/  454; acc:  72.28; ppl:   3.48; 2789 src tok/s; 2897 tgt tok/s;     61 s elapsed
Epoch  8,   250/  454; acc:  73.46; ppl:   3.27; 2720 src tok/s; 2815 tgt tok/s;     77 s elapsed
Epoch  8,   300/  454; acc:  73.04; ppl:   3.33; 2806 src tok/s; 2905 tgt tok/s;     92 s elapsed
Epoch  8,   350/  454; acc:  73.39; ppl:   3.29; 2752 src tok/s; 2863 tgt tok/s;    107 s elapsed
Epoch  8,   400/  454; acc:  72.01; ppl:   3.55; 2779 src tok/s; 2858 tgt tok/s;    122 s elapsed
Epoch  8,   450/  454; acc:  72.65; ppl:   3.45; 2704 src tok/s; 2795 tgt tok/s;    137 s elapsed
Train perplexity: 3.29288
Train accuracy: 73.3515
Validation perplexity: 6.66121
Validation accuracy: 67.44
Decaying learning rate to 0.5

Epoch  9,    50/  454; acc:  78.00; ppl:   2.56; 2803 src tok/s; 2888 tgt tok/s;     16 s elapsed
Epoch  9,   100/  454; acc:  79.63; ppl:   2.35; 2743 src tok/s; 2872 tgt tok/s;     30 s elapsed
Epoch  9,   150/  454; acc:  77.82; ppl:   2.58; 2769 src tok/s; 2877 tgt tok/s;     46 s elapsed
Epoch  9,   200/  454; acc:  79.65; ppl:   2.34; 2690 src tok/s; 2816 tgt tok/s;     61 s elapsed
Epoch  9,   250/  454; acc:  78.57; ppl:   2.47; 2793 src tok/s; 2871 tgt tok/s;     76 s elapsed
Epoch  9,   300/  454; acc:  79.48; ppl:   2.38; 2743 src tok/s; 2851 tgt tok/s;     91 s elapsed
Epoch  9,   350/  454; acc:  79.19; ppl:   2.40; 2725 src tok/s; 2839 tgt tok/s;    106 s elapsed
Epoch  9,   400/  454; acc:  78.31; ppl:   2.51; 2740 src tok/s; 2825 tgt tok/s;    122 s elapsed
Epoch  9,   450/  454; acc:  78.99; ppl:   2.42; 2669 src tok/s; 2774 tgt tok/s;    137 s elapsed
Train perplexity: 2.45026
Train accuracy: 78.7877
Validation perplexity: 6.23412
Validation accuracy: 68.5611
Decaying learning rate to 0.25

Epoch 10,    50/  454; acc:  83.14; ppl:   2.01; 2726 src tok/s; 2824 tgt tok/s;     16 s elapsed
Epoch 10,   100/  454; acc:  83.33; ppl:   1.99; 2726 src tok/s; 2830 tgt tok/s;     31 s elapsed
Epoch 10,   150/  454; acc:  82.89; ppl:   2.02; 2818 src tok/s; 2912 tgt tok/s;     46 s elapsed
Epoch 10,   200/  454; acc:  83.21; ppl:   2.01; 2729 src tok/s; 2836 tgt tok/s;     61 s elapsed
Epoch 10,   250/  454; acc:  83.87; ppl:   1.90; 2702 src tok/s; 2835 tgt tok/s;     76 s elapsed
Epoch 10,   300/  454; acc:  81.58; ppl:   2.13; 2756 src tok/s; 2838 tgt tok/s;     92 s elapsed
Epoch 10,   350/  454; acc:  83.39; ppl:   1.97; 2714 src tok/s; 2820 tgt tok/s;    107 s elapsed
Epoch 10,   400/  454; acc:  82.66; ppl:   2.07; 2773 src tok/s; 2877 tgt tok/s;    122 s elapsed
Epoch 10,   450/  454; acc:  82.67; ppl:   2.03; 2705 src tok/s; 2825 tgt tok/s;    138 s elapsed
Train perplexity: 2.01825
Train accuracy: 82.9143
Validation perplexity: 6.29141
Validation accuracy: 69.526
Decaying learning rate to 0.125

Epoch 11,    50/  454; acc:  86.11; ppl:   1.76; 2750 src tok/s; 2863 tgt tok/s;     15 s elapsed
Epoch 11,   100/  454; acc:  84.89; ppl:   1.86; 2731 src tok/s; 2826 tgt tok/s;     31 s elapsed
Epoch 11,   150/  454; acc:  85.02; ppl:   1.83; 2817 src tok/s; 2896 tgt tok/s;     46 s elapsed
Epoch 11,   200/  454; acc:  86.12; ppl:   1.76; 2759 src tok/s; 2881 tgt tok/s;     61 s elapsed
Epoch 11,   250/  454; acc:  85.15; ppl:   1.84; 2717 src tok/s; 2840 tgt tok/s;     76 s elapsed
Epoch 11,   300/  454; acc:  84.72; ppl:   1.85; 2719 src tok/s; 2818 tgt tok/s;     92 s elapsed
Epoch 11,   350/  454; acc:  85.44; ppl:   1.80; 2769 src tok/s; 2884 tgt tok/s;    107 s elapsed
Epoch 11,   400/  454; acc:  84.73; ppl:   1.86; 2816 src tok/s; 2907 tgt tok/s;    122 s elapsed
Epoch 11,   450/  454; acc:  85.15; ppl:   1.83; 2693 src tok/s; 2799 tgt tok/s;    137 s elapsed
Train perplexity: 1.82347
Train accuracy: 85.2235
Validation perplexity: 6.49896
Validation accuracy: 69.3841
Decaying learning rate to 0.0625

Epoch 12,    50/  454; acc:  86.88; ppl:   1.69; 2783 src tok/s; 2892 tgt tok/s;     15 s elapsed
Epoch 12,   100/  454; acc:  86.26; ppl:   1.76; 2735 src tok/s; 2839 tgt tok/s;     30 s elapsed
Epoch 12,   150/  454; acc:  85.69; ppl:   1.82; 2836 src tok/s; 2920 tgt tok/s;     46 s elapsed
Epoch 12,   200/  454; acc:  87.17; ppl:   1.66; 2775 src tok/s; 2900 tgt tok/s;     60 s elapsed
Epoch 12,   250/  454; acc:  86.08; ppl:   1.76; 2814 src tok/s; 2896 tgt tok/s;     76 s elapsed
Epoch 12,   300/  454; acc:  86.82; ppl:   1.70; 2718 src tok/s; 2826 tgt tok/s;     91 s elapsed
Epoch 12,   350/  454; acc:  85.20; ppl:   1.86; 2786 src tok/s; 2876 tgt tok/s;    106 s elapsed
Epoch 12,   400/  454; acc:  87.44; ppl:   1.64; 2729 src tok/s; 2852 tgt tok/s;    121 s elapsed
Epoch 12,   450/  454; acc:  86.37; ppl:   1.74; 2675 src tok/s; 2794 tgt tok/s;    136 s elapsed
Train perplexity: 1.73564
Train accuracy: 86.4267
Validation perplexity: 6.57765
Validation accuracy: 69.2564
Decaying learning rate to 0.03125

Epoch 13,    50/  454; acc:  86.52; ppl:   1.75; 2719 src tok/s; 2821 tgt tok/s;     16 s elapsed
Epoch 13,   100/  454; acc:  87.72; ppl:   1.65; 2793 src tok/s; 2899 tgt tok/s;     31 s elapsed
Epoch 13,   150/  454; acc:  87.56; ppl:   1.65; 2714 src tok/s; 2823 tgt tok/s;     45 s elapsed
Epoch 13,   200/  454; acc:  86.62; ppl:   1.72; 2779 src tok/s; 2870 tgt tok/s;     61 s elapsed
Epoch 13,   250/  454; acc:  87.76; ppl:   1.65; 2798 src tok/s; 2914 tgt tok/s;     76 s elapsed
Epoch 13,   300/  454; acc:  86.31; ppl:   1.74; 2787 src tok/s; 2897 tgt tok/s;     91 s elapsed
Epoch 13,   350/  454; acc:  86.96; ppl:   1.71; 2792 src tok/s; 2901 tgt tok/s;    106 s elapsed
Epoch 13,   400/  454; acc:  87.05; ppl:   1.71; 2781 src tok/s; 2881 tgt tok/s;    121 s elapsed
Epoch 13,   450/  454; acc:  86.94; ppl:   1.71; 2762 src tok/s; 2859 tgt tok/s;    136 s elapsed
Train perplexity: 1.69637
Train accuracy: 87.0649
Validation perplexity: 6.63583
Validation accuracy: 69.3983
Decaying learning rate to 0.015625

Epoch 14,    50/  454; acc:  86.80; ppl:   1.73; 2746 src tok/s; 2812 tgt tok/s;     16 s elapsed
Epoch 14,   100/  454; acc:  88.58; ppl:   1.59; 2765 src tok/s; 2879 tgt tok/s;     30 s elapsed
Epoch 14,   150/  454; acc:  86.62; ppl:   1.73; 2762 src tok/s; 2855 tgt tok/s;     46 s elapsed
Epoch 14,   200/  454; acc:  88.23; ppl:   1.60; 2746 src tok/s; 2867 tgt tok/s;     61 s elapsed
Epoch 14,   250/  454; acc:  87.99; ppl:   1.63; 2773 src tok/s; 2884 tgt tok/s;     76 s elapsed
Epoch 14,   300/  454; acc:  87.24; ppl:   1.70; 2813 src tok/s; 2925 tgt tok/s;     91 s elapsed
Epoch 14,   350/  454; acc:  87.57; ppl:   1.64; 2731 src tok/s; 2852 tgt tok/s;    106 s elapsed
Epoch 14,   400/  454; acc:  86.41; ppl:   1.76; 2794 src tok/s; 2899 tgt tok/s;    121 s elapsed
Epoch 14,   450/  454; acc:  87.51; ppl:   1.65; 2755 src tok/s; 2864 tgt tok/s;    136 s elapsed
Train perplexity: 1.67387
Train accuracy: 87.3885
Validation perplexity: 6.65345
Validation accuracy: 69.4551
Decaying learning rate to 0.0078125

Epoch 15,    50/  454; acc:  86.89; ppl:   1.72; 2765 src tok/s; 2870 tgt tok/s;     15 s elapsed
Epoch 15,   100/  454; acc:  87.52; ppl:   1.64; 2833 src tok/s; 2932 tgt tok/s;     30 s elapsed
Epoch 15,   150/  454; acc:  87.00; ppl:   1.69; 2766 src tok/s; 2876 tgt tok/s;     45 s elapsed
Epoch 15,   200/  454; acc:  88.29; ppl:   1.61; 2798 src tok/s; 2905 tgt tok/s;     60 s elapsed
Epoch 15,   250/  454; acc:  86.39; ppl:   1.75; 2833 src tok/s; 2917 tgt tok/s;     76 s elapsed
Epoch 15,   300/  454; acc:  88.42; ppl:   1.60; 2745 src tok/s; 2865 tgt tok/s;     90 s elapsed
Epoch 15,   350/  454; acc:  87.95; ppl:   1.64; 2735 src tok/s; 2842 tgt tok/s;    106 s elapsed
Epoch 15,   400/  454; acc:  87.59; ppl:   1.66; 2808 src tok/s; 2912 tgt tok/s;    121 s elapsed
Epoch 15,   450/  454; acc:  87.84; ppl:   1.65; 2681 src tok/s; 2798 tgt tok/s;    136 s elapsed
Train perplexity: 1.66377
Train accuracy: 87.5122
Validation perplexity: 6.66389
Validation accuracy: 69.4409
Decaying learning rate to 0.00390625

Epoch 16,    50/  454; acc:  87.72; ppl:   1.64; 2779 src tok/s; 2913 tgt tok/s;     14 s elapsed
Epoch 16,   100/  454; acc:  87.43; ppl:   1.66; 2858 src tok/s; 2943 tgt tok/s;     30 s elapsed
Epoch 16,   150/  454; acc:  87.53; ppl:   1.66; 2763 src tok/s; 2862 tgt tok/s;     45 s elapsed
Epoch 16,   200/  454; acc:  87.15; ppl:   1.68; 2796 src tok/s; 2887 tgt tok/s;     60 s elapsed
Epoch 16,   250/  454; acc:  87.91; ppl:   1.65; 2729 src tok/s; 2847 tgt tok/s;     75 s elapsed
Epoch 16,   300/  454; acc:  87.43; ppl:   1.67; 2752 src tok/s; 2861 tgt tok/s;     91 s elapsed
Epoch 16,   350/  454; acc:  88.14; ppl:   1.61; 2769 src tok/s; 2877 tgt tok/s;    105 s elapsed
Epoch 16,   400/  454; acc:  86.95; ppl:   1.70; 2770 src tok/s; 2864 tgt tok/s;    121 s elapsed
Epoch 16,   450/  454; acc:  87.40; ppl:   1.68; 2712 src tok/s; 2813 tgt tok/s;    136 s elapsed
Train perplexity: 1.65989
Train accuracy: 87.5373
Validation perplexity: 6.66963
Validation accuracy: 69.4764
Decaying learning rate to 0.00195312

Epoch 17,    50/  454; acc:  87.32; ppl:   1.68; 2773 src tok/s; 2872 tgt tok/s;     15 s elapsed
Epoch 17,   100/  454; acc:  88.03; ppl:   1.64; 2761 src tok/s; 2872 tgt tok/s;     30 s elapsed
Epoch 17,   150/  454; acc:  87.22; ppl:   1.68; 2797 src tok/s; 2895 tgt tok/s;     46 s elapsed
Epoch 17,   200/  454; acc:  87.81; ppl:   1.65; 2798 src tok/s; 2906 tgt tok/s;     60 s elapsed
Epoch 17,   250/  454; acc:  87.99; ppl:   1.62; 2742 src tok/s; 2847 tgt tok/s;     76 s elapsed
Epoch 17,   300/  454; acc:  87.42; ppl:   1.68; 2746 src tok/s; 2856 tgt tok/s;     91 s elapsed
Epoch 17,   350/  454; acc:  88.61; ppl:   1.58; 2739 src tok/s; 2869 tgt tok/s;    105 s elapsed
Epoch 17,   400/  454; acc:  86.75; ppl:   1.73; 2842 src tok/s; 2919 tgt tok/s;    121 s elapsed
Epoch 17,   450/  454; acc:  87.73; ppl:   1.66; 2714 src tok/s; 2820 tgt tok/s;    136 s elapsed
Train perplexity: 1.65654
Train accuracy: 87.6216
Validation perplexity: 6.67316
Validation accuracy: 69.4622
Decaying learning rate to 0.000976562
