<module 'opts' from '/u/suhubdyd/research/projects/jumble_lstm/code/auxiliary-nmt/opts.pyc'>
Namespace(batch_size=64, brnn=False, brnn_merge='concat', cnn_kernel_width=3, context_gate=None, copy_attn=False, copy_attn_force=False, coverage_attn=False, data='/data/lisatmp3/suhubdyd/multi30k.atok.low', dec_layers=1, decay_method='', decoder_type='rnn', dropout=0.3, enc_layers=2, encoder_type='rnn', epochs=17, exp='', exp_host='', feat_merge='concat', feat_vec_exponent=0.7, feat_vec_size=-1, fix_word_vecs_dec=False, fix_word_vecs_enc=False, global_attention='general', gpuid=[0], input_feed=1, kappa_dec=0.2, kappa_enc=0.15, lambda_coverage=1, layers=-1, learning_rate=1.0, learning_rate_decay=0.5, max_generator_batches=32, max_grad_norm=5, model_type='text', optim='sgd', param_init=0.1, position_encoding=False, pre_word_vecs_dec=None, pre_word_vecs_enc=None, report_every=50, rnn_size=500, rnn_type='LSTM', save_model='/data/lisatmp3/suhubdyd/models/encoder0.15decoder0.2dropout0.3wdropFalse', seed=-1, share_decoder_embeddings=False, share_embeddings=False, src_word_vec_size=500, start_checkpoint_at=0, start_decay_at=8, start_epoch=1, tgt_word_vec_size=500, train_from='', truncated_decoder=0, warmup_steps=4000, weightdropout=False, word_vec_size=-1)
('Using Kappa L2 loss on encoder', 0.15)
('Using Kappa L2 loss on decoder', 0.2)
Loading train and validate data from '/data/lisatmp3/suhubdyd/multi30k.atok.low'
 * number of training sentences: 29000
 * maximum batch size: 64
 * vocabulary size. source = 10841; target = 18563
Building model...
Intializing model parameters.
NMTModel (
  (encoder): RNNEncoder (
    (embeddings): Embeddings (
      (make_embedding): Sequential (
        (emb_luts): Elementwise (
          (0): Embedding(10841, 500, padding_idx=1)
        )
      )
    )
    (dropout): Dropout (p = 0.3)
    (rnn): LSTM(500, 500, dropout=0.3)
  )
  (decoder): InputFeedRNNDecoder (
    (embeddings): Embeddings (
      (make_embedding): Sequential (
        (emb_luts): Elementwise (
          (0): Embedding(18563, 500, padding_idx=1)
        )
      )
    )
    (dropout): Dropout (p = 0.3)
    (rnn): StackedLSTM (
      (dropout): Dropout (p = 0.3)
      (layers): ModuleList (
        (0): LSTMCell(1000, 500)
      )
    )
    (attn): GlobalAttention (
      (linear_in): Linear (500 -> 500)
      (linear_out): Linear (1000 -> 500)
      (sm): Softmax ()
      (tanh): Tanh ()
    )
  )
  (generator): Sequential (
    (0): Linear (500 -> 18563)
    (1): LogSoftmax ()
  )
)
* number of parameters: 29760063
('encoder: ', 7424500)
('decoder: ', 22335563)

Epoch  1,    50/  454; acc:   8.89; ppl: 15439.42; 5518 src tok/s; 5706 tgt tok/s;      8 s elapsed
Epoch  1,   100/  454; acc:  15.11; ppl: 1492.45; 5736 src tok/s; 5980 tgt tok/s;     15 s elapsed
Epoch  1,   150/  454; acc:  17.68; ppl: 545.33; 5910 src tok/s; 6145 tgt tok/s;     22 s elapsed
Epoch  1,   200/  454; acc:  20.41; ppl: 307.75; 5827 src tok/s; 6020 tgt tok/s;     29 s elapsed
Epoch  1,   250/  454; acc:  23.22; ppl: 188.71; 5757 src tok/s; 5967 tgt tok/s;     37 s elapsed
Epoch  1,   300/  454; acc:  28.15; ppl: 115.98; 5869 src tok/s; 6107 tgt tok/s;     44 s elapsed
Epoch  1,   350/  454; acc:  29.43; ppl:  93.68; 5768 src tok/s; 6009 tgt tok/s;     51 s elapsed
Epoch  1,   400/  454; acc:  31.86; ppl:  78.87; 5784 src tok/s; 5976 tgt tok/s;     58 s elapsed
Epoch  1,   450/  454; acc:  33.54; ppl:  67.70; 5719 src tok/s; 5948 tgt tok/s;     65 s elapsed
Train perplexity: 325.189
Train accuracy: 23.1875
Validation perplexity: 54.0677
Validation accuracy: 35.8096

Epoch  2,    50/  454; acc:  36.49; ppl:  50.54; 5783 src tok/s; 6004 tgt tok/s;      7 s elapsed
Epoch  2,   100/  454; acc:  39.18; ppl:  43.34; 5885 src tok/s; 6110 tgt tok/s;     14 s elapsed
Epoch  2,   150/  454; acc:  41.26; ppl:  37.19; 5774 src tok/s; 6007 tgt tok/s;     22 s elapsed
Epoch  2,   200/  454; acc:  44.25; ppl:  30.21; 5778 src tok/s; 6013 tgt tok/s;     29 s elapsed
Epoch  2,   250/  454; acc:  45.77; ppl:  26.80; 5830 src tok/s; 6049 tgt tok/s;     36 s elapsed
Epoch  2,   300/  454; acc:  46.53; ppl:  25.50; 5906 src tok/s; 6092 tgt tok/s;     43 s elapsed
Epoch  2,   350/  454; acc:  49.52; ppl:  21.45; 5883 src tok/s; 6100 tgt tok/s;     50 s elapsed
Epoch  2,   400/  454; acc:  50.61; ppl:  19.22; 5817 src tok/s; 6059 tgt tok/s;     58 s elapsed
Epoch  2,   450/  454; acc:  51.77; ppl:  18.50; 5666 src tok/s; 5889 tgt tok/s;     65 s elapsed
Train perplexity: 28.533
Train accuracy: 45.0732
Validation perplexity: 17.1285
Validation accuracy: 53.058

Epoch  3,    50/  454; acc:  54.34; ppl:  14.88; 5795 src tok/s; 6027 tgt tok/s;      7 s elapsed
Epoch  3,   100/  454; acc:  54.13; ppl:  14.14; 5828 src tok/s; 6039 tgt tok/s;     14 s elapsed
Epoch  3,   150/  454; acc:  56.19; ppl:  12.82; 5838 src tok/s; 6088 tgt tok/s;     21 s elapsed
Epoch  3,   200/  454; acc:  55.02; ppl:  13.60; 5850 src tok/s; 6043 tgt tok/s;     29 s elapsed
Epoch  3,   250/  454; acc:  57.30; ppl:  12.15; 5716 src tok/s; 5920 tgt tok/s;     36 s elapsed
Epoch  3,   300/  454; acc:  56.65; ppl:  12.43; 5727 src tok/s; 5945 tgt tok/s;     43 s elapsed
Epoch  3,   350/  454; acc:  57.82; ppl:  11.55; 5904 src tok/s; 6092 tgt tok/s;     51 s elapsed
Epoch  3,   400/  454; acc:  58.51; ppl:  11.53; 5756 src tok/s; 6003 tgt tok/s;     58 s elapsed
Epoch  3,   450/  454; acc:  58.75; ppl:  10.74; 5709 src tok/s; 5926 tgt tok/s;     65 s elapsed
Train perplexity: 12.5505
Train accuracy: 56.559
Validation perplexity: 11.4039
Validation accuracy: 58.8619

Epoch  4,    50/  454; acc:  62.11; ppl:   8.20; 5846 src tok/s; 6104 tgt tok/s;      7 s elapsed
Epoch  4,   100/  454; acc:  60.17; ppl:   9.33; 5856 src tok/s; 6025 tgt tok/s;     14 s elapsed
Epoch  4,   150/  454; acc:  60.98; ppl:   8.73; 5790 src tok/s; 5987 tgt tok/s;     22 s elapsed
Epoch  4,   200/  454; acc:  61.94; ppl:   8.43; 5830 src tok/s; 6038 tgt tok/s;     29 s elapsed
Epoch  4,   250/  454; acc:  61.94; ppl:   8.26; 5870 src tok/s; 6122 tgt tok/s;     36 s elapsed
Epoch  4,   300/  454; acc:  61.60; ppl:   8.50; 5817 src tok/s; 6055 tgt tok/s;     43 s elapsed
Epoch  4,   350/  454; acc:  61.21; ppl:   8.74; 5913 src tok/s; 6074 tgt tok/s;     51 s elapsed
Epoch  4,   400/  454; acc:  64.09; ppl:   7.31; 5704 src tok/s; 5981 tgt tok/s;     58 s elapsed
Epoch  4,   450/  454; acc:  64.33; ppl:   7.23; 5657 src tok/s; 5923 tgt tok/s;     65 s elapsed
Train perplexity: 8.33702
Train accuracy: 61.908
Validation perplexity: 8.4177
Validation accuracy: 62.516

Epoch  5,    50/  454; acc:  65.26; ppl:   6.35; 5792 src tok/s; 5992 tgt tok/s;      7 s elapsed
Epoch  5,   100/  454; acc:  65.88; ppl:   6.21; 5313 src tok/s; 5522 tgt tok/s;     15 s elapsed
Epoch  5,   150/  454; acc:  65.05; ppl:   6.50; 5894 src tok/s; 6121 tgt tok/s;     22 s elapsed
Epoch  5,   200/  454; acc:  65.43; ppl:   6.27; 5979 src tok/s; 6238 tgt tok/s;     29 s elapsed
Epoch  5,   250/  454; acc:  64.09; ppl:   6.78; 5978 src tok/s; 6146 tgt tok/s;     37 s elapsed
Epoch  5,   300/  454; acc:  66.37; ppl:   5.87; 5907 src tok/s; 6155 tgt tok/s;     43 s elapsed
Epoch  5,   350/  454; acc:  64.82; ppl:   6.32; 5974 src tok/s; 6221 tgt tok/s;     50 s elapsed
Epoch  5,   400/  454; acc:  65.36; ppl:   6.32; 5664 src tok/s; 5874 tgt tok/s;     58 s elapsed
Epoch  5,   450/  454; acc:  64.87; ppl:   6.40; 5417 src tok/s; 5609 tgt tok/s;     65 s elapsed
Train perplexity: 6.3309
Train accuracy: 65.2509
Validation perplexity: 7.12382
Validation accuracy: 66.1132

Epoch  6,    50/  454; acc:  68.55; ppl:   4.85; 5849 src tok/s; 6111 tgt tok/s;      7 s elapsed
Epoch  6,   100/  454; acc:  67.07; ppl:   5.30; 5795 src tok/s; 6005 tgt tok/s;     14 s elapsed
Epoch  6,   150/  454; acc:  67.13; ppl:   5.33; 5779 src tok/s; 6000 tgt tok/s;     22 s elapsed
Epoch  6,   200/  454; acc:  68.29; ppl:   5.06; 5784 src tok/s; 5987 tgt tok/s;     29 s elapsed
Epoch  6,   250/  454; acc:  67.26; ppl:   5.36; 5947 src tok/s; 6141 tgt tok/s;     36 s elapsed
Epoch  6,   300/  454; acc:  68.88; ppl:   4.75; 5807 src tok/s; 6036 tgt tok/s;     43 s elapsed
Epoch  6,   350/  454; acc:  67.31; ppl:   5.29; 5814 src tok/s; 5998 tgt tok/s;     51 s elapsed
Epoch  6,   400/  454; acc:  67.90; ppl:   5.07; 5683 src tok/s; 5941 tgt tok/s;     58 s elapsed
Epoch  6,   450/  454; acc:  67.43; ppl:   5.18; 5819 src tok/s; 6025 tgt tok/s;     65 s elapsed
Train perplexity: 5.1238
Train accuracy: 67.772
Validation perplexity: 6.79795
Validation accuracy: 66.6738

Epoch  7,    50/  454; acc:  69.73; ppl:   4.40; 6004 src tok/s; 6168 tgt tok/s;      7 s elapsed
Epoch  7,   100/  454; acc:  71.45; ppl:   3.91; 5775 src tok/s; 6021 tgt tok/s;     14 s elapsed
Epoch  7,   150/  454; acc:  69.92; ppl:   4.30; 5660 src tok/s; 5891 tgt tok/s;     22 s elapsed
Epoch  7,   200/  454; acc:  70.49; ppl:   4.15; 5887 src tok/s; 6100 tgt tok/s;     29 s elapsed
Epoch  7,   250/  454; acc:  68.47; ppl:   4.65; 5878 src tok/s; 6069 tgt tok/s;     36 s elapsed
Epoch  7,   300/  454; acc:  70.59; ppl:   4.13; 5849 src tok/s; 6120 tgt tok/s;     43 s elapsed
Epoch  7,   350/  454; acc:  68.37; ppl:   4.68; 5770 src tok/s; 5967 tgt tok/s;     51 s elapsed
Epoch  7,   400/  454; acc:  70.11; ppl:   4.25; 5675 src tok/s; 5925 tgt tok/s;     58 s elapsed
Epoch  7,   450/  454; acc:  69.93; ppl:   4.27; 5726 src tok/s; 5959 tgt tok/s;     65 s elapsed
Train perplexity: 4.32034
Train accuracy: 69.8113
Validation perplexity: 6.48947
Validation accuracy: 66.7731

Epoch  8,    50/  454; acc:  73.50; ppl:   3.40; 5704 src tok/s; 5913 tgt tok/s;      7 s elapsed
Epoch  8,   100/  454; acc:  72.19; ppl:   3.70; 5795 src tok/s; 6002 tgt tok/s;     15 s elapsed
Epoch  8,   150/  454; acc:  70.98; ppl:   3.80; 5800 src tok/s; 5996 tgt tok/s;     22 s elapsed
Epoch  8,   200/  454; acc:  72.11; ppl:   3.61; 5664 src tok/s; 5933 tgt tok/s;     29 s elapsed
Epoch  8,   250/  454; acc:  71.25; ppl:   3.90; 5155 src tok/s; 5326 tgt tok/s;     38 s elapsed
Epoch  8,   300/  454; acc:  71.56; ppl:   3.83; 5885 src tok/s; 6112 tgt tok/s;     45 s elapsed
Epoch  8,   350/  454; acc:  72.26; ppl:   3.57; 5813 src tok/s; 6083 tgt tok/s;     52 s elapsed
Epoch  8,   400/  454; acc:  70.37; ppl:   3.99; 5863 src tok/s; 6080 tgt tok/s;     59 s elapsed
Epoch  8,   450/  454; acc:  71.17; ppl:   3.86; 5511 src tok/s; 5690 tgt tok/s;     66 s elapsed
Train perplexity: 3.74016
Train accuracy: 71.6864
Validation perplexity: 6.43392
Validation accuracy: 67.2059
Decaying learning rate to 0.5

Epoch  9,    50/  454; acc:  76.44; ppl:   2.84; 5704 src tok/s; 5896 tgt tok/s;      7 s elapsed
Epoch  9,   100/  454; acc:  76.43; ppl:   2.89; 5826 src tok/s; 6081 tgt tok/s;     15 s elapsed
Epoch  9,   150/  454; acc:  75.79; ppl:   2.96; 5785 src tok/s; 6006 tgt tok/s;     22 s elapsed
Epoch  9,   200/  454; acc:  77.75; ppl:   2.64; 5872 src tok/s; 6120 tgt tok/s;     29 s elapsed
Epoch  9,   250/  454; acc:  76.44; ppl:   2.81; 5875 src tok/s; 6082 tgt tok/s;     36 s elapsed
Epoch  9,   300/  454; acc:  76.54; ppl:   2.82; 5791 src tok/s; 6009 tgt tok/s;     43 s elapsed
Epoch  9,   350/  454; acc:  75.67; ppl:   2.95; 5811 src tok/s; 6000 tgt tok/s;     51 s elapsed
Epoch  9,   400/  454; acc:  77.73; ppl:   2.62; 5847 src tok/s; 6090 tgt tok/s;     58 s elapsed
Epoch  9,   450/  454; acc:  76.58; ppl:   2.80; 5754 src tok/s; 5964 tgt tok/s;     65 s elapsed
Train perplexity: 2.8168
Train accuracy: 76.5634
Validation perplexity: 6.07694
Validation accuracy: 68.6037
Decaying learning rate to 0.25

Epoch 10,    50/  454; acc:  79.83; ppl:   2.39; 5828 src tok/s; 6016 tgt tok/s;      7 s elapsed
Epoch 10,   100/  454; acc:  80.16; ppl:   2.32; 5857 src tok/s; 6074 tgt tok/s;     14 s elapsed
Epoch 10,   150/  454; acc:  80.37; ppl:   2.33; 5780 src tok/s; 6012 tgt tok/s;     22 s elapsed
Epoch 10,   200/  454; acc:  80.14; ppl:   2.31; 5809 src tok/s; 6053 tgt tok/s;     29 s elapsed
Epoch 10,   250/  454; acc:  80.62; ppl:   2.26; 5772 src tok/s; 5990 tgt tok/s;     36 s elapsed
Epoch 10,   300/  454; acc:  78.97; ppl:   2.44; 5839 src tok/s; 6023 tgt tok/s;     43 s elapsed
Epoch 10,   350/  454; acc:  79.93; ppl:   2.35; 5827 src tok/s; 6057 tgt tok/s;     51 s elapsed
Epoch 10,   400/  454; acc:  80.25; ppl:   2.30; 5694 src tok/s; 5914 tgt tok/s;     58 s elapsed
Epoch 10,   450/  454; acc:  79.35; ppl:   2.39; 5714 src tok/s; 5952 tgt tok/s;     65 s elapsed
Train perplexity: 2.34
Train accuracy: 79.9735
Validation perplexity: 6.06936
Validation accuracy: 69.4196
Decaying learning rate to 0.125

Epoch 11,    50/  454; acc:  81.62; ppl:   2.16; 5792 src tok/s; 5990 tgt tok/s;      7 s elapsed
Epoch 11,   100/  454; acc:  82.69; ppl:   2.07; 5913 src tok/s; 6143 tgt tok/s;     14 s elapsed
Epoch 11,   150/  454; acc:  82.32; ppl:   2.08; 5759 src tok/s; 5991 tgt tok/s;     22 s elapsed
Epoch 11,   200/  454; acc:  81.54; ppl:   2.16; 5683 src tok/s; 5911 tgt tok/s;     29 s elapsed
Epoch 11,   250/  454; acc:  81.79; ppl:   2.15; 5930 src tok/s; 6104 tgt tok/s;     36 s elapsed
Epoch 11,   300/  454; acc:  82.46; ppl:   2.05; 5820 src tok/s; 6085 tgt tok/s;     43 s elapsed
Epoch 11,   350/  454; acc:  80.68; ppl:   2.27; 5918 src tok/s; 6076 tgt tok/s;     51 s elapsed
Epoch 11,   400/  454; acc:  83.47; ppl:   1.97; 5672 src tok/s; 5959 tgt tok/s;     58 s elapsed
Epoch 11,   450/  454; acc:  81.99; ppl:   2.11; 5697 src tok/s; 5915 tgt tok/s;     65 s elapsed
Train perplexity: 2.11982
Train accuracy: 81.9977
Validation perplexity: 6.14203
Validation accuracy: 69.5686
Decaying learning rate to 0.0625

Epoch 12,    50/  454; acc:  82.25; ppl:   2.10; 5805 src tok/s; 6014 tgt tok/s;      7 s elapsed
Epoch 12,   100/  454; acc:  83.83; ppl:   1.93; 5748 src tok/s; 5996 tgt tok/s;     15 s elapsed
Epoch 12,   150/  454; acc:  83.39; ppl:   1.99; 5823 src tok/s; 6059 tgt tok/s;     22 s elapsed
Epoch 12,   200/  454; acc:  83.01; ppl:   2.04; 5794 src tok/s; 6014 tgt tok/s;     29 s elapsed
Epoch 12,   250/  454; acc:  83.39; ppl:   1.98; 5820 src tok/s; 6061 tgt tok/s;     36 s elapsed
Epoch 12,   300/  454; acc:  82.64; ppl:   2.07; 5860 src tok/s; 6040 tgt tok/s;     43 s elapsed
Epoch 12,   350/  454; acc:  83.73; ppl:   1.94; 5680 src tok/s; 5914 tgt tok/s;     50 s elapsed
Epoch 12,   400/  454; acc:  82.13; ppl:   2.11; 5699 src tok/s; 5888 tgt tok/s;     58 s elapsed
Epoch 12,   450/  454; acc:  83.02; ppl:   2.03; 5579 src tok/s; 5778 tgt tok/s;     66 s elapsed
Train perplexity: 2.01793
Train accuracy: 83.0516
Validation perplexity: 6.27459
Validation accuracy: 69.5048
Decaying learning rate to 0.03125

Epoch 13,    50/  454; acc:  82.98; ppl:   2.03; 5974 src tok/s; 6145 tgt tok/s;      7 s elapsed
Epoch 13,   100/  454; acc:  84.19; ppl:   1.92; 5842 src tok/s; 6097 tgt tok/s;     14 s elapsed
Epoch 13,   150/  454; acc:  82.96; ppl:   2.01; 5854 src tok/s; 6094 tgt tok/s;     22 s elapsed
Epoch 13,   200/  454; acc:  84.17; ppl:   1.90; 5905 src tok/s; 6122 tgt tok/s;     29 s elapsed
Epoch 13,   250/  454; acc:  83.61; ppl:   1.98; 5862 src tok/s; 6077 tgt tok/s;     36 s elapsed
Epoch 13,   300/  454; acc:  83.40; ppl:   2.00; 5738 src tok/s; 5947 tgt tok/s;     43 s elapsed
Epoch 13,   350/  454; acc:  83.14; ppl:   2.00; 5777 src tok/s; 5982 tgt tok/s;     50 s elapsed
Epoch 13,   400/  454; acc:  84.10; ppl:   1.92; 5790 src tok/s; 6010 tgt tok/s;     57 s elapsed
Epoch 13,   450/  454; acc:  83.48; ppl:   1.98; 5622 src tok/s; 5857 tgt tok/s;     65 s elapsed
Train perplexity: 1.97066
Train accuracy: 83.5701
Validation perplexity: 6.32706
Validation accuracy: 69.4835
Decaying learning rate to 0.015625

Epoch 14,    50/  454; acc:  84.57; ppl:   1.87; 5687 src tok/s; 5921 tgt tok/s;      7 s elapsed
Epoch 14,   100/  454; acc:  83.18; ppl:   2.00; 5880 src tok/s; 6081 tgt tok/s;     14 s elapsed
Epoch 14,   150/  454; acc:  84.15; ppl:   1.92; 5783 src tok/s; 6014 tgt tok/s;     22 s elapsed
Epoch 14,   200/  454; acc:  83.61; ppl:   1.98; 5881 src tok/s; 6102 tgt tok/s;     29 s elapsed
Epoch 14,   250/  454; acc:  83.82; ppl:   1.95; 5796 src tok/s; 5994 tgt tok/s;     36 s elapsed
Epoch 14,   300/  454; acc:  84.03; ppl:   1.92; 5748 src tok/s; 6000 tgt tok/s;     43 s elapsed
Epoch 14,   350/  454; acc:  84.25; ppl:   1.90; 5780 src tok/s; 5989 tgt tok/s;     50 s elapsed
Epoch 14,   400/  454; acc:  83.20; ppl:   2.04; 5817 src tok/s; 6013 tgt tok/s;     58 s elapsed
Epoch 14,   450/  454; acc:  83.49; ppl:   1.99; 5703 src tok/s; 5918 tgt tok/s;     65 s elapsed
Train perplexity: 1.94752
Train accuracy: 83.8272
Validation perplexity: 6.33484
Validation accuracy: 69.5048
Decaying learning rate to 0.0078125

Epoch 15,    50/  454; acc:  84.23; ppl:   1.92; 5789 src tok/s; 6005 tgt tok/s;      7 s elapsed
Epoch 15,   100/  454; acc:  83.41; ppl:   1.98; 5954 src tok/s; 6161 tgt tok/s;     14 s elapsed
Epoch 15,   150/  454; acc:  84.61; ppl:   1.87; 5654 src tok/s; 5887 tgt tok/s;     21 s elapsed
Epoch 15,   200/  454; acc:  83.20; ppl:   2.02; 5920 src tok/s; 6119 tgt tok/s;     29 s elapsed
Epoch 15,   250/  454; acc:  83.15; ppl:   2.00; 5783 src tok/s; 5969 tgt tok/s;     36 s elapsed
Epoch 15,   300/  454; acc:  85.18; ppl:   1.83; 5771 src tok/s; 6033 tgt tok/s;     43 s elapsed
Epoch 15,   350/  454; acc:  85.30; ppl:   1.79; 5653 src tok/s; 5895 tgt tok/s;     50 s elapsed
Epoch 15,   400/  454; acc:  82.82; ppl:   2.04; 5927 src tok/s; 6117 tgt tok/s;     58 s elapsed
Epoch 15,   450/  454; acc:  83.65; ppl:   1.97; 5665 src tok/s; 5898 tgt tok/s;     65 s elapsed
Train perplexity: 1.93398
Train accuracy: 83.9363
Validation perplexity: 6.3462
Validation accuracy: 69.448
Decaying learning rate to 0.00390625

Epoch 16,    50/  454; acc:  84.40; ppl:   1.88; 5754 src tok/s; 5959 tgt tok/s;      7 s elapsed
Epoch 16,   100/  454; acc:  83.78; ppl:   1.95; 5872 src tok/s; 6069 tgt tok/s;     14 s elapsed
Epoch 16,   150/  454; acc:  84.84; ppl:   1.86; 5630 src tok/s; 5905 tgt tok/s;     21 s elapsed
Epoch 16,   200/  454; acc:  83.31; ppl:   1.98; 5909 src tok/s; 6066 tgt tok/s;     29 s elapsed
Epoch 16,   250/  454; acc:  83.94; ppl:   1.94; 5768 src tok/s; 5976 tgt tok/s;     36 s elapsed
Epoch 16,   300/  454; acc:  84.30; ppl:   1.90; 5778 src tok/s; 6049 tgt tok/s;     43 s elapsed
Epoch 16,   350/  454; acc:  83.41; ppl:   1.98; 5844 src tok/s; 6067 tgt tok/s;     51 s elapsed
Epoch 16,   400/  454; acc:  84.38; ppl:   1.89; 5838 src tok/s; 6076 tgt tok/s;     58 s elapsed
Epoch 16,   450/  454; acc:  84.19; ppl:   1.94; 5602 src tok/s; 5806 tgt tok/s;     65 s elapsed
Train perplexity: 1.92656
Train accuracy: 84.0392
Validation perplexity: 6.35095
Validation accuracy: 69.4977
Decaying learning rate to 0.00195312

Epoch 17,    50/  454; acc:  83.90; ppl:   1.93; 5814 src tok/s; 6018 tgt tok/s;      7 s elapsed
Epoch 17,   100/  454; acc:  84.51; ppl:   1.90; 5791 src tok/s; 6048 tgt tok/s;     14 s elapsed
Epoch 17,   150/  454; acc:  84.80; ppl:   1.86; 5826 src tok/s; 6062 tgt tok/s;     21 s elapsed
Epoch 17,   200/  454; acc:  83.12; ppl:   2.00; 5757 src tok/s; 5917 tgt tok/s;     29 s elapsed
Epoch 17,   250/  454; acc:  84.17; ppl:   1.92; 5680 src tok/s; 5910 tgt tok/s;     36 s elapsed
Epoch 17,   300/  454; acc:  84.26; ppl:   1.91; 5761 src tok/s; 5981 tgt tok/s;     44 s elapsed
Epoch 17,   350/  454; acc:  85.28; ppl:   1.80; 5674 src tok/s; 5954 tgt tok/s;     51 s elapsed
Epoch 17,   400/  454; acc:  83.11; ppl:   2.03; 5847 src tok/s; 6021 tgt tok/s;     58 s elapsed
Epoch 17,   450/  454; acc:  84.19; ppl:   1.93; 5732 src tok/s; 5948 tgt tok/s;     65 s elapsed
Train perplexity: 1.92289
Train accuracy: 84.1089
Validation perplexity: 6.35638
Validation accuracy: 69.4906
Decaying learning rate to 0.000976562
