<module 'opts' from '/u/suhubdyd/research/projects/jumble_lstm/code/auxiliary-nmt/opts.pyc'>
Namespace(batch_size=64, brnn=False, brnn_merge='concat', cnn_kernel_width=3, context_gate=None, copy_attn=False, copy_attn_force=False, coverage_attn=False, data='/data/lisatmp3/suhubdyd/multi30k.atok.low', dec_layers=1, decay_method='', decoder_type='rnn', dropout=0.3, enc_layers=2, encoder_type='rnn', epochs=17, exp='', exp_host='', feat_merge='concat', feat_vec_exponent=0.7, feat_vec_size=-1, fix_word_vecs_dec=False, fix_word_vecs_enc=False, global_attention='general', gpuid=[0], input_feed=1, kappa_dec=0.3, kappa_enc=0.05, lambda_coverage=1, layers=-1, learning_rate=1.0, learning_rate_decay=0.5, max_generator_batches=32, max_grad_norm=5, model_type='text', optim='sgd', param_init=0.1, position_encoding=False, pre_word_vecs_dec=None, pre_word_vecs_enc=None, report_every=50, rnn_size=500, rnn_type='LSTM', save_model='/data/lisatmp3/suhubdyd/models/seeds/encoder0.05decoder0.3dropout0.3wdropFalseseed1', seed=1, share_decoder_embeddings=False, share_embeddings=False, src_word_vec_size=500, start_checkpoint_at=0, start_decay_at=8, start_epoch=1, tgt_word_vec_size=500, train_from='', truncated_decoder=0, warmup_steps=4000, weightdropout=False, word_vec_size=-1)
('Using Kappa L2 loss on encoder', 0.05)
('Using Kappa L2 loss on decoder', 0.3)
Loading train and validate data from '/data/lisatmp3/suhubdyd/multi30k.atok.low'
 * number of training sentences: 29000
 * maximum batch size: 64
 * vocabulary size. source = 10841; target = 18563
Building model...
Intializing model parameters.
NMTModel (
  (encoder): RNNEncoder (
    (embeddings): Embeddings (
      (make_embedding): Sequential (
        (emb_luts): Elementwise (
          (0): Embedding(10841, 500, padding_idx=1)
        )
      )
    )
    (dropout): Dropout (p = 0.3)
    (rnn): LSTM(500, 500, dropout=0.3)
  )
  (decoder): InputFeedRNNDecoder (
    (embeddings): Embeddings (
      (make_embedding): Sequential (
        (emb_luts): Elementwise (
          (0): Embedding(18563, 500, padding_idx=1)
        )
      )
    )
    (dropout): Dropout (p = 0.3)
    (rnn): StackedLSTM (
      (dropout): Dropout (p = 0.3)
      (layers): ModuleList (
        (0): LSTMCell(1000, 500)
      )
    )
    (attn): GlobalAttention (
      (linear_in): Linear (500 -> 500)
      (linear_out): Linear (1000 -> 500)
      (sm): Softmax ()
      (tanh): Tanh ()
    )
  )
  (generator): Sequential (
    (0): Linear (500 -> 18563)
    (1): LogSoftmax ()
  )
)
* number of parameters: 29760063
('encoder: ', 7424500)
('decoder: ', 22335563)

Epoch  1,    50/  454; acc:   9.16; ppl: 14153.84; 4456 src tok/s; 4583 tgt tok/s;     10 s elapsed
Epoch  1,   100/  454; acc:  15.68; ppl: 1124.84; 5049 src tok/s; 5256 tgt tok/s;     18 s elapsed
Epoch  1,   150/  454; acc:  19.53; ppl: 418.26; 5091 src tok/s; 5286 tgt tok/s;     26 s elapsed
Epoch  1,   200/  454; acc:  20.99; ppl: 271.31; 5209 src tok/s; 5382 tgt tok/s;     34 s elapsed
Epoch  1,   250/  454; acc:  24.21; ppl: 169.58; 5082 src tok/s; 5287 tgt tok/s;     42 s elapsed
Epoch  1,   300/  454; acc:  28.71; ppl: 110.45; 5216 src tok/s; 5400 tgt tok/s;     50 s elapsed
Epoch  1,   350/  454; acc:  29.74; ppl:  96.39; 5101 src tok/s; 5304 tgt tok/s;     59 s elapsed
Epoch  1,   400/  454; acc:  32.23; ppl:  76.19; 5046 src tok/s; 5247 tgt tok/s;     67 s elapsed
Epoch  1,   450/  454; acc:  33.91; ppl:  63.49; 5041 src tok/s; 5267 tgt tok/s;     75 s elapsed
Train perplexity: 291.933
Train accuracy: 23.8692
Validation perplexity: 57.39
Validation accuracy: 36.0508

Epoch  2,    50/  454; acc:  35.80; ppl:  53.33; 5132 src tok/s; 5311 tgt tok/s;      8 s elapsed
Epoch  2,   100/  454; acc:  37.76; ppl:  45.67; 5018 src tok/s; 5249 tgt tok/s;     17 s elapsed
Epoch  2,   150/  454; acc:  40.91; ppl:  38.49; 5039 src tok/s; 5247 tgt tok/s;     25 s elapsed
Epoch  2,   200/  454; acc:  42.43; ppl:  35.01; 5078 src tok/s; 5254 tgt tok/s;     33 s elapsed
Epoch  2,   250/  454; acc:  44.47; ppl:  30.01; 5002 src tok/s; 5159 tgt tok/s;     42 s elapsed
Epoch  2,   300/  454; acc:  48.50; ppl:  23.11; 4961 src tok/s; 5175 tgt tok/s;     50 s elapsed
Epoch  2,   350/  454; acc:  48.64; ppl:  22.97; 5133 src tok/s; 5317 tgt tok/s;     58 s elapsed
Epoch  2,   400/  454; acc:  49.71; ppl:  20.86; 5219 src tok/s; 5412 tgt tok/s;     66 s elapsed
Epoch  2,   450/  454; acc:  52.30; ppl:  17.99; 5082 src tok/s; 5271 tgt tok/s;     74 s elapsed
Train perplexity: 29.8772
Train accuracy: 44.5727
Validation perplexity: 15.8599
Validation accuracy: 53.4412

Epoch  3,    50/  454; acc:  54.08; ppl:  14.87; 5065 src tok/s; 5253 tgt tok/s;      8 s elapsed
Epoch  3,   100/  454; acc:  54.79; ppl:  14.26; 5141 src tok/s; 5341 tgt tok/s;     17 s elapsed
Epoch  3,   150/  454; acc:  56.48; ppl:  12.80; 4901 src tok/s; 5125 tgt tok/s;     25 s elapsed
Epoch  3,   200/  454; acc:  54.36; ppl:  14.14; 5017 src tok/s; 5191 tgt tok/s;     33 s elapsed
Epoch  3,   250/  454; acc:  56.62; ppl:  12.66; 5052 src tok/s; 5231 tgt tok/s;     42 s elapsed
Epoch  3,   300/  454; acc:  57.41; ppl:  11.91; 5042 src tok/s; 5253 tgt tok/s;     50 s elapsed
Epoch  3,   350/  454; acc:  56.97; ppl:  12.18; 5138 src tok/s; 5249 tgt tok/s;     59 s elapsed
Epoch  3,   400/  454; acc:  61.08; ppl:   9.73; 4902 src tok/s; 5159 tgt tok/s;     67 s elapsed
Epoch  3,   450/  454; acc:  59.01; ppl:  10.84; 4959 src tok/s; 5133 tgt tok/s;     75 s elapsed
Train perplexity: 12.5149
Train accuracy: 56.7297
Validation perplexity: 9.97135
Validation accuracy: 61.3523

Epoch  4,    50/  454; acc:  61.96; ppl:   8.47; 4986 src tok/s; 5183 tgt tok/s;      8 s elapsed
Epoch  4,   100/  454; acc:  61.48; ppl:   8.60; 5227 src tok/s; 5422 tgt tok/s;     16 s elapsed
Epoch  4,   150/  454; acc:  60.86; ppl:   8.82; 5072 src tok/s; 5256 tgt tok/s;     25 s elapsed
Epoch  4,   200/  454; acc:  62.65; ppl:   8.05; 4960 src tok/s; 5153 tgt tok/s;     33 s elapsed
Epoch  4,   250/  454; acc:  62.26; ppl:   8.08; 4990 src tok/s; 5195 tgt tok/s;     41 s elapsed
Epoch  4,   300/  454; acc:  62.11; ppl:   8.09; 5089 src tok/s; 5256 tgt tok/s;     50 s elapsed
Epoch  4,   350/  454; acc:  62.41; ppl:   8.01; 5027 src tok/s; 5236 tgt tok/s;     58 s elapsed
Epoch  4,   400/  454; acc:  62.26; ppl:   8.23; 5041 src tok/s; 5215 tgt tok/s;     66 s elapsed
Epoch  4,   450/  454; acc:  62.88; ppl:   7.83; 4968 src tok/s; 5159 tgt tok/s;     75 s elapsed
Train perplexity: 8.2471
Train accuracy: 62.0752
Validation perplexity: 8.15933
Validation accuracy: 64.4246

Epoch  5,    50/  454; acc:  66.12; ppl:   5.92; 5151 src tok/s; 5348 tgt tok/s;      8 s elapsed
Epoch  5,   100/  454; acc:  64.86; ppl:   6.56; 5098 src tok/s; 5286 tgt tok/s;     16 s elapsed
Epoch  5,   150/  454; acc:  65.06; ppl:   6.47; 4996 src tok/s; 5182 tgt tok/s;     25 s elapsed
Epoch  5,   200/  454; acc:  66.06; ppl:   5.96; 5098 src tok/s; 5312 tgt tok/s;     33 s elapsed
Epoch  5,   250/  454; acc:  65.18; ppl:   6.40; 4921 src tok/s; 5116 tgt tok/s;     41 s elapsed
Epoch  5,   300/  454; acc:  64.93; ppl:   6.42; 5009 src tok/s; 5222 tgt tok/s;     50 s elapsed
Epoch  5,   350/  454; acc:  65.69; ppl:   6.27; 5063 src tok/s; 5224 tgt tok/s;     58 s elapsed
Epoch  5,   400/  454; acc:  66.15; ppl:   6.03; 5057 src tok/s; 5264 tgt tok/s;     66 s elapsed
Epoch  5,   450/  454; acc:  65.20; ppl:   6.38; 4956 src tok/s; 5115 tgt tok/s;     75 s elapsed
Train perplexity: 6.26642
Train accuracy: 65.4605
Validation perplexity: 7.12632
Validation accuracy: 65.4392

Epoch  6,    50/  454; acc:  68.29; ppl:   4.97; 5158 src tok/s; 5350 tgt tok/s;      8 s elapsed
Epoch  6,   100/  454; acc:  68.62; ppl:   4.79; 4971 src tok/s; 5180 tgt tok/s;     17 s elapsed
Epoch  6,   150/  454; acc:  68.26; ppl:   4.99; 4953 src tok/s; 5160 tgt tok/s;     25 s elapsed
Epoch  6,   200/  454; acc:  67.89; ppl:   5.09; 5182 src tok/s; 5322 tgt tok/s;     33 s elapsed
Epoch  6,   250/  454; acc:  67.88; ppl:   5.14; 5004 src tok/s; 5172 tgt tok/s;     42 s elapsed
Epoch  6,   300/  454; acc:  67.50; ppl:   5.25; 4901 src tok/s; 5141 tgt tok/s;     50 s elapsed
Epoch  6,   350/  454; acc:  66.88; ppl:   5.34; 5026 src tok/s; 5203 tgt tok/s;     59 s elapsed
Epoch  6,   400/  454; acc:  68.60; ppl:   4.91; 5094 src tok/s; 5298 tgt tok/s;     67 s elapsed
Epoch  6,   450/  454; acc:  67.97; ppl:   5.10; 4864 src tok/s; 5031 tgt tok/s;     75 s elapsed
Train perplexity: 5.06606
Train accuracy: 67.9793
Validation perplexity: 6.83829
Validation accuracy: 66.4396

Epoch  7,    50/  454; acc:  71.71; ppl:   3.87; 5166 src tok/s; 5376 tgt tok/s;      8 s elapsed
Epoch  7,   100/  454; acc:  69.43; ppl:   4.35; 5131 src tok/s; 5281 tgt tok/s;     16 s elapsed
Epoch  7,   150/  454; acc:  68.58; ppl:   4.63; 4978 src tok/s; 5129 tgt tok/s;     25 s elapsed
Epoch  7,   200/  454; acc:  71.96; ppl:   3.83; 4905 src tok/s; 5184 tgt tok/s;     33 s elapsed
Epoch  7,   250/  454; acc:  69.74; ppl:   4.34; 5044 src tok/s; 5212 tgt tok/s;     42 s elapsed
Epoch  7,   300/  454; acc:  69.91; ppl:   4.34; 5005 src tok/s; 5212 tgt tok/s;     50 s elapsed
Epoch  7,   350/  454; acc:  69.84; ppl:   4.31; 5030 src tok/s; 5226 tgt tok/s;     58 s elapsed
Epoch  7,   400/  454; acc:  69.82; ppl:   4.35; 4972 src tok/s; 5135 tgt tok/s;     67 s elapsed
Epoch  7,   450/  454; acc:  69.75; ppl:   4.35; 4928 src tok/s; 5133 tgt tok/s;     75 s elapsed
Train perplexity: 4.2746
Train accuracy: 70.0131
Validation perplexity: 6.61435
Validation accuracy: 66.8228

Epoch  8,    50/  454; acc:  73.05; ppl:   3.47; 4951 src tok/s; 5178 tgt tok/s;      8 s elapsed
Epoch  8,   100/  454; acc:  72.17; ppl:   3.56; 5153 src tok/s; 5343 tgt tok/s;     17 s elapsed
Epoch  8,   150/  454; acc:  72.61; ppl:   3.53; 4972 src tok/s; 5151 tgt tok/s;     25 s elapsed
Epoch  8,   200/  454; acc:  71.36; ppl:   3.80; 4991 src tok/s; 5175 tgt tok/s;     34 s elapsed
Epoch  8,   250/  454; acc:  72.09; ppl:   3.66; 5048 src tok/s; 5259 tgt tok/s;     42 s elapsed
Epoch  8,   300/  454; acc:  70.90; ppl:   3.92; 5024 src tok/s; 5176 tgt tok/s;     50 s elapsed
Epoch  8,   350/  454; acc:  69.78; ppl:   4.13; 5080 src tok/s; 5203 tgt tok/s;     59 s elapsed
Epoch  8,   400/  454; acc:  72.90; ppl:   3.49; 4944 src tok/s; 5209 tgt tok/s;     67 s elapsed
Epoch  8,   450/  454; acc:  71.08; ppl:   3.89; 4940 src tok/s; 5124 tgt tok/s;     75 s elapsed
Train perplexity: 3.71171
Train accuracy: 71.7564
Validation perplexity: 6.56797
Validation accuracy: 67.3904
Decaying learning rate to 0.5

Epoch  9,    50/  454; acc:  75.58; ppl:   2.96; 5097 src tok/s; 5243 tgt tok/s;      9 s elapsed
Epoch  9,   100/  454; acc:  78.57; ppl:   2.52; 5149 src tok/s; 5404 tgt tok/s;     16 s elapsed
Epoch  9,   150/  454; acc:  76.90; ppl:   2.76; 4988 src tok/s; 5201 tgt tok/s;     24 s elapsed
Epoch  9,   200/  454; acc:  76.03; ppl:   2.85; 5037 src tok/s; 5197 tgt tok/s;     33 s elapsed
Epoch  9,   250/  454; acc:  75.99; ppl:   2.95; 5099 src tok/s; 5268 tgt tok/s;     42 s elapsed
Epoch  9,   300/  454; acc:  77.86; ppl:   2.60; 4980 src tok/s; 5197 tgt tok/s;     50 s elapsed
Epoch  9,   350/  454; acc:  75.64; ppl:   2.92; 5049 src tok/s; 5217 tgt tok/s;     58 s elapsed
Epoch  9,   400/  454; acc:  76.94; ppl:   2.75; 4893 src tok/s; 5107 tgt tok/s;     67 s elapsed
Epoch  9,   450/  454; acc:  76.13; ppl:   2.84; 4963 src tok/s; 5152 tgt tok/s;     75 s elapsed
Train perplexity: 2.79473
Train accuracy: 76.5956
Validation perplexity: 6.11483
Validation accuracy: 68.9939
Decaying learning rate to 0.25

Epoch 10,    50/  454; acc:  80.97; ppl:   2.22; 4916 src tok/s; 5164 tgt tok/s;      8 s elapsed
Epoch 10,   100/  454; acc:  79.64; ppl:   2.41; 5192 src tok/s; 5322 tgt tok/s;     17 s elapsed
Epoch 10,   150/  454; acc:  80.78; ppl:   2.26; 4955 src tok/s; 5144 tgt tok/s;     25 s elapsed
Epoch 10,   200/  454; acc:  79.67; ppl:   2.38; 4965 src tok/s; 5149 tgt tok/s;     34 s elapsed
Epoch 10,   250/  454; acc:  80.08; ppl:   2.31; 4994 src tok/s; 5205 tgt tok/s;     42 s elapsed
Epoch 10,   300/  454; acc:  80.04; ppl:   2.32; 5156 src tok/s; 5349 tgt tok/s;     50 s elapsed
Epoch 10,   350/  454; acc:  80.02; ppl:   2.30; 5048 src tok/s; 5283 tgt tok/s;     58 s elapsed
Epoch 10,   400/  454; acc:  79.39; ppl:   2.38; 5228 src tok/s; 5377 tgt tok/s;     66 s elapsed
Epoch 10,   450/  454; acc:  80.01; ppl:   2.34; 5049 src tok/s; 5233 tgt tok/s;     75 s elapsed
Train perplexity: 2.32543
Train accuracy: 80.0669
Validation perplexity: 6.09438
Validation accuracy: 69.9021
Decaying learning rate to 0.125

Epoch 11,    50/  454; acc:  82.43; ppl:   2.06; 5027 src tok/s; 5235 tgt tok/s;      8 s elapsed
Epoch 11,   100/  454; acc:  81.74; ppl:   2.14; 5180 src tok/s; 5344 tgt tok/s;     16 s elapsed
Epoch 11,   150/  454; acc:  80.97; ppl:   2.23; 5028 src tok/s; 5177 tgt tok/s;     25 s elapsed
Epoch 11,   200/  454; acc:  82.80; ppl:   2.03; 5006 src tok/s; 5218 tgt tok/s;     33 s elapsed
Epoch 11,   250/  454; acc:  82.84; ppl:   2.05; 4994 src tok/s; 5235 tgt tok/s;     41 s elapsed
Epoch 11,   300/  454; acc:  81.30; ppl:   2.19; 5080 src tok/s; 5237 tgt tok/s;     50 s elapsed
Epoch 11,   350/  454; acc:  81.84; ppl:   2.11; 5055 src tok/s; 5214 tgt tok/s;     58 s elapsed
Epoch 11,   400/  454; acc:  82.47; ppl:   2.08; 4875 src tok/s; 5115 tgt tok/s;     67 s elapsed
Epoch 11,   450/  454; acc:  81.99; ppl:   2.11; 4996 src tok/s; 5186 tgt tok/s;     75 s elapsed
Train perplexity: 2.11165
Train accuracy: 82.0304
Validation perplexity: 6.19243
Validation accuracy: 70.0795
Decaying learning rate to 0.0625

Epoch 12,    50/  454; acc:  82.64; ppl:   2.08; 4986 src tok/s; 5137 tgt tok/s;      9 s elapsed
Epoch 12,   100/  454; acc:  84.06; ppl:   1.91; 5018 src tok/s; 5240 tgt tok/s;     17 s elapsed
Epoch 12,   150/  454; acc:  82.73; ppl:   2.03; 4976 src tok/s; 5155 tgt tok/s;     25 s elapsed
Epoch 12,   200/  454; acc:  83.53; ppl:   1.96; 5062 src tok/s; 5253 tgt tok/s;     34 s elapsed
Epoch 12,   250/  454; acc:  83.05; ppl:   1.98; 5060 src tok/s; 5215 tgt tok/s;     42 s elapsed
Epoch 12,   300/  454; acc:  83.06; ppl:   2.03; 4926 src tok/s; 5152 tgt tok/s;     50 s elapsed
Epoch 12,   350/  454; acc:  84.01; ppl:   1.89; 4963 src tok/s; 5207 tgt tok/s;     58 s elapsed
Epoch 12,   400/  454; acc:  82.13; ppl:   2.11; 4987 src tok/s; 5135 tgt tok/s;     67 s elapsed
Epoch 12,   450/  454; acc:  82.44; ppl:   2.10; 4924 src tok/s; 5105 tgt tok/s;     76 s elapsed
Train perplexity: 2.00946
Train accuracy: 83.0742
Validation perplexity: 6.27829
Validation accuracy: 70.0653
Decaying learning rate to 0.03125

Epoch 13,    50/  454; acc:  81.92; ppl:   2.14; 5081 src tok/s; 5220 tgt tok/s;      9 s elapsed
Epoch 13,   100/  454; acc:  84.72; ppl:   1.85; 5066 src tok/s; 5296 tgt tok/s;     17 s elapsed
Epoch 13,   150/  454; acc:  84.04; ppl:   1.93; 5049 src tok/s; 5262 tgt tok/s;     25 s elapsed
Epoch 13,   200/  454; acc:  83.96; ppl:   1.94; 4900 src tok/s; 5089 tgt tok/s;     33 s elapsed
Epoch 13,   250/  454; acc:  82.96; ppl:   2.03; 5025 src tok/s; 5200 tgt tok/s;     42 s elapsed
Epoch 13,   300/  454; acc:  84.28; ppl:   1.89; 4950 src tok/s; 5145 tgt tok/s;     50 s elapsed
Epoch 13,   350/  454; acc:  83.72; ppl:   1.94; 5012 src tok/s; 5224 tgt tok/s;     58 s elapsed
Epoch 13,   400/  454; acc:  83.50; ppl:   1.97; 5040 src tok/s; 5208 tgt tok/s;     67 s elapsed
Epoch 13,   450/  454; acc:  83.36; ppl:   1.96; 4900 src tok/s; 5077 tgt tok/s;     75 s elapsed
Train perplexity: 1.95858
Train accuracy: 83.6132
Validation perplexity: 6.34238
Validation accuracy: 69.9376
Decaying learning rate to 0.015625

Epoch 14,    50/  454; acc:  84.30; ppl:   1.92; 4960 src tok/s; 5202 tgt tok/s;      8 s elapsed
Epoch 14,   100/  454; acc:  83.67; ppl:   1.97; 5201 src tok/s; 5355 tgt tok/s;     17 s elapsed
Epoch 14,   150/  454; acc:  83.84; ppl:   1.96; 5013 src tok/s; 5213 tgt tok/s;     25 s elapsed
Epoch 14,   200/  454; acc:  84.09; ppl:   1.91; 5138 src tok/s; 5297 tgt tok/s;     33 s elapsed
Epoch 14,   250/  454; acc:  84.17; ppl:   1.91; 4868 src tok/s; 5066 tgt tok/s;     42 s elapsed
Epoch 14,   300/  454; acc:  83.30; ppl:   2.00; 5019 src tok/s; 5231 tgt tok/s;     50 s elapsed
Epoch 14,   350/  454; acc:  83.86; ppl:   1.94; 5010 src tok/s; 5195 tgt tok/s;     58 s elapsed
Epoch 14,   400/  454; acc:  84.11; ppl:   1.91; 4910 src tok/s; 5089 tgt tok/s;     67 s elapsed
Epoch 14,   450/  454; acc:  84.53; ppl:   1.86; 4892 src tok/s; 5085 tgt tok/s;     75 s elapsed
Train perplexity: 1.93541
Train accuracy: 83.9153
Validation perplexity: 6.36977
Validation accuracy: 69.8595
Decaying learning rate to 0.0078125

Epoch 15,    50/  454; acc:  83.91; ppl:   1.93; 5118 src tok/s; 5271 tgt tok/s;      8 s elapsed
Epoch 15,   100/  454; acc:  83.86; ppl:   1.93; 5040 src tok/s; 5240 tgt tok/s;     17 s elapsed
Epoch 15,   150/  454; acc:  83.91; ppl:   1.96; 5032 src tok/s; 5200 tgt tok/s;     25 s elapsed
Epoch 15,   200/  454; acc:  85.14; ppl:   1.82; 5037 src tok/s; 5263 tgt tok/s;     33 s elapsed
Epoch 15,   250/  454; acc:  83.36; ppl:   1.97; 4940 src tok/s; 5105 tgt tok/s;     42 s elapsed
Epoch 15,   300/  454; acc:  84.61; ppl:   1.87; 4944 src tok/s; 5164 tgt tok/s;     50 s elapsed
Epoch 15,   350/  454; acc:  84.82; ppl:   1.85; 4985 src tok/s; 5215 tgt tok/s;     58 s elapsed
Epoch 15,   400/  454; acc:  83.20; ppl:   2.01; 4976 src tok/s; 5151 tgt tok/s;     67 s elapsed
Epoch 15,   450/  454; acc:  83.85; ppl:   1.95; 4984 src tok/s; 5162 tgt tok/s;     75 s elapsed
Train perplexity: 1.92294
Train accuracy: 84.0618
Validation perplexity: 6.37512
Validation accuracy: 69.9234
Decaying learning rate to 0.00390625

Epoch 16,    50/  454; acc:  84.57; ppl:   1.86; 5135 src tok/s; 5318 tgt tok/s;      8 s elapsed
Epoch 16,   100/  454; acc:  83.55; ppl:   1.98; 4960 src tok/s; 5174 tgt tok/s;     17 s elapsed
Epoch 16,   150/  454; acc:  83.90; ppl:   1.96; 4919 src tok/s; 5125 tgt tok/s;     25 s elapsed
Epoch 16,   200/  454; acc:  84.00; ppl:   1.92; 5058 src tok/s; 5236 tgt tok/s;     33 s elapsed
Epoch 16,   250/  454; acc:  82.92; ppl:   2.04; 5029 src tok/s; 5178 tgt tok/s;     42 s elapsed
Epoch 16,   300/  454; acc:  85.04; ppl:   1.83; 4848 src tok/s; 5062 tgt tok/s;     50 s elapsed
Epoch 16,   350/  454; acc:  83.89; ppl:   1.92; 4939 src tok/s; 5111 tgt tok/s;     59 s elapsed
Epoch 16,   400/  454; acc:  84.50; ppl:   1.88; 5067 src tok/s; 5272 tgt tok/s;     67 s elapsed
Epoch 16,   450/  454; acc:  84.30; ppl:   1.88; 4967 src tok/s; 5161 tgt tok/s;     75 s elapsed
Train perplexity: 1.91808
Train accuracy: 84.0624
Validation perplexity: 6.37825
Validation accuracy: 69.9021
Decaying learning rate to 0.00195312

Epoch 17,    50/  454; acc:  83.43; ppl:   1.98; 5122 src tok/s; 5302 tgt tok/s;      8 s elapsed
Epoch 17,   100/  454; acc:  84.27; ppl:   1.88; 5070 src tok/s; 5279 tgt tok/s;     17 s elapsed
Epoch 17,   150/  454; acc:  85.13; ppl:   1.81; 4891 src tok/s; 5143 tgt tok/s;     25 s elapsed
Epoch 17,   200/  454; acc:  83.22; ppl:   2.01; 5108 src tok/s; 5240 tgt tok/s;     33 s elapsed
Epoch 17,   250/  454; acc:  84.40; ppl:   1.90; 4985 src tok/s; 5172 tgt tok/s;     42 s elapsed
Epoch 17,   300/  454; acc:  84.32; ppl:   1.90; 4896 src tok/s; 5076 tgt tok/s;     50 s elapsed
Epoch 17,   350/  454; acc:  83.95; ppl:   1.96; 4924 src tok/s; 5120 tgt tok/s;     59 s elapsed
Epoch 17,   400/  454; acc:  84.75; ppl:   1.86; 5098 src tok/s; 5287 tgt tok/s;     67 s elapsed
Epoch 17,   450/  454; acc:  83.95; ppl:   1.94; 4896 src tok/s; 5079 tgt tok/s;     75 s elapsed
Train perplexity: 1.91448
Train accuracy: 84.1636
Validation perplexity: 6.38333
Validation accuracy: 69.8524
Decaying learning rate to 0.000976562
