<module 'opts' from '/u/suhubdyd/research/projects/jumble_lstm/code/auxiliary-nmt/opts.pyc'>
Namespace(batch_size=64, brnn=False, brnn_merge='concat', cnn_kernel_width=3, context_gate=None, copy_attn=False, copy_attn_force=False, coverage_attn=False, data='/data/lisatmp3/suhubdyd/multi30k.atok.low', dec_layers=1, decay_method='', decoder_type='rnn', dropout=0.3, enc_layers=2, encoder_type='rnn', epochs=17, exp='', exp_host='', feat_merge='concat', feat_vec_exponent=0.7, feat_vec_size=-1, fix_word_vecs_dec=False, fix_word_vecs_enc=False, global_attention='general', gpuid=[0], input_feed=1, kappa_dec=0.5, kappa_enc=0.15, lambda_coverage=1, layers=-1, learning_rate=1.0, learning_rate_decay=0.5, max_generator_batches=32, max_grad_norm=5, model_type='text', optim='sgd', param_init=0.1, position_encoding=False, pre_word_vecs_dec=None, pre_word_vecs_enc=None, report_every=50, rnn_size=500, rnn_type='LSTM', save_model='/data/lisatmp3/suhubdyd/models/encoder0.15_decoder0.5_dropout0.3', seed=-1, share_decoder_embeddings=False, share_embeddings=False, src_word_vec_size=500, start_checkpoint_at=0, start_decay_at=8, start_epoch=1, tgt_word_vec_size=500, train_from='', truncated_decoder=0, warmup_steps=4000, word_vec_size=-1)
('Using Kappa L2 loss on encoder', 0.15)
('Using Kappa L2 loss on decoder', 0.5)
Loading train and validate data from '/data/lisatmp3/suhubdyd/multi30k.atok.low'
 * number of training sentences: 29000
 * maximum batch size: 64
 * vocabulary size. source = 10841; target = 18563
Building model...
Intializing model parameters.
NMTModel (
  (encoder): RNNEncoder (
    (embeddings): Embeddings (
      (make_embedding): Sequential (
        (emb_luts): Elementwise (
          (0): Embedding(10841, 500, padding_idx=1)
        )
      )
    )
    (dropout): Dropout (p = 0.3)
    (rnn): LSTM(500, 500, dropout=0.3)
  )
  (decoder): InputFeedRNNDecoder (
    (embeddings): Embeddings (
      (make_embedding): Sequential (
        (emb_luts): Elementwise (
          (0): Embedding(18563, 500, padding_idx=1)
        )
      )
    )
    (dropout): Dropout (p = 0.3)
    (rnn): StackedLSTM (
      (dropout): Dropout (p = 0.3)
      (layers): ModuleList (
        (0): LSTMCell(1000, 500)
      )
    )
    (attn): GlobalAttention (
      (linear_in): Linear (500 -> 500)
      (linear_out): Linear (1000 -> 500)
      (sm): Softmax ()
      (tanh): Tanh ()
    )
  )
  (generator): Sequential (
    (0): Linear (500 -> 18563)
    (1): LogSoftmax ()
  )
)
* number of parameters: 29760063
('encoder: ', 7424500)
('decoder: ', 22335563)

Epoch  1,    50/  454; acc:   8.54; ppl: 21221.25; 4892 src tok/s; 5056 tgt tok/s;      9 s elapsed
Epoch  1,   100/  454; acc:  15.27; ppl: 1316.21; 4973 src tok/s; 5173 tgt tok/s;     17 s elapsed
Epoch  1,   150/  454; acc:  18.17; ppl: 431.53; 5083 src tok/s; 5256 tgt tok/s;     25 s elapsed
Epoch  1,   200/  454; acc:  21.57; ppl: 242.47; 4918 src tok/s; 5130 tgt tok/s;     34 s elapsed
Epoch  1,   250/  454; acc:  24.19; ppl: 176.63; 5130 src tok/s; 5332 tgt tok/s;     42 s elapsed
Epoch  1,   300/  454; acc:  27.18; ppl: 119.22; 4872 src tok/s; 5077 tgt tok/s;     50 s elapsed
Epoch  1,   350/  454; acc:  28.90; ppl:  99.69; 5012 src tok/s; 5162 tgt tok/s;     59 s elapsed
Epoch  1,   400/  454; acc:  31.66; ppl:  75.36; 4898 src tok/s; 5119 tgt tok/s;     67 s elapsed
Epoch  1,   450/  454; acc:  32.60; ppl:  68.75; 5004 src tok/s; 5185 tgt tok/s;     76 s elapsed
Train perplexity: 314.917
Train accuracy: 23.1575
Validation perplexity: 64.9411
Validation accuracy: 34.206

Epoch  2,    50/  454; acc:  35.66; ppl:  51.73; 5067 src tok/s; 5272 tgt tok/s;      8 s elapsed
Epoch  2,   100/  454; acc:  38.24; ppl:  44.94; 4989 src tok/s; 5207 tgt tok/s;     17 s elapsed
Epoch  2,   150/  454; acc:  39.55; ppl:  39.34; 4920 src tok/s; 5077 tgt tok/s;     26 s elapsed
Epoch  2,   200/  454; acc:  45.11; ppl:  28.87; 4860 src tok/s; 5079 tgt tok/s;     34 s elapsed
Epoch  2,   250/  454; acc:  44.81; ppl:  27.77; 4859 src tok/s; 5064 tgt tok/s;     42 s elapsed
Epoch  2,   300/  454; acc:  47.49; ppl:  23.84; 5070 src tok/s; 5259 tgt tok/s;     51 s elapsed
Epoch  2,   350/  454; acc:  48.44; ppl:  21.63; 5088 src tok/s; 5238 tgt tok/s;     59 s elapsed
Epoch  2,   400/  454; acc:  51.69; ppl:  18.55; 4956 src tok/s; 5138 tgt tok/s;     67 s elapsed
Epoch  2,   450/  454; acc:  52.09; ppl:  17.82; 4808 src tok/s; 4980 tgt tok/s;     76 s elapsed
Train perplexity: 28.5545
Train accuracy: 44.754
Validation perplexity: 16.2531
Validation accuracy: 53.7392

Epoch  3,    50/  454; acc:  54.04; ppl:  14.54; 4800 src tok/s; 4997 tgt tok/s;      9 s elapsed
Epoch  3,   100/  454; acc:  55.91; ppl:  12.98; 5042 src tok/s; 5207 tgt tok/s;     17 s elapsed
Epoch  3,   150/  454; acc:  56.85; ppl:  11.99; 5146 src tok/s; 5327 tgt tok/s;     25 s elapsed
Epoch  3,   200/  454; acc:  56.55; ppl:  12.49; 4954 src tok/s; 5147 tgt tok/s;     34 s elapsed
Epoch  3,   250/  454; acc:  56.10; ppl:  12.37; 5107 src tok/s; 5275 tgt tok/s;     42 s elapsed
Epoch  3,   300/  454; acc:  58.78; ppl:  10.81; 4872 src tok/s; 5092 tgt tok/s;     50 s elapsed
Epoch  3,   350/  454; acc:  57.76; ppl:  11.20; 5065 src tok/s; 5238 tgt tok/s;     59 s elapsed
Epoch  3,   400/  454; acc:  59.16; ppl:  10.43; 4850 src tok/s; 5068 tgt tok/s;     67 s elapsed
Epoch  3,   450/  454; acc:  59.22; ppl:  10.39; 4931 src tok/s; 5116 tgt tok/s;     76 s elapsed
Train perplexity: 11.8462
Train accuracy: 57.1395
Validation perplexity: 10.1924
Validation accuracy: 59.7204

Epoch  4,    50/  454; acc:  62.76; ppl:   7.72; 4718 src tok/s; 4931 tgt tok/s;      9 s elapsed
Epoch  4,   100/  454; acc:  61.41; ppl:   8.36; 5023 src tok/s; 5190 tgt tok/s;     17 s elapsed
Epoch  4,   150/  454; acc:  62.06; ppl:   8.08; 4903 src tok/s; 5062 tgt tok/s;     26 s elapsed
Epoch  4,   200/  454; acc:  62.25; ppl:   7.99; 5054 src tok/s; 5233 tgt tok/s;     34 s elapsed
Epoch  4,   250/  454; acc:  62.28; ppl:   7.70; 4945 src tok/s; 5129 tgt tok/s;     43 s elapsed
Epoch  4,   300/  454; acc:  64.13; ppl:   7.13; 4977 src tok/s; 5161 tgt tok/s;     51 s elapsed
Epoch  4,   350/  454; acc:  63.51; ppl:   7.31; 5005 src tok/s; 5229 tgt tok/s;     59 s elapsed
Epoch  4,   400/  454; acc:  62.80; ppl:   7.47; 4947 src tok/s; 5131 tgt tok/s;     68 s elapsed
Epoch  4,   450/  454; acc:  63.58; ppl:   7.14; 4824 src tok/s; 5023 tgt tok/s;     76 s elapsed
Train perplexity: 7.68363
Train accuracy: 62.6733
Validation perplexity: 8.20381
Validation accuracy: 63.1332

Epoch  5,    50/  454; acc:  64.92; ppl:   6.18; 4899 src tok/s; 5022 tgt tok/s;      9 s elapsed
Epoch  5,   100/  454; acc:  68.17; ppl:   5.11; 4787 src tok/s; 5037 tgt tok/s;     17 s elapsed
Epoch  5,   150/  454; acc:  67.40; ppl:   5.42; 4859 src tok/s; 5064 tgt tok/s;     26 s elapsed
Epoch  5,   200/  454; acc:  65.40; ppl:   6.14; 4923 src tok/s; 5107 tgt tok/s;     34 s elapsed
Epoch  5,   250/  454; acc:  65.92; ppl:   5.94; 5040 src tok/s; 5209 tgt tok/s;     43 s elapsed
Epoch  5,   300/  454; acc:  66.42; ppl:   5.77; 4920 src tok/s; 5116 tgt tok/s;     51 s elapsed
Epoch  5,   350/  454; acc:  66.28; ppl:   5.81; 4832 src tok/s; 5017 tgt tok/s;     60 s elapsed
Epoch  5,   400/  454; acc:  66.17; ppl:   5.78; 5011 src tok/s; 5192 tgt tok/s;     68 s elapsed
Epoch  5,   450/  454; acc:  66.48; ppl:   5.67; 4893 src tok/s; 5084 tgt tok/s;     77 s elapsed
Train perplexity: 5.76715
Train accuracy: 66.3037
Validation perplexity: 7.27534
Validation accuracy: 64.5026

Epoch  6,    50/  454; acc:  70.30; ppl:   4.31; 4833 src tok/s; 5011 tgt tok/s;      8 s elapsed
Epoch  6,   100/  454; acc:  68.76; ppl:   4.65; 5006 src tok/s; 5175 tgt tok/s;     17 s elapsed
Epoch  6,   150/  454; acc:  68.76; ppl:   4.66; 4893 src tok/s; 5090 tgt tok/s;     26 s elapsed
Epoch  6,   200/  454; acc:  68.99; ppl:   4.67; 4917 src tok/s; 5105 tgt tok/s;     34 s elapsed
Epoch  6,   250/  454; acc:  68.59; ppl:   4.73; 4907 src tok/s; 5062 tgt tok/s;     43 s elapsed
Epoch  6,   300/  454; acc:  69.11; ppl:   4.57; 5053 src tok/s; 5271 tgt tok/s;     51 s elapsed
Epoch  6,   350/  454; acc:  69.33; ppl:   4.46; 5001 src tok/s; 5179 tgt tok/s;     59 s elapsed
Epoch  6,   400/  454; acc:  68.21; ppl:   4.80; 5013 src tok/s; 5226 tgt tok/s;     68 s elapsed
Epoch  6,   450/  454; acc:  68.86; ppl:   4.77; 4936 src tok/s; 5127 tgt tok/s;     76 s elapsed
Train perplexity: 4.62218
Train accuracy: 68.996
Validation perplexity: 6.79383
Validation accuracy: 66.1132

Epoch  7,    50/  454; acc:  72.40; ppl:   3.70; 4819 src tok/s; 4973 tgt tok/s;      9 s elapsed
Epoch  7,   100/  454; acc:  72.25; ppl:   3.63; 5089 src tok/s; 5280 tgt tok/s;     17 s elapsed
Epoch  7,   150/  454; acc:  70.78; ppl:   3.91; 5026 src tok/s; 5170 tgt tok/s;     26 s elapsed
Epoch  7,   200/  454; acc:  72.00; ppl:   3.65; 4843 src tok/s; 5093 tgt tok/s;     34 s elapsed
Epoch  7,   250/  454; acc:  70.25; ppl:   4.08; 5067 src tok/s; 5250 tgt tok/s;     42 s elapsed
Epoch  7,   300/  454; acc:  71.53; ppl:   3.80; 4963 src tok/s; 5195 tgt tok/s;     51 s elapsed
Epoch  7,   350/  454; acc:  70.95; ppl:   3.90; 4952 src tok/s; 5143 tgt tok/s;     59 s elapsed
Epoch  7,   400/  454; acc:  70.00; ppl:   4.09; 4831 src tok/s; 5007 tgt tok/s;     68 s elapsed
Epoch  7,   450/  454; acc:  70.86; ppl:   3.95; 4920 src tok/s; 5103 tgt tok/s;     76 s elapsed
Train perplexity: 3.86516
Train accuracy: 71.1831
Validation perplexity: 6.82973
Validation accuracy: 65.4463
Decaying learning rate to 0.5

Epoch  8,    50/  454; acc:  75.48; ppl:   2.98; 4818 src tok/s; 4974 tgt tok/s;      9 s elapsed
Epoch  8,   100/  454; acc:  77.32; ppl:   2.66; 4989 src tok/s; 5176 tgt tok/s;     17 s elapsed
Epoch  8,   150/  454; acc:  77.50; ppl:   2.68; 4970 src tok/s; 5193 tgt tok/s;     25 s elapsed
Epoch  8,   200/  454; acc:  75.99; ppl:   2.91; 4982 src tok/s; 5177 tgt tok/s;     34 s elapsed
Epoch  8,   250/  454; acc:  76.78; ppl:   2.78; 5050 src tok/s; 5219 tgt tok/s;     42 s elapsed
Epoch  8,   300/  454; acc:  76.55; ppl:   2.80; 4893 src tok/s; 5081 tgt tok/s;     51 s elapsed
Epoch  8,   350/  454; acc:  75.84; ppl:   2.93; 5083 src tok/s; 5258 tgt tok/s;     59 s elapsed
Epoch  8,   400/  454; acc:  76.87; ppl:   2.75; 4921 src tok/s; 5117 tgt tok/s;     68 s elapsed
Epoch  8,   450/  454; acc:  76.40; ppl:   2.85; 4882 src tok/s; 5077 tgt tok/s;     76 s elapsed
Train perplexity: 2.8152
Train accuracy: 76.5212
Validation perplexity: 6.18629
Validation accuracy: 68.5398
Decaying learning rate to 0.25

Epoch  9,    50/  454; acc:  81.09; ppl:   2.24; 5100 src tok/s; 5262 tgt tok/s;      8 s elapsed
Epoch  9,   100/  454; acc:  80.54; ppl:   2.27; 4856 src tok/s; 5044 tgt tok/s;     17 s elapsed
Epoch  9,   150/  454; acc:  81.18; ppl:   2.22; 4981 src tok/s; 5196 tgt tok/s;     25 s elapsed
Epoch  9,   200/  454; acc:  80.13; ppl:   2.36; 5078 src tok/s; 5243 tgt tok/s;     34 s elapsed
Epoch  9,   250/  454; acc:  81.10; ppl:   2.22; 4939 src tok/s; 5143 tgt tok/s;     42 s elapsed
Epoch  9,   300/  454; acc:  79.83; ppl:   2.35; 5068 src tok/s; 5246 tgt tok/s;     50 s elapsed
Epoch  9,   350/  454; acc:  81.43; ppl:   2.18; 5093 src tok/s; 5292 tgt tok/s;     58 s elapsed
Epoch  9,   400/  454; acc:  79.37; ppl:   2.41; 4978 src tok/s; 5157 tgt tok/s;     67 s elapsed
Epoch  9,   450/  454; acc:  80.37; ppl:   2.30; 4897 src tok/s; 5094 tgt tok/s;     76 s elapsed
Train perplexity: 2.28199
Train accuracy: 80.5673
Validation perplexity: 6.28177
Validation accuracy: 68.3695
Decaying learning rate to 0.125

Epoch 10,    50/  454; acc:  83.22; ppl:   2.02; 5056 src tok/s; 5210 tgt tok/s;      9 s elapsed
Epoch 10,   100/  454; acc:  83.42; ppl:   2.01; 4752 src tok/s; 4956 tgt tok/s;     17 s elapsed
Epoch 10,   150/  454; acc:  83.99; ppl:   1.94; 4982 src tok/s; 5196 tgt tok/s;     25 s elapsed
Epoch 10,   200/  454; acc:  82.51; ppl:   2.11; 4899 src tok/s; 5064 tgt tok/s;     34 s elapsed
Epoch 10,   250/  454; acc:  84.49; ppl:   1.89; 4913 src tok/s; 5157 tgt tok/s;     42 s elapsed
Epoch 10,   300/  454; acc:  81.45; ppl:   2.23; 5018 src tok/s; 5177 tgt tok/s;     51 s elapsed
Epoch 10,   350/  454; acc:  83.11; ppl:   2.03; 5014 src tok/s; 5187 tgt tok/s;     59 s elapsed
Epoch 10,   400/  454; acc:  82.57; ppl:   2.09; 4999 src tok/s; 5215 tgt tok/s;     68 s elapsed
Epoch 10,   450/  454; acc:  82.83; ppl:   2.05; 4936 src tok/s; 5098 tgt tok/s;     76 s elapsed
Train perplexity: 2.04178
Train accuracy: 83.045
Validation perplexity: 6.3779
Validation accuracy: 68.9371
Decaying learning rate to 0.0625

Epoch 11,    50/  454; acc:  86.25; ppl:   1.77; 4865 src tok/s; 5113 tgt tok/s;      8 s elapsed
Epoch 11,   100/  454; acc:  82.57; ppl:   2.11; 3652 src tok/s; 3748 tgt tok/s;     20 s elapsed
Epoch 11,   150/  454; acc:  84.43; ppl:   1.92; 3213 src tok/s; 3326 tgt tok/s;     33 s elapsed
Epoch 11,   200/  454; acc:  84.41; ppl:   1.92; 3340 src tok/s; 3468 tgt tok/s;     46 s elapsed
Epoch 11,   250/  454; acc:  84.30; ppl:   1.90; 3525 src tok/s; 3680 tgt tok/s;     58 s elapsed
Epoch 11,   300/  454; acc:  84.19; ppl:   1.95; 3248 src tok/s; 3369 tgt tok/s;     71 s elapsed
Epoch 11,   350/  454; acc:  84.72; ppl:   1.87; 3396 src tok/s; 3528 tgt tok/s;     83 s elapsed
Epoch 11,   400/  454; acc:  83.05; ppl:   2.02; 3342 src tok/s; 3458 tgt tok/s;     96 s elapsed
Epoch 11,   450/  454; acc:  84.31; ppl:   1.93; 3377 src tok/s; 3500 tgt tok/s;    108 s elapsed
Train perplexity: 1.93041
Train accuracy: 84.2371
Validation perplexity: 6.4722
Validation accuracy: 68.6604
Decaying learning rate to 0.03125

Epoch 12,    50/  454; acc:  86.39; ppl:   1.77; 3707 src tok/s; 3857 tgt tok/s;     11 s elapsed
Epoch 12,   100/  454; acc:  83.94; ppl:   1.97; 3507 src tok/s; 3626 tgt tok/s;     23 s elapsed
Epoch 12,   150/  454; acc:  84.39; ppl:   1.94; 3403 src tok/s; 3528 tgt tok/s;     36 s elapsed
Epoch 12,   200/  454; acc:  85.54; ppl:   1.82; 3561 src tok/s; 3696 tgt tok/s;     47 s elapsed
Epoch 12,   250/  454; acc:  84.25; ppl:   1.93; 3566 src tok/s; 3684 tgt tok/s;     59 s elapsed
Epoch 12,   300/  454; acc:  85.15; ppl:   1.84; 4054 src tok/s; 4222 tgt tok/s;     70 s elapsed
Epoch 12,   350/  454; acc:  84.84; ppl:   1.88; 5066 src tok/s; 5232 tgt tok/s;     78 s elapsed
Epoch 12,   400/  454; acc:  85.10; ppl:   1.87; 4846 src tok/s; 5067 tgt tok/s;     86 s elapsed
Epoch 12,   450/  454; acc:  84.71; ppl:   1.89; 4860 src tok/s; 5043 tgt tok/s;     95 s elapsed
Train perplexity: 1.87723
Train accuracy: 84.9168
Validation perplexity: 6.52863
Validation accuracy: 68.8307
Decaying learning rate to 0.015625

Epoch 13,    50/  454; acc:  85.75; ppl:   1.83; 4983 src tok/s; 5174 tgt tok/s;      8 s elapsed
Epoch 13,   100/  454; acc:  84.96; ppl:   1.87; 5037 src tok/s; 5227 tgt tok/s;     17 s elapsed
Epoch 13,   150/  454; acc:  86.33; ppl:   1.78; 4926 src tok/s; 5136 tgt tok/s;     25 s elapsed
Epoch 13,   200/  454; acc:  84.13; ppl:   1.96; 5113 src tok/s; 5267 tgt tok/s;     34 s elapsed
Epoch 13,   250/  454; acc:  86.00; ppl:   1.79; 4965 src tok/s; 5182 tgt tok/s;     42 s elapsed
Epoch 13,   300/  454; acc:  84.71; ppl:   1.89; 4762 src tok/s; 4927 tgt tok/s;     51 s elapsed
Epoch 13,   350/  454; acc:  84.30; ppl:   1.95; 5028 src tok/s; 5166 tgt tok/s;     60 s elapsed
Epoch 13,   400/  454; acc:  86.57; ppl:   1.72; 4879 src tok/s; 5101 tgt tok/s;     68 s elapsed
Epoch 13,   450/  454; acc:  84.79; ppl:   1.88; 4880 src tok/s; 5077 tgt tok/s;     76 s elapsed
Train perplexity: 1.8517
Train accuracy: 85.2645
Validation perplexity: 6.54854
Validation accuracy: 68.9797
Decaying learning rate to 0.0078125

Epoch 14,    50/  454; acc:  85.49; ppl:   1.82; 5040 src tok/s; 5254 tgt tok/s;      8 s elapsed
Epoch 14,   100/  454; acc:  85.90; ppl:   1.80; 4944 src tok/s; 5147 tgt tok/s;     17 s elapsed
Epoch 14,   150/  454; acc:  85.99; ppl:   1.79; 4961 src tok/s; 5156 tgt tok/s;     25 s elapsed
Epoch 14,   200/  454; acc:  84.60; ppl:   1.91; 5082 src tok/s; 5241 tgt tok/s;     33 s elapsed
Epoch 14,   250/  454; acc:  85.71; ppl:   1.82; 4940 src tok/s; 5152 tgt tok/s;     42 s elapsed
Epoch 14,   300/  454; acc:  84.72; ppl:   1.90; 5055 src tok/s; 5218 tgt tok/s;     50 s elapsed
Epoch 14,   350/  454; acc:  85.57; ppl:   1.84; 4690 src tok/s; 4889 tgt tok/s;     59 s elapsed
Epoch 14,   400/  454; acc:  85.22; ppl:   1.85; 5005 src tok/s; 5158 tgt tok/s;     68 s elapsed
Epoch 14,   450/  454; acc:  85.58; ppl:   1.81; 4875 src tok/s; 5071 tgt tok/s;     76 s elapsed
Train perplexity: 1.84073
Train accuracy: 85.3738
Validation perplexity: 6.55836
Validation accuracy: 68.9159
Decaying learning rate to 0.00390625

Epoch 15,    50/  454; acc:  86.17; ppl:   1.79; 4986 src tok/s; 5181 tgt tok/s;      8 s elapsed
Epoch 15,   100/  454; acc:  85.07; ppl:   1.89; 4930 src tok/s; 5092 tgt tok/s;     17 s elapsed
Epoch 15,   150/  454; acc:  84.53; ppl:   1.92; 5158 src tok/s; 5297 tgt tok/s;     26 s elapsed
Epoch 15,   200/  454; acc:  86.45; ppl:   1.76; 4920 src tok/s; 5151 tgt tok/s;     34 s elapsed
Epoch 15,   250/  454; acc:  86.02; ppl:   1.79; 5081 src tok/s; 5266 tgt tok/s;     42 s elapsed
Epoch 15,   300/  454; acc:  85.27; ppl:   1.86; 4990 src tok/s; 5198 tgt tok/s;     50 s elapsed
Epoch 15,   350/  454; acc:  85.70; ppl:   1.84; 4813 src tok/s; 5019 tgt tok/s;     59 s elapsed
Epoch 15,   400/  454; acc:  85.65; ppl:   1.81; 4984 src tok/s; 5165 tgt tok/s;     67 s elapsed
Epoch 15,   450/  454; acc:  85.31; ppl:   1.84; 4765 src tok/s; 4949 tgt tok/s;     76 s elapsed
Train perplexity: 1.83422
Train accuracy: 85.5633
Validation perplexity: 6.56836
Validation accuracy: 68.8875
Decaying learning rate to 0.00195312

Epoch 16,    50/  454; acc:  85.36; ppl:   1.85; 5042 src tok/s; 5214 tgt tok/s;      9 s elapsed
Epoch 16,   100/  454; acc:  86.03; ppl:   1.79; 4979 src tok/s; 5187 tgt tok/s;     17 s elapsed
Epoch 16,   150/  454; acc:  85.25; ppl:   1.86; 4945 src tok/s; 5142 tgt tok/s;     25 s elapsed
Epoch 16,   200/  454; acc:  85.73; ppl:   1.81; 5026 src tok/s; 5205 tgt tok/s;     34 s elapsed
Epoch 16,   250/  454; acc:  84.40; ppl:   1.94; 4910 src tok/s; 5070 tgt tok/s;     43 s elapsed
Epoch 16,   300/  454; acc:  86.29; ppl:   1.76; 4998 src tok/s; 5211 tgt tok/s;     51 s elapsed
Epoch 16,   350/  454; acc:  85.71; ppl:   1.82; 4877 src tok/s; 5055 tgt tok/s;     59 s elapsed
Epoch 16,   400/  454; acc:  85.78; ppl:   1.80; 5027 src tok/s; 5206 tgt tok/s;     68 s elapsed
Epoch 16,   450/  454; acc:  85.62; ppl:   1.83; 4821 src tok/s; 5025 tgt tok/s;     76 s elapsed
Train perplexity: 1.82973
Train accuracy: 85.5662
Validation perplexity: 6.57294
Validation accuracy: 68.8875
Decaying learning rate to 0.000976562

Epoch 17,    50/  454; acc:  86.19; ppl:   1.78; 4888 src tok/s; 5092 tgt tok/s;      8 s elapsed
Epoch 17,   100/  454; acc:  85.34; ppl:   1.86; 4915 src tok/s; 5097 tgt tok/s;     17 s elapsed
Epoch 17,   150/  454; acc:  86.47; ppl:   1.74; 4915 src tok/s; 5135 tgt tok/s;     25 s elapsed
Epoch 17,   200/  454; acc:  84.64; ppl:   1.92; 5004 src tok/s; 5166 tgt tok/s;     34 s elapsed
Epoch 17,   250/  454; acc:  85.34; ppl:   1.86; 4939 src tok/s; 5127 tgt tok/s;     42 s elapsed
Epoch 17,   300/  454; acc:  85.76; ppl:   1.80; 4979 src tok/s; 5153 tgt tok/s;     51 s elapsed
Epoch 17,   350/  454; acc:  85.21; ppl:   1.85; 5043 src tok/s; 5190 tgt tok/s;     60 s elapsed
Epoch 17,   400/  454; acc:  85.94; ppl:   1.81; 4854 src tok/s; 5077 tgt tok/s;     68 s elapsed
Epoch 17,   450/  454; acc:  85.25; ppl:   1.86; 4907 src tok/s; 5089 tgt tok/s;     77 s elapsed
Train perplexity: 1.83033
Train accuracy: 85.5745
Validation perplexity: 6.57352
Validation accuracy: 68.8804
Decaying learning rate to 0.000488281
