<module 'opts' from '/u/suhubdyd/research/projects/jumble_lstm/code/auxiliary-nmt/opts.pyc'>
Namespace(batch_size=64, brnn=False, brnn_merge='concat', cnn_kernel_width=3, context_gate=None, copy_attn=False, copy_attn_force=False, coverage_attn=False, data='/data/lisatmp3/suhubdyd/multi30k.atok.low', dec_layers=1, decay_method='', decoder_type='rnn', dropout=0.3, enc_layers=2, encoder_type='rnn', epochs=17, exp='', exp_host='', feat_merge='concat', feat_vec_exponent=0.7, feat_vec_size=-1, fix_word_vecs_dec=False, fix_word_vecs_enc=False, global_attention='general', gpuid=[0], input_feed=1, kappa_dec=0.2, kappa_enc=0.25, lambda_coverage=1, layers=-1, learning_rate=1.0, learning_rate_decay=0.5, max_generator_batches=32, max_grad_norm=5, model_type='text', optim='sgd', param_init=0.1, position_encoding=False, pre_word_vecs_dec=None, pre_word_vecs_enc=None, report_every=50, rnn_size=500, rnn_type='LSTM', save_model='/data/lisatmp3/suhubdyd/models/encoder0.25decoder0.2dropout0.3wdropFalse', seed=-1, share_decoder_embeddings=False, share_embeddings=False, src_word_vec_size=500, start_checkpoint_at=0, start_decay_at=8, start_epoch=1, tgt_word_vec_size=500, train_from='', truncated_decoder=0, warmup_steps=4000, weightdropout=False, word_vec_size=-1)
('Using Kappa L2 loss on encoder', 0.25)
('Using Kappa L2 loss on decoder', 0.2)
Loading train and validate data from '/data/lisatmp3/suhubdyd/multi30k.atok.low'
 * number of training sentences: 29000
 * maximum batch size: 64
 * vocabulary size. source = 10841; target = 18563
Building model...
Intializing model parameters.
NMTModel (
  (encoder): RNNEncoder (
    (embeddings): Embeddings (
      (make_embedding): Sequential (
        (emb_luts): Elementwise (
          (0): Embedding(10841, 500, padding_idx=1)
        )
      )
    )
    (dropout): Dropout (p = 0.3)
    (rnn): LSTM(500, 500, dropout=0.3)
  )
  (decoder): InputFeedRNNDecoder (
    (embeddings): Embeddings (
      (make_embedding): Sequential (
        (emb_luts): Elementwise (
          (0): Embedding(18563, 500, padding_idx=1)
        )
      )
    )
    (dropout): Dropout (p = 0.3)
    (rnn): StackedLSTM (
      (dropout): Dropout (p = 0.3)
      (layers): ModuleList (
        (0): LSTMCell(1000, 500)
      )
    )
    (attn): GlobalAttention (
      (linear_in): Linear (500 -> 500)
      (linear_out): Linear (1000 -> 500)
      (sm): Softmax ()
      (tanh): Tanh ()
    )
  )
  (generator): Sequential (
    (0): Linear (500 -> 18563)
    (1): LogSoftmax ()
  )
)
* number of parameters: 29760063
('encoder: ', 7424500)
('decoder: ', 22335563)

Epoch  1,    50/  454; acc:   8.48; ppl: 16072.64; 5231 src tok/s; 5436 tgt tok/s;      8 s elapsed
Epoch  1,   100/  454; acc:  14.35; ppl: 1614.82; 5862 src tok/s; 6088 tgt tok/s;     15 s elapsed
Epoch  1,   150/  454; acc:  18.16; ppl: 454.52; 6008 src tok/s; 6249 tgt tok/s;     22 s elapsed
Epoch  1,   200/  454; acc:  20.41; ppl: 288.11; 5793 src tok/s; 5985 tgt tok/s;     29 s elapsed
Epoch  1,   250/  454; acc:  23.98; ppl: 176.45; 5799 src tok/s; 6030 tgt tok/s;     36 s elapsed
Epoch  1,   300/  454; acc:  26.46; ppl: 134.69; 5598 src tok/s; 5811 tgt tok/s;     44 s elapsed
Epoch  1,   350/  454; acc:  28.24; ppl: 105.86; 5511 src tok/s; 5687 tgt tok/s;     52 s elapsed
Epoch  1,   400/  454; acc:  32.11; ppl:  76.10; 5520 src tok/s; 5751 tgt tok/s;     59 s elapsed
Epoch  1,   450/  454; acc:  31.83; ppl:  72.70; 5527 src tok/s; 5724 tgt tok/s;     67 s elapsed
Train perplexity: 324.398
Train accuracy: 22.8051
Validation perplexity: 67.2966
Validation accuracy: 35.7812

Epoch  2,    50/  454; acc:  34.26; ppl:  59.35; 5658 src tok/s; 5895 tgt tok/s;      7 s elapsed
Epoch  2,   100/  454; acc:  37.90; ppl:  45.99; 5626 src tok/s; 5860 tgt tok/s;     15 s elapsed
Epoch  2,   150/  454; acc:  39.19; ppl:  43.40; 5643 src tok/s; 5860 tgt tok/s;     22 s elapsed
Epoch  2,   200/  454; acc:  42.37; ppl:  33.41; 5607 src tok/s; 5842 tgt tok/s;     30 s elapsed
Epoch  2,   250/  454; acc:  44.73; ppl:  28.84; 5685 src tok/s; 5877 tgt tok/s;     37 s elapsed
Epoch  2,   300/  454; acc:  46.03; ppl:  27.27; 5737 src tok/s; 5940 tgt tok/s;     44 s elapsed
Epoch  2,   350/  454; acc:  48.52; ppl:  22.44; 5702 src tok/s; 5926 tgt tok/s;     52 s elapsed
Epoch  2,   400/  454; acc:  48.93; ppl:  21.93; 5595 src tok/s; 5774 tgt tok/s;     59 s elapsed
Epoch  2,   450/  454; acc:  51.32; ppl:  19.22; 5593 src tok/s; 5798 tgt tok/s;     67 s elapsed
Train perplexity: 31.2772
Train accuracy: 43.7297
Validation perplexity: 16.3947
Validation accuracy: 52.7884

Epoch  3,    50/  454; acc:  52.42; ppl:  16.42; 5799 src tok/s; 5963 tgt tok/s;      8 s elapsed
Epoch  3,   100/  454; acc:  55.36; ppl:  13.46; 5644 src tok/s; 5900 tgt tok/s;     15 s elapsed
Epoch  3,   150/  454; acc:  55.54; ppl:  13.75; 5663 src tok/s; 5895 tgt tok/s;     22 s elapsed
Epoch  3,   200/  454; acc:  55.91; ppl:  13.33; 5534 src tok/s; 5715 tgt tok/s;     30 s elapsed
Epoch  3,   250/  454; acc:  56.16; ppl:  13.19; 5623 src tok/s; 5844 tgt tok/s;     37 s elapsed
Epoch  3,   300/  454; acc:  57.16; ppl:  12.39; 5587 src tok/s; 5806 tgt tok/s;     45 s elapsed
Epoch  3,   350/  454; acc:  56.81; ppl:  12.40; 5525 src tok/s; 5746 tgt tok/s;     52 s elapsed
Epoch  3,   400/  454; acc:  59.47; ppl:  10.69; 5756 src tok/s; 5969 tgt tok/s;     60 s elapsed
Epoch  3,   450/  454; acc:  58.79; ppl:  11.02; 5572 src tok/s; 5794 tgt tok/s;     67 s elapsed
Train perplexity: 12.8698
Train accuracy: 56.3998
Validation perplexity: 10.2496
Validation accuracy: 60.1745

Epoch  4,    50/  454; acc:  60.01; ppl:   9.65; 5792 src tok/s; 5979 tgt tok/s;      8 s elapsed
Epoch  4,   100/  454; acc:  62.04; ppl:   8.29; 5788 src tok/s; 6044 tgt tok/s;     15 s elapsed
Epoch  4,   150/  454; acc:  60.63; ppl:   8.93; 5712 src tok/s; 5873 tgt tok/s;     22 s elapsed
Epoch  4,   200/  454; acc:  63.00; ppl:   7.93; 5497 src tok/s; 5741 tgt tok/s;     29 s elapsed
Epoch  4,   250/  454; acc:  62.63; ppl:   8.11; 5755 src tok/s; 6014 tgt tok/s;     37 s elapsed
Epoch  4,   300/  454; acc:  61.54; ppl:   8.58; 5649 src tok/s; 5842 tgt tok/s;     44 s elapsed
Epoch  4,   350/  454; acc:  62.47; ppl:   8.18; 5665 src tok/s; 5873 tgt tok/s;     52 s elapsed
Epoch  4,   400/  454; acc:  62.61; ppl:   7.92; 5695 src tok/s; 5928 tgt tok/s;     59 s elapsed
Epoch  4,   450/  454; acc:  62.83; ppl:   7.83; 5689 src tok/s; 5889 tgt tok/s;     66 s elapsed
Train perplexity: 8.36237
Train accuracy: 61.9673
Validation perplexity: 7.9393
Validation accuracy: 64.6871

Epoch  5,    50/  454; acc:  66.34; ppl:   6.03; 5668 src tok/s; 5900 tgt tok/s;      7 s elapsed
Epoch  5,   100/  454; acc:  64.75; ppl:   6.62; 5603 src tok/s; 5792 tgt tok/s;     15 s elapsed
Epoch  5,   150/  454; acc:  64.88; ppl:   6.50; 5657 src tok/s; 5862 tgt tok/s;     22 s elapsed
Epoch  5,   200/  454; acc:  65.98; ppl:   6.14; 5704 src tok/s; 5938 tgt tok/s;     30 s elapsed
Epoch  5,   250/  454; acc:  64.97; ppl:   6.43; 5286 src tok/s; 5481 tgt tok/s;     38 s elapsed
Epoch  5,   300/  454; acc:  65.85; ppl:   6.08; 5661 src tok/s; 5890 tgt tok/s;     45 s elapsed
Epoch  5,   350/  454; acc:  65.76; ppl:   6.21; 5541 src tok/s; 5789 tgt tok/s;     52 s elapsed
Epoch  5,   400/  454; acc:  65.81; ppl:   6.11; 5721 src tok/s; 5887 tgt tok/s;     60 s elapsed
Epoch  5,   450/  454; acc:  65.21; ppl:   6.36; 5537 src tok/s; 5754 tgt tok/s;     67 s elapsed
Train perplexity: 6.27766
Train accuracy: 65.4963
Validation perplexity: 7.16848
Validation accuracy: 65.7088

Epoch  6,    50/  454; acc:  68.01; ppl:   5.04; 5517 src tok/s; 5723 tgt tok/s;      8 s elapsed
Epoch  6,   100/  454; acc:  68.49; ppl:   4.89; 5558 src tok/s; 5783 tgt tok/s;     15 s elapsed
Epoch  6,   150/  454; acc:  68.33; ppl:   4.92; 5743 src tok/s; 5924 tgt tok/s;     22 s elapsed
Epoch  6,   200/  454; acc:  67.65; ppl:   5.20; 5600 src tok/s; 5825 tgt tok/s;     30 s elapsed
Epoch  6,   250/  454; acc:  68.19; ppl:   5.01; 5685 src tok/s; 5879 tgt tok/s;     37 s elapsed
Epoch  6,   300/  454; acc:  67.80; ppl:   5.14; 5750 src tok/s; 5960 tgt tok/s;     45 s elapsed
Epoch  6,   350/  454; acc:  68.29; ppl:   5.05; 5698 src tok/s; 5951 tgt tok/s;     52 s elapsed
Epoch  6,   400/  454; acc:  67.70; ppl:   5.15; 5570 src tok/s; 5774 tgt tok/s;     59 s elapsed
Epoch  6,   450/  454; acc:  67.53; ppl:   5.25; 5670 src tok/s; 5888 tgt tok/s;     67 s elapsed
Train perplexity: 5.07271
Train accuracy: 67.994
Validation perplexity: 6.64791
Validation accuracy: 66.6454

Epoch  7,    50/  454; acc:  72.23; ppl:   3.76; 5669 src tok/s; 5940 tgt tok/s;      7 s elapsed
Epoch  7,   100/  454; acc:  70.05; ppl:   4.32; 5724 src tok/s; 5894 tgt tok/s;     15 s elapsed
Epoch  7,   150/  454; acc:  69.64; ppl:   4.40; 5646 src tok/s; 5841 tgt tok/s;     22 s elapsed
Epoch  7,   200/  454; acc:  70.58; ppl:   4.14; 5743 src tok/s; 5971 tgt tok/s;     29 s elapsed
Epoch  7,   250/  454; acc:  69.13; ppl:   4.45; 5812 src tok/s; 6006 tgt tok/s;     37 s elapsed
Epoch  7,   300/  454; acc:  70.01; ppl:   4.32; 5800 src tok/s; 6022 tgt tok/s;     44 s elapsed
Epoch  7,   350/  454; acc:  68.83; ppl:   4.58; 5602 src tok/s; 5808 tgt tok/s;     52 s elapsed
Epoch  7,   400/  454; acc:  70.60; ppl:   4.11; 5712 src tok/s; 5970 tgt tok/s;     59 s elapsed
Epoch  7,   450/  454; acc:  69.76; ppl:   4.38; 5652 src tok/s; 5865 tgt tok/s;     66 s elapsed
Train perplexity: 4.27192
Train accuracy: 70.0724
Validation perplexity: 6.7875
Validation accuracy: 67.3052
Decaying learning rate to 0.5

Epoch  8,    50/  454; acc:  74.61; ppl:   3.18; 5492 src tok/s; 5701 tgt tok/s;      8 s elapsed
Epoch  8,   100/  454; acc:  74.93; ppl:   3.17; 5782 src tok/s; 5988 tgt tok/s;     15 s elapsed
Epoch  8,   150/  454; acc:  74.50; ppl:   3.28; 5646 src tok/s; 5830 tgt tok/s;     22 s elapsed
Epoch  8,   200/  454; acc:  75.41; ppl:   2.99; 5642 src tok/s; 5874 tgt tok/s;     30 s elapsed
Epoch  8,   250/  454; acc:  75.65; ppl:   3.04; 5809 src tok/s; 6028 tgt tok/s;     37 s elapsed
Epoch  8,   300/  454; acc:  75.13; ppl:   3.11; 5630 src tok/s; 5846 tgt tok/s;     44 s elapsed
Epoch  8,   350/  454; acc:  74.35; ppl:   3.28; 5683 src tok/s; 5879 tgt tok/s;     52 s elapsed
Epoch  8,   400/  454; acc:  75.15; ppl:   3.17; 5514 src tok/s; 5765 tgt tok/s;     59 s elapsed
Epoch  8,   450/  454; acc:  74.46; ppl:   3.26; 5431 src tok/s; 5637 tgt tok/s;     67 s elapsed
Train perplexity: 3.16263
Train accuracy: 74.9148
Validation perplexity: 6.08272
Validation accuracy: 68.9513
Decaying learning rate to 0.25

Epoch  9,    50/  454; acc:  78.16; ppl:   2.64; 5859 src tok/s; 6033 tgt tok/s;      7 s elapsed
Epoch  9,   100/  454; acc:  78.97; ppl:   2.55; 5655 src tok/s; 5923 tgt tok/s;     15 s elapsed
Epoch  9,   150/  454; acc:  77.57; ppl:   2.73; 5732 src tok/s; 5876 tgt tok/s;     22 s elapsed
Epoch  9,   200/  454; acc:  79.20; ppl:   2.47; 5762 src tok/s; 6009 tgt tok/s;     29 s elapsed
Epoch  9,   250/  454; acc:  77.64; ppl:   2.71; 5689 src tok/s; 5881 tgt tok/s;     37 s elapsed
Epoch  9,   300/  454; acc:  78.91; ppl:   2.49; 5749 src tok/s; 6003 tgt tok/s;     44 s elapsed
Epoch  9,   350/  454; acc:  78.19; ppl:   2.64; 5672 src tok/s; 5879 tgt tok/s;     51 s elapsed
Epoch  9,   400/  454; acc:  78.65; ppl:   2.55; 5611 src tok/s; 5862 tgt tok/s;     59 s elapsed
Epoch  9,   450/  454; acc:  78.37; ppl:   2.60; 5631 src tok/s; 5834 tgt tok/s;     66 s elapsed
Train perplexity: 2.59666
Train accuracy: 78.4088
Validation perplexity: 5.99269
Validation accuracy: 69.2351
Decaying learning rate to 0.125

Epoch 10,    50/  454; acc:  80.46; ppl:   2.34; 5751 src tok/s; 5987 tgt tok/s;      7 s elapsed
Epoch 10,   100/  454; acc:  80.28; ppl:   2.37; 5676 src tok/s; 5877 tgt tok/s;     15 s elapsed
Epoch 10,   150/  454; acc:  80.70; ppl:   2.33; 5616 src tok/s; 5862 tgt tok/s;     22 s elapsed
Epoch 10,   200/  454; acc:  80.43; ppl:   2.32; 5740 src tok/s; 5948 tgt tok/s;     29 s elapsed
Epoch 10,   250/  454; acc:  79.95; ppl:   2.38; 5680 src tok/s; 5897 tgt tok/s;     37 s elapsed
Epoch 10,   300/  454; acc:  80.78; ppl:   2.29; 5615 src tok/s; 5832 tgt tok/s;     44 s elapsed
Epoch 10,   350/  454; acc:  80.71; ppl:   2.26; 5655 src tok/s; 5896 tgt tok/s;     51 s elapsed
Epoch 10,   400/  454; acc:  79.77; ppl:   2.43; 5759 src tok/s; 5938 tgt tok/s;     59 s elapsed
Epoch 10,   450/  454; acc:  79.83; ppl:   2.40; 5592 src tok/s; 5783 tgt tok/s;     66 s elapsed
Train perplexity: 2.34435
Train accuracy: 80.3388
Validation perplexity: 6.04405
Validation accuracy: 69.4551
Decaying learning rate to 0.0625

Epoch 11,    50/  454; acc:  80.67; ppl:   2.30; 5732 src tok/s; 5905 tgt tok/s;      8 s elapsed
Epoch 11,   100/  454; acc:  81.66; ppl:   2.17; 5734 src tok/s; 5975 tgt tok/s;     15 s elapsed
Epoch 11,   150/  454; acc:  81.60; ppl:   2.19; 5725 src tok/s; 5961 tgt tok/s;     22 s elapsed
Epoch 11,   200/  454; acc:  81.33; ppl:   2.23; 5735 src tok/s; 5924 tgt tok/s;     29 s elapsed
Epoch 11,   250/  454; acc:  82.07; ppl:   2.14; 5749 src tok/s; 5999 tgt tok/s;     36 s elapsed
Epoch 11,   300/  454; acc:  80.91; ppl:   2.29; 5755 src tok/s; 5967 tgt tok/s;     44 s elapsed
Epoch 11,   350/  454; acc:  80.87; ppl:   2.29; 5727 src tok/s; 5925 tgt tok/s;     51 s elapsed
Epoch 11,   400/  454; acc:  82.29; ppl:   2.14; 5670 src tok/s; 5900 tgt tok/s;     59 s elapsed
Epoch 11,   450/  454; acc:  81.23; ppl:   2.26; 5697 src tok/s; 5909 tgt tok/s;     66 s elapsed
Train perplexity: 2.22229
Train accuracy: 81.4054
Validation perplexity: 6.15828
Validation accuracy: 69.5189
Decaying learning rate to 0.03125

Epoch 12,    50/  454; acc:  82.95; ppl:   2.07; 5601 src tok/s; 5857 tgt tok/s;      7 s elapsed
Epoch 12,   100/  454; acc:  81.49; ppl:   2.21; 5768 src tok/s; 5953 tgt tok/s;     15 s elapsed
Epoch 12,   150/  454; acc:  83.03; ppl:   2.05; 5486 src tok/s; 5754 tgt tok/s;     22 s elapsed
Epoch 12,   200/  454; acc:  80.96; ppl:   2.28; 5727 src tok/s; 5884 tgt tok/s;     30 s elapsed
Epoch 12,   250/  454; acc:  82.15; ppl:   2.13; 5658 src tok/s; 5850 tgt tok/s;     37 s elapsed
Epoch 12,   300/  454; acc:  81.96; ppl:   2.19; 5631 src tok/s; 5853 tgt tok/s;     45 s elapsed
Epoch 12,   350/  454; acc:  82.15; ppl:   2.15; 5721 src tok/s; 5956 tgt tok/s;     52 s elapsed
Epoch 12,   400/  454; acc:  81.78; ppl:   2.20; 5600 src tok/s; 5813 tgt tok/s;     59 s elapsed
Epoch 12,   450/  454; acc:  81.59; ppl:   2.20; 5658 src tok/s; 5853 tgt tok/s;     67 s elapsed
Train perplexity: 2.1644
Train accuracy: 81.9885
Validation perplexity: 6.19175
Validation accuracy: 69.3487
Decaying learning rate to 0.015625

Epoch 13,    50/  454; acc:  82.21; ppl:   2.15; 5628 src tok/s; 5863 tgt tok/s;      7 s elapsed
Epoch 13,   100/  454; acc:  82.10; ppl:   2.14; 5879 src tok/s; 6050 tgt tok/s;     15 s elapsed
Epoch 13,   150/  454; acc:  83.01; ppl:   2.06; 5605 src tok/s; 5833 tgt tok/s;     22 s elapsed
Epoch 13,   200/  454; acc:  81.33; ppl:   2.23; 5602 src tok/s; 5773 tgt tok/s;     30 s elapsed
Epoch 13,   250/  454; acc:  82.69; ppl:   2.06; 5650 src tok/s; 5887 tgt tok/s;     37 s elapsed
Epoch 13,   300/  454; acc:  82.02; ppl:   2.18; 5582 src tok/s; 5805 tgt tok/s;     44 s elapsed
Epoch 13,   350/  454; acc:  81.83; ppl:   2.18; 5795 src tok/s; 6006 tgt tok/s;     52 s elapsed
Epoch 13,   400/  454; acc:  83.04; ppl:   2.05; 5608 src tok/s; 5856 tgt tok/s;     59 s elapsed
Epoch 13,   450/  454; acc:  81.78; ppl:   2.20; 5592 src tok/s; 5795 tgt tok/s;     67 s elapsed
Train perplexity: 2.1356
Train accuracy: 82.2367
Validation perplexity: 6.21968
Validation accuracy: 69.3061
Decaying learning rate to 0.0078125

Epoch 14,    50/  454; acc:  81.97; ppl:   2.17; 5574 src tok/s; 5771 tgt tok/s;      8 s elapsed
Epoch 14,   100/  454; acc:  82.98; ppl:   2.05; 5543 src tok/s; 5774 tgt tok/s;     15 s elapsed
Epoch 14,   150/  454; acc:  82.51; ppl:   2.09; 5660 src tok/s; 5847 tgt tok/s;     23 s elapsed
Epoch 14,   200/  454; acc:  82.25; ppl:   2.15; 5689 src tok/s; 5894 tgt tok/s;     30 s elapsed
Epoch 14,   250/  454; acc:  82.08; ppl:   2.17; 5633 src tok/s; 5848 tgt tok/s;     37 s elapsed
Epoch 14,   300/  454; acc:  82.51; ppl:   2.09; 5650 src tok/s; 5856 tgt tok/s;     45 s elapsed
Epoch 14,   350/  454; acc:  82.60; ppl:   2.08; 5732 src tok/s; 5983 tgt tok/s;     52 s elapsed
Epoch 14,   400/  454; acc:  82.02; ppl:   2.16; 5756 src tok/s; 5963 tgt tok/s;     59 s elapsed
Epoch 14,   450/  454; acc:  81.89; ppl:   2.15; 5616 src tok/s; 5838 tgt tok/s;     67 s elapsed
Train perplexity: 2.12133
Train accuracy: 82.326
Validation perplexity: 6.22502
Validation accuracy: 69.3983
Decaying learning rate to 0.00390625

Epoch 15,    50/  454; acc:  82.86; ppl:   2.05; 5682 src tok/s; 5907 tgt tok/s;      7 s elapsed
Epoch 15,   100/  454; acc:  82.40; ppl:   2.12; 5705 src tok/s; 5934 tgt tok/s;     15 s elapsed
Epoch 15,   150/  454; acc:  82.24; ppl:   2.13; 5832 src tok/s; 6050 tgt tok/s;     22 s elapsed
Epoch 15,   200/  454; acc:  82.80; ppl:   2.07; 5561 src tok/s; 5792 tgt tok/s;     29 s elapsed
Epoch 15,   250/  454; acc:  81.94; ppl:   2.16; 5590 src tok/s; 5763 tgt tok/s;     37 s elapsed
Epoch 15,   300/  454; acc:  82.72; ppl:   2.07; 5564 src tok/s; 5783 tgt tok/s;     45 s elapsed
Epoch 15,   350/  454; acc:  81.99; ppl:   2.15; 5664 src tok/s; 5865 tgt tok/s;     52 s elapsed
Epoch 15,   400/  454; acc:  82.42; ppl:   2.10; 5734 src tok/s; 5961 tgt tok/s;     59 s elapsed
Epoch 15,   450/  454; acc:  82.26; ppl:   2.15; 5627 src tok/s; 5854 tgt tok/s;     66 s elapsed
Train perplexity: 2.11188
Train accuracy: 82.3879
Validation perplexity: 6.22868
Validation accuracy: 69.4196
Decaying learning rate to 0.00195312

Epoch 16,    50/  454; acc:  82.49; ppl:   2.12; 5622 src tok/s; 5851 tgt tok/s;      7 s elapsed
Epoch 16,   100/  454; acc:  82.11; ppl:   2.13; 5645 src tok/s; 5843 tgt tok/s;     15 s elapsed
Epoch 16,   150/  454; acc:  82.35; ppl:   2.11; 5558 src tok/s; 5745 tgt tok/s;     23 s elapsed
Epoch 16,   200/  454; acc:  82.41; ppl:   2.12; 5619 src tok/s; 5866 tgt tok/s;     30 s elapsed
Epoch 16,   250/  454; acc:  83.35; ppl:   2.03; 5672 src tok/s; 5922 tgt tok/s;     37 s elapsed
Epoch 16,   300/  454; acc:  82.10; ppl:   2.15; 5716 src tok/s; 5876 tgt tok/s;     45 s elapsed
Epoch 16,   350/  454; acc:  82.37; ppl:   2.12; 5580 src tok/s; 5805 tgt tok/s;     52 s elapsed
Epoch 16,   400/  454; acc:  82.77; ppl:   2.09; 5571 src tok/s; 5784 tgt tok/s;     60 s elapsed
Epoch 16,   450/  454; acc:  82.40; ppl:   2.11; 5659 src tok/s; 5863 tgt tok/s;     67 s elapsed
Train perplexity: 2.10883
Train accuracy: 82.4789
Validation perplexity: 6.23167
Validation accuracy: 69.4338
Decaying learning rate to 0.000976562

Epoch 17,    50/  454; acc:  83.62; ppl:   1.98; 5737 src tok/s; 5994 tgt tok/s;      7 s elapsed
Epoch 17,   100/  454; acc:  81.32; ppl:   2.22; 5668 src tok/s; 5840 tgt tok/s;     15 s elapsed
Epoch 17,   150/  454; acc:  82.32; ppl:   2.14; 5599 src tok/s; 5774 tgt tok/s;     22 s elapsed
Epoch 17,   200/  454; acc:  82.32; ppl:   2.11; 5704 src tok/s; 5938 tgt tok/s;     30 s elapsed
Epoch 17,   250/  454; acc:  81.68; ppl:   2.18; 5578 src tok/s; 5754 tgt tok/s;     37 s elapsed
Epoch 17,   300/  454; acc:  83.54; ppl:   1.99; 5502 src tok/s; 5729 tgt tok/s;     45 s elapsed
Epoch 17,   350/  454; acc:  82.77; ppl:   2.07; 5677 src tok/s; 5904 tgt tok/s;     52 s elapsed
Epoch 17,   400/  454; acc:  82.11; ppl:   2.14; 5648 src tok/s; 5882 tgt tok/s;     60 s elapsed
Epoch 17,   450/  454; acc:  82.69; ppl:   2.09; 5733 src tok/s; 5969 tgt tok/s;     67 s elapsed
Train perplexity: 2.106
Train accuracy: 82.4317
Validation perplexity: 6.23276
Validation accuracy: 69.4338
Decaying learning rate to 0.000488281
