<module 'opts' from '/u/suhubdyd/research/projects/jumble_lstm/code/auxiliary-nmt/opts.pyc'>
Namespace(batch_size=64, brnn=False, brnn_merge='concat', cnn_kernel_width=3, context_gate=None, copy_attn=False, copy_attn_force=False, coverage_attn=False, data='/data/lisatmp3/suhubdyd/multi30k.atok.low', dec_layers=1, decay_method='', decoder_type='rnn', dropout=0.05, enc_layers=2, encoder_type='rnn', epochs=17, exp='', exp_host='', feat_merge='concat', feat_vec_exponent=0.7, feat_vec_size=-1, fix_word_vecs_dec=False, fix_word_vecs_enc=False, global_attention='general', gpuid=[0], input_feed=1, kappa_dec=0.0, kappa_enc=0.15, lambda_coverage=1, layers=-1, learning_rate=1.0, learning_rate_decay=0.5, max_generator_batches=32, max_grad_norm=5, model_type='text', optim='sgd', param_init=0.1, position_encoding=False, pre_word_vecs_dec=None, pre_word_vecs_enc=None, report_every=50, rnn_size=500, rnn_type='LSTM', save_model='/data/lisatmp3/suhubdyd/models/encoder0.15_decoder0_dropout0.05', seed=1, share_decoder_embeddings=False, share_embeddings=False, src_word_vec_size=500, start_checkpoint_at=0, start_decay_at=8, start_epoch=1, tgt_word_vec_size=500, train_from='', truncated_decoder=0, warmup_steps=4000, word_vec_size=-1)
('Using Kappa L2 loss on encoder', 0.15)
Loading train and validate data from '/data/lisatmp3/suhubdyd/multi30k.atok.low'
 * number of training sentences: 29000
 * maximum batch size: 64
 * vocabulary size. source = 10841; target = 18563
Building model...
Intializing model parameters.
NMTModel (
  (encoder): RNNEncoder (
    (embeddings): Embeddings (
      (make_embedding): Sequential (
        (emb_luts): Elementwise (
          (0): Embedding(10841, 500, padding_idx=1)
        )
      )
    )
    (dropout): Dropout (p = 0.05)
    (rnn): LSTM(500, 500, dropout=0.05)
  )
  (decoder): InputFeedRNNDecoder (
    (embeddings): Embeddings (
      (make_embedding): Sequential (
        (emb_luts): Elementwise (
          (0): Embedding(18563, 500, padding_idx=1)
        )
      )
    )
    (dropout): Dropout (p = 0.05)
    (rnn): StackedLSTM (
      (dropout): Dropout (p = 0.05)
      (layers): ModuleList (
        (0): LSTMCell(1000, 500)
      )
    )
    (attn): GlobalAttention (
      (linear_in): Linear (500 -> 500)
      (linear_out): Linear (1000 -> 500)
      (sm): Softmax ()
      (tanh): Tanh ()
    )
  )
  (generator): Sequential (
    (0): Linear (500 -> 18563)
    (1): LogSoftmax ()
  )
)
* number of parameters: 29760063
('encoder: ', 7424500)
('decoder: ', 22335563)

Epoch  1,    50/  454; acc:   8.41; ppl: 26294.05; 2709 src tok/s; 2815 tgt tok/s;     15 s elapsed
Epoch  1,   100/  454; acc:  12.54; ppl: 4039.96; 2915 src tok/s; 3024 tgt tok/s;     30 s elapsed
Epoch  1,   150/  454; acc:  16.10; ppl: 868.56; 2898 src tok/s; 3003 tgt tok/s;     45 s elapsed
Epoch  1,   200/  454; acc:  20.61; ppl: 342.83; 2849 src tok/s; 2956 tgt tok/s;     59 s elapsed
Epoch  1,   250/  454; acc:  23.43; ppl: 195.36; 2853 src tok/s; 2963 tgt tok/s;     74 s elapsed
Epoch  1,   300/  454; acc:  26.97; ppl: 133.49; 2863 src tok/s; 2966 tgt tok/s;     88 s elapsed
Epoch  1,   350/  454; acc:  30.25; ppl:  95.55; 2850 src tok/s; 2974 tgt tok/s;    103 s elapsed
Epoch  1,   400/  454; acc:  30.18; ppl:  88.79; 2862 src tok/s; 2959 tgt tok/s;    118 s elapsed
Epoch  1,   450/  454; acc:  32.58; ppl:  71.55; 2796 src tok/s; 2908 tgt tok/s;    132 s elapsed
Train perplexity: 424.709
Train accuracy: 22.4129
Validation perplexity: 71.0638
Validation accuracy: 29.729

Epoch  2,    50/  454; acc:  34.28; ppl:  59.04; 2862 src tok/s; 2957 tgt tok/s;     15 s elapsed
Epoch  2,   100/  454; acc:  37.23; ppl:  48.22; 2838 src tok/s; 2954 tgt tok/s;     30 s elapsed
Epoch  2,   150/  454; acc:  39.67; ppl:  41.68; 2884 src tok/s; 2990 tgt tok/s;     44 s elapsed
Epoch  2,   200/  454; acc:  41.91; ppl:  34.59; 2830 src tok/s; 2948 tgt tok/s;     59 s elapsed
Epoch  2,   250/  454; acc:  45.55; ppl:  27.91; 2767 src tok/s; 2910 tgt tok/s;     73 s elapsed
Epoch  2,   300/  454; acc:  45.31; ppl:  27.57; 2858 src tok/s; 2929 tgt tok/s;     89 s elapsed
Epoch  2,   350/  454; acc:  48.85; ppl:  22.30; 2901 src tok/s; 3007 tgt tok/s;    103 s elapsed
Epoch  2,   400/  454; acc:  50.48; ppl:  19.27; 2841 src tok/s; 2940 tgt tok/s;    118 s elapsed
Epoch  2,   450/  454; acc:  51.89; ppl:  17.86; 2741 src tok/s; 2855 tgt tok/s;    133 s elapsed
Train perplexity: 30.6141
Train accuracy: 43.93
Validation perplexity: 17.2081
Validation accuracy: 52.5756

Epoch  3,    50/  454; acc:  54.57; ppl:  13.61; 2805 src tok/s; 2928 tgt tok/s;     15 s elapsed
Epoch  3,   100/  454; acc:  54.98; ppl:  13.99; 2869 src tok/s; 2958 tgt tok/s;     30 s elapsed
Epoch  3,   150/  454; acc:  55.86; ppl:  13.01; 2819 src tok/s; 2923 tgt tok/s;     45 s elapsed
Epoch  3,   200/  454; acc:  57.19; ppl:  12.37; 2824 src tok/s; 2929 tgt tok/s;     59 s elapsed
Epoch  3,   250/  454; acc:  57.40; ppl:  11.92; 2827 src tok/s; 2938 tgt tok/s;     74 s elapsed
Epoch  3,   300/  454; acc:  59.01; ppl:  10.81; 2839 src tok/s; 2946 tgt tok/s;     89 s elapsed
Epoch  3,   350/  454; acc:  58.59; ppl:  11.01; 2839 src tok/s; 2943 tgt tok/s;    104 s elapsed
Epoch  3,   400/  454; acc:  59.48; ppl:  10.44; 2807 src tok/s; 2912 tgt tok/s;    119 s elapsed
Epoch  3,   450/  454; acc:  59.53; ppl:  10.14; 2771 src tok/s; 2882 tgt tok/s;    134 s elapsed
Train perplexity: 11.8316
Train accuracy: 57.4261
Validation perplexity: 10.3964
Validation accuracy: 60.0468

Epoch  4,    50/  454; acc:  61.99; ppl:   8.22; 2852 src tok/s; 2949 tgt tok/s;     15 s elapsed
Epoch  4,   100/  454; acc:  63.56; ppl:   7.26; 2771 src tok/s; 2883 tgt tok/s;     30 s elapsed
Epoch  4,   150/  454; acc:  63.63; ppl:   7.43; 2764 src tok/s; 2872 tgt tok/s;     44 s elapsed
Epoch  4,   200/  454; acc:  62.69; ppl:   7.76; 2889 src tok/s; 2994 tgt tok/s;     59 s elapsed
Epoch  4,   250/  454; acc:  62.08; ppl:   8.10; 2901 src tok/s; 2983 tgt tok/s;     75 s elapsed
Epoch  4,   300/  454; acc:  64.45; ppl:   7.00; 2810 src tok/s; 2957 tgt tok/s;     89 s elapsed
Epoch  4,   350/  454; acc:  63.86; ppl:   7.24; 2840 src tok/s; 2940 tgt tok/s;    104 s elapsed
Epoch  4,   400/  454; acc:  63.88; ppl:   7.22; 2831 src tok/s; 2946 tgt tok/s;    118 s elapsed
Epoch  4,   450/  454; acc:  64.19; ppl:   7.10; 2785 src tok/s; 2891 tgt tok/s;    133 s elapsed
Train perplexity: 7.49285
Train accuracy: 63.3257
Validation perplexity: 8.23681
Validation accuracy: 63.5732

Epoch  5,    50/  454; acc:  66.91; ppl:   5.64; 2875 src tok/s; 2958 tgt tok/s;     15 s elapsed
Epoch  5,   100/  454; acc:  67.91; ppl:   5.18; 2774 src tok/s; 2904 tgt tok/s;     30 s elapsed
Epoch  5,   150/  454; acc:  67.25; ppl:   5.36; 2826 src tok/s; 2928 tgt tok/s;     45 s elapsed
Epoch  5,   200/  454; acc:  66.50; ppl:   5.76; 2788 src tok/s; 2902 tgt tok/s;     60 s elapsed
Epoch  5,   250/  454; acc:  66.49; ppl:   5.62; 2836 src tok/s; 2947 tgt tok/s;     74 s elapsed
Epoch  5,   300/  454; acc:  66.73; ppl:   5.66; 2869 src tok/s; 2974 tgt tok/s;     89 s elapsed
Epoch  5,   350/  454; acc:  68.30; ppl:   5.13; 2769 src tok/s; 2914 tgt tok/s;    103 s elapsed
Epoch  5,   400/  454; acc:  65.24; ppl:   6.19; 2883 src tok/s; 2960 tgt tok/s;    119 s elapsed
Epoch  5,   450/  454; acc:  67.07; ppl:   5.49; 2811 src tok/s; 2911 tgt tok/s;    133 s elapsed
Train perplexity: 5.56296
Train accuracy: 66.8987
Validation perplexity: 7.49952
Validation accuracy: 64.6303

Epoch  6,    50/  454; acc:  70.66; ppl:   4.19; 2814 src tok/s; 2920 tgt tok/s;     15 s elapsed
Epoch  6,   100/  454; acc:  70.04; ppl:   4.35; 2818 src tok/s; 2923 tgt tok/s;     30 s elapsed
Epoch  6,   150/  454; acc:  69.56; ppl:   4.40; 2784 src tok/s; 2894 tgt tok/s;     45 s elapsed
Epoch  6,   200/  454; acc:  70.26; ppl:   4.27; 2891 src tok/s; 3000 tgt tok/s;     60 s elapsed
Epoch  6,   250/  454; acc:  69.30; ppl:   4.46; 2819 src tok/s; 2930 tgt tok/s;     75 s elapsed
Epoch  6,   300/  454; acc:  70.24; ppl:   4.31; 2866 src tok/s; 2984 tgt tok/s;     89 s elapsed
Epoch  6,   350/  454; acc:  68.03; ppl:   4.91; 2885 src tok/s; 2968 tgt tok/s;    104 s elapsed
Epoch  6,   400/  454; acc:  69.82; ppl:   4.41; 2743 src tok/s; 2855 tgt tok/s;    119 s elapsed
Epoch  6,   450/  454; acc:  69.39; ppl:   4.52; 2775 src tok/s; 2889 tgt tok/s;    134 s elapsed
Train perplexity: 4.42626
Train accuracy: 69.6803
Validation perplexity: 7.39486
Validation accuracy: 65.1341

Epoch  7,    50/  454; acc:  72.76; ppl:   3.52; 2877 src tok/s; 2992 tgt tok/s;     15 s elapsed
Epoch  7,   100/  454; acc:  73.23; ppl:   3.42; 2744 src tok/s; 2855 tgt tok/s;     30 s elapsed
Epoch  7,   150/  454; acc:  72.39; ppl:   3.60; 2822 src tok/s; 2914 tgt tok/s;     45 s elapsed
Epoch  7,   200/  454; acc:  72.60; ppl:   3.58; 2757 src tok/s; 2875 tgt tok/s;     60 s elapsed
Epoch  7,   250/  454; acc:  72.08; ppl:   3.60; 2905 src tok/s; 3000 tgt tok/s;     75 s elapsed
Epoch  7,   300/  454; acc:  70.87; ppl:   3.95; 2855 src tok/s; 2959 tgt tok/s;     89 s elapsed
Epoch  7,   350/  454; acc:  71.23; ppl:   3.88; 2815 src tok/s; 2915 tgt tok/s;    104 s elapsed
Epoch  7,   400/  454; acc:  71.96; ppl:   3.71; 2831 src tok/s; 2952 tgt tok/s;    119 s elapsed
Epoch  7,   450/  454; acc:  71.26; ppl:   3.85; 2767 src tok/s; 2875 tgt tok/s;    134 s elapsed
Train perplexity: 3.68136
Train accuracy: 72.024
Validation perplexity: 7.21775
Validation accuracy: 65.8862

Epoch  8,    50/  454; acc:  75.24; ppl:   2.98; 2821 src tok/s; 2904 tgt tok/s;     15 s elapsed
Epoch  8,   100/  454; acc:  75.29; ppl:   2.91; 2817 src tok/s; 2935 tgt tok/s;     30 s elapsed
Epoch  8,   150/  454; acc:  74.96; ppl:   3.05; 2798 src tok/s; 2907 tgt tok/s;     44 s elapsed
Epoch  8,   200/  454; acc:  74.24; ppl:   3.11; 2804 src tok/s; 2908 tgt tok/s;     60 s elapsed
Epoch  8,   250/  454; acc:  74.46; ppl:   3.09; 2788 src tok/s; 2904 tgt tok/s;     74 s elapsed
Epoch  8,   300/  454; acc:  72.90; ppl:   3.37; 2860 src tok/s; 2949 tgt tok/s;     89 s elapsed
Epoch  8,   350/  454; acc:  72.99; ppl:   3.35; 2793 src tok/s; 2914 tgt tok/s;    104 s elapsed
Epoch  8,   400/  454; acc:  73.57; ppl:   3.22; 2831 src tok/s; 2941 tgt tok/s;    119 s elapsed
Epoch  8,   450/  454; acc:  72.37; ppl:   3.45; 2848 src tok/s; 2954 tgt tok/s;    134 s elapsed
Train perplexity: 3.16348
Train accuracy: 74.0175
Validation perplexity: 7.24904
Validation accuracy: 66.1984
Decaying learning rate to 0.5

Epoch  9,    50/  454; acc:  80.03; ppl:   2.36; 2803 src tok/s; 2913 tgt tok/s;     15 s elapsed
Epoch  9,   100/  454; acc:  80.46; ppl:   2.29; 2865 src tok/s; 2967 tgt tok/s;     30 s elapsed
Epoch  9,   150/  454; acc:  81.09; ppl:   2.19; 2813 src tok/s; 2923 tgt tok/s;     44 s elapsed
Epoch  9,   200/  454; acc:  79.92; ppl:   2.35; 2808 src tok/s; 2901 tgt tok/s;     59 s elapsed
Epoch  9,   250/  454; acc:  80.58; ppl:   2.25; 2815 src tok/s; 2915 tgt tok/s;     75 s elapsed
Epoch  9,   300/  454; acc:  80.34; ppl:   2.30; 2794 src tok/s; 2919 tgt tok/s;     89 s elapsed
Epoch  9,   350/  454; acc:  80.34; ppl:   2.30; 2800 src tok/s; 2912 tgt tok/s;    104 s elapsed
Epoch  9,   400/  454; acc:  80.16; ppl:   2.27; 2851 src tok/s; 2956 tgt tok/s;    119 s elapsed
Epoch  9,   450/  454; acc:  79.80; ppl:   2.34; 2765 src tok/s; 2870 tgt tok/s;    134 s elapsed
Train perplexity: 2.29572
Train accuracy: 80.2886
Validation perplexity: 6.94977
Validation accuracy: 67.5749
Decaying learning rate to 0.25

Epoch 10,    50/  454; acc:  85.44; ppl:   1.84; 2800 src tok/s; 2915 tgt tok/s;     15 s elapsed
Epoch 10,   100/  454; acc:  86.53; ppl:   1.74; 2798 src tok/s; 2898 tgt tok/s;     30 s elapsed
Epoch 10,   150/  454; acc:  85.10; ppl:   1.89; 2859 src tok/s; 2952 tgt tok/s;     45 s elapsed
Epoch 10,   200/  454; acc:  86.68; ppl:   1.73; 2852 src tok/s; 2965 tgt tok/s;     59 s elapsed
Epoch 10,   250/  454; acc:  85.48; ppl:   1.83; 2828 src tok/s; 2929 tgt tok/s;     74 s elapsed
Epoch 10,   300/  454; acc:  85.72; ppl:   1.78; 2826 src tok/s; 2949 tgt tok/s;     89 s elapsed
Epoch 10,   350/  454; acc:  85.24; ppl:   1.86; 2817 src tok/s; 2892 tgt tok/s;    105 s elapsed
Epoch 10,   400/  454; acc:  85.62; ppl:   1.80; 2815 src tok/s; 2945 tgt tok/s;    119 s elapsed
Epoch 10,   450/  454; acc:  84.96; ppl:   1.85; 2769 src tok/s; 2877 tgt tok/s;    134 s elapsed
Train perplexity: 1.81272
Train accuracy: 85.6405
Validation perplexity: 7.25746
Validation accuracy: 67.7593
Decaying learning rate to 0.125

Epoch 11,    50/  454; acc:  88.62; ppl:   1.65; 2824 src tok/s; 2913 tgt tok/s;     16 s elapsed
Epoch 11,   100/  454; acc:  90.16; ppl:   1.52; 2772 src tok/s; 2898 tgt tok/s;     30 s elapsed
Epoch 11,   150/  454; acc:  89.57; ppl:   1.57; 2813 src tok/s; 2908 tgt tok/s;     45 s elapsed
Epoch 11,   200/  454; acc:  89.09; ppl:   1.59; 2789 src tok/s; 2906 tgt tok/s;     60 s elapsed
Epoch 11,   250/  454; acc:  88.87; ppl:   1.60; 2855 src tok/s; 2947 tgt tok/s;     75 s elapsed
Epoch 11,   300/  454; acc:  89.38; ppl:   1.58; 2793 src tok/s; 2919 tgt tok/s;     89 s elapsed
Epoch 11,   350/  454; acc:  90.31; ppl:   1.50; 2816 src tok/s; 2932 tgt tok/s;    103 s elapsed
Epoch 11,   400/  454; acc:  87.63; ppl:   1.70; 2891 src tok/s; 2984 tgt tok/s;    119 s elapsed
Epoch 11,   450/  454; acc:  88.58; ppl:   1.61; 2769 src tok/s; 2878 tgt tok/s;    134 s elapsed
Train perplexity: 1.59182
Train accuracy: 89.1141
Validation perplexity: 7.69704
Validation accuracy: 68.1141
Decaying learning rate to 0.0625

Epoch 12,    50/  454; acc:  91.44; ppl:   1.46; 2848 src tok/s; 2958 tgt tok/s;     15 s elapsed
Epoch 12,   100/  454; acc:  90.75; ppl:   1.51; 2780 src tok/s; 2884 tgt tok/s;     30 s elapsed
Epoch 12,   150/  454; acc:  90.94; ppl:   1.48; 2830 src tok/s; 2940 tgt tok/s;     45 s elapsed
Epoch 12,   200/  454; acc:  90.85; ppl:   1.49; 2835 src tok/s; 2954 tgt tok/s;     59 s elapsed
Epoch 12,   250/  454; acc:  91.45; ppl:   1.46; 2856 src tok/s; 2974 tgt tok/s;     74 s elapsed
Epoch 12,   300/  454; acc:  90.58; ppl:   1.52; 2905 src tok/s; 3001 tgt tok/s;     89 s elapsed
Epoch 12,   350/  454; acc:  91.30; ppl:   1.46; 2834 src tok/s; 2958 tgt tok/s;    103 s elapsed
Epoch 12,   400/  454; acc:  90.26; ppl:   1.54; 2880 src tok/s; 2961 tgt tok/s;    118 s elapsed
Epoch 12,   450/  454; acc:  90.58; ppl:   1.51; 2851 src tok/s; 2962 tgt tok/s;    132 s elapsed
Train perplexity: 1.49235
Train accuracy: 90.8924
Validation perplexity: 8.07127
Validation accuracy: 67.8019
Decaying learning rate to 0.03125

Epoch 13,    50/  454; acc:  91.64; ppl:   1.45; 2796 src tok/s; 2908 tgt tok/s;     15 s elapsed
Epoch 13,   100/  454; acc:  92.07; ppl:   1.43; 2857 src tok/s; 2951 tgt tok/s;     30 s elapsed
Epoch 13,   150/  454; acc:  92.55; ppl:   1.39; 2857 src tok/s; 2958 tgt tok/s;     44 s elapsed
Epoch 13,   200/  454; acc:  90.97; ppl:   1.50; 2931 src tok/s; 3048 tgt tok/s;     59 s elapsed
Epoch 13,   250/  454; acc:  91.77; ppl:   1.44; 2830 src tok/s; 2948 tgt tok/s;     73 s elapsed
Epoch 13,   300/  454; acc:  91.41; ppl:   1.47; 2869 src tok/s; 2977 tgt tok/s;     88 s elapsed
Epoch 13,   350/  454; acc:  91.59; ppl:   1.46; 2844 src tok/s; 2955 tgt tok/s;    103 s elapsed
Epoch 13,   400/  454; acc:  91.80; ppl:   1.44; 2861 src tok/s; 2973 tgt tok/s;    118 s elapsed
Epoch 13,   450/  454; acc:  91.52; ppl:   1.46; 2850 src tok/s; 2938 tgt tok/s;    132 s elapsed
Train perplexity: 1.44677
Train accuracy: 91.7127
Validation perplexity: 8.28328
Validation accuracy: 67.4897
Decaying learning rate to 0.015625

Epoch 14,    50/  454; acc:  92.77; ppl:   1.39; 2842 src tok/s; 2973 tgt tok/s;     14 s elapsed
Epoch 14,   100/  454; acc:  91.52; ppl:   1.46; 2915 src tok/s; 2986 tgt tok/s;     29 s elapsed
Epoch 14,   150/  454; acc:  92.98; ppl:   1.38; 2811 src tok/s; 2935 tgt tok/s;     44 s elapsed
Epoch 14,   200/  454; acc:  91.69; ppl:   1.47; 2851 src tok/s; 2943 tgt tok/s;     59 s elapsed
Epoch 14,   250/  454; acc:  92.03; ppl:   1.43; 2863 src tok/s; 2977 tgt tok/s;     73 s elapsed
Epoch 14,   300/  454; acc:  92.56; ppl:   1.40; 2868 src tok/s; 2988 tgt tok/s;     88 s elapsed
Epoch 14,   350/  454; acc:  92.25; ppl:   1.42; 2854 src tok/s; 2967 tgt tok/s;    103 s elapsed
Epoch 14,   400/  454; acc:  91.90; ppl:   1.44; 2864 src tok/s; 2972 tgt tok/s;    117 s elapsed
Epoch 14,   450/  454; acc:  92.11; ppl:   1.43; 2791 src tok/s; 2908 tgt tok/s;    132 s elapsed
Train perplexity: 1.42592
Train accuracy: 92.1646
Validation perplexity: 8.40332
Validation accuracy: 67.3833
Decaying learning rate to 0.0078125

Epoch 15,    50/  454; acc:  91.99; ppl:   1.44; 2871 src tok/s; 2978 tgt tok/s;     15 s elapsed
Epoch 15,   100/  454; acc:  92.86; ppl:   1.39; 2848 src tok/s; 2967 tgt tok/s;     29 s elapsed
Epoch 15,   150/  454; acc:  91.35; ppl:   1.48; 2916 src tok/s; 2995 tgt tok/s;     45 s elapsed
Epoch 15,   200/  454; acc:  93.42; ppl:   1.34; 2830 src tok/s; 2964 tgt tok/s;     59 s elapsed
Epoch 15,   250/  454; acc:  92.47; ppl:   1.42; 2825 src tok/s; 2950 tgt tok/s;     73 s elapsed
Epoch 15,   300/  454; acc:  92.51; ppl:   1.41; 2889 src tok/s; 2986 tgt tok/s;     88 s elapsed
Epoch 15,   350/  454; acc:  92.80; ppl:   1.38; 2840 src tok/s; 2965 tgt tok/s;    102 s elapsed
Epoch 15,   400/  454; acc:  91.71; ppl:   1.46; 2860 src tok/s; 2959 tgt tok/s;    117 s elapsed
Epoch 15,   450/  454; acc:  92.17; ppl:   1.42; 2775 src tok/s; 2869 tgt tok/s;    132 s elapsed
Train perplexity: 1.41568
Train accuracy: 92.3576
Validation perplexity: 8.46384
Validation accuracy: 67.3336
Decaying learning rate to 0.00390625

Epoch 16,    50/  454; acc:  91.97; ppl:   1.44; 2823 src tok/s; 2926 tgt tok/s;     15 s elapsed
Epoch 16,   100/  454; acc:  92.96; ppl:   1.38; 2836 src tok/s; 2958 tgt tok/s;     30 s elapsed
Epoch 16,   150/  454; acc:  92.39; ppl:   1.42; 2797 src tok/s; 2915 tgt tok/s;     45 s elapsed
Epoch 16,   200/  454; acc:  92.90; ppl:   1.38; 2736 src tok/s; 2843 tgt tok/s;     60 s elapsed
Epoch 16,   250/  454; acc:  92.52; ppl:   1.41; 2853 src tok/s; 2938 tgt tok/s;     75 s elapsed
Epoch 16,   300/  454; acc:  91.99; ppl:   1.44; 2844 src tok/s; 2953 tgt tok/s;     89 s elapsed
Epoch 16,   350/  454; acc:  93.17; ppl:   1.36; 2850 src tok/s; 2957 tgt tok/s;    104 s elapsed
Epoch 16,   400/  454; acc:  92.01; ppl:   1.45; 2836 src tok/s; 2944 tgt tok/s;    119 s elapsed
Epoch 16,   450/  454; acc:  92.58; ppl:   1.40; 2782 src tok/s; 2892 tgt tok/s;    134 s elapsed
Train perplexity: 1.41076
Train accuracy: 92.4689
Validation perplexity: 8.49477
Validation accuracy: 67.3478
Decaying learning rate to 0.00195312

Epoch 17,    50/  454; acc:  92.13; ppl:   1.44; 2841 src tok/s; 2925 tgt tok/s;     15 s elapsed
Epoch 17,   100/  454; acc:  92.99; ppl:   1.37; 2786 src tok/s; 2906 tgt tok/s;     30 s elapsed
Epoch 17,   150/  454; acc:  92.71; ppl:   1.40; 2882 src tok/s; 2990 tgt tok/s;     44 s elapsed
Epoch 17,   200/  454; acc:  92.08; ppl:   1.43; 2785 src tok/s; 2885 tgt tok/s;     60 s elapsed
Epoch 17,   250/  454; acc:  92.70; ppl:   1.41; 2805 src tok/s; 2897 tgt tok/s;     75 s elapsed
Epoch 17,   300/  454; acc:  92.50; ppl:   1.40; 2820 src tok/s; 2934 tgt tok/s;     89 s elapsed
Epoch 17,   350/  454; acc:  92.68; ppl:   1.41; 2840 src tok/s; 2959 tgt tok/s;    104 s elapsed
Epoch 17,   400/  454; acc:  92.49; ppl:   1.41; 2830 src tok/s; 2942 tgt tok/s;    119 s elapsed
Epoch 17,   450/  454; acc:  92.84; ppl:   1.38; 2749 src tok/s; 2863 tgt tok/s;    134 s elapsed
Train perplexity: 1.40748
Train accuracy: 92.5247
Validation perplexity: 8.50483
Validation accuracy: 67.3478
Decaying learning rate to 0.000976562
