<module 'opts' from '/u/suhubdyd/research/projects/jumble_lstm/code/auxiliary-nmt/opts.pyc'>
Namespace(batch_size=64, brnn=False, brnn_merge='concat', cnn_kernel_width=3, context_gate=None, copy_attn=False, copy_attn_force=False, coverage_attn=False, data='/data/lisatmp3/suhubdyd/multi30k.atok.low', dec_layers=1, decay_method='', decoder_type='rnn', dropout=0.3, enc_layers=2, encoder_type='rnn', epochs=17, exp='', exp_host='', feat_merge='concat', feat_vec_exponent=0.7, feat_vec_size=-1, fix_word_vecs_dec=False, fix_word_vecs_enc=False, global_attention='general', gpuid=[0], input_feed=1, kappa_dec=0.2, kappa_enc=0.05, lambda_coverage=1, layers=-1, learning_rate=1.0, learning_rate_decay=0.5, max_generator_batches=32, max_grad_norm=5, model_type='text', optim='sgd', param_init=0.1, position_encoding=False, pre_word_vecs_dec=None, pre_word_vecs_enc=None, report_every=50, rnn_size=500, rnn_type='LSTM', save_model='/data/lisatmp3/suhubdyd/models/encoder0.05decoder0.2dropout0.3wdropFalse', seed=-1, share_decoder_embeddings=False, share_embeddings=False, src_word_vec_size=500, start_checkpoint_at=0, start_decay_at=8, start_epoch=1, tgt_word_vec_size=500, train_from='', truncated_decoder=0, warmup_steps=4000, weightdropout=False, word_vec_size=-1)
('Using Kappa L2 loss on encoder', 0.05)
('Using Kappa L2 loss on decoder', 0.2)
Loading train and validate data from '/data/lisatmp3/suhubdyd/multi30k.atok.low'
 * number of training sentences: 29000
 * maximum batch size: 64
 * vocabulary size. source = 10841; target = 18563
Building model...
Intializing model parameters.
NMTModel (
  (encoder): RNNEncoder (
    (embeddings): Embeddings (
      (make_embedding): Sequential (
        (emb_luts): Elementwise (
          (0): Embedding(10841, 500, padding_idx=1)
        )
      )
    )
    (dropout): Dropout (p = 0.3)
    (rnn): LSTM(500, 500, dropout=0.3)
  )
  (decoder): InputFeedRNNDecoder (
    (embeddings): Embeddings (
      (make_embedding): Sequential (
        (emb_luts): Elementwise (
          (0): Embedding(18563, 500, padding_idx=1)
        )
      )
    )
    (dropout): Dropout (p = 0.3)
    (rnn): StackedLSTM (
      (dropout): Dropout (p = 0.3)
      (layers): ModuleList (
        (0): LSTMCell(1000, 500)
      )
    )
    (attn): GlobalAttention (
      (linear_in): Linear (500 -> 500)
      (linear_out): Linear (1000 -> 500)
      (sm): Softmax ()
      (tanh): Tanh ()
    )
  )
  (generator): Sequential (
    (0): Linear (500 -> 18563)
    (1): LogSoftmax ()
  )
)
* number of parameters: 29760063
('encoder: ', 7424500)
('decoder: ', 22335563)

Epoch  1,    50/  454; acc:   8.07; ppl: 30611.45; 3042 src tok/s; 3155 tgt tok/s;     14 s elapsed
Epoch  1,   100/  454; acc:  13.60; ppl: 2484.98; 3043 src tok/s; 3167 tgt tok/s;     27 s elapsed
Epoch  1,   150/  454; acc:  17.43; ppl: 567.62; 3066 src tok/s; 3190 tgt tok/s;     41 s elapsed
Epoch  1,   200/  454; acc:  20.76; ppl: 278.10; 3018 src tok/s; 3127 tgt tok/s;     55 s elapsed
Epoch  1,   250/  454; acc:  24.23; ppl: 166.34; 2918 src tok/s; 3040 tgt tok/s;     69 s elapsed
Epoch  1,   300/  454; acc:  26.58; ppl: 130.47; 2968 src tok/s; 3060 tgt tok/s;     83 s elapsed
Epoch  1,   350/  454; acc:  29.04; ppl: 100.85; 3041 src tok/s; 3154 tgt tok/s;     97 s elapsed
Epoch  1,   400/  454; acc:  30.63; ppl:  81.69; 3062 src tok/s; 3182 tgt tok/s;    111 s elapsed
Epoch  1,   450/  454; acc:  32.28; ppl:  71.03; 2972 src tok/s; 3076 tgt tok/s;    125 s elapsed
Train perplexity: 368.262
Train accuracy: 22.6487
Validation perplexity: 57.6434
Validation accuracy: 34.5466

Epoch  2,    50/  454; acc:  34.63; ppl:  56.04; 3116 src tok/s; 3239 tgt tok/s;     13 s elapsed
Epoch  2,   100/  454; acc:  35.73; ppl:  53.71; 3024 src tok/s; 3129 tgt tok/s;     27 s elapsed
Epoch  2,   150/  454; acc:  38.98; ppl:  42.07; 3110 src tok/s; 3225 tgt tok/s;     41 s elapsed
Epoch  2,   200/  454; acc:  41.32; ppl:  37.13; 3075 src tok/s; 3193 tgt tok/s;     55 s elapsed
Epoch  2,   250/  454; acc:  43.36; ppl:  31.76; 3107 src tok/s; 3192 tgt tok/s;     69 s elapsed
Epoch  2,   300/  454; acc:  46.39; ppl:  25.49; 3057 src tok/s; 3210 tgt tok/s;     82 s elapsed
Epoch  2,   350/  454; acc:  47.16; ppl:  24.46; 3105 src tok/s; 3224 tgt tok/s;     95 s elapsed
Epoch  2,   400/  454; acc:  49.90; ppl:  19.96; 3153 src tok/s; 3269 tgt tok/s;    109 s elapsed
Epoch  2,   450/  454; acc:  50.83; ppl:  19.41; 3072 src tok/s; 3200 tgt tok/s;    122 s elapsed
Train perplexity: 32.0104
Train accuracy: 43.177
Validation perplexity: 18.4864
Validation accuracy: 50.4186

Epoch  3,    50/  454; acc:  53.12; ppl:  15.74; 3038 src tok/s; 3146 tgt tok/s;     14 s elapsed
Epoch  3,   100/  454; acc:  54.12; ppl:  14.89; 3149 src tok/s; 3256 tgt tok/s;     27 s elapsed
Epoch  3,   150/  454; acc:  55.11; ppl:  13.73; 3112 src tok/s; 3231 tgt tok/s;     40 s elapsed
Epoch  3,   200/  454; acc:  55.66; ppl:  13.40; 3081 src tok/s; 3200 tgt tok/s;     54 s elapsed
Epoch  3,   250/  454; acc:  57.20; ppl:  12.43; 3035 src tok/s; 3177 tgt tok/s;     68 s elapsed
Epoch  3,   300/  454; acc:  56.01; ppl:  13.02; 3074 src tok/s; 3189 tgt tok/s;     82 s elapsed
Epoch  3,   350/  454; acc:  59.41; ppl:  10.50; 3020 src tok/s; 3158 tgt tok/s;     95 s elapsed
Epoch  3,   400/  454; acc:  56.12; ppl:  12.79; 3154 src tok/s; 3256 tgt tok/s;    109 s elapsed
Epoch  3,   450/  454; acc:  58.81; ppl:  11.06; 3276 src tok/s; 3385 tgt tok/s;    121 s elapsed
Train perplexity: 12.9651
Train accuracy: 56.1743
Validation perplexity: 10.3835
Validation accuracy: 60.8912

Epoch  4,    50/  454; acc:  60.59; ppl:   9.24; 3173 src tok/s; 3276 tgt tok/s;     14 s elapsed
Epoch  4,   100/  454; acc:  61.84; ppl:   8.46; 3256 src tok/s; 3393 tgt tok/s;     26 s elapsed
Epoch  4,   150/  454; acc:  61.04; ppl:   8.89; 3243 src tok/s; 3366 tgt tok/s;     39 s elapsed
Epoch  4,   200/  454; acc:  61.35; ppl:   8.83; 3212 src tok/s; 3335 tgt tok/s;     52 s elapsed
Epoch  4,   250/  454; acc:  62.98; ppl:   7.84; 3183 src tok/s; 3316 tgt tok/s;     65 s elapsed
Epoch  4,   300/  454; acc:  60.97; ppl:   8.78; 3187 src tok/s; 3306 tgt tok/s;     78 s elapsed
Epoch  4,   350/  454; acc:  61.26; ppl:   8.68; 3196 src tok/s; 3308 tgt tok/s;     92 s elapsed
Epoch  4,   400/  454; acc:  63.04; ppl:   7.70; 3210 src tok/s; 3342 tgt tok/s;    105 s elapsed
Epoch  4,   450/  454; acc:  63.28; ppl:   7.67; 3220 src tok/s; 3330 tgt tok/s;    118 s elapsed
Train perplexity: 8.43615
Train accuracy: 61.815
Validation perplexity: 8.40516
Validation accuracy: 63.3319

Epoch  5,    50/  454; acc:  66.05; ppl:   6.04; 3068 src tok/s; 3210 tgt tok/s;     13 s elapsed
Epoch  5,   100/  454; acc:  64.51; ppl:   6.69; 3076 src tok/s; 3180 tgt tok/s;     27 s elapsed
Epoch  5,   150/  454; acc:  65.63; ppl:   6.25; 2931 src tok/s; 3050 tgt tok/s;     41 s elapsed
Epoch  5,   200/  454; acc:  64.89; ppl:   6.48; 2999 src tok/s; 3087 tgt tok/s;     56 s elapsed
Epoch  5,   250/  454; acc:  65.20; ppl:   6.38; 2975 src tok/s; 3103 tgt tok/s;     70 s elapsed
Epoch  5,   300/  454; acc:  64.51; ppl:   6.60; 3028 src tok/s; 3148 tgt tok/s;     84 s elapsed
Epoch  5,   350/  454; acc:  65.63; ppl:   6.20; 2932 src tok/s; 3047 tgt tok/s;     98 s elapsed
Epoch  5,   400/  454; acc:  65.63; ppl:   6.32; 3147 src tok/s; 3240 tgt tok/s;    111 s elapsed
Epoch  5,   450/  454; acc:  64.64; ppl:   6.48; 3143 src tok/s; 3262 tgt tok/s;    124 s elapsed
Train perplexity: 6.37734
Train accuracy: 65.202
Validation perplexity: 7.2221
Validation accuracy: 65.4818

Epoch  6,    50/  454; acc:  67.76; ppl:   5.08; 3104 src tok/s; 3209 tgt tok/s;     14 s elapsed
Epoch  6,   100/  454; acc:  68.74; ppl:   4.85; 3060 src tok/s; 3197 tgt tok/s;     27 s elapsed
Epoch  6,   150/  454; acc:  68.07; ppl:   5.00; 2984 src tok/s; 3093 tgt tok/s;     41 s elapsed
Epoch  6,   200/  454; acc:  67.42; ppl:   5.35; 3001 src tok/s; 3113 tgt tok/s;     55 s elapsed
Epoch  6,   250/  454; acc:  67.78; ppl:   5.15; 3043 src tok/s; 3162 tgt tok/s;     69 s elapsed
Epoch  6,   300/  454; acc:  68.16; ppl:   5.01; 3036 src tok/s; 3143 tgt tok/s;     83 s elapsed
Epoch  6,   350/  454; acc:  68.38; ppl:   5.03; 2917 src tok/s; 3042 tgt tok/s;     97 s elapsed
Epoch  6,   400/  454; acc:  66.44; ppl:   5.57; 3055 src tok/s; 3150 tgt tok/s;    111 s elapsed
Epoch  6,   450/  454; acc:  66.95; ppl:   5.38; 3022 src tok/s; 3142 tgt tok/s;    125 s elapsed
Train perplexity: 5.14919
Train accuracy: 67.7598
Validation perplexity: 7.19204
Validation accuracy: 65.6591

Epoch  7,    50/  454; acc:  70.61; ppl:   4.12; 2958 src tok/s; 3091 tgt tok/s;     14 s elapsed
Epoch  7,   100/  454; acc:  70.28; ppl:   4.14; 3046 src tok/s; 3148 tgt tok/s;     28 s elapsed
Epoch  7,   150/  454; acc:  70.09; ppl:   4.24; 3052 src tok/s; 3174 tgt tok/s;     42 s elapsed
Epoch  7,   200/  454; acc:  69.81; ppl:   4.32; 3071 src tok/s; 3191 tgt tok/s;     55 s elapsed
Epoch  7,   250/  454; acc:  70.31; ppl:   4.23; 2965 src tok/s; 3087 tgt tok/s;     69 s elapsed
Epoch  7,   300/  454; acc:  69.12; ppl:   4.52; 3049 src tok/s; 3131 tgt tok/s;     83 s elapsed
Epoch  7,   350/  454; acc:  70.23; ppl:   4.28; 2995 src tok/s; 3124 tgt tok/s;     97 s elapsed
Epoch  7,   400/  454; acc:  69.10; ppl:   4.55; 2960 src tok/s; 3072 tgt tok/s;    111 s elapsed
Epoch  7,   450/  454; acc:  69.08; ppl:   4.50; 2918 src tok/s; 3025 tgt tok/s;    125 s elapsed
Train perplexity: 4.32647
Train accuracy: 69.8222
Validation perplexity: 6.56824
Validation accuracy: 65.9926

Epoch  8,    50/  454; acc:  73.79; ppl:   3.33; 3006 src tok/s; 3150 tgt tok/s;     13 s elapsed
Epoch  8,   100/  454; acc:  71.26; ppl:   3.89; 3058 src tok/s; 3165 tgt tok/s;     28 s elapsed
Epoch  8,   150/  454; acc:  71.54; ppl:   3.78; 2951 src tok/s; 3051 tgt tok/s;     43 s elapsed
Epoch  8,   200/  454; acc:  72.28; ppl:   3.61; 2988 src tok/s; 3108 tgt tok/s;     56 s elapsed
Epoch  8,   250/  454; acc:  70.72; ppl:   3.98; 3142 src tok/s; 3234 tgt tok/s;     70 s elapsed
Epoch  8,   300/  454; acc:  72.67; ppl:   3.58; 2887 src tok/s; 3018 tgt tok/s;     84 s elapsed
Epoch  8,   350/  454; acc:  71.66; ppl:   3.73; 2907 src tok/s; 3033 tgt tok/s;     98 s elapsed
Epoch  8,   400/  454; acc:  70.91; ppl:   3.87; 2990 src tok/s; 3100 tgt tok/s;    112 s elapsed
Epoch  8,   450/  454; acc:  70.38; ppl:   3.99; 2956 src tok/s; 3043 tgt tok/s;    126 s elapsed
Train perplexity: 3.7499
Train accuracy: 71.6859
Validation perplexity: 6.39765
Validation accuracy: 67.5181
Decaying learning rate to 0.5

Epoch  9,    50/  454; acc:  76.97; ppl:   2.74; 2977 src tok/s; 3108 tgt tok/s;     13 s elapsed
Epoch  9,   100/  454; acc:  75.93; ppl:   2.95; 2944 src tok/s; 3017 tgt tok/s;     29 s elapsed
Epoch  9,   150/  454; acc:  75.26; ppl:   3.03; 3024 src tok/s; 3099 tgt tok/s;     44 s elapsed
Epoch  9,   200/  454; acc:  78.36; ppl:   2.56; 2937 src tok/s; 3097 tgt tok/s;     57 s elapsed
Epoch  9,   250/  454; acc:  74.73; ppl:   3.06; 2952 src tok/s; 3050 tgt tok/s;     72 s elapsed
Epoch  9,   300/  454; acc:  77.95; ppl:   2.56; 2983 src tok/s; 3124 tgt tok/s;     85 s elapsed
Epoch  9,   350/  454; acc:  76.40; ppl:   2.78; 3096 src tok/s; 3223 tgt tok/s;     98 s elapsed
Epoch  9,   400/  454; acc:  75.79; ppl:   2.90; 2980 src tok/s; 3091 tgt tok/s;    112 s elapsed
Epoch  9,   450/  454; acc:  76.62; ppl:   2.79; 2943 src tok/s; 3051 tgt tok/s;    126 s elapsed
Train perplexity: 2.82382
Train accuracy: 76.3802
Validation perplexity: 6.13078
Validation accuracy: 69.1003
Decaying learning rate to 0.25

Epoch 10,    50/  454; acc:  81.17; ppl:   2.22; 2917 src tok/s; 3049 tgt tok/s;     13 s elapsed
Epoch 10,   100/  454; acc:  79.42; ppl:   2.41; 3001 src tok/s; 3089 tgt tok/s;     28 s elapsed
Epoch 10,   150/  454; acc:  80.83; ppl:   2.24; 2967 src tok/s; 3093 tgt tok/s;     42 s elapsed
Epoch 10,   200/  454; acc:  79.47; ppl:   2.42; 3019 src tok/s; 3140 tgt tok/s;     56 s elapsed
Epoch 10,   250/  454; acc:  79.04; ppl:   2.46; 3059 src tok/s; 3154 tgt tok/s;     71 s elapsed
Epoch 10,   300/  454; acc:  80.80; ppl:   2.24; 2887 src tok/s; 3007 tgt tok/s;     85 s elapsed
Epoch 10,   350/  454; acc:  80.75; ppl:   2.21; 3006 src tok/s; 3141 tgt tok/s;     98 s elapsed
Epoch 10,   400/  454; acc:  78.64; ppl:   2.50; 3002 src tok/s; 3095 tgt tok/s;    113 s elapsed
Epoch 10,   450/  454; acc:  79.98; ppl:   2.30; 2888 src tok/s; 3001 tgt tok/s;    127 s elapsed
Train perplexity: 2.34155
Train accuracy: 79.9459
Validation perplexity: 6.08586
Validation accuracy: 69.4977
Decaying learning rate to 0.125

Epoch 11,    50/  454; acc:  82.02; ppl:   2.14; 3001 src tok/s; 3106 tgt tok/s;     14 s elapsed
Epoch 11,   100/  454; acc:  82.64; ppl:   2.07; 2946 src tok/s; 3049 tgt tok/s;     28 s elapsed
Epoch 11,   150/  454; acc:  81.80; ppl:   2.16; 3018 src tok/s; 3128 tgt tok/s;     42 s elapsed
Epoch 11,   200/  454; acc:  82.01; ppl:   2.12; 2893 src tok/s; 3009 tgt tok/s;     57 s elapsed
Epoch 11,   250/  454; acc:  82.98; ppl:   2.02; 2966 src tok/s; 3094 tgt tok/s;     70 s elapsed
Epoch 11,   300/  454; acc:  81.44; ppl:   2.19; 2967 src tok/s; 3069 tgt tok/s;     85 s elapsed
Epoch 11,   350/  454; acc:  82.01; ppl:   2.13; 2984 src tok/s; 3103 tgt tok/s;     99 s elapsed
Epoch 11,   400/  454; acc:  81.38; ppl:   2.18; 2964 src tok/s; 3093 tgt tok/s;    113 s elapsed
Epoch 11,   450/  454; acc:  81.58; ppl:   2.15; 2965 src tok/s; 3064 tgt tok/s;    127 s elapsed
Train perplexity: 2.12998
Train accuracy: 81.9744
Validation perplexity: 6.19758
Validation accuracy: 69.7389
Decaying learning rate to 0.0625

Epoch 12,    50/  454; acc:  82.98; ppl:   2.06; 3024 src tok/s; 3147 tgt tok/s;     14 s elapsed
Epoch 12,   100/  454; acc:  83.40; ppl:   2.00; 2958 src tok/s; 3069 tgt tok/s;     28 s elapsed
Epoch 12,   150/  454; acc:  81.66; ppl:   2.16; 2863 src tok/s; 2958 tgt tok/s;     43 s elapsed
Epoch 12,   200/  454; acc:  84.05; ppl:   1.92; 2865 src tok/s; 2981 tgt tok/s;     57 s elapsed
Epoch 12,   250/  454; acc:  84.04; ppl:   1.90; 3069 src tok/s; 3192 tgt tok/s;     71 s elapsed
Epoch 12,   300/  454; acc:  82.56; ppl:   2.09; 2987 src tok/s; 3091 tgt tok/s;     85 s elapsed
Epoch 12,   350/  454; acc:  82.13; ppl:   2.10; 2970 src tok/s; 3066 tgt tok/s;    100 s elapsed
Epoch 12,   400/  454; acc:  83.38; ppl:   1.97; 3041 src tok/s; 3160 tgt tok/s;    113 s elapsed
Epoch 12,   450/  454; acc:  83.45; ppl:   1.97; 2925 src tok/s; 3061 tgt tok/s;    127 s elapsed
Train perplexity: 2.02398
Train accuracy: 83.0032
Validation perplexity: 6.26827
Validation accuracy: 69.6041
Decaying learning rate to 0.03125

Epoch 13,    50/  454; acc:  82.95; ppl:   2.04; 2950 src tok/s; 3059 tgt tok/s;     14 s elapsed
Epoch 13,   100/  454; acc:  84.39; ppl:   1.90; 3003 src tok/s; 3124 tgt tok/s;     28 s elapsed
Epoch 13,   150/  454; acc:  82.62; ppl:   2.05; 3055 src tok/s; 3149 tgt tok/s;     42 s elapsed
Epoch 13,   200/  454; acc:  84.29; ppl:   1.92; 2974 src tok/s; 3090 tgt tok/s;     56 s elapsed
Epoch 13,   250/  454; acc:  82.84; ppl:   2.04; 3089 src tok/s; 3201 tgt tok/s;     70 s elapsed
Epoch 13,   300/  454; acc:  83.85; ppl:   1.93; 3021 src tok/s; 3156 tgt tok/s;     84 s elapsed
Epoch 13,   350/  454; acc:  83.63; ppl:   1.95; 3016 src tok/s; 3131 tgt tok/s;     98 s elapsed
Epoch 13,   400/  454; acc:  83.46; ppl:   1.98; 2939 src tok/s; 3049 tgt tok/s;    112 s elapsed
Epoch 13,   450/  454; acc:  83.43; ppl:   1.99; 3024 src tok/s; 3135 tgt tok/s;    125 s elapsed
Train perplexity: 1.97662
Train accuracy: 83.4913
Validation perplexity: 6.33596
Validation accuracy: 69.6254
Decaying learning rate to 0.015625

Epoch 14,    50/  454; acc:  83.62; ppl:   1.97; 2978 src tok/s; 3099 tgt tok/s;     14 s elapsed
Epoch 14,   100/  454; acc:  84.04; ppl:   1.91; 3032 src tok/s; 3134 tgt tok/s;     28 s elapsed
Epoch 14,   150/  454; acc:  84.48; ppl:   1.89; 3075 src tok/s; 3190 tgt tok/s;     41 s elapsed
Epoch 14,   200/  454; acc:  83.27; ppl:   2.02; 2999 src tok/s; 3118 tgt tok/s;     56 s elapsed
Epoch 14,   250/  454; acc:  83.52; ppl:   1.98; 3050 src tok/s; 3154 tgt tok/s;     70 s elapsed
Epoch 14,   300/  454; acc:  84.30; ppl:   1.91; 3022 src tok/s; 3140 tgt tok/s;     83 s elapsed
Epoch 14,   350/  454; acc:  82.89; ppl:   2.00; 2967 src tok/s; 3090 tgt tok/s;     98 s elapsed
Epoch 14,   400/  454; acc:  83.91; ppl:   1.93; 2966 src tok/s; 3078 tgt tok/s;    112 s elapsed
Epoch 14,   450/  454; acc:  83.88; ppl:   1.92; 3007 src tok/s; 3121 tgt tok/s;    125 s elapsed
Train perplexity: 1.95006
Train accuracy: 83.7496
Validation perplexity: 6.36654
Validation accuracy: 69.597
Decaying learning rate to 0.0078125

Epoch 15,    50/  454; acc:  84.69; ppl:   1.83; 3023 src tok/s; 3161 tgt tok/s;     13 s elapsed
Epoch 15,   100/  454; acc:  82.94; ppl:   2.03; 3072 src tok/s; 3168 tgt tok/s;     27 s elapsed
Epoch 15,   150/  454; acc:  83.05; ppl:   2.01; 3104 src tok/s; 3200 tgt tok/s;     41 s elapsed
Epoch 15,   200/  454; acc:  84.72; ppl:   1.85; 3054 src tok/s; 3185 tgt tok/s;     55 s elapsed
Epoch 15,   250/  454; acc:  83.86; ppl:   1.97; 2976 src tok/s; 3091 tgt tok/s;     69 s elapsed
Epoch 15,   300/  454; acc:  84.29; ppl:   1.90; 3005 src tok/s; 3115 tgt tok/s;     83 s elapsed
Epoch 15,   350/  454; acc:  83.05; ppl:   2.00; 3029 src tok/s; 3131 tgt tok/s;     97 s elapsed
Epoch 15,   400/  454; acc:  84.57; ppl:   1.87; 3210 src tok/s; 3334 tgt tok/s;    110 s elapsed
Epoch 15,   450/  454; acc:  83.58; ppl:   1.97; 3187 src tok/s; 3322 tgt tok/s;    123 s elapsed
Train perplexity: 1.93644
Train accuracy: 83.8514
Validation perplexity: 6.38017
Validation accuracy: 69.5686
Decaying learning rate to 0.00390625

Epoch 16,    50/  454; acc:  83.77; ppl:   1.97; 3230 src tok/s; 3328 tgt tok/s;     14 s elapsed
Epoch 16,   100/  454; acc:  84.03; ppl:   1.94; 3193 src tok/s; 3322 tgt tok/s;     26 s elapsed
Epoch 16,   150/  454; acc:  83.37; ppl:   1.99; 3231 src tok/s; 3341 tgt tok/s;     40 s elapsed
Epoch 16,   200/  454; acc:  84.94; ppl:   1.85; 3234 src tok/s; 3367 tgt tok/s;     52 s elapsed
Epoch 16,   250/  454; acc:  84.20; ppl:   1.92; 3094 src tok/s; 3208 tgt tok/s;     66 s elapsed
Epoch 16,   300/  454; acc:  83.48; ppl:   1.96; 2989 src tok/s; 3099 tgt tok/s;     80 s elapsed
Epoch 16,   350/  454; acc:  85.30; ppl:   1.81; 2916 src tok/s; 3061 tgt tok/s;     93 s elapsed
Epoch 16,   400/  454; acc:  83.51; ppl:   1.98; 2958 src tok/s; 3056 tgt tok/s;    108 s elapsed
Epoch 16,   450/  454; acc:  83.83; ppl:   1.95; 2972 src tok/s; 3091 tgt tok/s;    122 s elapsed
Train perplexity: 1.93325
Train accuracy: 84.0224
Validation perplexity: 6.3831
Validation accuracy: 69.6467
Decaying learning rate to 0.00195312

Epoch 17,    50/  454; acc:  84.94; ppl:   1.85; 2999 src tok/s; 3127 tgt tok/s;     13 s elapsed
Epoch 17,   100/  454; acc:  83.12; ppl:   2.00; 3021 src tok/s; 3128 tgt tok/s;     28 s elapsed
Epoch 17,   150/  454; acc:  84.62; ppl:   1.86; 2893 src tok/s; 3009 tgt tok/s;     42 s elapsed
Epoch 17,   200/  454; acc:  83.41; ppl:   2.01; 2872 src tok/s; 2970 tgt tok/s;     57 s elapsed
Epoch 17,   250/  454; acc:  83.76; ppl:   1.94; 2975 src tok/s; 3064 tgt tok/s;     71 s elapsed
Epoch 17,   300/  454; acc:  84.15; ppl:   1.90; 2905 src tok/s; 3016 tgt tok/s;     86 s elapsed
Epoch 17,   350/  454; acc:  83.90; ppl:   1.95; 2973 src tok/s; 3092 tgt tok/s;    100 s elapsed
Epoch 17,   400/  454; acc:  84.27; ppl:   1.92; 2908 src tok/s; 3025 tgt tok/s;    114 s elapsed
Epoch 17,   450/  454; acc:  83.80; ppl:   1.95; 2913 src tok/s; 3029 tgt tok/s;    128 s elapsed
Train perplexity: 1.92809
Train accuracy: 84.0144
Validation perplexity: 6.38812
Validation accuracy: 69.6254
Decaying learning rate to 0.000976562
