<module 'opts' from '/u/suhubdyd/research/projects/jumble_lstm/code/auxiliary-nmt/opts.pyc'>
Namespace(batch_size=64, brnn=False, brnn_merge='concat', cnn_kernel_width=3, context_gate=None, copy_attn=False, copy_attn_force=False, coverage_attn=False, data='/data/lisatmp3/suhubdyd/multi30k.atok.low', dec_layers=1, decay_method='', decoder_type='rnn', dropout=0.5, enc_layers=2, encoder_type='rnn', epochs=17, exp='', exp_host='', feat_merge='concat', feat_vec_exponent=0.7, feat_vec_size=-1, fix_word_vecs_dec=False, fix_word_vecs_enc=False, global_attention='general', gpuid=[0], input_feed=1, kappa_dec=0.0, kappa_enc=0.15, lambda_coverage=1, layers=-1, learning_rate=1.0, learning_rate_decay=0.5, max_generator_batches=32, max_grad_norm=5, model_type='text', optim='sgd', param_init=0.1, position_encoding=False, pre_word_vecs_dec=None, pre_word_vecs_enc=None, report_every=50, rnn_size=500, rnn_type='LSTM', save_model='/data/lisatmp3/suhubdyd/models/encoder0.15_decoder0_dropout0.5', seed=-1, share_decoder_embeddings=False, share_embeddings=False, src_word_vec_size=500, start_checkpoint_at=0, start_decay_at=8, start_epoch=1, tgt_word_vec_size=500, train_from='', truncated_decoder=0, warmup_steps=4000, word_vec_size=-1)
('Using Kappa L2 loss on encoder', 0.15)
Loading train and validate data from '/data/lisatmp3/suhubdyd/multi30k.atok.low'
 * number of training sentences: 29000
 * maximum batch size: 64
 * vocabulary size. source = 10841; target = 18563
Building model...
Intializing model parameters.
NMTModel (
  (encoder): RNNEncoder (
    (embeddings): Embeddings (
      (make_embedding): Sequential (
        (emb_luts): Elementwise (
          (0): Embedding(10841, 500, padding_idx=1)
        )
      )
    )
    (dropout): Dropout (p = 0.5)
    (rnn): LSTM(500, 500, dropout=0.5)
  )
  (decoder): InputFeedRNNDecoder (
    (embeddings): Embeddings (
      (make_embedding): Sequential (
        (emb_luts): Elementwise (
          (0): Embedding(18563, 500, padding_idx=1)
        )
      )
    )
    (dropout): Dropout (p = 0.5)
    (rnn): StackedLSTM (
      (dropout): Dropout (p = 0.5)
      (layers): ModuleList (
        (0): LSTMCell(1000, 500)
      )
    )
    (attn): GlobalAttention (
      (linear_in): Linear (500 -> 500)
      (linear_out): Linear (1000 -> 500)
      (sm): Softmax ()
      (tanh): Tanh ()
    )
  )
  (generator): Sequential (
    (0): Linear (500 -> 18563)
    (1): LogSoftmax ()
  )
)
* number of parameters: 29760063
('encoder: ', 7424500)
('decoder: ', 22335563)

Epoch  1,    50/  454; acc:   9.75; ppl: 10713.45; 4860 src tok/s; 5037 tgt tok/s;      9 s elapsed
Epoch  1,   100/  454; acc:  14.80; ppl: 1073.91; 4921 src tok/s; 5113 tgt tok/s;     17 s elapsed
Epoch  1,   150/  454; acc:  19.00; ppl: 411.49; 5019 src tok/s; 5223 tgt tok/s;     25 s elapsed
Epoch  1,   200/  454; acc:  21.54; ppl: 239.88; 5043 src tok/s; 5222 tgt tok/s;     34 s elapsed
Epoch  1,   250/  454; acc:  26.07; ppl: 150.16; 4876 src tok/s; 5103 tgt tok/s;     42 s elapsed
Epoch  1,   300/  454; acc:  26.18; ppl: 124.38; 5074 src tok/s; 5219 tgt tok/s;     51 s elapsed
Epoch  1,   350/  454; acc:  29.64; ppl:  90.70; 4900 src tok/s; 5091 tgt tok/s;     59 s elapsed
Epoch  1,   400/  454; acc:  31.33; ppl:  78.46; 4975 src tok/s; 5144 tgt tok/s;     68 s elapsed
Epoch  1,   450/  454; acc:  33.04; ppl:  65.73; 4768 src tok/s; 4967 tgt tok/s;     76 s elapsed
Train perplexity: 273.928
Train accuracy: 23.6112
Validation perplexity: 45.361
Validation accuracy: 39.2862

Epoch  2,    50/  454; acc:  37.61; ppl:  48.02; 4880 src tok/s; 5081 tgt tok/s;      8 s elapsed
Epoch  2,   100/  454; acc:  38.76; ppl:  43.71; 4925 src tok/s; 5106 tgt tok/s;     17 s elapsed
Epoch  2,   150/  454; acc:  42.05; ppl:  35.72; 5041 src tok/s; 5216 tgt tok/s;     26 s elapsed
Epoch  2,   200/  454; acc:  44.49; ppl:  28.93; 4999 src tok/s; 5223 tgt tok/s;     34 s elapsed
Epoch  2,   250/  454; acc:  47.36; ppl:  24.36; 4937 src tok/s; 5163 tgt tok/s;     42 s elapsed
Epoch  2,   300/  454; acc:  47.42; ppl:  23.38; 4895 src tok/s; 5063 tgt tok/s;     51 s elapsed
Epoch  2,   350/  454; acc:  49.02; ppl:  21.55; 5101 src tok/s; 5254 tgt tok/s;     59 s elapsed
Epoch  2,   400/  454; acc:  51.80; ppl:  18.32; 4758 src tok/s; 4936 tgt tok/s;     68 s elapsed
Epoch  2,   450/  454; acc:  51.94; ppl:  18.04; 4856 src tok/s; 5030 tgt tok/s;     76 s elapsed
Train perplexity: 27.3696
Train accuracy: 45.6289
Validation perplexity: 16.9765
Validation accuracy: 52.8948

Epoch  3,    50/  454; acc:  54.13; ppl:  14.44; 5033 src tok/s; 5241 tgt tok/s;      9 s elapsed
Epoch  3,   100/  454; acc:  55.09; ppl:  13.82; 5051 src tok/s; 5214 tgt tok/s;     17 s elapsed
Epoch  3,   150/  454; acc:  54.94; ppl:  13.76; 4957 src tok/s; 5105 tgt tok/s;     26 s elapsed
Epoch  3,   200/  454; acc:  57.45; ppl:  11.53; 4930 src tok/s; 5143 tgt tok/s;     34 s elapsed
Epoch  3,   250/  454; acc:  57.99; ppl:  11.24; 4839 src tok/s; 5050 tgt tok/s;     42 s elapsed
Epoch  3,   300/  454; acc:  57.47; ppl:  11.64; 4981 src tok/s; 5159 tgt tok/s;     51 s elapsed
Epoch  3,   350/  454; acc:  57.80; ppl:  11.46; 5064 src tok/s; 5256 tgt tok/s;     59 s elapsed
Epoch  3,   400/  454; acc:  58.77; ppl:  10.64; 4637 src tok/s; 4811 tgt tok/s;     68 s elapsed
Epoch  3,   450/  454; acc:  60.01; ppl:   9.96; 4890 src tok/s; 5093 tgt tok/s;     76 s elapsed
Train perplexity: 12.019
Train accuracy: 56.9905
Validation perplexity: 10.5185
Validation accuracy: 59.9049

Epoch  4,    50/  454; acc:  61.52; ppl:   8.23; 4819 src tok/s; 5004 tgt tok/s;      9 s elapsed
Epoch  4,   100/  454; acc:  61.55; ppl:   8.42; 5101 src tok/s; 5279 tgt tok/s;     17 s elapsed
Epoch  4,   150/  454; acc:  62.07; ppl:   8.00; 5011 src tok/s; 5228 tgt tok/s;     25 s elapsed
Epoch  4,   200/  454; acc:  61.87; ppl:   7.95; 4943 src tok/s; 5131 tgt tok/s;     34 s elapsed
Epoch  4,   250/  454; acc:  60.84; ppl:   8.64; 5102 src tok/s; 5267 tgt tok/s;     42 s elapsed
Epoch  4,   300/  454; acc:  62.58; ppl:   7.84; 4839 src tok/s; 5056 tgt tok/s;     51 s elapsed
Epoch  4,   350/  454; acc:  63.33; ppl:   7.41; 5053 src tok/s; 5266 tgt tok/s;     59 s elapsed
Epoch  4,   400/  454; acc:  62.33; ppl:   7.92; 4854 src tok/s; 4998 tgt tok/s;     68 s elapsed
Epoch  4,   450/  454; acc:  62.55; ppl:   7.79; 4870 src tok/s; 5039 tgt tok/s;     76 s elapsed
Train perplexity: 8.0034
Train accuracy: 62.1077
Validation perplexity: 8.08691
Validation accuracy: 63.9776

Epoch  5,    50/  454; acc:  65.10; ppl:   6.23; 4845 src tok/s; 5045 tgt tok/s;      9 s elapsed
Epoch  5,   100/  454; acc:  65.49; ppl:   6.10; 4900 src tok/s; 5090 tgt tok/s;     17 s elapsed
Epoch  5,   150/  454; acc:  65.20; ppl:   6.14; 5051 src tok/s; 5218 tgt tok/s;     26 s elapsed
Epoch  5,   200/  454; acc:  65.45; ppl:   6.06; 4912 src tok/s; 5095 tgt tok/s;     34 s elapsed
Epoch  5,   250/  454; acc:  65.24; ppl:   6.21; 4935 src tok/s; 5102 tgt tok/s;     43 s elapsed
Epoch  5,   300/  454; acc:  65.31; ppl:   6.19; 4947 src tok/s; 5146 tgt tok/s;     51 s elapsed
Epoch  5,   350/  454; acc:  66.43; ppl:   5.73; 4833 src tok/s; 5069 tgt tok/s;     59 s elapsed
Epoch  5,   400/  454; acc:  64.09; ppl:   6.48; 4906 src tok/s; 5063 tgt tok/s;     68 s elapsed
Epoch  5,   450/  454; acc:  65.53; ppl:   6.06; 4797 src tok/s; 4970 tgt tok/s;     77 s elapsed
Train perplexity: 6.12781
Train accuracy: 65.3224
Validation perplexity: 7.02485
Validation accuracy: 66.0423

Epoch  6,    50/  454; acc:  67.68; ppl:   4.99; 4828 src tok/s; 4999 tgt tok/s;      9 s elapsed
Epoch  6,   100/  454; acc:  68.41; ppl:   4.71; 5084 src tok/s; 5308 tgt tok/s;     17 s elapsed
Epoch  6,   150/  454; acc:  67.85; ppl:   4.99; 5127 src tok/s; 5332 tgt tok/s;     25 s elapsed
Epoch  6,   200/  454; acc:  67.16; ppl:   5.16; 4940 src tok/s; 5093 tgt tok/s;     34 s elapsed
Epoch  6,   250/  454; acc:  67.38; ppl:   5.12; 5070 src tok/s; 5226 tgt tok/s;     42 s elapsed
Epoch  6,   300/  454; acc:  68.15; ppl:   4.88; 4807 src tok/s; 5023 tgt tok/s;     51 s elapsed
Epoch  6,   350/  454; acc:  69.15; ppl:   4.57; 4782 src tok/s; 5015 tgt tok/s;     59 s elapsed
Epoch  6,   400/  454; acc:  66.69; ppl:   5.28; 4680 src tok/s; 4839 tgt tok/s;     68 s elapsed
Epoch  6,   450/  454; acc:  67.11; ppl:   5.14; 4862 src tok/s; 5030 tgt tok/s;     77 s elapsed
Train perplexity: 4.98415
Train accuracy: 67.7201
Validation perplexity: 6.66838
Validation accuracy: 66.8653

Epoch  7,    50/  454; acc:  71.14; ppl:   3.94; 5015 src tok/s; 5202 tgt tok/s;      8 s elapsed
Epoch  7,   100/  454; acc:  69.15; ppl:   4.30; 4867 src tok/s; 5046 tgt tok/s;     17 s elapsed
Epoch  7,   150/  454; acc:  70.28; ppl:   4.10; 4848 src tok/s; 5044 tgt tok/s;     26 s elapsed
Epoch  7,   200/  454; acc:  70.38; ppl:   4.09; 5025 src tok/s; 5233 tgt tok/s;     34 s elapsed
Epoch  7,   250/  454; acc:  68.72; ppl:   4.48; 4898 src tok/s; 5101 tgt tok/s;     42 s elapsed
Epoch  7,   300/  454; acc:  69.35; ppl:   4.19; 5006 src tok/s; 5198 tgt tok/s;     51 s elapsed
Epoch  7,   350/  454; acc:  68.40; ppl:   4.52; 4894 src tok/s; 5024 tgt tok/s;     60 s elapsed
Epoch  7,   400/  454; acc:  70.38; ppl:   4.12; 4677 src tok/s; 4874 tgt tok/s;     68 s elapsed
Epoch  7,   450/  454; acc:  69.24; ppl:   4.38; 4911 src tok/s; 5098 tgt tok/s;     77 s elapsed
Train perplexity: 4.2353
Train accuracy: 69.6532
Validation perplexity: 6.3737
Validation accuracy: 67.4613

Epoch  8,    50/  454; acc:  72.10; ppl:   3.54; 4941 src tok/s; 5124 tgt tok/s;      9 s elapsed
Epoch  8,   100/  454; acc:  72.29; ppl:   3.52; 4951 src tok/s; 5153 tgt tok/s;     17 s elapsed
Epoch  8,   150/  454; acc:  72.30; ppl:   3.45; 4950 src tok/s; 5135 tgt tok/s;     25 s elapsed
Epoch  8,   200/  454; acc:  70.61; ppl:   3.86; 5035 src tok/s; 5207 tgt tok/s;     34 s elapsed
Epoch  8,   250/  454; acc:  71.38; ppl:   3.72; 4835 src tok/s; 5015 tgt tok/s;     43 s elapsed
Epoch  8,   300/  454; acc:  71.46; ppl:   3.65; 4945 src tok/s; 5133 tgt tok/s;     51 s elapsed
Epoch  8,   350/  454; acc:  70.26; ppl:   3.94; 4985 src tok/s; 5151 tgt tok/s;     60 s elapsed
Epoch  8,   400/  454; acc:  71.76; ppl:   3.57; 4946 src tok/s; 5154 tgt tok/s;     68 s elapsed
Epoch  8,   450/  454; acc:  70.30; ppl:   3.96; 4688 src tok/s; 4868 tgt tok/s;     77 s elapsed
Train perplexity: 3.68754
Train accuracy: 71.3811
Validation perplexity: 6.38988
Validation accuracy: 67.4755
Decaying learning rate to 0.5

Epoch  9,    50/  454; acc:  75.44; ppl:   2.90; 4943 src tok/s; 5127 tgt tok/s;      9 s elapsed
Epoch  9,   100/  454; acc:  76.56; ppl:   2.75; 4943 src tok/s; 5131 tgt tok/s;     17 s elapsed
Epoch  9,   150/  454; acc:  77.76; ppl:   2.62; 4899 src tok/s; 5121 tgt tok/s;     25 s elapsed
Epoch  9,   200/  454; acc:  75.12; ppl:   3.02; 5112 src tok/s; 5278 tgt tok/s;     34 s elapsed
Epoch  9,   250/  454; acc:  75.44; ppl:   2.87; 4949 src tok/s; 5128 tgt tok/s;     42 s elapsed
Epoch  9,   300/  454; acc:  76.22; ppl:   2.82; 4902 src tok/s; 5086 tgt tok/s;     51 s elapsed
Epoch  9,   350/  454; acc:  77.34; ppl:   2.60; 4805 src tok/s; 5016 tgt tok/s;     59 s elapsed
Epoch  9,   400/  454; acc:  75.05; ppl:   2.98; 5125 src tok/s; 5278 tgt tok/s;     68 s elapsed
Epoch  9,   450/  454; acc:  75.63; ppl:   2.84; 4778 src tok/s; 4976 tgt tok/s;     76 s elapsed
Train perplexity: 2.82201
Train accuracy: 76.0394
Validation perplexity: 5.94762
Validation accuracy: 68.781
Decaying learning rate to 0.25

Epoch 10,    50/  454; acc:  79.27; ppl:   2.41; 4778 src tok/s; 4978 tgt tok/s;      9 s elapsed
Epoch 10,   100/  454; acc:  79.85; ppl:   2.31; 4940 src tok/s; 5129 tgt tok/s;     17 s elapsed
Epoch 10,   150/  454; acc:  79.41; ppl:   2.39; 5020 src tok/s; 5191 tgt tok/s;     26 s elapsed
Epoch 10,   200/  454; acc:  79.42; ppl:   2.35; 5081 src tok/s; 5277 tgt tok/s;     34 s elapsed
Epoch 10,   250/  454; acc:  78.86; ppl:   2.44; 4979 src tok/s; 5128 tgt tok/s;     43 s elapsed
Epoch 10,   300/  454; acc:  79.43; ppl:   2.34; 5062 src tok/s; 5252 tgt tok/s;     51 s elapsed
Epoch 10,   350/  454; acc:  78.74; ppl:   2.45; 5088 src tok/s; 5287 tgt tok/s;     59 s elapsed
Epoch 10,   400/  454; acc:  79.65; ppl:   2.33; 4875 src tok/s; 5067 tgt tok/s;     68 s elapsed
Epoch 10,   450/  454; acc:  78.98; ppl:   2.40; 4616 src tok/s; 4814 tgt tok/s;     76 s elapsed
Train perplexity: 2.38026
Train accuracy: 79.2934
Validation perplexity: 5.90838
Validation accuracy: 69.6821
Decaying learning rate to 0.125

Epoch 11,    50/  454; acc:  80.25; ppl:   2.29; 4906 src tok/s; 5082 tgt tok/s;      9 s elapsed
Epoch 11,   100/  454; acc:  82.18; ppl:   2.07; 4789 src tok/s; 5018 tgt tok/s;     17 s elapsed
Epoch 11,   150/  454; acc:  80.08; ppl:   2.27; 4938 src tok/s; 5095 tgt tok/s;     26 s elapsed
Epoch 11,   200/  454; acc:  82.12; ppl:   2.08; 4858 src tok/s; 5093 tgt tok/s;     34 s elapsed
Epoch 11,   250/  454; acc:  81.86; ppl:   2.10; 4880 src tok/s; 5115 tgt tok/s;     43 s elapsed
Epoch 11,   300/  454; acc:  80.66; ppl:   2.25; 4991 src tok/s; 5130 tgt tok/s;     51 s elapsed
Epoch 11,   350/  454; acc:  81.13; ppl:   2.17; 5048 src tok/s; 5238 tgt tok/s;     60 s elapsed
Epoch 11,   400/  454; acc:  80.68; ppl:   2.24; 5009 src tok/s; 5164 tgt tok/s;     68 s elapsed
Epoch 11,   450/  454; acc:  81.01; ppl:   2.18; 2829 src tok/s; 2929 tgt tok/s;     83 s elapsed
Train perplexity: 2.18256
Train accuracy: 81.1025
Validation perplexity: 5.94927
Validation accuracy: 69.4764
Decaying learning rate to 0.0625

Epoch 12,    50/  454; acc:  81.01; ppl:   2.19; 3309 src tok/s; 3396 tgt tok/s;     14 s elapsed
Epoch 12,   100/  454; acc:  83.26; ppl:   1.95; 3029 src tok/s; 3180 tgt tok/s;     27 s elapsed
Epoch 12,   150/  454; acc:  81.85; ppl:   2.11; 3349 src tok/s; 3446 tgt tok/s;     39 s elapsed
Epoch 12,   200/  454; acc:  82.85; ppl:   2.01; 3239 src tok/s; 3370 tgt tok/s;     52 s elapsed
Epoch 12,   250/  454; acc:  81.93; ppl:   2.09; 3112 src tok/s; 3247 tgt tok/s;     65 s elapsed
Epoch 12,   300/  454; acc:  81.92; ppl:   2.14; 3282 src tok/s; 3401 tgt tok/s;     78 s elapsed
Epoch 12,   350/  454; acc:  80.89; ppl:   2.21; 3463 src tok/s; 3566 tgt tok/s;     91 s elapsed
Epoch 12,   400/  454; acc:  83.08; ppl:   1.98; 3636 src tok/s; 3802 tgt tok/s;    102 s elapsed
Epoch 12,   450/  454; acc:  82.54; ppl:   2.03; 3337 src tok/s; 3490 tgt tok/s;    114 s elapsed
Train perplexity: 2.08799
Train accuracy: 82.0556
Validation perplexity: 5.93612
Validation accuracy: 69.8382
Decaying learning rate to 0.03125

Epoch 13,    50/  454; acc:  83.52; ppl:   1.94; 3420 src tok/s; 3568 tgt tok/s;     12 s elapsed
Epoch 13,   100/  454; acc:  82.04; ppl:   2.08; 3259 src tok/s; 3364 tgt tok/s;     25 s elapsed
Epoch 13,   150/  454; acc:  83.46; ppl:   1.96; 3309 src tok/s; 3461 tgt tok/s;     37 s elapsed
Epoch 13,   200/  454; acc:  81.44; ppl:   2.14; 3895 src tok/s; 4016 tgt tok/s;     48 s elapsed
Epoch 13,   250/  454; acc:  82.15; ppl:   2.05; 4968 src tok/s; 5165 tgt tok/s;     57 s elapsed
Epoch 13,   300/  454; acc:  82.73; ppl:   2.04; 4848 src tok/s; 5013 tgt tok/s;     66 s elapsed
Epoch 13,   350/  454; acc:  82.45; ppl:   2.06; 4976 src tok/s; 5150 tgt tok/s;     74 s elapsed
Epoch 13,   400/  454; acc:  82.91; ppl:   2.00; 4856 src tok/s; 5058 tgt tok/s;     83 s elapsed
Epoch 13,   450/  454; acc:  82.02; ppl:   2.09; 4930 src tok/s; 5107 tgt tok/s;     91 s elapsed
Train perplexity: 2.0386
Train accuracy: 82.5278
Validation perplexity: 5.97341
Validation accuracy: 69.7034
Decaying learning rate to 0.015625

Epoch 14,    50/  454; acc:  82.25; ppl:   2.08; 4921 src tok/s; 5103 tgt tok/s;      9 s elapsed
Epoch 14,   100/  454; acc:  83.31; ppl:   1.97; 5084 src tok/s; 5272 tgt tok/s;     17 s elapsed
Epoch 14,   150/  454; acc:  83.36; ppl:   1.96; 4950 src tok/s; 5155 tgt tok/s;     25 s elapsed
Epoch 14,   200/  454; acc:  82.38; ppl:   2.07; 4724 src tok/s; 4883 tgt tok/s;     34 s elapsed
Epoch 14,   250/  454; acc:  82.75; ppl:   2.03; 4967 src tok/s; 5166 tgt tok/s;     43 s elapsed
Epoch 14,   300/  454; acc:  82.85; ppl:   2.00; 4780 src tok/s; 4971 tgt tok/s;     51 s elapsed
Epoch 14,   350/  454; acc:  83.54; ppl:   1.93; 4978 src tok/s; 5178 tgt tok/s;     60 s elapsed
Epoch 14,   400/  454; acc:  82.10; ppl:   2.08; 4923 src tok/s; 5092 tgt tok/s;     68 s elapsed
Epoch 14,   450/  454; acc:  83.24; ppl:   1.97; 4832 src tok/s; 5023 tgt tok/s;     77 s elapsed
Train perplexity: 2.01897
Train accuracy: 82.7818
Validation perplexity: 5.97483
Validation accuracy: 69.7034
Decaying learning rate to 0.0078125

Epoch 15,    50/  454; acc:  82.58; ppl:   2.03; 5001 src tok/s; 5192 tgt tok/s;      9 s elapsed
Epoch 15,   100/  454; acc:  83.13; ppl:   2.00; 4894 src tok/s; 5082 tgt tok/s;     17 s elapsed
Epoch 15,   150/  454; acc:  84.26; ppl:   1.87; 4931 src tok/s; 5161 tgt tok/s;     25 s elapsed
Epoch 15,   200/  454; acc:  82.00; ppl:   2.10; 5047 src tok/s; 5204 tgt tok/s;     34 s elapsed
Epoch 15,   250/  454; acc:  83.04; ppl:   1.98; 4789 src tok/s; 4975 tgt tok/s;     42 s elapsed
Epoch 15,   300/  454; acc:  82.80; ppl:   2.02; 4911 src tok/s; 5098 tgt tok/s;     51 s elapsed
Epoch 15,   350/  454; acc:  82.84; ppl:   2.02; 4918 src tok/s; 5109 tgt tok/s;     60 s elapsed
Epoch 15,   400/  454; acc:  83.06; ppl:   1.99; 5055 src tok/s; 5231 tgt tok/s;     68 s elapsed
Epoch 15,   450/  454; acc:  82.71; ppl:   2.03; 4976 src tok/s; 5147 tgt tok/s;     76 s elapsed
Train perplexity: 2.00486
Train accuracy: 82.9269
Validation perplexity: 5.98045
Validation accuracy: 69.7318
Decaying learning rate to 0.00390625

Epoch 16,    50/  454; acc:  83.69; ppl:   1.96; 4714 src tok/s; 4919 tgt tok/s;      9 s elapsed
Epoch 16,   100/  454; acc:  82.48; ppl:   2.07; 5086 src tok/s; 5225 tgt tok/s;     17 s elapsed
Epoch 16,   150/  454; acc:  82.58; ppl:   2.07; 4955 src tok/s; 5144 tgt tok/s;     26 s elapsed
Epoch 16,   200/  454; acc:  83.68; ppl:   1.94; 4874 src tok/s; 5061 tgt tok/s;     34 s elapsed
Epoch 16,   250/  454; acc:  82.76; ppl:   2.02; 4738 src tok/s; 4919 tgt tok/s;     43 s elapsed
Epoch 16,   300/  454; acc:  83.20; ppl:   1.98; 4902 src tok/s; 5095 tgt tok/s;     52 s elapsed
Epoch 16,   350/  454; acc:  82.42; ppl:   2.05; 4829 src tok/s; 5014 tgt tok/s;     60 s elapsed
Epoch 16,   400/  454; acc:  83.62; ppl:   1.92; 5059 src tok/s; 5249 tgt tok/s;     69 s elapsed
Epoch 16,   450/  454; acc:  83.28; ppl:   1.98; 4964 src tok/s; 5167 tgt tok/s;     77 s elapsed
Train perplexity: 2.00053
Train accuracy: 83.0527
Validation perplexity: 5.98137
Validation accuracy: 69.7815
Decaying learning rate to 0.00195312

Epoch 17,    50/  454; acc:  83.28; ppl:   2.00; 4888 src tok/s; 5078 tgt tok/s;      9 s elapsed
Epoch 17,   100/  454; acc:  82.93; ppl:   1.99; 4866 src tok/s; 5050 tgt tok/s;     17 s elapsed
Epoch 17,   150/  454; acc:  83.95; ppl:   1.92; 4973 src tok/s; 5179 tgt tok/s;     25 s elapsed
Epoch 17,   200/  454; acc:  82.74; ppl:   2.05; 5069 src tok/s; 5233 tgt tok/s;     34 s elapsed
Epoch 17,   250/  454; acc:  82.78; ppl:   2.03; 4776 src tok/s; 4933 tgt tok/s;     43 s elapsed
Epoch 17,   300/  454; acc:  83.47; ppl:   1.95; 4994 src tok/s; 5211 tgt tok/s;     51 s elapsed
Epoch 17,   350/  454; acc:  82.76; ppl:   2.03; 5071 src tok/s; 5251 tgt tok/s;     59 s elapsed
Epoch 17,   400/  454; acc:  82.97; ppl:   1.99; 4872 src tok/s; 5054 tgt tok/s;     68 s elapsed
Epoch 17,   450/  454; acc:  82.95; ppl:   1.99; 4944 src tok/s; 5155 tgt tok/s;     76 s elapsed
Train perplexity: 1.99723
Train accuracy: 83.0478
Validation perplexity: 5.98504
Validation accuracy: 69.7673
Decaying learning rate to 0.000976562
