<module 'opts' from '/u/suhubdyd/research/projects/jumble_lstm/code/auxiliary-nmt/opts.pyc'>
Namespace(batch_size=64, brnn=False, brnn_merge='concat', cnn_kernel_width=3, context_gate=None, copy_attn=False, copy_attn_force=False, coverage_attn=False, data='/data/lisatmp3/suhubdyd/multi30k.atok.low', dec_layers=1, decay_method='', decoder_type='rnn', dropout=0.3, enc_layers=2, encoder_type='rnn', epochs=17, exp='', exp_host='', feat_merge='concat', feat_vec_exponent=0.7, feat_vec_size=-1, fix_word_vecs_dec=False, fix_word_vecs_enc=False, global_attention='general', gpuid=[0], input_feed=1, kappa_dec=0.15, kappa_enc=0.15, lambda_coverage=1, layers=-1, learning_rate=1.0, learning_rate_decay=0.5, max_generator_batches=32, max_grad_norm=5, model_type='text', optim='sgd', param_init=0.1, position_encoding=False, pre_word_vecs_dec=None, pre_word_vecs_enc=None, report_every=50, rnn_size=500, rnn_type='LSTM', save_model='/data/lisatmp3/suhubdyd/models/encoder0.15_decoder0.15_dropout0.3', seed=-1, share_decoder_embeddings=False, share_embeddings=False, src_word_vec_size=500, start_checkpoint_at=0, start_decay_at=8, start_epoch=1, tgt_word_vec_size=500, train_from='', truncated_decoder=0, warmup_steps=4000, word_vec_size=-1)
('Using Kappa L2 loss on encoder', 0.15)
('Using Kappa L2 loss on decoder', 0.15)
Loading train and validate data from '/data/lisatmp3/suhubdyd/multi30k.atok.low'
 * number of training sentences: 29000
 * maximum batch size: 64
 * vocabulary size. source = 10841; target = 18563
Building model...
Intializing model parameters.
NMTModel (
  (encoder): RNNEncoder (
    (embeddings): Embeddings (
      (make_embedding): Sequential (
        (emb_luts): Elementwise (
          (0): Embedding(10841, 500, padding_idx=1)
        )
      )
    )
    (dropout): Dropout (p = 0.3)
    (rnn): LSTM(500, 500, dropout=0.3)
  )
  (decoder): InputFeedRNNDecoder (
    (embeddings): Embeddings (
      (make_embedding): Sequential (
        (emb_luts): Elementwise (
          (0): Embedding(18563, 500, padding_idx=1)
        )
      )
    )
    (dropout): Dropout (p = 0.3)
    (rnn): StackedLSTM (
      (dropout): Dropout (p = 0.3)
      (layers): ModuleList (
        (0): LSTMCell(1000, 500)
      )
    )
    (attn): GlobalAttention (
      (linear_in): Linear (500 -> 500)
      (linear_out): Linear (1000 -> 500)
      (sm): Softmax ()
      (tanh): Tanh ()
    )
  )
  (generator): Sequential (
    (0): Linear (500 -> 18563)
    (1): LogSoftmax ()
  )
)
* number of parameters: 29760063
('encoder: ', 7424500)
('decoder: ', 22335563)

Epoch  1,    50/  454; acc:   8.82; ppl: 28702.49; 6169 src tok/s; 6404 tgt tok/s;      7 s elapsed
Epoch  1,   100/  454; acc:  14.33; ppl: 1970.56; 6920 src tok/s; 7159 tgt tok/s;     13 s elapsed
Epoch  1,   150/  454; acc:  17.04; ppl: 617.15; 6810 src tok/s; 7013 tgt tok/s;     19 s elapsed
Epoch  1,   200/  454; acc:  20.75; ppl: 277.85; 6668 src tok/s; 6947 tgt tok/s;     25 s elapsed
Epoch  1,   250/  454; acc:  23.97; ppl: 187.75; 6731 src tok/s; 6996 tgt tok/s;     32 s elapsed
Epoch  1,   300/  454; acc:  27.79; ppl: 120.80; 6757 src tok/s; 7034 tgt tok/s;     38 s elapsed
Epoch  1,   350/  454; acc:  30.13; ppl:  95.58; 6787 src tok/s; 7048 tgt tok/s;     44 s elapsed
Epoch  1,   400/  454; acc:  30.50; ppl:  85.80; 6699 src tok/s; 6959 tgt tok/s;     50 s elapsed
Epoch  1,   450/  454; acc:  32.57; ppl:  71.21; 6698 src tok/s; 6940 tgt tok/s;     56 s elapsed
Train perplexity: 365.758
Train accuracy: 22.9804
Validation perplexity: 52.1195
Validation accuracy: 36.5829

Epoch  2,    50/  454; acc:  37.03; ppl:  49.28; 6699 src tok/s; 6948 tgt tok/s;      6 s elapsed
Epoch  2,   100/  454; acc:  38.12; ppl:  46.06; 6755 src tok/s; 7021 tgt tok/s;     12 s elapsed
Epoch  2,   150/  454; acc:  40.83; ppl:  36.43; 6700 src tok/s; 6952 tgt tok/s;     19 s elapsed
Epoch  2,   200/  454; acc:  42.87; ppl:  32.26; 6818 src tok/s; 7036 tgt tok/s;     25 s elapsed
Epoch  2,   250/  454; acc:  46.15; ppl:  25.97; 6724 src tok/s; 7035 tgt tok/s;     31 s elapsed
Epoch  2,   300/  454; acc:  46.82; ppl:  24.47; 6812 src tok/s; 7060 tgt tok/s;     37 s elapsed
Epoch  2,   350/  454; acc:  49.07; ppl:  21.74; 6706 src tok/s; 6937 tgt tok/s;     44 s elapsed
Epoch  2,   400/  454; acc:  50.83; ppl:  19.09; 6711 src tok/s; 7007 tgt tok/s;     50 s elapsed
Epoch  2,   450/  454; acc:  50.94; ppl:  18.75; 6715 src tok/s; 6934 tgt tok/s;     56 s elapsed
Train perplexity: 28.5386
Train accuracy: 44.8256
Validation perplexity: 16.1092
Validation accuracy: 53.7888

Epoch  3,    50/  454; acc:  54.15; ppl:  14.70; 6677 src tok/s; 6910 tgt tok/s;      6 s elapsed
Epoch  3,   100/  454; acc:  55.51; ppl:  13.19; 6708 src tok/s; 6998 tgt tok/s;     12 s elapsed
Epoch  3,   150/  454; acc:  55.41; ppl:  13.34; 6739 src tok/s; 6955 tgt tok/s;     19 s elapsed
Epoch  3,   200/  454; acc:  57.27; ppl:  11.74; 7013 src tok/s; 7355 tgt tok/s;     25 s elapsed
Epoch  3,   250/  454; acc:  56.86; ppl:  12.10; 7116 src tok/s; 7327 tgt tok/s;     31 s elapsed
Epoch  3,   300/  454; acc:  58.20; ppl:  11.10; 7151 src tok/s; 7411 tgt tok/s;     37 s elapsed
Epoch  3,   350/  454; acc:  58.74; ppl:  11.09; 6989 src tok/s; 7228 tgt tok/s;     43 s elapsed
Epoch  3,   400/  454; acc:  59.41; ppl:  10.10; 6794 src tok/s; 7069 tgt tok/s;     49 s elapsed
Epoch  3,   450/  454; acc:  58.60; ppl:  10.83; 6588 src tok/s; 6859 tgt tok/s;     55 s elapsed
Train perplexity: 11.9187
Train accuracy: 57.1618
Validation perplexity: 10.1245
Validation accuracy: 60.8912

Epoch  4,    50/  454; acc:  62.64; ppl:   7.93; 6841 src tok/s; 7110 tgt tok/s;      6 s elapsed
Epoch  4,   100/  454; acc:  62.60; ppl:   7.80; 6739 src tok/s; 6978 tgt tok/s;     12 s elapsed
Epoch  4,   150/  454; acc:  62.19; ppl:   7.99; 6899 src tok/s; 7162 tgt tok/s;     18 s elapsed
Epoch  4,   200/  454; acc:  61.81; ppl:   8.08; 6580 src tok/s; 6868 tgt tok/s;     25 s elapsed
Epoch  4,   250/  454; acc:  63.35; ppl:   7.48; 6623 src tok/s; 6912 tgt tok/s;     31 s elapsed
Epoch  4,   300/  454; acc:  62.52; ppl:   7.68; 6892 src tok/s; 7096 tgt tok/s;     37 s elapsed
Epoch  4,   350/  454; acc:  63.06; ppl:   7.58; 6827 src tok/s; 7036 tgt tok/s;     44 s elapsed
Epoch  4,   400/  454; acc:  63.58; ppl:   7.32; 6778 src tok/s; 7061 tgt tok/s;     50 s elapsed
Epoch  4,   450/  454; acc:  62.87; ppl:   7.76; 6571 src tok/s; 6823 tgt tok/s;     56 s elapsed
Train perplexity: 7.73758
Train accuracy: 62.7333
Validation perplexity: 8.1203
Validation accuracy: 63.9137

Epoch  5,    50/  454; acc:  66.27; ppl:   5.91; 6594 src tok/s; 6835 tgt tok/s;      7 s elapsed
Epoch  5,   100/  454; acc:  66.94; ppl:   5.57; 6774 src tok/s; 7060 tgt tok/s;     13 s elapsed
Epoch  5,   150/  454; acc:  65.83; ppl:   5.90; 6879 src tok/s; 7080 tgt tok/s;     19 s elapsed
Epoch  5,   200/  454; acc:  66.98; ppl:   5.53; 6450 src tok/s; 6750 tgt tok/s;     25 s elapsed
Epoch  5,   250/  454; acc:  66.05; ppl:   5.93; 6760 src tok/s; 7041 tgt tok/s;     31 s elapsed
Epoch  5,   300/  454; acc:  66.21; ppl:   5.88; 6913 src tok/s; 7135 tgt tok/s;     37 s elapsed
Epoch  5,   350/  454; acc:  65.69; ppl:   6.02; 6844 src tok/s; 7080 tgt tok/s;     44 s elapsed
Epoch  5,   400/  454; acc:  67.28; ppl:   5.49; 6799 src tok/s; 7078 tgt tok/s;     50 s elapsed
Epoch  5,   450/  454; acc:  66.63; ppl:   5.65; 6681 src tok/s; 6958 tgt tok/s;     56 s elapsed
Train perplexity: 5.78106
Train accuracy: 66.3711
Validation perplexity: 7.10636
Validation accuracy: 65.9288

Epoch  6,    50/  454; acc:  69.69; ppl:   4.36; 6785 src tok/s; 7036 tgt tok/s;      6 s elapsed
Epoch  6,   100/  454; acc:  69.58; ppl:   4.52; 6781 src tok/s; 7039 tgt tok/s;     12 s elapsed
Epoch  6,   150/  454; acc:  68.99; ppl:   4.64; 6807 src tok/s; 7082 tgt tok/s;     18 s elapsed
Epoch  6,   200/  454; acc:  68.78; ppl:   4.65; 6744 src tok/s; 6984 tgt tok/s;     25 s elapsed
Epoch  6,   250/  454; acc:  68.64; ppl:   4.68; 6728 src tok/s; 6977 tgt tok/s;     31 s elapsed
Epoch  6,   300/  454; acc:  68.42; ppl:   4.79; 6771 src tok/s; 7036 tgt tok/s;     37 s elapsed
Epoch  6,   350/  454; acc:  69.70; ppl:   4.44; 6612 src tok/s; 6933 tgt tok/s;     43 s elapsed
Epoch  6,   400/  454; acc:  67.63; ppl:   5.04; 6979 src tok/s; 7167 tgt tok/s;     49 s elapsed
Epoch  6,   450/  454; acc:  68.33; ppl:   4.80; 6697 src tok/s; 6964 tgt tok/s;     56 s elapsed
Train perplexity: 4.65933
Train accuracy: 68.841
Validation perplexity: 7.13095
Validation accuracy: 65.4463
Decaying learning rate to 0.5

Epoch  7,    50/  454; acc:  74.87; ppl:   3.21; 6703 src tok/s; 6947 tgt tok/s;      6 s elapsed
Epoch  7,   100/  454; acc:  73.92; ppl:   3.41; 6879 src tok/s; 7107 tgt tok/s;     12 s elapsed
Epoch  7,   150/  454; acc:  75.19; ppl:   3.16; 6626 src tok/s; 6921 tgt tok/s;     18 s elapsed
Epoch  7,   200/  454; acc:  73.34; ppl:   3.44; 6893 src tok/s; 7142 tgt tok/s;     25 s elapsed
Epoch  7,   250/  454; acc:  74.13; ppl:   3.27; 6736 src tok/s; 6989 tgt tok/s;     31 s elapsed
Epoch  7,   300/  454; acc:  74.29; ppl:   3.30; 6823 src tok/s; 7131 tgt tok/s;     37 s elapsed
Epoch  7,   350/  454; acc:  73.27; ppl:   3.49; 6959 src tok/s; 7160 tgt tok/s;     44 s elapsed
Epoch  7,   400/  454; acc:  75.56; ppl:   3.05; 6762 src tok/s; 7074 tgt tok/s;     49 s elapsed
Epoch  7,   450/  454; acc:  74.41; ppl:   3.31; 6749 src tok/s; 6988 tgt tok/s;     55 s elapsed
Train perplexity: 3.29809
Train accuracy: 74.2886
Validation perplexity: 6.19162
Validation accuracy: 67.9296
Decaying learning rate to 0.25

Epoch  8,    50/  454; acc:  78.29; ppl:   2.63; 6913 src tok/s; 7176 tgt tok/s;      6 s elapsed
Epoch  8,   100/  454; acc:  78.47; ppl:   2.57; 6915 src tok/s; 7156 tgt tok/s;     12 s elapsed
Epoch  8,   150/  454; acc:  78.47; ppl:   2.65; 6799 src tok/s; 7122 tgt tok/s;     18 s elapsed
Epoch  8,   200/  454; acc:  78.17; ppl:   2.65; 6936 src tok/s; 7164 tgt tok/s;     24 s elapsed
Epoch  8,   250/  454; acc:  76.82; ppl:   2.83; 6936 src tok/s; 7161 tgt tok/s;     31 s elapsed
Epoch  8,   300/  454; acc:  78.95; ppl:   2.48; 6782 src tok/s; 7088 tgt tok/s;     37 s elapsed
Epoch  8,   350/  454; acc:  78.83; ppl:   2.57; 6873 src tok/s; 7143 tgt tok/s;     43 s elapsed
Epoch  8,   400/  454; acc:  77.80; ppl:   2.69; 6975 src tok/s; 7177 tgt tok/s;     49 s elapsed
Epoch  8,   450/  454; acc:  78.12; ppl:   2.68; 6728 src tok/s; 7020 tgt tok/s;     55 s elapsed
Train perplexity: 2.64183
Train accuracy: 78.1733
Validation perplexity: 6.17709
Validation accuracy: 68.6959
Decaying learning rate to 0.125

Epoch  9,    50/  454; acc:  80.75; ppl:   2.35; 6850 src tok/s; 7066 tgt tok/s;      6 s elapsed
Epoch  9,   100/  454; acc:  81.36; ppl:   2.27; 6874 src tok/s; 7178 tgt tok/s;     12 s elapsed
Epoch  9,   150/  454; acc:  80.65; ppl:   2.34; 6951 src tok/s; 7191 tgt tok/s;     18 s elapsed
Epoch  9,   200/  454; acc:  80.27; ppl:   2.35; 6947 src tok/s; 7209 tgt tok/s;     24 s elapsed
Epoch  9,   250/  454; acc:  80.40; ppl:   2.36; 7134 src tok/s; 7347 tgt tok/s;     30 s elapsed
Epoch  9,   300/  454; acc:  80.72; ppl:   2.34; 6635 src tok/s; 6944 tgt tok/s;     37 s elapsed
Epoch  9,   350/  454; acc:  80.57; ppl:   2.31; 6925 src tok/s; 7179 tgt tok/s;     43 s elapsed
Epoch  9,   400/  454; acc:  80.06; ppl:   2.40; 6855 src tok/s; 7141 tgt tok/s;     49 s elapsed
Epoch  9,   450/  454; acc:  80.54; ppl:   2.35; 6846 src tok/s; 7099 tgt tok/s;     55 s elapsed
Train perplexity: 2.34151
Train accuracy: 80.5995
Validation perplexity: 6.26155
Validation accuracy: 69.0932
Decaying learning rate to 0.0625

Epoch 10,    50/  454; acc:  82.85; ppl:   2.10; 6938 src tok/s; 7230 tgt tok/s;      6 s elapsed
Epoch 10,   100/  454; acc:  81.32; ppl:   2.26; 6886 src tok/s; 7132 tgt tok/s;     12 s elapsed
Epoch 10,   150/  454; acc:  81.49; ppl:   2.26; 6935 src tok/s; 7230 tgt tok/s;     18 s elapsed
Epoch 10,   200/  454; acc:  82.25; ppl:   2.13; 6895 src tok/s; 7147 tgt tok/s;     24 s elapsed
Epoch 10,   250/  454; acc:  81.61; ppl:   2.24; 6850 src tok/s; 7054 tgt tok/s;     31 s elapsed
Epoch 10,   300/  454; acc:  82.41; ppl:   2.16; 6813 src tok/s; 7127 tgt tok/s;     37 s elapsed
Epoch 10,   350/  454; acc:  82.20; ppl:   2.15; 6893 src tok/s; 7174 tgt tok/s;     42 s elapsed
Epoch 10,   400/  454; acc:  81.00; ppl:   2.29; 6901 src tok/s; 7134 tgt tok/s;     49 s elapsed
Epoch 10,   450/  454; acc:  82.20; ppl:   2.20; 6823 src tok/s; 7052 tgt tok/s;     55 s elapsed
Train perplexity: 2.19894
Train accuracy: 81.9056
Validation perplexity: 6.37917
Validation accuracy: 68.7881
Decaying learning rate to 0.03125

Epoch 11,    50/  454; acc:  82.53; ppl:   2.13; 6597 src tok/s; 6886 tgt tok/s;      6 s elapsed
Epoch 11,   100/  454; acc:  82.32; ppl:   2.16; 6787 src tok/s; 6982 tgt tok/s;     13 s elapsed
Epoch 11,   150/  454; acc:  81.96; ppl:   2.21; 6723 src tok/s; 6925 tgt tok/s;     19 s elapsed
Epoch 11,   200/  454; acc:  83.22; ppl:   2.04; 6643 src tok/s; 6954 tgt tok/s;     25 s elapsed
Epoch 11,   250/  454; acc:  82.83; ppl:   2.09; 6843 src tok/s; 7106 tgt tok/s;     31 s elapsed
Epoch 11,   300/  454; acc:  83.18; ppl:   2.12; 6626 src tok/s; 6910 tgt tok/s;     38 s elapsed
Epoch 11,   350/  454; acc:  82.24; ppl:   2.18; 6649 src tok/s; 6911 tgt tok/s;     44 s elapsed
Epoch 11,   400/  454; acc:  82.37; ppl:   2.12; 6770 src tok/s; 6997 tgt tok/s;     50 s elapsed
Epoch 11,   450/  454; acc:  82.59; ppl:   2.11; 6698 src tok/s; 6964 tgt tok/s;     56 s elapsed
Train perplexity: 2.13161
Train accuracy: 82.5473
Validation perplexity: 6.41515
Validation accuracy: 68.8378
Decaying learning rate to 0.015625

Epoch 12,    50/  454; acc:  83.32; ppl:   2.05; 6649 src tok/s; 6877 tgt tok/s;      6 s elapsed
Epoch 12,   100/  454; acc:  82.03; ppl:   2.19; 6761 src tok/s; 6985 tgt tok/s;     13 s elapsed
Epoch 12,   150/  454; acc:  84.18; ppl:   1.95; 6597 src tok/s; 6908 tgt tok/s;     18 s elapsed
Epoch 12,   200/  454; acc:  81.83; ppl:   2.24; 6754 src tok/s; 6977 tgt tok/s;     25 s elapsed
Epoch 12,   250/  454; acc:  82.78; ppl:   2.12; 6656 src tok/s; 6910 tgt tok/s;     31 s elapsed
Epoch 12,   300/  454; acc:  82.93; ppl:   2.11; 6717 src tok/s; 6979 tgt tok/s;     38 s elapsed
Epoch 12,   350/  454; acc:  83.84; ppl:   2.01; 6795 src tok/s; 7094 tgt tok/s;     44 s elapsed
Epoch 12,   400/  454; acc:  82.41; ppl:   2.16; 6642 src tok/s; 6848 tgt tok/s;     50 s elapsed
Epoch 12,   450/  454; acc:  83.25; ppl:   2.08; 6640 src tok/s; 6916 tgt tok/s;     57 s elapsed
Train perplexity: 2.09906
Train accuracy: 82.9417
Validation perplexity: 6.45618
Validation accuracy: 68.9229
Decaying learning rate to 0.0078125

Epoch 13,    50/  454; acc:  83.88; ppl:   2.00; 6574 src tok/s; 6837 tgt tok/s;      6 s elapsed
Epoch 13,   100/  454; acc:  82.54; ppl:   2.14; 6680 src tok/s; 6945 tgt tok/s;     13 s elapsed
Epoch 13,   150/  454; acc:  83.40; ppl:   2.06; 6669 src tok/s; 6976 tgt tok/s;     19 s elapsed
Epoch 13,   200/  454; acc:  83.09; ppl:   2.08; 6867 src tok/s; 7059 tgt tok/s;     25 s elapsed
Epoch 13,   250/  454; acc:  83.74; ppl:   2.02; 6700 src tok/s; 6974 tgt tok/s;     31 s elapsed
Epoch 13,   300/  454; acc:  82.66; ppl:   2.11; 6756 src tok/s; 6994 tgt tok/s;     37 s elapsed
Epoch 13,   350/  454; acc:  82.37; ppl:   2.16; 6761 src tok/s; 6966 tgt tok/s;     44 s elapsed
Epoch 13,   400/  454; acc:  83.15; ppl:   2.06; 6599 src tok/s; 6891 tgt tok/s;     50 s elapsed
Epoch 13,   450/  454; acc:  82.89; ppl:   2.12; 6668 src tok/s; 6900 tgt tok/s;     56 s elapsed
Train perplexity: 2.08115
Train accuracy: 83.098
Validation perplexity: 6.46227
Validation accuracy: 68.9513
Decaying learning rate to 0.00390625

Epoch 14,    50/  454; acc:  82.66; ppl:   2.13; 6480 src tok/s; 6707 tgt tok/s;      6 s elapsed
Epoch 14,   100/  454; acc:  83.75; ppl:   2.00; 6740 src tok/s; 7027 tgt tok/s;     13 s elapsed
Epoch 14,   150/  454; acc:  83.69; ppl:   2.01; 6722 src tok/s; 7003 tgt tok/s;     19 s elapsed
Epoch 14,   200/  454; acc:  82.95; ppl:   2.10; 6741 src tok/s; 6991 tgt tok/s;     25 s elapsed
Epoch 14,   250/  454; acc:  82.36; ppl:   2.14; 6703 src tok/s; 6896 tgt tok/s;     32 s elapsed
Epoch 14,   300/  454; acc:  84.01; ppl:   2.01; 6607 src tok/s; 6919 tgt tok/s;     38 s elapsed
Epoch 14,   350/  454; acc:  83.20; ppl:   2.09; 6649 src tok/s; 6937 tgt tok/s;     44 s elapsed
Epoch 14,   400/  454; acc:  82.94; ppl:   2.09; 7015 src tok/s; 7204 tgt tok/s;     50 s elapsed
Epoch 14,   450/  454; acc:  82.79; ppl:   2.11; 6493 src tok/s; 6750 tgt tok/s;     56 s elapsed
Train perplexity: 2.07439
Train accuracy: 83.1553
Validation perplexity: 6.46941
Validation accuracy: 68.9017
Decaying learning rate to 0.00195312

Epoch 15,    50/  454; acc:  82.25; ppl:   2.14; 6689 src tok/s; 6929 tgt tok/s;      6 s elapsed
Epoch 15,   100/  454; acc:  83.69; ppl:   2.01; 6723 src tok/s; 6961 tgt tok/s;     13 s elapsed
Epoch 15,   150/  454; acc:  83.05; ppl:   2.10; 6650 src tok/s; 6906 tgt tok/s;     19 s elapsed
Epoch 15,   200/  454; acc:  83.58; ppl:   2.03; 6701 src tok/s; 6969 tgt tok/s;     25 s elapsed
Epoch 15,   250/  454; acc:  83.30; ppl:   2.06; 6747 src tok/s; 7014 tgt tok/s;     31 s elapsed
Epoch 15,   300/  454; acc:  83.38; ppl:   2.03; 6809 src tok/s; 7061 tgt tok/s;     37 s elapsed
Epoch 15,   350/  454; acc:  83.43; ppl:   2.04; 6680 src tok/s; 6945 tgt tok/s;     44 s elapsed
Epoch 15,   400/  454; acc:  83.12; ppl:   2.09; 6687 src tok/s; 6935 tgt tok/s;     50 s elapsed
Epoch 15,   450/  454; acc:  83.20; ppl:   2.08; 6673 src tok/s; 6931 tgt tok/s;     56 s elapsed
Train perplexity: 2.069
Train accuracy: 83.1853
Validation perplexity: 6.47305
Validation accuracy: 68.9017
Decaying learning rate to 0.000976562

Epoch 16,    50/  454; acc:  83.66; ppl:   2.04; 6591 src tok/s; 6856 tgt tok/s;      6 s elapsed
Epoch 16,   100/  454; acc:  83.09; ppl:   2.10; 6749 src tok/s; 6979 tgt tok/s;     13 s elapsed
Epoch 16,   150/  454; acc:  83.05; ppl:   2.10; 6661 src tok/s; 6901 tgt tok/s;     19 s elapsed
Epoch 16,   200/  454; acc:  83.36; ppl:   2.05; 6735 src tok/s; 6999 tgt tok/s;     25 s elapsed
Epoch 16,   250/  454; acc:  84.29; ppl:   1.97; 6524 src tok/s; 6792 tgt tok/s;     31 s elapsed
Epoch 16,   300/  454; acc:  82.33; ppl:   2.17; 6806 src tok/s; 7047 tgt tok/s;     38 s elapsed
Epoch 16,   350/  454; acc:  83.09; ppl:   2.07; 6773 src tok/s; 7037 tgt tok/s;     44 s elapsed
Epoch 16,   400/  454; acc:  83.31; ppl:   2.07; 6628 src tok/s; 6904 tgt tok/s;     50 s elapsed
Epoch 16,   450/  454; acc:  83.98; ppl:   1.99; 6636 src tok/s; 6881 tgt tok/s;     56 s elapsed
Train perplexity: 2.06909
Train accuracy: 83.2792
Validation perplexity: 6.47533
Validation accuracy: 68.8804
Decaying learning rate to 0.000488281

Epoch 17,    50/  454; acc:  82.68; ppl:   2.12; 6577 src tok/s; 6810 tgt tok/s;      7 s elapsed
Epoch 17,   100/  454; acc:  83.47; ppl:   2.04; 6700 src tok/s; 7005 tgt tok/s;     13 s elapsed
Epoch 17,   150/  454; acc:  84.46; ppl:   1.94; 6485 src tok/s; 6791 tgt tok/s;     19 s elapsed
Epoch 17,   200/  454; acc:  82.53; ppl:   2.15; 6761 src tok/s; 6975 tgt tok/s;     25 s elapsed
Epoch 17,   250/  454; acc:  82.47; ppl:   2.13; 6917 src tok/s; 7107 tgt tok/s;     32 s elapsed
Epoch 17,   300/  454; acc:  84.37; ppl:   1.97; 6629 src tok/s; 6911 tgt tok/s;     38 s elapsed
Epoch 17,   350/  454; acc:  83.84; ppl:   2.01; 6648 src tok/s; 6949 tgt tok/s;     44 s elapsed
Epoch 17,   400/  454; acc:  82.56; ppl:   2.17; 6699 src tok/s; 6936 tgt tok/s;     50 s elapsed
Epoch 17,   450/  454; acc:  83.37; ppl:   2.06; 6653 src tok/s; 6881 tgt tok/s;     56 s elapsed
Train perplexity: 2.06664
Train accuracy: 83.2778
Validation perplexity: 6.4763
Validation accuracy: 68.8875
Decaying learning rate to 0.000244141
