<module 'opts' from '/u/suhubdyd/research/projects/jumble_lstm/code/auxiliary-nmt/opts.pyc'>
Namespace(batch_size=64, brnn=False, brnn_merge='concat', cnn_kernel_width=3, context_gate=None, copy_attn=False, copy_attn_force=False, coverage_attn=False, data='/data/lisatmp3/suhubdyd/multi30k.atok.low', dec_layers=1, decay_method='', decoder_type='rnn', dropout=0.3, enc_layers=2, encoder_type='rnn', epochs=17, exp='', exp_host='', feat_merge='concat', feat_vec_exponent=0.7, feat_vec_size=-1, fix_word_vecs_dec=False, fix_word_vecs_enc=False, global_attention='general', gpuid=[0], input_feed=1, kappa_dec=0.4, kappa_enc=0.4, lambda_coverage=1, layers=-1, learning_rate=1.0, learning_rate_decay=0.5, max_generator_batches=32, max_grad_norm=5, model_type='text', optim='sgd', param_init=0.1, position_encoding=False, pre_word_vecs_dec=None, pre_word_vecs_enc=None, report_every=50, rnn_size=500, rnn_type='LSTM', save_model='/data/lisatmp3/suhubdyd/models/seeds/encoder0.4decoder0.4dropout0.3wdropFalseseed1', seed=1, share_decoder_embeddings=False, share_embeddings=False, src_word_vec_size=500, start_checkpoint_at=0, start_decay_at=8, start_epoch=1, tgt_word_vec_size=500, train_from='', truncated_decoder=0, warmup_steps=4000, weightdropout=False, word_vec_size=-1)
('Using Kappa L2 loss on encoder', 0.4)
('Using Kappa L2 loss on decoder', 0.4)
Loading train and validate data from '/data/lisatmp3/suhubdyd/multi30k.atok.low'
 * number of training sentences: 29000
 * maximum batch size: 64
 * vocabulary size. source = 10841; target = 18563
Building model...
Intializing model parameters.
NMTModel (
  (encoder): RNNEncoder (
    (embeddings): Embeddings (
      (make_embedding): Sequential (
        (emb_luts): Elementwise (
          (0): Embedding(10841, 500, padding_idx=1)
        )
      )
    )
    (dropout): Dropout (p = 0.3)
    (rnn): LSTM(500, 500, dropout=0.3)
  )
  (decoder): InputFeedRNNDecoder (
    (embeddings): Embeddings (
      (make_embedding): Sequential (
        (emb_luts): Elementwise (
          (0): Embedding(18563, 500, padding_idx=1)
        )
      )
    )
    (dropout): Dropout (p = 0.3)
    (rnn): StackedLSTM (
      (dropout): Dropout (p = 0.3)
      (layers): ModuleList (
        (0): LSTMCell(1000, 500)
      )
    )
    (attn): GlobalAttention (
      (linear_in): Linear (500 -> 500)
      (linear_out): Linear (1000 -> 500)
      (sm): Softmax ()
      (tanh): Tanh ()
    )
  )
  (generator): Sequential (
    (0): Linear (500 -> 18563)
    (1): LogSoftmax ()
  )
)
* number of parameters: 29760063
('encoder: ', 7424500)
('decoder: ', 22335563)

Epoch  1,    50/  454; acc:   8.52; ppl: 35878.92; 4871 src tok/s; 5103 tgt tok/s;      8 s elapsed
Epoch  1,   100/  454; acc:  14.04; ppl: 2622.16; 5341 src tok/s; 5517 tgt tok/s;     17 s elapsed
Epoch  1,   150/  454; acc:  17.83; ppl: 615.62; 5360 src tok/s; 5617 tgt tok/s;     24 s elapsed
Epoch  1,   200/  454; acc:  19.32; ppl: 314.24; 5320 src tok/s; 5496 tgt tok/s;     32 s elapsed
Epoch  1,   250/  454; acc:  22.86; ppl: 189.63; 5334 src tok/s; 5547 tgt tok/s;     40 s elapsed
Epoch  1,   300/  454; acc:  26.05; ppl: 131.89; 5302 src tok/s; 5459 tgt tok/s;     48 s elapsed
Epoch  1,   350/  454; acc:  29.50; ppl:  95.90; 5285 src tok/s; 5507 tgt tok/s;     56 s elapsed
Epoch  1,   400/  454; acc:  30.50; ppl:  81.18; 5449 src tok/s; 5614 tgt tok/s;     63 s elapsed
Epoch  1,   450/  454; acc:  31.96; ppl:  72.99; 5324 src tok/s; 5540 tgt tok/s;     71 s elapsed
Train perplexity: 391.378
Train accuracy: 22.3644
Validation perplexity: 65.5367
Validation accuracy: 32.3755

Epoch  2,    50/  454; acc:  35.42; ppl:  54.30; 5261 src tok/s; 5498 tgt tok/s;      7 s elapsed
Epoch  2,   100/  454; acc:  34.94; ppl:  56.06; 5328 src tok/s; 5484 tgt tok/s;     16 s elapsed
Epoch  2,   150/  454; acc:  38.40; ppl:  44.64; 5347 src tok/s; 5526 tgt tok/s;     24 s elapsed
Epoch  2,   200/  454; acc:  40.71; ppl:  36.87; 5275 src tok/s; 5499 tgt tok/s;     32 s elapsed
Epoch  2,   250/  454; acc:  42.91; ppl:  32.45; 5302 src tok/s; 5494 tgt tok/s;     40 s elapsed
Epoch  2,   300/  454; acc:  46.00; ppl:  27.14; 5277 src tok/s; 5494 tgt tok/s;     47 s elapsed
Epoch  2,   350/  454; acc:  46.68; ppl:  25.21; 5396 src tok/s; 5563 tgt tok/s;     56 s elapsed
Epoch  2,   400/  454; acc:  50.42; ppl:  20.79; 5349 src tok/s; 5584 tgt tok/s;     63 s elapsed
Epoch  2,   450/  454; acc:  50.01; ppl:  19.85; 5237 src tok/s; 5447 tgt tok/s;     71 s elapsed
Train perplexity: 32.8332
Train accuracy: 42.899
Validation perplexity: 16.4886
Validation accuracy: 53.3773

Epoch  3,    50/  454; acc:  52.54; ppl:  16.29; 5298 src tok/s; 5443 tgt tok/s;      9 s elapsed
Epoch  3,   100/  454; acc:  55.66; ppl:  13.78; 5236 src tok/s; 5515 tgt tok/s;     16 s elapsed
Epoch  3,   150/  454; acc:  54.98; ppl:  14.32; 5339 src tok/s; 5521 tgt tok/s;     24 s elapsed
Epoch  3,   200/  454; acc:  55.86; ppl:  13.74; 5382 src tok/s; 5574 tgt tok/s;     32 s elapsed
Epoch  3,   250/  454; acc:  56.68; ppl:  12.57; 5380 src tok/s; 5575 tgt tok/s;     39 s elapsed
Epoch  3,   300/  454; acc:  56.70; ppl:  12.62; 5333 src tok/s; 5529 tgt tok/s;     47 s elapsed
Epoch  3,   350/  454; acc:  57.39; ppl:  12.14; 5470 src tok/s; 5658 tgt tok/s;     55 s elapsed
Epoch  3,   400/  454; acc:  58.83; ppl:  10.98; 5294 src tok/s; 5546 tgt tok/s;     63 s elapsed
Epoch  3,   450/  454; acc:  58.33; ppl:  11.36; 5234 src tok/s; 5426 tgt tok/s;     71 s elapsed
Train perplexity: 13.0055
Train accuracy: 56.3248
Validation perplexity: 10.1736
Validation accuracy: 60.4938

Epoch  4,    50/  454; acc:  61.27; ppl:   8.62; 5219 src tok/s; 5446 tgt tok/s;      8 s elapsed
Epoch  4,   100/  454; acc:  61.33; ppl:   8.78; 5445 src tok/s; 5649 tgt tok/s;     16 s elapsed
Epoch  4,   150/  454; acc:  61.41; ppl:   8.61; 5311 src tok/s; 5535 tgt tok/s;     23 s elapsed
Epoch  4,   200/  454; acc:  61.11; ppl:   8.89; 5343 src tok/s; 5499 tgt tok/s;     31 s elapsed
Epoch  4,   250/  454; acc:  62.24; ppl:   8.28; 5304 src tok/s; 5510 tgt tok/s;     39 s elapsed
Epoch  4,   300/  454; acc:  61.97; ppl:   8.45; 5443 src tok/s; 5628 tgt tok/s;     47 s elapsed
Epoch  4,   350/  454; acc:  62.82; ppl:   7.91; 5174 src tok/s; 5391 tgt tok/s;     55 s elapsed
Epoch  4,   400/  454; acc:  62.30; ppl:   7.98; 5397 src tok/s; 5583 tgt tok/s;     63 s elapsed
Epoch  4,   450/  454; acc:  62.32; ppl:   8.09; 5289 src tok/s; 5518 tgt tok/s;     71 s elapsed
Train perplexity: 8.42023
Train accuracy: 61.8182
Validation perplexity: 8.20898
Validation accuracy: 63.339

Epoch  5,    50/  454; acc:  65.94; ppl:   6.07; 5353 src tok/s; 5582 tgt tok/s;      8 s elapsed
Epoch  5,   100/  454; acc:  64.98; ppl:   6.40; 5332 src tok/s; 5496 tgt tok/s;     16 s elapsed
Epoch  5,   150/  454; acc:  65.11; ppl:   6.31; 5353 src tok/s; 5555 tgt tok/s;     23 s elapsed
Epoch  5,   200/  454; acc:  65.08; ppl:   6.38; 5334 src tok/s; 5528 tgt tok/s;     31 s elapsed
Epoch  5,   250/  454; acc:  65.86; ppl:   6.11; 5378 src tok/s; 5594 tgt tok/s;     39 s elapsed
Epoch  5,   300/  454; acc:  64.34; ppl:   6.66; 5296 src tok/s; 5512 tgt tok/s;     47 s elapsed
Epoch  5,   350/  454; acc:  65.09; ppl:   6.37; 5343 src tok/s; 5575 tgt tok/s;     55 s elapsed
Epoch  5,   400/  454; acc:  65.22; ppl:   6.39; 5284 src tok/s; 5467 tgt tok/s;     63 s elapsed
Epoch  5,   450/  454; acc:  65.21; ppl:   6.43; 5222 src tok/s; 5410 tgt tok/s;     71 s elapsed
Train perplexity: 6.35383
Train accuracy: 65.1802
Validation perplexity: 7.25416
Validation accuracy: 65.0561

Epoch  6,    50/  454; acc:  69.06; ppl:   4.73; 5146 src tok/s; 5411 tgt tok/s;      8 s elapsed
Epoch  6,   100/  454; acc:  67.78; ppl:   5.14; 5415 src tok/s; 5561 tgt tok/s;     16 s elapsed
Epoch  6,   150/  454; acc:  67.84; ppl:   5.14; 5414 src tok/s; 5576 tgt tok/s;     24 s elapsed
Epoch  6,   200/  454; acc:  68.45; ppl:   4.97; 5322 src tok/s; 5567 tgt tok/s;     31 s elapsed
Epoch  6,   250/  454; acc:  68.15; ppl:   5.13; 5160 src tok/s; 5353 tgt tok/s;     39 s elapsed
Epoch  6,   300/  454; acc:  67.07; ppl:   5.40; 5359 src tok/s; 5559 tgt tok/s;     47 s elapsed
Epoch  6,   350/  454; acc:  67.26; ppl:   5.33; 5378 src tok/s; 5565 tgt tok/s;     55 s elapsed
Epoch  6,   400/  454; acc:  68.07; ppl:   4.97; 5498 src tok/s; 5716 tgt tok/s;     63 s elapsed
Epoch  6,   450/  454; acc:  67.31; ppl:   5.30; 5189 src tok/s; 5384 tgt tok/s;     71 s elapsed
Train perplexity: 5.12201
Train accuracy: 67.8787
Validation perplexity: 7.04428
Validation accuracy: 65.0419

Epoch  7,    50/  454; acc:  70.52; ppl:   4.16; 5213 src tok/s; 5395 tgt tok/s;      8 s elapsed
Epoch  7,   100/  454; acc:  70.43; ppl:   4.20; 5251 src tok/s; 5475 tgt tok/s;     16 s elapsed
Epoch  7,   150/  454; acc:  69.76; ppl:   4.31; 5420 src tok/s; 5607 tgt tok/s;     24 s elapsed
Epoch  7,   200/  454; acc:  70.74; ppl:   4.10; 5290 src tok/s; 5510 tgt tok/s;     32 s elapsed
Epoch  7,   250/  454; acc:  69.09; ppl:   4.52; 5378 src tok/s; 5540 tgt tok/s;     40 s elapsed
Epoch  7,   300/  454; acc:  70.53; ppl:   4.09; 5320 src tok/s; 5570 tgt tok/s;     47 s elapsed
Epoch  7,   350/  454; acc:  69.75; ppl:   4.38; 5337 src tok/s; 5556 tgt tok/s;     55 s elapsed
Epoch  7,   400/  454; acc:  69.31; ppl:   4.42; 5404 src tok/s; 5567 tgt tok/s;     63 s elapsed
Epoch  7,   450/  454; acc:  69.28; ppl:   4.49; 5231 src tok/s; 5433 tgt tok/s;     71 s elapsed
Train perplexity: 4.2889
Train accuracy: 69.9492
Validation perplexity: 6.64281
Validation accuracy: 66.3687

Epoch  8,    50/  454; acc:  72.27; ppl:   3.64; 5298 src tok/s; 5479 tgt tok/s;      8 s elapsed
Epoch  8,   100/  454; acc:  73.31; ppl:   3.39; 5393 src tok/s; 5620 tgt tok/s;     16 s elapsed
Epoch  8,   150/  454; acc:  72.09; ppl:   3.63; 5239 src tok/s; 5444 tgt tok/s;     24 s elapsed
Epoch  8,   200/  454; acc:  71.50; ppl:   3.74; 5410 src tok/s; 5581 tgt tok/s;     31 s elapsed
Epoch  8,   250/  454; acc:  72.23; ppl:   3.58; 5354 src tok/s; 5595 tgt tok/s;     39 s elapsed
Epoch  8,   300/  454; acc:  70.89; ppl:   3.99; 5347 src tok/s; 5521 tgt tok/s;     47 s elapsed
Epoch  8,   350/  454; acc:  72.16; ppl:   3.64; 5253 src tok/s; 5505 tgt tok/s;     55 s elapsed
Epoch  8,   400/  454; acc:  70.37; ppl:   3.96; 5357 src tok/s; 5524 tgt tok/s;     63 s elapsed
Epoch  8,   450/  454; acc:  71.61; ppl:   3.75; 5416 src tok/s; 5634 tgt tok/s;     71 s elapsed
Train perplexity: 3.70904
Train accuracy: 71.7769
Validation perplexity: 6.56268
Validation accuracy: 66.9647
Decaying learning rate to 0.5

Epoch  9,    50/  454; acc:  76.32; ppl:   2.88; 5341 src tok/s; 5522 tgt tok/s;      8 s elapsed
Epoch  9,   100/  454; acc:  76.75; ppl:   2.77; 5378 src tok/s; 5606 tgt tok/s;     16 s elapsed
Epoch  9,   150/  454; acc:  77.17; ppl:   2.70; 5199 src tok/s; 5434 tgt tok/s;     23 s elapsed
Epoch  9,   200/  454; acc:  76.29; ppl:   2.81; 5423 src tok/s; 5618 tgt tok/s;     31 s elapsed
Epoch  9,   250/  454; acc:  77.70; ppl:   2.64; 5348 src tok/s; 5584 tgt tok/s;     39 s elapsed
Epoch  9,   300/  454; acc:  75.70; ppl:   2.94; 5308 src tok/s; 5458 tgt tok/s;     47 s elapsed
Epoch  9,   350/  454; acc:  76.06; ppl:   2.90; 5375 src tok/s; 5564 tgt tok/s;     55 s elapsed
Epoch  9,   400/  454; acc:  77.33; ppl:   2.65; 5399 src tok/s; 5616 tgt tok/s;     63 s elapsed
Epoch  9,   450/  454; acc:  76.22; ppl:   2.84; 5320 src tok/s; 5525 tgt tok/s;     70 s elapsed
Train perplexity: 2.79411
Train accuracy: 76.5905
Validation perplexity: 6.05859
Validation accuracy: 68.7456
Decaying learning rate to 0.25

Epoch 10,    50/  454; acc:  81.08; ppl:   2.24; 5354 src tok/s; 5527 tgt tok/s;      8 s elapsed
Epoch 10,   100/  454; acc:  80.09; ppl:   2.34; 5350 src tok/s; 5571 tgt tok/s;     16 s elapsed
Epoch 10,   150/  454; acc:  79.62; ppl:   2.39; 5357 src tok/s; 5533 tgt tok/s;     24 s elapsed
Epoch 10,   200/  454; acc:  80.51; ppl:   2.29; 5225 src tok/s; 5485 tgt tok/s;     32 s elapsed
Epoch 10,   250/  454; acc:  79.26; ppl:   2.38; 5283 src tok/s; 5481 tgt tok/s;     40 s elapsed
Epoch 10,   300/  454; acc:  80.76; ppl:   2.25; 5386 src tok/s; 5592 tgt tok/s;     47 s elapsed
Epoch 10,   350/  454; acc:  79.40; ppl:   2.40; 5395 src tok/s; 5570 tgt tok/s;     55 s elapsed
Epoch 10,   400/  454; acc:  80.20; ppl:   2.28; 5356 src tok/s; 5587 tgt tok/s;     63 s elapsed
Epoch 10,   450/  454; acc:  80.15; ppl:   2.31; 5396 src tok/s; 5578 tgt tok/s;     70 s elapsed
Train perplexity: 2.32177
Train accuracy: 80.0912
Validation perplexity: 6.10851
Validation accuracy: 69.8666
Decaying learning rate to 0.125

Epoch 11,    50/  454; acc:  81.92; ppl:   2.14; 5347 src tok/s; 5533 tgt tok/s;      8 s elapsed
Epoch 11,   100/  454; acc:  82.62; ppl:   2.08; 5367 src tok/s; 5566 tgt tok/s;     16 s elapsed
Epoch 11,   150/  454; acc:  82.21; ppl:   2.09; 5377 src tok/s; 5583 tgt tok/s;     24 s elapsed
Epoch 11,   200/  454; acc:  82.35; ppl:   2.08; 5295 src tok/s; 5512 tgt tok/s;     31 s elapsed
Epoch 11,   250/  454; acc:  82.96; ppl:   2.00; 5278 src tok/s; 5522 tgt tok/s;     39 s elapsed
Epoch 11,   300/  454; acc:  81.59; ppl:   2.17; 5419 src tok/s; 5582 tgt tok/s;     47 s elapsed
Epoch 11,   350/  454; acc:  81.54; ppl:   2.18; 5391 src tok/s; 5570 tgt tok/s;     55 s elapsed
Epoch 11,   400/  454; acc:  82.43; ppl:   2.07; 5239 src tok/s; 5479 tgt tok/s;     63 s elapsed
Epoch 11,   450/  454; acc:  82.09; ppl:   2.11; 5291 src tok/s; 5495 tgt tok/s;     71 s elapsed
Train perplexity: 2.10479
Train accuracy: 82.1618
Validation perplexity: 6.13344
Validation accuracy: 69.9801
Decaying learning rate to 0.0625

Epoch 12,    50/  454; acc:  83.38; ppl:   1.97; 5302 src tok/s; 5521 tgt tok/s;      8 s elapsed
Epoch 12,   100/  454; acc:  83.31; ppl:   1.99; 5423 src tok/s; 5623 tgt tok/s;     16 s elapsed
Epoch 12,   150/  454; acc:  81.90; ppl:   2.12; 5440 src tok/s; 5590 tgt tok/s;     24 s elapsed
Epoch 12,   200/  454; acc:  84.19; ppl:   1.91; 5236 src tok/s; 5475 tgt tok/s;     31 s elapsed
Epoch 12,   250/  454; acc:  83.08; ppl:   2.02; 5345 src tok/s; 5536 tgt tok/s;     39 s elapsed
Epoch 12,   300/  454; acc:  83.64; ppl:   1.95; 5245 src tok/s; 5460 tgt tok/s;     47 s elapsed
Epoch 12,   350/  454; acc:  82.38; ppl:   2.08; 5399 src tok/s; 5577 tgt tok/s;     55 s elapsed
Epoch 12,   400/  454; acc:  83.55; ppl:   1.94; 5354 src tok/s; 5600 tgt tok/s;     63 s elapsed
Epoch 12,   450/  454; acc:  82.98; ppl:   2.03; 5359 src tok/s; 5548 tgt tok/s;     70 s elapsed
Train perplexity: 2.00304
Train accuracy: 83.1134
Validation perplexity: 6.2325
Validation accuracy: 70.122
Decaying learning rate to 0.03125

Epoch 13,    50/  454; acc:  84.09; ppl:   1.94; 5175 src tok/s; 5407 tgt tok/s;      8 s elapsed
Epoch 13,   100/  454; acc:  83.70; ppl:   1.95; 5446 src tok/s; 5619 tgt tok/s;     16 s elapsed
Epoch 13,   150/  454; acc:  84.06; ppl:   1.92; 5319 src tok/s; 5532 tgt tok/s;     24 s elapsed
Epoch 13,   200/  454; acc:  83.43; ppl:   1.99; 5329 src tok/s; 5546 tgt tok/s;     32 s elapsed
Epoch 13,   250/  454; acc:  82.73; ppl:   2.05; 5399 src tok/s; 5560 tgt tok/s;     40 s elapsed
Epoch 13,   300/  454; acc:  84.14; ppl:   1.89; 5344 src tok/s; 5564 tgt tok/s;     47 s elapsed
Epoch 13,   350/  454; acc:  83.64; ppl:   1.96; 5492 src tok/s; 5696 tgt tok/s;     55 s elapsed
Epoch 13,   400/  454; acc:  83.75; ppl:   1.96; 5314 src tok/s; 5531 tgt tok/s;     63 s elapsed
Epoch 13,   450/  454; acc:  83.89; ppl:   1.92; 5288 src tok/s; 5484 tgt tok/s;     70 s elapsed
Train perplexity: 1.9554
Train accuracy: 83.6786
Validation perplexity: 6.27034
Validation accuracy: 70.0227
Decaying learning rate to 0.015625

Epoch 14,    50/  454; acc:  84.43; ppl:   1.91; 5349 src tok/s; 5544 tgt tok/s;      8 s elapsed
Epoch 14,   100/  454; acc:  83.76; ppl:   1.97; 5387 src tok/s; 5572 tgt tok/s;     16 s elapsed
Epoch 14,   150/  454; acc:  83.99; ppl:   1.92; 5446 src tok/s; 5666 tgt tok/s;     24 s elapsed
Epoch 14,   200/  454; acc:  84.06; ppl:   1.94; 5313 src tok/s; 5523 tgt tok/s;     31 s elapsed
Epoch 14,   250/  454; acc:  84.63; ppl:   1.88; 5405 src tok/s; 5635 tgt tok/s;     39 s elapsed
Epoch 14,   300/  454; acc:  83.58; ppl:   1.97; 5396 src tok/s; 5552 tgt tok/s;     47 s elapsed
Epoch 14,   350/  454; acc:  84.48; ppl:   1.87; 5165 src tok/s; 5403 tgt tok/s;     54 s elapsed
Epoch 14,   400/  454; acc:  83.41; ppl:   2.00; 5389 src tok/s; 5570 tgt tok/s;     63 s elapsed
Epoch 14,   450/  454; acc:  84.06; ppl:   1.93; 5131 src tok/s; 5356 tgt tok/s;     71 s elapsed
Train perplexity: 1.93274
Train accuracy: 84.0012
Validation perplexity: 6.27949
Validation accuracy: 69.9234
Decaying learning rate to 0.0078125

Epoch 15,    50/  454; acc:  84.03; ppl:   1.93; 5290 src tok/s; 5466 tgt tok/s;      8 s elapsed
Epoch 15,   100/  454; acc:  84.67; ppl:   1.89; 5321 src tok/s; 5580 tgt tok/s;     16 s elapsed
Epoch 15,   150/  454; acc:  83.82; ppl:   1.94; 5448 src tok/s; 5642 tgt tok/s;     24 s elapsed
Epoch 15,   200/  454; acc:  84.06; ppl:   1.92; 5363 src tok/s; 5584 tgt tok/s;     31 s elapsed
Epoch 15,   250/  454; acc:  83.97; ppl:   1.96; 5338 src tok/s; 5500 tgt tok/s;     39 s elapsed
Epoch 15,   300/  454; acc:  84.40; ppl:   1.88; 5364 src tok/s; 5570 tgt tok/s;     47 s elapsed
Epoch 15,   350/  454; acc:  84.20; ppl:   1.93; 5249 src tok/s; 5454 tgt tok/s;     55 s elapsed
Epoch 15,   400/  454; acc:  84.15; ppl:   1.92; 5332 src tok/s; 5525 tgt tok/s;     63 s elapsed
Epoch 15,   450/  454; acc:  83.97; ppl:   1.93; 5339 src tok/s; 5544 tgt tok/s;     71 s elapsed
Train perplexity: 1.92037
Train accuracy: 84.1509
Validation perplexity: 6.29068
Validation accuracy: 69.9588
Decaying learning rate to 0.00390625

Epoch 16,    50/  454; acc:  83.86; ppl:   1.92; 5405 src tok/s; 5605 tgt tok/s;      8 s elapsed
Epoch 16,   100/  454; acc:  84.38; ppl:   1.91; 5173 src tok/s; 5384 tgt tok/s;     16 s elapsed
Epoch 16,   150/  454; acc:  84.44; ppl:   1.89; 5413 src tok/s; 5607 tgt tok/s;     24 s elapsed
Epoch 16,   200/  454; acc:  84.24; ppl:   1.93; 5289 src tok/s; 5506 tgt tok/s;     32 s elapsed
Epoch 16,   250/  454; acc:  84.54; ppl:   1.86; 5241 src tok/s; 5478 tgt tok/s;     39 s elapsed
Epoch 16,   300/  454; acc:  84.05; ppl:   1.95; 5452 src tok/s; 5642 tgt tok/s;     47 s elapsed
Epoch 16,   350/  454; acc:  84.86; ppl:   1.87; 5362 src tok/s; 5614 tgt tok/s;     55 s elapsed
Epoch 16,   400/  454; acc:  83.48; ppl:   1.98; 5428 src tok/s; 5574 tgt tok/s;     63 s elapsed
Epoch 16,   450/  454; acc:  83.97; ppl:   1.93; 5358 src tok/s; 5542 tgt tok/s;     70 s elapsed
Train perplexity: 1.91495
Train accuracy: 84.1867
Validation perplexity: 6.29639
Validation accuracy: 69.973
Decaying learning rate to 0.00195312

Epoch 17,    50/  454; acc:  83.87; ppl:   1.94; 5258 src tok/s; 5454 tgt tok/s;      8 s elapsed
Epoch 17,   100/  454; acc:  84.24; ppl:   1.87; 5338 src tok/s; 5568 tgt tok/s;     16 s elapsed
Epoch 17,   150/  454; acc:  83.70; ppl:   1.95; 5349 src tok/s; 5544 tgt tok/s;     24 s elapsed
Epoch 17,   200/  454; acc:  84.55; ppl:   1.88; 5344 src tok/s; 5581 tgt tok/s;     32 s elapsed
Epoch 17,   250/  454; acc:  84.29; ppl:   1.91; 5452 src tok/s; 5654 tgt tok/s;     39 s elapsed
Epoch 17,   300/  454; acc:  84.14; ppl:   1.92; 5340 src tok/s; 5545 tgt tok/s;     47 s elapsed
Epoch 17,   350/  454; acc:  84.56; ppl:   1.87; 5374 src tok/s; 5564 tgt tok/s;     55 s elapsed
Epoch 17,   400/  454; acc:  83.80; ppl:   1.95; 5413 src tok/s; 5603 tgt tok/s;     63 s elapsed
Epoch 17,   450/  454; acc:  84.54; ppl:   1.89; 5269 src tok/s; 5439 tgt tok/s;     70 s elapsed
Train perplexity: 1.91016
Train accuracy: 84.1901
Validation perplexity: 6.29925
Validation accuracy: 69.9872
Decaying learning rate to 0.000976562
