<module 'opts' from '/u/suhubdyd/research/projects/jumble_lstm/code/auxiliary-nmt/opts.pyc'>
Namespace(batch_size=64, brnn=False, brnn_merge='concat', cnn_kernel_width=3, context_gate=None, copy_attn=False, copy_attn_force=False, coverage_attn=False, data='/data/lisatmp3/suhubdyd/multi30k.atok.low', dec_layers=1, decay_method='', decoder_type='rnn', dropout=0.3, enc_layers=2, encoder_type='rnn', epochs=17, exp='', exp_host='', feat_merge='concat', feat_vec_exponent=0.7, feat_vec_size=-1, fix_word_vecs_dec=False, fix_word_vecs_enc=False, global_attention='general', gpuid=[0], input_feed=1, kappa_dec=0.3, kappa_enc=0.1, lambda_coverage=1, layers=-1, learning_rate=1.0, learning_rate_decay=0.5, max_generator_batches=32, max_grad_norm=5, model_type='text', optim='sgd', param_init=0.1, position_encoding=False, pre_word_vecs_dec=None, pre_word_vecs_enc=None, report_every=50, rnn_size=500, rnn_type='LSTM', save_model='/data/lisatmp3/suhubdyd/models/encoder0.10decoder0.30dropout0.3wdropFalse', seed=-1, share_decoder_embeddings=False, share_embeddings=False, src_word_vec_size=500, start_checkpoint_at=0, start_decay_at=8, start_epoch=1, tgt_word_vec_size=500, train_from='', truncated_decoder=0, warmup_steps=4000, weightdropout=False, word_vec_size=-1)
('Using Kappa L2 loss on encoder', 0.1)
('Using Kappa L2 loss on decoder', 0.3)
Loading train and validate data from '/data/lisatmp3/suhubdyd/multi30k.atok.low'
 * number of training sentences: 29000
 * maximum batch size: 64
 * vocabulary size. source = 10841; target = 18563
Building model...
Intializing model parameters.
NMTModel (
  (encoder): RNNEncoder (
    (embeddings): Embeddings (
      (make_embedding): Sequential (
        (emb_luts): Elementwise (
          (0): Embedding(10841, 500, padding_idx=1)
        )
      )
    )
    (dropout): Dropout (p = 0.3)
    (rnn): LSTM(500, 500, dropout=0.3)
  )
  (decoder): InputFeedRNNDecoder (
    (embeddings): Embeddings (
      (make_embedding): Sequential (
        (emb_luts): Elementwise (
          (0): Embedding(18563, 500, padding_idx=1)
        )
      )
    )
    (dropout): Dropout (p = 0.3)
    (rnn): StackedLSTM (
      (dropout): Dropout (p = 0.3)
      (layers): ModuleList (
        (0): LSTMCell(1000, 500)
      )
    )
    (attn): GlobalAttention (
      (linear_in): Linear (500 -> 500)
      (linear_out): Linear (1000 -> 500)
      (sm): Softmax ()
      (tanh): Tanh ()
    )
  )
  (generator): Sequential (
    (0): Linear (500 -> 18563)
    (1): LogSoftmax ()
  )
)
* number of parameters: 29760063
('encoder: ', 7424500)
('decoder: ', 22335563)

Epoch  1,    50/  454; acc:   8.86; ppl: 26590.98; 2778 src tok/s; 2872 tgt tok/s;     16 s elapsed
Epoch  1,   100/  454; acc:  14.51; ppl: 1932.34; 2868 src tok/s; 2976 tgt tok/s;     30 s elapsed
Epoch  1,   150/  454; acc:  18.79; ppl: 493.75; 2766 src tok/s; 2872 tgt tok/s;     45 s elapsed
Epoch  1,   200/  454; acc:  20.94; ppl: 282.51; 2768 src tok/s; 2866 tgt tok/s;     60 s elapsed
Epoch  1,   250/  454; acc:  24.90; ppl: 166.61; 2741 src tok/s; 2863 tgt tok/s;     75 s elapsed
Epoch  1,   300/  454; acc:  26.84; ppl: 128.02; 2750 src tok/s; 2847 tgt tok/s;     91 s elapsed
Epoch  1,   350/  454; acc:  29.08; ppl:  99.73; 2943 src tok/s; 3052 tgt tok/s;    105 s elapsed
Epoch  1,   400/  454; acc:  32.46; ppl:  75.43; 2667 src tok/s; 2771 tgt tok/s;    121 s elapsed
Epoch  1,   450/  454; acc:  31.66; ppl:  73.61; 2691 src tok/s; 2791 tgt tok/s;    136 s elapsed
Train perplexity: 350.72
Train accuracy: 23.2138
Validation perplexity: 57.7464
Validation accuracy: 32.9573

Epoch  2,    50/  454; acc:  35.68; ppl:  55.68; 2795 src tok/s; 2910 tgt tok/s;     15 s elapsed
Epoch  2,   100/  454; acc:  37.64; ppl:  47.91; 2817 src tok/s; 2937 tgt tok/s;     30 s elapsed
Epoch  2,   150/  454; acc:  40.09; ppl:  40.59; 2908 src tok/s; 3014 tgt tok/s;     45 s elapsed
Epoch  2,   200/  454; acc:  43.81; ppl:  31.73; 2671 src tok/s; 2770 tgt tok/s;     60 s elapsed
Epoch  2,   250/  454; acc:  44.93; ppl:  28.72; 2851 src tok/s; 2939 tgt tok/s;     75 s elapsed
Epoch  2,   300/  454; acc:  47.93; ppl:  24.13; 2732 src tok/s; 2838 tgt tok/s;     90 s elapsed
Epoch  2,   350/  454; acc:  49.57; ppl:  21.13; 2744 src tok/s; 2879 tgt tok/s;    105 s elapsed
Epoch  2,   400/  454; acc:  49.89; ppl:  20.89; 2831 src tok/s; 2925 tgt tok/s;    120 s elapsed
Epoch  2,   450/  454; acc:  52.50; ppl:  17.69; 2740 src tok/s; 2832 tgt tok/s;    135 s elapsed
Train perplexity: 29.7891
Train accuracy: 44.6762
Validation perplexity: 15.5178
Validation accuracy: 54.2855

Epoch  3,    50/  454; acc:  54.84; ppl:  14.30; 2792 src tok/s; 2919 tgt tok/s;     14 s elapsed
Epoch  3,   100/  454; acc:  54.12; ppl:  14.82; 2748 src tok/s; 2842 tgt tok/s;     30 s elapsed
Epoch  3,   150/  454; acc:  56.29; ppl:  13.22; 2700 src tok/s; 2835 tgt tok/s;     45 s elapsed
Epoch  3,   200/  454; acc:  55.62; ppl:  13.37; 2753 src tok/s; 2837 tgt tok/s;     61 s elapsed
Epoch  3,   250/  454; acc:  57.21; ppl:  12.21; 2742 src tok/s; 2833 tgt tok/s;     76 s elapsed
Epoch  3,   300/  454; acc:  57.13; ppl:  12.30; 2896 src tok/s; 2995 tgt tok/s;     91 s elapsed
Epoch  3,   350/  454; acc:  58.28; ppl:  11.43; 2736 src tok/s; 2841 tgt tok/s;    106 s elapsed
Epoch  3,   400/  454; acc:  58.17; ppl:  11.29; 2687 src tok/s; 2789 tgt tok/s;    122 s elapsed
Epoch  3,   450/  454; acc:  59.01; ppl:  10.65; 2896 src tok/s; 3004 tgt tok/s;    136 s elapsed
Train perplexity: 12.5276
Train accuracy: 56.7756
Validation perplexity: 10.5663
Validation accuracy: 58.8052

Epoch  4,    50/  454; acc:  61.61; ppl:   8.65; 2775 src tok/s; 2884 tgt tok/s;     15 s elapsed
Epoch  4,   100/  454; acc:  61.16; ppl:   8.78; 2864 src tok/s; 2978 tgt tok/s;     30 s elapsed
Epoch  4,   150/  454; acc:  62.20; ppl:   8.31; 2639 src tok/s; 2738 tgt tok/s;     45 s elapsed
Epoch  4,   200/  454; acc:  60.93; ppl:   8.73; 2901 src tok/s; 3003 tgt tok/s;     60 s elapsed
Epoch  4,   250/  454; acc:  61.35; ppl:   8.55; 2697 src tok/s; 2809 tgt tok/s;     76 s elapsed
Epoch  4,   300/  454; acc:  62.70; ppl:   7.96; 2735 src tok/s; 2838 tgt tok/s;     91 s elapsed
Epoch  4,   350/  454; acc:  62.75; ppl:   7.96; 2759 src tok/s; 2860 tgt tok/s;    106 s elapsed
Epoch  4,   400/  454; acc:  62.40; ppl:   8.06; 2749 src tok/s; 2845 tgt tok/s;    122 s elapsed
Epoch  4,   450/  454; acc:  63.08; ppl:   7.70; 2849 src tok/s; 2955 tgt tok/s;    136 s elapsed
Train perplexity: 8.29042
Train accuracy: 62.022
Validation perplexity: 8.04118
Validation accuracy: 64.1053

Epoch  5,    50/  454; acc:  65.33; ppl:   6.35; 2757 src tok/s; 2859 tgt tok/s;     15 s elapsed
Epoch  5,   100/  454; acc:  64.89; ppl:   6.40; 2774 src tok/s; 2875 tgt tok/s;     30 s elapsed
Epoch  5,   150/  454; acc:  65.27; ppl:   6.42; 2802 src tok/s; 2915 tgt tok/s;     45 s elapsed
Epoch  5,   200/  454; acc:  65.13; ppl:   6.32; 2723 src tok/s; 2822 tgt tok/s;     61 s elapsed
Epoch  5,   250/  454; acc:  64.71; ppl:   6.55; 2984 src tok/s; 3099 tgt tok/s;     75 s elapsed
Epoch  5,   300/  454; acc:  66.37; ppl:   5.85; 2785 src tok/s; 2888 tgt tok/s;     90 s elapsed
Epoch  5,   350/  454; acc:  65.84; ppl:   6.18; 2698 src tok/s; 2815 tgt tok/s;    105 s elapsed
Epoch  5,   400/  454; acc:  65.19; ppl:   6.24; 2895 src tok/s; 3004 tgt tok/s;    120 s elapsed
Epoch  5,   450/  454; acc:  65.63; ppl:   6.26; 2775 src tok/s; 2871 tgt tok/s;    135 s elapsed
Train perplexity: 6.28468
Train accuracy: 65.3629
Validation perplexity: 7.56498
Validation accuracy: 64.68

Epoch  6,    50/  454; acc:  69.37; ppl:   4.75; 2900 src tok/s; 3014 tgt tok/s;     14 s elapsed
Epoch  6,   100/  454; acc:  67.08; ppl:   5.28; 2640 src tok/s; 2725 tgt tok/s;     30 s elapsed
Epoch  6,   150/  454; acc:  67.42; ppl:   5.30; 2869 src tok/s; 2968 tgt tok/s;     46 s elapsed
Epoch  6,   200/  454; acc:  68.41; ppl:   4.83; 2667 src tok/s; 2786 tgt tok/s;     61 s elapsed
Epoch  6,   250/  454; acc:  67.08; ppl:   5.36; 2727 src tok/s; 2810 tgt tok/s;     77 s elapsed
Epoch  6,   300/  454; acc:  69.20; ppl:   4.78; 2833 src tok/s; 2957 tgt tok/s;     91 s elapsed
Epoch  6,   350/  454; acc:  67.87; ppl:   5.07; 2778 src tok/s; 2886 tgt tok/s;    106 s elapsed
Epoch  6,   400/  454; acc:  66.85; ppl:   5.43; 2856 src tok/s; 2966 tgt tok/s;    121 s elapsed
Epoch  6,   450/  454; acc:  68.28; ppl:   5.06; 2799 src tok/s; 2902 tgt tok/s;    136 s elapsed
Train perplexity: 5.09198
Train accuracy: 67.9494
Validation perplexity: 6.96928
Validation accuracy: 65.8152

Epoch  7,    50/  454; acc:  71.32; ppl:   3.90; 2828 src tok/s; 2957 tgt tok/s;     15 s elapsed
Epoch  7,   100/  454; acc:  70.11; ppl:   4.22; 2940 src tok/s; 3046 tgt tok/s;     29 s elapsed
Epoch  7,   150/  454; acc:  69.75; ppl:   4.44; 2783 src tok/s; 2869 tgt tok/s;     45 s elapsed
Epoch  7,   200/  454; acc:  70.78; ppl:   4.08; 2816 src tok/s; 2922 tgt tok/s;     59 s elapsed
Epoch  7,   250/  454; acc:  70.34; ppl:   4.24; 2683 src tok/s; 2783 tgt tok/s;     74 s elapsed
Epoch  7,   300/  454; acc:  68.80; ppl:   4.55; 2613 src tok/s; 2717 tgt tok/s;     91 s elapsed
Epoch  7,   350/  454; acc:  70.53; ppl:   4.18; 2824 src tok/s; 2953 tgt tok/s;    105 s elapsed
Epoch  7,   400/  454; acc:  68.50; ppl:   4.67; 2675 src tok/s; 2760 tgt tok/s;    121 s elapsed
Epoch  7,   450/  454; acc:  69.17; ppl:   4.55; 2824 src tok/s; 2924 tgt tok/s;    136 s elapsed
Train perplexity: 4.30758
Train accuracy: 69.9147
Validation perplexity: 6.6304
Validation accuracy: 66.688

Epoch  8,    50/  454; acc:  73.76; ppl:   3.36; 2787 src tok/s; 2903 tgt tok/s;     15 s elapsed
Epoch  8,   100/  454; acc:  71.78; ppl:   3.76; 2831 src tok/s; 2928 tgt tok/s;     30 s elapsed
Epoch  8,   150/  454; acc:  72.22; ppl:   3.60; 2673 src tok/s; 2777 tgt tok/s;     45 s elapsed
Epoch  8,   200/  454; acc:  71.34; ppl:   3.80; 2752 src tok/s; 2867 tgt tok/s;     61 s elapsed
Epoch  8,   250/  454; acc:  70.86; ppl:   3.92; 2816 src tok/s; 2907 tgt tok/s;     76 s elapsed
Epoch  8,   300/  454; acc:  71.79; ppl:   3.66; 2680 src tok/s; 2788 tgt tok/s;     92 s elapsed
Epoch  8,   350/  454; acc:  72.51; ppl:   3.60; 2859 src tok/s; 2972 tgt tok/s;    106 s elapsed
Epoch  8,   400/  454; acc:  70.34; ppl:   4.02; 2802 src tok/s; 2897 tgt tok/s;    121 s elapsed
Epoch  8,   450/  454; acc:  70.74; ppl:   3.90; 2667 src tok/s; 2766 tgt tok/s;    137 s elapsed
Train perplexity: 3.73064
Train accuracy: 71.7141
Validation perplexity: 6.6362
Validation accuracy: 66.4822
Decaying learning rate to 0.5

Epoch  9,    50/  454; acc:  76.51; ppl:   2.81; 2811 src tok/s; 2937 tgt tok/s;     15 s elapsed
Epoch  9,   100/  454; acc:  76.29; ppl:   2.84; 2703 src tok/s; 2790 tgt tok/s;     30 s elapsed
Epoch  9,   150/  454; acc:  76.45; ppl:   2.85; 2748 src tok/s; 2828 tgt tok/s;     46 s elapsed
Epoch  9,   200/  454; acc:  76.95; ppl:   2.76; 2758 src tok/s; 2863 tgt tok/s;     61 s elapsed
Epoch  9,   250/  454; acc:  76.91; ppl:   2.75; 2745 src tok/s; 2856 tgt tok/s;     76 s elapsed
Epoch  9,   300/  454; acc:  76.31; ppl:   2.88; 2859 src tok/s; 2956 tgt tok/s;     91 s elapsed
Epoch  9,   350/  454; acc:  76.38; ppl:   2.82; 2743 src tok/s; 2835 tgt tok/s;    107 s elapsed
Epoch  9,   400/  454; acc:  77.10; ppl:   2.74; 2955 src tok/s; 3091 tgt tok/s;    120 s elapsed
Epoch  9,   450/  454; acc:  75.84; ppl:   2.91; 2700 src tok/s; 2811 tgt tok/s;    136 s elapsed
Train perplexity: 2.81597
Train accuracy: 76.5381
Validation perplexity: 6.17384
Validation accuracy: 68.6108
Decaying learning rate to 0.25

Epoch 10,    50/  454; acc:  79.42; ppl:   2.43; 2844 src tok/s; 2940 tgt tok/s;     15 s elapsed
Epoch 10,   100/  454; acc:  80.82; ppl:   2.24; 2826 src tok/s; 2948 tgt tok/s;     30 s elapsed
Epoch 10,   150/  454; acc:  79.97; ppl:   2.38; 2678 src tok/s; 2779 tgt tok/s;     46 s elapsed
Epoch 10,   200/  454; acc:  80.37; ppl:   2.31; 2842 src tok/s; 2954 tgt tok/s;     60 s elapsed
Epoch 10,   250/  454; acc:  79.96; ppl:   2.38; 2695 src tok/s; 2782 tgt tok/s;     76 s elapsed
Epoch 10,   300/  454; acc:  80.27; ppl:   2.30; 2727 src tok/s; 2831 tgt tok/s;     91 s elapsed
Epoch 10,   350/  454; acc:  80.77; ppl:   2.22; 2751 src tok/s; 2869 tgt tok/s;    106 s elapsed
Epoch 10,   400/  454; acc:  79.19; ppl:   2.43; 2672 src tok/s; 2761 tgt tok/s;    122 s elapsed
Epoch 10,   450/  454; acc:  79.88; ppl:   2.34; 2928 src tok/s; 3045 tgt tok/s;    136 s elapsed
Train perplexity: 2.33506
Train accuracy: 80.0749
Validation perplexity: 6.19008
Validation accuracy: 69.526
Decaying learning rate to 0.125

Epoch 11,    50/  454; acc:  82.28; ppl:   2.08; 2775 src tok/s; 2887 tgt tok/s;     15 s elapsed
Epoch 11,   100/  454; acc:  82.32; ppl:   2.09; 2821 src tok/s; 2928 tgt tok/s;     30 s elapsed
Epoch 11,   150/  454; acc:  81.21; ppl:   2.21; 2693 src tok/s; 2788 tgt tok/s;     46 s elapsed
Epoch 11,   200/  454; acc:  83.22; ppl:   2.01; 2697 src tok/s; 2812 tgt tok/s;     61 s elapsed
Epoch 11,   250/  454; acc:  82.80; ppl:   2.03; 2852 src tok/s; 2980 tgt tok/s;     75 s elapsed
Epoch 11,   300/  454; acc:  81.60; ppl:   2.16; 2757 src tok/s; 2842 tgt tok/s;     91 s elapsed
Epoch 11,   350/  454; acc:  82.85; ppl:   2.04; 2733 src tok/s; 2848 tgt tok/s;    106 s elapsed
Epoch 11,   400/  454; acc:  80.86; ppl:   2.24; 2814 src tok/s; 2898 tgt tok/s;    121 s elapsed
Epoch 11,   450/  454; acc:  81.29; ppl:   2.19; 2724 src tok/s; 2822 tgt tok/s;    137 s elapsed
Train perplexity: 2.11635
Train accuracy: 82.0402
Validation perplexity: 6.29481
Validation accuracy: 69.5544
Decaying learning rate to 0.0625

Epoch 12,    50/  454; acc:  83.27; ppl:   2.02; 2713 src tok/s; 2812 tgt tok/s;     16 s elapsed
Epoch 12,   100/  454; acc:  83.06; ppl:   2.01; 2758 src tok/s; 2859 tgt tok/s;     31 s elapsed
Epoch 12,   150/  454; acc:  82.54; ppl:   2.08; 2690 src tok/s; 2797 tgt tok/s;     47 s elapsed
Epoch 12,   200/  454; acc:  83.59; ppl:   1.95; 2715 src tok/s; 2813 tgt tok/s;     62 s elapsed
Epoch 12,   250/  454; acc:  83.34; ppl:   1.99; 2701 src tok/s; 2809 tgt tok/s;     77 s elapsed
Epoch 12,   300/  454; acc:  82.59; ppl:   2.04; 2779 src tok/s; 2885 tgt tok/s;     92 s elapsed
Epoch 12,   350/  454; acc:  83.24; ppl:   1.97; 2678 src tok/s; 2779 tgt tok/s;    108 s elapsed
Epoch 12,   400/  454; acc:  83.05; ppl:   2.02; 2945 src tok/s; 3059 tgt tok/s;    122 s elapsed
Epoch 12,   450/  454; acc:  82.86; ppl:   2.04; 2673 src tok/s; 2768 tgt tok/s;    138 s elapsed
Train perplexity: 2.01596
Train accuracy: 83.0579
Validation perplexity: 6.43483
Validation accuracy: 69.6892
Decaying learning rate to 0.03125

Epoch 13,    50/  454; acc:  83.66; ppl:   1.98; 2937 src tok/s; 3039 tgt tok/s;     14 s elapsed
Epoch 13,   100/  454; acc:  84.00; ppl:   1.93; 2675 src tok/s; 2766 tgt tok/s;     30 s elapsed
Epoch 13,   150/  454; acc:  83.39; ppl:   2.01; 2728 src tok/s; 2841 tgt tok/s;     45 s elapsed
Epoch 13,   200/  454; acc:  84.18; ppl:   1.92; 2878 src tok/s; 2995 tgt tok/s;     60 s elapsed
Epoch 13,   250/  454; acc:  83.36; ppl:   2.00; 2719 src tok/s; 2819 tgt tok/s;     75 s elapsed
Epoch 13,   300/  454; acc:  83.87; ppl:   1.94; 2872 src tok/s; 2972 tgt tok/s;     90 s elapsed
Epoch 13,   350/  454; acc:  83.48; ppl:   1.96; 2649 src tok/s; 2763 tgt tok/s;    105 s elapsed
Epoch 13,   400/  454; acc:  82.95; ppl:   2.02; 2763 src tok/s; 2861 tgt tok/s;    121 s elapsed
Epoch 13,   450/  454; acc:  83.41; ppl:   2.00; 2774 src tok/s; 2880 tgt tok/s;    136 s elapsed
Train perplexity: 1.97144
Train accuracy: 83.5962
Validation perplexity: 6.47945
Validation accuracy: 69.6254
Decaying learning rate to 0.015625

Epoch 14,    50/  454; acc:  83.73; ppl:   1.97; 2797 src tok/s; 2884 tgt tok/s;     15 s elapsed
Epoch 14,   100/  454; acc:  83.96; ppl:   1.93; 2804 src tok/s; 2903 tgt tok/s;     30 s elapsed
Epoch 14,   150/  454; acc:  83.73; ppl:   1.97; 2628 src tok/s; 2750 tgt tok/s;     45 s elapsed
Epoch 14,   200/  454; acc:  83.94; ppl:   1.92; 2813 src tok/s; 2904 tgt tok/s;     61 s elapsed
Epoch 14,   250/  454; acc:  83.47; ppl:   2.01; 2789 src tok/s; 2887 tgt tok/s;     76 s elapsed
Epoch 14,   300/  454; acc:  84.25; ppl:   1.92; 2725 src tok/s; 2836 tgt tok/s;     91 s elapsed
Epoch 14,   350/  454; acc:  84.32; ppl:   1.89; 2890 src tok/s; 3007 tgt tok/s;    106 s elapsed
Epoch 14,   400/  454; acc:  83.33; ppl:   1.99; 2687 src tok/s; 2797 tgt tok/s;    121 s elapsed
Epoch 14,   450/  454; acc:  83.97; ppl:   1.93; 2716 src tok/s; 2818 tgt tok/s;    137 s elapsed
Train perplexity: 1.94565
Train accuracy: 83.8684
Validation perplexity: 6.5052
Validation accuracy: 69.5686
Decaying learning rate to 0.0078125

Epoch 15,    50/  454; acc:  84.46; ppl:   1.90; 2602 src tok/s; 2726 tgt tok/s;     16 s elapsed
Epoch 15,   100/  454; acc:  83.33; ppl:   2.01; 2656 src tok/s; 2738 tgt tok/s;     32 s elapsed
Epoch 15,   150/  454; acc:  84.50; ppl:   1.88; 2859 src tok/s; 3001 tgt tok/s;     46 s elapsed
Epoch 15,   200/  454; acc:  83.27; ppl:   1.99; 2841 src tok/s; 2935 tgt tok/s;     62 s elapsed
Epoch 15,   250/  454; acc:  84.03; ppl:   1.94; 2698 src tok/s; 2801 tgt tok/s;     77 s elapsed
Epoch 15,   300/  454; acc:  84.13; ppl:   1.91; 2571 src tok/s; 2663 tgt tok/s;     93 s elapsed
Epoch 15,   350/  454; acc:  84.27; ppl:   1.91; 2602 src tok/s; 2698 tgt tok/s;    109 s elapsed
Epoch 15,   400/  454; acc:  83.45; ppl:   1.97; 2768 src tok/s; 2854 tgt tok/s;    125 s elapsed
Epoch 15,   450/  454; acc:  84.18; ppl:   1.92; 2620 src tok/s; 2713 tgt tok/s;    140 s elapsed
Train perplexity: 1.93361
Train accuracy: 83.9708
Validation perplexity: 6.51479
Validation accuracy: 69.5544
Decaying learning rate to 0.00390625

Epoch 16,    50/  454; acc:  83.51; ppl:   2.02; 2818 src tok/s; 2917 tgt tok/s;     15 s elapsed
Epoch 16,   100/  454; acc:  84.90; ppl:   1.84; 2723 src tok/s; 2824 tgt tok/s;     30 s elapsed
Epoch 16,   150/  454; acc:  83.82; ppl:   1.96; 2722 src tok/s; 2840 tgt tok/s;     46 s elapsed
Epoch 16,   200/  454; acc:  84.16; ppl:   1.92; 2777 src tok/s; 2898 tgt tok/s;     61 s elapsed
Epoch 16,   250/  454; acc:  85.54; ppl:   1.79; 2696 src tok/s; 2805 tgt tok/s;     76 s elapsed
Epoch 16,   300/  454; acc:  83.02; ppl:   2.03; 2835 src tok/s; 2915 tgt tok/s;     91 s elapsed
Epoch 16,   350/  454; acc:  83.21; ppl:   2.03; 2701 src tok/s; 2772 tgt tok/s;    108 s elapsed
Epoch 16,   400/  454; acc:  85.54; ppl:   1.80; 2773 src tok/s; 2910 tgt tok/s;    122 s elapsed
Epoch 16,   450/  454; acc:  83.80; ppl:   1.93; 2746 src tok/s; 2855 tgt tok/s;    137 s elapsed
Train perplexity: 1.92621
Train accuracy: 84.1302
Validation perplexity: 6.52254
Validation accuracy: 69.6112
Decaying learning rate to 0.00195312

Epoch 17,    50/  454; acc:  83.71; ppl:   1.98; 2753 src tok/s; 2854 tgt tok/s;     16 s elapsed
Epoch 17,   100/  454; acc:  84.85; ppl:   1.85; 2830 src tok/s; 2955 tgt tok/s;     30 s elapsed
Epoch 17,   150/  454; acc:  83.92; ppl:   1.96; 2662 src tok/s; 2764 tgt tok/s;     46 s elapsed
Epoch 17,   200/  454; acc:  83.99; ppl:   1.94; 2894 src tok/s; 2998 tgt tok/s;     61 s elapsed
Epoch 17,   250/  454; acc:  84.71; ppl:   1.88; 2771 src tok/s; 2880 tgt tok/s;     75 s elapsed
Epoch 17,   300/  454; acc:  83.32; ppl:   2.00; 2787 src tok/s; 2868 tgt tok/s;     91 s elapsed
Epoch 17,   350/  454; acc:  84.48; ppl:   1.89; 2865 src tok/s; 2991 tgt tok/s;    105 s elapsed
Epoch 17,   400/  454; acc:  83.72; ppl:   1.95; 2701 src tok/s; 2794 tgt tok/s;    121 s elapsed
Epoch 17,   450/  454; acc:  84.35; ppl:   1.91; 2800 src tok/s; 2909 tgt tok/s;    136 s elapsed
Train perplexity: 1.92713
Train accuracy: 84.1207
Validation perplexity: 6.52818
Validation accuracy: 69.6396
Decaying learning rate to 0.000976562
