<module 'opts' from '/u/suhubdyd/research/projects/jumble_lstm/code/auxiliary-nmt/opts.pyc'>
Namespace(batch_size=64, brnn=False, brnn_merge='concat', cnn_kernel_width=3, context_gate=None, copy_attn=False, copy_attn_force=False, coverage_attn=False, data='/data/lisatmp3/suhubdyd/multi30k.atok.low', dec_layers=1, decay_method='', decoder_type='rnn', dropout=0.3, enc_layers=2, encoder_type='rnn', epochs=17, exp='', exp_host='', feat_merge='concat', feat_vec_exponent=0.7, feat_vec_size=-1, fix_word_vecs_dec=False, fix_word_vecs_enc=False, global_attention='general', gpuid=[0], input_feed=1, kappa_dec=0.1, kappa_enc=0.1, lambda_coverage=1, layers=-1, learning_rate=1.0, learning_rate_decay=0.5, max_generator_batches=32, max_grad_norm=5, model_type='text', optim='sgd', param_init=0.1, position_encoding=False, pre_word_vecs_dec=None, pre_word_vecs_enc=None, report_every=50, rnn_size=500, rnn_type='LSTM', save_model='/data/lisatmp3/suhubdyd/models/encoder0.1decoder0.1dropout0.3wdropFalse', seed=-1, share_decoder_embeddings=False, share_embeddings=False, src_word_vec_size=500, start_checkpoint_at=0, start_decay_at=8, start_epoch=1, tgt_word_vec_size=500, train_from='', truncated_decoder=0, warmup_steps=4000, weightdropout=False, word_vec_size=-1)
('Using Kappa L2 loss on encoder', 0.1)
('Using Kappa L2 loss on decoder', 0.1)
Loading train and validate data from '/data/lisatmp3/suhubdyd/multi30k.atok.low'
 * number of training sentences: 29000
 * maximum batch size: 64
 * vocabulary size. source = 10841; target = 18563
Building model...
Intializing model parameters.
NMTModel (
  (encoder): RNNEncoder (
    (embeddings): Embeddings (
      (make_embedding): Sequential (
        (emb_luts): Elementwise (
          (0): Embedding(10841, 500, padding_idx=1)
        )
      )
    )
    (dropout): Dropout (p = 0.3)
    (rnn): LSTM(500, 500, dropout=0.3)
  )
  (decoder): InputFeedRNNDecoder (
    (embeddings): Embeddings (
      (make_embedding): Sequential (
        (emb_luts): Elementwise (
          (0): Embedding(18563, 500, padding_idx=1)
        )
      )
    )
    (dropout): Dropout (p = 0.3)
    (rnn): StackedLSTM (
      (dropout): Dropout (p = 0.3)
      (layers): ModuleList (
        (0): LSTMCell(1000, 500)
      )
    )
    (attn): GlobalAttention (
      (linear_in): Linear (500 -> 500)
      (linear_out): Linear (1000 -> 500)
      (sm): Softmax ()
      (tanh): Tanh ()
    )
  )
  (generator): Sequential (
    (0): Linear (500 -> 18563)
    (1): LogSoftmax ()
  )
)
* number of parameters: 29760063
('encoder: ', 7424500)
('decoder: ', 22335563)

Epoch  1,    50/  454; acc:   8.82; ppl: 40998.40; 5511 src tok/s; 5714 tgt tok/s;      8 s elapsed
Epoch  1,   100/  454; acc:  15.61; ppl: 1183.79; 5844 src tok/s; 6056 tgt tok/s;     15 s elapsed
Epoch  1,   150/  454; acc:  18.57; ppl: 582.38; 5831 src tok/s; 6052 tgt tok/s;     22 s elapsed
Epoch  1,   200/  454; acc:  21.99; ppl: 240.43; 5850 src tok/s; 6041 tgt tok/s;     29 s elapsed
Epoch  1,   250/  454; acc:  25.08; ppl: 163.84; 5826 src tok/s; 6034 tgt tok/s;     37 s elapsed
Epoch  1,   300/  454; acc:  28.65; ppl: 111.37; 5859 src tok/s; 6086 tgt tok/s;     44 s elapsed
Epoch  1,   350/  454; acc:  30.46; ppl:  90.32; 5673 src tok/s; 5943 tgt tok/s;     51 s elapsed
Epoch  1,   400/  454; acc:  31.89; ppl:  76.78; 5814 src tok/s; 6035 tgt tok/s;     58 s elapsed
Epoch  1,   450/  454; acc:  33.95; ppl:  64.28; 5714 src tok/s; 5918 tgt tok/s;     65 s elapsed
Train perplexity: 331.306
Train accuracy: 23.9812
Validation perplexity: 49.2732
Validation accuracy: 37.931

Epoch  2,    50/  454; acc:  36.98; ppl:  49.23; 5766 src tok/s; 6022 tgt tok/s;      7 s elapsed
Epoch  2,   100/  454; acc:  40.27; ppl:  40.48; 5908 src tok/s; 6099 tgt tok/s;     14 s elapsed
Epoch  2,   150/  454; acc:  42.12; ppl:  34.54; 5821 src tok/s; 6063 tgt tok/s;     21 s elapsed
Epoch  2,   200/  454; acc:  43.72; ppl:  31.19; 5862 src tok/s; 6062 tgt tok/s;     29 s elapsed
Epoch  2,   250/  454; acc:  45.36; ppl:  27.75; 5798 src tok/s; 6014 tgt tok/s;     36 s elapsed
Epoch  2,   300/  454; acc:  48.99; ppl:  22.09; 5736 src tok/s; 5959 tgt tok/s;     43 s elapsed
Epoch  2,   350/  454; acc:  49.89; ppl:  21.10; 5700 src tok/s; 5929 tgt tok/s;     50 s elapsed
Epoch  2,   400/  454; acc:  51.07; ppl:  19.25; 5755 src tok/s; 5954 tgt tok/s;     58 s elapsed
Epoch  2,   450/  454; acc:  51.66; ppl:  18.17; 5754 src tok/s; 5988 tgt tok/s;     65 s elapsed
Train perplexity: 27.6871
Train accuracy: 45.5828
Validation perplexity: 17.7409
Validation accuracy: 51.5751

Epoch  3,    50/  454; acc:  55.12; ppl:  14.04; 5855 src tok/s; 6130 tgt tok/s;      7 s elapsed
Epoch  3,   100/  454; acc:  54.14; ppl:  14.73; 5996 src tok/s; 6201 tgt tok/s;     14 s elapsed
Epoch  3,   150/  454; acc:  55.44; ppl:  13.63; 5906 src tok/s; 6107 tgt tok/s;     21 s elapsed
Epoch  3,   200/  454; acc:  56.67; ppl:  12.67; 5967 src tok/s; 6190 tgt tok/s;     28 s elapsed
Epoch  3,   250/  454; acc:  58.29; ppl:  11.17; 5812 src tok/s; 6067 tgt tok/s;     35 s elapsed
Epoch  3,   300/  454; acc:  56.55; ppl:  12.57; 5254 src tok/s; 5418 tgt tok/s;     44 s elapsed
Epoch  3,   350/  454; acc:  57.24; ppl:  12.02; 5992 src tok/s; 6206 tgt tok/s;     51 s elapsed
Epoch  3,   400/  454; acc:  59.00; ppl:  10.58; 5795 src tok/s; 6024 tgt tok/s;     58 s elapsed
Epoch  3,   450/  454; acc:  59.47; ppl:  10.51; 5988 src tok/s; 6207 tgt tok/s;     65 s elapsed
Train perplexity: 12.345
Train accuracy: 56.8828
Validation perplexity: 9.70699
Validation accuracy: 61.6291

Epoch  4,    50/  454; acc:  61.64; ppl:   8.36; 5801 src tok/s; 6017 tgt tok/s;      7 s elapsed
Epoch  4,   100/  454; acc:  61.63; ppl:   8.63; 5813 src tok/s; 6036 tgt tok/s;     14 s elapsed
Epoch  4,   150/  454; acc:  61.10; ppl:   8.61; 5976 src tok/s; 6166 tgt tok/s;     22 s elapsed
Epoch  4,   200/  454; acc:  62.60; ppl:   8.00; 5862 src tok/s; 6088 tgt tok/s;     29 s elapsed
Epoch  4,   250/  454; acc:  61.62; ppl:   8.45; 5832 src tok/s; 6101 tgt tok/s;     36 s elapsed
Epoch  4,   300/  454; acc:  61.98; ppl:   8.24; 5845 src tok/s; 6069 tgt tok/s;     43 s elapsed
Epoch  4,   350/  454; acc:  62.18; ppl:   8.25; 5805 src tok/s; 5997 tgt tok/s;     50 s elapsed
Epoch  4,   400/  454; acc:  63.53; ppl:   7.48; 5871 src tok/s; 6106 tgt tok/s;     57 s elapsed
Epoch  4,   450/  454; acc:  62.28; ppl:   8.09; 5762 src tok/s; 5960 tgt tok/s;     65 s elapsed
Train perplexity: 8.21614
Train accuracy: 62.0892
Validation perplexity: 8.27436
Validation accuracy: 63.3177

Epoch  5,    50/  454; acc:  66.67; ppl:   5.97; 5887 src tok/s; 6144 tgt tok/s;      7 s elapsed
Epoch  5,   100/  454; acc:  65.69; ppl:   6.10; 5982 src tok/s; 6176 tgt tok/s;     14 s elapsed
Epoch  5,   150/  454; acc:  65.06; ppl:   6.36; 6032 src tok/s; 6235 tgt tok/s;     21 s elapsed
Epoch  5,   200/  454; acc:  65.26; ppl:   6.32; 5983 src tok/s; 6207 tgt tok/s;     28 s elapsed
Epoch  5,   250/  454; acc:  65.90; ppl:   6.12; 5939 src tok/s; 6204 tgt tok/s;     35 s elapsed
Epoch  5,   300/  454; acc:  64.57; ppl:   6.51; 6105 src tok/s; 6282 tgt tok/s;     42 s elapsed
Epoch  5,   350/  454; acc:  65.64; ppl:   6.17; 5875 src tok/s; 6115 tgt tok/s;     49 s elapsed
Epoch  5,   400/  454; acc:  65.30; ppl:   6.35; 5586 src tok/s; 5793 tgt tok/s;     57 s elapsed
Epoch  5,   450/  454; acc:  65.69; ppl:   6.19; 5795 src tok/s; 6039 tgt tok/s;     64 s elapsed
Train perplexity: 6.22847
Train accuracy: 65.5296
Validation perplexity: 7.2493
Validation accuracy: 65.2405

Epoch  6,    50/  454; acc:  68.14; ppl:   5.01; 5829 src tok/s; 6050 tgt tok/s;      7 s elapsed
Epoch  6,   100/  454; acc:  68.39; ppl:   4.92; 5925 src tok/s; 6188 tgt tok/s;     14 s elapsed
Epoch  6,   150/  454; acc:  68.29; ppl:   4.95; 5783 src tok/s; 6008 tgt tok/s;     21 s elapsed
Epoch  6,   200/  454; acc:  67.68; ppl:   5.12; 5729 src tok/s; 5930 tgt tok/s;     29 s elapsed
Epoch  6,   250/  454; acc:  68.44; ppl:   4.98; 5757 src tok/s; 5980 tgt tok/s;     36 s elapsed
Epoch  6,   300/  454; acc:  67.54; ppl:   5.16; 5903 src tok/s; 6139 tgt tok/s;     43 s elapsed
Epoch  6,   350/  454; acc:  68.76; ppl:   4.77; 5650 src tok/s; 5867 tgt tok/s;     50 s elapsed
Epoch  6,   400/  454; acc:  66.54; ppl:   5.48; 6033 src tok/s; 6243 tgt tok/s;     58 s elapsed
Epoch  6,   450/  454; acc:  67.63; ppl:   5.25; 5801 src tok/s; 5977 tgt tok/s;     65 s elapsed
Train perplexity: 5.0646
Train accuracy: 67.9451
Validation perplexity: 6.93401
Validation accuracy: 66.6383

Epoch  7,    50/  454; acc:  71.08; ppl:   4.01; 5810 src tok/s; 6082 tgt tok/s;      7 s elapsed
Epoch  7,   100/  454; acc:  70.05; ppl:   4.25; 5947 src tok/s; 6137 tgt tok/s;     14 s elapsed
Epoch  7,   150/  454; acc:  70.46; ppl:   4.25; 5648 src tok/s; 5855 tgt tok/s;     22 s elapsed
Epoch  7,   200/  454; acc:  70.26; ppl:   4.12; 5748 src tok/s; 5981 tgt tok/s;     29 s elapsed
Epoch  7,   250/  454; acc:  70.63; ppl:   4.12; 5883 src tok/s; 6088 tgt tok/s;     36 s elapsed
Epoch  7,   300/  454; acc:  69.01; ppl:   4.51; 5904 src tok/s; 6124 tgt tok/s;     43 s elapsed
Epoch  7,   350/  454; acc:  70.79; ppl:   4.17; 5810 src tok/s; 6049 tgt tok/s;     50 s elapsed
Epoch  7,   400/  454; acc:  69.15; ppl:   4.51; 5866 src tok/s; 6067 tgt tok/s;     58 s elapsed
Epoch  7,   450/  454; acc:  69.60; ppl:   4.32; 5904 src tok/s; 6125 tgt tok/s;     65 s elapsed
Train perplexity: 4.25159
Train accuracy: 70.0941
Validation perplexity: 6.68254
Validation accuracy: 66.3829

Epoch  8,    50/  454; acc:  72.89; ppl:   3.54; 5849 src tok/s; 6044 tgt tok/s;      7 s elapsed
Epoch  8,   100/  454; acc:  72.60; ppl:   3.55; 5876 src tok/s; 6070 tgt tok/s;     14 s elapsed
Epoch  8,   150/  454; acc:  72.20; ppl:   3.63; 5846 src tok/s; 6022 tgt tok/s;     22 s elapsed
Epoch  8,   200/  454; acc:  71.69; ppl:   3.75; 5856 src tok/s; 6116 tgt tok/s;     29 s elapsed
Epoch  8,   250/  454; acc:  72.04; ppl:   3.63; 5829 src tok/s; 6054 tgt tok/s;     36 s elapsed
Epoch  8,   300/  454; acc:  71.58; ppl:   3.77; 5868 src tok/s; 6087 tgt tok/s;     43 s elapsed
Epoch  8,   350/  454; acc:  71.19; ppl:   3.83; 5961 src tok/s; 6188 tgt tok/s;     50 s elapsed
Epoch  8,   400/  454; acc:  71.95; ppl:   3.66; 5859 src tok/s; 6126 tgt tok/s;     57 s elapsed
Epoch  8,   450/  454; acc:  70.81; ppl:   3.90; 5819 src tok/s; 6048 tgt tok/s;     64 s elapsed
Train perplexity: 3.69045
Train accuracy: 71.8955
Validation perplexity: 6.6766
Validation accuracy: 67.1562
Decaying learning rate to 0.5

Epoch  9,    50/  454; acc:  76.76; ppl:   2.77; 5941 src tok/s; 6163 tgt tok/s;      7 s elapsed
Epoch  9,   100/  454; acc:  76.97; ppl:   2.77; 5764 src tok/s; 5953 tgt tok/s;     14 s elapsed
Epoch  9,   150/  454; acc:  75.35; ppl:   2.99; 5919 src tok/s; 6113 tgt tok/s;     22 s elapsed
Epoch  9,   200/  454; acc:  78.10; ppl:   2.57; 5755 src tok/s; 6003 tgt tok/s;     29 s elapsed
Epoch  9,   250/  454; acc:  77.29; ppl:   2.71; 5911 src tok/s; 6157 tgt tok/s;     36 s elapsed
Epoch  9,   300/  454; acc:  76.32; ppl:   2.85; 5866 src tok/s; 6088 tgt tok/s;     43 s elapsed
Epoch  9,   350/  454; acc:  76.31; ppl:   2.83; 5837 src tok/s; 6050 tgt tok/s;     50 s elapsed
Epoch  9,   400/  454; acc:  76.99; ppl:   2.76; 5941 src tok/s; 6176 tgt tok/s;     57 s elapsed
Epoch  9,   450/  454; acc:  76.58; ppl:   2.77; 5783 src tok/s; 6019 tgt tok/s;     64 s elapsed
Train perplexity: 2.78425
Train accuracy: 76.6848
Validation perplexity: 6.22238
Validation accuracy: 68.7172
Decaying learning rate to 0.25

Epoch 10,    50/  454; acc:  79.99; ppl:   2.33; 5957 src tok/s; 6144 tgt tok/s;      7 s elapsed
Epoch 10,   100/  454; acc:  80.20; ppl:   2.31; 5899 src tok/s; 6128 tgt tok/s;     14 s elapsed
Epoch 10,   150/  454; acc:  81.16; ppl:   2.19; 4812 src tok/s; 5039 tgt tok/s;     23 s elapsed
Epoch 10,   200/  454; acc:  79.84; ppl:   2.36; 6171 src tok/s; 6375 tgt tok/s;     30 s elapsed
Epoch 10,   250/  454; acc:  79.70; ppl:   2.39; 6015 src tok/s; 6232 tgt tok/s;     37 s elapsed
Epoch 10,   300/  454; acc:  80.27; ppl:   2.29; 6179 src tok/s; 6398 tgt tok/s;     43 s elapsed
Epoch 10,   350/  454; acc:  80.66; ppl:   2.26; 6071 src tok/s; 6350 tgt tok/s;     50 s elapsed
Epoch 10,   400/  454; acc:  79.38; ppl:   2.40; 6004 src tok/s; 6213 tgt tok/s;     57 s elapsed
Epoch 10,   450/  454; acc:  80.41; ppl:   2.29; 5995 src tok/s; 6223 tgt tok/s;     64 s elapsed
Train perplexity: 2.3124
Train accuracy: 80.1735
Validation perplexity: 6.21987
Validation accuracy: 69.4338
Decaying learning rate to 0.125

Epoch 11,    50/  454; acc:  82.92; ppl:   2.04; 5959 src tok/s; 6189 tgt tok/s;      7 s elapsed
Epoch 11,   100/  454; acc:  81.90; ppl:   2.14; 5795 src tok/s; 5992 tgt tok/s;     14 s elapsed
Epoch 11,   150/  454; acc:  83.83; ppl:   1.94; 5695 src tok/s; 5989 tgt tok/s;     21 s elapsed
Epoch 11,   200/  454; acc:  81.08; ppl:   2.24; 5952 src tok/s; 6130 tgt tok/s;     29 s elapsed
Epoch 11,   250/  454; acc:  82.31; ppl:   2.11; 5925 src tok/s; 6108 tgt tok/s;     36 s elapsed
Epoch 11,   300/  454; acc:  82.23; ppl:   2.08; 5846 src tok/s; 6098 tgt tok/s;     43 s elapsed
Epoch 11,   350/  454; acc:  81.34; ppl:   2.19; 5810 src tok/s; 6010 tgt tok/s;     50 s elapsed
Epoch 11,   400/  454; acc:  83.22; ppl:   1.98; 5861 src tok/s; 6075 tgt tok/s;     57 s elapsed
Epoch 11,   450/  454; acc:  81.99; ppl:   2.11; 5676 src tok/s; 5948 tgt tok/s;     64 s elapsed
Train perplexity: 2.1008
Train accuracy: 82.2068
Validation perplexity: 6.27501
Validation accuracy: 69.448
Decaying learning rate to 0.0625

Epoch 12,    50/  454; acc:  83.27; ppl:   2.00; 5677 src tok/s; 5922 tgt tok/s;      7 s elapsed
Epoch 12,   100/  454; acc:  82.85; ppl:   2.05; 5742 src tok/s; 5927 tgt tok/s;     15 s elapsed
Epoch 12,   150/  454; acc:  83.41; ppl:   2.01; 5710 src tok/s; 5924 tgt tok/s;     22 s elapsed
Epoch 12,   200/  454; acc:  83.21; ppl:   1.99; 5697 src tok/s; 5932 tgt tok/s;     29 s elapsed
Epoch 12,   250/  454; acc:  83.06; ppl:   2.02; 5802 src tok/s; 6006 tgt tok/s;     37 s elapsed
Epoch 12,   300/  454; acc:  83.76; ppl:   1.95; 5740 src tok/s; 6021 tgt tok/s;     44 s elapsed
Epoch 12,   350/  454; acc:  83.65; ppl:   1.93; 5731 src tok/s; 5978 tgt tok/s;     51 s elapsed
Epoch 12,   400/  454; acc:  82.98; ppl:   2.03; 5829 src tok/s; 6006 tgt tok/s;     58 s elapsed
Epoch 12,   450/  454; acc:  83.04; ppl:   2.02; 5726 src tok/s; 5893 tgt tok/s;     66 s elapsed
Train perplexity: 1.99865
Train accuracy: 83.2554
Validation perplexity: 6.47282
Validation accuracy: 69.4693
Decaying learning rate to 0.03125

Epoch 13,    50/  454; acc:  84.02; ppl:   1.93; 5687 src tok/s; 5901 tgt tok/s;      7 s elapsed
Epoch 13,   100/  454; acc:  84.21; ppl:   1.91; 5830 src tok/s; 6020 tgt tok/s;     14 s elapsed
Epoch 13,   150/  454; acc:  83.06; ppl:   2.03; 5828 src tok/s; 6054 tgt tok/s;     22 s elapsed
Epoch 13,   200/  454; acc:  84.58; ppl:   1.88; 5909 src tok/s; 6140 tgt tok/s;     29 s elapsed
Epoch 13,   250/  454; acc:  85.08; ppl:   1.83; 5719 src tok/s; 6004 tgt tok/s;     36 s elapsed
Epoch 13,   300/  454; acc:  82.73; ppl:   2.07; 5968 src tok/s; 6132 tgt tok/s;     43 s elapsed
Epoch 13,   350/  454; acc:  83.04; ppl:   2.02; 5853 src tok/s; 6065 tgt tok/s;     50 s elapsed
Epoch 13,   400/  454; acc:  84.10; ppl:   1.90; 5950 src tok/s; 6216 tgt tok/s;     57 s elapsed
Epoch 13,   450/  454; acc:  83.45; ppl:   1.98; 5849 src tok/s; 6059 tgt tok/s;     64 s elapsed
Train perplexity: 1.95007
Train accuracy: 83.7895
Validation perplexity: 6.49362
Validation accuracy: 69.4622
Decaying learning rate to 0.015625

Epoch 14,    50/  454; acc:  83.54; ppl:   1.99; 5841 src tok/s; 6065 tgt tok/s;      7 s elapsed
Epoch 14,   100/  454; acc:  84.62; ppl:   1.87; 5819 src tok/s; 6034 tgt tok/s;     14 s elapsed
Epoch 14,   150/  454; acc:  83.76; ppl:   1.95; 5908 src tok/s; 6083 tgt tok/s;     22 s elapsed
Epoch 14,   200/  454; acc:  84.66; ppl:   1.86; 5988 src tok/s; 6255 tgt tok/s;     28 s elapsed
Epoch 14,   250/  454; acc:  83.99; ppl:   1.93; 6105 src tok/s; 6322 tgt tok/s;     35 s elapsed
Epoch 14,   300/  454; acc:  84.01; ppl:   1.95; 5848 src tok/s; 6098 tgt tok/s;     43 s elapsed
Epoch 14,   350/  454; acc:  83.33; ppl:   1.98; 5504 src tok/s; 5719 tgt tok/s;     50 s elapsed
Epoch 14,   400/  454; acc:  84.44; ppl:   1.89; 5913 src tok/s; 6142 tgt tok/s;     57 s elapsed
Epoch 14,   450/  454; acc:  83.72; ppl:   1.94; 5710 src tok/s; 5907 tgt tok/s;     65 s elapsed
Train perplexity: 1.92722
Train accuracy: 84.0169
Validation perplexity: 6.52141
Validation accuracy: 69.4764
Decaying learning rate to 0.0078125

Epoch 15,    50/  454; acc:  84.73; ppl:   1.89; 5870 src tok/s; 6121 tgt tok/s;      7 s elapsed
Epoch 15,   100/  454; acc:  83.58; ppl:   1.94; 5931 src tok/s; 6140 tgt tok/s;     14 s elapsed
Epoch 15,   150/  454; acc:  84.14; ppl:   1.91; 5926 src tok/s; 6121 tgt tok/s;     21 s elapsed
Epoch 15,   200/  454; acc:  84.04; ppl:   1.93; 5835 src tok/s; 6052 tgt tok/s;     29 s elapsed
Epoch 15,   250/  454; acc:  84.03; ppl:   1.93; 5787 src tok/s; 6022 tgt tok/s;     36 s elapsed
Epoch 15,   300/  454; acc:  84.38; ppl:   1.89; 5910 src tok/s; 6132 tgt tok/s;     43 s elapsed
Epoch 15,   350/  454; acc:  83.94; ppl:   1.94; 5869 src tok/s; 6068 tgt tok/s;     50 s elapsed
Epoch 15,   400/  454; acc:  84.36; ppl:   1.90; 5755 src tok/s; 5990 tgt tok/s;     57 s elapsed
Epoch 15,   450/  454; acc:  84.18; ppl:   1.91; 5549 src tok/s; 5770 tgt tok/s;     65 s elapsed
Train perplexity: 1.91669
Train accuracy: 84.1563
Validation perplexity: 6.54328
Validation accuracy: 69.4196
Decaying learning rate to 0.00390625

Epoch 16,    50/  454; acc:  84.72; ppl:   1.86; 5947 src tok/s; 6145 tgt tok/s;      7 s elapsed
Epoch 16,   100/  454; acc:  83.91; ppl:   1.94; 5770 src tok/s; 5998 tgt tok/s;     14 s elapsed
Epoch 16,   150/  454; acc:  85.52; ppl:   1.80; 5823 src tok/s; 6094 tgt tok/s;     21 s elapsed
Epoch 16,   200/  454; acc:  82.78; ppl:   2.05; 6041 src tok/s; 6207 tgt tok/s;     28 s elapsed
Epoch 16,   250/  454; acc:  84.02; ppl:   1.95; 5894 src tok/s; 6084 tgt tok/s;     36 s elapsed
Epoch 16,   300/  454; acc:  84.42; ppl:   1.88; 5804 src tok/s; 6027 tgt tok/s;     43 s elapsed
Epoch 16,   350/  454; acc:  85.09; ppl:   1.83; 5628 src tok/s; 5921 tgt tok/s;     50 s elapsed
Epoch 16,   400/  454; acc:  83.63; ppl:   1.98; 5812 src tok/s; 6006 tgt tok/s;     58 s elapsed
Epoch 16,   450/  454; acc:  84.74; ppl:   1.88; 5659 src tok/s; 5900 tgt tok/s;     65 s elapsed
Train perplexity: 1.91093
Train accuracy: 84.2532
Validation perplexity: 6.54544
Validation accuracy: 69.4125
Decaying learning rate to 0.00195312

Epoch 17,    50/  454; acc:  84.52; ppl:   1.89; 5755 src tok/s; 5975 tgt tok/s;      7 s elapsed
Epoch 17,   100/  454; acc:  84.27; ppl:   1.93; 5815 src tok/s; 6051 tgt tok/s;     15 s elapsed
Epoch 17,   150/  454; acc:  83.30; ppl:   1.97; 5810 src tok/s; 5992 tgt tok/s;     22 s elapsed
Epoch 17,   200/  454; acc:  84.84; ppl:   1.85; 5688 src tok/s; 5929 tgt tok/s;     29 s elapsed
Epoch 17,   250/  454; acc:  83.47; ppl:   1.95; 5932 src tok/s; 6115 tgt tok/s;     37 s elapsed
Epoch 17,   300/  454; acc:  84.71; ppl:   1.87; 5697 src tok/s; 5913 tgt tok/s;     44 s elapsed
Epoch 17,   350/  454; acc:  84.58; ppl:   1.90; 5746 src tok/s; 6001 tgt tok/s;     51 s elapsed
Epoch 17,   400/  454; acc:  84.28; ppl:   1.90; 5777 src tok/s; 5987 tgt tok/s;     58 s elapsed
Epoch 17,   450/  454; acc:  84.67; ppl:   1.88; 5558 src tok/s; 5784 tgt tok/s;     65 s elapsed
Train perplexity: 1.90568
Train accuracy: 84.263
Validation perplexity: 6.54879
Validation accuracy: 69.4338
Decaying learning rate to 0.000976562
