<module 'opts' from '/u/suhubdyd/research/projects/jumble_lstm/code/auxiliary-nmt/opts.pyc'>
Namespace(batch_size=64, brnn=False, brnn_merge='concat', cnn_kernel_width=3, context_gate=None, copy_attn=False, copy_attn_force=False, coverage_attn=False, data='/data/lisatmp3/suhubdyd/multi30k.atok.low', dec_layers=1, decay_method='', decoder_type='rnn', dropout=0.3, enc_layers=2, encoder_type='rnn', epochs=17, exp='', exp_host='', feat_merge='concat', feat_vec_exponent=0.7, feat_vec_size=-1, fix_word_vecs_dec=False, fix_word_vecs_enc=False, global_attention='general', gpuid=[0], input_feed=1, kappa_dec=0.1, kappa_enc=0.15, lambda_coverage=1, layers=-1, learning_rate=1.0, learning_rate_decay=0.5, max_generator_batches=32, max_grad_norm=5, model_type='text', optim='sgd', param_init=0.1, position_encoding=False, pre_word_vecs_dec=None, pre_word_vecs_enc=None, report_every=50, rnn_size=500, rnn_type='LSTM', save_model='/data/lisatmp3/suhubdyd/models/encoder0.15decoder0.1dropout0.3wdropFalse', seed=-1, share_decoder_embeddings=False, share_embeddings=False, src_word_vec_size=500, start_checkpoint_at=0, start_decay_at=8, start_epoch=1, tgt_word_vec_size=500, train_from='', truncated_decoder=0, warmup_steps=4000, weightdropout=False, word_vec_size=-1)
('Using Kappa L2 loss on encoder', 0.15)
('Using Kappa L2 loss on decoder', 0.1)
Loading train and validate data from '/data/lisatmp3/suhubdyd/multi30k.atok.low'
 * number of training sentences: 29000
 * maximum batch size: 64
 * vocabulary size. source = 10841; target = 18563
Building model...
Intializing model parameters.
NMTModel (
  (encoder): RNNEncoder (
    (embeddings): Embeddings (
      (make_embedding): Sequential (
        (emb_luts): Elementwise (
          (0): Embedding(10841, 500, padding_idx=1)
        )
      )
    )
    (dropout): Dropout (p = 0.3)
    (rnn): LSTM(500, 500, dropout=0.3)
  )
  (decoder): InputFeedRNNDecoder (
    (embeddings): Embeddings (
      (make_embedding): Sequential (
        (emb_luts): Elementwise (
          (0): Embedding(18563, 500, padding_idx=1)
        )
      )
    )
    (dropout): Dropout (p = 0.3)
    (rnn): StackedLSTM (
      (dropout): Dropout (p = 0.3)
      (layers): ModuleList (
        (0): LSTMCell(1000, 500)
      )
    )
    (attn): GlobalAttention (
      (linear_in): Linear (500 -> 500)
      (linear_out): Linear (1000 -> 500)
      (sm): Softmax ()
      (tanh): Tanh ()
    )
  )
  (generator): Sequential (
    (0): Linear (500 -> 18563)
    (1): LogSoftmax ()
  )
)
* number of parameters: 29760063
('encoder: ', 7424500)
('decoder: ', 22335563)

Epoch  1,    50/  454; acc:   6.94; ppl: 47492.60; 3277 src tok/s; 3389 tgt tok/s;     13 s elapsed
Epoch  1,   100/  454; acc:  14.58; ppl: 1540.24; 3441 src tok/s; 3598 tgt tok/s;     25 s elapsed
Epoch  1,   150/  454; acc:  18.07; ppl: 513.75; 3406 src tok/s; 3559 tgt tok/s;     37 s elapsed
Epoch  1,   200/  454; acc:  20.65; ppl: 283.27; 3380 src tok/s; 3506 tgt tok/s;     50 s elapsed
Epoch  1,   250/  454; acc:  23.46; ppl: 182.86; 3493 src tok/s; 3602 tgt tok/s;     62 s elapsed
Epoch  1,   300/  454; acc:  27.44; ppl: 126.02; 3433 src tok/s; 3580 tgt tok/s;     74 s elapsed
Epoch  1,   350/  454; acc:  29.43; ppl:  95.90; 3482 src tok/s; 3595 tgt tok/s;     86 s elapsed
Epoch  1,   400/  454; acc:  31.26; ppl:  80.94; 3474 src tok/s; 3606 tgt tok/s;     98 s elapsed
Epoch  1,   450/  454; acc:  33.12; ppl:  68.28; 3350 src tok/s; 3472 tgt tok/s;    110 s elapsed
Train perplexity: 368.745
Train accuracy: 22.7938
Validation perplexity: 65.4673
Validation accuracy: 35.5399

Epoch  2,    50/  454; acc:  34.49; ppl:  57.39; 3424 src tok/s; 3550 tgt tok/s;     12 s elapsed
Epoch  2,   100/  454; acc:  38.53; ppl:  44.58; 3465 src tok/s; 3620 tgt tok/s;     24 s elapsed
Epoch  2,   150/  454; acc:  41.09; ppl:  38.21; 3410 src tok/s; 3555 tgt tok/s;     36 s elapsed
Epoch  2,   200/  454; acc:  41.29; ppl:  36.73; 3476 src tok/s; 3589 tgt tok/s;     49 s elapsed
Epoch  2,   250/  454; acc:  44.52; ppl:  29.70; 3473 src tok/s; 3590 tgt tok/s;     61 s elapsed
Epoch  2,   300/  454; acc:  47.83; ppl:  24.86; 3408 src tok/s; 3552 tgt tok/s;     73 s elapsed
Epoch  2,   350/  454; acc:  48.36; ppl:  23.34; 3349 src tok/s; 3475 tgt tok/s;     86 s elapsed
Epoch  2,   400/  454; acc:  50.64; ppl:  19.92; 3525 src tok/s; 3659 tgt tok/s;     97 s elapsed
Epoch  2,   450/  454; acc:  51.63; ppl:  18.87; 3355 src tok/s; 3472 tgt tok/s;    110 s elapsed
Train perplexity: 30.5055
Train accuracy: 44.2857
Validation perplexity: 15.6536
Validation accuracy: 54.9312

Epoch  3,    50/  454; acc:  55.31; ppl:  14.31; 3358 src tok/s; 3501 tgt tok/s;     12 s elapsed
Epoch  3,   100/  454; acc:  52.64; ppl:  16.19; 3496 src tok/s; 3618 tgt tok/s;     24 s elapsed
Epoch  3,   150/  454; acc:  56.58; ppl:  12.85; 3396 src tok/s; 3539 tgt tok/s;     36 s elapsed
Epoch  3,   200/  454; acc:  55.19; ppl:  13.62; 3402 src tok/s; 3510 tgt tok/s;     49 s elapsed
Epoch  3,   250/  454; acc:  57.07; ppl:  12.29; 3428 src tok/s; 3572 tgt tok/s;     61 s elapsed
Epoch  3,   300/  454; acc:  56.90; ppl:  12.35; 3480 src tok/s; 3597 tgt tok/s;     74 s elapsed
Epoch  3,   350/  454; acc:  59.23; ppl:  10.71; 3353 src tok/s; 3506 tgt tok/s;     86 s elapsed
Epoch  3,   400/  454; acc:  57.44; ppl:  11.89; 3492 src tok/s; 3607 tgt tok/s;     98 s elapsed
Epoch  3,   450/  454; acc:  58.99; ppl:  10.63; 3372 src tok/s; 3499 tgt tok/s;    110 s elapsed
Train perplexity: 12.6506
Train accuracy: 56.599
Validation perplexity: 10.5727
Validation accuracy: 60.1745

Epoch  4,    50/  454; acc:  61.02; ppl:   9.09; 3352 src tok/s; 3498 tgt tok/s;     12 s elapsed
Epoch  4,   100/  454; acc:  61.58; ppl:   8.56; 3435 src tok/s; 3572 tgt tok/s;     25 s elapsed
Epoch  4,   150/  454; acc:  61.20; ppl:   8.97; 3465 src tok/s; 3594 tgt tok/s;     37 s elapsed
Epoch  4,   200/  454; acc:  62.20; ppl:   8.04; 3418 src tok/s; 3547 tgt tok/s;     49 s elapsed
Epoch  4,   250/  454; acc:  60.67; ppl:   8.89; 3443 src tok/s; 3557 tgt tok/s;     62 s elapsed
Epoch  4,   300/  454; acc:  62.52; ppl:   7.91; 3453 src tok/s; 3591 tgt tok/s;     73 s elapsed
Epoch  4,   350/  454; acc:  63.84; ppl:   7.60; 3403 src tok/s; 3570 tgt tok/s;     85 s elapsed
Epoch  4,   400/  454; acc:  61.67; ppl:   8.46; 3483 src tok/s; 3580 tgt tok/s;     98 s elapsed
Epoch  4,   450/  454; acc:  62.52; ppl:   7.89; 3453 src tok/s; 3572 tgt tok/s;    110 s elapsed
Train perplexity: 8.36245
Train accuracy: 61.907
Validation perplexity: 8.65714
Validation accuracy: 61.8703

Epoch  5,    50/  454; acc:  64.37; ppl:   6.66; 3464 src tok/s; 3559 tgt tok/s;     13 s elapsed
Epoch  5,   100/  454; acc:  66.42; ppl:   5.91; 3445 src tok/s; 3607 tgt tok/s;     24 s elapsed
Epoch  5,   150/  454; acc:  65.82; ppl:   6.02; 3358 src tok/s; 3510 tgt tok/s;     36 s elapsed
Epoch  5,   200/  454; acc:  64.57; ppl:   6.67; 3428 src tok/s; 3555 tgt tok/s;     49 s elapsed
Epoch  5,   250/  454; acc:  65.65; ppl:   6.20; 3506 src tok/s; 3625 tgt tok/s;     61 s elapsed
Epoch  5,   300/  454; acc:  65.21; ppl:   6.32; 3372 src tok/s; 3499 tgt tok/s;     73 s elapsed
Epoch  5,   350/  454; acc:  66.43; ppl:   5.89; 3380 src tok/s; 3527 tgt tok/s;     85 s elapsed
Epoch  5,   400/  454; acc:  64.42; ppl:   6.69; 3436 src tok/s; 3557 tgt tok/s;     98 s elapsed
Epoch  5,   450/  454; acc:  65.01; ppl:   6.47; 3424 src tok/s; 3541 tgt tok/s;    110 s elapsed
Train perplexity: 6.30762
Train accuracy: 65.3308
Validation perplexity: 7.31823
Validation accuracy: 64.9425

Epoch  6,    50/  454; acc:  68.47; ppl:   4.91; 3406 src tok/s; 3531 tgt tok/s;     12 s elapsed
Epoch  6,   100/  454; acc:  67.79; ppl:   5.07; 3448 src tok/s; 3572 tgt tok/s;     24 s elapsed
Epoch  6,   150/  454; acc:  67.76; ppl:   5.18; 3398 src tok/s; 3529 tgt tok/s;     37 s elapsed
Epoch  6,   200/  454; acc:  67.68; ppl:   5.07; 3494 src tok/s; 3641 tgt tok/s;     49 s elapsed
Epoch  6,   250/  454; acc:  67.99; ppl:   5.10; 3414 src tok/s; 3561 tgt tok/s;     61 s elapsed
Epoch  6,   300/  454; acc:  67.65; ppl:   5.17; 3407 src tok/s; 3532 tgt tok/s;     73 s elapsed
Epoch  6,   350/  454; acc:  69.18; ppl:   4.73; 3432 src tok/s; 3583 tgt tok/s;     85 s elapsed
Epoch  6,   400/  454; acc:  67.04; ppl:   5.31; 3457 src tok/s; 3563 tgt tok/s;     98 s elapsed
Epoch  6,   450/  454; acc:  67.75; ppl:   5.20; 3404 src tok/s; 3529 tgt tok/s;    110 s elapsed
Train perplexity: 5.09463
Train accuracy: 67.8724
Validation perplexity: 6.70525
Validation accuracy: 66.4467

Epoch  7,    50/  454; acc:  69.89; ppl:   4.34; 3412 src tok/s; 3541 tgt tok/s;     13 s elapsed
Epoch  7,   100/  454; acc:  71.19; ppl:   3.93; 3415 src tok/s; 3562 tgt tok/s;     25 s elapsed
Epoch  7,   150/  454; acc:  69.74; ppl:   4.33; 3386 src tok/s; 3521 tgt tok/s;     37 s elapsed
Epoch  7,   200/  454; acc:  70.19; ppl:   4.19; 3403 src tok/s; 3529 tgt tok/s;     49 s elapsed
Epoch  7,   250/  454; acc:  68.76; ppl:   4.61; 3474 src tok/s; 3585 tgt tok/s;     62 s elapsed
Epoch  7,   300/  454; acc:  70.30; ppl:   4.22; 3445 src tok/s; 3583 tgt tok/s;     74 s elapsed
Epoch  7,   350/  454; acc:  69.55; ppl:   4.48; 3485 src tok/s; 3596 tgt tok/s;     86 s elapsed
Epoch  7,   400/  454; acc:  69.97; ppl:   4.25; 3423 src tok/s; 3565 tgt tok/s;     98 s elapsed
Epoch  7,   450/  454; acc:  69.47; ppl:   4.41; 3373 src tok/s; 3506 tgt tok/s;    110 s elapsed
Train perplexity: 4.30154
Train accuracy: 69.9149
Validation perplexity: 6.72828
Validation accuracy: 65.9855
Decaying learning rate to 0.5

Epoch  8,    50/  454; acc:  74.14; ppl:   3.34; 3442 src tok/s; 3553 tgt tok/s;     12 s elapsed
Epoch  8,   100/  454; acc:  75.14; ppl:   3.13; 3379 src tok/s; 3512 tgt tok/s;     25 s elapsed
Epoch  8,   150/  454; acc:  74.80; ppl:   3.20; 3454 src tok/s; 3583 tgt tok/s;     37 s elapsed
Epoch  8,   200/  454; acc:  75.21; ppl:   3.11; 3408 src tok/s; 3564 tgt tok/s;     49 s elapsed
Epoch  8,   250/  454; acc:  75.07; ppl:   3.13; 3456 src tok/s; 3579 tgt tok/s;     61 s elapsed
Epoch  8,   300/  454; acc:  75.14; ppl:   3.12; 3493 src tok/s; 3630 tgt tok/s;     73 s elapsed
Epoch  8,   350/  454; acc:  75.52; ppl:   3.03; 3407 src tok/s; 3562 tgt tok/s;     85 s elapsed
Epoch  8,   400/  454; acc:  74.06; ppl:   3.32; 3416 src tok/s; 3520 tgt tok/s;     98 s elapsed
Epoch  8,   450/  454; acc:  74.80; ppl:   3.20; 3362 src tok/s; 3492 tgt tok/s;    110 s elapsed
Train perplexity: 3.17785
Train accuracy: 74.8568
Validation perplexity: 6.11575
Validation accuracy: 68.1638
Decaying learning rate to 0.25

Epoch  9,    50/  454; acc:  78.81; ppl:   2.56; 3404 src tok/s; 3549 tgt tok/s;     12 s elapsed
Epoch  9,   100/  454; acc:  77.86; ppl:   2.66; 3362 src tok/s; 3488 tgt tok/s;     25 s elapsed
Epoch  9,   150/  454; acc:  78.18; ppl:   2.62; 3400 src tok/s; 3525 tgt tok/s;     37 s elapsed
Epoch  9,   200/  454; acc:  78.77; ppl:   2.54; 3475 src tok/s; 3590 tgt tok/s;     49 s elapsed
Epoch  9,   250/  454; acc:  77.94; ppl:   2.65; 3455 src tok/s; 3574 tgt tok/s;     62 s elapsed
Epoch  9,   300/  454; acc:  78.73; ppl:   2.55; 3377 src tok/s; 3519 tgt tok/s;     74 s elapsed
Epoch  9,   350/  454; acc:  78.39; ppl:   2.61; 3400 src tok/s; 3548 tgt tok/s;     86 s elapsed
Epoch  9,   400/  454; acc:  77.77; ppl:   2.69; 3445 src tok/s; 3563 tgt tok/s;     98 s elapsed
Epoch  9,   450/  454; acc:  78.59; ppl:   2.57; 3427 src tok/s; 3561 tgt tok/s;    110 s elapsed
Train perplexity: 2.6081
Train accuracy: 78.308
Validation perplexity: 6.10918
Validation accuracy: 68.8378
Decaying learning rate to 0.125

Epoch 10,    50/  454; acc:  81.24; ppl:   2.24; 3385 src tok/s; 3514 tgt tok/s;     12 s elapsed
Epoch 10,   100/  454; acc:  80.02; ppl:   2.36; 3379 src tok/s; 3502 tgt tok/s;     25 s elapsed
Epoch 10,   150/  454; acc:  79.97; ppl:   2.40; 3443 src tok/s; 3549 tgt tok/s;     37 s elapsed
Epoch 10,   200/  454; acc:  80.44; ppl:   2.32; 3416 src tok/s; 3583 tgt tok/s;     49 s elapsed
Epoch 10,   250/  454; acc:  80.44; ppl:   2.31; 3408 src tok/s; 3549 tgt tok/s;     61 s elapsed
Epoch 10,   300/  454; acc:  79.97; ppl:   2.38; 3455 src tok/s; 3572 tgt tok/s;     74 s elapsed
Epoch 10,   350/  454; acc:  79.56; ppl:   2.43; 3435 src tok/s; 3547 tgt tok/s;     86 s elapsed
Epoch 10,   400/  454; acc:  80.53; ppl:   2.31; 3406 src tok/s; 3558 tgt tok/s;     98 s elapsed
Epoch 10,   450/  454; acc:  79.81; ppl:   2.39; 3427 src tok/s; 3547 tgt tok/s;    110 s elapsed
Train perplexity: 2.34826
Train accuracy: 80.23
Validation perplexity: 6.17611
Validation accuracy: 69.0436
Decaying learning rate to 0.0625

Epoch 11,    50/  454; acc:  80.56; ppl:   2.33; 3426 src tok/s; 3534 tgt tok/s;     13 s elapsed
Epoch 11,   100/  454; acc:  81.79; ppl:   2.13; 3391 src tok/s; 3546 tgt tok/s;     25 s elapsed
Epoch 11,   150/  454; acc:  81.25; ppl:   2.21; 3476 src tok/s; 3614 tgt tok/s;     37 s elapsed
Epoch 11,   200/  454; acc:  81.42; ppl:   2.20; 3461 src tok/s; 3600 tgt tok/s;     49 s elapsed
Epoch 11,   250/  454; acc:  80.98; ppl:   2.25; 3515 src tok/s; 3630 tgt tok/s;     61 s elapsed
Epoch 11,   300/  454; acc:  81.38; ppl:   2.23; 3366 src tok/s; 3497 tgt tok/s;     73 s elapsed
Epoch 11,   350/  454; acc:  81.81; ppl:   2.19; 3396 src tok/s; 3537 tgt tok/s;     85 s elapsed
Epoch 11,   400/  454; acc:  81.08; ppl:   2.27; 3483 src tok/s; 3588 tgt tok/s;     98 s elapsed
Epoch 11,   450/  454; acc:  81.89; ppl:   2.16; 3443 src tok/s; 3585 tgt tok/s;    109 s elapsed
Train perplexity: 2.22747
Train accuracy: 81.2971
Validation perplexity: 6.26646
Validation accuracy: 69.001
Decaying learning rate to 0.03125

Epoch 12,    50/  454; acc:  82.56; ppl:   2.11; 3372 src tok/s; 3502 tgt tok/s;     12 s elapsed
Epoch 12,   100/  454; acc:  81.62; ppl:   2.18; 3492 src tok/s; 3624 tgt tok/s;     24 s elapsed
Epoch 12,   150/  454; acc:  82.02; ppl:   2.12; 3391 src tok/s; 3561 tgt tok/s;     36 s elapsed
Epoch 12,   200/  454; acc:  81.37; ppl:   2.24; 3483 src tok/s; 3591 tgt tok/s;     49 s elapsed
Epoch 12,   250/  454; acc:  81.48; ppl:   2.24; 3450 src tok/s; 3558 tgt tok/s;     61 s elapsed
Epoch 12,   300/  454; acc:  82.44; ppl:   2.09; 3435 src tok/s; 3573 tgt tok/s;     73 s elapsed
Epoch 12,   350/  454; acc:  82.30; ppl:   2.10; 3417 src tok/s; 3560 tgt tok/s;     85 s elapsed
Epoch 12,   400/  454; acc:  81.51; ppl:   2.24; 3375 src tok/s; 3485 tgt tok/s;     98 s elapsed
Epoch 12,   450/  454; acc:  81.56; ppl:   2.20; 3418 src tok/s; 3547 tgt tok/s;    110 s elapsed
Train perplexity: 2.16569
Train accuracy: 81.8947
Validation perplexity: 6.27723
Validation accuracy: 69.1713
Decaying learning rate to 0.015625

Epoch 13,    50/  454; acc:  81.84; ppl:   2.17; 3423 src tok/s; 3550 tgt tok/s;     12 s elapsed
Epoch 13,   100/  454; acc:  82.53; ppl:   2.09; 3416 src tok/s; 3543 tgt tok/s;     25 s elapsed
Epoch 13,   150/  454; acc:  82.86; ppl:   2.06; 3392 src tok/s; 3540 tgt tok/s;     37 s elapsed
Epoch 13,   200/  454; acc:  81.58; ppl:   2.22; 3398 src tok/s; 3522 tgt tok/s;     49 s elapsed
Epoch 13,   250/  454; acc:  82.27; ppl:   2.13; 3413 src tok/s; 3548 tgt tok/s;     62 s elapsed
Epoch 13,   300/  454; acc:  81.79; ppl:   2.18; 3479 src tok/s; 3596 tgt tok/s;     74 s elapsed
Epoch 13,   350/  454; acc:  81.93; ppl:   2.16; 3437 src tok/s; 3575 tgt tok/s;     86 s elapsed
Epoch 13,   400/  454; acc:  82.74; ppl:   2.10; 3373 src tok/s; 3503 tgt tok/s;     98 s elapsed
Epoch 13,   450/  454; acc:  82.55; ppl:   2.11; 3385 src tok/s; 3502 tgt tok/s;    110 s elapsed
Train perplexity: 2.13415
Train accuracy: 82.2501
Validation perplexity: 6.31076
Validation accuracy: 68.9868
Decaying learning rate to 0.0078125

Epoch 14,    50/  454; acc:  82.43; ppl:   2.09; 3382 src tok/s; 3508 tgt tok/s;     12 s elapsed
Epoch 14,   100/  454; acc:  82.18; ppl:   2.16; 3398 src tok/s; 3526 tgt tok/s;     25 s elapsed
Epoch 14,   150/  454; acc:  82.26; ppl:   2.16; 3435 src tok/s; 3558 tgt tok/s;     37 s elapsed
Epoch 14,   200/  454; acc:  82.26; ppl:   2.10; 3444 src tok/s; 3587 tgt tok/s;     49 s elapsed
Epoch 14,   250/  454; acc:  82.03; ppl:   2.17; 3426 src tok/s; 3560 tgt tok/s;     62 s elapsed
Epoch 14,   300/  454; acc:  82.65; ppl:   2.08; 3363 src tok/s; 3494 tgt tok/s;     74 s elapsed
Epoch 14,   350/  454; acc:  82.49; ppl:   2.10; 3439 src tok/s; 3566 tgt tok/s;     86 s elapsed
Epoch 14,   400/  454; acc:  82.41; ppl:   2.13; 3397 src tok/s; 3518 tgt tok/s;     99 s elapsed
Epoch 14,   450/  454; acc:  82.18; ppl:   2.13; 3410 src tok/s; 3539 tgt tok/s;    111 s elapsed
Train perplexity: 2.12385
Train accuracy: 82.3283
Validation perplexity: 6.32615
Validation accuracy: 68.9797
Decaying learning rate to 0.00390625

Epoch 15,    50/  454; acc:  82.22; ppl:   2.15; 3352 src tok/s; 3484 tgt tok/s;     13 s elapsed
Epoch 15,   100/  454; acc:  82.69; ppl:   2.11; 3459 src tok/s; 3577 tgt tok/s;     25 s elapsed
Epoch 15,   150/  454; acc:  82.79; ppl:   2.07; 3433 src tok/s; 3573 tgt tok/s;     37 s elapsed
Epoch 15,   200/  454; acc:  81.86; ppl:   2.17; 3456 src tok/s; 3564 tgt tok/s;     49 s elapsed
Epoch 15,   250/  454; acc:  82.42; ppl:   2.11; 3443 src tok/s; 3580 tgt tok/s;     61 s elapsed
Epoch 15,   300/  454; acc:  82.62; ppl:   2.10; 3453 src tok/s; 3593 tgt tok/s;     73 s elapsed
Epoch 15,   350/  454; acc:  82.31; ppl:   2.11; 3464 src tok/s; 3584 tgt tok/s;     86 s elapsed
Epoch 15,   400/  454; acc:  82.35; ppl:   2.14; 3389 src tok/s; 3531 tgt tok/s;     98 s elapsed
Epoch 15,   450/  454; acc:  82.32; ppl:   2.11; 3396 src tok/s; 3521 tgt tok/s;    110 s elapsed
Train perplexity: 2.11719
Train accuracy: 82.4056
Validation perplexity: 6.32951
Validation accuracy: 69.0294
Decaying learning rate to 0.00195312

Epoch 16,    50/  454; acc:  82.38; ppl:   2.12; 3371 src tok/s; 3484 tgt tok/s;     13 s elapsed
Epoch 16,   100/  454; acc:  82.38; ppl:   2.11; 3372 src tok/s; 3513 tgt tok/s;     25 s elapsed
Epoch 16,   150/  454; acc:  82.60; ppl:   2.11; 3448 src tok/s; 3593 tgt tok/s;     37 s elapsed
Epoch 16,   200/  454; acc:  81.86; ppl:   2.18; 3431 src tok/s; 3542 tgt tok/s;     49 s elapsed
Epoch 16,   250/  454; acc:  81.67; ppl:   2.16; 3400 src tok/s; 3533 tgt tok/s;     62 s elapsed
Epoch 16,   300/  454; acc:  82.72; ppl:   2.05; 3437 src tok/s; 3577 tgt tok/s;     74 s elapsed
Epoch 16,   350/  454; acc:  82.79; ppl:   2.08; 3486 src tok/s; 3624 tgt tok/s;     86 s elapsed
Epoch 16,   400/  454; acc:  82.43; ppl:   2.10; 3289 src tok/s; 3409 tgt tok/s;     99 s elapsed
Epoch 16,   450/  454; acc:  82.44; ppl:   2.12; 3401 src tok/s; 3521 tgt tok/s;    111 s elapsed
Train perplexity: 2.11122
Train accuracy: 82.3813
Validation perplexity: 6.33256
Validation accuracy: 69.0507
Decaying learning rate to 0.000976562

Epoch 17,    50/  454; acc:  82.47; ppl:   2.14; 3416 src tok/s; 3552 tgt tok/s;     13 s elapsed
Epoch 17,   100/  454; acc:  82.63; ppl:   2.10; 3471 src tok/s; 3589 tgt tok/s;     25 s elapsed
Epoch 17,   150/  454; acc:  81.73; ppl:   2.19; 3412 src tok/s; 3527 tgt tok/s;     37 s elapsed
Epoch 17,   200/  454; acc:  82.99; ppl:   2.05; 3411 src tok/s; 3572 tgt tok/s;     49 s elapsed
Epoch 17,   250/  454; acc:  83.48; ppl:   1.98; 3395 src tok/s; 3558 tgt tok/s;     61 s elapsed
Epoch 17,   300/  454; acc:  81.33; ppl:   2.22; 3449 src tok/s; 3554 tgt tok/s;     74 s elapsed
Epoch 17,   350/  454; acc:  82.91; ppl:   2.05; 3437 src tok/s; 3560 tgt tok/s;     85 s elapsed
Epoch 17,   400/  454; acc:  82.15; ppl:   2.15; 3433 src tok/s; 3558 tgt tok/s;     98 s elapsed
Epoch 17,   450/  454; acc:  82.60; ppl:   2.09; 3338 src tok/s; 3453 tgt tok/s;    110 s elapsed
Train perplexity: 2.10978
Train accuracy: 82.4545
Validation perplexity: 6.33391
Validation accuracy: 69.0436
Decaying learning rate to 0.000488281
