<module 'opts' from '/u/suhubdyd/research/projects/jumble_lstm/code/auxiliary-nmt/opts.pyc'>
Namespace(batch_size=64, brnn=False, brnn_merge='concat', cnn_kernel_width=3, context_gate=None, copy_attn=False, copy_attn_force=False, coverage_attn=False, data='/data/lisatmp3/suhubdyd/multi30k.atok.low', dec_layers=1, decay_method='', decoder_type='rnn', dropout=0.3, enc_layers=2, encoder_type='rnn', epochs=17, exp='', exp_host='', feat_merge='concat', feat_vec_exponent=0.7, feat_vec_size=-1, fix_word_vecs_dec=False, fix_word_vecs_enc=False, global_attention='general', gpuid=[0], input_feed=1, kappa_dec=0.4, kappa_enc=0.3, lambda_coverage=1, layers=-1, learning_rate=1.0, learning_rate_decay=0.5, max_generator_batches=32, max_grad_norm=5, model_type='text', optim='sgd', param_init=0.1, position_encoding=False, pre_word_vecs_dec=None, pre_word_vecs_enc=None, report_every=50, rnn_size=500, rnn_type='LSTM', save_model='/data/lisatmp3/suhubdyd/models/seeds/encoder0.3decoder0.4dropout0.3wdropFalseseed2', seed=2, share_decoder_embeddings=False, share_embeddings=False, src_word_vec_size=500, start_checkpoint_at=0, start_decay_at=8, start_epoch=1, tgt_word_vec_size=500, train_from='', truncated_decoder=0, warmup_steps=4000, weightdropout=False, word_vec_size=-1)
('Using Kappa L2 loss on encoder', 0.3)
('Using Kappa L2 loss on decoder', 0.4)
Loading train and validate data from '/data/lisatmp3/suhubdyd/multi30k.atok.low'
 * number of training sentences: 29000
 * maximum batch size: 64
 * vocabulary size. source = 10841; target = 18563
Building model...
Intializing model parameters.
NMTModel (
  (encoder): RNNEncoder (
    (embeddings): Embeddings (
      (make_embedding): Sequential (
        (emb_luts): Elementwise (
          (0): Embedding(10841, 500, padding_idx=1)
        )
      )
    )
    (dropout): Dropout (p = 0.3)
    (rnn): LSTM(500, 500, dropout=0.3)
  )
  (decoder): InputFeedRNNDecoder (
    (embeddings): Embeddings (
      (make_embedding): Sequential (
        (emb_luts): Elementwise (
          (0): Embedding(18563, 500, padding_idx=1)
        )
      )
    )
    (dropout): Dropout (p = 0.3)
    (rnn): StackedLSTM (
      (dropout): Dropout (p = 0.3)
      (layers): ModuleList (
        (0): LSTMCell(1000, 500)
      )
    )
    (attn): GlobalAttention (
      (linear_in): Linear (500 -> 500)
      (linear_out): Linear (1000 -> 500)
      (sm): Softmax ()
      (tanh): Tanh ()
    )
  )
  (generator): Sequential (
    (0): Linear (500 -> 18563)
    (1): LogSoftmax ()
  )
)
* number of parameters: 29760063
('encoder: ', 7424500)
('decoder: ', 22335563)

Epoch  1,    50/  454; acc:   7.68; ppl: 48193.87; 5156 src tok/s; 5368 tgt tok/s;      8 s elapsed
Epoch  1,   100/  454; acc:  13.81; ppl: 1731.85; 5736 src tok/s; 5948 tgt tok/s;     15 s elapsed
Epoch  1,   150/  454; acc:  16.95; ppl: 571.68; 5542 src tok/s; 5761 tgt tok/s;     23 s elapsed
Epoch  1,   200/  454; acc:  20.80; ppl: 284.99; 5661 src tok/s; 5848 tgt tok/s;     31 s elapsed
Epoch  1,   250/  454; acc:  24.29; ppl: 181.33; 5631 src tok/s; 5842 tgt tok/s;     38 s elapsed
Epoch  1,   300/  454; acc:  26.46; ppl: 129.62; 5622 src tok/s; 5842 tgt tok/s;     45 s elapsed
Epoch  1,   350/  454; acc:  28.72; ppl: 106.04; 5704 src tok/s; 5896 tgt tok/s;     53 s elapsed
Epoch  1,   400/  454; acc:  31.47; ppl:  78.74; 5612 src tok/s; 5857 tgt tok/s;     60 s elapsed
Epoch  1,   450/  454; acc:  33.23; ppl:  67.88; 5552 src tok/s; 5772 tgt tok/s;     67 s elapsed
Train perplexity: 381.982
Train accuracy: 22.6329
Validation perplexity: 69.0238
Validation accuracy: 30.3179

Epoch  2,    50/  454; acc:  35.69; ppl:  53.97; 5611 src tok/s; 5830 tgt tok/s;      7 s elapsed
Epoch  2,   100/  454; acc:  38.99; ppl:  44.68; 5747 src tok/s; 5943 tgt tok/s;     15 s elapsed
Epoch  2,   150/  454; acc:  40.40; ppl:  39.13; 5660 src tok/s; 5863 tgt tok/s;     22 s elapsed
Epoch  2,   200/  454; acc:  43.72; ppl:  32.31; 5627 src tok/s; 5832 tgt tok/s;     30 s elapsed
Epoch  2,   250/  454; acc:  43.99; ppl:  30.88; 5620 src tok/s; 5810 tgt tok/s;     37 s elapsed
Epoch  2,   300/  454; acc:  47.83; ppl:  23.99; 5655 src tok/s; 5894 tgt tok/s;     45 s elapsed
Epoch  2,   350/  454; acc:  47.57; ppl:  24.24; 5679 src tok/s; 5892 tgt tok/s;     52 s elapsed
Epoch  2,   400/  454; acc:  50.86; ppl:  19.70; 5639 src tok/s; 5866 tgt tok/s;     59 s elapsed
Epoch  2,   450/  454; acc:  51.48; ppl:  18.58; 5451 src tok/s; 5668 tgt tok/s;     67 s elapsed
Train perplexity: 29.9571
Train accuracy: 44.5572
Validation perplexity: 15.5677
Validation accuracy: 54.7254

Epoch  3,    50/  454; acc:  53.03; ppl:  15.82; 5636 src tok/s; 5807 tgt tok/s;      8 s elapsed
Epoch  3,   100/  454; acc:  56.01; ppl:  13.23; 5522 src tok/s; 5766 tgt tok/s;     15 s elapsed
Epoch  3,   150/  454; acc:  54.84; ppl:  14.17; 5717 src tok/s; 5918 tgt tok/s;     22 s elapsed
Epoch  3,   200/  454; acc:  57.02; ppl:  12.39; 5545 src tok/s; 5775 tgt tok/s;     30 s elapsed
Epoch  3,   250/  454; acc:  58.59; ppl:  11.25; 5559 src tok/s; 5844 tgt tok/s;     37 s elapsed
Epoch  3,   300/  454; acc:  55.57; ppl:  13.23; 5678 src tok/s; 5841 tgt tok/s;     45 s elapsed
Epoch  3,   350/  454; acc:  58.20; ppl:  11.57; 5682 src tok/s; 5903 tgt tok/s;     52 s elapsed
Epoch  3,   400/  454; acc:  57.32; ppl:  11.86; 5790 src tok/s; 5995 tgt tok/s;     60 s elapsed
Epoch  3,   450/  454; acc:  59.11; ppl:  10.92; 5509 src tok/s; 5709 tgt tok/s;     67 s elapsed
Train perplexity: 12.6455
Train accuracy: 56.62
Validation perplexity: 9.96248
Validation accuracy: 60.3377

Epoch  4,    50/  454; acc:  61.51; ppl:   8.75; 5587 src tok/s; 5777 tgt tok/s;      8 s elapsed
Epoch  4,   100/  454; acc:  61.96; ppl:   8.38; 5672 src tok/s; 5878 tgt tok/s;     15 s elapsed
Epoch  4,   150/  454; acc:  61.78; ppl:   8.38; 5667 src tok/s; 5871 tgt tok/s;     22 s elapsed
Epoch  4,   200/  454; acc:  61.51; ppl:   8.56; 5640 src tok/s; 5837 tgt tok/s;     30 s elapsed
Epoch  4,   250/  454; acc:  62.35; ppl:   8.36; 5640 src tok/s; 5860 tgt tok/s;     37 s elapsed
Epoch  4,   300/  454; acc:  62.13; ppl:   8.38; 5629 src tok/s; 5828 tgt tok/s;     45 s elapsed
Epoch  4,   350/  454; acc:  61.50; ppl:   8.47; 5558 src tok/s; 5771 tgt tok/s;     52 s elapsed
Epoch  4,   400/  454; acc:  63.02; ppl:   7.67; 5534 src tok/s; 5787 tgt tok/s;     60 s elapsed
Epoch  4,   450/  454; acc:  62.15; ppl:   8.12; 5711 src tok/s; 5939 tgt tok/s;     67 s elapsed
Train perplexity: 8.32281
Train accuracy: 62.0162
Validation perplexity: 8.05459
Validation accuracy: 63.3532

Epoch  5,    50/  454; acc:  65.03; ppl:   6.30; 5627 src tok/s; 5794 tgt tok/s;      8 s elapsed
Epoch  5,   100/  454; acc:  65.74; ppl:   6.09; 5594 src tok/s; 5837 tgt tok/s;     15 s elapsed
Epoch  5,   150/  454; acc:  65.63; ppl:   6.19; 5577 src tok/s; 5824 tgt tok/s;     22 s elapsed
Epoch  5,   200/  454; acc:  64.54; ppl:   6.63; 5603 src tok/s; 5783 tgt tok/s;     30 s elapsed
Epoch  5,   250/  454; acc:  67.20; ppl:   5.67; 5584 src tok/s; 5876 tgt tok/s;     37 s elapsed
Epoch  5,   300/  454; acc:  64.07; ppl:   6.83; 5700 src tok/s; 5821 tgt tok/s;     45 s elapsed
Epoch  5,   350/  454; acc:  64.31; ppl:   6.63; 5717 src tok/s; 5933 tgt tok/s;     52 s elapsed
Epoch  5,   400/  454; acc:  65.94; ppl:   6.07; 5566 src tok/s; 5821 tgt tok/s;     60 s elapsed
Epoch  5,   450/  454; acc:  65.91; ppl:   6.18; 5500 src tok/s; 5703 tgt tok/s;     67 s elapsed
Train perplexity: 6.29111
Train accuracy: 65.344
Validation perplexity: 7.38721
Validation accuracy: 65.4321

Epoch  6,    50/  454; acc:  68.62; ppl:   4.93; 5656 src tok/s; 5813 tgt tok/s;      8 s elapsed
Epoch  6,   100/  454; acc:  68.19; ppl:   5.03; 5567 src tok/s; 5821 tgt tok/s;     15 s elapsed
Epoch  6,   150/  454; acc:  67.95; ppl:   5.12; 5688 src tok/s; 5843 tgt tok/s;     23 s elapsed
Epoch  6,   200/  454; acc:  68.62; ppl:   4.95; 5498 src tok/s; 5767 tgt tok/s;     30 s elapsed
Epoch  6,   250/  454; acc:  68.78; ppl:   4.85; 5544 src tok/s; 5817 tgt tok/s;     37 s elapsed
Epoch  6,   300/  454; acc:  66.70; ppl:   5.49; 5653 src tok/s; 5819 tgt tok/s;     45 s elapsed
Epoch  6,   350/  454; acc:  67.45; ppl:   5.26; 5643 src tok/s; 5860 tgt tok/s;     52 s elapsed
Epoch  6,   400/  454; acc:  68.55; ppl:   4.93; 5744 src tok/s; 5964 tgt tok/s;     60 s elapsed
Epoch  6,   450/  454; acc:  67.52; ppl:   5.20; 5680 src tok/s; 5896 tgt tok/s;     67 s elapsed
Train perplexity: 5.08458
Train accuracy: 68.0315
Validation perplexity: 6.79582
Validation accuracy: 66.6809

Epoch  7,    50/  454; acc:  70.52; ppl:   4.15; 5548 src tok/s; 5754 tgt tok/s;      8 s elapsed
Epoch  7,   100/  454; acc:  70.96; ppl:   4.05; 5615 src tok/s; 5856 tgt tok/s;     15 s elapsed
Epoch  7,   150/  454; acc:  71.23; ppl:   4.01; 5707 src tok/s; 5934 tgt tok/s;     22 s elapsed
Epoch  7,   200/  454; acc:  69.23; ppl:   4.48; 5530 src tok/s; 5727 tgt tok/s;     30 s elapsed
Epoch  7,   250/  454; acc:  69.14; ppl:   4.52; 5741 src tok/s; 5933 tgt tok/s;     38 s elapsed
Epoch  7,   300/  454; acc:  71.39; ppl:   4.04; 5548 src tok/s; 5803 tgt tok/s;     45 s elapsed
Epoch  7,   350/  454; acc:  70.78; ppl:   4.15; 5575 src tok/s; 5823 tgt tok/s;     52 s elapsed
Epoch  7,   400/  454; acc:  68.16; ppl:   4.75; 5634 src tok/s; 5783 tgt tok/s;     60 s elapsed
Epoch  7,   450/  454; acc:  69.36; ppl:   4.50; 5562 src tok/s; 5750 tgt tok/s;     67 s elapsed
Train perplexity: 4.28932
Train accuracy: 70.0757
Validation perplexity: 6.45303
Validation accuracy: 67.6174

Epoch  8,    50/  454; acc:  74.17; ppl:   3.28; 5686 src tok/s; 5915 tgt tok/s;      7 s elapsed
Epoch  8,   100/  454; acc:  71.65; ppl:   3.72; 5572 src tok/s; 5806 tgt tok/s;     15 s elapsed
Epoch  8,   150/  454; acc:  71.89; ppl:   3.66; 5613 src tok/s; 5803 tgt tok/s;     22 s elapsed
Epoch  8,   200/  454; acc:  72.28; ppl:   3.64; 5581 src tok/s; 5786 tgt tok/s;     30 s elapsed
Epoch  8,   250/  454; acc:  70.71; ppl:   3.93; 5604 src tok/s; 5791 tgt tok/s;     38 s elapsed
Epoch  8,   300/  454; acc:  72.06; ppl:   3.63; 5576 src tok/s; 5830 tgt tok/s;     45 s elapsed
Epoch  8,   350/  454; acc:  71.47; ppl:   3.78; 5612 src tok/s; 5827 tgt tok/s;     52 s elapsed
Epoch  8,   400/  454; acc:  71.02; ppl:   3.90; 5642 src tok/s; 5820 tgt tok/s;     60 s elapsed
Epoch  8,   450/  454; acc:  71.34; ppl:   3.84; 5583 src tok/s; 5808 tgt tok/s;     67 s elapsed
Train perplexity: 3.70825
Train accuracy: 71.8296
Validation perplexity: 6.39863
Validation accuracy: 67.9154
Decaying learning rate to 0.5

Epoch  9,    50/  454; acc:  76.64; ppl:   2.78; 5652 src tok/s; 5896 tgt tok/s;      7 s elapsed
Epoch  9,   100/  454; acc:  76.59; ppl:   2.78; 5571 src tok/s; 5771 tgt tok/s;     15 s elapsed
Epoch  9,   150/  454; acc:  76.89; ppl:   2.79; 5651 src tok/s; 5823 tgt tok/s;     22 s elapsed
Epoch  9,   200/  454; acc:  77.06; ppl:   2.75; 5477 src tok/s; 5724 tgt tok/s;     30 s elapsed
Epoch  9,   250/  454; acc:  76.16; ppl:   2.91; 5693 src tok/s; 5876 tgt tok/s;     38 s elapsed
Epoch  9,   300/  454; acc:  77.03; ppl:   2.70; 5652 src tok/s; 5884 tgt tok/s;     45 s elapsed
Epoch  9,   350/  454; acc:  76.85; ppl:   2.71; 5638 src tok/s; 5873 tgt tok/s;     52 s elapsed
Epoch  9,   400/  454; acc:  75.38; ppl:   2.99; 5639 src tok/s; 5828 tgt tok/s;     60 s elapsed
Epoch  9,   450/  454; acc:  76.54; ppl:   2.81; 5564 src tok/s; 5775 tgt tok/s;     67 s elapsed
Train perplexity: 2.79838
Train accuracy: 76.5837
Validation perplexity: 6.0723
Validation accuracy: 69.1784
Decaying learning rate to 0.25

Epoch 10,    50/  454; acc:  81.33; ppl:   2.19; 5478 src tok/s; 5750 tgt tok/s;      7 s elapsed
Epoch 10,   100/  454; acc:  79.63; ppl:   2.40; 5671 src tok/s; 5860 tgt tok/s;     15 s elapsed
Epoch 10,   150/  454; acc:  80.84; ppl:   2.26; 5679 src tok/s; 5885 tgt tok/s;     22 s elapsed
Epoch 10,   200/  454; acc:  79.82; ppl:   2.38; 5641 src tok/s; 5831 tgt tok/s;     30 s elapsed
Epoch 10,   250/  454; acc:  80.50; ppl:   2.28; 5703 src tok/s; 5895 tgt tok/s;     37 s elapsed
Epoch 10,   300/  454; acc:  79.51; ppl:   2.38; 5544 src tok/s; 5764 tgt tok/s;     45 s elapsed
Epoch 10,   350/  454; acc:  80.49; ppl:   2.26; 5597 src tok/s; 5845 tgt tok/s;     52 s elapsed
Epoch 10,   400/  454; acc:  79.25; ppl:   2.44; 5527 src tok/s; 5707 tgt tok/s;     60 s elapsed
Epoch 10,   450/  454; acc:  80.18; ppl:   2.32; 5614 src tok/s; 5835 tgt tok/s;     67 s elapsed
Train perplexity: 2.32407
Train accuracy: 80.1443
Validation perplexity: 6.03691
Validation accuracy: 69.9163
Decaying learning rate to 0.125

Epoch 11,    50/  454; acc:  81.90; ppl:   2.12; 5616 src tok/s; 5798 tgt tok/s;      8 s elapsed
Epoch 11,   100/  454; acc:  82.93; ppl:   2.01; 5587 src tok/s; 5828 tgt tok/s;     15 s elapsed
Epoch 11,   150/  454; acc:  81.94; ppl:   2.13; 5664 src tok/s; 5870 tgt tok/s;     22 s elapsed
Epoch 11,   200/  454; acc:  82.35; ppl:   2.10; 5586 src tok/s; 5780 tgt tok/s;     30 s elapsed
Epoch 11,   250/  454; acc:  81.72; ppl:   2.15; 5538 src tok/s; 5740 tgt tok/s;     38 s elapsed
Epoch 11,   300/  454; acc:  82.17; ppl:   2.11; 5446 src tok/s; 5652 tgt tok/s;     45 s elapsed
Epoch 11,   350/  454; acc:  82.55; ppl:   2.05; 5449 src tok/s; 5706 tgt tok/s;     53 s elapsed
Epoch 11,   400/  454; acc:  81.43; ppl:   2.19; 5581 src tok/s; 5773 tgt tok/s;     60 s elapsed
Epoch 11,   450/  454; acc:  81.74; ppl:   2.14; 5438 src tok/s; 5647 tgt tok/s;     68 s elapsed
Train perplexity: 2.10878
Train accuracy: 82.0882
Validation perplexity: 6.11444
Validation accuracy: 70.1149
Decaying learning rate to 0.0625

Epoch 12,    50/  454; acc:  83.88; ppl:   1.94; 5541 src tok/s; 5739 tgt tok/s;      8 s elapsed
Epoch 12,   100/  454; acc:  82.85; ppl:   2.03; 5479 src tok/s; 5679 tgt tok/s;     15 s elapsed
Epoch 12,   150/  454; acc:  83.77; ppl:   1.96; 5585 src tok/s; 5795 tgt tok/s;     23 s elapsed
Epoch 12,   200/  454; acc:  82.74; ppl:   2.07; 5536 src tok/s; 5750 tgt tok/s;     30 s elapsed
Epoch 12,   250/  454; acc:  82.36; ppl:   2.08; 5566 src tok/s; 5755 tgt tok/s;     38 s elapsed
Epoch 12,   300/  454; acc:  83.66; ppl:   1.96; 5470 src tok/s; 5709 tgt tok/s;     46 s elapsed
Epoch 12,   350/  454; acc:  83.47; ppl:   1.97; 5042 src tok/s; 5261 tgt tok/s;     54 s elapsed
Epoch 12,   400/  454; acc:  82.94; ppl:   2.04; 5724 src tok/s; 5925 tgt tok/s;     61 s elapsed
Epoch 12,   450/  454; acc:  82.44; ppl:   2.04; 5691 src tok/s; 5891 tgt tok/s;     68 s elapsed
Train perplexity: 2.00902
Train accuracy: 83.118
Validation perplexity: 6.13864
Validation accuracy: 70.3065
Decaying learning rate to 0.03125

Epoch 13,    50/  454; acc:  84.10; ppl:   1.91; 5223 src tok/s; 5449 tgt tok/s;      8 s elapsed
Epoch 13,   100/  454; acc:  83.11; ppl:   2.01; 5538 src tok/s; 5722 tgt tok/s;     16 s elapsed
Epoch 13,   150/  454; acc:  84.25; ppl:   1.91; 5542 src tok/s; 5788 tgt tok/s;     23 s elapsed
Epoch 13,   200/  454; acc:  83.49; ppl:   1.99; 5371 src tok/s; 5543 tgt tok/s;     31 s elapsed
Epoch 13,   250/  454; acc:  82.62; ppl:   2.06; 5830 src tok/s; 6034 tgt tok/s;     38 s elapsed
Epoch 13,   300/  454; acc:  84.51; ppl:   1.86; 5811 src tok/s; 6057 tgt tok/s;     45 s elapsed
Epoch 13,   350/  454; acc:  82.27; ppl:   2.12; 5929 src tok/s; 6100 tgt tok/s;     53 s elapsed
Epoch 13,   400/  454; acc:  85.19; ppl:   1.80; 5706 src tok/s; 5988 tgt tok/s;     60 s elapsed
Epoch 13,   450/  454; acc:  83.59; ppl:   1.96; 5512 src tok/s; 5697 tgt tok/s;     67 s elapsed
Train perplexity: 1.95957
Train accuracy: 83.6416
Validation perplexity: 6.1952
Validation accuracy: 70.2568
Decaying learning rate to 0.015625

Epoch 14,    50/  454; acc:  84.07; ppl:   1.90; 5610 src tok/s; 5827 tgt tok/s;      7 s elapsed
Epoch 14,   100/  454; acc:  83.84; ppl:   1.96; 5617 src tok/s; 5818 tgt tok/s;     15 s elapsed
Epoch 14,   150/  454; acc:  83.57; ppl:   1.97; 5551 src tok/s; 5755 tgt tok/s;     23 s elapsed
Epoch 14,   200/  454; acc:  84.41; ppl:   1.91; 5506 src tok/s; 5720 tgt tok/s;     30 s elapsed
Epoch 14,   250/  454; acc:  84.67; ppl:   1.85; 5542 src tok/s; 5769 tgt tok/s;     37 s elapsed
Epoch 14,   300/  454; acc:  82.98; ppl:   2.02; 5691 src tok/s; 5896 tgt tok/s;     45 s elapsed
Epoch 14,   350/  454; acc:  83.59; ppl:   1.97; 5536 src tok/s; 5759 tgt tok/s;     53 s elapsed
Epoch 14,   400/  454; acc:  84.16; ppl:   1.91; 5755 src tok/s; 5989 tgt tok/s;     60 s elapsed
Epoch 14,   450/  454; acc:  84.34; ppl:   1.91; 5484 src tok/s; 5673 tgt tok/s;     67 s elapsed
Train perplexity: 1.93522
Train accuracy: 83.9318
Validation perplexity: 6.22155
Validation accuracy: 70.271
Decaying learning rate to 0.0078125

Epoch 15,    50/  454; acc:  84.86; ppl:   1.87; 5588 src tok/s; 5819 tgt tok/s;      7 s elapsed
Epoch 15,   100/  454; acc:  83.70; ppl:   1.96; 5339 src tok/s; 5523 tgt tok/s;     15 s elapsed
Epoch 15,   150/  454; acc:  84.94; ppl:   1.86; 5814 src tok/s; 6041 tgt tok/s;     22 s elapsed
Epoch 15,   200/  454; acc:  83.34; ppl:   1.99; 5725 src tok/s; 5932 tgt tok/s;     30 s elapsed
Epoch 15,   250/  454; acc:  83.37; ppl:   1.99; 5655 src tok/s; 5854 tgt tok/s;     37 s elapsed
Epoch 15,   300/  454; acc:  84.54; ppl:   1.88; 5350 src tok/s; 5572 tgt tok/s;     45 s elapsed
Epoch 15,   350/  454; acc:  85.07; ppl:   1.83; 5488 src tok/s; 5741 tgt tok/s;     53 s elapsed
Epoch 15,   400/  454; acc:  83.25; ppl:   1.99; 5598 src tok/s; 5771 tgt tok/s;     60 s elapsed
Epoch 15,   450/  454; acc:  83.85; ppl:   1.94; 5567 src tok/s; 5779 tgt tok/s;     68 s elapsed
Train perplexity: 1.92347
Train accuracy: 84.0947
Validation perplexity: 6.22684
Validation accuracy: 70.3065
Decaying learning rate to 0.00390625

Epoch 16,    50/  454; acc:  83.53; ppl:   1.99; 5663 src tok/s; 5853 tgt tok/s;      8 s elapsed
Epoch 16,   100/  454; acc:  85.03; ppl:   1.84; 5582 src tok/s; 5825 tgt tok/s;     15 s elapsed
Epoch 16,   150/  454; acc:  84.15; ppl:   1.96; 5561 src tok/s; 5800 tgt tok/s;     22 s elapsed
Epoch 16,   200/  454; acc:  84.45; ppl:   1.88; 5591 src tok/s; 5779 tgt tok/s;     30 s elapsed
Epoch 16,   250/  454; acc:  85.34; ppl:   1.81; 5590 src tok/s; 5827 tgt tok/s;     37 s elapsed
Epoch 16,   300/  454; acc:  83.15; ppl:   2.01; 5725 src tok/s; 5895 tgt tok/s;     45 s elapsed
Epoch 16,   350/  454; acc:  84.38; ppl:   1.90; 5652 src tok/s; 5896 tgt tok/s;     52 s elapsed
Epoch 16,   400/  454; acc:  83.84; ppl:   1.94; 5574 src tok/s; 5786 tgt tok/s;     60 s elapsed
Epoch 16,   450/  454; acc:  84.11; ppl:   1.93; 5455 src tok/s; 5644 tgt tok/s;     67 s elapsed
Train perplexity: 1.9169
Train accuracy: 84.22
Validation perplexity: 6.23491
Validation accuracy: 70.3136
Decaying learning rate to 0.00195312

Epoch 17,    50/  454; acc:  84.43; ppl:   1.88; 5599 src tok/s; 5813 tgt tok/s;      7 s elapsed
Epoch 17,   100/  454; acc:  84.38; ppl:   1.89; 5581 src tok/s; 5803 tgt tok/s;     15 s elapsed
Epoch 17,   150/  454; acc:  84.17; ppl:   1.91; 5690 src tok/s; 5911 tgt tok/s;     22 s elapsed
Epoch 17,   200/  454; acc:  83.82; ppl:   1.95; 5608 src tok/s; 5801 tgt tok/s;     30 s elapsed
Epoch 17,   250/  454; acc:  84.17; ppl:   1.92; 5591 src tok/s; 5802 tgt tok/s;     37 s elapsed
Epoch 17,   300/  454; acc:  84.03; ppl:   1.94; 5638 src tok/s; 5866 tgt tok/s;     45 s elapsed
Epoch 17,   350/  454; acc:  84.21; ppl:   1.93; 5598 src tok/s; 5795 tgt tok/s;     52 s elapsed
Epoch 17,   400/  454; acc:  84.47; ppl:   1.87; 5635 src tok/s; 5866 tgt tok/s;     60 s elapsed
Epoch 17,   450/  454; acc:  84.42; ppl:   1.91; 5505 src tok/s; 5702 tgt tok/s;     67 s elapsed
Train perplexity: 1.91318
Train accuracy: 84.2153
Validation perplexity: 6.23809
Validation accuracy: 70.3278
Decaying learning rate to 0.000976562
