<module 'opts' from '/u/suhubdyd/research/projects/jumble_lstm/code/auxiliary-nmt/opts.pyc'>
Namespace(batch_size=64, brnn=False, brnn_merge='concat', cnn_kernel_width=3, context_gate=None, copy_attn=False, copy_attn_force=False, coverage_attn=False, data='/data/lisatmp3/suhubdyd/multi30k.atok.low', dec_layers=1, decay_method='', decoder_type='rnn', dropout=0.3, enc_layers=2, encoder_type='rnn', epochs=17, exp='', exp_host='', feat_merge='concat', feat_vec_exponent=0.7, feat_vec_size=-1, fix_word_vecs_dec=False, fix_word_vecs_enc=False, global_attention='general', gpuid=[0], input_feed=1, kappa_dec=0.25, kappa_enc=0.1, lambda_coverage=1, layers=-1, learning_rate=1.0, learning_rate_decay=0.5, max_generator_batches=32, max_grad_norm=5, model_type='text', optim='sgd', param_init=0.1, position_encoding=False, pre_word_vecs_dec=None, pre_word_vecs_enc=None, report_every=50, rnn_size=500, rnn_type='LSTM', save_model='/data/lisatmp3/suhubdyd/models/encoder0.10decoder0.25dropout0.3wdropFalse', seed=-1, share_decoder_embeddings=False, share_embeddings=False, src_word_vec_size=500, start_checkpoint_at=0, start_decay_at=8, start_epoch=1, tgt_word_vec_size=500, train_from='', truncated_decoder=0, warmup_steps=4000, weightdropout=False, word_vec_size=-1)
('Using Kappa L2 loss on encoder', 0.1)
('Using Kappa L2 loss on decoder', 0.25)
Loading train and validate data from '/data/lisatmp3/suhubdyd/multi30k.atok.low'
 * number of training sentences: 29000
 * maximum batch size: 64
 * vocabulary size. source = 10841; target = 18563
Building model...
Intializing model parameters.
NMTModel (
  (encoder): RNNEncoder (
    (embeddings): Embeddings (
      (make_embedding): Sequential (
        (emb_luts): Elementwise (
          (0): Embedding(10841, 500, padding_idx=1)
        )
      )
    )
    (dropout): Dropout (p = 0.3)
    (rnn): LSTM(500, 500, dropout=0.3)
  )
  (decoder): InputFeedRNNDecoder (
    (embeddings): Embeddings (
      (make_embedding): Sequential (
        (emb_luts): Elementwise (
          (0): Embedding(18563, 500, padding_idx=1)
        )
      )
    )
    (dropout): Dropout (p = 0.3)
    (rnn): StackedLSTM (
      (dropout): Dropout (p = 0.3)
      (layers): ModuleList (
        (0): LSTMCell(1000, 500)
      )
    )
    (attn): GlobalAttention (
      (linear_in): Linear (500 -> 500)
      (linear_out): Linear (1000 -> 500)
      (sm): Softmax ()
      (tanh): Tanh ()
    )
  )
  (generator): Sequential (
    (0): Linear (500 -> 18563)
    (1): LogSoftmax ()
  )
)
* number of parameters: 29760063
('encoder: ', 7424500)
('decoder: ', 22335563)

Epoch  1,    50/  454; acc:  10.10; ppl: 11641.51; 5500 src tok/s; 5732 tgt tok/s;      7 s elapsed
Epoch  1,   100/  454; acc:  15.13; ppl: 1166.65; 5967 src tok/s; 6150 tgt tok/s;     15 s elapsed
Epoch  1,   150/  454; acc:  18.89; ppl: 426.74; 6008 src tok/s; 6226 tgt tok/s;     22 s elapsed
Epoch  1,   200/  454; acc:  21.73; ppl: 238.78; 5801 src tok/s; 6010 tgt tok/s;     29 s elapsed
Epoch  1,   250/  454; acc:  24.99; ppl: 162.36; 6073 src tok/s; 6271 tgt tok/s;     36 s elapsed
Epoch  1,   300/  454; acc:  28.42; ppl: 113.06; 5812 src tok/s; 6080 tgt tok/s;     43 s elapsed
Epoch  1,   350/  454; acc:  28.97; ppl:  98.26; 5874 src tok/s; 6082 tgt tok/s;     50 s elapsed
Epoch  1,   400/  454; acc:  32.77; ppl:  70.77; 5838 src tok/s; 6062 tgt tok/s;     57 s elapsed
Epoch  1,   450/  454; acc:  33.77; ppl:  64.15; 5839 src tok/s; 6108 tgt tok/s;     64 s elapsed
Train perplexity: 278.275
Train accuracy: 23.9027
Validation perplexity: 58.373
Validation accuracy: 34.9936

Epoch  2,    50/  454; acc:  34.90; ppl:  56.56; 5768 src tok/s; 5990 tgt tok/s;      7 s elapsed
Epoch  2,   100/  454; acc:  39.02; ppl:  43.90; 5865 src tok/s; 6127 tgt tok/s;     14 s elapsed
Epoch  2,   150/  454; acc:  39.73; ppl:  41.06; 6026 src tok/s; 6204 tgt tok/s;     22 s elapsed
Epoch  2,   200/  454; acc:  44.58; ppl:  30.13; 5832 src tok/s; 6066 tgt tok/s;     29 s elapsed
Epoch  2,   250/  454; acc:  44.56; ppl:  29.47; 6049 src tok/s; 6243 tgt tok/s;     36 s elapsed
Epoch  2,   300/  454; acc:  48.56; ppl:  23.11; 5691 src tok/s; 5959 tgt tok/s;     43 s elapsed
Epoch  2,   350/  454; acc:  49.07; ppl:  21.93; 6071 src tok/s; 6249 tgt tok/s;     50 s elapsed
Epoch  2,   400/  454; acc:  51.19; ppl:  19.23; 5900 src tok/s; 6148 tgt tok/s;     57 s elapsed
Epoch  2,   450/  454; acc:  51.43; ppl:  18.26; 5844 src tok/s; 6064 tgt tok/s;     64 s elapsed
Train perplexity: 29.3308
Train accuracy: 44.7901
Validation perplexity: 16.6962
Validation accuracy: 53.3631

Epoch  3,    50/  454; acc:  53.26; ppl:  15.84; 5934 src tok/s; 6122 tgt tok/s;      7 s elapsed
Epoch  3,   100/  454; acc:  55.10; ppl:  13.97; 5914 src tok/s; 6154 tgt tok/s;     14 s elapsed
Epoch  3,   150/  454; acc:  54.71; ppl:  14.07; 5934 src tok/s; 6141 tgt tok/s;     22 s elapsed
Epoch  3,   200/  454; acc:  57.20; ppl:  12.33; 5924 src tok/s; 6154 tgt tok/s;     29 s elapsed
Epoch  3,   250/  454; acc:  56.92; ppl:  12.19; 5966 src tok/s; 6220 tgt tok/s;     36 s elapsed
Epoch  3,   300/  454; acc:  57.78; ppl:  11.93; 5842 src tok/s; 6068 tgt tok/s;     43 s elapsed
Epoch  3,   350/  454; acc:  57.75; ppl:  11.96; 5959 src tok/s; 6153 tgt tok/s;     50 s elapsed
Epoch  3,   400/  454; acc:  59.92; ppl:  10.48; 5800 src tok/s; 6067 tgt tok/s;     57 s elapsed
Epoch  3,   450/  454; acc:  59.68; ppl:  10.29; 5803 src tok/s; 6020 tgt tok/s;     64 s elapsed
Train perplexity: 12.4927
Train accuracy: 56.8747
Validation perplexity: 10.6557
Validation accuracy: 60.9479

Epoch  4,    50/  454; acc:  61.65; ppl:   8.43; 5728 src tok/s; 5985 tgt tok/s;      7 s elapsed
Epoch  4,   100/  454; acc:  60.93; ppl:   8.93; 5862 src tok/s; 6052 tgt tok/s;     14 s elapsed
Epoch  4,   150/  454; acc:  61.27; ppl:   8.50; 6013 src tok/s; 6227 tgt tok/s;     22 s elapsed
Epoch  4,   200/  454; acc:  62.43; ppl:   8.46; 5798 src tok/s; 6040 tgt tok/s;     29 s elapsed
Epoch  4,   250/  454; acc:  61.95; ppl:   8.44; 5911 src tok/s; 6128 tgt tok/s;     36 s elapsed
Epoch  4,   300/  454; acc:  62.31; ppl:   8.07; 5881 src tok/s; 6139 tgt tok/s;     43 s elapsed
Epoch  4,   350/  454; acc:  62.22; ppl:   8.16; 5893 src tok/s; 6074 tgt tok/s;     50 s elapsed
Epoch  4,   400/  454; acc:  63.63; ppl:   7.38; 5897 src tok/s; 6133 tgt tok/s;     57 s elapsed
Epoch  4,   450/  454; acc:  62.43; ppl:   8.09; 5810 src tok/s; 6010 tgt tok/s;     64 s elapsed
Train perplexity: 8.24961
Train accuracy: 62.1065
Validation perplexity: 8.35677
Validation accuracy: 63.4951

Epoch  5,    50/  454; acc:  67.18; ppl:   5.56; 5711 src tok/s; 5978 tgt tok/s;      7 s elapsed
Epoch  5,   100/  454; acc:  63.97; ppl:   6.89; 5958 src tok/s; 6149 tgt tok/s;     14 s elapsed
Epoch  5,   150/  454; acc:  66.16; ppl:   5.92; 5880 src tok/s; 6147 tgt tok/s;     21 s elapsed
Epoch  5,   200/  454; acc:  65.08; ppl:   6.46; 5817 src tok/s; 6024 tgt tok/s;     29 s elapsed
Epoch  5,   250/  454; acc:  64.36; ppl:   6.66; 5935 src tok/s; 6113 tgt tok/s;     36 s elapsed
Epoch  5,   300/  454; acc:  65.85; ppl:   6.14; 5929 src tok/s; 6181 tgt tok/s;     43 s elapsed
Epoch  5,   350/  454; acc:  65.58; ppl:   6.15; 5788 src tok/s; 6042 tgt tok/s;     50 s elapsed
Epoch  5,   400/  454; acc:  65.61; ppl:   6.26; 6036 src tok/s; 6223 tgt tok/s;     57 s elapsed
Epoch  5,   450/  454; acc:  65.19; ppl:   6.45; 5858 src tok/s; 6054 tgt tok/s;     64 s elapsed
Train perplexity: 6.26557
Train accuracy: 65.4409
Validation perplexity: 7.34938
Validation accuracy: 64.8148

Epoch  6,    50/  454; acc:  68.24; ppl:   4.99; 5733 src tok/s; 5944 tgt tok/s;      7 s elapsed
Epoch  6,   100/  454; acc:  68.29; ppl:   4.87; 5986 src tok/s; 6179 tgt tok/s;     14 s elapsed
Epoch  6,   150/  454; acc:  66.60; ppl:   5.46; 5883 src tok/s; 6094 tgt tok/s;     22 s elapsed
Epoch  6,   200/  454; acc:  69.15; ppl:   4.73; 5845 src tok/s; 6112 tgt tok/s;     29 s elapsed
Epoch  6,   250/  454; acc:  68.54; ppl:   4.94; 5877 src tok/s; 6105 tgt tok/s;     36 s elapsed
Epoch  6,   300/  454; acc:  66.91; ppl:   5.32; 5951 src tok/s; 6157 tgt tok/s;     43 s elapsed
Epoch  6,   350/  454; acc:  67.86; ppl:   5.13; 5817 src tok/s; 6092 tgt tok/s;     50 s elapsed
Epoch  6,   400/  454; acc:  67.66; ppl:   5.12; 6016 src tok/s; 6200 tgt tok/s;     57 s elapsed
Epoch  6,   450/  454; acc:  67.75; ppl:   5.09; 5767 src tok/s; 6000 tgt tok/s;     64 s elapsed
Train perplexity: 5.07326
Train accuracy: 67.8491
Validation perplexity: 6.85257
Validation accuracy: 65.8294

Epoch  7,    50/  454; acc:  69.91; ppl:   4.33; 6009 src tok/s; 6184 tgt tok/s;      7 s elapsed
Epoch  7,   100/  454; acc:  71.61; ppl:   3.93; 5881 src tok/s; 6170 tgt tok/s;     14 s elapsed
Epoch  7,   150/  454; acc:  70.00; ppl:   4.21; 5861 src tok/s; 6057 tgt tok/s;     21 s elapsed
Epoch  7,   200/  454; acc:  69.90; ppl:   4.34; 5878 src tok/s; 6097 tgt tok/s;     28 s elapsed
Epoch  7,   250/  454; acc:  69.61; ppl:   4.39; 5942 src tok/s; 6185 tgt tok/s;     35 s elapsed
Epoch  7,   300/  454; acc:  69.79; ppl:   4.24; 5870 src tok/s; 6109 tgt tok/s;     43 s elapsed
Epoch  7,   350/  454; acc:  69.67; ppl:   4.40; 5874 src tok/s; 6070 tgt tok/s;     50 s elapsed
Epoch  7,   400/  454; acc:  69.98; ppl:   4.33; 5849 src tok/s; 6066 tgt tok/s;     57 s elapsed
Epoch  7,   450/  454; acc:  70.77; ppl:   4.14; 5767 src tok/s; 6025 tgt tok/s;     64 s elapsed
Train perplexity: 4.28198
Train accuracy: 70.0334
Validation perplexity: 6.73634
Validation accuracy: 65.95

Epoch  8,    50/  454; acc:  72.45; ppl:   3.59; 5877 src tok/s; 6066 tgt tok/s;      7 s elapsed
Epoch  8,   100/  454; acc:  72.80; ppl:   3.50; 5914 src tok/s; 6173 tgt tok/s;     14 s elapsed
Epoch  8,   150/  454; acc:  72.78; ppl:   3.48; 5871 src tok/s; 6100 tgt tok/s;     21 s elapsed
Epoch  8,   200/  454; acc:  71.37; ppl:   3.81; 5815 src tok/s; 6046 tgt tok/s;     28 s elapsed
Epoch  8,   250/  454; acc:  72.23; ppl:   3.64; 5844 src tok/s; 6058 tgt tok/s;     35 s elapsed
Epoch  8,   300/  454; acc:  71.24; ppl:   3.89; 5876 src tok/s; 6097 tgt tok/s;     43 s elapsed
Epoch  8,   350/  454; acc:  70.74; ppl:   3.95; 6007 src tok/s; 6178 tgt tok/s;     50 s elapsed
Epoch  8,   400/  454; acc:  72.20; ppl:   3.57; 5840 src tok/s; 6105 tgt tok/s;     57 s elapsed
Epoch  8,   450/  454; acc:  71.10; ppl:   3.91; 5795 src tok/s; 6024 tgt tok/s;     64 s elapsed
Train perplexity: 3.70757
Train accuracy: 71.8428
Validation perplexity: 6.59989
Validation accuracy: 66.688
Decaying learning rate to 0.5

Epoch  9,    50/  454; acc:  76.23; ppl:   2.87; 5858 src tok/s; 6101 tgt tok/s;      7 s elapsed
Epoch  9,   100/  454; acc:  76.76; ppl:   2.77; 5815 src tok/s; 6068 tgt tok/s;     14 s elapsed
Epoch  9,   150/  454; acc:  76.77; ppl:   2.81; 5937 src tok/s; 6117 tgt tok/s;     22 s elapsed
Epoch  9,   200/  454; acc:  76.50; ppl:   2.81; 5789 src tok/s; 6048 tgt tok/s;     29 s elapsed
Epoch  9,   250/  454; acc:  77.00; ppl:   2.75; 5994 src tok/s; 6214 tgt tok/s;     36 s elapsed
Epoch  9,   300/  454; acc:  76.45; ppl:   2.80; 5892 src tok/s; 6070 tgt tok/s;     43 s elapsed
Epoch  9,   350/  454; acc:  77.25; ppl:   2.70; 5627 src tok/s; 5901 tgt tok/s;     50 s elapsed
Epoch  9,   400/  454; acc:  76.18; ppl:   2.89; 5851 src tok/s; 6048 tgt tok/s;     57 s elapsed
Epoch  9,   450/  454; acc:  76.70; ppl:   2.78; 5852 src tok/s; 6046 tgt tok/s;     64 s elapsed
Train perplexity: 2.7988
Train accuracy: 76.6498
Validation perplexity: 6.15141
Validation accuracy: 68.5256
Decaying learning rate to 0.25

Epoch 10,    50/  454; acc:  80.56; ppl:   2.28; 5927 src tok/s; 6146 tgt tok/s;      7 s elapsed
Epoch 10,   100/  454; acc:  79.54; ppl:   2.37; 5819 src tok/s; 6038 tgt tok/s;     14 s elapsed
Epoch 10,   150/  454; acc:  80.67; ppl:   2.26; 5477 src tok/s; 5685 tgt tok/s;     22 s elapsed
Epoch 10,   200/  454; acc:  79.91; ppl:   2.36; 6005 src tok/s; 6232 tgt tok/s;     29 s elapsed
Epoch 10,   250/  454; acc:  79.78; ppl:   2.38; 6194 src tok/s; 6415 tgt tok/s;     36 s elapsed
Epoch 10,   300/  454; acc:  80.59; ppl:   2.25; 5870 src tok/s; 6138 tgt tok/s;     43 s elapsed
Epoch 10,   350/  454; acc:  80.05; ppl:   2.36; 5844 src tok/s; 6086 tgt tok/s;     50 s elapsed
Epoch 10,   400/  454; acc:  80.69; ppl:   2.28; 5604 src tok/s; 5797 tgt tok/s;     58 s elapsed
Epoch 10,   450/  454; acc:  79.62; ppl:   2.37; 5860 src tok/s; 6065 tgt tok/s;     64 s elapsed
Train perplexity: 2.32282
Train accuracy: 80.1375
Validation perplexity: 6.18317
Validation accuracy: 69.1855
Decaying learning rate to 0.125

Epoch 11,    50/  454; acc:  83.05; ppl:   2.03; 5894 src tok/s; 6122 tgt tok/s;      7 s elapsed
Epoch 11,   100/  454; acc:  82.03; ppl:   2.12; 5847 src tok/s; 6049 tgt tok/s;     14 s elapsed
Epoch 11,   150/  454; acc:  81.72; ppl:   2.16; 5897 src tok/s; 6107 tgt tok/s;     21 s elapsed
Epoch 11,   200/  454; acc:  82.50; ppl:   2.08; 5976 src tok/s; 6195 tgt tok/s;     28 s elapsed
Epoch 11,   250/  454; acc:  82.27; ppl:   2.09; 5685 src tok/s; 5930 tgt tok/s;     36 s elapsed
Epoch 11,   300/  454; acc:  81.73; ppl:   2.12; 5995 src tok/s; 6209 tgt tok/s;     43 s elapsed
Epoch 11,   350/  454; acc:  81.27; ppl:   2.19; 5797 src tok/s; 6037 tgt tok/s;     50 s elapsed
Epoch 11,   400/  454; acc:  82.57; ppl:   2.04; 5846 src tok/s; 6091 tgt tok/s;     57 s elapsed
Epoch 11,   450/  454; acc:  81.83; ppl:   2.12; 5773 src tok/s; 5956 tgt tok/s;     64 s elapsed
Train perplexity: 2.10545
Train accuracy: 82.1187
Validation perplexity: 6.33724
Validation accuracy: 69.2138
Decaying learning rate to 0.0625

Epoch 12,    50/  454; acc:  83.37; ppl:   2.01; 5861 src tok/s; 6065 tgt tok/s;      7 s elapsed
Epoch 12,   100/  454; acc:  83.70; ppl:   1.94; 5970 src tok/s; 6172 tgt tok/s;     14 s elapsed
Epoch 12,   150/  454; acc:  83.42; ppl:   2.02; 5897 src tok/s; 6141 tgt tok/s;     21 s elapsed
Epoch 12,   200/  454; acc:  83.45; ppl:   1.95; 5681 src tok/s; 5905 tgt tok/s;     29 s elapsed
Epoch 12,   250/  454; acc:  82.69; ppl:   2.06; 5874 src tok/s; 6086 tgt tok/s;     36 s elapsed
Epoch 12,   300/  454; acc:  83.29; ppl:   1.99; 5824 src tok/s; 6070 tgt tok/s;     43 s elapsed
Epoch 12,   350/  454; acc:  83.39; ppl:   1.99; 5858 src tok/s; 6084 tgt tok/s;     50 s elapsed
Epoch 12,   400/  454; acc:  82.89; ppl:   2.04; 5943 src tok/s; 6176 tgt tok/s;     57 s elapsed
Epoch 12,   450/  454; acc:  82.92; ppl:   2.02; 5804 src tok/s; 6007 tgt tok/s;     64 s elapsed
Train perplexity: 2.00378
Train accuracy: 83.2328
Validation perplexity: 6.39579
Validation accuracy: 69.2919
Decaying learning rate to 0.03125

Epoch 13,    50/  454; acc:  84.00; ppl:   1.91; 5736 src tok/s; 5940 tgt tok/s;      7 s elapsed
Epoch 13,   100/  454; acc:  83.64; ppl:   1.96; 5882 src tok/s; 6089 tgt tok/s;     14 s elapsed
Epoch 13,   150/  454; acc:  83.97; ppl:   1.95; 5771 src tok/s; 6022 tgt tok/s;     22 s elapsed
Epoch 13,   200/  454; acc:  83.48; ppl:   2.00; 5915 src tok/s; 6114 tgt tok/s;     29 s elapsed
Epoch 13,   250/  454; acc:  84.00; ppl:   1.92; 5908 src tok/s; 6132 tgt tok/s;     36 s elapsed
Epoch 13,   300/  454; acc:  83.38; ppl:   1.99; 5957 src tok/s; 6162 tgt tok/s;     43 s elapsed
Epoch 13,   350/  454; acc:  83.15; ppl:   2.01; 5838 src tok/s; 6062 tgt tok/s;     50 s elapsed
Epoch 13,   400/  454; acc:  84.18; ppl:   1.90; 5920 src tok/s; 6161 tgt tok/s;     57 s elapsed
Epoch 13,   450/  454; acc:  83.65; ppl:   1.99; 5693 src tok/s; 5942 tgt tok/s;     64 s elapsed
Train perplexity: 1.96062
Train accuracy: 83.6735
Validation perplexity: 6.42676
Validation accuracy: 69.377
Decaying learning rate to 0.015625

Epoch 14,    50/  454; acc:  85.64; ppl:   1.80; 5746 src tok/s; 6013 tgt tok/s;      7 s elapsed
Epoch 14,   100/  454; acc:  83.16; ppl:   2.02; 5829 src tok/s; 6018 tgt tok/s;     14 s elapsed
Epoch 14,   150/  454; acc:  84.85; ppl:   1.85; 5597 src tok/s; 5845 tgt tok/s;     22 s elapsed
Epoch 14,   200/  454; acc:  82.90; ppl:   2.06; 5893 src tok/s; 6076 tgt tok/s;     29 s elapsed
Epoch 14,   250/  454; acc:  83.11; ppl:   2.03; 5741 src tok/s; 5933 tgt tok/s;     37 s elapsed
Epoch 14,   300/  454; acc:  84.85; ppl:   1.86; 5823 src tok/s; 6072 tgt tok/s;     44 s elapsed
Epoch 14,   350/  454; acc:  83.63; ppl:   1.96; 5856 src tok/s; 6068 tgt tok/s;     51 s elapsed
Epoch 14,   400/  454; acc:  84.14; ppl:   1.91; 5968 src tok/s; 6202 tgt tok/s;     58 s elapsed
Epoch 14,   450/  454; acc:  84.16; ppl:   1.92; 5784 src tok/s; 5996 tgt tok/s;     65 s elapsed
Train perplexity: 1.93483
Train accuracy: 84.0099
Validation perplexity: 6.44301
Validation accuracy: 69.3841
Decaying learning rate to 0.0078125

Epoch 15,    50/  454; acc:  84.02; ppl:   1.93; 5792 src tok/s; 6042 tgt tok/s;      7 s elapsed
Epoch 15,   100/  454; acc:  84.23; ppl:   1.90; 5845 src tok/s; 6064 tgt tok/s;     14 s elapsed
Epoch 15,   150/  454; acc:  84.56; ppl:   1.88; 5840 src tok/s; 6079 tgt tok/s;     22 s elapsed
Epoch 15,   200/  454; acc:  83.56; ppl:   1.98; 6040 src tok/s; 6230 tgt tok/s;     29 s elapsed
Epoch 15,   250/  454; acc:  84.78; ppl:   1.84; 5749 src tok/s; 5999 tgt tok/s;     36 s elapsed
Epoch 15,   300/  454; acc:  83.50; ppl:   1.96; 5874 src tok/s; 6072 tgt tok/s;     43 s elapsed
Epoch 15,   350/  454; acc:  83.39; ppl:   1.96; 5069 src tok/s; 5290 tgt tok/s;     51 s elapsed
Epoch 15,   400/  454; acc:  84.49; ppl:   1.91; 6161 src tok/s; 6335 tgt tok/s;     58 s elapsed
Epoch 15,   450/  454; acc:  83.90; ppl:   1.95; 6034 src tok/s; 6255 tgt tok/s;     65 s elapsed
Train perplexity: 1.92094
Train accuracy: 84.0681
Validation perplexity: 6.46627
Validation accuracy: 69.3558
Decaying learning rate to 0.00390625

Epoch 16,    50/  454; acc:  83.53; ppl:   1.97; 5516 src tok/s; 5703 tgt tok/s;      8 s elapsed
Epoch 16,   100/  454; acc:  84.43; ppl:   1.88; 5877 src tok/s; 6089 tgt tok/s;     15 s elapsed
Epoch 16,   150/  454; acc:  84.11; ppl:   1.92; 5897 src tok/s; 6119 tgt tok/s;     22 s elapsed
Epoch 16,   200/  454; acc:  84.32; ppl:   1.91; 5923 src tok/s; 6124 tgt tok/s;     29 s elapsed
Epoch 16,   250/  454; acc:  83.58; ppl:   1.97; 5764 src tok/s; 5987 tgt tok/s;     37 s elapsed
Epoch 16,   300/  454; acc:  84.79; ppl:   1.86; 6014 src tok/s; 6228 tgt tok/s;     43 s elapsed
Epoch 16,   350/  454; acc:  83.99; ppl:   1.94; 5928 src tok/s; 6150 tgt tok/s;     51 s elapsed
Epoch 16,   400/  454; acc:  84.44; ppl:   1.89; 5839 src tok/s; 6120 tgt tok/s;     58 s elapsed
Epoch 16,   450/  454; acc:  84.01; ppl:   1.92; 5794 src tok/s; 6023 tgt tok/s;     65 s elapsed
Train perplexity: 1.91667
Train accuracy: 84.1299
Validation perplexity: 6.46962
Validation accuracy: 69.3558
Decaying learning rate to 0.00195312

Epoch 17,    50/  454; acc:  82.77; ppl:   2.06; 6023 src tok/s; 6128 tgt tok/s;      8 s elapsed
Epoch 17,   100/  454; acc:  85.90; ppl:   1.77; 5640 src tok/s; 5955 tgt tok/s;     14 s elapsed
Epoch 17,   150/  454; acc:  84.34; ppl:   1.90; 5861 src tok/s; 6111 tgt tok/s;     22 s elapsed
Epoch 17,   200/  454; acc:  84.04; ppl:   1.93; 5705 src tok/s; 5953 tgt tok/s;     29 s elapsed
Epoch 17,   250/  454; acc:  84.03; ppl:   1.94; 5939 src tok/s; 6174 tgt tok/s;     36 s elapsed
Epoch 17,   300/  454; acc:  84.74; ppl:   1.89; 5784 src tok/s; 5994 tgt tok/s;     43 s elapsed
Epoch 17,   350/  454; acc:  84.24; ppl:   1.92; 5928 src tok/s; 6156 tgt tok/s;     50 s elapsed
Epoch 17,   400/  454; acc:  84.41; ppl:   1.88; 6023 src tok/s; 6218 tgt tok/s;     57 s elapsed
Epoch 17,   450/  454; acc:  84.26; ppl:   1.90; 5792 src tok/s; 6021 tgt tok/s;     64 s elapsed
Train perplexity: 1.91243
Train accuracy: 84.2511
Validation perplexity: 6.47142
Validation accuracy: 69.3558
Decaying learning rate to 0.000976562
