<module 'opts' from '/u/suhubdyd/research/projects/jumble_lstm/code/auxiliary-nmt/opts.pyc'>
Namespace(batch_size=64, brnn=False, brnn_merge='concat', cnn_kernel_width=3, context_gate=None, copy_attn=False, copy_attn_force=False, coverage_attn=False, data='/data/lisatmp3/suhubdyd/multi30k.atok.low', dec_layers=1, decay_method='', decoder_type='rnn', dropout=0.3, enc_layers=2, encoder_type='rnn', epochs=17, exp='', exp_host='', feat_merge='concat', feat_vec_exponent=0.7, feat_vec_size=-1, fix_word_vecs_dec=False, fix_word_vecs_enc=False, global_attention='general', gpuid=[0], input_feed=1, kappa_dec=0.3, kappa_enc=0.2, lambda_coverage=1, layers=-1, learning_rate=1.0, learning_rate_decay=0.5, max_generator_batches=32, max_grad_norm=5, model_type='text', optim='sgd', param_init=0.1, position_encoding=False, pre_word_vecs_dec=None, pre_word_vecs_enc=None, report_every=50, rnn_size=500, rnn_type='LSTM', save_model='/data/lisatmp3/suhubdyd/models/seeds/encoder0.2decoder0.3dropout0.3wdropFalseseed3', seed=3, share_decoder_embeddings=False, share_embeddings=False, src_word_vec_size=500, start_checkpoint_at=0, start_decay_at=8, start_epoch=1, tgt_word_vec_size=500, train_from='', truncated_decoder=0, warmup_steps=4000, weightdropout=False, word_vec_size=-1)
('Using Kappa L2 loss on encoder', 0.2)
('Using Kappa L2 loss on decoder', 0.3)
Loading train and validate data from '/data/lisatmp3/suhubdyd/multi30k.atok.low'
 * number of training sentences: 29000
 * maximum batch size: 64
 * vocabulary size. source = 10841; target = 18563
Building model...
Intializing model parameters.
NMTModel (
  (encoder): RNNEncoder (
    (embeddings): Embeddings (
      (make_embedding): Sequential (
        (emb_luts): Elementwise (
          (0): Embedding(10841, 500, padding_idx=1)
        )
      )
    )
    (dropout): Dropout (p = 0.3)
    (rnn): LSTM(500, 500, dropout=0.3)
  )
  (decoder): InputFeedRNNDecoder (
    (embeddings): Embeddings (
      (make_embedding): Sequential (
        (emb_luts): Elementwise (
          (0): Embedding(18563, 500, padding_idx=1)
        )
      )
    )
    (dropout): Dropout (p = 0.3)
    (rnn): StackedLSTM (
      (dropout): Dropout (p = 0.3)
      (layers): ModuleList (
        (0): LSTMCell(1000, 500)
      )
    )
    (attn): GlobalAttention (
      (linear_in): Linear (500 -> 500)
      (linear_out): Linear (1000 -> 500)
      (sm): Softmax ()
      (tanh): Tanh ()
    )
  )
  (generator): Sequential (
    (0): Linear (500 -> 18563)
    (1): LogSoftmax ()
  )
)
* number of parameters: 29760063
('encoder: ', 7424500)
('decoder: ', 22335563)

Epoch  1,    50/  454; acc:   7.23; ppl: 22610.60; 5438 src tok/s; 5585 tgt tok/s;      8 s elapsed
Epoch  1,   100/  454; acc:  10.82; ppl: 6766.62; 5420 src tok/s; 5703 tgt tok/s;     15 s elapsed
Epoch  1,   150/  454; acc:  16.20; ppl: 770.40; 5511 src tok/s; 5722 tgt tok/s;     23 s elapsed
Epoch  1,   200/  454; acc:  20.35; ppl: 316.47; 5508 src tok/s; 5698 tgt tok/s;     31 s elapsed
Epoch  1,   250/  454; acc:  23.48; ppl: 204.77; 5424 src tok/s; 5664 tgt tok/s;     38 s elapsed
Epoch  1,   300/  454; acc:  25.65; ppl: 151.87; 5618 src tok/s; 5806 tgt tok/s;     46 s elapsed
Epoch  1,   350/  454; acc:  27.82; ppl: 113.33; 5621 src tok/s; 5792 tgt tok/s;     54 s elapsed
Epoch  1,   400/  454; acc:  32.72; ppl:  76.00; 5569 src tok/s; 5808 tgt tok/s;     61 s elapsed
Epoch  1,   450/  454; acc:  33.07; ppl:  72.70; 5389 src tok/s; 5594 tgt tok/s;     69 s elapsed
Train perplexity: 443.944
Train accuracy: 22.0088
Validation perplexity: 62.8568
Validation accuracy: 35.6251

Epoch  2,    50/  454; acc:  36.03; ppl:  54.81; 5403 src tok/s; 5614 tgt tok/s;      8 s elapsed
Epoch  2,   100/  454; acc:  39.92; ppl:  43.32; 5491 src tok/s; 5708 tgt tok/s;     15 s elapsed
Epoch  2,   150/  454; acc:  41.83; ppl:  35.98; 5477 src tok/s; 5657 tgt tok/s;     23 s elapsed
Epoch  2,   200/  454; acc:  42.81; ppl:  34.56; 5491 src tok/s; 5705 tgt tok/s;     31 s elapsed
Epoch  2,   250/  454; acc:  45.00; ppl:  28.71; 5506 src tok/s; 5714 tgt tok/s;     38 s elapsed
Epoch  2,   300/  454; acc:  46.70; ppl:  25.45; 5616 src tok/s; 5870 tgt tok/s;     46 s elapsed
Epoch  2,   350/  454; acc:  48.71; ppl:  22.71; 5495 src tok/s; 5694 tgt tok/s;     53 s elapsed
Epoch  2,   400/  454; acc:  50.85; ppl:  19.43; 5615 src tok/s; 5791 tgt tok/s;     61 s elapsed
Epoch  2,   450/  454; acc:  50.74; ppl:  19.67; 5420 src tok/s; 5608 tgt tok/s;     69 s elapsed
Train perplexity: 29.65
Train accuracy: 44.8349
Validation perplexity: 15.1195
Validation accuracy: 55.4704

Epoch  3,    50/  454; acc:  53.84; ppl:  15.07; 5631 src tok/s; 5780 tgt tok/s;      8 s elapsed
Epoch  3,   100/  454; acc:  55.38; ppl:  14.01; 5554 src tok/s; 5788 tgt tok/s;     15 s elapsed
Epoch  3,   150/  454; acc:  55.69; ppl:  13.36; 5545 src tok/s; 5758 tgt tok/s;     23 s elapsed
Epoch  3,   200/  454; acc:  54.78; ppl:  14.43; 5558 src tok/s; 5770 tgt tok/s;     30 s elapsed
Epoch  3,   250/  454; acc:  56.65; ppl:  12.88; 5380 src tok/s; 5626 tgt tok/s;     38 s elapsed
Epoch  3,   300/  454; acc:  57.03; ppl:  12.26; 5664 src tok/s; 5849 tgt tok/s;     45 s elapsed
Epoch  3,   350/  454; acc:  58.16; ppl:  11.28; 5640 src tok/s; 5823 tgt tok/s;     53 s elapsed
Epoch  3,   400/  454; acc:  57.99; ppl:  11.31; 5347 src tok/s; 5583 tgt tok/s;     61 s elapsed
Epoch  3,   450/  454; acc:  58.83; ppl:  10.71; 5521 src tok/s; 5748 tgt tok/s;     68 s elapsed
Train perplexity: 12.6955
Train accuracy: 56.5189
Validation perplexity: 10.2738
Validation accuracy: 60.4513

Epoch  4,    50/  454; acc:  60.96; ppl:   8.90; 5452 src tok/s; 5613 tgt tok/s;      8 s elapsed
Epoch  4,   100/  454; acc:  62.14; ppl:   8.25; 5481 src tok/s; 5705 tgt tok/s;     15 s elapsed
Epoch  4,   150/  454; acc:  60.31; ppl:   9.27; 5676 src tok/s; 5880 tgt tok/s;     23 s elapsed
Epoch  4,   200/  454; acc:  61.84; ppl:   8.37; 5594 src tok/s; 5812 tgt tok/s;     30 s elapsed
Epoch  4,   250/  454; acc:  61.07; ppl:   8.65; 5619 src tok/s; 5812 tgt tok/s;     38 s elapsed
Epoch  4,   300/  454; acc:  63.39; ppl:   7.65; 5407 src tok/s; 5642 tgt tok/s;     45 s elapsed
Epoch  4,   350/  454; acc:  62.30; ppl:   8.18; 5426 src tok/s; 5646 tgt tok/s;     53 s elapsed
Epoch  4,   400/  454; acc:  62.15; ppl:   8.16; 5482 src tok/s; 5705 tgt tok/s;     61 s elapsed
Epoch  4,   450/  454; acc:  62.72; ppl:   7.86; 5456 src tok/s; 5661 tgt tok/s;     68 s elapsed
Train perplexity: 8.35968
Train accuracy: 61.8619
Validation perplexity: 7.99574
Validation accuracy: 64.3678

Epoch  5,    50/  454; acc:  64.68; ppl:   6.56; 5544 src tok/s; 5726 tgt tok/s;      8 s elapsed
Epoch  5,   100/  454; acc:  66.40; ppl:   5.84; 5566 src tok/s; 5794 tgt tok/s;     15 s elapsed
Epoch  5,   150/  454; acc:  64.99; ppl:   6.49; 5525 src tok/s; 5741 tgt tok/s;     23 s elapsed
Epoch  5,   200/  454; acc:  65.89; ppl:   6.15; 5527 src tok/s; 5719 tgt tok/s;     30 s elapsed
Epoch  5,   250/  454; acc:  65.93; ppl:   6.15; 5503 src tok/s; 5721 tgt tok/s;     38 s elapsed
Epoch  5,   300/  454; acc:  65.01; ppl:   6.42; 5578 src tok/s; 5770 tgt tok/s;     45 s elapsed
Epoch  5,   350/  454; acc:  65.42; ppl:   6.29; 5511 src tok/s; 5743 tgt tok/s;     53 s elapsed
Epoch  5,   400/  454; acc:  65.47; ppl:   6.32; 5607 src tok/s; 5828 tgt tok/s;     60 s elapsed
Epoch  5,   450/  454; acc:  65.55; ppl:   6.27; 5471 src tok/s; 5670 tgt tok/s;     68 s elapsed
Train perplexity: 6.27451
Train accuracy: 65.476
Validation perplexity: 7.7459
Validation accuracy: 64.1053

Epoch  6,    50/  454; acc:  67.66; ppl:   5.14; 5538 src tok/s; 5717 tgt tok/s;      8 s elapsed
Epoch  6,   100/  454; acc:  68.70; ppl:   4.87; 5540 src tok/s; 5757 tgt tok/s;     15 s elapsed
Epoch  6,   150/  454; acc:  68.56; ppl:   4.89; 5452 src tok/s; 5645 tgt tok/s;     23 s elapsed
Epoch  6,   200/  454; acc:  67.64; ppl:   5.10; 5525 src tok/s; 5735 tgt tok/s;     30 s elapsed
Epoch  6,   250/  454; acc:  67.73; ppl:   5.07; 5564 src tok/s; 5794 tgt tok/s;     38 s elapsed
Epoch  6,   300/  454; acc:  68.02; ppl:   5.05; 5536 src tok/s; 5748 tgt tok/s;     45 s elapsed
Epoch  6,   350/  454; acc:  68.69; ppl:   4.91; 5504 src tok/s; 5757 tgt tok/s;     53 s elapsed
Epoch  6,   400/  454; acc:  67.04; ppl:   5.42; 5465 src tok/s; 5645 tgt tok/s;     61 s elapsed
Epoch  6,   450/  454; acc:  67.37; ppl:   5.37; 5507 src tok/s; 5709 tgt tok/s;     68 s elapsed
Train perplexity: 5.08884
Train accuracy: 67.9416
Validation perplexity: 6.88238
Validation accuracy: 65.6591

Epoch  7,    50/  454; acc:  70.79; ppl:   4.13; 5515 src tok/s; 5702 tgt tok/s;      8 s elapsed
Epoch  7,   100/  454; acc:  70.52; ppl:   4.18; 5540 src tok/s; 5744 tgt tok/s;     15 s elapsed
Epoch  7,   150/  454; acc:  70.57; ppl:   4.19; 5451 src tok/s; 5669 tgt tok/s;     23 s elapsed
Epoch  7,   200/  454; acc:  69.77; ppl:   4.28; 5511 src tok/s; 5712 tgt tok/s;     31 s elapsed
Epoch  7,   250/  454; acc:  70.38; ppl:   4.22; 5396 src tok/s; 5641 tgt tok/s;     38 s elapsed
Epoch  7,   300/  454; acc:  69.69; ppl:   4.33; 5606 src tok/s; 5810 tgt tok/s;     46 s elapsed
Epoch  7,   350/  454; acc:  69.62; ppl:   4.46; 5459 src tok/s; 5663 tgt tok/s;     54 s elapsed
Epoch  7,   400/  454; acc:  70.16; ppl:   4.26; 5512 src tok/s; 5719 tgt tok/s;     61 s elapsed
Epoch  7,   450/  454; acc:  69.44; ppl:   4.42; 5385 src tok/s; 5585 tgt tok/s;     69 s elapsed
Train perplexity: 4.27036
Train accuracy: 70.0985
Validation perplexity: 6.82091
Validation accuracy: 66.7873

Epoch  8,    50/  454; acc:  73.28; ppl:   3.47; 5481 src tok/s; 5697 tgt tok/s;      7 s elapsed
Epoch  8,   100/  454; acc:  72.84; ppl:   3.50; 5649 src tok/s; 5830 tgt tok/s;     15 s elapsed
Epoch  8,   150/  454; acc:  70.75; ppl:   3.95; 5582 src tok/s; 5743 tgt tok/s;     23 s elapsed
Epoch  8,   200/  454; acc:  73.79; ppl:   3.30; 5374 src tok/s; 5640 tgt tok/s;     30 s elapsed
Epoch  8,   250/  454; acc:  71.91; ppl:   3.75; 5555 src tok/s; 5728 tgt tok/s;     38 s elapsed
Epoch  8,   300/  454; acc:  71.47; ppl:   3.78; 5498 src tok/s; 5712 tgt tok/s;     46 s elapsed
Epoch  8,   350/  454; acc:  71.23; ppl:   3.86; 5384 src tok/s; 5632 tgt tok/s;     53 s elapsed
Epoch  8,   400/  454; acc:  71.09; ppl:   3.86; 5530 src tok/s; 5742 tgt tok/s;     61 s elapsed
Epoch  8,   450/  454; acc:  71.45; ppl:   3.81; 5506 src tok/s; 5723 tgt tok/s;     68 s elapsed
Train perplexity: 3.70635
Train accuracy: 71.9287
Validation perplexity: 6.58944
Validation accuracy: 66.7376
Decaying learning rate to 0.5

Epoch  9,    50/  454; acc:  76.76; ppl:   2.78; 5495 src tok/s; 5719 tgt tok/s;      8 s elapsed
Epoch  9,   100/  454; acc:  76.57; ppl:   2.86; 5577 src tok/s; 5810 tgt tok/s;     15 s elapsed
Epoch  9,   150/  454; acc:  77.19; ppl:   2.68; 5487 src tok/s; 5683 tgt tok/s;     23 s elapsed
Epoch  9,   200/  454; acc:  76.77; ppl:   2.75; 5634 src tok/s; 5831 tgt tok/s;     30 s elapsed
Epoch  9,   250/  454; acc:  75.90; ppl:   2.90; 5458 src tok/s; 5652 tgt tok/s;     38 s elapsed
Epoch  9,   300/  454; acc:  76.61; ppl:   2.78; 5558 src tok/s; 5785 tgt tok/s;     46 s elapsed
Epoch  9,   350/  454; acc:  76.84; ppl:   2.75; 5456 src tok/s; 5662 tgt tok/s;     53 s elapsed
Epoch  9,   400/  454; acc:  76.69; ppl:   2.77; 5565 src tok/s; 5772 tgt tok/s;     61 s elapsed
Epoch  9,   450/  454; acc:  76.35; ppl:   2.88; 5459 src tok/s; 5647 tgt tok/s;     68 s elapsed
Train perplexity: 2.78912
Train accuracy: 76.6488
Validation perplexity: 6.10994
Validation accuracy: 68.8378
Decaying learning rate to 0.25

Epoch 10,    50/  454; acc:  80.38; ppl:   2.29; 5438 src tok/s; 5631 tgt tok/s;      8 s elapsed
Epoch 10,   100/  454; acc:  80.09; ppl:   2.36; 5534 src tok/s; 5736 tgt tok/s;     15 s elapsed
Epoch 10,   150/  454; acc:  81.19; ppl:   2.21; 5508 src tok/s; 5733 tgt tok/s;     23 s elapsed
Epoch 10,   200/  454; acc:  79.92; ppl:   2.37; 5595 src tok/s; 5787 tgt tok/s;     30 s elapsed
Epoch 10,   250/  454; acc:  80.86; ppl:   2.24; 5563 src tok/s; 5783 tgt tok/s;     38 s elapsed
Epoch 10,   300/  454; acc:  79.57; ppl:   2.38; 5462 src tok/s; 5685 tgt tok/s;     46 s elapsed
Epoch 10,   350/  454; acc:  80.87; ppl:   2.23; 5364 src tok/s; 5599 tgt tok/s;     53 s elapsed
Epoch 10,   400/  454; acc:  79.39; ppl:   2.42; 5445 src tok/s; 5609 tgt tok/s;     61 s elapsed
Epoch 10,   450/  454; acc:  79.31; ppl:   2.39; 5322 src tok/s; 5533 tgt tok/s;     69 s elapsed
Train perplexity: 2.31954
Train accuracy: 80.1732
Validation perplexity: 6.13951
Validation accuracy: 69.3912
Decaying learning rate to 0.125

Epoch 11,    50/  454; acc:  82.48; ppl:   2.09; 5438 src tok/s; 5646 tgt tok/s;      8 s elapsed
Epoch 11,   100/  454; acc:  82.07; ppl:   2.10; 5633 src tok/s; 5841 tgt tok/s;     15 s elapsed
Epoch 11,   150/  454; acc:  82.33; ppl:   2.09; 5520 src tok/s; 5758 tgt tok/s;     23 s elapsed
Epoch 11,   200/  454; acc:  82.50; ppl:   2.07; 5433 src tok/s; 5650 tgt tok/s;     30 s elapsed
Epoch 11,   250/  454; acc:  82.21; ppl:   2.11; 5520 src tok/s; 5735 tgt tok/s;     38 s elapsed
Epoch 11,   300/  454; acc:  82.43; ppl:   2.09; 5586 src tok/s; 5783 tgt tok/s;     46 s elapsed
Epoch 11,   350/  454; acc:  82.54; ppl:   2.07; 5594 src tok/s; 5829 tgt tok/s;     53 s elapsed
Epoch 11,   400/  454; acc:  81.23; ppl:   2.21; 5484 src tok/s; 5650 tgt tok/s;     61 s elapsed
Epoch 11,   450/  454; acc:  81.82; ppl:   2.12; 5495 src tok/s; 5693 tgt tok/s;     68 s elapsed
Train perplexity: 2.10409
Train accuracy: 82.1849
Validation perplexity: 6.28108
Validation accuracy: 69.4196
Decaying learning rate to 0.0625

Epoch 12,    50/  454; acc:  83.15; ppl:   1.99; 5499 src tok/s; 5689 tgt tok/s;      8 s elapsed
Epoch 12,   100/  454; acc:  84.02; ppl:   1.97; 5457 src tok/s; 5692 tgt tok/s;     15 s elapsed
Epoch 12,   150/  454; acc:  83.42; ppl:   2.00; 5586 src tok/s; 5791 tgt tok/s;     23 s elapsed
Epoch 12,   200/  454; acc:  83.26; ppl:   1.99; 5550 src tok/s; 5750 tgt tok/s;     30 s elapsed
Epoch 12,   250/  454; acc:  82.66; ppl:   2.07; 5487 src tok/s; 5700 tgt tok/s;     38 s elapsed
Epoch 12,   300/  454; acc:  83.84; ppl:   1.93; 5484 src tok/s; 5699 tgt tok/s;     46 s elapsed
Epoch 12,   350/  454; acc:  82.24; ppl:   2.10; 5636 src tok/s; 5813 tgt tok/s;     53 s elapsed
Epoch 12,   400/  454; acc:  83.79; ppl:   1.96; 5518 src tok/s; 5771 tgt tok/s;     61 s elapsed
Epoch 12,   450/  454; acc:  83.22; ppl:   2.01; 5442 src tok/s; 5637 tgt tok/s;     68 s elapsed
Train perplexity: 2.00127
Train accuracy: 83.282
Validation perplexity: 6.34454
Validation accuracy: 69.5402
Decaying learning rate to 0.03125

Epoch 13,    50/  454; acc:  83.23; ppl:   2.01; 5517 src tok/s; 5681 tgt tok/s;      8 s elapsed
Epoch 13,   100/  454; acc:  84.72; ppl:   1.84; 5521 src tok/s; 5761 tgt tok/s;     15 s elapsed
Epoch 13,   150/  454; acc:  83.20; ppl:   2.04; 5420 src tok/s; 5603 tgt tok/s;     23 s elapsed
Epoch 13,   200/  454; acc:  84.34; ppl:   1.89; 5575 src tok/s; 5805 tgt tok/s;     31 s elapsed
Epoch 13,   250/  454; acc:  83.64; ppl:   1.95; 5583 src tok/s; 5778 tgt tok/s;     38 s elapsed
Epoch 13,   300/  454; acc:  83.34; ppl:   1.98; 5570 src tok/s; 5779 tgt tok/s;     46 s elapsed
Epoch 13,   350/  454; acc:  82.60; ppl:   2.09; 5614 src tok/s; 5799 tgt tok/s;     53 s elapsed
Epoch 13,   400/  454; acc:  84.87; ppl:   1.84; 5594 src tok/s; 5852 tgt tok/s;     61 s elapsed
Epoch 13,   450/  454; acc:  84.35; ppl:   1.89; 5441 src tok/s; 5675 tgt tok/s;     68 s elapsed
Train perplexity: 1.95277
Train accuracy: 83.754
Validation perplexity: 6.40797
Validation accuracy: 69.3061
Decaying learning rate to 0.015625

Epoch 14,    50/  454; acc:  83.94; ppl:   1.92; 5478 src tok/s; 5671 tgt tok/s;      8 s elapsed
Epoch 14,   100/  454; acc:  84.63; ppl:   1.89; 5488 src tok/s; 5698 tgt tok/s;     15 s elapsed
Epoch 14,   150/  454; acc:  83.98; ppl:   1.94; 5579 src tok/s; 5801 tgt tok/s;     23 s elapsed
Epoch 14,   200/  454; acc:  84.16; ppl:   1.94; 5603 src tok/s; 5805 tgt tok/s;     30 s elapsed
Epoch 14,   250/  454; acc:  83.84; ppl:   1.94; 5528 src tok/s; 5744 tgt tok/s;     38 s elapsed
Epoch 14,   300/  454; acc:  84.09; ppl:   1.94; 5429 src tok/s; 5655 tgt tok/s;     46 s elapsed
Epoch 14,   350/  454; acc:  84.07; ppl:   1.92; 5391 src tok/s; 5609 tgt tok/s;     53 s elapsed
Epoch 14,   400/  454; acc:  83.68; ppl:   1.95; 5517 src tok/s; 5705 tgt tok/s;     61 s elapsed
Epoch 14,   450/  454; acc:  83.85; ppl:   1.94; 5544 src tok/s; 5743 tgt tok/s;     68 s elapsed
Train perplexity: 1.93025
Train accuracy: 84.0349
Validation perplexity: 6.41597
Validation accuracy: 69.2635
Decaying learning rate to 0.0078125

Epoch 15,    50/  454; acc:  85.02; ppl:   1.85; 5459 src tok/s; 5674 tgt tok/s;      7 s elapsed
Epoch 15,   100/  454; acc:  83.68; ppl:   1.97; 5534 src tok/s; 5734 tgt tok/s;     15 s elapsed
Epoch 15,   150/  454; acc:  84.69; ppl:   1.85; 5537 src tok/s; 5769 tgt tok/s;     23 s elapsed
Epoch 15,   200/  454; acc:  83.34; ppl:   1.99; 5500 src tok/s; 5692 tgt tok/s;     30 s elapsed
Epoch 15,   250/  454; acc:  85.36; ppl:   1.80; 5394 src tok/s; 5647 tgt tok/s;     38 s elapsed
Epoch 15,   300/  454; acc:  83.19; ppl:   2.03; 5610 src tok/s; 5804 tgt tok/s;     46 s elapsed
Epoch 15,   350/  454; acc:  85.27; ppl:   1.81; 5623 src tok/s; 5804 tgt tok/s;     53 s elapsed
Epoch 15,   400/  454; acc:  83.34; ppl:   2.02; 5600 src tok/s; 5788 tgt tok/s;     61 s elapsed
Epoch 15,   450/  454; acc:  84.41; ppl:   1.89; 5379 src tok/s; 5622 tgt tok/s;     68 s elapsed
Train perplexity: 1.91613
Train accuracy: 84.1926
Validation perplexity: 6.43149
Validation accuracy: 69.3416
Decaying learning rate to 0.00390625

Epoch 16,    50/  454; acc:  84.84; ppl:   1.84; 5460 src tok/s; 5660 tgt tok/s;      8 s elapsed
Epoch 16,   100/  454; acc:  83.78; ppl:   1.98; 5612 src tok/s; 5794 tgt tok/s;     15 s elapsed
Epoch 16,   150/  454; acc:  83.59; ppl:   1.98; 5501 src tok/s; 5678 tgt tok/s;     23 s elapsed
Epoch 16,   200/  454; acc:  85.52; ppl:   1.81; 5586 src tok/s; 5834 tgt tok/s;     30 s elapsed
Epoch 16,   250/  454; acc:  84.65; ppl:   1.88; 5517 src tok/s; 5747 tgt tok/s;     38 s elapsed
Epoch 16,   300/  454; acc:  83.51; ppl:   1.96; 5507 src tok/s; 5720 tgt tok/s;     46 s elapsed
Epoch 16,   350/  454; acc:  83.69; ppl:   1.95; 5575 src tok/s; 5794 tgt tok/s;     53 s elapsed
Epoch 16,   400/  454; acc:  84.47; ppl:   1.91; 5532 src tok/s; 5747 tgt tok/s;     61 s elapsed
Epoch 16,   450/  454; acc:  84.62; ppl:   1.87; 5368 src tok/s; 5578 tgt tok/s;     68 s elapsed
Train perplexity: 1.91338
Train accuracy: 84.245
Validation perplexity: 6.43897
Validation accuracy: 69.3132
Decaying learning rate to 0.00195312

Epoch 17,    50/  454; acc:  85.05; ppl:   1.82; 5146 src tok/s; 5403 tgt tok/s;      8 s elapsed
Epoch 17,   100/  454; acc:  84.07; ppl:   1.94; 4963 src tok/s; 5132 tgt tok/s;     17 s elapsed
Epoch 17,   150/  454; acc:  84.24; ppl:   1.93; 5461 src tok/s; 5659 tgt tok/s;     24 s elapsed
Epoch 17,   200/  454; acc:  84.12; ppl:   1.91; 5527 src tok/s; 5751 tgt tok/s;     32 s elapsed
Epoch 17,   250/  454; acc:  84.34; ppl:   1.89; 5048 src tok/s; 5223 tgt tok/s;     40 s elapsed
Epoch 17,   300/  454; acc:  84.03; ppl:   1.94; 5715 src tok/s; 5931 tgt tok/s;     47 s elapsed
Epoch 17,   350/  454; acc:  83.53; ppl:   1.98; 5727 src tok/s; 5921 tgt tok/s;     55 s elapsed
Epoch 17,   400/  454; acc:  84.68; ppl:   1.86; 5700 src tok/s; 5906 tgt tok/s;     62 s elapsed
Epoch 17,   450/  454; acc:  84.51; ppl:   1.89; 5479 src tok/s; 5703 tgt tok/s;     70 s elapsed
Train perplexity: 1.90951
Train accuracy: 84.2422
Validation perplexity: 6.44258
Validation accuracy: 69.299
Decaying learning rate to 0.000976562
