<module 'opts' from '/u/suhubdyd/research/projects/jumble_lstm/code/auxiliary-nmt/opts.pyc'>
Namespace(batch_size=64, brnn=False, brnn_merge='concat', cnn_kernel_width=3, context_gate=None, copy_attn=False, copy_attn_force=False, coverage_attn=False, data='/data/lisatmp3/suhubdyd/multi30k.atok.low', dec_layers=1, decay_method='', decoder_type='rnn', dropout=0.3, enc_layers=2, encoder_type='rnn', epochs=17, exp='', exp_host='', feat_merge='concat', feat_vec_exponent=0.7, feat_vec_size=-1, fix_word_vecs_dec=False, fix_word_vecs_enc=False, global_attention='general', gpuid=[0], input_feed=1, kappa_dec=0.15, kappa_enc=0.15, lambda_coverage=1, layers=-1, learning_rate=1.0, learning_rate_decay=0.5, max_generator_batches=32, max_grad_norm=5, model_type='text', optim='sgd', param_init=0.1, position_encoding=False, pre_word_vecs_dec=None, pre_word_vecs_enc=None, report_every=50, rnn_size=500, rnn_type='LSTM', save_model='/data/lisatmp3/suhubdyd/models/encoder0.15_decoder0.15_dropout0.3', seed=1, share_decoder_embeddings=False, share_embeddings=False, src_word_vec_size=500, start_checkpoint_at=0, start_decay_at=8, start_epoch=1, tgt_word_vec_size=500, train_from='', truncated_decoder=0, warmup_steps=4000, word_vec_size=-1)
('Using Kappa L2 loss on encoder', 0.15)
('Using Kappa L2 loss on decoder', 0.15)
Loading train and validate data from '/data/lisatmp3/suhubdyd/multi30k.atok.low'
 * number of training sentences: 29000
 * maximum batch size: 64
 * vocabulary size. source = 10841; target = 18563
Building model...
Intializing model parameters.
NMTModel (
  (encoder): RNNEncoder (
    (embeddings): Embeddings (
      (make_embedding): Sequential (
        (emb_luts): Elementwise (
          (0): Embedding(10841, 500, padding_idx=1)
        )
      )
    )
    (dropout): Dropout (p = 0.3)
    (rnn): LSTM(500, 500, dropout=0.3)
  )
  (decoder): InputFeedRNNDecoder (
    (embeddings): Embeddings (
      (make_embedding): Sequential (
        (emb_luts): Elementwise (
          (0): Embedding(18563, 500, padding_idx=1)
        )
      )
    )
    (dropout): Dropout (p = 0.3)
    (rnn): StackedLSTM (
      (dropout): Dropout (p = 0.3)
      (layers): ModuleList (
        (0): LSTMCell(1000, 500)
      )
    )
    (attn): GlobalAttention (
      (linear_in): Linear (500 -> 500)
      (linear_out): Linear (1000 -> 500)
      (sm): Softmax ()
      (tanh): Tanh ()
    )
  )
  (generator): Sequential (
    (0): Linear (500 -> 18563)
    (1): LogSoftmax ()
  )
)
* number of parameters: 29760063
('encoder: ', 7424500)
('decoder: ', 22335563)

Epoch  1,    50/  454; acc:   8.85; ppl: 23485.86; 4773 src tok/s; 4946 tgt tok/s;      9 s elapsed
Epoch  1,   100/  454; acc:  14.96; ppl: 1567.06; 5167 src tok/s; 5365 tgt tok/s;     17 s elapsed
Epoch  1,   150/  454; acc:  18.59; ppl: 483.66; 5290 src tok/s; 5528 tgt tok/s;     25 s elapsed
Epoch  1,   200/  454; acc:  20.64; ppl: 273.58; 5258 src tok/s; 5420 tgt tok/s;     33 s elapsed
Epoch  1,   250/  454; acc:  24.61; ppl: 164.52; 5268 src tok/s; 5468 tgt tok/s;     41 s elapsed
Epoch  1,   300/  454; acc:  27.61; ppl: 117.33; 5351 src tok/s; 5549 tgt tok/s;     49 s elapsed
Epoch  1,   350/  454; acc:  30.55; ppl:  87.22; 5105 src tok/s; 5344 tgt tok/s;     57 s elapsed
Epoch  1,   400/  454; acc:  31.38; ppl:  79.78; 5122 src tok/s; 5301 tgt tok/s;     65 s elapsed
Epoch  1,   450/  454; acc:  33.61; ppl:  65.13; 5156 src tok/s; 5338 tgt tok/s;     73 s elapsed
Train perplexity: 321.655
Train accuracy: 23.5028
Validation perplexity: 57.9264
Validation accuracy: 35.4264

Epoch  2,    50/  454; acc:  36.93; ppl:  48.40; 5130 src tok/s; 5312 tgt tok/s;      8 s elapsed
Epoch  2,   100/  454; acc:  39.00; ppl:  44.14; 5164 src tok/s; 5382 tgt tok/s;     16 s elapsed
Epoch  2,   150/  454; acc:  42.19; ppl:  35.09; 5095 src tok/s; 5269 tgt tok/s;     25 s elapsed
Epoch  2,   200/  454; acc:  44.83; ppl:  29.04; 5329 src tok/s; 5506 tgt tok/s;     32 s elapsed
Epoch  2,   250/  454; acc:  44.58; ppl:  29.00; 5256 src tok/s; 5434 tgt tok/s;     41 s elapsed
Epoch  2,   300/  454; acc:  50.07; ppl:  21.18; 5258 src tok/s; 5494 tgt tok/s;     48 s elapsed
Epoch  2,   350/  454; acc:  48.71; ppl:  22.32; 5332 src tok/s; 5528 tgt tok/s;     56 s elapsed
Epoch  2,   400/  454; acc:  51.92; ppl:  18.00; 5090 src tok/s; 5296 tgt tok/s;     64 s elapsed
Epoch  2,   450/  454; acc:  52.19; ppl:  17.07; 5073 src tok/s; 5282 tgt tok/s;     73 s elapsed
Train perplexity: 27.5199
Train accuracy: 45.6222
Validation perplexity: 17.1983
Validation accuracy: 51.639

Epoch  3,    50/  454; acc:  54.18; ppl:  14.47; 5224 src tok/s; 5383 tgt tok/s;      8 s elapsed
Epoch  3,   100/  454; acc:  56.89; ppl:  12.44; 5162 src tok/s; 5401 tgt tok/s;     16 s elapsed
Epoch  3,   150/  454; acc:  57.08; ppl:  12.28; 5054 src tok/s; 5287 tgt tok/s;     24 s elapsed
Epoch  3,   200/  454; acc:  56.68; ppl:  12.32; 5339 src tok/s; 5491 tgt tok/s;     32 s elapsed
Epoch  3,   250/  454; acc:  58.73; ppl:  10.82; 5171 src tok/s; 5388 tgt tok/s;     40 s elapsed
Epoch  3,   300/  454; acc:  57.86; ppl:  11.46; 5225 src tok/s; 5386 tgt tok/s;     49 s elapsed
Epoch  3,   350/  454; acc:  59.69; ppl:  10.22; 5205 src tok/s; 5416 tgt tok/s;     56 s elapsed
Epoch  3,   400/  454; acc:  58.95; ppl:  10.59; 5122 src tok/s; 5324 tgt tok/s;     65 s elapsed
Epoch  3,   450/  454; acc:  59.67; ppl:  10.26; 5065 src tok/s; 5245 tgt tok/s;     73 s elapsed
Train perplexity: 11.5695
Train accuracy: 57.7635
Validation perplexity: 9.8117
Validation accuracy: 60.9692

Epoch  4,    50/  454; acc:  63.34; ppl:   7.40; 5207 src tok/s; 5398 tgt tok/s;      8 s elapsed
Epoch  4,   100/  454; acc:  61.58; ppl:   8.23; 5114 src tok/s; 5310 tgt tok/s;     16 s elapsed
Epoch  4,   150/  454; acc:  62.24; ppl:   8.06; 5135 src tok/s; 5323 tgt tok/s;     25 s elapsed
Epoch  4,   200/  454; acc:  63.65; ppl:   7.28; 5256 src tok/s; 5468 tgt tok/s;     32 s elapsed
Epoch  4,   250/  454; acc:  63.82; ppl:   7.07; 5171 src tok/s; 5376 tgt tok/s;     40 s elapsed
Epoch  4,   300/  454; acc:  62.11; ppl:   7.99; 5260 src tok/s; 5434 tgt tok/s;     48 s elapsed
Epoch  4,   350/  454; acc:  62.94; ppl:   7.52; 5188 src tok/s; 5396 tgt tok/s;     57 s elapsed
Epoch  4,   400/  454; acc:  63.96; ppl:   7.28; 5111 src tok/s; 5315 tgt tok/s;     65 s elapsed
Epoch  4,   450/  454; acc:  64.91; ppl:   6.89; 5158 src tok/s; 5352 tgt tok/s;     73 s elapsed
Train perplexity: 7.54349
Train accuracy: 63.1008
Validation perplexity: 8.72814
Validation accuracy: 62.9772

Epoch  5,    50/  454; acc:  67.03; ppl:   5.62; 5207 src tok/s; 5408 tgt tok/s;      8 s elapsed
Epoch  5,   100/  454; acc:  67.01; ppl:   5.51; 5307 src tok/s; 5499 tgt tok/s;     16 s elapsed
Epoch  5,   150/  454; acc:  66.75; ppl:   5.56; 5099 src tok/s; 5291 tgt tok/s;     24 s elapsed
Epoch  5,   200/  454; acc:  67.12; ppl:   5.50; 5076 src tok/s; 5287 tgt tok/s;     32 s elapsed
Epoch  5,   250/  454; acc:  64.95; ppl:   6.25; 5270 src tok/s; 5412 tgt tok/s;     41 s elapsed
Epoch  5,   300/  454; acc:  67.11; ppl:   5.42; 5190 src tok/s; 5445 tgt tok/s;     48 s elapsed
Epoch  5,   350/  454; acc:  67.37; ppl:   5.36; 5063 src tok/s; 5304 tgt tok/s;     56 s elapsed
Epoch  5,   400/  454; acc:  65.40; ppl:   6.05; 5322 src tok/s; 5473 tgt tok/s;     65 s elapsed
Epoch  5,   450/  454; acc:  66.02; ppl:   5.82; 5025 src tok/s; 5210 tgt tok/s;     73 s elapsed
Train perplexity: 5.67416
Train accuracy: 66.5092
Validation perplexity: 7.49571
Validation accuracy: 63.8357

Epoch  6,    50/  454; acc:  69.48; ppl:   4.46; 5228 src tok/s; 5422 tgt tok/s;      8 s elapsed
Epoch  6,   100/  454; acc:  70.36; ppl:   4.22; 5278 src tok/s; 5455 tgt tok/s;     16 s elapsed
Epoch  6,   150/  454; acc:  68.74; ppl:   4.67; 5084 src tok/s; 5298 tgt tok/s;     24 s elapsed
Epoch  6,   200/  454; acc:  69.61; ppl:   4.43; 5130 src tok/s; 5355 tgt tok/s;     32 s elapsed
Epoch  6,   250/  454; acc:  69.26; ppl:   4.56; 5272 src tok/s; 5448 tgt tok/s;     40 s elapsed
Epoch  6,   300/  454; acc:  69.12; ppl:   4.60; 5283 src tok/s; 5490 tgt tok/s;     48 s elapsed
Epoch  6,   350/  454; acc:  68.91; ppl:   4.71; 5306 src tok/s; 5532 tgt tok/s;     56 s elapsed
Epoch  6,   400/  454; acc:  68.39; ppl:   4.69; 5467 src tok/s; 5650 tgt tok/s;     64 s elapsed
Epoch  6,   450/  454; acc:  68.68; ppl:   4.64; 5231 src tok/s; 5418 tgt tok/s;     72 s elapsed
Train perplexity: 4.55917
Train accuracy: 69.1499
Validation perplexity: 7.02818
Validation accuracy: 65.6308

Epoch  7,    50/  454; acc:  73.11; ppl:   3.44; 5181 src tok/s; 5386 tgt tok/s;      8 s elapsed
Epoch  7,   100/  454; acc:  71.46; ppl:   3.84; 5206 src tok/s; 5416 tgt tok/s;     16 s elapsed
Epoch  7,   150/  454; acc:  71.31; ppl:   3.88; 5147 src tok/s; 5360 tgt tok/s;     24 s elapsed
Epoch  7,   200/  454; acc:  71.95; ppl:   3.71; 5204 src tok/s; 5377 tgt tok/s;     32 s elapsed
Epoch  7,   250/  454; acc:  70.75; ppl:   3.97; 5176 src tok/s; 5361 tgt tok/s;     41 s elapsed
Epoch  7,   300/  454; acc:  70.76; ppl:   3.85; 5115 src tok/s; 5332 tgt tok/s;     49 s elapsed
Epoch  7,   350/  454; acc:  70.80; ppl:   3.92; 5247 src tok/s; 5430 tgt tok/s;     57 s elapsed
Epoch  7,   400/  454; acc:  70.93; ppl:   3.92; 5166 src tok/s; 5360 tgt tok/s;     65 s elapsed
Epoch  7,   450/  454; acc:  71.19; ppl:   3.82; 5023 src tok/s; 5210 tgt tok/s;     73 s elapsed
Train perplexity: 3.8235
Train accuracy: 71.3216
Validation perplexity: 6.63358
Validation accuracy: 66.7873

Epoch  8,    50/  454; acc:  75.50; ppl:   2.97; 5139 src tok/s; 5382 tgt tok/s;      8 s elapsed
Epoch  8,   100/  454; acc:  73.53; ppl:   3.24; 5308 src tok/s; 5464 tgt tok/s;     16 s elapsed
Epoch  8,   150/  454; acc:  73.33; ppl:   3.27; 5160 src tok/s; 5356 tgt tok/s;     24 s elapsed
Epoch  8,   200/  454; acc:  73.70; ppl:   3.21; 5153 src tok/s; 5370 tgt tok/s;     32 s elapsed
Epoch  8,   250/  454; acc:  73.98; ppl:   3.15; 5025 src tok/s; 5250 tgt tok/s;     40 s elapsed
Epoch  8,   300/  454; acc:  72.70; ppl:   3.43; 5265 src tok/s; 5403 tgt tok/s;     49 s elapsed
Epoch  8,   350/  454; acc:  73.34; ppl:   3.31; 5235 src tok/s; 5431 tgt tok/s;     57 s elapsed
Epoch  8,   400/  454; acc:  72.24; ppl:   3.54; 5172 src tok/s; 5379 tgt tok/s;     65 s elapsed
Epoch  8,   450/  454; acc:  71.89; ppl:   3.50; 5080 src tok/s; 5270 tgt tok/s;     73 s elapsed
Train perplexity: 3.28741
Train accuracy: 73.3399
Validation perplexity: 7.14618
Validation accuracy: 65.6662
Decaying learning rate to 0.5

Epoch  9,    50/  454; acc:  77.58; ppl:   2.59; 5205 src tok/s; 5380 tgt tok/s;      8 s elapsed
Epoch  9,   100/  454; acc:  79.42; ppl:   2.38; 5177 src tok/s; 5373 tgt tok/s;     16 s elapsed
Epoch  9,   150/  454; acc:  78.73; ppl:   2.50; 5174 src tok/s; 5358 tgt tok/s;     24 s elapsed
Epoch  9,   200/  454; acc:  79.85; ppl:   2.32; 5242 src tok/s; 5451 tgt tok/s;     32 s elapsed
Epoch  9,   250/  454; acc:  79.80; ppl:   2.30; 5159 src tok/s; 5389 tgt tok/s;     40 s elapsed
Epoch  9,   300/  454; acc:  78.01; ppl:   2.55; 5236 src tok/s; 5416 tgt tok/s;     48 s elapsed
Epoch  9,   350/  454; acc:  78.45; ppl:   2.46; 5220 src tok/s; 5433 tgt tok/s;     56 s elapsed
Epoch  9,   400/  454; acc:  78.28; ppl:   2.49; 5221 src tok/s; 5419 tgt tok/s;     65 s elapsed
Epoch  9,   450/  454; acc:  79.20; ppl:   2.38; 5110 src tok/s; 5310 tgt tok/s;     72 s elapsed
Train perplexity: 2.4461
Train accuracy: 78.7503
Validation perplexity: 6.31663
Validation accuracy: 68.7243
Decaying learning rate to 0.25

Epoch 10,    50/  454; acc:  83.12; ppl:   2.00; 5161 src tok/s; 5380 tgt tok/s;      8 s elapsed
Epoch 10,   100/  454; acc:  83.41; ppl:   1.96; 5346 src tok/s; 5502 tgt tok/s;     16 s elapsed
Epoch 10,   150/  454; acc:  83.31; ppl:   1.99; 5289 src tok/s; 5483 tgt tok/s;     24 s elapsed
Epoch 10,   200/  454; acc:  82.86; ppl:   2.03; 5201 src tok/s; 5386 tgt tok/s;     32 s elapsed
Epoch 10,   250/  454; acc:  83.99; ppl:   1.91; 5180 src tok/s; 5426 tgt tok/s;     40 s elapsed
Epoch 10,   300/  454; acc:  81.94; ppl:   2.12; 5102 src tok/s; 5281 tgt tok/s;     48 s elapsed
Epoch 10,   350/  454; acc:  82.46; ppl:   2.05; 5040 src tok/s; 5236 tgt tok/s;     56 s elapsed
Epoch 10,   400/  454; acc:  82.88; ppl:   2.00; 5359 src tok/s; 5562 tgt tok/s;     64 s elapsed
Epoch 10,   450/  454; acc:  82.66; ppl:   2.05; 5393 src tok/s; 5593 tgt tok/s;     72 s elapsed
Train perplexity: 2.00874
Train accuracy: 82.9708
Validation perplexity: 6.40332
Validation accuracy: 68.9868
Decaying learning rate to 0.125

Epoch 11,    50/  454; acc:  85.55; ppl:   1.80; 5292 src tok/s; 5461 tgt tok/s;      8 s elapsed
Epoch 11,   100/  454; acc:  85.14; ppl:   1.83; 5181 src tok/s; 5396 tgt tok/s;     16 s elapsed
Epoch 11,   150/  454; acc:  85.73; ppl:   1.79; 5124 src tok/s; 5349 tgt tok/s;     24 s elapsed
Epoch 11,   200/  454; acc:  85.35; ppl:   1.82; 5190 src tok/s; 5402 tgt tok/s;     32 s elapsed
Epoch 11,   250/  454; acc:  85.26; ppl:   1.81; 5187 src tok/s; 5368 tgt tok/s;     41 s elapsed
Epoch 11,   300/  454; acc:  85.52; ppl:   1.80; 5094 src tok/s; 5317 tgt tok/s;     49 s elapsed
Epoch 11,   350/  454; acc:  85.51; ppl:   1.81; 5217 src tok/s; 5416 tgt tok/s;     57 s elapsed
Epoch 11,   400/  454; acc:  84.83; ppl:   1.85; 5129 src tok/s; 5301 tgt tok/s;     65 s elapsed
Epoch 11,   450/  454; acc:  85.02; ppl:   1.86; 5222 src tok/s; 5388 tgt tok/s;     73 s elapsed
Train perplexity: 1.81573
Train accuracy: 85.3421
Validation perplexity: 6.49991
Validation accuracy: 69.1074
Decaying learning rate to 0.0625

Epoch 12,    50/  454; acc:  87.34; ppl:   1.66; 5170 src tok/s; 5405 tgt tok/s;      8 s elapsed
Epoch 12,   100/  454; acc:  86.04; ppl:   1.79; 5147 src tok/s; 5317 tgt tok/s;     16 s elapsed
Epoch 12,   150/  454; acc:  86.05; ppl:   1.79; 5209 src tok/s; 5379 tgt tok/s;     25 s elapsed
Epoch 12,   200/  454; acc:  87.85; ppl:   1.64; 5227 src tok/s; 5469 tgt tok/s;     32 s elapsed
Epoch 12,   250/  454; acc:  86.80; ppl:   1.71; 5126 src tok/s; 5331 tgt tok/s;     40 s elapsed
Epoch 12,   300/  454; acc:  86.15; ppl:   1.75; 5203 src tok/s; 5380 tgt tok/s;     49 s elapsed
Epoch 12,   350/  454; acc:  85.55; ppl:   1.82; 5247 src tok/s; 5441 tgt tok/s;     57 s elapsed
Epoch 12,   400/  454; acc:  87.35; ppl:   1.66; 5311 src tok/s; 5511 tgt tok/s;     64 s elapsed
Epoch 12,   450/  454; acc:  86.08; ppl:   1.77; 5187 src tok/s; 5368 tgt tok/s;     72 s elapsed
Train perplexity: 1.72942
Train accuracy: 86.5806
Validation perplexity: 6.61048
Validation accuracy: 69.0507
Decaying learning rate to 0.03125

Epoch 13,    50/  454; acc:  87.34; ppl:   1.67; 5155 src tok/s; 5346 tgt tok/s;      8 s elapsed
Epoch 13,   100/  454; acc:  87.45; ppl:   1.68; 5157 src tok/s; 5355 tgt tok/s;     16 s elapsed
Epoch 13,   150/  454; acc:  86.46; ppl:   1.75; 5309 src tok/s; 5465 tgt tok/s;     25 s elapsed
Epoch 13,   200/  454; acc:  88.09; ppl:   1.60; 5124 src tok/s; 5348 tgt tok/s;     32 s elapsed
Epoch 13,   250/  454; acc:  85.31; ppl:   1.84; 5246 src tok/s; 5402 tgt tok/s;     41 s elapsed
Epoch 13,   300/  454; acc:  88.86; ppl:   1.56; 5188 src tok/s; 5445 tgt tok/s;     48 s elapsed
Epoch 13,   350/  454; acc:  86.48; ppl:   1.75; 5165 src tok/s; 5359 tgt tok/s;     57 s elapsed
Epoch 13,   400/  454; acc:  87.75; ppl:   1.63; 5194 src tok/s; 5387 tgt tok/s;     65 s elapsed
Epoch 13,   450/  454; acc:  86.82; ppl:   1.70; 5099 src tok/s; 5307 tgt tok/s;     73 s elapsed
Train perplexity: 1.68604
Train accuracy: 87.1432
Validation perplexity: 6.66674
Validation accuracy: 69.0223
Decaying learning rate to 0.015625

Epoch 14,    50/  454; acc:  88.09; ppl:   1.61; 5232 src tok/s; 5452 tgt tok/s;      8 s elapsed
Epoch 14,   100/  454; acc:  86.65; ppl:   1.72; 5290 src tok/s; 5474 tgt tok/s;     16 s elapsed
Epoch 14,   150/  454; acc:  87.69; ppl:   1.65; 5178 src tok/s; 5362 tgt tok/s;     24 s elapsed
Epoch 14,   200/  454; acc:  87.31; ppl:   1.68; 5249 src tok/s; 5430 tgt tok/s;     32 s elapsed
Epoch 14,   250/  454; acc:  87.75; ppl:   1.63; 5266 src tok/s; 5476 tgt tok/s;     40 s elapsed
Epoch 14,   300/  454; acc:  87.10; ppl:   1.70; 5163 src tok/s; 5380 tgt tok/s;     48 s elapsed
Epoch 14,   350/  454; acc:  88.02; ppl:   1.63; 5201 src tok/s; 5428 tgt tok/s;     56 s elapsed
Epoch 14,   400/  454; acc:  87.00; ppl:   1.71; 5177 src tok/s; 5348 tgt tok/s;     64 s elapsed
Epoch 14,   450/  454; acc:  87.45; ppl:   1.67; 5191 src tok/s; 5370 tgt tok/s;     72 s elapsed
Train perplexity: 1.6661
Train accuracy: 87.4636
Validation perplexity: 6.70578
Validation accuracy: 69.0507
Decaying learning rate to 0.0078125

Epoch 15,    50/  454; acc:  87.16; ppl:   1.68; 5250 src tok/s; 5434 tgt tok/s;      8 s elapsed
Epoch 15,   100/  454; acc:  88.04; ppl:   1.62; 5029 src tok/s; 5242 tgt tok/s;     16 s elapsed
Epoch 15,   150/  454; acc:  87.92; ppl:   1.62; 5248 src tok/s; 5485 tgt tok/s;     24 s elapsed
Epoch 15,   200/  454; acc:  87.19; ppl:   1.70; 5207 src tok/s; 5396 tgt tok/s;     32 s elapsed
Epoch 15,   250/  454; acc:  88.21; ppl:   1.59; 5023 src tok/s; 5230 tgt tok/s;     41 s elapsed
Epoch 15,   300/  454; acc:  87.05; ppl:   1.70; 5297 src tok/s; 5512 tgt tok/s;     49 s elapsed
Epoch 15,   350/  454; acc:  86.77; ppl:   1.73; 5389 src tok/s; 5558 tgt tok/s;     57 s elapsed
Epoch 15,   400/  454; acc:  88.57; ppl:   1.58; 5471 src tok/s; 5654 tgt tok/s;     64 s elapsed
Epoch 15,   450/  454; acc:  87.16; ppl:   1.68; 5294 src tok/s; 5494 tgt tok/s;     72 s elapsed
Train perplexity: 1.65627
Train accuracy: 87.5528
Validation perplexity: 6.71566
Validation accuracy: 68.9655
Decaying learning rate to 0.00390625

Epoch 16,    50/  454; acc:  88.10; ppl:   1.61; 5146 src tok/s; 5354 tgt tok/s;      8 s elapsed
Epoch 16,   100/  454; acc:  87.07; ppl:   1.71; 5257 src tok/s; 5407 tgt tok/s;     16 s elapsed
Epoch 16,   150/  454; acc:  87.19; ppl:   1.69; 5212 src tok/s; 5408 tgt tok/s;     24 s elapsed
Epoch 16,   200/  454; acc:  88.24; ppl:   1.62; 5310 src tok/s; 5505 tgt tok/s;     32 s elapsed
Epoch 16,   250/  454; acc:  87.19; ppl:   1.69; 5286 src tok/s; 5466 tgt tok/s;     40 s elapsed
Epoch 16,   300/  454; acc:  88.34; ppl:   1.61; 5063 src tok/s; 5278 tgt tok/s;     48 s elapsed
Epoch 16,   350/  454; acc:  87.74; ppl:   1.64; 5080 src tok/s; 5308 tgt tok/s;     56 s elapsed
Epoch 16,   400/  454; acc:  88.00; ppl:   1.62; 5135 src tok/s; 5337 tgt tok/s;     65 s elapsed
Epoch 16,   450/  454; acc:  87.50; ppl:   1.67; 5003 src tok/s; 5198 tgt tok/s;     73 s elapsed
Train perplexity: 1.65133
Train accuracy: 87.7015
Validation perplexity: 6.72533
Validation accuracy: 68.9513
Decaying learning rate to 0.00195312

Epoch 17,    50/  454; acc:  88.10; ppl:   1.61; 5168 src tok/s; 5390 tgt tok/s;      8 s elapsed
Epoch 17,   100/  454; acc:  86.93; ppl:   1.69; 5241 src tok/s; 5422 tgt tok/s;     16 s elapsed
Epoch 17,   150/  454; acc:  87.52; ppl:   1.66; 5224 src tok/s; 5412 tgt tok/s;     24 s elapsed
Epoch 17,   200/  454; acc:  88.18; ppl:   1.63; 5257 src tok/s; 5446 tgt tok/s;     32 s elapsed
Epoch 17,   250/  454; acc:  87.95; ppl:   1.63; 5191 src tok/s; 5379 tgt tok/s;     40 s elapsed
Epoch 17,   300/  454; acc:  87.03; ppl:   1.71; 5075 src tok/s; 5268 tgt tok/s;     48 s elapsed
Epoch 17,   350/  454; acc:  87.63; ppl:   1.64; 5155 src tok/s; 5352 tgt tok/s;     57 s elapsed
Epoch 17,   400/  454; acc:  87.84; ppl:   1.64; 5304 src tok/s; 5498 tgt tok/s;     65 s elapsed
Epoch 17,   450/  454; acc:  87.77; ppl:   1.64; 5058 src tok/s; 5280 tgt tok/s;     73 s elapsed
Train perplexity: 1.64952
Train accuracy: 87.6594
Validation perplexity: 6.72979
Validation accuracy: 68.9655
Decaying learning rate to 0.000976562
