<module 'opts' from '/u/suhubdyd/research/projects/jumble_lstm/code/auxiliary-nmt/opts.pyc'>
Namespace(batch_size=64, brnn=False, brnn_merge='concat', cnn_kernel_width=3, context_gate=None, copy_attn=False, copy_attn_force=False, coverage_attn=False, data='/data/lisatmp3/suhubdyd/multi30k.atok.low', dec_layers=1, decay_method='', decoder_type='rnn', dropout=0.3, enc_layers=2, encoder_type='rnn', epochs=17, exp='', exp_host='', feat_merge='concat', feat_vec_exponent=0.7, feat_vec_size=-1, fix_word_vecs_dec=False, fix_word_vecs_enc=False, global_attention='general', gpuid=[0], input_feed=1, kappa_dec=0.0, kappa_enc=0.0, lambda_coverage=1, layers=-1, learning_rate=1.0, learning_rate_decay=0.5, max_generator_batches=32, max_grad_norm=5, model_type='text', optim='sgd', param_init=0.1, position_encoding=False, pre_word_vecs_dec=None, pre_word_vecs_enc=None, report_every=50, rnn_size=500, rnn_type='LSTM', save_model='/data/lisatmp3/suhubdyd/models/seeds/encoder0decoder0dropout0.3wdropFalseseed2', seed=2, share_decoder_embeddings=False, share_embeddings=False, src_word_vec_size=500, start_checkpoint_at=0, start_decay_at=8, start_epoch=1, tgt_word_vec_size=500, train_from='', truncated_decoder=0, warmup_steps=4000, weightdropout=False, word_vec_size=-1)
Loading train and validate data from '/data/lisatmp3/suhubdyd/multi30k.atok.low'
 * number of training sentences: 29000
 * maximum batch size: 64
 * vocabulary size. source = 10841; target = 18563
Building model...
Intializing model parameters.
NMTModel (
  (encoder): RNNEncoder (
    (embeddings): Embeddings (
      (make_embedding): Sequential (
        (emb_luts): Elementwise (
          (0): Embedding(10841, 500, padding_idx=1)
        )
      )
    )
    (dropout): Dropout (p = 0.3)
    (rnn): LSTM(500, 500, dropout=0.3)
  )
  (decoder): InputFeedRNNDecoder (
    (embeddings): Embeddings (
      (make_embedding): Sequential (
        (emb_luts): Elementwise (
          (0): Embedding(18563, 500, padding_idx=1)
        )
      )
    )
    (dropout): Dropout (p = 0.3)
    (rnn): StackedLSTM (
      (dropout): Dropout (p = 0.3)
      (layers): ModuleList (
        (0): LSTMCell(1000, 500)
      )
    )
    (attn): GlobalAttention (
      (linear_in): Linear (500 -> 500)
      (linear_out): Linear (1000 -> 500)
      (sm): Softmax ()
      (tanh): Tanh ()
    )
  )
  (generator): Sequential (
    (0): Linear (500 -> 18563)
    (1): LogSoftmax ()
  )
)
* number of parameters: 29760063
('encoder: ', 7424500)
('decoder: ', 22335563)

Epoch  1,    50/  454; acc:   9.21; ppl: 18407.91; 4860 src tok/s; 5054 tgt tok/s;      8 s elapsed
Epoch  1,   100/  454; acc:  14.40; ppl: 1508.20; 5948 src tok/s; 6169 tgt tok/s;     16 s elapsed
Epoch  1,   150/  454; acc:  15.98; ppl: 1520.02; 5366 src tok/s; 5557 tgt tok/s;     24 s elapsed
Epoch  1,   200/  454; acc:  20.67; ppl: 298.25; 5232 src tok/s; 5463 tgt tok/s;     31 s elapsed
Epoch  1,   250/  454; acc:  24.21; ppl: 182.48; 5412 src tok/s; 5600 tgt tok/s;     39 s elapsed
Epoch  1,   300/  454; acc:  26.82; ppl: 134.61; 5290 src tok/s; 5468 tgt tok/s;     47 s elapsed
Epoch  1,   350/  454; acc:  30.21; ppl:  96.18; 5374 src tok/s; 5576 tgt tok/s;     55 s elapsed
Epoch  1,   400/  454; acc:  30.37; ppl:  86.60; 5303 src tok/s; 5529 tgt tok/s;     63 s elapsed
Epoch  1,   450/  454; acc:  32.19; ppl:  74.44; 5261 src tok/s; 5450 tgt tok/s;     71 s elapsed
Train perplexity: 382.867
Train accuracy: 22.716
Validation perplexity: 62.7851
Validation accuracy: 34.1777

Epoch  2,    50/  454; acc:  33.29; ppl:  62.86; 5348 src tok/s; 5523 tgt tok/s;      8 s elapsed
Epoch  2,   100/  454; acc:  36.24; ppl:  49.12; 5294 src tok/s; 5520 tgt tok/s;     16 s elapsed
Epoch  2,   150/  454; acc:  39.79; ppl:  41.69; 5116 src tok/s; 5309 tgt tok/s;     24 s elapsed
Epoch  2,   200/  454; acc:  40.94; ppl:  37.83; 5388 src tok/s; 5589 tgt tok/s;     32 s elapsed
Epoch  2,   250/  454; acc:  43.93; ppl:  30.97; 5305 src tok/s; 5481 tgt tok/s;     40 s elapsed
Epoch  2,   300/  454; acc:  47.10; ppl:  24.69; 5224 src tok/s; 5462 tgt tok/s;     48 s elapsed
Epoch  2,   350/  454; acc:  47.23; ppl:  24.86; 5278 src tok/s; 5447 tgt tok/s;     56 s elapsed
Epoch  2,   400/  454; acc:  50.78; ppl:  19.84; 5316 src tok/s; 5569 tgt tok/s;     64 s elapsed
Epoch  2,   450/  454; acc:  51.25; ppl:  19.12; 5200 src tok/s; 5373 tgt tok/s;     71 s elapsed
Train perplexity: 31.885
Train accuracy: 43.4537
Validation perplexity: 16.8739
Validation accuracy: 53.4341

Epoch  3,    50/  454; acc:  53.60; ppl:  15.57; 5266 src tok/s; 5472 tgt tok/s;      8 s elapsed
Epoch  3,   100/  454; acc:  54.54; ppl:  14.62; 5308 src tok/s; 5528 tgt tok/s;     16 s elapsed
Epoch  3,   150/  454; acc:  54.10; ppl:  14.62; 5268 src tok/s; 5469 tgt tok/s;     24 s elapsed
Epoch  3,   200/  454; acc:  56.30; ppl:  12.78; 5368 src tok/s; 5581 tgt tok/s;     32 s elapsed
Epoch  3,   250/  454; acc:  56.10; ppl:  13.22; 5308 src tok/s; 5505 tgt tok/s;     40 s elapsed
Epoch  3,   300/  454; acc:  57.73; ppl:  11.86; 5337 src tok/s; 5553 tgt tok/s;     47 s elapsed
Epoch  3,   350/  454; acc:  57.61; ppl:  12.06; 5294 src tok/s; 5505 tgt tok/s;     55 s elapsed
Epoch  3,   400/  454; acc:  58.59; ppl:  11.20; 5276 src tok/s; 5450 tgt tok/s;     63 s elapsed
Epoch  3,   450/  454; acc:  58.99; ppl:  10.79; 5284 src tok/s; 5453 tgt tok/s;     71 s elapsed
Train perplexity: 12.863
Train accuracy: 56.4112
Validation perplexity: 9.87264
Validation accuracy: 61.3098

Epoch  4,    50/  454; acc:  61.70; ppl:   8.58; 5239 src tok/s; 5423 tgt tok/s;      8 s elapsed
Epoch  4,   100/  454; acc:  61.13; ppl:   8.76; 5326 src tok/s; 5519 tgt tok/s;     16 s elapsed
Epoch  4,   150/  454; acc:  62.91; ppl:   7.88; 5167 src tok/s; 5449 tgt tok/s;     23 s elapsed
Epoch  4,   200/  454; acc:  59.64; ppl:   9.55; 5260 src tok/s; 5398 tgt tok/s;     32 s elapsed
Epoch  4,   250/  454; acc:  63.37; ppl:   7.77; 5368 src tok/s; 5602 tgt tok/s;     39 s elapsed
Epoch  4,   300/  454; acc:  61.39; ppl:   8.78; 5346 src tok/s; 5504 tgt tok/s;     48 s elapsed
Epoch  4,   350/  454; acc:  61.91; ppl:   8.37; 5281 src tok/s; 5456 tgt tok/s;     56 s elapsed
Epoch  4,   400/  454; acc:  62.95; ppl:   7.98; 5345 src tok/s; 5588 tgt tok/s;     63 s elapsed
Epoch  4,   450/  454; acc:  62.61; ppl:   7.89; 5227 src tok/s; 5447 tgt tok/s;     71 s elapsed
Train perplexity: 8.41467
Train accuracy: 61.8844
Validation perplexity: 8.55004
Validation accuracy: 62.0193

Epoch  5,    50/  454; acc:  65.20; ppl:   6.31; 5203 src tok/s; 5421 tgt tok/s;      8 s elapsed
Epoch  5,   100/  454; acc:  65.40; ppl:   6.29; 5305 src tok/s; 5500 tgt tok/s;     16 s elapsed
Epoch  5,   150/  454; acc:  63.46; ppl:   7.02; 5306 src tok/s; 5447 tgt tok/s;     25 s elapsed
Epoch  5,   200/  454; acc:  66.86; ppl:   5.79; 5326 src tok/s; 5601 tgt tok/s;     32 s elapsed
Epoch  5,   250/  454; acc:  65.70; ppl:   6.19; 5381 src tok/s; 5580 tgt tok/s;     39 s elapsed
Epoch  5,   300/  454; acc:  65.22; ppl:   6.39; 5284 src tok/s; 5473 tgt tok/s;     47 s elapsed
Epoch  5,   350/  454; acc:  64.47; ppl:   6.62; 5170 src tok/s; 5375 tgt tok/s;     56 s elapsed
Epoch  5,   400/  454; acc:  65.20; ppl:   6.39; 5238 src tok/s; 5422 tgt tok/s;     64 s elapsed
Epoch  5,   450/  454; acc:  64.95; ppl:   6.51; 5237 src tok/s; 5425 tgt tok/s;     72 s elapsed
Train perplexity: 6.3774
Train accuracy: 65.1729
Validation perplexity: 7.29291
Validation accuracy: 64.9638

Epoch  6,    50/  454; acc:  67.20; ppl:   5.32; 5217 src tok/s; 5364 tgt tok/s;      8 s elapsed
Epoch  6,   100/  454; acc:  68.67; ppl:   4.82; 5379 src tok/s; 5620 tgt tok/s;     16 s elapsed
Epoch  6,   150/  454; acc:  68.51; ppl:   4.91; 5234 src tok/s; 5447 tgt tok/s;     24 s elapsed
Epoch  6,   200/  454; acc:  67.62; ppl:   5.17; 5225 src tok/s; 5424 tgt tok/s;     32 s elapsed
Epoch  6,   250/  454; acc:  67.86; ppl:   5.21; 5295 src tok/s; 5517 tgt tok/s;     40 s elapsed
Epoch  6,   300/  454; acc:  67.35; ppl:   5.22; 5356 src tok/s; 5545 tgt tok/s;     48 s elapsed
Epoch  6,   350/  454; acc:  68.49; ppl:   4.93; 5149 src tok/s; 5386 tgt tok/s;     55 s elapsed
Epoch  6,   400/  454; acc:  66.92; ppl:   5.49; 5329 src tok/s; 5475 tgt tok/s;     64 s elapsed
Epoch  6,   450/  454; acc:  67.35; ppl:   5.26; 5291 src tok/s; 5498 tgt tok/s;     72 s elapsed
Train perplexity: 5.14257
Train accuracy: 67.7781
Validation perplexity: 6.78697
Validation accuracy: 66.1274

Epoch  7,    50/  454; acc:  70.99; ppl:   4.12; 5192 src tok/s; 5406 tgt tok/s;      8 s elapsed
Epoch  7,   100/  454; acc:  70.30; ppl:   4.23; 5358 src tok/s; 5562 tgt tok/s;     16 s elapsed
Epoch  7,   150/  454; acc:  69.12; ppl:   4.58; 5368 src tok/s; 5537 tgt tok/s;     24 s elapsed
Epoch  7,   200/  454; acc:  71.54; ppl:   3.93; 5416 src tok/s; 5654 tgt tok/s;     31 s elapsed
Epoch  7,   250/  454; acc:  69.61; ppl:   4.36; 5314 src tok/s; 5498 tgt tok/s;     39 s elapsed
Epoch  7,   300/  454; acc:  69.84; ppl:   4.30; 5259 src tok/s; 5467 tgt tok/s;     47 s elapsed
Epoch  7,   350/  454; acc:  69.44; ppl:   4.47; 5351 src tok/s; 5544 tgt tok/s;     55 s elapsed
Epoch  7,   400/  454; acc:  69.82; ppl:   4.36; 5266 src tok/s; 5472 tgt tok/s;     63 s elapsed
Epoch  7,   450/  454; acc:  69.19; ppl:   4.51; 5119 src tok/s; 5318 tgt tok/s;     71 s elapsed
Train perplexity: 4.31623
Train accuracy: 69.9733
Validation perplexity: 6.62464
Validation accuracy: 67.0924

Epoch  8,    50/  454; acc:  73.00; ppl:   3.50; 5154 src tok/s; 5370 tgt tok/s;      8 s elapsed
Epoch  8,   100/  454; acc:  72.48; ppl:   3.59; 5403 src tok/s; 5571 tgt tok/s;     16 s elapsed
Epoch  8,   150/  454; acc:  71.75; ppl:   3.66; 5277 src tok/s; 5472 tgt tok/s;     24 s elapsed
Epoch  8,   200/  454; acc:  71.79; ppl:   3.73; 5368 src tok/s; 5568 tgt tok/s;     32 s elapsed
Epoch  8,   250/  454; acc:  71.00; ppl:   3.92; 5301 src tok/s; 5483 tgt tok/s;     40 s elapsed
Epoch  8,   300/  454; acc:  72.07; ppl:   3.65; 5240 src tok/s; 5478 tgt tok/s;     48 s elapsed
Epoch  8,   350/  454; acc:  70.34; ppl:   4.02; 5302 src tok/s; 5491 tgt tok/s;     56 s elapsed
Epoch  8,   400/  454; acc:  72.21; ppl:   3.64; 5224 src tok/s; 5451 tgt tok/s;     64 s elapsed
Epoch  8,   450/  454; acc:  70.41; ppl:   3.99; 5364 src tok/s; 5541 tgt tok/s;     71 s elapsed
Train perplexity: 3.74218
Train accuracy: 71.6626
Validation perplexity: 6.50381
Validation accuracy: 67.1704
Decaying learning rate to 0.5

Epoch  9,    50/  454; acc:  75.32; ppl:   3.01; 5245 src tok/s; 5396 tgt tok/s;      8 s elapsed
Epoch  9,   100/  454; acc:  77.38; ppl:   2.69; 5266 src tok/s; 5486 tgt tok/s;     16 s elapsed
Epoch  9,   150/  454; acc:  76.67; ppl:   2.80; 5268 src tok/s; 5460 tgt tok/s;     24 s elapsed
Epoch  9,   200/  454; acc:  76.37; ppl:   2.79; 5289 src tok/s; 5472 tgt tok/s;     32 s elapsed
Epoch  9,   250/  454; acc:  76.26; ppl:   2.90; 5368 src tok/s; 5543 tgt tok/s;     40 s elapsed
Epoch  9,   300/  454; acc:  77.27; ppl:   2.65; 5231 src tok/s; 5466 tgt tok/s;     48 s elapsed
Epoch  9,   350/  454; acc:  76.12; ppl:   2.86; 5404 src tok/s; 5590 tgt tok/s;     56 s elapsed
Epoch  9,   400/  454; acc:  76.41; ppl:   2.84; 5165 src tok/s; 5416 tgt tok/s;     64 s elapsed
Epoch  9,   450/  454; acc:  76.50; ppl:   2.83; 5128 src tok/s; 5325 tgt tok/s;     72 s elapsed
Train perplexity: 2.81691
Train accuracy: 76.4939
Validation perplexity: 6.06806
Validation accuracy: 69.0649
Decaying learning rate to 0.25

Epoch 10,    50/  454; acc:  79.82; ppl:   2.38; 5342 src tok/s; 5516 tgt tok/s;      8 s elapsed
Epoch 10,   100/  454; acc:  80.44; ppl:   2.27; 5297 src tok/s; 5537 tgt tok/s;     16 s elapsed
Epoch 10,   150/  454; acc:  81.26; ppl:   2.19; 5324 src tok/s; 5543 tgt tok/s;     23 s elapsed
Epoch 10,   200/  454; acc:  79.24; ppl:   2.45; 5276 src tok/s; 5434 tgt tok/s;     32 s elapsed
Epoch 10,   250/  454; acc:  79.30; ppl:   2.44; 5324 src tok/s; 5469 tgt tok/s;     40 s elapsed
Epoch 10,   300/  454; acc:  80.56; ppl:   2.28; 5143 src tok/s; 5383 tgt tok/s;     48 s elapsed
Epoch 10,   350/  454; acc:  81.45; ppl:   2.20; 5243 src tok/s; 5512 tgt tok/s;     55 s elapsed
Epoch 10,   400/  454; acc:  78.87; ppl:   2.48; 5295 src tok/s; 5454 tgt tok/s;     64 s elapsed
Epoch 10,   450/  454; acc:  79.53; ppl:   2.39; 5288 src tok/s; 5499 tgt tok/s;     71 s elapsed
Train perplexity: 2.34227
Train accuracy: 80.021
Validation perplexity: 6.06494
Validation accuracy: 69.4409
Decaying learning rate to 0.125

Epoch 11,    50/  454; acc:  82.50; ppl:   2.07; 5187 src tok/s; 5382 tgt tok/s;      8 s elapsed
Epoch 11,   100/  454; acc:  82.00; ppl:   2.14; 5239 src tok/s; 5449 tgt tok/s;     16 s elapsed
Epoch 11,   150/  454; acc:  82.08; ppl:   2.11; 5231 src tok/s; 5421 tgt tok/s;     24 s elapsed
Epoch 11,   200/  454; acc:  82.25; ppl:   2.11; 5321 src tok/s; 5526 tgt tok/s;     32 s elapsed
Epoch 11,   250/  454; acc:  81.73; ppl:   2.17; 5370 src tok/s; 5559 tgt tok/s;     40 s elapsed
Epoch 11,   300/  454; acc:  82.20; ppl:   2.10; 5410 src tok/s; 5612 tgt tok/s;     48 s elapsed
Epoch 11,   350/  454; acc:  81.75; ppl:   2.15; 5335 src tok/s; 5537 tgt tok/s;     55 s elapsed
Epoch 11,   400/  454; acc:  82.06; ppl:   2.10; 5330 src tok/s; 5535 tgt tok/s;     63 s elapsed
Epoch 11,   450/  454; acc:  81.88; ppl:   2.11; 5124 src tok/s; 5336 tgt tok/s;     71 s elapsed
Train perplexity: 2.11844
Train accuracy: 82.0466
Validation perplexity: 6.18544
Validation accuracy: 69.6396
Decaying learning rate to 0.0625

Epoch 12,    50/  454; acc:  84.00; ppl:   1.93; 5231 src tok/s; 5458 tgt tok/s;      8 s elapsed
Epoch 12,   100/  454; acc:  82.26; ppl:   2.12; 5379 src tok/s; 5549 tgt tok/s;     16 s elapsed
Epoch 12,   150/  454; acc:  84.88; ppl:   1.87; 5320 src tok/s; 5564 tgt tok/s;     23 s elapsed
Epoch 12,   200/  454; acc:  81.88; ppl:   2.14; 5252 src tok/s; 5426 tgt tok/s;     32 s elapsed
Epoch 12,   250/  454; acc:  83.24; ppl:   1.98; 5231 src tok/s; 5458 tgt tok/s;     39 s elapsed
Epoch 12,   300/  454; acc:  82.83; ppl:   2.06; 5341 src tok/s; 5504 tgt tok/s;     48 s elapsed
Epoch 12,   350/  454; acc:  82.54; ppl:   2.04; 5246 src tok/s; 5426 tgt tok/s;     56 s elapsed
Epoch 12,   400/  454; acc:  83.26; ppl:   1.97; 5258 src tok/s; 5464 tgt tok/s;     64 s elapsed
Epoch 12,   450/  454; acc:  82.85; ppl:   2.06; 5273 src tok/s; 5483 tgt tok/s;     72 s elapsed
Train perplexity: 2.01814
Train accuracy: 83.0658
Validation perplexity: 6.21643
Validation accuracy: 69.6679
Decaying learning rate to 0.03125

Epoch 13,    50/  454; acc:  83.12; ppl:   2.00; 5351 src tok/s; 5525 tgt tok/s;      8 s elapsed
Epoch 13,   100/  454; acc:  84.04; ppl:   1.93; 5361 src tok/s; 5577 tgt tok/s;     16 s elapsed
Epoch 13,   150/  454; acc:  84.49; ppl:   1.90; 5247 src tok/s; 5464 tgt tok/s;     23 s elapsed
Epoch 13,   200/  454; acc:  83.14; ppl:   1.99; 5387 src tok/s; 5550 tgt tok/s;     31 s elapsed
Epoch 13,   250/  454; acc:  83.62; ppl:   1.96; 5269 src tok/s; 5483 tgt tok/s;     39 s elapsed
Epoch 13,   300/  454; acc:  83.16; ppl:   2.03; 5229 src tok/s; 5413 tgt tok/s;     47 s elapsed
Epoch 13,   350/  454; acc:  83.20; ppl:   2.01; 5287 src tok/s; 5476 tgt tok/s;     56 s elapsed
Epoch 13,   400/  454; acc:  83.97; ppl:   1.92; 5342 src tok/s; 5580 tgt tok/s;     63 s elapsed
Epoch 13,   450/  454; acc:  83.21; ppl:   2.00; 5195 src tok/s; 5396 tgt tok/s;     71 s elapsed
Train perplexity: 1.96848
Train accuracy: 83.5525
Validation perplexity: 6.25397
Validation accuracy: 69.7318
Decaying learning rate to 0.015625

Epoch 14,    50/  454; acc:  84.58; ppl:   1.89; 5325 src tok/s; 5553 tgt tok/s;      8 s elapsed
Epoch 14,   100/  454; acc:  83.45; ppl:   1.99; 5306 src tok/s; 5495 tgt tok/s;     16 s elapsed
Epoch 14,   150/  454; acc:  84.24; ppl:   1.91; 5348 src tok/s; 5549 tgt tok/s;     23 s elapsed
Epoch 14,   200/  454; acc:  83.21; ppl:   2.02; 5331 src tok/s; 5511 tgt tok/s;     32 s elapsed
Epoch 14,   250/  454; acc:  83.37; ppl:   1.99; 5242 src tok/s; 5434 tgt tok/s;     40 s elapsed
Epoch 14,   300/  454; acc:  84.57; ppl:   1.87; 5234 src tok/s; 5456 tgt tok/s;     48 s elapsed
Epoch 14,   350/  454; acc:  83.63; ppl:   1.97; 5304 src tok/s; 5494 tgt tok/s;     55 s elapsed
Epoch 14,   400/  454; acc:  84.31; ppl:   1.92; 5383 src tok/s; 5590 tgt tok/s;     63 s elapsed
Epoch 14,   450/  454; acc:  83.42; ppl:   1.95; 5244 src tok/s; 5434 tgt tok/s;     71 s elapsed
Train perplexity: 1.94621
Train accuracy: 83.8541
Validation perplexity: 6.29444
Validation accuracy: 69.6892
Decaying learning rate to 0.0078125

Epoch 15,    50/  454; acc:  84.49; ppl:   1.89; 5105 src tok/s; 5340 tgt tok/s;      8 s elapsed
Epoch 15,   100/  454; acc:  83.53; ppl:   1.97; 5384 src tok/s; 5535 tgt tok/s;     16 s elapsed
Epoch 15,   150/  454; acc:  83.36; ppl:   2.01; 5400 src tok/s; 5582 tgt tok/s;     24 s elapsed
Epoch 15,   200/  454; acc:  84.53; ppl:   1.89; 5284 src tok/s; 5500 tgt tok/s;     32 s elapsed
Epoch 15,   250/  454; acc:  84.03; ppl:   1.93; 5198 src tok/s; 5368 tgt tok/s;     40 s elapsed
Epoch 15,   300/  454; acc:  84.27; ppl:   1.91; 5331 src tok/s; 5568 tgt tok/s;     48 s elapsed
Epoch 15,   350/  454; acc:  83.51; ppl:   1.96; 5393 src tok/s; 5608 tgt tok/s;     55 s elapsed
Epoch 15,   400/  454; acc:  84.25; ppl:   1.89; 5319 src tok/s; 5525 tgt tok/s;     63 s elapsed
Epoch 15,   450/  454; acc:  84.24; ppl:   1.91; 5216 src tok/s; 5414 tgt tok/s;     71 s elapsed
Train perplexity: 1.93034
Train accuracy: 84.0073
Validation perplexity: 6.30496
Validation accuracy: 69.675
Decaying learning rate to 0.00390625

Epoch 16,    50/  454; acc:  83.57; ppl:   1.98; 5140 src tok/s; 5328 tgt tok/s;      8 s elapsed
Epoch 16,   100/  454; acc:  84.34; ppl:   1.89; 5296 src tok/s; 5495 tgt tok/s;     16 s elapsed
Epoch 16,   150/  454; acc:  84.48; ppl:   1.90; 5378 src tok/s; 5566 tgt tok/s;     24 s elapsed
Epoch 16,   200/  454; acc:  83.93; ppl:   1.95; 5367 src tok/s; 5569 tgt tok/s;     32 s elapsed
Epoch 16,   250/  454; acc:  84.59; ppl:   1.86; 5263 src tok/s; 5505 tgt tok/s;     40 s elapsed
Epoch 16,   300/  454; acc:  83.41; ppl:   2.00; 5344 src tok/s; 5549 tgt tok/s;     48 s elapsed
Epoch 16,   350/  454; acc:  83.82; ppl:   1.96; 5329 src tok/s; 5498 tgt tok/s;     56 s elapsed
Epoch 16,   400/  454; acc:  85.11; ppl:   1.87; 5288 src tok/s; 5509 tgt tok/s;     63 s elapsed
Epoch 16,   450/  454; acc:  84.28; ppl:   1.91; 5264 src tok/s; 5457 tgt tok/s;     71 s elapsed
Train perplexity: 1.92656
Train accuracy: 84.1593
Validation perplexity: 6.31265
Validation accuracy: 69.6679
Decaying learning rate to 0.00195312

Epoch 17,    50/  454; acc:  83.51; ppl:   1.97; 5154 src tok/s; 5356 tgt tok/s;      8 s elapsed
Epoch 17,   100/  454; acc:  84.37; ppl:   1.89; 5276 src tok/s; 5489 tgt tok/s;     16 s elapsed
Epoch 17,   150/  454; acc:  85.32; ppl:   1.82; 5329 src tok/s; 5586 tgt tok/s;     24 s elapsed
Epoch 17,   200/  454; acc:  83.56; ppl:   2.00; 5407 src tok/s; 5549 tgt tok/s;     32 s elapsed
Epoch 17,   250/  454; acc:  85.13; ppl:   1.82; 5200 src tok/s; 5429 tgt tok/s;     40 s elapsed
Epoch 17,   300/  454; acc:  82.96; ppl:   2.05; 5323 src tok/s; 5491 tgt tok/s;     48 s elapsed
Epoch 17,   350/  454; acc:  85.14; ppl:   1.81; 5257 src tok/s; 5511 tgt tok/s;     55 s elapsed
Epoch 17,   400/  454; acc:  83.06; ppl:   2.03; 5349 src tok/s; 5514 tgt tok/s;     64 s elapsed
Epoch 17,   450/  454; acc:  85.03; ppl:   1.85; 5303 src tok/s; 5517 tgt tok/s;     71 s elapsed
Train perplexity: 1.9258
Train accuracy: 84.1284
Validation perplexity: 6.31514
Validation accuracy: 69.6467
Decaying learning rate to 0.000976562
